#
# A fatal error has been detected by the Java Runtime Environment:
#
#  SIGSEGV (0xb) at pc=0x00007f9b198a0810, pid=7164, tid=0x00007f9afcb88ae0
#
# JRE version: OpenJDK Runtime Environment (8.0_212-b04) (build 1.8.0_212-b04)
# Java VM: OpenJDK 64-Bit Server VM (25.212-b04 mixed mode linux-amd64 compressed oops)
# Derivative: IcedTea 3.12.0
# Distribution: Custom build (Mon Aug 12 12:56:32 UTC 2019)
# Problematic frame:
# C  [ld-musl-x86_64.so.1+0x53810]  pthread_setname_np+0x5e
#
# Core dump written. Default location: /workdir/hadoop-hdds/server-scm/core or core.7164
#
# If you would like to submit a bug report, please include
# instructions on how to reproduce the bug and visit:
#   https://icedtea.classpath.org/bugzilla
#

---------------  T H R E A D  ---------------

Current thread is native thread

siginfo: si_signo: 11 (SIGSEGV), si_code: 1 (SEGV_MAPERR), si_addr: 0x0000000000000038

Registers:
RAX=0x00007f9afcb88ae0, RBX=0x0000000000000022, RCX=0x0000000000000000, RDX=0x0000000000000000
RSP=0x00007f9afcb88680, RBP=0x0000000000000000, RSI=0x0000000000000000, RDI=0xff73725e6f6c7463
R8 =0x0000000000000000, R9 =0x8080808080808080, R10=0xfefefefefefefeff, R11=0x0000000000000212
R12=0x0000557194226698, R13=0x000000000000000f, R14=0x00007f9afcb88ae0, R15=0x00007f9b19ad9ae8
RIP=0x00007f9b198a0810, EFLAGS=0x0000000000010202, CSGSFS=0x0000000000000033, ERR=0x0000000000000004
  TRAPNO=0x000000000000000e

Top of Stack: (sp=0x00007f9afcb88680)
0x00007f9afcb88680:   0000000000000000 0000000000000000
0x00007f9afcb88690:   0000000000000000 0000000000000000
0x00007f9afcb886a0:   0000000000000000 0000000000000000
0x00007f9afcb886b0:   0000000000000000 00005571942265c0
0x00007f9afcb886c0:   00007f9afcb88710 0000000000000000
0x00007f9afcb886d0:   0000557194226600 00007f9afd8a3ec9
0x00007f9afcb886e0:   0000000000000000 000055719421fd20
0x00007f9afcb886f0:   0000000000000000 00007f9afcb88760
0x00007f9afcb88700:   00007f9afcb88ae0 00007f9b19ad9ae8
0x00007f9afcb88710:   0000000000000000 00007f9b186d0f41
0x00007f9afcb88720:   0000000000000000 00007f9afcb88ae0
0x00007f9afcb88730:   0000000000000000 00007f9b1989f6c2
0x00007f9afcb88740:   0000000000000000 0000000000000000
0x00007f9afcb88750:   0000000000017000 00007f9b198a15b1
0x00007f9afcb88760:   0000000000000002 00007f9afcb88ac0
0x00007f9afcb88770:   00007f9afcb88790 0000000000000000
0x00007f9afcb88780:   0000000000000000 0000000000000000
0x00007f9afcb88790:   0000000000000002 0000000000000000
0x00007f9afcb887a0:   0000000000000000 0000000000000000
0x00007f9afcb887b0:   0000000000000000 0000000000000000
0x00007f9afcb887c0:   0000000000000000 0000000000000000
0x00007f9afcb887d0:   0000000000000000 0000000000000000
0x00007f9afcb887e0:   0000000000000000 0000000000000000
0x00007f9afcb887f0:   0000000000000000 0000000000000000
0x00007f9afcb88800:   0000000000000000 0000000000000000
0x00007f9afcb88810:   0000000000000000 0000000000000000
0x00007f9afcb88820:   0000000000000000 0000000000000000
0x00007f9afcb88830:   0000000000000000 0000000000000000
0x00007f9afcb88840:   0000000000000000 0000000000000000
0x00007f9afcb88850:   0000000000000000 0000000000000000
0x00007f9afcb88860:   0000000000000000 0000000000000000
0x00007f9afcb88870:   0000000000000000 0000000000000000 

Instructions: (pc=0x00007f9b198a0810)
0x00007f9b198a07f0:   31 d2 31 c0 4c 89 e6 bf 0f 00 00 00 e8 65 d8 fc
0x00007f9b198a0800:   ff 85 c0 89 c3 74 7e e8 25 a7 fc ff 8b 18 eb 75
0x00007f9b198a0810:   8b 4d 38 48 8d 5c 24 0e 48 8d 15 f2 92 03 00 be
0x00007f9b198a0820:   22 00 00 00 31 c0 48 89 df e8 35 68 ff ff 48 8d 

Register to memory mapping:

RAX=0x00007f9afcb88ae0 is an unknown value
RBX=0x0000000000000022 is an unknown value
RCX=0x0000000000000000 is an unknown value
RDX=0x0000000000000000 is an unknown value
RSP=0x00007f9afcb88680 is an unknown value
RBP=0x0000000000000000 is an unknown value
RSI=0x0000000000000000 is an unknown value
RDI=0xff73725e6f6c7463 is an unknown value
R8 =0x0000000000000000 is an unknown value
R9 =0x8080808080808080 is an unknown value
R10=0xfefefefefefefeff is an unknown value
R11=0x0000000000000212 is an unknown value
R12=0x0000557194226698 is an unknown value
R13=0x000000000000000f is an unknown value
R14=0x00007f9afcb88ae0 is an unknown value
R15=0x00007f9b19ad9ae8: __utc+0x1fff68 in /lib/ld-musl-x86_64.so.1 at 0x00007f9b1984d000


Stack: [0x00007f9afcb74000,0x00007f9afcb88760],  sp=0x00007f9afcb88680,  free space=81k
Native frames: (J=compiled Java code, j=interpreted, Vv=VM code, C=native code)
C  [ld-musl-x86_64.so.1+0x53810]  pthread_setname_np+0x5e

[error occurred during error reporting (printing native stack), id 0xb]


---------------  P R O C E S S  ---------------

VM state:not at safepoint (normal execution)

VM Mutex/Monitor currently owned by a thread: None

heap address: 0x0000000080000000, size: 2048 MB, Compressed Oops mode: 32-bit
Narrow klass base: 0x0000000000000000, Narrow klass shift: 3
Compressed class space size: 1073741824 Address: 0x0000000100000000

Heap:
 PSYoungGen      total 611840K, used 136449K [0x00000000d5580000, 0x0000000100000000, 0x0000000100000000)
  eden space 524800K, 26% used [0x00000000d5580000,0x00000000ddac0540,0x00000000f5600000)
  from space 87040K, 0% used [0x00000000fab00000,0x00000000fab00000,0x0000000100000000)
  to   space 87040K, 0% used [0x00000000f5600000,0x00000000f5600000,0x00000000fab00000)
 ParOldGen       total 1398272K, used 0K [0x0000000080000000, 0x00000000d5580000, 0x00000000d5580000)
  object space 1398272K, 0% used [0x0000000080000000,0x0000000080000000,0x00000000d5580000)
 Metaspace       used 16494K, capacity 16710K, committed 17024K, reserved 1064960K
  class space    used 1795K, capacity 1879K, committed 1920K, reserved 1048576K

Card table byte_map: [0x00007f9b085f9000,0x00007f9b089fa000] byte_map_base: 0x00007f9b081f9000

Marking Bits: (ParMarkBitMap*) 0x00007f9b1940b200
 Begin Bits: [0x00007f9b0414a000, 0x00007f9b0614a000)
 End Bits:   [0x00007f9b0614a000, 0x00007f9b0814a000)

Polling page: 0x00007f9b199d6000

CodeCache: size=245760Kb used=3749Kb max_used=3749Kb free=242010Kb
 bounds [0x00007f9b08dba000, 0x00007f9b0916a000, 0x00007f9b17dba000]
 total_blobs=1456 nmethods=1009 adapters=362
 compilation: enabled

Compilation events (10 events):
Event: 1.498 Thread 0x0000557192d38000 1008       1       sun.reflect.generics.visitor.Reifier::getFactory (5 bytes)
Event: 1.498 Thread 0x0000557192d38000 nmethod 1008 0x00007f9b09163910 code [0x00007f9b09163a60, 0x00007f9b09163b70]
Event: 1.498 Thread 0x0000557192d38000 1009       1       java.lang.Class::getAnnotationType (5 bytes)
Event: 1.499 Thread 0x0000557192d38000 nmethod 1009 0x00007f9b09163bd0 code [0x00007f9b09163d20, 0x00007f9b09163e30]
Event: 1.499 Thread 0x0000557192d38000 1010       3       java.lang.Throwable::<init> (39 bytes)
Event: 1.499 Thread 0x0000557192d38000 nmethod 1010 0x00007f9b09163e90 code [0x00007f9b09164000, 0x00007f9b09164308]
Event: 1.499 Thread 0x0000557192d38000 1011       3       java.util.HashMap::tableSizeFor (59 bytes)
Event: 1.500 Thread 0x0000557192d38000 nmethod 1011 0x00007f9b091643d0 code [0x00007f9b09164540, 0x00007f9b09164750]
Event: 1.504 Thread 0x0000557192d38000 1012       3       java.util.regex.Pattern$Curly::match0 (174 bytes)
Event: 1.504 Thread 0x0000557192d38000 nmethod 1012 0x00007f9b091647d0 code [0x00007f9b091649c0, 0x00007f9b091653d8]

GC Heap History (0 events):
No events

Deoptimization events (5 events):
Event: 0.779 Thread 0x0000557192be4800 Uncommon trap: reason=unstable_if action=reinterpret pc=0x00007f9b08ed6594 method=java.lang.String.indexOf([CII[CIII)I @ 3
Event: 1.286 Thread 0x0000557192be4800 Uncommon trap: reason=unstable_if action=reinterpret pc=0x00007f9b0910bb6c method=java.lang.ThreadLocal$ThreadLocalMap.getEntry(Ljava/lang/ThreadLocal;)Ljava/lang/ThreadLocal$ThreadLocalMap$Entry; @ 29
Event: 1.371 Thread 0x0000557192be4800 Uncommon trap: reason=range_check action=make_not_entrant pc=0x00007f9b0912c180 method=sun.reflect.generics.parser.SignatureParser.current()C @ 34
Event: 1.375 Thread 0x0000557192be4800 Uncommon trap: reason=class_check action=maybe_recompile pc=0x00007f9b0911acc4 method=java.util.HashMap.putVal(ILjava/lang/Object;Ljava/lang/Object;ZZ)Ljava/lang/Object; @ 203
Event: 1.383 Thread 0x0000557192be4800 Uncommon trap: reason=class_check action=maybe_recompile pc=0x00007f9b0911acc4 method=java.util.HashMap.putVal(ILjava/lang/Object;Ljava/lang/Object;ZZ)Ljava/lang/Object; @ 203

Classes redefined (0 events):
No events

Internal exceptions (10 events):
Event: 0.472 Thread 0x0000557192be4800 Exception <a 'java/lang/ClassNotFoundException': java/lang/ObjectCustomizer> (0x00000000d9a48fa0) thrown at [/home/buildozer/aports/community/openjdk8/src/icedtea-3.12.0/openjdk/hotspot/src/share/vm/classfile/systemDictionary.cpp, line 210]
Event: 0.474 Thread 0x0000557192be4800 Exception <a 'java/lang/ArrayIndexOutOfBoundsException'> (0x00000000d9a4ab48) thrown at [/home/buildozer/aports/community/openjdk8/src/icedtea-3.12.0/openjdk/hotspot/src/share/vm/runtime/sharedRuntime.cpp, line 613]
Event: 0.475 Thread 0x0000557192be4800 Exception <a 'java/lang/ArrayIndexOutOfBoundsException'> (0x00000000d9a4dd98) thrown at [/home/buildozer/aports/community/openjdk8/src/icedtea-3.12.0/openjdk/hotspot/src/share/vm/runtime/sharedRuntime.cpp, line 613]
Event: 0.476 Thread 0x0000557192be4800 Exception <a 'java/lang/ArrayIndexOutOfBoundsException'> (0x00000000d9a501d0) thrown at [/home/buildozer/aports/community/openjdk8/src/icedtea-3.12.0/openjdk/hotspot/src/share/vm/runtime/sharedRuntime.cpp, line 613]
Event: 0.480 Thread 0x0000557192be4800 Exception <a 'java/lang/ClassNotFoundException': org/apache/log4j/LayoutCustomizer> (0x00000000d9a77f10) thrown at [/home/buildozer/aports/community/openjdk8/src/icedtea-3.12.0/openjdk/hotspot/src/share/vm/classfile/systemDictionary.cpp, line 210]
Event: 0.482 Thread 0x0000557192be4800 Exception <a 'java/lang/ClassNotFoundException': org/apache/log4j/PatternLayoutCustomizer> (0x00000000d9abdeb0) thrown at [/home/buildozer/aports/community/openjdk8/src/icedtea-3.12.0/openjdk/hotspot/src/share/vm/classfile/systemDictionary.cpp, line 210]
Event: 0.779 Thread 0x0000557192be4800 Exception <a 'java/io/FileNotFoundException'> (0x00000000db354dc0) thrown at [/home/buildozer/aports/community/openjdk8/src/icedtea-3.12.0/openjdk/hotspot/src/share/vm/prims/jni.cpp, line 710]
Event: 1.370 Thread 0x0000557192be4800 Exception <a 'java/lang/ArrayIndexOutOfBoundsException'> (0x00000000dccbdac8) thrown at [/home/buildozer/aports/community/openjdk8/src/icedtea-3.12.0/openjdk/hotspot/src/share/vm/runtime/sharedRuntime.cpp, line 613]
Event: 1.370 Thread 0x0000557192be4800 Exception <a 'java/lang/ArrayIndexOutOfBoundsException'> (0x00000000dccbf5c8) thrown at [/home/buildozer/aports/community/openjdk8/src/icedtea-3.12.0/openjdk/hotspot/src/share/vm/runtime/sharedRuntime.cpp, line 613]
Event: 1.371 Thread 0x0000557192be4800 Exception <a 'java/lang/ArrayIndexOutOfBoundsException': 71> (0x00000000dccc0d70) thrown at [/home/buildozer/aports/community/openjdk8/src/icedtea-3.12.0/openjdk/hotspot/src/share/vm/interpreter/interpreterRuntime.cpp, line 371]

Events (10 events):
Event: 1.497 loading class org/apache/hadoop/hdds/scm/pipeline/Pipeline
Event: 1.497 loading class org/apache/hadoop/hdds/scm/pipeline/Pipeline done
Event: 1.499 loading class org/apache/ratis/grpc/GrpcTlsConfig
Event: 1.499 loading class org/apache/ratis/grpc/GrpcTlsConfig done
Event: 1.501 loading class org/apache/hadoop/hdds/scm/container/SCMContainerManager
Event: 1.501 loading class org/apache/hadoop/hdds/scm/container/SCMContainerManager done
Event: 1.502 loading class org/apache/hadoop/hdds/scm/container/ContainerNotFoundException
Event: 1.502 loading class org/apache/hadoop/hdds/scm/container/ContainerNotFoundException done
Event: 1.502 loading class org/apache/hadoop/hdds/scm/container/ContainerException
Event: 1.502 loading class org/apache/hadoop/hdds/scm/container/ContainerException done


Dynamic libraries:
80000000-1001e0000 rw-p 00000000 00:00 0 
1001e0000-140000000 ---p 00000000 00:00 0 
557191c86000-557191c87000 r-xp 00000000 fd:03 288293715                  /usr/lib/jvm/java-1.8-openjdk/jre/bin/java
557191e86000-557191e87000 r--p 00000000 fd:03 288293715                  /usr/lib/jvm/java-1.8-openjdk/jre/bin/java
557191e87000-557191e88000 rw-p 00001000 fd:03 288293715                  /usr/lib/jvm/java-1.8-openjdk/jre/bin/java
557192bcd000-557194258000 rw-p 00000000 00:00 0                          [heap]
7f9afcb5b000-7f9afcb5d000 ---p 00000000 00:00 0 
7f9afcb5d000-7f9afcb72000 rw-p 00000000 00:00 0 
7f9afcb72000-7f9afcb74000 ---p 00000000 00:00 0 
7f9afcb74000-7f9afcb89000 rw-p 00000000 00:00 0 
7f9afcb89000-7f9afcb8b000 ---p 00000000 00:00 0 
7f9afcb8b000-7f9afcba0000 rw-p 00000000 00:00 0 
7f9afcba0000-7f9afcba2000 ---p 00000000 00:00 0 
7f9afcba2000-7f9afcbb7000 rw-p 00000000 00:00 0 
7f9afcbb7000-7f9afcbb9000 ---p 00000000 00:00 0 
7f9afcbb9000-7f9afcbce000 rw-p 00000000 00:00 0 
7f9afcbce000-7f9afcbd0000 ---p 00000000 00:00 0 
7f9afcbd0000-7f9afcca5000 rw-p 00000000 00:00 0 
7f9afcca5000-7f9afcde5000 ---p 00000000 00:00 0 
7f9afcde5000-7f9afcde8000 ---p 00000000 00:00 0 
7f9afcde8000-7f9afd0e6000 rw-p 00000000 00:00 0 
7f9afd0e6000-7f9afd0e8000 ---p 00000000 00:00 0 
7f9afd0e8000-7f9afd0fd000 rw-p 00000000 00:00 0 
7f9afd0fd000-7f9afd0ff000 ---p 00000000 00:00 0 
7f9afd0ff000-7f9afd114000 rw-p 00000000 00:00 0 
7f9afd114000-7f9afd116000 ---p 00000000 00:00 0 
7f9afd116000-7f9afd12b000 rw-p 00000000 00:00 0 
7f9afd12b000-7f9afd12d000 ---p 00000000 00:00 0 
7f9afd12d000-7f9afd142000 rw-p 00000000 00:00 0 
7f9afd142000-7f9afd144000 ---p 00000000 00:00 0 
7f9afd144000-7f9afd159000 rw-p 00000000 00:00 0 
7f9afd159000-7f9afd15b000 ---p 00000000 00:00 0 
7f9afd15b000-7f9afd170000 rw-p 00000000 00:00 0 
7f9afd170000-7f9afd172000 ---p 00000000 00:00 0 
7f9afd172000-7f9afd187000 rw-p 00000000 00:00 0 
7f9afd187000-7f9afd189000 ---p 00000000 00:00 0 
7f9afd189000-7f9afd19e000 rw-p 00000000 00:00 0 
7f9afd19e000-7f9afd1a0000 ---p 00000000 00:00 0 
7f9afd1a0000-7f9afd424000 rw-p 00000000 00:00 0 
7f9afd424000-7f9afd64a000 r-xp 00000000 fd:03 288424149                  /usr/glibc-compat/lib/ld-2.28.so
7f9afd64a000-7f9afd64b000 r--p 00026000 fd:03 288424149                  /usr/glibc-compat/lib/ld-2.28.so
7f9afd64b000-7f9afd64c000 rw-p 00027000 fd:03 288424149                  /usr/glibc-compat/lib/ld-2.28.so
7f9afd64c000-7f9afd64d000 rw-p 00000000 00:00 0 
7f9afd64d000-7f9afdee5000 r-xp 00000000 fd:03 16390078                   /tmp/librocksdbjni2401198820410328712.so
7f9afdee5000-7f9afdef6000 r--p 00698000 fd:03 16390078                   /tmp/librocksdbjni2401198820410328712.so
7f9afdef6000-7f9afdeff000 rw-p 006a9000 fd:03 16390078                   /tmp/librocksdbjni2401198820410328712.so
7f9afdeff000-7f9afe105000 rw-p 00000000 00:00 0 
7f9afe105000-7f9afe316000 r-xp 00000000 fd:03 288293758                  /usr/lib/jvm/java-1.8-openjdk/jre/lib/amd64/libnio.so
7f9afe316000-7f9afe317000 r--p 00011000 fd:03 288293758                  /usr/lib/jvm/java-1.8-openjdk/jre/lib/amd64/libnio.so
7f9afe317000-7f9afe318000 rw-p 00012000 fd:03 288293758                  /usr/lib/jvm/java-1.8-openjdk/jre/lib/amd64/libnio.so
7f9afe318000-7f9b01319000 rw-p 00000000 00:00 0 
7f9b01319000-7f9b0152f000 r-xp 00000000 fd:03 288293757                  /usr/lib/jvm/java-1.8-openjdk/jre/lib/amd64/libnet.so
7f9b0152f000-7f9b01530000 r--p 00016000 fd:03 288293757                  /usr/lib/jvm/java-1.8-openjdk/jre/lib/amd64/libnet.so
7f9b01530000-7f9b01531000 rw-p 00017000 fd:03 288293757                  /usr/lib/jvm/java-1.8-openjdk/jre/lib/amd64/libnet.so
7f9b01531000-7f9b01535000 r--s 00058000 fd:03 288293809                  /usr/lib/jvm/java-1.8-openjdk/jre/lib/jsse.jar
7f9b01535000-7f9b01735000 rw-p 00000000 00:00 0 
7f9b01735000-7f9b01738000 r--s 00025000 fd:03 289472870                  /home/user/.m2/repository/org/apache/maven/shared/maven-shared-utils/3.1.0/maven-shared-utils-3.1.0.jar
7f9b01738000-7f9b0173b000 ---p 00000000 00:00 0 
7f9b0173b000-7f9b01772000 rw-p 00000000 00:00 0 
7f9b01772000-7f9b01773000 r--s 00006000 fd:03 17703219                   /home/user/.m2/repository/org/apache/maven/surefire/common-junit4/3.0.0-M1/common-junit4-3.0.0-M1.jar
7f9b01773000-7f9b01774000 r--s 00002000 fd:03 17836046                   /home/user/.m2/repository/org/apache/maven/surefire/common-junit3/3.0.0-M1/common-junit3-3.0.0-M1.jar
7f9b01774000-7f9b01775000 r--s 00007000 fd:03 17967124                   /home/user/.m2/repository/org/apache/maven/surefire/common-java5/3.0.0-M1/common-java5-3.0.0-M1.jar
7f9b01775000-7f9b01777000 r--s 00003000 fd:03 17242953                   /home/user/.m2/repository/org/apache/maven/surefire/surefire-junit4/3.0.0-M1/surefire-junit4-3.0.0-M1.jar
7f9b01777000-7f9b0177d000 r--s 00036000 fd:03 289342394                  /home/user/.m2/repository/junit/junit/4.11/junit-4.11.jar
7f9b0177d000-7f9b0179e000 r--s 00172000 fd:03 289277429                  /home/user/.m2/repository/com/google/guava/guava/11.0.2/guava-11.0.2.jar
7f9b0179e000-7f9b017a6000 r--s 0007b000 fd:03 289277605                  /home/user/.m2/repository/com/google/protobuf/protobuf-java/2.5.0/protobuf-java-2.5.0.jar
7f9b017a6000-7f9b017ab000 r--s 0003c000 fd:03 289341716                  /home/user/.m2/repository/info/picocli/picocli/3.9.6/picocli-3.9.6.jar
7f9b017ab000-7f9b017df000 r--s 0051e000 fd:03 289343246                  /home/user/.m2/repository/org/apache/hadoop/hadoop-hdfs/3.2.0/hadoop-hdfs-3.2.0-tests.jar
7f9b017df000-7f9b0180a000 r--s 00297000 fd:03 289343219                  /home/user/.m2/repository/org/apache/hadoop/hadoop-common/3.2.0/hadoop-common-3.2.0-tests.jar
7f9b0180a000-7f9b0180d000 r--s 0000e000 fd:03 289276955                  /home/user/.m2/repository/com/fasterxml/jackson/core/jackson-annotations/2.9.9/jackson-annotations-2.9.9.jar
7f9b0180d000-7f9b01852000 r--s 00486000 fd:03 289343289                  /home/user/.m2/repository/org/apache/hadoop/hadoop-hdfs-client/3.2.0/hadoop-hdfs-client-3.2.0.jar
7f9b01852000-7f9b0186b000 r--s 0012c000 fd:03 289341930                  /home/user/.m2/repository/io/netty/netty/3.10.5.Final/netty-3.10.5.Final.jar
7f9b0186b000-7f9b0186c000 r--s 00005000 fd:03 289278122                  /home/user/.m2/repository/commons-daemon/commons-daemon/1.0.13/commons-daemon-1.0.13.jar
7f9b0186c000-7f9b0186e000 r--s 00008000 fd:03 289538147                  /home/user/.m2/repository/org/eclipse/jetty/jetty-util-ajax/9.3.25.v20180904/jetty-util-ajax-9.3.25.v20180904.jar
7f9b0186e000-7f9b018b6000 r--s 00557000 fd:03 289343266                  /home/user/.m2/repository/org/apache/hadoop/hadoop-hdfs/3.2.0/hadoop-hdfs-3.2.0.jar
7f9b018b6000-7f9b018bb000 r--s 00047000 fd:03 289341676                  /home/user/.m2/repository/dnsjava/dnsjava/2.1.7/dnsjava-2.1.7.jar
7f9b018bb000-7f9b018c1000 r--s 00078000 fd:03 289277132                  /home/user/.m2/repository/com/fasterxml/woodstox/woodstox-core/5.0.3/woodstox-core-5.0.3.jar
7f9b018c1000-7f9b018c5000 r--s 00024000 fd:03 289474668                  /home/user/.m2/repository/org/codehaus/woodstox/stax2-api/3.1.4/stax2-api-3.1.4.jar
7f9b018c5000-7f9b018c9000 r--s 0004c000 fd:03 289276975                  /home/user/.m2/repository/com/fasterxml/jackson/core/jackson-core/2.9.9/jackson-core-2.9.9.jar
7f9b018c9000-7f9b018dc000 r--s 00137000 fd:03 289276992                  /home/user/.m2/repository/com/fasterxml/jackson/core/jackson-databind/2.9.9/jackson-databind-2.9.9.jar
7f9b018dc000-7f9b018de000 r--s 00006000 fd:03 289407281                  /home/user/.m2/repository/org/apache/kerby/kerby-xdr/1.0.1/kerby-xdr-1.0.1.jar
7f9b018de000-7f9b018df000 r--s 00004000 fd:03 289407185                  /home/user/.m2/repository/org/apache/kerby/kerb-identity/1.0.1/kerb-identity-1.0.1.jar
7f9b018df000-7f9b018e2000 r--s 00012000 fd:03 289407194                  /home/user/.m2/repository/org/apache/kerby/kerb-server/1.0.1/kerb-server-1.0.1.jar
7f9b018e2000-7f9b018e5000 r--s 00011000 fd:03 289407140                  /home/user/.m2/repository/org/apache/kerby/kerb-admin/1.0.1/kerb-admin-1.0.1.jar
7f9b018e5000-7f9b018e6000 r--s 00004000 fd:03 289407290                  /home/user/.m2/repository/org/apache/kerby/token-provider/1.0.1/token-provider-1.0.1.jar
7f9b018e6000-7f9b018e7000 r--s 00008000 fd:03 289407212                  /home/user/.m2/repository/org/apache/kerby/kerb-util/1.0.1/kerb-util-1.0.1.jar
7f9b018e7000-7f9b018eb000 r--s 00019000 fd:03 289407176                  /home/user/.m2/repository/org/apache/kerby/kerb-crypto/1.0.1/kerb-crypto-1.0.1.jar
7f9b018eb000-7f9b018ed000 r--s 0000e000 fd:03 289407158                  /home/user/.m2/repository/org/apache/kerby/kerb-common/1.0.1/kerb-common-1.0.1.jar
7f9b018ed000-7f9b018ee000 r--s 00009000 fd:03 289407272                  /home/user/.m2/repository/org/apache/kerby/kerby-util/1.0.1/kerby-util-1.0.1.jar
7f9b018ee000-7f9b018f0000 r--s 00017000 fd:03 289407227                  /home/user/.m2/repository/org/apache/kerby/kerby-asn1/1.0.1/kerby-asn1-1.0.1.jar
7f9b018f0000-7f9b018f7000 r--s 0002b000 fd:03 289407257                  /home/user/.m2/repository/org/apache/kerby/kerby-pkix/1.0.1/kerby-pkix-1.0.1.jar
7f9b018f7000-7f9b018fe000 r--s 00031000 fd:03 289407167                  /home/user/.m2/repository/org/apache/kerby/kerb-core/1.0.1/kerb-core-1.0.1.jar
7f9b018fe000-7f9b01900000 r--s 00006000 fd:03 289407242                  /home/user/.m2/repository/org/apache/kerby/kerby-config/1.0.1/kerby-config-1.0.1.jar
7f9b01900000-7f9b01903000 r--s 00019000 fd:03 289407149                  /home/user/.m2/repository/org/apache/kerby/kerb-client/1.0.1/kerb-client-1.0.1.jar
7f9b01903000-7f9b01904000 r--s 00004000 fd:03 289407203                  /home/user/.m2/repository/org/apache/kerby/kerb-simplekdc/1.0.1/kerb-simplekdc-1.0.1.jar
7f9b01904000-7f9b01908000 r--s 00014000 fd:03 289539694                  /home/user/.m2/repository/org/tukaani/xz/1.0/xz-1.0.jar
7f9b01908000-7f9b0190d000 r--s 00036000 fd:03 289342918                  /home/user/.m2/repository/org/apache/commons/commons-compress/1.4.1/commons-compress-1.4.1.jar
7f9b0190d000-7f9b0190e000 r--s 00004000 fd:03 289473565                  /home/user/.m2/repository/org/apache/yetus/audience-annotations/0.5.0/audience-annotations-0.5.0.jar
7f9b0190e000-7f9b01910000 r--s 00014000 fd:03 289342350                  /home/user/.m2/repository/jline/jline/0.9.94/jline-0.9.94.jar
7f9b01910000-7f9b0191d000 r--s 000d1000 fd:03 289473581                  /home/user/.m2/repository/org/apache/zookeeper/zookeeper/3.4.13/zookeeper-3.4.13.jar
7f9b0191d000-7f9b01937000 r--s 00155000 fd:03 289406985                  /home/user/.m2/repository/org/apache/htrace/htrace-core4/4.1.0-incubating/htrace-core4-4.1.0-incubating.jar
7f9b01937000-7f9b0193f000 r--s 0003e000 fd:03 289343148                  /home/user/.m2/repository/org/apache/curator/curator-recipes/2.12.0/curator-recipes-2.12.0.jar
7f9b0193f000-7f9b01976000 r--s 00219000 fd:03 289343130                  /home/user/.m2/repository/org/apache/curator/curator-client/2.12.0/curator-client-2.12.0.jar
7f9b01976000-7f9b0197b000 r--s 00040000 fd:03 289277675                  /home/user/.m2/repository/com/jcraft/jsch/0.1.54/jsch-0.1.54.jar
7f9b0197b000-7f9b01981000 r--s 0002c000 fd:03 289343139                  /home/user/.m2/repository/org/apache/curator/curator-framework/2.12.0/curator-framework-2.12.0.jar
7f9b01981000-7f9b01983000 r--s 00006000 fd:03 289342649                  /home/user/.m2/repository/net/minidev/accessors-smart/1.2/accessors-smart-1.2.jar
7f9b01983000-7f9b01986000 r--s 0001b000 fd:03 289342658                  /home/user/.m2/repository/net/minidev/json-smart/2.3/json-smart-2.3.jar
7f9b01986000-7f9b01988000 r--s 00000000 fd:03 289277229                  /home/user/.m2/repository/com/github/stephenc/jcip/jcip-annotations/1.0-1/jcip-annotations-1.0-1.jar
7f9b01988000-7f9b0198e000 r--s 00044000 fd:03 289277721                  /home/user/.m2/repository/com/nimbusds/nimbus-jose-jwt/4.41.1/nimbus-jose-jwt-4.41.1.jar
7f9b0198e000-7f9b01990000 r--s 00020000 fd:03 289343201                  /home/user/.m2/repository/org/apache/hadoop/hadoop-auth/3.2.0/hadoop-auth-3.2.0.jar
7f9b01990000-7f9b01995000 r--s 0002a000 fd:03 289277337                  /home/user/.m2/repository/com/google/code/gson/gson/2.2.4/gson-2.2.4.jar
7f9b01995000-7f9b01997000 r--s 0001e000 fd:03 289277649                  /home/user/.m2/repository/com/google/re2j/re2j/1.1/re2j-1.1.jar
7f9b01997000-7f9b01999000 r--s 00130000 fd:03 289539729                  /home/user/.m2/repository/org/xerial/snappy/snappy-java/1.0.5/snappy-java-1.0.5.jar
7f9b01999000-7f9b0199b000 r--s 00006000 fd:03 289277917                  /home/user/.m2/repository/com/thoughtworks/paranamer/paranamer/2.3/paranamer-2.3.jar
7f9b0199b000-7f9b019a4000 r--s 00062000 fd:03 289342880                  /home/user/.m2/repository/org/apache/avro/avro/1.7.7/avro-1.7.7.jar
7f9b019a4000-7f9b019a5000 r--s 00002000 fd:03 289539292                  /home/user/.m2/repository/org/slf4j/slf4j-log4j12/1.7.25/slf4j-log4j12-1.7.25.jar
7f9b019a5000-7f9b019a9000 r--s 00029000 fd:03 289343114                  /home/user/.m2/repository/org/apache/commons/commons-text/1.4/commons-text-1.4.jar
7f9b019a9000-7f9b019b1000 r--s 00072000 fd:03 289342967                  /home/user/.m2/repository/org/apache/commons/commons-lang3/3.7/commons-lang3-3.7.jar
7f9b019b1000-7f9b019bd000 r--s 0008b000 fd:03 289342935                  /home/user/.m2/repository/org/apache/commons/commons-configuration2/2.1.1/commons-configuration2-2.1.1.jar
7f9b019bd000-7f9b019c2000 r--s 00038000 fd:03 289277972                  /home/user/.m2/repository/commons-beanutils/commons-beanutils/1.9.4/commons-beanutils-1.9.4.jar
7f9b019c2000-7f9b019cb000 r--s 0006f000 fd:03 289342446                  /home/user/.m2/repository/log4j/log4j/1.2.17/log4j-1.2.17.jar
7f9b019cb000-7f9b019cd000 r--s 0000e000 fd:03 289341603                  /home/user/.m2/repository/commons-logging/commons-logging/1.1.3/commons-logging-1.1.3.jar
7f9b019cd000-7f9b019dd000 r--s 0009c000 fd:03 289277848                  /home/user/.m2/repository/com/sun/jersey/jersey-server/1.19/jersey-server-1.19.jar
7f9b019dd000-7f9b019de000 r--s 00006000 fd:03 289473829                  /home/user/.m2/repository/org/codehaus/jackson/jackson-xc/1.9.13/jackson-xc-1.9.13.jar
7f9b019de000-7f9b019df000 r--s 00004000 fd:03 289473811                  /home/user/.m2/repository/org/codehaus/jackson/jackson-jaxrs/1.9.13/jackson-jaxrs-1.9.13.jar
7f9b019df000-7f9b019ed000 r--s 000b1000 fd:03 289473820                  /home/user/.m2/repository/org/codehaus/jackson/jackson-mapper-asl/1.9.13/jackson-mapper-asl-1.9.13.jar
7f9b019ed000-7f9b019f1000 r--s 00035000 fd:03 289473802                  /home/user/.m2/repository/org/codehaus/jackson/jackson-core-asl/1.9.13/jackson-core-asl-1.9.13.jar
7f9b019f1000-7f9b019f4000 r--s 00016000 fd:03 289342306                  /home/user/.m2/repository/javax/xml/bind/jaxb-api/2.2.11/jaxb-api-2.2.11.jar
7f9b019f4000-7f9b01a07000 r--s 000c7000 fd:03 289277883                  /home/user/.m2/repository/com/sun/xml/bind/jaxb-impl/2.2.3-1/jaxb-impl-2.2.3-1.jar
7f9b01a07000-7f9b01a09000 r--s 0000f000 fd:03 289473839                  /home/user/.m2/repository/org/codehaus/jettison/jettison/1.1/jettison-1.1.jar
7f9b01a09000-7f9b01a0d000 r--s 00025000 fd:03 289277833                  /home/user/.m2/repository/com/sun/jersey/jersey-json/1.19/jersey-json-1.19.jar
7f9b01a0d000-7f9b01a11000 r--s 0001c000 fd:03 289277857                  /home/user/.m2/repository/com/sun/jersey/jersey-servlet/1.19/jersey-servlet-1.19.jar
7f9b01a11000-7f9b01a13000 r--s 0000a000 fd:03 289342295                  /home/user/.m2/repository/javax/ws/rs/jsr311-api/1.1.1/jsr311-api-1.1.1.jar
7f9b01a13000-7f9b01a1d000 r--s 00061000 fd:03 289277824                  /home/user/.m2/repository/com/sun/jersey/jersey-core/1.19/jersey-core-1.19.jar
7f9b01a1d000-7f9b01a20000 r--s 00016000 fd:03 289342251                  /home/user/.m2/repository/javax/servlet/jsp/jsp-api/2.1/jsp-api-2.1.jar
7f9b01a20000-7f9b01a21000 r--s 0000c000 fd:03 289538165                  /home/user/.m2/repository/org/eclipse/jetty/jetty-xml/9.3.25.v20180904/jetty-xml-9.3.25.v20180904.jar
7f9b01a21000-7f9b01a24000 r--s 0001a000 fd:03 289538156                  /home/user/.m2/repository/org/eclipse/jetty/jetty-webapp/9.3.25.v20180904/jetty-webapp-9.3.25.v20180904.jar
7f9b01a24000-7f9b01a27000 r--s 00015000 fd:03 289538111                  /home/user/.m2/repository/org/eclipse/jetty/jetty-security/9.3.25.v20180904/jetty-security-9.3.25.v20180904.jar
7f9b01a27000-7f9b01a2a000 r--s 0001b000 fd:03 289538129                  /home/user/.m2/repository/org/eclipse/jetty/jetty-servlet/9.3.25.v20180904/jetty-servlet-9.3.25.v20180904.jar
7f9b01a2a000-7f9b01a31000 r--s 00069000 fd:03 289538138                  /home/user/.m2/repository/org/eclipse/jetty/jetty-util/9.3.25.v20180904/jetty-util-9.3.25.v20180904.jar
7f9b01a31000-7f9b01a35000 r--s 0001b000 fd:03 289538085                  /home/user/.m2/repository/org/eclipse/jetty/jetty-io/9.3.25.v20180904/jetty-io-9.3.25.v20180904.jar
7f9b01a35000-7f9b01a38000 r--s 00022000 fd:03 289538076                  /home/user/.m2/repository/org/eclipse/jetty/jetty-http/9.3.25.v20180904/jetty-http-9.3.25.v20180904.jar
7f9b01a38000-7f9b01a40000 r--s 00078000 fd:03 289538120                  /home/user/.m2/repository/org/eclipse/jetty/jetty-server/9.3.25.v20180904/jetty-server-9.3.25.v20180904.jar
7f9b01a40000-7f9b01a43000 r--s 00015000 fd:03 289342241                  /home/user/.m2/repository/javax/servlet/javax.servlet-api/3.1.0/javax.servlet-api-3.1.0.jar
7f9b01a43000-7f9b01a50000 r--s 00083000 fd:03 289278100                  /home/user/.m2/repository/commons-collections/commons-collections/3.2.2/commons-collections-3.2.2.jar
7f9b01a50000-7f9b01a56000 r--s 00046000 fd:03 289341628                  /home/user/.m2/repository/commons-net/commons-net/3.6/commons-net-3.6.jar
7f9b01a56000-7f9b01a5a000 r--s 0002f000 fd:03 289341511                  /home/user/.m2/repository/commons-io/commons-io/2.5/commons-io-2.5.jar
7f9b01a5a000-7f9b01a61000 r--s 0004b000 fd:03 289278030                  /home/user/.m2/repository/commons-codec/commons-codec/1.11/commons-codec-1.11.jar
7f9b01a61000-7f9b01a68000 r--s 00049000 fd:03 289407081                  /home/user/.m2/repository/org/apache/httpcomponents/httpcore/4.4.4/httpcore-4.4.4.jar
7f9b01a68000-7f9b01a75000 r--s 000a7000 fd:03 289407023                  /home/user/.m2/repository/org/apache/httpcomponents/httpclient/4.5.2/httpclient-4.5.2.jar
7f9b01a75000-7f9b01a77000 r--s 00009000 fd:03 289278010                  /home/user/.m2/repository/commons-cli/commons-cli/1.2/commons-cli-1.2.jar
7f9b01a77000-7f9b01af0000 r--s 007c0000 fd:03 288293932                  /usr/lib/jvm/java-1.8-openjdk/lib/tools.jar
7f9b01af0000-7f9b01af1000 r--s 0000e000 fd:03 289343192                  /home/user/.m2/repository/org/apache/hadoop/hadoop-annotations/3.2.0/hadoop-annotations-3.2.0.jar
7f9b01af1000-7f9b01b2f000 r--s 003aa000 fd:03 289343222                  /home/user/.m2/repository/org/apache/hadoop/hadoop-common/3.2.0/hadoop-common-3.2.0.jar
7f9b01b2f000-7f9b01b35000 r--s 00033000 fd:03 289342330                  /home/user/.m2/repository/jaxen/jaxen/1.1.6/jaxen-1.1.6.jar
7f9b01b35000-7f9b01b36000 r--s 00002000 fd:03 289276933                  /home/user/.m2/repository/com/apple/AppleJavaExtensions/1.4/AppleJavaExtensions-1.4.jar
7f9b01b36000-7f9b01b3b000 r--s 00041000 fd:03 289341562                  /home/user/.m2/repository/commons-lang/commons-lang/2.6/commons-lang-2.6.jar
7f9b01b3b000-7f9b01b3d000 r--s 0000c000 fd:03 289538914                  /home/user/.m2/repository/org/ow2/asm/asm/5.0.4/asm-5.0.4.jar
7f9b01b3d000-7f9b01b3f000 r--s 00006000 fd:03 289539040                  /home/user/.m2/repository/org/ow2/asm/asm-tree/5.0.2/asm-tree-5.0.2.jar
7f9b01b3f000-7f9b01b41000 r--s 00009000 fd:03 289538983                  /home/user/.m2/repository/org/ow2/asm/asm-commons/5.0.2/asm-commons-5.0.2.jar
7f9b01b41000-7f9b01b46000 r--s 00058000 fd:03 289539002                  /home/user/.m2/repository/org/ow2/asm/asm-debug-all/5.0.2/asm-debug-all-5.0.2.jar
7f9b01b46000-7f9b01b4b000 r--s 00016000 fd:03 289603589                  /home/user/.m2/repository/xml-apis/xml-apis/1.0.b2/xml-apis-1.0.b2.jar
7f9b01b4b000-7f9b01b50000 r--s 00048000 fd:03 289341694                  /home/user/.m2/repository/dom4j/dom4j/1.6.1/dom4j-1.6.1.jar
7f9b01b50000-7f9b01b52000 r--s 00005000 fd:03 289277304                  /home/user/.m2/repository/com/google/code/findbugs/jFormatString/2.0.1/jFormatString-2.0.1.jar
7f9b01b52000-7f9b01b5c000 r--s 0008c000 fd:03 289277261                  /home/user/.m2/repository/com/google/code/findbugs/bcel-findbugs/6.0/bcel-findbugs-6.0.jar
7f9b01b5c000-7f9b01b5f000 r--s 00006000 fd:03 289277327                  /home/user/.m2/repository/com/google/code/findbugs/jsr305/3.0.0/jsr305-3.0.0.jar
7f9b01b5f000-7f9b01b60000 r--s 00000000 fd:03 289342639                  /home/user/.m2/repository/net/jcip/jcip-annotations/1.0/jcip-annotations-1.0.jar
7f9b01b60000-7f9b01b8f000 r--s 00371000 fd:03 289277290                  /home/user/.m2/repository/com/google/code/findbugs/findbugs/3.0.1/findbugs-3.0.1.jar
7f9b01b8f000-7f9b01be7000 r--s 003a7000 fd:03 289473706                  /home/user/.m2/repository/org/bouncycastle/bcprov-jdk15on/1.60/bcprov-jdk15on-1.60.jar
7f9b01be7000-7f9b01bed000 r--s 00045000 fd:03 289538491                  /home/user/.m2/repository/org/hamcrest/hamcrest-all/1.3/hamcrest-all-1.3.jar
7f9b01bed000-7f9b01c0a000 r--s 0013e000 fd:03 289538697                  /home/user/.m2/repository/org/mockito/mockito-all/1.8.5/mockito-all-1.8.5.jar
7f9b01c0a000-7f9b01c0b000 r--s 00007000 fd:03 289538849                  /home/user/.m2/repository/org/openjdk/jmh/jmh-generator-annprocess/1.19/jmh-generator-annprocess-1.19.jar
7f9b01c0b000-7f9b01c28000 r--s 0016a000 fd:03 289342976                  /home/user/.m2/repository/org/apache/commons/commons-math3/3.1.1/commons-math3-3.1.1.jar
7f9b01c28000-7f9b01c2a000 r--s 0000e000 fd:03 289342675                  /home/user/.m2/repository/net/sf/jopt-simple/jopt-simple/4.6/jopt-simple-4.6.jar
7f9b01c2a000-7f9b01c33000 r--s 00072000 fd:03 289538837                  /home/user/.m2/repository/org/openjdk/jmh/jmh-core/1.19/jmh-core-1.19.jar
7f9b01c33000-7f9b01c4a000 r--s 00115000 fd:03 289473612                  /home/user/.m2/repository/org/assertj/assertj-core/3.8.0/assertj-core-3.8.0.jar
7f9b01c4a000-7f9b01c4c000 r--s 00009000 fd:03 289539259                  /home/user/.m2/repository/org/slf4j/slf4j-api/1.7.25/slf4j-api-1.7.25.jar
7f9b01c4c000-7f9b01c50000 r--s 0001e000 fd:03 289341728                  /home/user/.m2/repository/io/dropwizard/metrics/metrics-core/3.2.4/metrics-core-3.2.4.jar
7f9b01c50000-7f9b01c52000 r--s 00009000 fd:03 289538500                  /home/user/.m2/repository/org/hamcrest/hamcrest-core/1.3/hamcrest-core-1.3.jar
7f9b01c52000-7f9b01c79000 r--s 00205000 fd:03 289341952                  /home/user/.m2/repository/io/netty/netty-all/4.0.52.Final/netty-all-4.0.52.Final.jar
7f9b01c79000-7f9b01c7f000 r--s 0003c000 fd:03 289539776                  /home/user/.m2/repository/org/yaml/snakeyaml/1.16/snakeyaml-1.16.jar
7f9b01c7f000-7f9b01c80000 r--s 00002000 fd:03 289342131                  /home/user/.m2/repository/io/opentracing/opentracing-noop/0.31.0/opentracing-noop-0.31.0.jar
7f9b01c80000-7f9b01c82000 r--s 00002000 fd:03 289342122                  /home/user/.m2/repository/io/opentracing/opentracing-api/0.31.0/opentracing-api-0.31.0.jar
7f9b01c82000-7f9b01c83000 r--s 00001000 fd:03 289342140                  /home/user/.m2/repository/io/opentracing/opentracing-util/0.31.0/opentracing-util-0.31.0.jar
7f9b01c83000-7f9b01c84000 r--s 00001000 fd:03 289342107                  /home/user/.m2/repository/io/opentracing/contrib/opentracing-tracerresolver/0.1.5/opentracing-tracerresolver-0.1.5.jar
7f9b01c84000-7f9b01c85000 r--s 00000000 fd:03 289341920                  /home/user/.m2/repository/io/jaegertracing/jaeger-tracerresolver/0.34.0/jaeger-tracerresolver-0.34.0.jar
7f9b01c85000-7f9b01c89000 r--s 0001c000 fd:03 289341902                  /home/user/.m2/repository/io/jaegertracing/jaeger-core/0.34.0/jaeger-core-0.34.0.jar
7f9b01c89000-7f9b01c8a000 r--s 00013000 fd:03 289277772                  /home/user/.m2/repository/com/squareup/okio/okio/1.13.0/okio-1.13.0.jar
7f9b01c8a000-7f9b01c90000 r--s 0005e000 fd:03 289277756                  /home/user/.m2/repository/com/squareup/okhttp3/okhttp/3.9.0/okhttp-3.9.0.jar
7f9b01c90000-7f9b01c96000 r--s 00037000 fd:03 289473296                  /home/user/.m2/repository/org/apache/thrift/libthrift/0.12.0/libthrift-0.12.0.jar
7f9b01c96000-7f9b01ca4000 r--s 0009e000 fd:03 289341911                  /home/user/.m2/repository/io/jaegertracing/jaeger-thrift/0.34.0/jaeger-thrift-0.34.0.jar
7f9b01ca4000-7f9b01ca5000 r--s 00000000 fd:03 289341893                  /home/user/.m2/repository/io/jaegertracing/jaeger-client/0.34.0/jaeger-client-0.34.0.jar
7f9b01ca5000-7f9b01ca9000 r--s 00020000 fd:03 289341445                  /home/user/.m2/repository/commons-digester/commons-digester/1.8.1/commons-digester-1.8.1.jar
7f9b01ca9000-7f9b01cad000 r--s 0002a000 fd:03 289341654                  /home/user/.m2/repository/commons-validator/commons-validator/1.6/commons-validator-1.6.jar
7f9b01cad000-7f9b01cc0000 r--s 000b0000 fd:03 289473697                  /home/user/.m2/repository/org/bouncycastle/bcpkix-jdk15on/1.60/bcpkix-jdk15on-1.60.jar
7f9b01cc0000-7f9b01cc3000 r--s 0001d000 fd:03 289343105                  /home/user/.m2/repository/org/apache/commons/commons-pool2/2.6.0/commons-pool2-2.6.0.jar
7f9b01cc3000-7f9b01cc6000 r--s 00012000 fd:03 289277701                  /home/user/.m2/repository/com/lmax/disruptor/3.4.2/disruptor-3.4.2.jar
7f9b01cc6000-7f9b01ce6000 r--s 00167000 fd:03 289407316                  /home/user/.m2/repository/org/apache/logging/log4j/log4j-core/2.11.0/log4j-core-2.11.0.jar
7f9b01ce6000-7f9b01cec000 r--s 0003b000 fd:03 289407307                  /home/user/.m2/repository/org/apache/logging/log4j/log4j-api/2.11.0/log4j-api-2.11.0.jar
7f9b01cec000-7f9b01cf1000 r--s 00c4f000 fd:03 289539197                  /home/user/.m2/repository/org/rocksdb/rocksdbjni/6.0.1/rocksdbjni-6.0.1.jar
7f9b01cf1000-7f9b01cf4000 r--s 00018000 fd:03 289473181                  /home/user/.m2/repository/org/apache/ratis/ratis-grpc/0.4.0/ratis-grpc-0.4.0.jar
7f9b01cf4000-7f9b01cf6000 r--s 00007000 fd:03 289473199                  /home/user/.m2/repository/org/apache/ratis/ratis-netty/0.4.0/ratis-netty-0.4.0.jar
7f9b01cf6000-7f9b01cf8000 r--s 00009000 fd:03 289341706                  /home/user/.m2/repository/info/ganglia/gmetric4j/gmetric4j/1.0.7/gmetric4j-1.0.7.jar
7f9b01cf8000-7f9b01cf9000 r--s 00002000 fd:03 289341737                  /home/user/.m2/repository/io/dropwizard/metrics/metrics-ganglia/3.2.5/metrics-ganglia-3.2.5.jar
7f9b01cf9000-7f9b01cfb000 r--s 00008000 fd:03 289341746                  /home/user/.m2/repository/io/dropwizard/metrics/metrics-jvm/3.2.5/metrics-jvm-3.2.5.jar
7f9b01cfb000-7f9b01cfc000 r--s 00003000 fd:03 289277218                  /home/user/.m2/repository/com/github/joshelser/dropwizard-metrics-hadoop-metrics2-reporter/0.1.2/dropwizard-metrics-hadoop-metrics2-reporter-0.1.2.jar
7f9b01cfc000-7f9b01d0a000 r--s 0010d000 fd:03 289473208                  /home/user/.m2/repository/org/apache/ratis/ratis-proto/0.4.0/ratis-proto-0.4.0.jar
7f9b01d0a000-7f9b01de4000 r--s 00cc8000 fd:03 289473232                  /home/user/.m2/repository/org/apache/ratis/ratis-thirdparty-misc/0.2.0/ratis-thirdparty-misc-0.2.0.jar
7f9b01de4000-7f9b01de7000 ---p 00000000 00:00 0 
7f9b01de7000-7f9b01ee5000 rw-p 00000000 00:00 0 
7f9b01ee5000-7f9b020ec000 r-xp 00000000 fd:03 288293755                  /usr/lib/jvm/java-1.8-openjdk/jre/lib/amd64/libmanagement.so
7f9b020ec000-7f9b020ed000 r--p 00007000 fd:03 288293755                  /usr/lib/jvm/java-1.8-openjdk/jre/lib/amd64/libmanagement.so
7f9b020ed000-7f9b020ee000 rw-p 00008000 fd:03 288293755                  /usr/lib/jvm/java-1.8-openjdk/jre/lib/amd64/libmanagement.so
7f9b020ee000-7f9b020f1000 ---p 00000000 00:00 0 
7f9b020f1000-7f9b021ef000 rw-p 00000000 00:00 0 
7f9b021ef000-7f9b021f0000 ---p 00000000 00:00 0 
7f9b021f0000-7f9b022f1000 rw-p 00000000 00:00 0 
7f9b022f1000-7f9b022f4000 ---p 00000000 00:00 0 
7f9b022f4000-7f9b023f2000 rw-p 00000000 00:00 0 
7f9b023f2000-7f9b023f3000 ---p 00000000 00:00 0 
7f9b023f3000-7f9b023f6000 ---p 00000000 00:00 0 
7f9b023f6000-7f9b024f4000 rw-p 00000000 00:00 0 
7f9b024f4000-7f9b024f5000 ---p 00000000 00:00 0 
7f9b024f5000-7f9b024f8000 ---p 00000000 00:00 0 
7f9b024f8000-7f9b025f6000 rw-p 00000000 00:00 0 
7f9b025f6000-7f9b025f9000 ---p 00000000 00:00 0 
7f9b025f9000-7f9b026f7000 rw-p 00000000 00:00 0 
7f9b026f7000-7f9b026fa000 ---p 00000000 00:00 0 
7f9b026fa000-7f9b027f8000 rw-p 00000000 00:00 0 
7f9b027f8000-7f9b027fb000 ---p 00000000 00:00 0 
7f9b027fb000-7f9b028f9000 rw-p 00000000 00:00 0 
7f9b028f9000-7f9b028fa000 ---p 00000000 00:00 0 
7f9b028fa000-7f9b03304000 rw-p 00000000 00:00 0 
7f9b03304000-7f9b034d4000 r--s 01f56000 fd:03 288293825                  /usr/lib/jvm/java-1.8-openjdk/jre/lib/rt.jar
7f9b034d4000-7f9b0814a000 rw-p 00000000 00:00 0 
7f9b0814a000-7f9b0814b000 ---p 00000000 00:00 0 
7f9b0814b000-7f9b0824c000 rw-p 00000000 00:00 0 
7f9b0824c000-7f9b0824d000 ---p 00000000 00:00 0 
7f9b0824d000-7f9b08a09000 rw-p 00000000 00:00 0 
7f9b08a09000-7f9b08dba000 ---p 00000000 00:00 0 
7f9b08dba000-7f9b0916a000 rwxp 00000000 00:00 0 
7f9b0916a000-7f9b17dba000 ---p 00000000 00:00 0 
7f9b17dba000-7f9b17fc1000 r-xp 00000000 fd:03 288293764                  /usr/lib/jvm/java-1.8-openjdk/jre/lib/amd64/libzip.so
7f9b17fc1000-7f9b17fc2000 r--p 00007000 fd:03 288293764                  /usr/lib/jvm/java-1.8-openjdk/jre/lib/amd64/libzip.so
7f9b17fc2000-7f9b17fc3000 rw-p 00008000 fd:03 288293764                  /usr/lib/jvm/java-1.8-openjdk/jre/lib/amd64/libzip.so
7f9b17fc3000-7f9b181ee000 r-xp 00000000 fd:03 288293745                  /usr/lib/jvm/java-1.8-openjdk/jre/lib/amd64/libjava.so
7f9b181ee000-7f9b181ef000 r--p 0002b000 fd:03 288293745                  /usr/lib/jvm/java-1.8-openjdk/jre/lib/amd64/libjava.so
7f9b181ef000-7f9b181f0000 rw-p 0002c000 fd:03 288293745                  /usr/lib/jvm/java-1.8-openjdk/jre/lib/amd64/libjava.so
7f9b181f0000-7f9b181f1000 rw-p 00000000 00:00 0 
7f9b181f1000-7f9b183fd000 r-xp 00000000 fd:03 288293763                  /usr/lib/jvm/java-1.8-openjdk/jre/lib/amd64/libverify.so
7f9b183fd000-7f9b183ff000 r--p 0000c000 fd:03 288293763                  /usr/lib/jvm/java-1.8-openjdk/jre/lib/amd64/libverify.so
7f9b183ff000-7f9b18400000 rw-p 0000e000 fd:03 288293763                  /usr/lib/jvm/java-1.8-openjdk/jre/lib/amd64/libverify.so
7f9b18400000-7f9b18610000 r-xp 00000000 fd:03 288294014                  /usr/lib/libgcc_s.so.1
7f9b18610000-7f9b18611000 r--p 00010000 fd:03 288294014                  /usr/lib/libgcc_s.so.1
7f9b18611000-7f9b18612000 rw-p 00011000 fd:03 288294014                  /usr/lib/libgcc_s.so.1
7f9b18612000-7f9b18953000 r-xp 00000000 fd:03 288294289                  /usr/lib/libstdc++.so.6.0.22
7f9b18953000-7f9b18961000 r--p 00141000 fd:03 288294289                  /usr/lib/libstdc++.so.6.0.22
7f9b18961000-7f9b18962000 rw-p 0014f000 fd:03 288294289                  /usr/lib/libstdc++.so.6.0.22
7f9b18962000-7f9b18965000 rw-p 00000000 00:00 0 
7f9b18965000-7f9b19339000 r-xp 00000000 fd:03 288293768                  /usr/lib/jvm/java-1.8-openjdk/jre/lib/amd64/server/libjvm.so
7f9b19339000-7f9b193cf000 r--p 007d4000 fd:03 288293768                  /usr/lib/jvm/java-1.8-openjdk/jre/lib/amd64/server/libjvm.so
7f9b193cf000-7f9b193f7000 rw-p 0086a000 fd:03 288293768                  /usr/lib/jvm/java-1.8-openjdk/jre/lib/amd64/server/libjvm.so
7f9b193f7000-7f9b19428000 rw-p 00000000 00:00 0 
7f9b19428000-7f9b1963d000 r-xp 00000000 fd:03 132383751                  /lib/libz.so.1.2.11
7f9b1963d000-7f9b1963e000 r--p 00015000 fd:03 132383751                  /lib/libz.so.1.2.11
7f9b1963e000-7f9b1963f000 rw-p 00016000 fd:03 132383751                  /lib/libz.so.1.2.11
7f9b1963f000-7f9b1984b000 r-xp 00000000 fd:03 288293729                  /usr/lib/jvm/java-1.8-openjdk/jre/lib/amd64/jli/libjli.so
7f9b1984b000-7f9b1984c000 r--p 0000c000 fd:03 288293729                  /usr/lib/jvm/java-1.8-openjdk/jre/lib/amd64/jli/libjli.so
7f9b1984c000-7f9b1984d000 rw-p 0000d000 fd:03 288293729                  /usr/lib/jvm/java-1.8-openjdk/jre/lib/amd64/jli/libjli.so
7f9b1984d000-7f9b198da000 r-xp 00000000 fd:03 288227753                  /lib/ld-musl-x86_64.so.1
7f9b198da000-7f9b198db000 r--s 00006000 fd:03 289473190                  /home/user/.m2/repository/org/apache/ratis/ratis-metrics/0.4.0/ratis-metrics-0.4.0.jar
7f9b198db000-7f9b198dd000 r--s 0000c000 fd:03 289473163                  /home/user/.m2/repository/org/apache/ratis/ratis-client/0.4.0/ratis-client-0.4.0.jar
7f9b198dd000-7f9b198e2000 r--s 0003a000 fd:03 289473172                  /home/user/.m2/repository/org/apache/ratis/ratis-common/0.4.0/ratis-common-0.4.0.jar
7f9b198e2000-7f9b198e8000 r--s 00050000 fd:03 289473217                  /home/user/.m2/repository/org/apache/ratis/ratis-server/0.4.0/ratis-server-0.4.0.jar
7f9b198e8000-7f9b198eb000 r--s 000fd000 fd:03 289538227                  /home/user/.m2/repository/org/fusesource/leveldbjni/leveldbjni-all/1.8/leveldbjni-all-1.8.jar
7f9b198eb000-7f9b198ed000 r--s 00005000 fd:03 289342180                  /home/user/.m2/repository/javax/annotation/javax.annotation-api/1.2/javax.annotation-api-1.2.jar
7f9b198ed000-7f9b198ef000 r--s 00002000 fd:03 289472921                  /home/user/.m2/repository/org/apache/maven/surefire/surefire-logger-api/3.0.0-M1/surefire-logger-api-3.0.0-M1.jar
7f9b198ef000-7f9b198f4000 r--s 00027000 fd:03 289472903                  /home/user/.m2/repository/org/apache/maven/surefire/surefire-api/3.0.0-M1/surefire-api-3.0.0-M1.jar
7f9b198f4000-7f9b198fa000 r--s 00047000 fd:03 289472912                  /home/user/.m2/repository/org/apache/maven/surefire/surefire-booter/3.0.0-M1/surefire-booter-3.0.0-M1.jar
7f9b198fa000-7f9b198fb000 r--s 00004000 fd:05 5245390                    /workdir/hadoop-hdds/server-scm/target/surefire/surefirebooter8310777189720602472.jar
7f9b198fb000-7f9b198fc000 r--s 00000000 fd:03 132383687                  /etc/localtime
7f9b198fc000-7f9b199cd000 rw-p 00000000 00:00 0 
7f9b199cd000-7f9b199d5000 rw-s 00000000 fd:03 16390077                   /tmp/hsperfdata_jenkins1000/7164
7f9b199d5000-7f9b199d6000 rw-p 00000000 00:00 0 
7f9b199d6000-7f9b199d7000 r--p 00000000 00:00 0 
7f9b199d7000-7f9b199d9000 ---p 00000000 00:00 0 
7f9b199d9000-7f9b199dc000 ---p 00000000 00:00 0 
7f9b199dc000-7f9b19ada000 rw-p 00000000 00:00 0 
7f9b19ada000-7f9b19adb000 r--p 0008d000 fd:03 288227753                  /lib/ld-musl-x86_64.so.1
7f9b19adb000-7f9b19adc000 rw-p 0008e000 fd:03 288227753                  /lib/ld-musl-x86_64.so.1
7f9b19adc000-7f9b19adf000 rw-p 00000000 00:00 0 
7ffd6aee1000-7ffd6af03000 rw-p 00000000 00:00 0                          [stack]
7ffd6afde000-7ffd6afe0000 r-xp 00000000 00:00 0                          [vdso]
ffffffffff600000-ffffffffff601000 r-xp 00000000 00:00 0                  [vsyscall]

VM Arguments:
jvm_args: -Xmx2048m -XX:+HeapDumpOnOutOfMemoryError 
java_command: /workdir/hadoop-hdds/server-scm/target/surefire/surefirebooter8310777189720602472.jar /workdir/hadoop-hdds/server-scm/target/surefire 2019-10-14T08-25-26_461-jvmRun1 surefire2868326804476378741tmp surefire_727348693703117769842tmp
java_class_path (initial): /workdir/hadoop-hdds/server-scm/target/surefire/surefirebooter8310777189720602472.jar
Launcher Type: SUN_STANDARD

Environment Variables:
PATH=/usr/local/sbin:/usr/local/bin:/usr/sbin:/usr/bin:/sbin:/bin:/opt/findbugs/bin:/opt/blockade/bin
LD_LIBRARY_PATH=/usr/lib/jvm/java-1.8-openjdk/jre/lib/amd64/server:/usr/lib/jvm/java-1.8-openjdk/jre/lib/amd64:/usr/lib/jvm/java-1.8-openjdk/jre/../lib/amd64:/workdir/hadoop-hdds/server-scm/target/native/target/usr/local/lib:/workdir/hadoop-hdds/server-scm/../../hadoop-common-project/hadoop-common/target/native/target/usr/local/lib
DYLD_LIBRARY_PATH=${env.DYLD_LIBRARY_PATH}:/workdir/hadoop-hdds/server-scm/target/native/target/usr/local/lib:/workdir/hadoop-hdds/server-scm/../../hadoop-common-project/hadoop-common/target/native/target/usr/local/lib

Signal Handlers:
SIGSEGV: [libjvm.so+0x600fd2], sa_mask[0]=11111111011111111101111111111110, sa_flags=SA_RESTART|SA_SIGINFO
SIGBUS: [libjvm.so+0x600fd2], sa_mask[0]=11111111011111111101111111111110, sa_flags=SA_RESTART|SA_SIGINFO
SIGFPE: [libjvm.so+0x539502], sa_mask[0]=11111111011111111101111111111110, sa_flags=SA_RESTART|SA_SIGINFO
SIGPIPE: [libjvm.so+0x539502], sa_mask[0]=11111111011111111101111111111110, sa_flags=SA_RESTART|SA_SIGINFO
SIGXFSZ: [libjvm.so+0x539502], sa_mask[0]=11111111011111111101111111111110, sa_flags=SA_RESTART|SA_SIGINFO
SIGILL: [libjvm.so+0x539502], sa_mask[0]=11111111011111111101111111111110, sa_flags=SA_RESTART|SA_SIGINFO
SIGUSR1: SIG_DFL, sa_mask[0]=00000000000000000000000000000000, sa_flags=none
SIGUSR2: [libjvm.so+0x5396a1], sa_mask[0]=00100000000000000000000000000000, sa_flags=SA_RESTART|SA_SIGINFO
SIGHUP: [libjvm.so+0x53b719], sa_mask[0]=11111111011111111101111111111110, sa_flags=SA_RESTART|SA_SIGINFO
SIGINT: [libjvm.so+0x53b719], sa_mask[0]=11111111011111111101111111111110, sa_flags=SA_RESTART|SA_SIGINFO
SIGTERM: [libjvm.so+0x53b719], sa_mask[0]=11111111011111111101111111111110, sa_flags=SA_RESTART|SA_SIGINFO
SIGQUIT: [libjvm.so+0x53b719], sa_mask[0]=11111111011111111101111111111110, sa_flags=SA_RESTART|SA_SIGINFO


---------------  S Y S T E M  ---------------

OS:NAME="Alpine Linux"
ID=alpine
VERSION_ID=3.8.2
PRETTY_NAME="Alpine Linux v3.8"
HOME_URL="http://alpinelinux.org"
BUG_REPORT_URL="http://bugs.alpinelinux.org"

uname:Linux 3.10.0-957.12.2.el7.x86_64 #1 SMP Tue May 14 21:24:32 UTC 2019 x86_64
libc:glibc 2.9 NPTL 
rlimit: STACK 8192k, CORE infinity, NPROC 1048576, NOFILE 1048576, AS infinity
load average:8.34 7.47 6.94

/proc/meminfo:
MemTotal:       263864176 kB
MemFree:         2131124 kB
MemAvailable:   128085028 kB
Buffers:        21103588 kB
Cached:         87963796 kB
SwapCached:            0 kB
Active:         180508220 kB
Inactive:       54328152 kB
Active(anon):   128599496 kB
Inactive(anon):  1986100 kB
Active(file):   51908724 kB
Inactive(file): 52342052 kB
Unevictable:       13856 kB
Mlocked:           13856 kB
SwapTotal:             0 kB
SwapFree:              0 kB
Dirty:             71256 kB
Writeback:             0 kB
AnonPages:      125784844 kB
Mapped:           369636 kB
Shmem:           4812488 kB
Slab:           24244720 kB
SReclaimable:   22587220 kB
SUnreclaim:      1657500 kB
KernelStack:      508928 kB
PageTables:       350160 kB
NFS_Unstable:          0 kB
Bounce:                0 kB
WritebackTmp:          0 kB
CommitLimit:    131932088 kB
Committed_AS:   183181720 kB
VmallocTotal:   34359738367 kB
VmallocUsed:      747952 kB
VmallocChunk:   34224619976 kB
HardwareCorrupted:     0 kB
AnonHugePages:   4407296 kB
CmaTotal:              0 kB
CmaFree:               0 kB
HugePages_Total:       0
HugePages_Free:        0
HugePages_Rsvd:        0
HugePages_Surp:        0
Hugepagesize:       2048 kB
DirectMap4k:      324344 kB
DirectMap2M:    10053632 kB
DirectMap1G:    260046848 kB

container (cgroup) information:
container_type: cgroupv1
cpu_cpuset_cpus: 0-31
cpu_memory_nodes: 0-1
active_processor_count: 2
cpu_quota: -1
cpu_period: 100000
cpu_shares: 2048
memory_limit_in_bytes: -1
memory_and_swap_limit_in_bytes: -1
memory_soft_limit_in_bytes: -1
memory_usage_in_bytes: 6379180032
memory_max_usage_in_bytes: 7853535232


CPU:total 32 (initial active 2) (8 cores per cpu, 2 threads per core) family 6 model 63 stepping 2, cmov, cx8, fxsr, mmx, sse, sse2, sse3, ssse3, sse4.1, sse4.2, popcnt, avx, avx2, aes, clmul, erms, lzcnt, ht, tsc, tscinvbit, bmi1, bmi2

/proc/cpuinfo:
processor	: 0
vendor_id	: GenuineIntel
cpu family	: 6
model		: 63
model name	: Intel(R) Xeon(R) CPU E5-2630 v3 @ 2.40GHz
stepping	: 2
microcode	: 0x43
cpu MHz		: 2671.142
cache size	: 20480 KB
physical id	: 0
siblings	: 16
core id		: 0
cpu cores	: 8
apicid		: 0
initial apicid	: 0
fpu		: yes
fpu_exception	: yes
cpuid level	: 15
wp		: yes
flags		: fpu vme de pse tsc msr pae mce cx8 apic sep mtrr pge mca cmov pat pse36 clflush dts acpi mmx fxsr sse sse2 ss ht tm pbe syscall nx pdpe1gb rdtscp lm constant_tsc arch_perfmon pebs bts rep_good nopl xtopology nonstop_tsc aperfmperf eagerfpu pni pclmulqdq dtes64 monitor ds_cpl vmx smx est tm2 ssse3 sdbg fma cx16 xtpr pdcm pcid dca sse4_1 sse4_2 x2apic movbe popcnt tsc_deadline_timer aes xsave avx f16c rdrand lahf_lm abm epb intel_ppin ssbd ibrs ibpb stibp tpr_shadow vnmi flexpriority ept vpid fsgsbase tsc_adjust bmi1 avx2 smep bmi2 erms invpcid cqm xsaveopt cqm_llc cqm_occup_llc dtherm ida arat pln pts md_clear spec_ctrl intel_stibp flush_l1d
bogomips	: 4788.52
clflush size	: 64
cache_alignment	: 64
address sizes	: 46 bits physical, 48 bits virtual
power management:

processor	: 1
vendor_id	: GenuineIntel
cpu family	: 6
model		: 63
model name	: Intel(R) Xeon(R) CPU E5-2630 v3 @ 2.40GHz
stepping	: 2
microcode	: 0x43
cpu MHz		: 2400.000
cache size	: 20480 KB
physical id	: 0
siblings	: 16
core id		: 1
cpu cores	: 8
apicid		: 2
initial apicid	: 2
fpu		: yes
fpu_exception	: yes
cpuid level	: 15
wp		: yes
flags		: fpu vme de pse tsc msr pae mce cx8 apic sep mtrr pge mca cmov pat pse36 clflush dts acpi mmx fxsr sse sse2 ss ht tm pbe syscall nx pdpe1gb rdtscp lm constant_tsc arch_perfmon pebs bts rep_good nopl xtopology nonstop_tsc aperfmperf eagerfpu pni pclmulqdq dtes64 monitor ds_cpl vmx smx est tm2 ssse3 sdbg fma cx16 xtpr pdcm pcid dca sse4_1 sse4_2 x2apic movbe popcnt tsc_deadline_timer aes xsave avx f16c rdrand lahf_lm abm epb intel_ppin ssbd ibrs ibpb stibp tpr_shadow vnmi flexpriority ept vpid fsgsbase tsc_adjust bmi1 avx2 smep bmi2 erms invpcid cqm xsaveopt cqm_llc cqm_occup_llc dtherm ida arat pln pts md_clear spec_ctrl intel_stibp flush_l1d
bogomips	: 4788.52
clflush size	: 64
cache_alignment	: 64
address sizes	: 46 bits physical, 48 bits virtual
power management:

processor	: 2
vendor_id	: GenuineIntel
cpu family	: 6
model		: 63
model name	: Intel(R) Xeon(R) CPU E5-2630 v3 @ 2.40GHz
stepping	: 2
microcode	: 0x43
cpu MHz		: 2776.464
cache size	: 20480 KB
physical id	: 0
siblings	: 16
core id		: 2
cpu cores	: 8
apicid		: 4
initial apicid	: 4
fpu		: yes
fpu_exception	: yes
cpuid level	: 15
wp		: yes
flags		: fpu vme de pse tsc msr pae mce cx8 apic sep mtrr pge mca cmov pat pse36 clflush dts acpi mmx fxsr sse sse2 ss ht tm pbe syscall nx pdpe1gb rdtscp lm constant_tsc arch_perfmon pebs bts rep_good nopl xtopology nonstop_tsc aperfmperf eagerfpu pni pclmulqdq dtes64 monitor ds_cpl vmx smx est tm2 ssse3 sdbg fma cx16 xtpr pdcm pcid dca sse4_1 sse4_2 x2apic movbe popcnt tsc_deadline_timer aes xsave avx f16c rdrand lahf_lm abm epb intel_ppin ssbd ibrs ibpb stibp tpr_shadow vnmi flexpriority ept vpid fsgsbase tsc_adjust bmi1 avx2 smep bmi2 erms invpcid cqm xsaveopt cqm_llc cqm_occup_llc dtherm ida arat pln pts md_clear spec_ctrl intel_stibp flush_l1d
bogomips	: 4788.52
clflush size	: 64
cache_alignment	: 64
address sizes	: 46 bits physical, 48 bits virtual
power management:

processor	: 3
vendor_id	: GenuineIntel
cpu family	: 6
model		: 63
model name	: Intel(R) Xeon(R) CPU E5-2630 v3 @ 2.40GHz
stepping	: 2
microcode	: 0x43
cpu MHz		: 2776.464
cache size	: 20480 KB
physical id	: 0
siblings	: 16
core id		: 3
cpu cores	: 8
apicid		: 6
initial apicid	: 6
fpu		: yes
fpu_exception	: yes
cpuid level	: 15
wp		: yes
flags		: fpu vme de pse tsc msr pae mce cx8 apic sep mtrr pge mca cmov pat pse36 clflush dts acpi mmx fxsr sse sse2 ss ht tm pbe syscall nx pdpe1gb rdtscp lm constant_tsc arch_perfmon pebs bts rep_good nopl xtopology nonstop_tsc aperfmperf eagerfpu pni pclmulqdq dtes64 monitor ds_cpl vmx smx est tm2 ssse3 sdbg fma cx16 xtpr pdcm pcid dca sse4_1 sse4_2 x2apic movbe popcnt tsc_deadline_timer aes xsave avx f16c rdrand lahf_lm abm epb intel_ppin ssbd ibrs ibpb stibp tpr_shadow vnmi flexpriority ept vpid fsgsbase tsc_adjust bmi1 avx2 smep bmi2 erms invpcid cqm xsaveopt cqm_llc cqm_occup_llc dtherm ida arat pln pts md_clear spec_ctrl intel_stibp flush_l1d
bogomips	: 4788.52
clflush size	: 64
cache_alignment	: 64
address sizes	: 46 bits physical, 48 bits virtual
power management:

processor	: 4
vendor_id	: GenuineIntel
cpu family	: 6
model		: 63
model name	: Intel(R) Xeon(R) CPU E5-2630 v3 @ 2.40GHz
stepping	: 2
microcode	: 0x43
cpu MHz		: 2220.849
cache size	: 20480 KB
physical id	: 0
siblings	: 16
core id		: 4
cpu cores	: 8
apicid		: 8
initial apicid	: 8
fpu		: yes
fpu_exception	: yes
cpuid level	: 15
wp		: yes
flags		: fpu vme de pse tsc msr pae mce cx8 apic sep mtrr pge mca cmov pat pse36 clflush dts acpi mmx fxsr sse sse2 ss ht tm pbe syscall nx pdpe1gb rdtscp lm constant_tsc arch_perfmon pebs bts rep_good nopl xtopology nonstop_tsc aperfmperf eagerfpu pni pclmulqdq dtes64 monitor ds_cpl vmx smx est tm2 ssse3 sdbg fma cx16 xtpr pdcm pcid dca sse4_1 sse4_2 x2apic movbe popcnt tsc_deadline_timer aes xsave avx f16c rdrand lahf_lm abm epb intel_ppin ssbd ibrs ibpb stibp tpr_shadow vnmi flexpriority ept vpid fsgsbase tsc_adjust bmi1 avx2 smep bmi2 erms invpcid cqm xsaveopt cqm_llc cqm_occup_llc dtherm ida arat pln pts md_clear spec_ctrl intel_stibp flush_l1d
bogomips	: 4788.52
clflush size	: 64
cache_alignment	: 64
address sizes	: 46 bits physical, 48 bits virtual
power management:

processor	: 5
vendor_id	: GenuineIntel
cpu family	: 6
model		: 63
model name	: Intel(R) Xeon(R) CPU E5-2630 v3 @ 2.40GHz
stepping	: 2
microcode	: 0x43
cpu MHz		: 2199.902
cache size	: 20480 KB
physical id	: 0
siblings	: 16
core id		: 5
cpu cores	: 8
apicid		: 10
initial apicid	: 10
fpu		: yes
fpu_exception	: yes
cpuid level	: 15
wp		: yes
flags		: fpu vme de pse tsc msr pae mce cx8 apic sep mtrr pge mca cmov pat pse36 clflush dts acpi mmx fxsr sse sse2 ss ht tm pbe syscall nx pdpe1gb rdtscp lm constant_tsc arch_perfmon pebs bts rep_good nopl xtopology nonstop_tsc aperfmperf eagerfpu pni pclmulqdq dtes64 monitor ds_cpl vmx smx est tm2 ssse3 sdbg fma cx16 xtpr pdcm pcid dca sse4_1 sse4_2 x2apic movbe popcnt tsc_deadline_timer aes xsave avx f16c rdrand lahf_lm abm epb intel_ppin ssbd ibrs ibpb stibp tpr_shadow vnmi flexpriority ept vpid fsgsbase tsc_adjust bmi1 avx2 smep bmi2 erms invpcid cqm xsaveopt cqm_llc cqm_occup_llc dtherm ida arat pln pts md_clear spec_ctrl intel_stibp flush_l1d
bogomips	: 4788.52
clflush size	: 64
cache_alignment	: 64
address sizes	: 46 bits physical, 48 bits virtual
power management:

processor	: 6
vendor_id	: GenuineIntel
cpu family	: 6
model		: 63
model name	: Intel(R) Xeon(R) CPU E5-2630 v3 @ 2.40GHz
stepping	: 2
microcode	: 0x43
cpu MHz		: 2444.970
cache size	: 20480 KB
physical id	: 0
siblings	: 16
core id		: 6
cpu cores	: 8
apicid		: 12
initial apicid	: 12
fpu		: yes
fpu_exception	: yes
cpuid level	: 15
wp		: yes
flags		: fpu vme de pse tsc msr pae mce cx8 apic sep mtrr pge mca cmov pat pse36 clflush dts acpi mmx fxsr sse sse2 ss ht tm pbe syscall nx pdpe1gb rdtscp lm constant_tsc arch_perfmon pebs bts rep_good nopl xtopology nonstop_tsc aperfmperf eagerfpu pni pclmulqdq dtes64 monitor ds_cpl vmx smx est tm2 ssse3 sdbg fma cx16 xtpr pdcm pcid dca sse4_1 sse4_2 x2apic movbe popcnt tsc_deadline_timer aes xsave avx f16c rdrand lahf_lm abm epb intel_ppin ssbd ibrs ibpb stibp tpr_shadow vnmi flexpriority ept vpid fsgsbase tsc_adjust bmi1 avx2 smep bmi2 erms invpcid cqm xsaveopt cqm_llc cqm_occup_llc dtherm ida arat pln pts md_clear spec_ctrl intel_stibp flush_l1d
bogomips	: 4788.52
clflush size	: 64
cache_alignment	: 64
address sizes	: 46 bits physical, 48 bits virtual
power management:

processor	: 7
vendor_id	: GenuineIntel
cpu family	: 6
model		: 63
model name	: Intel(R) Xeon(R) CPU E5-2630 v3 @ 2.40GHz
stepping	: 2
microcode	: 0x43
cpu MHz		: 2015.332
cache size	: 20480 KB
physical id	: 0
siblings	: 16
core id		: 7
cpu cores	: 8
apicid		: 14
initial apicid	: 14
fpu		: yes
fpu_exception	: yes
cpuid level	: 15
wp		: yes
flags		: fpu vme de pse tsc msr pae mce cx8 apic sep mtrr pge mca cmov pat pse36 clflush dts acpi mmx fxsr sse sse2 ss ht tm pbe syscall nx pdpe1gb rdtscp lm constant_tsc arch_perfmon pebs bts rep_good nopl xtopology nonstop_tsc aperfmperf eagerfpu pni pclmulqdq dtes64 monitor ds_cpl vmx smx est tm2 ssse3 sdbg fma cx16 xtpr pdcm pcid dca sse4_1 sse4_2 x2apic movbe popcnt tsc_deadline_timer aes xsave avx f16c rdrand lahf_lm abm epb intel_ppin ssbd ibrs ibpb stibp tpr_shadow vnmi flexpriority ept vpid fsgsbase tsc_adjust bmi1 avx2 smep bmi2 erms invpcid cqm xsaveopt cqm_llc cqm_occup_llc dtherm ida arat pln pts md_clear spec_ctrl intel_stibp flush_l1d
bogomips	: 4788.52
clflush size	: 64
cache_alignment	: 64
address sizes	: 46 bits physical, 48 bits virtual
power management:

processor	: 8
vendor_id	: GenuineIntel
cpu family	: 6
model		: 63
model name	: Intel(R) Xeon(R) CPU E5-2630 v3 @ 2.40GHz
stepping	: 2
microcode	: 0x43
cpu MHz		: 2641.113
cache size	: 20480 KB
physical id	: 1
siblings	: 16
core id		: 0
cpu cores	: 8
apicid		: 16
initial apicid	: 16
fpu		: yes
fpu_exception	: yes
cpuid level	: 15
wp		: yes
flags		: fpu vme de pse tsc msr pae mce cx8 apic sep mtrr pge mca cmov pat pse36 clflush dts acpi mmx fxsr sse sse2 ss ht tm pbe syscall nx pdpe1gb rdtscp lm constant_tsc arch_perfmon pebs bts rep_good nopl xtopology nonstop_tsc aperfmperf eagerfpu pni pclmulqdq dtes64 monitor ds_cpl vmx smx est tm2 ssse3 sdbg fma cx16 xtpr pdcm pcid dca sse4_1 sse4_2 x2apic movbe popcnt tsc_deadline_timer aes xsave avx f16c rdrand lahf_lm abm epb intel_ppin ssbd ibrs ibpb stibp tpr_shadow vnmi flexpriority ept vpid fsgsbase tsc_adjust bmi1 avx2 smep bmi2 erms invpcid cqm xsaveopt cqm_llc cqm_occup_llc dtherm ida arat pln pts md_clear spec_ctrl intel_stibp flush_l1d
bogomips	: 4794.04
clflush size	: 64
cache_alignment	: 64
address sizes	: 46 bits physical, 48 bits virtual
power management:

processor	: 9
vendor_id	: GenuineIntel
cpu family	: 6
model		: 63
model name	: Intel(R) Xeon(R) CPU E5-2630 v3 @ 2.40GHz
stepping	: 2
microcode	: 0x43
cpu MHz		: 2681.103
cache size	: 20480 KB
physical id	: 1
siblings	: 16
core id		: 1
cpu cores	: 8
apicid		: 18
initial apicid	: 18
fpu		: yes
fpu_exception	: yes
cpuid level	: 15
wp		: yes
flags		: fpu vme de pse tsc msr pae mce cx8 apic sep mtrr pge mca cmov pat pse36 clflush dts acpi mmx fxsr sse sse2 ss ht tm pbe syscall nx pdpe1gb rdtscp lm constant_tsc arch_perfmon pebs bts rep_good nopl xtopology nonstop_tsc aperfmperf eagerfpu pni pclmulqdq dtes64 monitor ds_cpl vmx smx est tm2 ssse3 sdbg fma cx16 xtpr pdcm pcid dca sse4_1 sse4_2 x2apic movbe popcnt tsc_deadline_timer aes xsave avx f16c rdrand lahf_lm abm epb intel_ppin ssbd ibrs ibpb stibp tpr_shadow vnmi flexpriority ept vpid fsgsbase tsc_adjust bmi1 avx2 smep bmi2 erms invpcid cqm xsaveopt cqm_llc cqm_occup_llc dtherm ida arat pln pts md_clear spec_ctrl intel_stibp flush_l1d
bogomips	: 4794.04
clflush size	: 64
cache_alignment	: 64
address sizes	: 46 bits physical, 48 bits virtual
power management:

processor	: 10
vendor_id	: GenuineIntel
cpu family	: 6
model		: 63
model name	: Intel(R) Xeon(R) CPU E5-2630 v3 @ 2.40GHz
stepping	: 2
microcode	: 0x43
cpu MHz		: 2399.121
cache size	: 20480 KB
physical id	: 1
siblings	: 16
core id		: 2
cpu cores	: 8
apicid		: 20
initial apicid	: 20
fpu		: yes
fpu_exception	: yes
cpuid level	: 15
wp		: yes
flags		: fpu vme de pse tsc msr pae mce cx8 apic sep mtrr pge mca cmov pat pse36 clflush dts acpi mmx fxsr sse sse2 ss ht tm pbe syscall nx pdpe1gb rdtscp lm constant_tsc arch_perfmon pebs bts rep_good nopl xtopology nonstop_tsc aperfmperf eagerfpu pni pclmulqdq dtes64 monitor ds_cpl vmx smx est tm2 ssse3 sdbg fma cx16 xtpr pdcm pcid dca sse4_1 sse4_2 x2apic movbe popcnt tsc_deadline_timer aes xsave avx f16c rdrand lahf_lm abm epb intel_ppin ssbd ibrs ibpb stibp tpr_shadow vnmi flexpriority ept vpid fsgsbase tsc_adjust bmi1 avx2 smep bmi2 erms invpcid cqm xsaveopt cqm_llc cqm_occup_llc dtherm ida arat pln pts md_clear spec_ctrl intel_stibp flush_l1d
bogomips	: 4794.04
clflush size	: 64
cache_alignment	: 64
address sizes	: 46 bits physical, 48 bits virtual
power management:

processor	: 11
vendor_id	: GenuineIntel
cpu family	: 6
model		: 63
model name	: Intel(R) Xeon(R) CPU E5-2630 v3 @ 2.40GHz
stepping	: 2
microcode	: 0x43
cpu MHz		: 2636.279
cache size	: 20480 KB
physical id	: 1
siblings	: 16
core id		: 3
cpu cores	: 8
apicid		: 22
initial apicid	: 22
fpu		: yes
fpu_exception	: yes
cpuid level	: 15
wp		: yes
flags		: fpu vme de pse tsc msr pae mce cx8 apic sep mtrr pge mca cmov pat pse36 clflush dts acpi mmx fxsr sse sse2 ss ht tm pbe syscall nx pdpe1gb rdtscp lm constant_tsc arch_perfmon pebs bts rep_good nopl xtopology nonstop_tsc aperfmperf eagerfpu pni pclmulqdq dtes64 monitor ds_cpl vmx smx est tm2 ssse3 sdbg fma cx16 xtpr pdcm pcid dca sse4_1 sse4_2 x2apic movbe popcnt tsc_deadline_timer aes xsave avx f16c rdrand lahf_lm abm epb intel_ppin ssbd ibrs ibpb stibp tpr_shadow vnmi flexpriority ept vpid fsgsbase tsc_adjust bmi1 avx2 smep bmi2 erms invpcid cqm xsaveopt cqm_llc cqm_occup_llc dtherm ida arat pln pts md_clear spec_ctrl intel_stibp flush_l1d
bogomips	: 4794.04
clflush size	: 64
cache_alignment	: 64
address sizes	: 46 bits physical, 48 bits virtual
power management:

processor	: 12
vendor_id	: GenuineIntel
cpu family	: 6
model		: 63
model name	: Intel(R) Xeon(R) CPU E5-2630 v3 @ 2.40GHz
stepping	: 2
microcode	: 0x43
cpu MHz		: 2743.359
cache size	: 20480 KB
physical id	: 1
siblings	: 16
core id		: 4
cpu cores	: 8
apicid		: 24
initial apicid	: 24
fpu		: yes
fpu_exception	: yes
cpuid level	: 15
wp		: yes
flags		: fpu vme de pse tsc msr pae mce cx8 apic sep mtrr pge mca cmov pat pse36 clflush dts acpi mmx fxsr sse sse2 ss ht tm pbe syscall nx pdpe1gb rdtscp lm constant_tsc arch_perfmon pebs bts rep_good nopl xtopology nonstop_tsc aperfmperf eagerfpu pni pclmulqdq dtes64 monitor ds_cpl vmx smx est tm2 ssse3 sdbg fma cx16 xtpr pdcm pcid dca sse4_1 sse4_2 x2apic movbe popcnt tsc_deadline_timer aes xsave avx f16c rdrand lahf_lm abm epb intel_ppin ssbd ibrs ibpb stibp tpr_shadow vnmi flexpriority ept vpid fsgsbase tsc_adjust bmi1 avx2 smep bmi2 erms invpcid cqm xsaveopt cqm_llc cqm_occup_llc dtherm ida arat pln pts md_clear spec_ctrl intel_stibp flush_l1d
bogomips	: 4794.04
clflush size	: 64
cache_alignment	: 64
address sizes	: 46 bits physical, 48 bits virtual
power management:

processor	: 13
vendor_id	: GenuineIntel
cpu family	: 6
model		: 63
model name	: Intel(R) Xeon(R) CPU E5-2630 v3 @ 2.40GHz
stepping	: 2
microcode	: 0x43
cpu MHz		: 2616.503
cache size	: 20480 KB
physical id	: 1
siblings	: 16
core id		: 5
cpu cores	: 8
apicid		: 26
initial apicid	: 26
fpu		: yes
fpu_exception	: yes
cpuid level	: 15
wp		: yes
flags		: fpu vme de pse tsc msr pae mce cx8 apic sep mtrr pge mca cmov pat pse36 clflush dts acpi mmx fxsr sse sse2 ss ht tm pbe syscall nx pdpe1gb rdtscp lm constant_tsc arch_perfmon pebs bts rep_good nopl xtopology nonstop_tsc aperfmperf eagerfpu pni pclmulqdq dtes64 monitor ds_cpl vmx smx est tm2 ssse3 sdbg fma cx16 xtpr pdcm pcid dca sse4_1 sse4_2 x2apic movbe popcnt tsc_deadline_timer aes xsave avx f16c rdrand lahf_lm abm epb intel_ppin ssbd ibrs ibpb stibp tpr_shadow vnmi flexpriority ept vpid fsgsbase tsc_adjust bmi1 avx2 smep bmi2 erms invpcid cqm xsaveopt cqm_llc cqm_occup_llc dtherm ida arat pln pts md_clear spec_ctrl intel_stibp flush_l1d
bogomips	: 4794.04
clflush size	: 64
cache_alignment	: 64
address sizes	: 46 bits physical, 48 bits virtual
power management:

processor	: 14
vendor_id	: GenuineIntel
cpu family	: 6
model		: 63
model name	: Intel(R) Xeon(R) CPU E5-2630 v3 @ 2.40GHz
stepping	: 2
microcode	: 0x43
cpu MHz		: 2719.042
cache size	: 20480 KB
physical id	: 1
siblings	: 16
core id		: 6
cpu cores	: 8
apicid		: 28
initial apicid	: 28
fpu		: yes
fpu_exception	: yes
cpuid level	: 15
wp		: yes
flags		: fpu vme de pse tsc msr pae mce cx8 apic sep mtrr pge mca cmov pat pse36 clflush dts acpi mmx fxsr sse sse2 ss ht tm pbe syscall nx pdpe1gb rdtscp lm constant_tsc arch_perfmon pebs bts rep_good nopl xtopology nonstop_tsc aperfmperf eagerfpu pni pclmulqdq dtes64 monitor ds_cpl vmx smx est tm2 ssse3 sdbg fma cx16 xtpr pdcm pcid dca sse4_1 sse4_2 x2apic movbe popcnt tsc_deadline_timer aes xsave avx f16c rdrand lahf_lm abm epb intel_ppin ssbd ibrs ibpb stibp tpr_shadow vnmi flexpriority ept vpid fsgsbase tsc_adjust bmi1 avx2 smep bmi2 erms invpcid cqm xsaveopt cqm_llc cqm_occup_llc dtherm ida arat pln pts md_clear spec_ctrl intel_stibp flush_l1d
bogomips	: 4794.04
clflush size	: 64
cache_alignment	: 64
address sizes	: 46 bits physical, 48 bits virtual
power management:

processor	: 15
vendor_id	: GenuineIntel
cpu family	: 6
model		: 63
model name	: Intel(R) Xeon(R) CPU E5-2630 v3 @ 2.40GHz
stepping	: 2
microcode	: 0x43
cpu MHz		: 2690.625
cache size	: 20480 KB
physical id	: 1
siblings	: 16
core id		: 7
cpu cores	: 8
apicid		: 30
initial apicid	: 30
fpu		: yes
fpu_exception	: yes
cpuid level	: 15
wp		: yes
flags		: fpu vme de pse tsc msr pae mce cx8 apic sep mtrr pge mca cmov pat pse36 clflush dts acpi mmx fxsr sse sse2 ss ht tm pbe syscall nx pdpe1gb rdtscp lm constant_tsc arch_perfmon pebs bts rep_good nopl xtopology nonstop_tsc aperfmperf eagerfpu pni pclmulqdq dtes64 monitor ds_cpl vmx smx est tm2 ssse3 sdbg fma cx16 xtpr pdcm pcid dca sse4_1 sse4_2 x2apic movbe popcnt tsc_deadline_timer aes xsave avx f16c rdrand lahf_lm abm epb intel_ppin ssbd ibrs ibpb stibp tpr_shadow vnmi flexpriority ept vpid fsgsbase tsc_adjust bmi1 avx2 smep bmi2 erms invpcid cqm xsaveopt cqm_llc cqm_occup_llc dtherm ida arat pln pts md_clear spec_ctrl intel_stibp flush_l1d
bogomips	: 4794.04
clflush size	: 64
cache_alignment	: 64
address sizes	: 46 bits physical, 48 bits virtual
power management:

processor	: 16
vendor_id	: GenuineIntel
cpu family	: 6
model		: 63
model name	: Intel(R) Xeon(R) CPU E5-2630 v3 @ 2.40GHz
stepping	: 2
microcode	: 0x43
cpu MHz		: 2617.675
cache size	: 20480 KB
physical id	: 0
siblings	: 16
core id		: 0
cpu cores	: 8
apicid		: 1
initial apicid	: 1
fpu		: yes
fpu_exception	: yes
cpuid level	: 15
wp		: yes
flags		: fpu vme de pse tsc msr pae mce cx8 apic sep mtrr pge mca cmov pat pse36 clflush dts acpi mmx fxsr sse sse2 ss ht tm pbe syscall nx pdpe1gb rdtscp lm constant_tsc arch_perfmon pebs bts rep_good nopl xtopology nonstop_tsc aperfmperf eagerfpu pni pclmulqdq dtes64 monitor ds_cpl vmx smx est tm2 ssse3 sdbg fma cx16 xtpr pdcm pcid dca sse4_1 sse4_2 x2apic movbe popcnt tsc_deadline_timer aes xsave avx f16c rdrand lahf_lm abm epb intel_ppin ssbd ibrs ibpb stibp tpr_shadow vnmi flexpriority ept vpid fsgsbase tsc_adjust bmi1 avx2 smep bmi2 erms invpcid cqm xsaveopt cqm_llc cqm_occup_llc dtherm ida arat pln pts md_clear spec_ctrl intel_stibp flush_l1d
bogomips	: 4788.52
clflush size	: 64
cache_alignment	: 64
address sizes	: 46 bits physical, 48 bits virtual
power management:

processor	: 17
vendor_id	: GenuineIntel
cpu family	: 6
model		: 63
model name	: Intel(R) Xeon(R) CPU E5-2630 v3 @ 2.40GHz
stepping	: 2
microcode	: 0x43
cpu MHz		: 2399.853
cache size	: 20480 KB
physical id	: 0
siblings	: 16
core id		: 1
cpu cores	: 8
apicid		: 3
initial apicid	: 3
fpu		: yes
fpu_exception	: yes
cpuid level	: 15
wp		: yes
flags		: fpu vme de pse tsc msr pae mce cx8 apic sep mtrr pge mca cmov pat pse36 clflush dts acpi mmx fxsr sse sse2 ss ht tm pbe syscall nx pdpe1gb rdtscp lm constant_tsc arch_perfmon pebs bts rep_good nopl xtopology nonstop_tsc aperfmperf eagerfpu pni pclmulqdq dtes64 monitor ds_cpl vmx smx est tm2 ssse3 sdbg fma cx16 xtpr pdcm pcid dca sse4_1 sse4_2 x2apic movbe popcnt tsc_deadline_timer aes xsave avx f16c rdrand lahf_lm abm epb intel_ppin ssbd ibrs ibpb stibp tpr_shadow vnmi flexpriority ept vpid fsgsbase tsc_adjust bmi1 avx2 smep bmi2 erms invpcid cqm xsaveopt cqm_llc cqm_occup_llc dtherm ida arat pln pts md_clear spec_ctrl intel_stibp flush_l1d
bogomips	: 4788.52
clflush size	: 64
cache_alignment	: 64
address sizes	: 46 bits physical, 48 bits virtual
power management:

processor	: 18
vendor_id	: GenuineIntel
cpu family	: 6
model		: 63
model name	: Intel(R) Xeon(R) CPU E5-2630 v3 @ 2.40GHz
stepping	: 2
microcode	: 0x43
cpu MHz		: 2655.175
cache size	: 20480 KB
physical id	: 0
siblings	: 16
core id		: 2
cpu cores	: 8
apicid		: 5
initial apicid	: 5
fpu		: yes
fpu_exception	: yes
cpuid level	: 15
wp		: yes
flags		: fpu vme de pse tsc msr pae mce cx8 apic sep mtrr pge mca cmov pat pse36 clflush dts acpi mmx fxsr sse sse2 ss ht tm pbe syscall nx pdpe1gb rdtscp lm constant_tsc arch_perfmon pebs bts rep_good nopl xtopology nonstop_tsc aperfmperf eagerfpu pni pclmulqdq dtes64 monitor ds_cpl vmx smx est tm2 ssse3 sdbg fma cx16 xtpr pdcm pcid dca sse4_1 sse4_2 x2apic movbe popcnt tsc_deadline_timer aes xsave avx f16c rdrand lahf_lm abm epb intel_ppin ssbd ibrs ibpb stibp tpr_shadow vnmi flexpriority ept vpid fsgsbase tsc_adjust bmi1 avx2 smep bmi2 erms invpcid cqm xsaveopt cqm_llc cqm_occup_llc dtherm ida arat pln pts md_clear spec_ctrl intel_stibp flush_l1d
bogomips	: 4788.52
clflush size	: 64
cache_alignment	: 64
address sizes	: 46 bits physical, 48 bits virtual
power management:

processor	: 19
vendor_id	: GenuineIntel
cpu family	: 6
model		: 63
model name	: Intel(R) Xeon(R) CPU E5-2630 v3 @ 2.40GHz
stepping	: 2
microcode	: 0x43
cpu MHz		: 2614.746
cache size	: 20480 KB
physical id	: 0
siblings	: 16
core id		: 3
cpu cores	: 8
apicid		: 7
initial apicid	: 7
fpu		: yes
fpu_exception	: yes
cpuid level	: 15
wp		: yes
flags		: fpu vme de pse tsc msr pae mce cx8 apic sep mtrr pge mca cmov pat pse36 clflush dts acpi mmx fxsr sse sse2 ss ht tm pbe syscall nx pdpe1gb rdtscp lm constant_tsc arch_perfmon pebs bts rep_good nopl xtopology nonstop_tsc aperfmperf eagerfpu pni pclmulqdq dtes64 monitor ds_cpl vmx smx est tm2 ssse3 sdbg fma cx16 xtpr pdcm pcid dca sse4_1 sse4_2 x2apic movbe popcnt tsc_deadline_timer aes xsave avx f16c rdrand lahf_lm abm epb intel_ppin ssbd ibrs ibpb stibp tpr_shadow vnmi flexpriority ept vpid fsgsbase tsc_adjust bmi1 avx2 smep bmi2 erms invpcid cqm xsaveopt cqm_llc cqm_occup_llc dtherm ida arat pln pts md_clear spec_ctrl intel_stibp flush_l1d
bogomips	: 4788.52
clflush size	: 64
cache_alignment	: 64
address sizes	: 46 bits physical, 48 bits virtual
power management:

processor	: 20
vendor_id	: GenuineIntel
cpu family	: 6
model		: 63
model name	: Intel(R) Xeon(R) CPU E5-2630 v3 @ 2.40GHz
stepping	: 2
microcode	: 0x43
cpu MHz		: 2305.224
cache size	: 20480 KB
physical id	: 0
siblings	: 16
core id		: 4
cpu cores	: 8
apicid		: 9
initial apicid	: 9
fpu		: yes
fpu_exception	: yes
cpuid level	: 15
wp		: yes
flags		: fpu vme de pse tsc msr pae mce cx8 apic sep mtrr pge mca cmov pat pse36 clflush dts acpi mmx fxsr sse sse2 ss ht tm pbe syscall nx pdpe1gb rdtscp lm constant_tsc arch_perfmon pebs bts rep_good nopl xtopology nonstop_tsc aperfmperf eagerfpu pni pclmulqdq dtes64 monitor ds_cpl vmx smx est tm2 ssse3 sdbg fma cx16 xtpr pdcm pcid dca sse4_1 sse4_2 x2apic movbe popcnt tsc_deadline_timer aes xsave avx f16c rdrand lahf_lm abm epb intel_ppin ssbd ibrs ibpb stibp tpr_shadow vnmi flexpriority ept vpid fsgsbase tsc_adjust bmi1 avx2 smep bmi2 erms invpcid cqm xsaveopt cqm_llc cqm_occup_llc dtherm ida arat pln pts md_clear spec_ctrl intel_stibp flush_l1d
bogomips	: 4788.52
clflush size	: 64
cache_alignment	: 64
address sizes	: 46 bits physical, 48 bits virtual
power management:

processor	: 21
vendor_id	: GenuineIntel
cpu family	: 6
model		: 63
model name	: Intel(R) Xeon(R) CPU E5-2630 v3 @ 2.40GHz
stepping	: 2
microcode	: 0x43
cpu MHz		: 2234.326
cache size	: 20480 KB
physical id	: 0
siblings	: 16
core id		: 5
cpu cores	: 8
apicid		: 11
initial apicid	: 11
fpu		: yes
fpu_exception	: yes
cpuid level	: 15
wp		: yes
flags		: fpu vme de pse tsc msr pae mce cx8 apic sep mtrr pge mca cmov pat pse36 clflush dts acpi mmx fxsr sse sse2 ss ht tm pbe syscall nx pdpe1gb rdtscp lm constant_tsc arch_perfmon pebs bts rep_good nopl xtopology nonstop_tsc aperfmperf eagerfpu pni pclmulqdq dtes64 monitor ds_cpl vmx smx est tm2 ssse3 sdbg fma cx16 xtpr pdcm pcid dca sse4_1 sse4_2 x2apic movbe popcnt tsc_deadline_timer aes xsave avx f16c rdrand lahf_lm abm epb intel_ppin ssbd ibrs ibpb stibp tpr_shadow vnmi flexpriority ept vpid fsgsbase tsc_adjust bmi1 avx2 smep bmi2 erms invpcid cqm xsaveopt cqm_llc cqm_occup_llc dtherm ida arat pln pts md_clear spec_ctrl intel_stibp flush_l1d
bogomips	: 4788.52
clflush size	: 64
cache_alignment	: 64
address sizes	: 46 bits physical, 48 bits virtual
power management:

processor	: 22
vendor_id	: GenuineIntel
cpu family	: 6
model		: 63
model name	: Intel(R) Xeon(R) CPU E5-2630 v3 @ 2.40GHz
stepping	: 2
microcode	: 0x43
cpu MHz		: 2667.480
cache size	: 20480 KB
physical id	: 0
siblings	: 16
core id		: 6
cpu cores	: 8
apicid		: 13
initial apicid	: 13
fpu		: yes
fpu_exception	: yes
cpuid level	: 15
wp		: yes
flags		: fpu vme de pse tsc msr pae mce cx8 apic sep mtrr pge mca cmov pat pse36 clflush dts acpi mmx fxsr sse sse2 ss ht tm pbe syscall nx pdpe1gb rdtscp lm constant_tsc arch_perfmon pebs bts rep_good nopl xtopology nonstop_tsc aperfmperf eagerfpu pni pclmulqdq dtes64 monitor ds_cpl vmx smx est tm2 ssse3 sdbg fma cx16 xtpr pdcm pcid dca sse4_1 sse4_2 x2apic movbe popcnt tsc_deadline_timer aes xsave avx f16c rdrand lahf_lm abm epb intel_ppin ssbd ibrs ibpb stibp tpr_shadow vnmi flexpriority ept vpid fsgsbase tsc_adjust bmi1 avx2 smep bmi2 erms invpcid cqm xsaveopt cqm_llc cqm_occup_llc dtherm ida arat pln pts md_clear spec_ctrl intel_stibp flush_l1d
bogomips	: 4788.52
clflush size	: 64
cache_alignment	: 64
address sizes	: 46 bits physical, 48 bits virtual
power management:

processor	: 23
vendor_id	: GenuineIntel
cpu family	: 6
model		: 63
model name	: Intel(R) Xeon(R) CPU E5-2630 v3 @ 2.40GHz
stepping	: 2
microcode	: 0x43
cpu MHz		: 2212.353
cache size	: 20480 KB
physical id	: 0
siblings	: 16
core id		: 7
cpu cores	: 8
apicid		: 15
initial apicid	: 15
fpu		: yes
fpu_exception	: yes
cpuid level	: 15
wp		: yes
flags		: fpu vme de pse tsc msr pae mce cx8 apic sep mtrr pge mca cmov pat pse36 clflush dts acpi mmx fxsr sse sse2 ss ht tm pbe syscall nx pdpe1gb rdtscp lm constant_tsc arch_perfmon pebs bts rep_good nopl xtopology nonstop_tsc aperfmperf eagerfpu pni pclmulqdq dtes64 monitor ds_cpl vmx smx est tm2 ssse3 sdbg fma cx16 xtpr pdcm pcid dca sse4_1 sse4_2 x2apic movbe popcnt tsc_deadline_timer aes xsave avx f16c rdrand lahf_lm abm epb intel_ppin ssbd ibrs ibpb stibp tpr_shadow vnmi flexpriority ept vpid fsgsbase tsc_adjust bmi1 avx2 smep bmi2 erms invpcid cqm xsaveopt cqm_llc cqm_occup_llc dtherm ida arat pln pts md_clear spec_ctrl intel_stibp flush_l1d
bogomips	: 4788.52
clflush size	: 64
cache_alignment	: 64
address sizes	: 46 bits physical, 48 bits virtual
power management:

processor	: 24
vendor_id	: GenuineIntel
cpu family	: 6
model		: 63
model name	: Intel(R) Xeon(R) CPU E5-2630 v3 @ 2.40GHz
stepping	: 2
microcode	: 0x43
cpu MHz		: 2616.650
cache size	: 20480 KB
physical id	: 1
siblings	: 16
core id		: 0
cpu cores	: 8
apicid		: 17
initial apicid	: 17
fpu		: yes
fpu_exception	: yes
cpuid level	: 15
wp		: yes
flags		: fpu vme de pse tsc msr pae mce cx8 apic sep mtrr pge mca cmov pat pse36 clflush dts acpi mmx fxsr sse sse2 ss ht tm pbe syscall nx pdpe1gb rdtscp lm constant_tsc arch_perfmon pebs bts rep_good nopl xtopology nonstop_tsc aperfmperf eagerfpu pni pclmulqdq dtes64 monitor ds_cpl vmx smx est tm2 ssse3 sdbg fma cx16 xtpr pdcm pcid dca sse4_1 sse4_2 x2apic movbe popcnt tsc_deadline_timer aes xsave avx f16c rdrand lahf_lm abm epb intel_ppin ssbd ibrs ibpb stibp tpr_shadow vnmi flexpriority ept vpid fsgsbase tsc_adjust bmi1 avx2 smep bmi2 erms invpcid cqm xsaveopt cqm_llc cqm_occup_llc dtherm ida arat pln pts md_clear spec_ctrl intel_stibp flush_l1d
bogomips	: 4794.04
clflush size	: 64
cache_alignment	: 64
address sizes	: 46 bits physical, 48 bits virtual
power management:

processor	: 25
vendor_id	: GenuineIntel
cpu family	: 6
model		: 63
model name	: Intel(R) Xeon(R) CPU E5-2630 v3 @ 2.40GHz
stepping	: 2
microcode	: 0x43
cpu MHz		: 2614.599
cache size	: 20480 KB
physical id	: 1
siblings	: 16
core id		: 1
cpu cores	: 8
apicid		: 19
initial apicid	: 19
fpu		: yes
fpu_exception	: yes
cpuid level	: 15
wp		: yes
flags		: fpu vme de pse tsc msr pae mce cx8 apic sep mtrr pge mca cmov pat pse36 clflush dts acpi mmx fxsr sse sse2 ss ht tm pbe syscall nx pdpe1gb rdtscp lm constant_tsc arch_perfmon pebs bts rep_good nopl xtopology nonstop_tsc aperfmperf eagerfpu pni pclmulqdq dtes64 monitor ds_cpl vmx smx est tm2 ssse3 sdbg fma cx16 xtpr pdcm pcid dca sse4_1 sse4_2 x2apic movbe popcnt tsc_deadline_timer aes xsave avx f16c rdrand lahf_lm abm epb intel_ppin ssbd ibrs ibpb stibp tpr_shadow vnmi flexpriority ept vpid fsgsbase tsc_adjust bmi1 avx2 smep bmi2 erms invpcid cqm xsaveopt cqm_llc cqm_occup_llc dtherm ida arat pln pts md_clear spec_ctrl intel_stibp flush_l1d
bogomips	: 4794.04
clflush size	: 64
cache_alignment	: 64
address sizes	: 46 bits physical, 48 bits virtual
power management:

processor	: 26
vendor_id	: GenuineIntel
cpu family	: 6
model		: 63
model name	: Intel(R) Xeon(R) CPU E5-2630 v3 @ 2.40GHz
stepping	: 2
microcode	: 0x43
cpu MHz		: 2511.621
cache size	: 20480 KB
physical id	: 1
siblings	: 16
core id		: 2
cpu cores	: 8
apicid		: 21
initial apicid	: 21
fpu		: yes
fpu_exception	: yes
cpuid level	: 15
wp		: yes
flags		: fpu vme de pse tsc msr pae mce cx8 apic sep mtrr pge mca cmov pat pse36 clflush dts acpi mmx fxsr sse sse2 ss ht tm pbe syscall nx pdpe1gb rdtscp lm constant_tsc arch_perfmon pebs bts rep_good nopl xtopology nonstop_tsc aperfmperf eagerfpu pni pclmulqdq dtes64 monitor ds_cpl vmx smx est tm2 ssse3 sdbg fma cx16 xtpr pdcm pcid dca sse4_1 sse4_2 x2apic movbe popcnt tsc_deadline_timer aes xsave avx f16c rdrand lahf_lm abm epb intel_ppin ssbd ibrs ibpb stibp tpr_shadow vnmi flexpriority ept vpid fsgsbase tsc_adjust bmi1 avx2 smep bmi2 erms invpcid cqm xsaveopt cqm_llc cqm_occup_llc dtherm ida arat pln pts md_clear spec_ctrl intel_stibp flush_l1d
bogomips	: 4794.04
clflush size	: 64
cache_alignment	: 64
address sizes	: 46 bits physical, 48 bits virtual
power management:

processor	: 27
vendor_id	: GenuineIntel
cpu family	: 6
model		: 63
model name	: Intel(R) Xeon(R) CPU E5-2630 v3 @ 2.40GHz
stepping	: 2
microcode	: 0x43
cpu MHz		: 2649.755
cache size	: 20480 KB
physical id	: 1
siblings	: 16
core id		: 3
cpu cores	: 8
apicid		: 23
initial apicid	: 23
fpu		: yes
fpu_exception	: yes
cpuid level	: 15
wp		: yes
flags		: fpu vme de pse tsc msr pae mce cx8 apic sep mtrr pge mca cmov pat pse36 clflush dts acpi mmx fxsr sse sse2 ss ht tm pbe syscall nx pdpe1gb rdtscp lm constant_tsc arch_perfmon pebs bts rep_good nopl xtopology nonstop_tsc aperfmperf eagerfpu pni pclmulqdq dtes64 monitor ds_cpl vmx smx est tm2 ssse3 sdbg fma cx16 xtpr pdcm pcid dca sse4_1 sse4_2 x2apic movbe popcnt tsc_deadline_timer aes xsave avx f16c rdrand lahf_lm abm epb intel_ppin ssbd ibrs ibpb stibp tpr_shadow vnmi flexpriority ept vpid fsgsbase tsc_adjust bmi1 avx2 smep bmi2 erms invpcid cqm xsaveopt cqm_llc cqm_occup_llc dtherm ida arat pln pts md_clear spec_ctrl intel_stibp flush_l1d
bogomips	: 4794.04
clflush size	: 64
cache_alignment	: 64
address sizes	: 46 bits physical, 48 bits virtual
power management:

processor	: 28
vendor_id	: GenuineIntel
cpu family	: 6
model		: 63
model name	: Intel(R) Xeon(R) CPU E5-2630 v3 @ 2.40GHz
stepping	: 2
microcode	: 0x43
cpu MHz		: 2601.562
cache size	: 20480 KB
physical id	: 1
siblings	: 16
core id		: 4
cpu cores	: 8
apicid		: 25
initial apicid	: 25
fpu		: yes
fpu_exception	: yes
cpuid level	: 15
wp		: yes
flags		: fpu vme de pse tsc msr pae mce cx8 apic sep mtrr pge mca cmov pat pse36 clflush dts acpi mmx fxsr sse sse2 ss ht tm pbe syscall nx pdpe1gb rdtscp lm constant_tsc arch_perfmon pebs bts rep_good nopl xtopology nonstop_tsc aperfmperf eagerfpu pni pclmulqdq dtes64 monitor ds_cpl vmx smx est tm2 ssse3 sdbg fma cx16 xtpr pdcm pcid dca sse4_1 sse4_2 x2apic movbe popcnt tsc_deadline_timer aes xsave avx f16c rdrand lahf_lm abm epb intel_ppin ssbd ibrs ibpb stibp tpr_shadow vnmi flexpriority ept vpid fsgsbase tsc_adjust bmi1 avx2 smep bmi2 erms invpcid cqm xsaveopt cqm_llc cqm_occup_llc dtherm ida arat pln pts md_clear spec_ctrl intel_stibp flush_l1d
bogomips	: 4794.04
clflush size	: 64
cache_alignment	: 64
address sizes	: 46 bits physical, 48 bits virtual
power management:

processor	: 29
vendor_id	: GenuineIntel
cpu family	: 6
model		: 63
model name	: Intel(R) Xeon(R) CPU E5-2630 v3 @ 2.40GHz
stepping	: 2
microcode	: 0x43
cpu MHz		: 2671.289
cache size	: 20480 KB
physical id	: 1
siblings	: 16
core id		: 5
cpu cores	: 8
apicid		: 27
initial apicid	: 27
fpu		: yes
fpu_exception	: yes
cpuid level	: 15
wp		: yes
flags		: fpu vme de pse tsc msr pae mce cx8 apic sep mtrr pge mca cmov pat pse36 clflush dts acpi mmx fxsr sse sse2 ss ht tm pbe syscall nx pdpe1gb rdtscp lm constant_tsc arch_perfmon pebs bts rep_good nopl xtopology nonstop_tsc aperfmperf eagerfpu pni pclmulqdq dtes64 monitor ds_cpl vmx smx est tm2 ssse3 sdbg fma cx16 xtpr pdcm pcid dca sse4_1 sse4_2 x2apic movbe popcnt tsc_deadline_timer aes xsave avx f16c rdrand lahf_lm abm epb intel_ppin ssbd ibrs ibpb stibp tpr_shadow vnmi flexpriority ept vpid fsgsbase tsc_adjust bmi1 avx2 smep bmi2 erms invpcid cqm xsaveopt cqm_llc cqm_occup_llc dtherm ida arat pln pts md_clear spec_ctrl intel_stibp flush_l1d
bogomips	: 4794.04
clflush size	: 64
cache_alignment	: 64
address sizes	: 46 bits physical, 48 bits virtual
power management:

processor	: 30
vendor_id	: GenuineIntel
cpu family	: 6
model		: 63
model name	: Intel(R) Xeon(R) CPU E5-2630 v3 @ 2.40GHz
stepping	: 2
microcode	: 0x43
cpu MHz		: 2657.373
cache size	: 20480 KB
physical id	: 1
siblings	: 16
core id		: 6
cpu cores	: 8
apicid		: 29
initial apicid	: 29
fpu		: yes
fpu_exception	: yes
cpuid level	: 15
wp		: yes
flags		: fpu vme de pse tsc msr pae mce cx8 apic sep mtrr pge mca cmov pat pse36 clflush dts acpi mmx fxsr sse sse2 ss ht tm pbe syscall nx pdpe1gb rdtscp lm constant_tsc arch_perfmon pebs bts rep_good nopl xtopology nonstop_tsc aperfmperf eagerfpu pni pclmulqdq dtes64 monitor ds_cpl vmx smx est tm2 ssse3 sdbg fma cx16 xtpr pdcm pcid dca sse4_1 sse4_2 x2apic movbe popcnt tsc_deadline_timer aes xsave avx f16c rdrand lahf_lm abm epb intel_ppin ssbd ibrs ibpb stibp tpr_shadow vnmi flexpriority ept vpid fsgsbase tsc_adjust bmi1 avx2 smep bmi2 erms invpcid cqm xsaveopt cqm_llc cqm_occup_llc dtherm ida arat pln pts md_clear spec_ctrl intel_stibp flush_l1d
bogomips	: 4794.04
clflush size	: 64
cache_alignment	: 64
address sizes	: 46 bits physical, 48 bits virtual
power management:

processor	: 31
vendor_id	: GenuineIntel
cpu family	: 6
model		: 63
model name	: Intel(R) Xeon(R) CPU E5-2630 v3 @ 2.40GHz
stepping	: 2
microcode	: 0x43
cpu MHz		: 2637.011
cache size	: 20480 KB
physical id	: 1
siblings	: 16
core id		: 7
cpu cores	: 8
apicid		: 31
initial apicid	: 31
fpu		: yes
fpu_exception	: yes
cpuid level	: 15
wp		: yes
flags		: fpu vme de pse tsc msr pae mce cx8 apic sep mtrr pge mca cmov pat pse36 clflush dts acpi mmx fxsr sse sse2 ss ht tm pbe syscall nx pdpe1gb rdtscp lm constant_tsc arch_perfmon pebs bts rep_good nopl xtopology nonstop_tsc aperfmperf eagerfpu pni pclmulqdq dtes64 monitor ds_cpl vmx smx est tm2 ssse3 sdbg fma cx16 xtpr pdcm pcid dca sse4_1 sse4_2 x2apic movbe popcnt tsc_deadline_timer aes xsave avx f16c rdrand lahf_lm abm epb intel_ppin ssbd ibrs ibpb stibp tpr_shadow vnmi flexpriority ept vpid fsgsbase tsc_adjust bmi1 avx2 smep bmi2 erms invpcid cqm xsaveopt cqm_llc cqm_occup_llc dtherm ida arat pln pts md_clear spec_ctrl intel_stibp flush_l1d
bogomips	: 4794.04
clflush size	: 64
cache_alignment	: 64
address sizes	: 46 bits physical, 48 bits virtual
power management:



Memory: 4k page, physical 263864176k(2131124k free), swap 0k(0k free)

vm_info: OpenJDK 64-Bit Server VM (25.212-b04) for linux-amd64 JRE (1.8.0_212-b04), built on Aug 12 2019 13:15:31 by "buildozer" with gcc 6.4.0

time: Mon Oct 14 08:31:45 2019
timezone: UTC
elapsed time: 1 seconds (0d 0h 0m 1s)

