#
# A fatal error has been detected by the Java Runtime Environment:
#
#  SIGSEGV (0xb) at pc=0x00007f6aeae12810, pid=13590, tid=0x00007f6ace398ae0
#
# JRE version: OpenJDK Runtime Environment (8.0_212-b04) (build 1.8.0_212-b04)
# Java VM: OpenJDK 64-Bit Server VM (25.212-b04 mixed mode linux-amd64 compressed oops)
# Derivative: IcedTea 3.12.0
# Distribution: Custom build (Mon Aug 12 12:56:32 UTC 2019)
# Problematic frame:
# C  [ld-musl-x86_64.so.1+0x53810]  pthread_setname_np+0x5e
#
# Core dump written. Default location: /workdir/hadoop-ozone/ozone-manager/core or core.13590
#
# If you would like to submit a bug report, please include
# instructions on how to reproduce the bug and visit:
#   https://icedtea.classpath.org/bugzilla
#

---------------  T H R E A D  ---------------

Current thread is native thread

siginfo: si_signo: 11 (SIGSEGV), si_code: 1 (SEGV_MAPERR), si_addr: 0x0000000000000038

Registers:
RAX=0x00007f6ace398ae0, RBX=0x0000000000000022, RCX=0x0000000000000000, RDX=0x0000000000000000
RSP=0x00007f6ace398680, RBP=0x0000000000000000, RSI=0x0000000000000000, RDI=0xfeff73725e73726f
R8 =0x0000000000000000, R9 =0x8080808080808080, R10=0xfefefefefefefeff, R11=0x0000000000000212
R12=0x000055f80fa469f8, R13=0x000000000000000e, R14=0x00007f6ace398ae0, R15=0x00007f6aeb04bae8
RIP=0x00007f6aeae12810, EFLAGS=0x0000000000010202, CSGSFS=0x0000000000000033, ERR=0x0000000000000004
  TRAPNO=0x000000000000000e

Top of Stack: (sp=0x00007f6ace398680)
0x00007f6ace398680:   0000000000000000 0000000000000000
0x00007f6ace398690:   0000000000000000 0000000000000000
0x00007f6ace3986a0:   0000000000000000 0000000000000000
0x00007f6ace3986b0:   0000000000000000 000055f80f929b00
0x00007f6ace3986c0:   00007f6ace398710 0000000000000000
0x00007f6ace3986d0:   000055f80f929b40 00007f6acda8bec9
0x00007f6ace3986e0:   0000000000000000 000055f80f741ac0
0x00007f6ace3986f0:   0000000000000000 00007f6ace398760
0x00007f6ace398700:   00007f6ace398ae0 00007f6aeb04bae8
0x00007f6ace398710:   0000000000000000 00007f6ae9c42f41
0x00007f6ace398720:   0000000000000000 00007f6ace398ae0
0x00007f6ace398730:   0000000000000000 00007f6aeae116c2
0x00007f6ace398740:   0000000000000000 0000000000000000
0x00007f6ace398750:   0000000000017000 00007f6aeae135b1
0x00007f6ace398760:   0000000000000002 00007f6ace398ac0
0x00007f6ace398770:   00007f6ace398790 0000000000000000
0x00007f6ace398780:   0000000000000000 0000000000000000
0x00007f6ace398790:   0000000000000002 0000000000000000
0x00007f6ace3987a0:   0000000000000000 0000000000000000
0x00007f6ace3987b0:   0000000000000000 0000000000000000
0x00007f6ace3987c0:   0000000000000000 0000000000000000
0x00007f6ace3987d0:   0000000000000000 0000000000000000
0x00007f6ace3987e0:   0000000000000000 0000000000000000
0x00007f6ace3987f0:   0000000000000000 0000000000000000
0x00007f6ace398800:   0000000000000000 0000000000000000
0x00007f6ace398810:   0000000000000000 0000000000000000
0x00007f6ace398820:   0000000000000000 0000000000000000
0x00007f6ace398830:   0000000000000000 0000000000000000
0x00007f6ace398840:   0000000000000000 0000000000000000
0x00007f6ace398850:   0000000000000000 0000000000000000
0x00007f6ace398860:   0000000000000000 0000000000000000
0x00007f6ace398870:   0000000000000000 0000000000000000 

Instructions: (pc=0x00007f6aeae12810)
0x00007f6aeae127f0:   31 d2 31 c0 4c 89 e6 bf 0f 00 00 00 e8 65 d8 fc
0x00007f6aeae12800:   ff 85 c0 89 c3 74 7e e8 25 a7 fc ff 8b 18 eb 75
0x00007f6aeae12810:   8b 4d 38 48 8d 5c 24 0e 48 8d 15 f2 92 03 00 be
0x00007f6aeae12820:   22 00 00 00 31 c0 48 89 df e8 35 68 ff ff 48 8d 

Register to memory mapping:

RAX=0x00007f6ace398ae0 is an unknown value
RBX=0x0000000000000022 is an unknown value
RCX=0x0000000000000000 is an unknown value
RDX=0x0000000000000000 is an unknown value
RSP=0x00007f6ace398680 is an unknown value
RBP=0x0000000000000000 is an unknown value
RSI=0x0000000000000000 is an unknown value
RDI=0xfeff73725e73726f is an unknown value
R8 =0x0000000000000000 is an unknown value
R9 =0x8080808080808080 is an unknown value
R10=0xfefefefefefefeff is an unknown value
R11=0x0000000000000212 is an unknown value
R12=0x000055f80fa469f8 is an unknown value
R13=0x000000000000000e is an unknown value
R14=0x00007f6ace398ae0 is an unknown value
R15=0x00007f6aeb04bae8: __utc+0x1fff68 in /lib/ld-musl-x86_64.so.1 at 0x00007f6aeadbf000


Stack: [0x00007f6ace384000,0x00007f6ace398760],  sp=0x00007f6ace398680,  free space=81k
Native frames: (J=compiled Java code, j=interpreted, Vv=VM code, C=native code)
C  [ld-musl-x86_64.so.1+0x53810]  pthread_setname_np+0x5e

[error occurred during error reporting (printing native stack), id 0xb]


---------------  P R O C E S S  ---------------

VM state:not at safepoint (normal execution)

VM Mutex/Monitor currently owned by a thread:  ([mutex/lock_event])
[0x000055f80f546580] CompiledIC_lock - owner thread: 0x000055f80f69b000

heap address: 0x0000000080000000, size: 2048 MB, Compressed Oops mode: 32-bit
Narrow klass base: 0x0000000000000000, Narrow klass shift: 3
Compressed class space size: 1073741824 Address: 0x0000000100000000

Heap:
 PSYoungGen      total 611840K, used 125225K [0x00000000d5580000, 0x0000000100000000, 0x0000000100000000)
  eden space 524800K, 23% used [0x00000000d5580000,0x00000000dcfca7e0,0x00000000f5600000)
  from space 87040K, 0% used [0x00000000f5600000,0x00000000f5600000,0x00000000fab00000)
  to   space 87040K, 0% used [0x00000000fab00000,0x00000000fab00000,0x0000000100000000)
 ParOldGen       total 858112K, used 14433K [0x0000000080000000, 0x00000000b4600000, 0x00000000d5580000)
  object space 858112K, 1% used [0x0000000080000000,0x0000000080e18750,0x00000000b4600000)
 Metaspace       used 29739K, capacity 30024K, committed 30336K, reserved 1075200K
  class space    used 3588K, capacity 3705K, committed 3712K, reserved 1048576K

Card table byte_map: [0x00007f6ad9b6b000,0x00007f6ad9f6c000] byte_map_base: 0x00007f6ad976b000

Marking Bits: (ParMarkBitMap*) 0x00007f6aea97d200
 Begin Bits: [0x00007f6ad56bc000, 0x00007f6ad76bc000)
 End Bits:   [0x00007f6ad76bc000, 0x00007f6ad96bc000)

Polling page: 0x00007f6aeaf48000

CodeCache: size=245760Kb used=7532Kb max_used=8111Kb free=238227Kb
 bounds [0x00007f6ada32c000, 0x00007f6adab2c000, 0x00007f6ae932c000]
 total_blobs=3184 nmethods=2682 adapters=416
 compilation: enabled

Compilation events (10 events):
Event: 6.274 Thread 0x000055f80f69b000 nmethod 3055 0x00007f6adab12ad0 code [0x00007f6adab12c60, 0x00007f6adab13028]
Event: 6.274 Thread 0x000055f80f69b000 3056       3       java.math.BigInteger::pow (421 bytes)
Event: 6.276 Thread 0x000055f80f69b000 nmethod 3056 0x00007f6adab13190 code [0x00007f6adab13500, 0x00007f6adab14b08]
Event: 6.276 Thread 0x000055f80f69b000 3058       3       java.math.BigDecimal::compactValFor (82 bytes)
Event: 6.276 Thread 0x000055f80f69b000 nmethod 3058 0x00007f6adab15990 code [0x00007f6adab15b00, 0x00007f6adab15e70]
Event: 6.303 Thread 0x000055f80f68e000 nmethod 3029 0x00007f6adab1a490 code [0x00007f6adab1a740, 0x00007f6adab1bf20]
Event: 6.303 Thread 0x000055f80f68e000 3036       4       com.ctc.wstx.sr.InputElementStack::resolveAndValidateElement (491 bytes)
Event: 6.305 Thread 0x000055f80f68e000 nmethod 3036 0x00007f6adab17190 code [0x00007f6adab17300, 0x00007f6adab174a8]
Event: 6.368 Thread 0x000055f80f69b000 3060       3       java.util.concurrent.SynchronousQueue$TransferStack::shouldSpin (30 bytes)
Event: 6.368 Thread 0x000055f80f69b000 nmethod 3060 0x00007f6adab16c50 code [0x00007f6adab16dc0, 0x00007f6adab170b0]

GC Heap History (4 events):
Event: 2.421 GC heap before
{Heap before GC invocations=1 (full 0):
 PSYoungGen      total 611840K, used 293889K [0x00000000d5580000, 0x0000000100000000, 0x0000000100000000)
  eden space 524800K, 56% used [0x00000000d5580000,0x00000000e7480798,0x00000000f5600000)
  from space 87040K, 0% used [0x00000000fab00000,0x00000000fab00000,0x0000000100000000)
  to   space 87040K, 0% used [0x00000000f5600000,0x00000000f5600000,0x00000000fab00000)
 ParOldGen       total 1398272K, used 0K [0x0000000080000000, 0x00000000d5580000, 0x00000000d5580000)
  object space 1398272K, 0% used [0x0000000080000000,0x0000000080000000,0x00000000d5580000)
 Metaspace       used 20901K, capacity 21100K, committed 21296K, reserved 1069056K
  class space    used 2594K, capacity 2673K, committed 2688K, reserved 1048576K
Event: 2.454 GC heap after
Heap after GC invocations=1 (full 0):
 PSYoungGen      total 611840K, used 15170K [0x00000000d5580000, 0x0000000100000000, 0x0000000100000000)
  eden space 524800K, 0% used [0x00000000d5580000,0x00000000d5580000,0x00000000f5600000)
  from space 87040K, 17% used [0x00000000f5600000,0x00000000f64d0860,0x00000000fab00000)
  to   space 87040K, 0% used [0x00000000fab00000,0x00000000fab00000,0x0000000100000000)
 ParOldGen       total 1398272K, used 16K [0x0000000080000000, 0x00000000d5580000, 0x00000000d5580000)
  object space 1398272K, 0% used [0x0000000080000000,0x0000000080004000,0x00000000d5580000)
 Metaspace       used 20901K, capacity 21100K, committed 21296K, reserved 1069056K
  class space    used 2594K, capacity 2673K, committed 2688K, reserved 1048576K
}
Event: 2.455 GC heap before
{Heap before GC invocations=2 (full 1):
 PSYoungGen      total 611840K, used 15170K [0x00000000d5580000, 0x0000000100000000, 0x0000000100000000)
  eden space 524800K, 0% used [0x00000000d5580000,0x00000000d5580000,0x00000000f5600000)
  from space 87040K, 17% used [0x00000000f5600000,0x00000000f64d0860,0x00000000fab00000)
  to   space 87040K, 0% used [0x00000000fab00000,0x00000000fab00000,0x0000000100000000)
 ParOldGen       total 1398272K, used 16K [0x0000000080000000, 0x00000000d5580000, 0x00000000d5580000)
  object space 1398272K, 0% used [0x0000000080000000,0x0000000080004000,0x00000000d5580000)
 Metaspace       used 20901K, capacity 21100K, committed 21296K, reserved 1069056K
  class space    used 2594K, capacity 2673K, committed 2688K, reserved 1048576K
Event: 2.506 GC heap after
Heap after GC invocations=2 (full 1):
 PSYoungGen      total 611840K, used 0K [0x00000000d5580000, 0x0000000100000000, 0x0000000100000000)
  eden space 524800K, 0% used [0x00000000d5580000,0x00000000d5580000,0x00000000f5600000)
  from space 87040K, 0% used [0x00000000f5600000,0x00000000f5600000,0x00000000fab00000)
  to   space 87040K, 0% used [0x00000000fab00000,0x00000000fab00000,0x0000000100000000)
 ParOldGen       total 858112K, used 14433K [0x0000000080000000, 0x00000000b4600000, 0x00000000d5580000)
  object space 858112K, 1% used [0x0000000080000000,0x0000000080e18750,0x00000000b4600000)
 Metaspace       used 20897K, capacity 21094K, committed 21296K, reserved 1069056K
  class space    used 2594K, capacity 2672K, committed 2688K, reserved 1048576K
}

Deoptimization events (10 events):
Event: 1.324 Thread 0x000055f80f547800 Uncommon trap: reason=range_check action=make_not_entrant pc=0x00007f6ada656440 method=sun.reflect.generics.parser.SignatureParser.current()C @ 34
Event: 1.674 Thread 0x000055f80f547800 Uncommon trap: reason=unstable_if action=reinterpret pc=0x00007f6ada79e288 method=net.bytebuddy.jar.asm.ClassVisitor.visitInnerClass(Ljava/lang/String;Ljava/lang/String;Ljava/lang/String;I)V @ 4
Event: 1.687 Thread 0x000055f80f547800 Uncommon trap: reason=null_assert action=make_not_entrant pc=0x00007f6ada726254 method=net.bytebuddy.description.type.TypeDefinition$Sort.describe(Ljava/lang/reflect/Type;Lnet/bytebuddy/description/type/TypeDescription$Generic$AnnotationReader;)Lnet/byteb
Event: 2.934 Thread 0x000055f80f547800 Uncommon trap: reason=bimorphic action=maybe_recompile pc=0x00007f6ada99731c method=java.lang.ThreadLocal.get()Ljava/lang/Object; @ 6
Event: 2.934 Thread 0x000055f80f547800 Uncommon trap: reason=bimorphic action=maybe_recompile pc=0x00007f6ada99731c method=java.lang.ThreadLocal.get()Ljava/lang/Object; @ 6
Event: 2.934 Thread 0x000055f80f547800 Uncommon trap: reason=bimorphic action=maybe_recompile pc=0x00007f6ada99731c method=java.lang.ThreadLocal.get()Ljava/lang/Object; @ 6
Event: 2.934 Thread 0x000055f80f547800 Uncommon trap: reason=bimorphic action=maybe_recompile pc=0x00007f6ada99731c method=java.lang.ThreadLocal.get()Ljava/lang/Object; @ 6
Event: 2.935 Thread 0x000055f80f547800 Uncommon trap: reason=unstable_if action=reinterpret pc=0x00007f6ada996f2c method=java.lang.ThreadLocal$ThreadLocalMap.getEntry(Ljava/lang/ThreadLocal;)Ljava/lang/ThreadLocal$ThreadLocalMap$Entry; @ 29
Event: 3.349 Thread 0x000055f80f941000 Uncommon trap: reason=unstable_if action=reinterpret pc=0x00007f6ada99b9d4 method=java.lang.ref.SoftReference.get()Ljava/lang/Object; @ 17
Event: 5.551 Thread 0x000055f80f547800 Uncommon trap: reason=unstable_if action=reinterpret pc=0x00007f6ada9c2578 method=java.util.concurrent.ConcurrentHashMap.putVal(Ljava/lang/Object;Ljava/lang/Object;Z)Ljava/lang/Object; @ 181

Classes redefined (10 events):
Event: 1.702 Thread 0x000055f80f64a000 redefined class name=org.apache.hadoop.ozone.om.OzoneManager, count=1
Event: 1.703 Thread 0x000055f80f64a000 redefined class name=java.io.Closeable, count=1
Event: 1.704 Thread 0x000055f80f64a000 redefined class name=org.apache.hadoop.ozone.om.protocol.OzoneManagerHAProtocol, count=1
Event: 1.704 Thread 0x000055f80f64a000 redefined class name=org.apache.hadoop.hdds.server.ServiceRuntimeInfoImpl, count=1
Event: 1.705 Thread 0x000055f80f64a000 redefined class name=org.apache.hadoop.ozone.om.OMMXBean, count=1
Event: 1.705 Thread 0x000055f80f64a000 redefined class name=org.apache.hadoop.ozone.om.protocol.OzoneManagerProtocol, count=1
Event: 1.706 Thread 0x000055f80f64a000 redefined class name=org.apache.hadoop.ozone.audit.Auditor, count=1
Event: 1.706 Thread 0x000055f80f64a000 redefined class name=org.apache.hadoop.ozone.om.protocol.OzoneManagerServerProtocol, count=1
Event: 1.709 Thread 0x000055f80f64a000 redefined class name=java.lang.Object, count=1
Event: 5.028 Thread 0x000055f80f64a000 redefined class name=org.apache.hadoop.ozone.audit.AuditLogger, count=2

Internal exceptions (10 events):
Event: 1.324 Thread 0x000055f80f547800 Exception <a 'java/lang/ArrayIndexOutOfBoundsException': 67> (0x00000000dfcaf5d0) thrown at [/home/buildozer/aports/community/openjdk8/src/icedtea-3.12.0/openjdk/hotspot/src/share/vm/interpreter/interpreterRuntime.cpp, line 371]
Event: 1.324 Thread 0x000055f80f547800 Exception <a 'java/lang/ArrayIndexOutOfBoundsException': 65> (0x00000000dfcb1610) thrown at [/home/buildozer/aports/community/openjdk8/src/icedtea-3.12.0/openjdk/hotspot/src/share/vm/interpreter/interpreterRuntime.cpp, line 371]
Event: 2.154 Thread 0x000055f80f547800 Exception <a 'java/lang/ArrayIndexOutOfBoundsException'> (0x00000000e4866780) thrown at [/home/buildozer/aports/community/openjdk8/src/icedtea-3.12.0/openjdk/hotspot/src/share/vm/runtime/sharedRuntime.cpp, line 613]
Event: 2.155 Thread 0x000055f80f547800 Exception <a 'java/lang/ArrayIndexOutOfBoundsException'> (0x00000000e486d650) thrown at [/home/buildozer/aports/community/openjdk8/src/icedtea-3.12.0/openjdk/hotspot/src/share/vm/runtime/sharedRuntime.cpp, line 613]
Event: 2.162 Thread 0x000055f80f547800 Exception <a 'java/lang/ArrayIndexOutOfBoundsException'> (0x00000000e489f718) thrown at [/home/buildozer/aports/community/openjdk8/src/icedtea-3.12.0/openjdk/hotspot/src/share/vm/runtime/sharedRuntime.cpp, line 613]
Event: 2.163 Thread 0x000055f80f547800 Exception <a 'java/lang/ArrayIndexOutOfBoundsException'> (0x00000000e48a4388) thrown at [/home/buildozer/aports/community/openjdk8/src/icedtea-3.12.0/openjdk/hotspot/src/share/vm/runtime/sharedRuntime.cpp, line 613]
Event: 2.171 Thread 0x000055f80f547800 Exception <a 'java/lang/ArrayIndexOutOfBoundsException'> (0x00000000e48da1d8) thrown at [/home/buildozer/aports/community/openjdk8/src/icedtea-3.12.0/openjdk/hotspot/src/share/vm/runtime/sharedRuntime.cpp, line 613]
Event: 2.177 Thread 0x000055f80f547800 Exception <a 'java/lang/ArrayIndexOutOfBoundsException'> (0x00000000e490f268) thrown at [/home/buildozer/aports/community/openjdk8/src/icedtea-3.12.0/openjdk/hotspot/src/share/vm/runtime/sharedRuntime.cpp, line 613]
Event: 2.861 Thread 0x000055f80f547800 Exception <a 'java/lang/ArrayIndexOutOfBoundsException'> (0x00000000d8d16880) thrown at [/home/buildozer/aports/community/openjdk8/src/icedtea-3.12.0/openjdk/hotspot/src/share/vm/runtime/sharedRuntime.cpp, line 613]
Event: 2.862 Thread 0x000055f80f547800 Exception <a 'java/lang/ArrayIndexOutOfBoundsException'> (0x00000000d8d2d8b0) thrown at [/home/buildozer/aports/community/openjdk8/src/icedtea-3.12.0/openjdk/hotspot/src/share/vm/runtime/sharedRuntime.cpp, line 613]

Events (10 events):
Event: 6.368 Thread 0x000055f80f69b000 flushing nmethod 0x00007f6ada48c350
Event: 6.368 Thread 0x000055f80f69b000 flushing nmethod 0x00007f6ada48c610
Event: 6.368 Thread 0x000055f80f69b000 flushing nmethod 0x00007f6ada48dc90
Event: 6.368 Thread 0x000055f80f69b000 flushing nmethod 0x00007f6ada48e190
Event: 6.368 Thread 0x000055f80f69b000 flushing nmethod 0x00007f6ada48e850
Event: 6.368 Thread 0x000055f80f69b000 flushing nmethod 0x00007f6ada48f390
Event: 6.368 Thread 0x000055f80f69b000 flushing nmethod 0x00007f6ada48f710
Event: 6.368 Thread 0x000055f80f69b000 flushing nmethod 0x00007f6ada48fb50
Event: 6.368 Thread 0x000055f80f69b000 flushing nmethod 0x00007f6ada490810
Event: 6.368 Thread 0x000055f80f69b000 flushing nmethod 0x00007f6ada4923d0


Dynamic libraries:
80000000-b4600000 rw-p 00000000 00:00 0 
b4600000-d5580000 ---p 00000000 00:00 0 
d5580000-1003a0000 rw-p 00000000 00:00 0 
1003a0000-140000000 ---p 00000000 00:00 0 
55f80d453000-55f80d454000 r-xp 00000000 fd:02 271058712                  /usr/lib/jvm/java-1.8-openjdk/jre/bin/java
55f80d653000-55f80d654000 r--p 00000000 fd:02 271058712                  /usr/lib/jvm/java-1.8-openjdk/jre/bin/java
55f80d654000-55f80d655000 rw-p 00001000 fd:02 271058712                  /usr/lib/jvm/java-1.8-openjdk/jre/bin/java
55f80f530000-55f811caf000 rw-p 00000000 00:00 0                          [heap]
7f6acd1c6000-7f6acd3c6000 rw-p 00000000 00:00 0 
7f6acd3c6000-7f6acd5c6000 rw-p 00000000 00:00 0 
7f6acd5c6000-7f6acd835000 rw-p 00000000 00:00 0 
7f6acd835000-7f6ace0cd000 r-xp 00000000 fd:02 107482568                  /tmp/librocksdbjni3579756520686858019.so
7f6ace0cd000-7f6ace0de000 r--p 00698000 fd:02 107482568                  /tmp/librocksdbjni3579756520686858019.so
7f6ace0de000-7f6ace0e7000 rw-p 006a9000 fd:02 107482568                  /tmp/librocksdbjni3579756520686858019.so
7f6ace0e7000-7f6ace2ed000 rw-p 00000000 00:00 0 
7f6ace382000-7f6ace384000 ---p 00000000 00:00 0 
7f6ace384000-7f6ace399000 rw-p 00000000 00:00 0 
7f6ace399000-7f6ace39b000 ---p 00000000 00:00 0 
7f6ace39b000-7f6ace3b0000 rw-p 00000000 00:00 0 
7f6ace3b0000-7f6ace3b2000 ---p 00000000 00:00 0 
7f6ace3b2000-7f6ace3c7000 rw-p 00000000 00:00 0 
7f6ace3c7000-7f6ace3c9000 ---p 00000000 00:00 0 
7f6ace3c9000-7f6ace3de000 rw-p 00000000 00:00 0 
7f6ace3de000-7f6ace3e0000 ---p 00000000 00:00 0 
7f6ace3e0000-7f6ace3f5000 rw-p 00000000 00:00 0 
7f6ace3f5000-7f6ace3f7000 ---p 00000000 00:00 0 
7f6ace3f7000-7f6ace40c000 rw-p 00000000 00:00 0 
7f6ace40c000-7f6ace40e000 ---p 00000000 00:00 0 
7f6ace40e000-7f6ace423000 rw-p 00000000 00:00 0 
7f6ace423000-7f6ace425000 ---p 00000000 00:00 0 
7f6ace425000-7f6ace43a000 rw-p 00000000 00:00 0 
7f6ace43a000-7f6ace660000 r-xp 00000000 fd:02 271125988                  /usr/glibc-compat/lib/ld-2.28.so
7f6ace660000-7f6ace661000 r--p 00026000 fd:02 271125988                  /usr/glibc-compat/lib/ld-2.28.so
7f6ace661000-7f6ace662000 rw-p 00027000 fd:02 271125988                  /usr/glibc-compat/lib/ld-2.28.so
7f6ace662000-7f6ace863000 rw-p 00000000 00:00 0 
7f6ace872000-7f6ace874000 ---p 00000000 00:00 0 
7f6ace874000-7f6ace889000 rw-p 00000000 00:00 0 
7f6ace889000-7f6ace88b000 ---p 00000000 00:00 0 
7f6ace88b000-7f6ace8a0000 rw-p 00000000 00:00 0 
7f6ace8a0000-7f6ace8a2000 ---p 00000000 00:00 0 
7f6ace8a2000-7f6ace8b7000 rw-p 00000000 00:00 0 
7f6ace8b7000-7f6ace8b9000 ---p 00000000 00:00 0 
7f6ace8b9000-7f6ace8ce000 rw-p 00000000 00:00 0 
7f6ace8ce000-7f6ace8d0000 ---p 00000000 00:00 0 
7f6ace8d0000-7f6ace8e5000 rw-p 00000000 00:00 0 
7f6ace8e5000-7f6ace8e7000 ---p 00000000 00:00 0 
7f6ace8e7000-7f6ace8fc000 rw-p 00000000 00:00 0 
7f6ace8fc000-7f6ace8fe000 ---p 00000000 00:00 0 
7f6ace8fe000-7f6ace913000 rw-p 00000000 00:00 0 
7f6ace913000-7f6ace915000 ---p 00000000 00:00 0 
7f6ace915000-7f6ace92a000 rw-p 00000000 00:00 0 
7f6ace92a000-7f6ace92c000 ---p 00000000 00:00 0 
7f6ace92c000-7f6ace941000 rw-p 00000000 00:00 0 
7f6ace941000-7f6ace95c000 r--s 001d6000 fd:02 271058784                  /usr/lib/jvm/java-1.8-openjdk/jre/lib/ext/nashorn.jar
7f6ace96a000-7f6ace96c000 ---p 00000000 00:00 0 
7f6ace96c000-7f6aceb81000 rw-p 00000000 00:00 0 
7f6aceb81000-7f6aced81000 rw-p 00000000 00:00 0 
7f6aced81000-7f6acef81000 rw-p 00000000 00:00 0 
7f6acef81000-7f6acf181000 rw-p 00000000 00:00 0 
7f6acf181000-7f6acf381000 rw-p 00000000 00:00 0 
7f6acf381000-7f6acf382000 r--s 00000000 fd:02 107482567                  /tmp/mockitoboot1759284856604908349.jar
7f6acf383000-7f6acf58c000 r-xp 00000000 fd:02 271058735                  /usr/lib/jvm/java-1.8-openjdk/jre/lib/amd64/libinstrument.so
7f6acf58c000-7f6acf58d000 r--p 00009000 fd:02 271058735                  /usr/lib/jvm/java-1.8-openjdk/jre/lib/amd64/libinstrument.so
7f6acf58d000-7f6acf58e000 rw-p 0000a000 fd:02 271058735                  /usr/lib/jvm/java-1.8-openjdk/jre/lib/amd64/libinstrument.so
7f6acf58e000-7f6acf591000 ---p 00000000 00:00 0 
7f6acf591000-7f6acf68f000 rw-p 00000000 00:00 0 
7f6acf68f000-7f6acf891000 r-xp 00000000 fd:02 271058728                  /usr/lib/jvm/java-1.8-openjdk/jre/lib/amd64/libattach.so
7f6acf891000-7f6acf892000 r--p 00002000 fd:02 271058728                  /usr/lib/jvm/java-1.8-openjdk/jre/lib/amd64/libattach.so
7f6acf892000-7f6acf893000 rw-p 00003000 fd:02 271058728                  /usr/lib/jvm/java-1.8-openjdk/jre/lib/amd64/libattach.so
7f6acf893000-7f6acf896000 r--s 00025000 fd:02 272171717                  /home/user/.m2/repository/org/apache/maven/shared/maven-shared-utils/3.1.0/maven-shared-utils-3.1.0.jar
7f6acf896000-7f6acfaa7000 r-xp 00000000 fd:02 271058755                  /usr/lib/jvm/java-1.8-openjdk/jre/lib/amd64/libnio.so
7f6acfaa7000-7f6acfaa8000 r--p 00011000 fd:02 271058755                  /usr/lib/jvm/java-1.8-openjdk/jre/lib/amd64/libnio.so
7f6acfaa8000-7f6acfaa9000 rw-p 00012000 fd:02 271058755                  /usr/lib/jvm/java-1.8-openjdk/jre/lib/amd64/libnio.so
7f6acfaa9000-7f6ad2aaa000 rw-p 00000000 00:00 0 
7f6ad2aaa000-7f6ad2cc0000 r-xp 00000000 fd:02 271058754                  /usr/lib/jvm/java-1.8-openjdk/jre/lib/amd64/libnet.so
7f6ad2cc0000-7f6ad2cc1000 r--p 00016000 fd:02 271058754                  /usr/lib/jvm/java-1.8-openjdk/jre/lib/amd64/libnet.so
7f6ad2cc1000-7f6ad2cc2000 rw-p 00017000 fd:02 271058754                  /usr/lib/jvm/java-1.8-openjdk/jre/lib/amd64/libnet.so
7f6ad2cc2000-7f6ad2cc6000 r--s 00058000 fd:02 271058803                  /usr/lib/jvm/java-1.8-openjdk/jre/lib/jsse.jar
7f6ad2cc6000-7f6ad2cc9000 ---p 00000000 00:00 0 
7f6ad2cc9000-7f6ad2d00000 rw-p 00000000 00:00 0 
7f6ad2d00000-7f6ad2d01000 r--s 00006000 fd:02 107938563                  /home/user/.m2/repository/org/apache/maven/surefire/common-junit4/3.0.0-M1/common-junit4-3.0.0-M1.jar
7f6ad2d01000-7f6ad2d02000 r--s 00002000 fd:02 107938565                  /home/user/.m2/repository/org/apache/maven/surefire/common-junit3/3.0.0-M1/common-junit3-3.0.0-M1.jar
7f6ad2d02000-7f6ad2d03000 r--s 00007000 fd:02 107938564                  /home/user/.m2/repository/org/apache/maven/surefire/common-java5/3.0.0-M1/common-java5-3.0.0-M1.jar
7f6ad2d03000-7f6ad2d05000 r--s 00003000 fd:02 107937972                  /home/user/.m2/repository/org/apache/maven/surefire/surefire-junit4/3.0.0-M1/surefire-junit4-3.0.0-M1.jar
7f6ad2d05000-7f6ad2d11000 r--s 000ae000 fd:02 272237503                  /home/user/.m2/repository/org/jmockit/jmockit/1.24/jmockit-1.24.jar
7f6ad2d11000-7f6ad2d13000 r--s 00009000 fd:02 272237394                  /home/user/.m2/repository/org/hamcrest/hamcrest-core/1.3/hamcrest-core-1.3.jar
7f6ad2d13000-7f6ad2d19000 r--s 00036000 fd:02 271975651                  /home/user/.m2/repository/junit/junit/4.11/junit-4.11.jar
7f6ad2d19000-7f6ad2d1f000 r--s 00045000 fd:02 272237385                  /home/user/.m2/repository/org/hamcrest/hamcrest-all/1.3/hamcrest-all-1.3.jar
7f6ad2d1f000-7f6ad2d23000 r--s 0001e000 fd:02 271975056                  /home/user/.m2/repository/io/dropwizard/metrics/metrics-core/3.2.4/metrics-core-3.2.4.jar
7f6ad2d23000-7f6ad2d28000 r--s 00047000 fd:02 271975004                  /home/user/.m2/repository/dnsjava/dnsjava/2.1.7/dnsjava-2.1.7.jar
7f6ad2d28000-7f6ad2d2e000 r--s 00078000 fd:02 271910872                  /home/user/.m2/repository/com/fasterxml/woodstox/woodstox-core/5.0.3/woodstox-core-5.0.3.jar
7f6ad2d2e000-7f6ad2d32000 r--s 00024000 fd:02 272236926                  /home/user/.m2/repository/org/codehaus/woodstox/stax2-api/3.1.4/stax2-api-3.1.4.jar
7f6ad2d32000-7f6ad2d36000 r--s 0004c000 fd:02 271910715                  /home/user/.m2/repository/com/fasterxml/jackson/core/jackson-core/2.9.9/jackson-core-2.9.9.jar
7f6ad2d36000-7f6ad2d49000 r--s 00137000 fd:02 271910732                  /home/user/.m2/repository/com/fasterxml/jackson/core/jackson-databind/2.9.9/jackson-databind-2.9.9.jar
7f6ad2d49000-7f6ad2d4b000 r--s 00006000 fd:02 272106121                  /home/user/.m2/repository/org/apache/kerby/kerby-xdr/1.0.1/kerby-xdr-1.0.1.jar
7f6ad2d4b000-7f6ad2d4c000 r--s 00004000 fd:02 272106025                  /home/user/.m2/repository/org/apache/kerby/kerb-identity/1.0.1/kerb-identity-1.0.1.jar
7f6ad2d4c000-7f6ad2d4f000 r--s 00012000 fd:02 272106034                  /home/user/.m2/repository/org/apache/kerby/kerb-server/1.0.1/kerb-server-1.0.1.jar
7f6ad2d4f000-7f6ad2d52000 r--s 00011000 fd:02 272105980                  /home/user/.m2/repository/org/apache/kerby/kerb-admin/1.0.1/kerb-admin-1.0.1.jar
7f6ad2d52000-7f6ad2d53000 r--s 00004000 fd:02 272106130                  /home/user/.m2/repository/org/apache/kerby/token-provider/1.0.1/token-provider-1.0.1.jar
7f6ad2d53000-7f6ad2d54000 r--s 00008000 fd:02 272106052                  /home/user/.m2/repository/org/apache/kerby/kerb-util/1.0.1/kerb-util-1.0.1.jar
7f6ad2d54000-7f6ad2d58000 r--s 00019000 fd:02 272106016                  /home/user/.m2/repository/org/apache/kerby/kerb-crypto/1.0.1/kerb-crypto-1.0.1.jar
7f6ad2d58000-7f6ad2d5a000 r--s 0000e000 fd:02 272105998                  /home/user/.m2/repository/org/apache/kerby/kerb-common/1.0.1/kerb-common-1.0.1.jar
7f6ad2d5a000-7f6ad2d5b000 r--s 00009000 fd:02 272106112                  /home/user/.m2/repository/org/apache/kerby/kerby-util/1.0.1/kerby-util-1.0.1.jar
7f6ad2d5b000-7f6ad2d5d000 r--s 00017000 fd:02 272106067                  /home/user/.m2/repository/org/apache/kerby/kerby-asn1/1.0.1/kerby-asn1-1.0.1.jar
7f6ad2d5d000-7f6ad2d64000 r--s 0002b000 fd:02 272106097                  /home/user/.m2/repository/org/apache/kerby/kerby-pkix/1.0.1/kerby-pkix-1.0.1.jar
7f6ad2d64000-7f6ad2d6b000 r--s 00031000 fd:02 272106007                  /home/user/.m2/repository/org/apache/kerby/kerb-core/1.0.1/kerb-core-1.0.1.jar
7f6ad2d6b000-7f6ad2d6d000 r--s 00006000 fd:02 272106082                  /home/user/.m2/repository/org/apache/kerby/kerby-config/1.0.1/kerby-config-1.0.1.jar
7f6ad2d6d000-7f6ad2d70000 r--s 00019000 fd:02 272105989                  /home/user/.m2/repository/org/apache/kerby/kerb-client/1.0.1/kerb-client-1.0.1.jar
7f6ad2d70000-7f6ad2d71000 r--s 00004000 fd:02 272106043                  /home/user/.m2/repository/org/apache/kerby/kerb-simplekdc/1.0.1/kerb-simplekdc-1.0.1.jar
7f6ad2d71000-7f6ad2d72000 r--s 00004000 fd:02 272172348                  /home/user/.m2/repository/org/apache/yetus/audience-annotations/0.5.0/audience-annotations-0.5.0.jar
7f6ad2d72000-7f6ad2d74000 r--s 00014000 fd:02 271975607                  /home/user/.m2/repository/jline/jline/0.9.94/jline-0.9.94.jar
7f6ad2d74000-7f6ad2d81000 r--s 000d1000 fd:02 272172364                  /home/user/.m2/repository/org/apache/zookeeper/zookeeper/3.4.13/zookeeper-3.4.13.jar
7f6ad2d81000-7f6ad2d9b000 r--s 00155000 fd:02 272105852                  /home/user/.m2/repository/org/apache/htrace/htrace-core4/4.1.0-incubating/htrace-core4-4.1.0-incubating.jar
7f6ad2d9b000-7f6ad2d9e000 r--s 00006000 fd:02 271910984                  /home/user/.m2/repository/com/google/code/findbugs/jsr305/3.0.0/jsr305-3.0.0.jar
7f6ad2d9e000-7f6ad2da6000 r--s 0003e000 fd:02 272105615                  /home/user/.m2/repository/org/apache/curator/curator-recipes/2.12.0/curator-recipes-2.12.0.jar
7f6ad2da6000-7f6ad2ddd000 r--s 00219000 fd:02 272105597                  /home/user/.m2/repository/org/apache/curator/curator-client/2.12.0/curator-client-2.12.0.jar
7f6ad2ddd000-7f6ad2de2000 r--s 00040000 fd:02 271911244                  /home/user/.m2/repository/com/jcraft/jsch/0.1.54/jsch-0.1.54.jar
7f6ad2de2000-7f6ad2de8000 r--s 0002c000 fd:02 272105606                  /home/user/.m2/repository/org/apache/curator/curator-framework/2.12.0/curator-framework-2.12.0.jar
7f6ad2de8000-7f6ad2dea000 r--s 00006000 fd:02 271975839                  /home/user/.m2/repository/net/minidev/accessors-smart/1.2/accessors-smart-1.2.jar
7f6ad2dea000-7f6ad2ded000 r--s 0001b000 fd:02 271975848                  /home/user/.m2/repository/net/minidev/json-smart/2.3/json-smart-2.3.jar
7f6ad2ded000-7f6ad2def000 r--s 00000000 fd:02 271910920                  /home/user/.m2/repository/com/github/stephenc/jcip/jcip-annotations/1.0-1/jcip-annotations-1.0-1.jar
7f6ad2def000-7f6ad2df5000 r--s 00044000 fd:02 271911290                  /home/user/.m2/repository/com/nimbusds/nimbus-jose-jwt/4.41.1/nimbus-jose-jwt-4.41.1.jar
7f6ad2df5000-7f6ad2df7000 r--s 00020000 fd:02 272105668                  /home/user/.m2/repository/org/apache/hadoop/hadoop-auth/3.2.0/hadoop-auth-3.2.0.jar
7f6ad2df7000-7f6ad2dfc000 r--s 0002a000 fd:02 271910994                  /home/user/.m2/repository/com/google/code/gson/gson/2.2.4/gson-2.2.4.jar
7f6ad2dfc000-7f6ad2dfe000 r--s 0001e000 fd:02 271911218                  /home/user/.m2/repository/com/google/re2j/re2j/1.1/re2j-1.1.jar
7f6ad2dfe000-7f6ad2e00000 r--s 00130000 fd:02 272302229                  /home/user/.m2/repository/org/xerial/snappy/snappy-java/1.0.5/snappy-java-1.0.5.jar
7f6ad2e00000-7f6ad2e02000 r--s 00006000 fd:02 271974570                  /home/user/.m2/repository/com/thoughtworks/paranamer/paranamer/2.3/paranamer-2.3.jar
7f6ad2e02000-7f6ad2e0b000 r--s 00062000 fd:02 271976069                  /home/user/.m2/repository/org/apache/avro/avro/1.7.7/avro-1.7.7.jar
7f6ad2e0b000-7f6ad2e0c000 r--s 00002000 fd:02 272238091                  /home/user/.m2/repository/org/slf4j/slf4j-log4j12/1.7.25/slf4j-log4j12-1.7.25.jar
7f6ad2e0c000-7f6ad2e10000 r--s 00029000 fd:02 272105581                  /home/user/.m2/repository/org/apache/commons/commons-text/1.4/commons-text-1.4.jar
7f6ad2e10000-7f6ad2e18000 r--s 00072000 fd:02 271976156                  /home/user/.m2/repository/org/apache/commons/commons-lang3/3.7/commons-lang3-3.7.jar
7f6ad2e18000-7f6ad2e24000 r--s 0008b000 fd:02 271976124                  /home/user/.m2/repository/org/apache/commons/commons-configuration2/2.1.1/commons-configuration2-2.1.1.jar
7f6ad2e24000-7f6ad2e29000 r--s 00038000 fd:02 271974623                  /home/user/.m2/repository/commons-beanutils/commons-beanutils/1.9.4/commons-beanutils-1.9.4.jar
7f6ad2e29000-7f6ad2e32000 r--s 0006f000 fd:02 271975687                  /home/user/.m2/repository/log4j/log4j/1.2.17/log4j-1.2.17.jar
7f6ad2e32000-7f6ad2e34000 r--s 0000e000 fd:02 271974931                  /home/user/.m2/repository/commons-logging/commons-logging/1.1.3/commons-logging-1.1.3.jar
7f6ad2e34000-7f6ad2e44000 r--s 0009c000 fd:02 271974503                  /home/user/.m2/repository/com/sun/jersey/jersey-server/1.19/jersey-server-1.19.jar
7f6ad2e44000-7f6ad2e45000 r--s 00006000 fd:02 272172535                  /home/user/.m2/repository/org/codehaus/jackson/jackson-xc/1.9.13/jackson-xc-1.9.13.jar
7f6ad2e45000-7f6ad2e46000 r--s 00004000 fd:02 272172517                  /home/user/.m2/repository/org/codehaus/jackson/jackson-jaxrs/1.9.13/jackson-jaxrs-1.9.13.jar
7f6ad2e46000-7f6ad2e54000 r--s 000b1000 fd:02 272172526                  /home/user/.m2/repository/org/codehaus/jackson/jackson-mapper-asl/1.9.13/jackson-mapper-asl-1.9.13.jar
7f6ad2e54000-7f6ad2e58000 r--s 00035000 fd:02 272172508                  /home/user/.m2/repository/org/codehaus/jackson/jackson-core-asl/1.9.13/jackson-core-asl-1.9.13.jar
7f6ad2e58000-7f6ad2e6a000 r--s 000d9000 fd:02 271974546                  /home/user/.m2/repository/com/sun/xml/bind/jaxb-impl/2.3.0.1/jaxb-impl-2.3.0.1.jar
7f6ad2e6a000-7f6ad2e6c000 r--s 0000f000 fd:02 272172545                  /home/user/.m2/repository/org/codehaus/jettison/jettison/1.1/jettison-1.1.jar
7f6ad2e6c000-7f6ad2e70000 r--s 00025000 fd:02 271974488                  /home/user/.m2/repository/com/sun/jersey/jersey-json/1.19/jersey-json-1.19.jar
7f6ad2e70000-7f6ad2e74000 r--s 0001c000 fd:02 271974512                  /home/user/.m2/repository/com/sun/jersey/jersey-servlet/1.19/jersey-servlet-1.19.jar
7f6ad2e74000-7f6ad2e76000 r--s 0000a000 fd:02 271975552                  /home/user/.m2/repository/javax/ws/rs/jsr311-api/1.1.1/jsr311-api-1.1.1.jar
7f6ad2e76000-7f6ad2e80000 r--s 00061000 fd:02 271974479                  /home/user/.m2/repository/com/sun/jersey/jersey-core/1.19/jersey-core-1.19.jar
7f6ad2e80000-7f6ad2e83000 r--s 00016000 fd:02 271975508                  /home/user/.m2/repository/javax/servlet/jsp/jsp-api/2.1/jsp-api-2.1.jar
7f6ad2e83000-7f6ad2e84000 r--s 0000c000 fd:02 272237059                  /home/user/.m2/repository/org/eclipse/jetty/jetty-xml/9.3.25.v20180904/jetty-xml-9.3.25.v20180904.jar
7f6ad2e84000-7f6ad2e87000 r--s 0001a000 fd:02 272237050                  /home/user/.m2/repository/org/eclipse/jetty/jetty-webapp/9.3.25.v20180904/jetty-webapp-9.3.25.v20180904.jar
7f6ad2e87000-7f6ad2e8a000 r--s 00015000 fd:02 272237005                  /home/user/.m2/repository/org/eclipse/jetty/jetty-security/9.3.25.v20180904/jetty-security-9.3.25.v20180904.jar
7f6ad2e8a000-7f6ad2e8d000 r--s 0001b000 fd:02 272237023                  /home/user/.m2/repository/org/eclipse/jetty/jetty-servlet/9.3.25.v20180904/jetty-servlet-9.3.25.v20180904.jar
7f6ad2e8d000-7f6ad2e94000 r--s 00069000 fd:02 272237032                  /home/user/.m2/repository/org/eclipse/jetty/jetty-util/9.3.25.v20180904/jetty-util-9.3.25.v20180904.jar
7f6ad2e94000-7f6ad2e98000 r--s 0001b000 fd:02 272236979                  /home/user/.m2/repository/org/eclipse/jetty/jetty-io/9.3.25.v20180904/jetty-io-9.3.25.v20180904.jar
7f6ad2e98000-7f6ad2e9b000 r--s 00022000 fd:02 272236970                  /home/user/.m2/repository/org/eclipse/jetty/jetty-http/9.3.25.v20180904/jetty-http-9.3.25.v20180904.jar
7f6ad2e9b000-7f6ad2ea3000 r--s 00078000 fd:02 272237014                  /home/user/.m2/repository/org/eclipse/jetty/jetty-server/9.3.25.v20180904/jetty-server-9.3.25.v20180904.jar
7f6ad2ea3000-7f6ad2ea6000 r--s 00015000 fd:02 271975498                  /home/user/.m2/repository/javax/servlet/javax.servlet-api/3.1.0/javax.servlet-api-3.1.0.jar
7f6ad2ea6000-7f6ad2eb3000 r--s 00083000 fd:02 271974744                  /home/user/.m2/repository/commons-collections/commons-collections/3.2.2/commons-collections-3.2.2.jar
7f6ad2eb3000-7f6ad2eb9000 r--s 00046000 fd:02 271974956                  /home/user/.m2/repository/commons-net/commons-net/3.6/commons-net-3.6.jar
7f6ad2eb9000-7f6ad2ebd000 r--s 0002f000 fd:02 271974854                  /home/user/.m2/repository/commons-io/commons-io/2.5/commons-io-2.5.jar
7f6ad2ebd000-7f6ad2ec4000 r--s 0004b000 fd:02 271974676                  /home/user/.m2/repository/commons-codec/commons-codec/1.11/commons-codec-1.11.jar
7f6ad2ec4000-7f6ad2ecb000 r--s 00049000 fd:02 272105929                  /home/user/.m2/repository/org/apache/httpcomponents/httpcore/4.4.4/httpcore-4.4.4.jar
7f6ad2ecb000-7f6ad2ed8000 r--s 000a7000 fd:02 272105876                  /home/user/.m2/repository/org/apache/httpcomponents/httpclient/4.5.2/httpclient-4.5.2.jar
7f6ad2ed8000-7f6ad2ef5000 r--s 0016a000 fd:02 271976165                  /home/user/.m2/repository/org/apache/commons/commons-math3/3.1.1/commons-math3-3.1.1.jar
7f6ad2ef5000-7f6ad2ef7000 r--s 00009000 fd:02 271974658                  /home/user/.m2/repository/commons-cli/commons-cli/1.2/commons-cli-1.2.jar
7f6ad2ef7000-7f6ad2f70000 r--s 007c0000 fd:02 271058845                  /usr/lib/jvm/java-1.8-openjdk/lib/tools.jar
7f6ad2f70000-7f6ad2f71000 r--s 0000e000 fd:02 272105659                  /home/user/.m2/repository/org/apache/hadoop/hadoop-annotations/3.2.0/hadoop-annotations-3.2.0.jar
7f6ad2f71000-7f6ad2f9c000 r--s 00297000 fd:02 272105686                  /home/user/.m2/repository/org/apache/hadoop/hadoop-common/3.2.0/hadoop-common-3.2.0-tests.jar
7f6ad2f9c000-7f6ad2f9e000 r--s 00002000 fd:02 107940022                  /home/user/.m2/repository/com/github/spotbugs/spotbugs-annotations/3.1.12/spotbugs-annotations-3.1.12.jar
7f6ad2f9e000-7f6ad2fa0000 r--s 00009000 fd:02 272238065                  /home/user/.m2/repository/org/slf4j/slf4j-api/1.7.25/slf4j-api-1.7.25.jar
7f6ad2fa0000-7f6ad2fa5000 r--s 00041000 fd:02 271974890                  /home/user/.m2/repository/commons-lang/commons-lang/2.6/commons-lang-2.6.jar
7f6ad2fa5000-7f6ad2fab000 r--s 00033000 fd:02 271975587                  /home/user/.m2/repository/jaxen/jaxen/1.1.6/jaxen-1.1.6.jar
7f6ad2fab000-7f6ad2fb0000 r--s 0004b000 fd:02 107940009                  /home/user/.m2/repository/org/dom4j/dom4j/2.1.1/dom4j-2.1.1.jar
7f6ad2fb0000-7f6ad2fb1000 r--s 00000000 fd:02 271975829                  /home/user/.m2/repository/net/jcip/jcip-annotations/1.0/jcip-annotations-1.0.jar
7f6ad2fb1000-7f6ad2fbc000 r--s 0009d000 fd:02 107940020                  /home/user/.m2/repository/org/apache/bcel/bcel/6.3/bcel-6.3.jar
7f6ad2fbc000-7f6ad2fbd000 r--s 00013000 fd:02 107940016                  /home/user/.m2/repository/org/ow2/asm/asm-util/7.0/asm-util-7.0.jar
7f6ad2fbd000-7f6ad2fbf000 r--s 0000b000 fd:02 107940008                  /home/user/.m2/repository/org/ow2/asm/asm-tree/7.0/asm-tree-7.0.jar
7f6ad2fbf000-7f6ad2fc1000 r--s 00012000 fd:02 107940010                  /home/user/.m2/repository/org/ow2/asm/asm-commons/7.0/asm-commons-7.0.jar
7f6ad2fc1000-7f6ad2fc3000 r--s 00007000 fd:02 107940012                  /home/user/.m2/repository/org/ow2/asm/asm-analysis/7.0/asm-analysis-7.0.jar
7f6ad2fc3000-7f6ad2fc5000 r--s 0000c000 fd:02 272237755                  /home/user/.m2/repository/org/ow2/asm/asm/5.0.4/asm-5.0.4.jar
7f6ad2fc5000-7f6ad2fed000 r--s 00316000 fd:02 107940015                  /home/user/.m2/repository/com/github/spotbugs/spotbugs/3.1.12/spotbugs-3.1.12.jar
7f6ad2fed000-7f6ad2fef000 r--s 00005000 fd:02 272237673                  /home/user/.m2/repository/org/objenesis/objenesis/1.0/objenesis-1.0.jar
7f6ad2fef000-7f6ad2ff1000 r--s 00009000 fd:02 271975781                  /home/user/.m2/repository/net/bytebuddy/byte-buddy-agent/1.9.10/byte-buddy-agent-1.9.10.jar
7f6ad2ff1000-7f6ad3038000 r--s 002d9000 fd:02 271975748                  /home/user/.m2/repository/net/bytebuddy/byte-buddy/1.9.10/byte-buddy-1.9.10.jar
7f6ad3038000-7f6ad3049000 r--s 00080000 fd:02 272237609                  /home/user/.m2/repository/org/mockito/mockito-core/2.28.2/mockito-core-2.28.2.jar
7f6ad3049000-7f6ad30a1000 r--s 003a7000 fd:02 272172430                  /home/user/.m2/repository/org/bouncycastle/bcprov-jdk15on/1.60/bcprov-jdk15on-1.60.jar
7f6ad30a1000-7f6ad30c2000 r--s 00172000 fd:02 271911060                  /home/user/.m2/repository/com/google/guava/guava/11.0.2/guava-11.0.2.jar
7f6ad30c2000-7f6ad30ca000 r--s 0007b000 fd:02 271911176                  /home/user/.m2/repository/com/google/protobuf/protobuf-java/2.5.0/protobuf-java-2.5.0.jar
7f6ad30ca000-7f6ad30cf000 r--s 0003c000 fd:02 271975044                  /home/user/.m2/repository/info/picocli/picocli/3.9.6/picocli-3.9.6.jar
7f6ad30cf000-7f6ad30d3000 r--s 006b9000 fd:02 272302238                  /home/user/.m2/repository/org/xerial/sqlite-jdbc/3.25.2/sqlite-jdbc-3.25.2.jar
7f6ad30d3000-7f6ad30d9000 r--s 0003c000 fd:02 272302258                  /home/user/.m2/repository/org/yaml/snakeyaml/1.16/snakeyaml-1.16.jar
7f6ad30d9000-7f6ad30da000 r--s 00002000 fd:02 271975390                  /home/user/.m2/repository/io/opentracing/opentracing-noop/0.31.0/opentracing-noop-0.31.0.jar
7f6ad30da000-7f6ad30dc000 r--s 00002000 fd:02 271975381                  /home/user/.m2/repository/io/opentracing/opentracing-api/0.31.0/opentracing-api-0.31.0.jar
7f6ad30dc000-7f6ad30dd000 r--s 00001000 fd:02 271975399                  /home/user/.m2/repository/io/opentracing/opentracing-util/0.31.0/opentracing-util-0.31.0.jar
7f6ad30dd000-7f6ad30de000 r--s 00001000 fd:02 271975366                  /home/user/.m2/repository/io/opentracing/contrib/opentracing-tracerresolver/0.1.5/opentracing-tracerresolver-0.1.5.jar
7f6ad30de000-7f6ad30df000 r--s 00000000 fd:02 271975196                  /home/user/.m2/repository/io/jaegertracing/jaeger-tracerresolver/0.34.0/jaeger-tracerresolver-0.34.0.jar
7f6ad30df000-7f6ad30e3000 r--s 0001c000 fd:02 271975178                  /home/user/.m2/repository/io/jaegertracing/jaeger-core/0.34.0/jaeger-core-0.34.0.jar
7f6ad30e3000-7f6ad30e4000 r--s 00013000 fd:02 271974427                  /home/user/.m2/repository/com/squareup/okio/okio/1.13.0/okio-1.13.0.jar
7f6ad30e4000-7f6ad30ea000 r--s 0005e000 fd:02 271974411                  /home/user/.m2/repository/com/squareup/okhttp3/okhttp/3.9.0/okhttp-3.9.0.jar
7f6ad30ea000-7f6ad30f0000 r--s 00037000 fd:02 272172129                  /home/user/.m2/repository/org/apache/thrift/libthrift/0.12.0/libthrift-0.12.0.jar
7f6ad30f0000-7f6ad30fe000 r--s 0009e000 fd:02 271975187                  /home/user/.m2/repository/io/jaegertracing/jaeger-thrift/0.34.0/jaeger-thrift-0.34.0.jar
7f6ad30fe000-7f6ad30ff000 r--s 00000000 fd:02 271975169                  /home/user/.m2/repository/io/jaegertracing/jaeger-client/0.34.0/jaeger-client-0.34.0.jar
7f6ad30ff000-7f6ad3103000 r--s 00020000 fd:02 271974790                  /home/user/.m2/repository/commons-digester/commons-digester/1.8.1/commons-digester-1.8.1.jar
7f6ad3103000-7f6ad3107000 r--s 0002a000 fd:02 271974982                  /home/user/.m2/repository/commons-validator/commons-validator/1.6/commons-validator-1.6.jar
7f6ad3107000-7f6ad311a000 r--s 000b0000 fd:02 272172421                  /home/user/.m2/repository/org/bouncycastle/bcpkix-jdk15on/1.60/bcpkix-jdk15on-1.60.jar
7f6ad311a000-7f6ad311d000 r--s 0001d000 fd:02 272105572                  /home/user/.m2/repository/org/apache/commons/commons-pool2/2.6.0/commons-pool2-2.6.0.jar
7f6ad311d000-7f6ad3120000 r--s 00012000 fd:02 271911270                  /home/user/.m2/repository/com/lmax/disruptor/3.4.2/disruptor-3.4.2.jar
7f6ad3120000-7f6ad3140000 r--s 00167000 fd:02 272106156                  /home/user/.m2/repository/org/apache/logging/log4j/log4j-core/2.11.0/log4j-core-2.11.0.jar
7f6ad3140000-7f6ad3146000 r--s 0003b000 fd:02 272106147                  /home/user/.m2/repository/org/apache/logging/log4j/log4j-api/2.11.0/log4j-api-2.11.0.jar
7f6ad3146000-7f6ad314b000 r--s 00c4f000 fd:02 272238024                  /home/user/.m2/repository/org/rocksdb/rocksdbjni/6.0.1/rocksdbjni-6.0.1.jar
7f6ad314b000-7f6ad314d000 r--s 00019000 fd:02 107939609                  /home/user/.m2/repository/org/apache/ratis/ratis-grpc/0.5.0-201fc85-SNAPSHOT/ratis-grpc-0.5.0-201fc85-SNAPSHOT.jar
7f6ad314d000-7f6ad314f000 r--s 00007000 fd:02 107939608                  /home/user/.m2/repository/org/apache/ratis/ratis-netty/0.5.0-201fc85-SNAPSHOT/ratis-netty-0.5.0-201fc85-SNAPSHOT.jar
7f6ad314f000-7f6ad3151000 r--s 00009000 fd:02 271975034                  /home/user/.m2/repository/info/ganglia/gmetric4j/gmetric4j/1.0.7/gmetric4j-1.0.7.jar
7f6ad3151000-7f6ad3152000 r--s 00002000 fd:02 271975065                  /home/user/.m2/repository/io/dropwizard/metrics/metrics-ganglia/3.2.5/metrics-ganglia-3.2.5.jar
7f6ad3152000-7f6ad3154000 r--s 00008000 fd:02 271975074                  /home/user/.m2/repository/io/dropwizard/metrics/metrics-jvm/3.2.5/metrics-jvm-3.2.5.jar
7f6ad3154000-7f6ad3155000 r--s 00003000 fd:02 271910909                  /home/user/.m2/repository/com/github/joshelser/dropwizard-metrics-hadoop-metrics2-reporter/0.1.2/dropwizard-metrics-hadoop-metrics2-reporter-0.1.2.jar
7f6ad3155000-7f6ad3157000 r--s 0000c000 fd:02 107939606                  /home/user/.m2/repository/org/apache/ratis/ratis-client/0.5.0-201fc85-SNAPSHOT/ratis-client-0.5.0-201fc85-SNAPSHOT.jar
7f6ad3157000-7f6ad315c000 r--s 0003a000 fd:02 107939597                  /home/user/.m2/repository/org/apache/ratis/ratis-common/0.5.0-201fc85-SNAPSHOT/ratis-common-0.5.0-201fc85-SNAPSHOT.jar
7f6ad315c000-7f6ad316a000 r--s 0010d000 fd:02 107939593                  /home/user/.m2/repository/org/apache/ratis/ratis-proto/0.5.0-201fc85-SNAPSHOT/ratis-proto-0.5.0-201fc85-SNAPSHOT.jar
7f6ad316a000-7f6ad3244000 r--s 00cc8000 fd:02 272172079                  /home/user/.m2/repository/org/apache/ratis/ratis-thirdparty-misc/0.2.0/ratis-thirdparty-misc-0.2.0.jar
7f6ad3244000-7f6ad3249000 r--s 00053000 fd:02 107939591                  /home/user/.m2/repository/org/apache/ratis/ratis-server/0.5.0-201fc85-SNAPSHOT/ratis-server-0.5.0-201fc85-SNAPSHOT.jar
7f6ad3249000-7f6ad324b000 r--s 00005000 fd:02 271975437                  /home/user/.m2/repository/javax/annotation/javax.annotation-api/1.2/javax.annotation-api-1.2.jar
7f6ad324b000-7f6ad3290000 r--s 00486000 fd:02 272105722                  /home/user/.m2/repository/org/apache/hadoop/hadoop-hdfs-client/3.2.0/hadoop-hdfs-client-3.2.0.jar
7f6ad3290000-7f6ad32b7000 r--s 00205000 fd:02 271975215                  /home/user/.m2/repository/io/netty/netty-all/4.0.52.Final/netty-all-4.0.52.Final.jar
7f6ad32b7000-7f6ad32d0000 r--s 0012c000 fd:02 271975206                  /home/user/.m2/repository/io/netty/netty/3.10.5.Final/netty-3.10.5.Final.jar
7f6ad32d0000-7f6ad3318000 r--s 00557000 fd:02 272105713                  /home/user/.m2/repository/org/apache/hadoop/hadoop-hdfs/3.2.0/hadoop-hdfs-3.2.0.jar
7f6ad3318000-7f6ad3356000 r--s 003aa000 fd:02 272105689                  /home/user/.m2/repository/org/apache/hadoop/hadoop-common/3.2.0/hadoop-common-3.2.0.jar
7f6ad3356000-7f6ad3359000 ---p 00000000 00:00 0 
7f6ad3359000-7f6ad3457000 rw-p 00000000 00:00 0 
7f6ad3457000-7f6ad365e000 r-xp 00000000 fd:02 271058752                  /usr/lib/jvm/java-1.8-openjdk/jre/lib/amd64/libmanagement.so
7f6ad365e000-7f6ad365f000 r--p 00007000 fd:02 271058752                  /usr/lib/jvm/java-1.8-openjdk/jre/lib/amd64/libmanagement.so
7f6ad365f000-7f6ad3660000 rw-p 00008000 fd:02 271058752                  /usr/lib/jvm/java-1.8-openjdk/jre/lib/amd64/libmanagement.so
7f6ad3660000-7f6ad3663000 ---p 00000000 00:00 0 
7f6ad3663000-7f6ad3761000 rw-p 00000000 00:00 0 
7f6ad3761000-7f6ad3762000 ---p 00000000 00:00 0 
7f6ad3762000-7f6ad3863000 rw-p 00000000 00:00 0 
7f6ad3863000-7f6ad3866000 ---p 00000000 00:00 0 
7f6ad3866000-7f6ad3964000 rw-p 00000000 00:00 0 
7f6ad3964000-7f6ad3965000 ---p 00000000 00:00 0 
7f6ad3965000-7f6ad3968000 ---p 00000000 00:00 0 
7f6ad3968000-7f6ad3a66000 rw-p 00000000 00:00 0 
7f6ad3a66000-7f6ad3a67000 ---p 00000000 00:00 0 
7f6ad3a67000-7f6ad3a6a000 ---p 00000000 00:00 0 
7f6ad3a6a000-7f6ad3b68000 rw-p 00000000 00:00 0 
7f6ad3b68000-7f6ad3b6b000 ---p 00000000 00:00 0 
7f6ad3b6b000-7f6ad3c69000 rw-p 00000000 00:00 0 
7f6ad3c69000-7f6ad3c6c000 ---p 00000000 00:00 0 
7f6ad3c6c000-7f6ad3d6a000 rw-p 00000000 00:00 0 
7f6ad3d6a000-7f6ad3d6d000 ---p 00000000 00:00 0 
7f6ad3d6d000-7f6ad3e6b000 rw-p 00000000 00:00 0 
7f6ad3e6b000-7f6ad3e6c000 ---p 00000000 00:00 0 
7f6ad3e6c000-7f6ad4876000 rw-p 00000000 00:00 0 
7f6ad4876000-7f6ad4a46000 r--s 01f56000 fd:02 271058817                  /usr/lib/jvm/java-1.8-openjdk/jre/lib/rt.jar
7f6ad4a46000-7f6ad96bc000 rw-p 00000000 00:00 0 
7f6ad96bc000-7f6ad96bd000 ---p 00000000 00:00 0 
7f6ad96bd000-7f6ad97be000 rw-p 00000000 00:00 0 
7f6ad97be000-7f6ad97bf000 ---p 00000000 00:00 0 
7f6ad97bf000-7f6ad9a63000 rw-p 00000000 00:00 0 
7f6ad9a63000-7f6ad9b6b000 ---p 00000000 00:00 0 
7f6ad9b6b000-7f6ad9d0e000 rw-p 00000000 00:00 0 
7f6ad9d0e000-7f6ad9e15000 ---p 00000000 00:00 0 
7f6ad9e15000-7f6ad9f8c000 rw-p 00000000 00:00 0 
7f6ad9f8c000-7f6ada32c000 ---p 00000000 00:00 0 
7f6ada32c000-7f6adab2c000 rwxp 00000000 00:00 0 
7f6adab2c000-7f6ae932c000 ---p 00000000 00:00 0 
7f6ae932c000-7f6ae9533000 r-xp 00000000 fd:02 271058761                  /usr/lib/jvm/java-1.8-openjdk/jre/lib/amd64/libzip.so
7f6ae9533000-7f6ae9534000 r--p 00007000 fd:02 271058761                  /usr/lib/jvm/java-1.8-openjdk/jre/lib/amd64/libzip.so
7f6ae9534000-7f6ae9535000 rw-p 00008000 fd:02 271058761                  /usr/lib/jvm/java-1.8-openjdk/jre/lib/amd64/libzip.so
7f6ae9535000-7f6ae9760000 r-xp 00000000 fd:02 271058742                  /usr/lib/jvm/java-1.8-openjdk/jre/lib/amd64/libjava.so
7f6ae9760000-7f6ae9761000 r--p 0002b000 fd:02 271058742                  /usr/lib/jvm/java-1.8-openjdk/jre/lib/amd64/libjava.so
7f6ae9761000-7f6ae9762000 rw-p 0002c000 fd:02 271058742                  /usr/lib/jvm/java-1.8-openjdk/jre/lib/amd64/libjava.so
7f6ae9762000-7f6ae9763000 rw-p 00000000 00:00 0 
7f6ae9763000-7f6ae996f000 r-xp 00000000 fd:02 271058760                  /usr/lib/jvm/java-1.8-openjdk/jre/lib/amd64/libverify.so
7f6ae996f000-7f6ae9971000 r--p 0000c000 fd:02 271058760                  /usr/lib/jvm/java-1.8-openjdk/jre/lib/amd64/libverify.so
7f6ae9971000-7f6ae9972000 rw-p 0000e000 fd:02 271058760                  /usr/lib/jvm/java-1.8-openjdk/jre/lib/amd64/libverify.so
7f6ae9972000-7f6ae9b82000 r-xp 00000000 fd:02 271058918                  /usr/lib/libgcc_s.so.1
7f6ae9b82000-7f6ae9b83000 r--p 00010000 fd:02 271058918                  /usr/lib/libgcc_s.so.1
7f6ae9b83000-7f6ae9b84000 rw-p 00011000 fd:02 271058918                  /usr/lib/libgcc_s.so.1
7f6ae9b84000-7f6ae9ec5000 r-xp 00000000 fd:02 271059041                  /usr/lib/libstdc++.so.6.0.22
7f6ae9ec5000-7f6ae9ed3000 r--p 00141000 fd:02 271059041                  /usr/lib/libstdc++.so.6.0.22
7f6ae9ed3000-7f6ae9ed4000 rw-p 0014f000 fd:02 271059041                  /usr/lib/libstdc++.so.6.0.22
7f6ae9ed4000-7f6ae9ed7000 rw-p 00000000 00:00 0 
7f6ae9ed7000-7f6aea8ab000 r-xp 00000000 fd:02 271058765                  /usr/lib/jvm/java-1.8-openjdk/jre/lib/amd64/server/libjvm.so
7f6aea8ab000-7f6aea941000 r--p 007d4000 fd:02 271058765                  /usr/lib/jvm/java-1.8-openjdk/jre/lib/amd64/server/libjvm.so
7f6aea941000-7f6aea969000 rw-p 0086a000 fd:02 271058765                  /usr/lib/jvm/java-1.8-openjdk/jre/lib/amd64/server/libjvm.so
7f6aea969000-7f6aea99a000 rw-p 00000000 00:00 0 
7f6aea99a000-7f6aeabaf000 r-xp 00000000 fd:02 164495947                  /lib/libz.so.1.2.11
7f6aeabaf000-7f6aeabb0000 r--p 00015000 fd:02 164495947                  /lib/libz.so.1.2.11
7f6aeabb0000-7f6aeabb1000 rw-p 00016000 fd:02 164495947                  /lib/libz.so.1.2.11
7f6aeabb1000-7f6aeadbd000 r-xp 00000000 fd:02 271058726                  /usr/lib/jvm/java-1.8-openjdk/jre/lib/amd64/jli/libjli.so
7f6aeadbd000-7f6aeadbe000 r--p 0000c000 fd:02 271058726                  /usr/lib/jvm/java-1.8-openjdk/jre/lib/amd64/jli/libjli.so
7f6aeadbe000-7f6aeadbf000 rw-p 0000d000 fd:02 271058726                  /usr/lib/jvm/java-1.8-openjdk/jre/lib/amd64/jli/libjli.so
7f6aeadbf000-7f6aeae4c000 r-xp 00000000 fd:02 270991733                  /lib/ld-musl-x86_64.so.1
7f6aeae4c000-7f6aeae4d000 r--s 00006000 fd:02 107939607                  /home/user/.m2/repository/org/apache/ratis/ratis-metrics/0.5.0-201fc85-SNAPSHOT/ratis-metrics-0.5.0-201fc85-SNAPSHOT.jar
7f6aeae4d000-7f6aeae50000 r--s 0000e000 fd:02 271910698                  /home/user/.m2/repository/com/fasterxml/jackson/core/jackson-annotations/2.9.9/jackson-annotations-2.9.9.jar
7f6aeae50000-7f6aeae53000 r--s 000fd000 fd:02 272237121                  /home/user/.m2/repository/org/fusesource/leveldbjni/leveldbjni-all/1.8/leveldbjni-all-1.8.jar
7f6aeae53000-7f6aeae54000 r--s 00005000 fd:02 271974764                  /home/user/.m2/repository/commons-daemon/commons-daemon/1.0.13/commons-daemon-1.0.13.jar
7f6aeae54000-7f6aeae56000 r--s 00008000 fd:02 272237041                  /home/user/.m2/repository/org/eclipse/jetty/jetty-util-ajax/9.3.25.v20180904/jetty-util-ajax-9.3.25.v20180904.jar
7f6aeae56000-7f6aeae5a000 r--s 00014000 fd:02 272302194                  /home/user/.m2/repository/org/tukaani/xz/1.0/xz-1.0.jar
7f6aeae5a000-7f6aeae5f000 r--s 00036000 fd:02 271976107                  /home/user/.m2/repository/org/apache/commons/commons-compress/1.4.1/commons-compress-1.4.1.jar
7f6aeae5f000-7f6aeae61000 r--s 00002000 fd:02 272171768                  /home/user/.m2/repository/org/apache/maven/surefire/surefire-logger-api/3.0.0-M1/surefire-logger-api-3.0.0-M1.jar
7f6aeae61000-7f6aeae66000 r--s 00027000 fd:02 272171750                  /home/user/.m2/repository/org/apache/maven/surefire/surefire-api/3.0.0-M1/surefire-api-3.0.0-M1.jar
7f6aeae66000-7f6aeae6c000 r--s 00047000 fd:02 272171759                  /home/user/.m2/repository/org/apache/maven/surefire/surefire-booter/3.0.0-M1/surefire-booter-3.0.0-M1.jar
7f6aeae6c000-7f6aeae6d000 r--s 00004000 fd:05 17171881                   /workdir/hadoop-ozone/ozone-manager/target/surefire/surefirebooter4957141164192891611.jar
7f6aeae6d000-7f6aeae6e000 r--s 00000000 fd:02 164495883                  /etc/localtime
7f6aeae6e000-7f6aeaf3f000 rw-p 00000000 00:00 0 
7f6aeaf3f000-7f6aeaf47000 rw-s 00000000 fd:02 107482559                  /tmp/hsperfdata_jenkins1000/13590
7f6aeaf47000-7f6aeaf48000 rw-p 00000000 00:00 0 
7f6aeaf48000-7f6aeaf49000 r--p 00000000 00:00 0 
7f6aeaf49000-7f6aeaf4b000 ---p 00000000 00:00 0 
7f6aeaf4b000-7f6aeaf4e000 ---p 00000000 00:00 0 
7f6aeaf4e000-7f6aeb04c000 rw-p 00000000 00:00 0 
7f6aeb04c000-7f6aeb04d000 r--p 0008d000 fd:02 270991733                  /lib/ld-musl-x86_64.so.1
7f6aeb04d000-7f6aeb04e000 rw-p 0008e000 fd:02 270991733                  /lib/ld-musl-x86_64.so.1
7f6aeb04e000-7f6aeb051000 rw-p 00000000 00:00 0 
7ffc3e78e000-7ffc3e7b0000 rw-p 00000000 00:00 0                          [stack]
7ffc3e7d1000-7ffc3e7d3000 r-xp 00000000 00:00 0                          [vdso]
ffffffffff600000-ffffffffff601000 r-xp 00000000 00:00 0                  [vsyscall]

VM Arguments:
jvm_args: -Xmx2048m -XX:+HeapDumpOnOutOfMemoryError 
java_command: /workdir/hadoop-ozone/ozone-manager/target/surefire/surefirebooter4957141164192891611.jar /workdir/hadoop-ozone/ozone-manager/target/surefire 2019-10-15T07-52-15_538-jvmRun1 surefire3723274422904434501tmp surefire_44163610910876040997tmp
java_class_path (initial): /workdir/hadoop-ozone/ozone-manager/target/surefire/surefirebooter4957141164192891611.jar
Launcher Type: SUN_STANDARD

Environment Variables:
PATH=/usr/local/sbin:/usr/local/bin:/usr/sbin:/usr/bin:/sbin:/bin:/opt/findbugs/bin:/opt/blockade/bin
LD_LIBRARY_PATH=/usr/lib/jvm/java-1.8-openjdk/jre/lib/amd64/server:/usr/lib/jvm/java-1.8-openjdk/jre/lib/amd64:/usr/lib/jvm/java-1.8-openjdk/jre/../lib/amd64:/workdir/hadoop-ozone/ozone-manager/target/native/target/usr/local/lib:/workdir/hadoop-ozone/ozone-manager/../../hadoop-common-project/hadoop-common/target/native/target/usr/local/lib
DYLD_LIBRARY_PATH=${env.DYLD_LIBRARY_PATH}:/workdir/hadoop-ozone/ozone-manager/target/native/target/usr/local/lib:/workdir/hadoop-ozone/ozone-manager/../../hadoop-common-project/hadoop-common/target/native/target/usr/local/lib

Signal Handlers:
SIGSEGV: [libjvm.so+0x600fd2], sa_mask[0]=11111111011111111101111111111110, sa_flags=SA_RESTART|SA_SIGINFO
SIGBUS: [libjvm.so+0x600fd2], sa_mask[0]=11111111011111111101111111111110, sa_flags=SA_RESTART|SA_SIGINFO
SIGFPE: [libjvm.so+0x539502], sa_mask[0]=11111111011111111101111111111110, sa_flags=SA_RESTART|SA_SIGINFO
SIGPIPE: [libjvm.so+0x539502], sa_mask[0]=11111111011111111101111111111110, sa_flags=SA_RESTART|SA_SIGINFO
SIGXFSZ: [libjvm.so+0x539502], sa_mask[0]=11111111011111111101111111111110, sa_flags=SA_RESTART|SA_SIGINFO
SIGILL: [libjvm.so+0x539502], sa_mask[0]=11111111011111111101111111111110, sa_flags=SA_RESTART|SA_SIGINFO
SIGUSR1: SIG_DFL, sa_mask[0]=00000000000000000000000000000000, sa_flags=none
SIGUSR2: [libjvm.so+0x5396a1], sa_mask[0]=00100000000000000000000000000000, sa_flags=SA_RESTART|SA_SIGINFO
SIGHUP: [libjvm.so+0x53b719], sa_mask[0]=11111111011111111101111111111110, sa_flags=SA_RESTART|SA_SIGINFO
SIGINT: [libjvm.so+0x53b719], sa_mask[0]=11111111011111111101111111111110, sa_flags=SA_RESTART|SA_SIGINFO
SIGTERM: [libjvm.so+0x53b719], sa_mask[0]=11111111011111111101111111111110, sa_flags=SA_RESTART|SA_SIGINFO
SIGQUIT: [libjvm.so+0x53b719], sa_mask[0]=11111111011111111101111111111110, sa_flags=SA_RESTART|SA_SIGINFO


---------------  S Y S T E M  ---------------

OS:NAME="Alpine Linux"
ID=alpine
VERSION_ID=3.8.2
PRETTY_NAME="Alpine Linux v3.8"
HOME_URL="http://alpinelinux.org"
BUG_REPORT_URL="http://bugs.alpinelinux.org"

uname:Linux 3.10.0-957.12.2.el7.x86_64 #1 SMP Tue May 14 21:24:32 UTC 2019 x86_64
libc:glibc 2.9 NPTL 
rlimit: STACK 8192k, CORE infinity, NPROC 1048576, NOFILE 1048576, AS infinity
load average:16.20 11.64 6.59

/proc/meminfo:
MemTotal:       263864160 kB
MemFree:         1126500 kB
MemAvailable:   143408312 kB
Buffers:         9146428 kB
Cached:         127204900 kB
SwapCached:            0 kB
Active:         192914520 kB
Inactive:       55342252 kB
Active(anon):   114637728 kB
Inactive(anon):  1570732 kB
Active(file):   78276792 kB
Inactive(file): 53771520 kB
Unevictable:       13856 kB
Mlocked:           13856 kB
SwapTotal:             0 kB
SwapFree:              0 kB
Dirty:             13196 kB
Writeback:             4 kB
AnonPages:      111920564 kB
Mapped:           347948 kB
Shmem:           4298932 kB
Slab:           12125884 kB
SReclaimable:   11117592 kB
SUnreclaim:      1008292 kB
KernelStack:      380464 kB
PageTables:       283628 kB
NFS_Unstable:          0 kB
Bounce:                0 kB
WritebackTmp:          0 kB
CommitLimit:    131932080 kB
Committed_AS:   163832900 kB
VmallocTotal:   34359738367 kB
VmallocUsed:      733456 kB
VmallocChunk:   34224635352 kB
HardwareCorrupted:     0 kB
AnonHugePages:   3741696 kB
CmaTotal:              0 kB
CmaFree:               0 kB
HugePages_Total:       0
HugePages_Free:        0
HugePages_Rsvd:        0
HugePages_Surp:        0
Hugepagesize:       2048 kB
DirectMap4k:      367336 kB
DirectMap2M:    26787840 kB
DirectMap1G:    243269632 kB

container (cgroup) information:
container_type: cgroupv1
cpu_cpuset_cpus: 0-31
cpu_memory_nodes: 0-1
active_processor_count: 2
cpu_quota: -1
cpu_period: 100000
cpu_shares: 2048
memory_limit_in_bytes: -1
memory_and_swap_limit_in_bytes: -1
memory_soft_limit_in_bytes: -1
memory_usage_in_bytes: 5094383616
memory_max_usage_in_bytes: 8380837888


CPU:total 32 (initial active 2) (8 cores per cpu, 2 threads per core) family 6 model 63 stepping 2, cmov, cx8, fxsr, mmx, sse, sse2, sse3, ssse3, sse4.1, sse4.2, popcnt, avx, avx2, aes, clmul, erms, lzcnt, ht, tsc, tscinvbit, bmi1, bmi2

/proc/cpuinfo:
processor	: 0
vendor_id	: GenuineIntel
cpu family	: 6
model		: 63
model name	: Intel(R) Xeon(R) CPU E5-2630 v3 @ 2.40GHz
stepping	: 2
microcode	: 0x43
cpu MHz		: 1504.101
cache size	: 20480 KB
physical id	: 0
siblings	: 16
core id		: 0
cpu cores	: 8
apicid		: 0
initial apicid	: 0
fpu		: yes
fpu_exception	: yes
cpuid level	: 15
wp		: yes
flags		: fpu vme de pse tsc msr pae mce cx8 apic sep mtrr pge mca cmov pat pse36 clflush dts acpi mmx fxsr sse sse2 ss ht tm pbe syscall nx pdpe1gb rdtscp lm constant_tsc arch_perfmon pebs bts rep_good nopl xtopology nonstop_tsc aperfmperf eagerfpu pni pclmulqdq dtes64 monitor ds_cpl vmx smx est tm2 ssse3 sdbg fma cx16 xtpr pdcm pcid dca sse4_1 sse4_2 x2apic movbe popcnt tsc_deadline_timer aes xsave avx f16c rdrand lahf_lm abm epb intel_ppin ssbd ibrs ibpb stibp tpr_shadow vnmi flexpriority ept vpid fsgsbase tsc_adjust bmi1 avx2 smep bmi2 erms invpcid cqm xsaveopt cqm_llc cqm_occup_llc dtherm ida arat pln pts md_clear spec_ctrl intel_stibp flush_l1d
bogomips	: 4788.55
clflush size	: 64
cache_alignment	: 64
address sizes	: 46 bits physical, 48 bits virtual
power management:

processor	: 1
vendor_id	: GenuineIntel
cpu family	: 6
model		: 63
model name	: Intel(R) Xeon(R) CPU E5-2630 v3 @ 2.40GHz
stepping	: 2
microcode	: 0x43
cpu MHz		: 1699.951
cache size	: 20480 KB
physical id	: 0
siblings	: 16
core id		: 1
cpu cores	: 8
apicid		: 2
initial apicid	: 2
fpu		: yes
fpu_exception	: yes
cpuid level	: 15
wp		: yes
flags		: fpu vme de pse tsc msr pae mce cx8 apic sep mtrr pge mca cmov pat pse36 clflush dts acpi mmx fxsr sse sse2 ss ht tm pbe syscall nx pdpe1gb rdtscp lm constant_tsc arch_perfmon pebs bts rep_good nopl xtopology nonstop_tsc aperfmperf eagerfpu pni pclmulqdq dtes64 monitor ds_cpl vmx smx est tm2 ssse3 sdbg fma cx16 xtpr pdcm pcid dca sse4_1 sse4_2 x2apic movbe popcnt tsc_deadline_timer aes xsave avx f16c rdrand lahf_lm abm epb intel_ppin ssbd ibrs ibpb stibp tpr_shadow vnmi flexpriority ept vpid fsgsbase tsc_adjust bmi1 avx2 smep bmi2 erms invpcid cqm xsaveopt cqm_llc cqm_occup_llc dtherm ida arat pln pts md_clear spec_ctrl intel_stibp flush_l1d
bogomips	: 4788.55
clflush size	: 64
cache_alignment	: 64
address sizes	: 46 bits physical, 48 bits virtual
power management:

processor	: 2
vendor_id	: GenuineIntel
cpu family	: 6
model		: 63
model name	: Intel(R) Xeon(R) CPU E5-2630 v3 @ 2.40GHz
stepping	: 2
microcode	: 0x43
cpu MHz		: 1355.859
cache size	: 20480 KB
physical id	: 0
siblings	: 16
core id		: 2
cpu cores	: 8
apicid		: 4
initial apicid	: 4
fpu		: yes
fpu_exception	: yes
cpuid level	: 15
wp		: yes
flags		: fpu vme de pse tsc msr pae mce cx8 apic sep mtrr pge mca cmov pat pse36 clflush dts acpi mmx fxsr sse sse2 ss ht tm pbe syscall nx pdpe1gb rdtscp lm constant_tsc arch_perfmon pebs bts rep_good nopl xtopology nonstop_tsc aperfmperf eagerfpu pni pclmulqdq dtes64 monitor ds_cpl vmx smx est tm2 ssse3 sdbg fma cx16 xtpr pdcm pcid dca sse4_1 sse4_2 x2apic movbe popcnt tsc_deadline_timer aes xsave avx f16c rdrand lahf_lm abm epb intel_ppin ssbd ibrs ibpb stibp tpr_shadow vnmi flexpriority ept vpid fsgsbase tsc_adjust bmi1 avx2 smep bmi2 erms invpcid cqm xsaveopt cqm_llc cqm_occup_llc dtherm ida arat pln pts md_clear spec_ctrl intel_stibp flush_l1d
bogomips	: 4788.55
clflush size	: 64
cache_alignment	: 64
address sizes	: 46 bits physical, 48 bits virtual
power management:

processor	: 3
vendor_id	: GenuineIntel
cpu family	: 6
model		: 63
model name	: Intel(R) Xeon(R) CPU E5-2630 v3 @ 2.40GHz
stepping	: 2
microcode	: 0x43
cpu MHz		: 1403.320
cache size	: 20480 KB
physical id	: 0
siblings	: 16
core id		: 3
cpu cores	: 8
apicid		: 6
initial apicid	: 6
fpu		: yes
fpu_exception	: yes
cpuid level	: 15
wp		: yes
flags		: fpu vme de pse tsc msr pae mce cx8 apic sep mtrr pge mca cmov pat pse36 clflush dts acpi mmx fxsr sse sse2 ss ht tm pbe syscall nx pdpe1gb rdtscp lm constant_tsc arch_perfmon pebs bts rep_good nopl xtopology nonstop_tsc aperfmperf eagerfpu pni pclmulqdq dtes64 monitor ds_cpl vmx smx est tm2 ssse3 sdbg fma cx16 xtpr pdcm pcid dca sse4_1 sse4_2 x2apic movbe popcnt tsc_deadline_timer aes xsave avx f16c rdrand lahf_lm abm epb intel_ppin ssbd ibrs ibpb stibp tpr_shadow vnmi flexpriority ept vpid fsgsbase tsc_adjust bmi1 avx2 smep bmi2 erms invpcid cqm xsaveopt cqm_llc cqm_occup_llc dtherm ida arat pln pts md_clear spec_ctrl intel_stibp flush_l1d
bogomips	: 4788.55
clflush size	: 64
cache_alignment	: 64
address sizes	: 46 bits physical, 48 bits virtual
power management:

processor	: 4
vendor_id	: GenuineIntel
cpu family	: 6
model		: 63
model name	: Intel(R) Xeon(R) CPU E5-2630 v3 @ 2.40GHz
stepping	: 2
microcode	: 0x43
cpu MHz		: 1717.675
cache size	: 20480 KB
physical id	: 0
siblings	: 16
core id		: 4
cpu cores	: 8
apicid		: 8
initial apicid	: 8
fpu		: yes
fpu_exception	: yes
cpuid level	: 15
wp		: yes
flags		: fpu vme de pse tsc msr pae mce cx8 apic sep mtrr pge mca cmov pat pse36 clflush dts acpi mmx fxsr sse sse2 ss ht tm pbe syscall nx pdpe1gb rdtscp lm constant_tsc arch_perfmon pebs bts rep_good nopl xtopology nonstop_tsc aperfmperf eagerfpu pni pclmulqdq dtes64 monitor ds_cpl vmx smx est tm2 ssse3 sdbg fma cx16 xtpr pdcm pcid dca sse4_1 sse4_2 x2apic movbe popcnt tsc_deadline_timer aes xsave avx f16c rdrand lahf_lm abm epb intel_ppin ssbd ibrs ibpb stibp tpr_shadow vnmi flexpriority ept vpid fsgsbase tsc_adjust bmi1 avx2 smep bmi2 erms invpcid cqm xsaveopt cqm_llc cqm_occup_llc dtherm ida arat pln pts md_clear spec_ctrl intel_stibp flush_l1d
bogomips	: 4788.55
clflush size	: 64
cache_alignment	: 64
address sizes	: 46 bits physical, 48 bits virtual
power management:

processor	: 5
vendor_id	: GenuineIntel
cpu family	: 6
model		: 63
model name	: Intel(R) Xeon(R) CPU E5-2630 v3 @ 2.40GHz
stepping	: 2
microcode	: 0x43
cpu MHz		: 2087.548
cache size	: 20480 KB
physical id	: 0
siblings	: 16
core id		: 5
cpu cores	: 8
apicid		: 10
initial apicid	: 10
fpu		: yes
fpu_exception	: yes
cpuid level	: 15
wp		: yes
flags		: fpu vme de pse tsc msr pae mce cx8 apic sep mtrr pge mca cmov pat pse36 clflush dts acpi mmx fxsr sse sse2 ss ht tm pbe syscall nx pdpe1gb rdtscp lm constant_tsc arch_perfmon pebs bts rep_good nopl xtopology nonstop_tsc aperfmperf eagerfpu pni pclmulqdq dtes64 monitor ds_cpl vmx smx est tm2 ssse3 sdbg fma cx16 xtpr pdcm pcid dca sse4_1 sse4_2 x2apic movbe popcnt tsc_deadline_timer aes xsave avx f16c rdrand lahf_lm abm epb intel_ppin ssbd ibrs ibpb stibp tpr_shadow vnmi flexpriority ept vpid fsgsbase tsc_adjust bmi1 avx2 smep bmi2 erms invpcid cqm xsaveopt cqm_llc cqm_occup_llc dtherm ida arat pln pts md_clear spec_ctrl intel_stibp flush_l1d
bogomips	: 4788.55
clflush size	: 64
cache_alignment	: 64
address sizes	: 46 bits physical, 48 bits virtual
power management:

processor	: 6
vendor_id	: GenuineIntel
cpu family	: 6
model		: 63
model name	: Intel(R) Xeon(R) CPU E5-2630 v3 @ 2.40GHz
stepping	: 2
microcode	: 0x43
cpu MHz		: 1913.085
cache size	: 20480 KB
physical id	: 0
siblings	: 16
core id		: 6
cpu cores	: 8
apicid		: 12
initial apicid	: 12
fpu		: yes
fpu_exception	: yes
cpuid level	: 15
wp		: yes
flags		: fpu vme de pse tsc msr pae mce cx8 apic sep mtrr pge mca cmov pat pse36 clflush dts acpi mmx fxsr sse sse2 ss ht tm pbe syscall nx pdpe1gb rdtscp lm constant_tsc arch_perfmon pebs bts rep_good nopl xtopology nonstop_tsc aperfmperf eagerfpu pni pclmulqdq dtes64 monitor ds_cpl vmx smx est tm2 ssse3 sdbg fma cx16 xtpr pdcm pcid dca sse4_1 sse4_2 x2apic movbe popcnt tsc_deadline_timer aes xsave avx f16c rdrand lahf_lm abm epb intel_ppin ssbd ibrs ibpb stibp tpr_shadow vnmi flexpriority ept vpid fsgsbase tsc_adjust bmi1 avx2 smep bmi2 erms invpcid cqm xsaveopt cqm_llc cqm_occup_llc dtherm ida arat pln pts md_clear spec_ctrl intel_stibp flush_l1d
bogomips	: 4788.55
clflush size	: 64
cache_alignment	: 64
address sizes	: 46 bits physical, 48 bits virtual
power management:

processor	: 7
vendor_id	: GenuineIntel
cpu family	: 6
model		: 63
model name	: Intel(R) Xeon(R) CPU E5-2630 v3 @ 2.40GHz
stepping	: 2
microcode	: 0x43
cpu MHz		: 1958.642
cache size	: 20480 KB
physical id	: 0
siblings	: 16
core id		: 7
cpu cores	: 8
apicid		: 14
initial apicid	: 14
fpu		: yes
fpu_exception	: yes
cpuid level	: 15
wp		: yes
flags		: fpu vme de pse tsc msr pae mce cx8 apic sep mtrr pge mca cmov pat pse36 clflush dts acpi mmx fxsr sse sse2 ss ht tm pbe syscall nx pdpe1gb rdtscp lm constant_tsc arch_perfmon pebs bts rep_good nopl xtopology nonstop_tsc aperfmperf eagerfpu pni pclmulqdq dtes64 monitor ds_cpl vmx smx est tm2 ssse3 sdbg fma cx16 xtpr pdcm pcid dca sse4_1 sse4_2 x2apic movbe popcnt tsc_deadline_timer aes xsave avx f16c rdrand lahf_lm abm epb intel_ppin ssbd ibrs ibpb stibp tpr_shadow vnmi flexpriority ept vpid fsgsbase tsc_adjust bmi1 avx2 smep bmi2 erms invpcid cqm xsaveopt cqm_llc cqm_occup_llc dtherm ida arat pln pts md_clear spec_ctrl intel_stibp flush_l1d
bogomips	: 4788.55
clflush size	: 64
cache_alignment	: 64
address sizes	: 46 bits physical, 48 bits virtual
power management:

processor	: 8
vendor_id	: GenuineIntel
cpu family	: 6
model		: 63
model name	: Intel(R) Xeon(R) CPU E5-2630 v3 @ 2.40GHz
stepping	: 2
microcode	: 0x43
cpu MHz		: 2713.476
cache size	: 20480 KB
physical id	: 1
siblings	: 16
core id		: 0
cpu cores	: 8
apicid		: 16
initial apicid	: 16
fpu		: yes
fpu_exception	: yes
cpuid level	: 15
wp		: yes
flags		: fpu vme de pse tsc msr pae mce cx8 apic sep mtrr pge mca cmov pat pse36 clflush dts acpi mmx fxsr sse sse2 ss ht tm pbe syscall nx pdpe1gb rdtscp lm constant_tsc arch_perfmon pebs bts rep_good nopl xtopology nonstop_tsc aperfmperf eagerfpu pni pclmulqdq dtes64 monitor ds_cpl vmx smx est tm2 ssse3 sdbg fma cx16 xtpr pdcm pcid dca sse4_1 sse4_2 x2apic movbe popcnt tsc_deadline_timer aes xsave avx f16c rdrand lahf_lm abm epb intel_ppin ssbd ibrs ibpb stibp tpr_shadow vnmi flexpriority ept vpid fsgsbase tsc_adjust bmi1 avx2 smep bmi2 erms invpcid cqm xsaveopt cqm_llc cqm_occup_llc dtherm ida arat pln pts md_clear spec_ctrl intel_stibp flush_l1d
bogomips	: 4794.34
clflush size	: 64
cache_alignment	: 64
address sizes	: 46 bits physical, 48 bits virtual
power management:

processor	: 9
vendor_id	: GenuineIntel
cpu family	: 6
model		: 63
model name	: Intel(R) Xeon(R) CPU E5-2630 v3 @ 2.40GHz
stepping	: 2
microcode	: 0x43
cpu MHz		: 2715.966
cache size	: 20480 KB
physical id	: 1
siblings	: 16
core id		: 1
cpu cores	: 8
apicid		: 18
initial apicid	: 18
fpu		: yes
fpu_exception	: yes
cpuid level	: 15
wp		: yes
flags		: fpu vme de pse tsc msr pae mce cx8 apic sep mtrr pge mca cmov pat pse36 clflush dts acpi mmx fxsr sse sse2 ss ht tm pbe syscall nx pdpe1gb rdtscp lm constant_tsc arch_perfmon pebs bts rep_good nopl xtopology nonstop_tsc aperfmperf eagerfpu pni pclmulqdq dtes64 monitor ds_cpl vmx smx est tm2 ssse3 sdbg fma cx16 xtpr pdcm pcid dca sse4_1 sse4_2 x2apic movbe popcnt tsc_deadline_timer aes xsave avx f16c rdrand lahf_lm abm epb intel_ppin ssbd ibrs ibpb stibp tpr_shadow vnmi flexpriority ept vpid fsgsbase tsc_adjust bmi1 avx2 smep bmi2 erms invpcid cqm xsaveopt cqm_llc cqm_occup_llc dtherm ida arat pln pts md_clear spec_ctrl intel_stibp flush_l1d
bogomips	: 4794.34
clflush size	: 64
cache_alignment	: 64
address sizes	: 46 bits physical, 48 bits virtual
power management:

processor	: 10
vendor_id	: GenuineIntel
cpu family	: 6
model		: 63
model name	: Intel(R) Xeon(R) CPU E5-2630 v3 @ 2.40GHz
stepping	: 2
microcode	: 0x43
cpu MHz		: 2433.691
cache size	: 20480 KB
physical id	: 1
siblings	: 16
core id		: 2
cpu cores	: 8
apicid		: 20
initial apicid	: 20
fpu		: yes
fpu_exception	: yes
cpuid level	: 15
wp		: yes
flags		: fpu vme de pse tsc msr pae mce cx8 apic sep mtrr pge mca cmov pat pse36 clflush dts acpi mmx fxsr sse sse2 ss ht tm pbe syscall nx pdpe1gb rdtscp lm constant_tsc arch_perfmon pebs bts rep_good nopl xtopology nonstop_tsc aperfmperf eagerfpu pni pclmulqdq dtes64 monitor ds_cpl vmx smx est tm2 ssse3 sdbg fma cx16 xtpr pdcm pcid dca sse4_1 sse4_2 x2apic movbe popcnt tsc_deadline_timer aes xsave avx f16c rdrand lahf_lm abm epb intel_ppin ssbd ibrs ibpb stibp tpr_shadow vnmi flexpriority ept vpid fsgsbase tsc_adjust bmi1 avx2 smep bmi2 erms invpcid cqm xsaveopt cqm_llc cqm_occup_llc dtherm ida arat pln pts md_clear spec_ctrl intel_stibp flush_l1d
bogomips	: 4794.34
clflush size	: 64
cache_alignment	: 64
address sizes	: 46 bits physical, 48 bits virtual
power management:

processor	: 11
vendor_id	: GenuineIntel
cpu family	: 6
model		: 63
model name	: Intel(R) Xeon(R) CPU E5-2630 v3 @ 2.40GHz
stepping	: 2
microcode	: 0x43
cpu MHz		: 2626.171
cache size	: 20480 KB
physical id	: 1
siblings	: 16
core id		: 3
cpu cores	: 8
apicid		: 22
initial apicid	: 22
fpu		: yes
fpu_exception	: yes
cpuid level	: 15
wp		: yes
flags		: fpu vme de pse tsc msr pae mce cx8 apic sep mtrr pge mca cmov pat pse36 clflush dts acpi mmx fxsr sse sse2 ss ht tm pbe syscall nx pdpe1gb rdtscp lm constant_tsc arch_perfmon pebs bts rep_good nopl xtopology nonstop_tsc aperfmperf eagerfpu pni pclmulqdq dtes64 monitor ds_cpl vmx smx est tm2 ssse3 sdbg fma cx16 xtpr pdcm pcid dca sse4_1 sse4_2 x2apic movbe popcnt tsc_deadline_timer aes xsave avx f16c rdrand lahf_lm abm epb intel_ppin ssbd ibrs ibpb stibp tpr_shadow vnmi flexpriority ept vpid fsgsbase tsc_adjust bmi1 avx2 smep bmi2 erms invpcid cqm xsaveopt cqm_llc cqm_occup_llc dtherm ida arat pln pts md_clear spec_ctrl intel_stibp flush_l1d
bogomips	: 4794.34
clflush size	: 64
cache_alignment	: 64
address sizes	: 46 bits physical, 48 bits virtual
power management:

processor	: 12
vendor_id	: GenuineIntel
cpu family	: 6
model		: 63
model name	: Intel(R) Xeon(R) CPU E5-2630 v3 @ 2.40GHz
stepping	: 2
microcode	: 0x43
cpu MHz		: 2608.593
cache size	: 20480 KB
physical id	: 1
siblings	: 16
core id		: 4
cpu cores	: 8
apicid		: 24
initial apicid	: 24
fpu		: yes
fpu_exception	: yes
cpuid level	: 15
wp		: yes
flags		: fpu vme de pse tsc msr pae mce cx8 apic sep mtrr pge mca cmov pat pse36 clflush dts acpi mmx fxsr sse sse2 ss ht tm pbe syscall nx pdpe1gb rdtscp lm constant_tsc arch_perfmon pebs bts rep_good nopl xtopology nonstop_tsc aperfmperf eagerfpu pni pclmulqdq dtes64 monitor ds_cpl vmx smx est tm2 ssse3 sdbg fma cx16 xtpr pdcm pcid dca sse4_1 sse4_2 x2apic movbe popcnt tsc_deadline_timer aes xsave avx f16c rdrand lahf_lm abm epb intel_ppin ssbd ibrs ibpb stibp tpr_shadow vnmi flexpriority ept vpid fsgsbase tsc_adjust bmi1 avx2 smep bmi2 erms invpcid cqm xsaveopt cqm_llc cqm_occup_llc dtherm ida arat pln pts md_clear spec_ctrl intel_stibp flush_l1d
bogomips	: 4794.34
clflush size	: 64
cache_alignment	: 64
address sizes	: 46 bits physical, 48 bits virtual
power management:

processor	: 13
vendor_id	: GenuineIntel
cpu family	: 6
model		: 63
model name	: Intel(R) Xeon(R) CPU E5-2630 v3 @ 2.40GHz
stepping	: 2
microcode	: 0x43
cpu MHz		: 2700.585
cache size	: 20480 KB
physical id	: 1
siblings	: 16
core id		: 5
cpu cores	: 8
apicid		: 26
initial apicid	: 26
fpu		: yes
fpu_exception	: yes
cpuid level	: 15
wp		: yes
flags		: fpu vme de pse tsc msr pae mce cx8 apic sep mtrr pge mca cmov pat pse36 clflush dts acpi mmx fxsr sse sse2 ss ht tm pbe syscall nx pdpe1gb rdtscp lm constant_tsc arch_perfmon pebs bts rep_good nopl xtopology nonstop_tsc aperfmperf eagerfpu pni pclmulqdq dtes64 monitor ds_cpl vmx smx est tm2 ssse3 sdbg fma cx16 xtpr pdcm pcid dca sse4_1 sse4_2 x2apic movbe popcnt tsc_deadline_timer aes xsave avx f16c rdrand lahf_lm abm epb intel_ppin ssbd ibrs ibpb stibp tpr_shadow vnmi flexpriority ept vpid fsgsbase tsc_adjust bmi1 avx2 smep bmi2 erms invpcid cqm xsaveopt cqm_llc cqm_occup_llc dtherm ida arat pln pts md_clear spec_ctrl intel_stibp flush_l1d
bogomips	: 4794.34
clflush size	: 64
cache_alignment	: 64
address sizes	: 46 bits physical, 48 bits virtual
power management:

processor	: 14
vendor_id	: GenuineIntel
cpu family	: 6
model		: 63
model name	: Intel(R) Xeon(R) CPU E5-2630 v3 @ 2.40GHz
stepping	: 2
microcode	: 0x43
cpu MHz		: 2606.689
cache size	: 20480 KB
physical id	: 1
siblings	: 16
core id		: 6
cpu cores	: 8
apicid		: 28
initial apicid	: 28
fpu		: yes
fpu_exception	: yes
cpuid level	: 15
wp		: yes
flags		: fpu vme de pse tsc msr pae mce cx8 apic sep mtrr pge mca cmov pat pse36 clflush dts acpi mmx fxsr sse sse2 ss ht tm pbe syscall nx pdpe1gb rdtscp lm constant_tsc arch_perfmon pebs bts rep_good nopl xtopology nonstop_tsc aperfmperf eagerfpu pni pclmulqdq dtes64 monitor ds_cpl vmx smx est tm2 ssse3 sdbg fma cx16 xtpr pdcm pcid dca sse4_1 sse4_2 x2apic movbe popcnt tsc_deadline_timer aes xsave avx f16c rdrand lahf_lm abm epb intel_ppin ssbd ibrs ibpb stibp tpr_shadow vnmi flexpriority ept vpid fsgsbase tsc_adjust bmi1 avx2 smep bmi2 erms invpcid cqm xsaveopt cqm_llc cqm_occup_llc dtherm ida arat pln pts md_clear spec_ctrl intel_stibp flush_l1d
bogomips	: 4794.34
clflush size	: 64
cache_alignment	: 64
address sizes	: 46 bits physical, 48 bits virtual
power management:

processor	: 15
vendor_id	: GenuineIntel
cpu family	: 6
model		: 63
model name	: Intel(R) Xeon(R) CPU E5-2630 v3 @ 2.40GHz
stepping	: 2
microcode	: 0x43
cpu MHz		: 2613.134
cache size	: 20480 KB
physical id	: 1
siblings	: 16
core id		: 7
cpu cores	: 8
apicid		: 30
initial apicid	: 30
fpu		: yes
fpu_exception	: yes
cpuid level	: 15
wp		: yes
flags		: fpu vme de pse tsc msr pae mce cx8 apic sep mtrr pge mca cmov pat pse36 clflush dts acpi mmx fxsr sse sse2 ss ht tm pbe syscall nx pdpe1gb rdtscp lm constant_tsc arch_perfmon pebs bts rep_good nopl xtopology nonstop_tsc aperfmperf eagerfpu pni pclmulqdq dtes64 monitor ds_cpl vmx smx est tm2 ssse3 sdbg fma cx16 xtpr pdcm pcid dca sse4_1 sse4_2 x2apic movbe popcnt tsc_deadline_timer aes xsave avx f16c rdrand lahf_lm abm epb intel_ppin ssbd ibrs ibpb stibp tpr_shadow vnmi flexpriority ept vpid fsgsbase tsc_adjust bmi1 avx2 smep bmi2 erms invpcid cqm xsaveopt cqm_llc cqm_occup_llc dtherm ida arat pln pts md_clear spec_ctrl intel_stibp flush_l1d
bogomips	: 4794.34
clflush size	: 64
cache_alignment	: 64
address sizes	: 46 bits physical, 48 bits virtual
power management:

processor	: 16
vendor_id	: GenuineIntel
cpu family	: 6
model		: 63
model name	: Intel(R) Xeon(R) CPU E5-2630 v3 @ 2.40GHz
stepping	: 2
microcode	: 0x43
cpu MHz		: 1513.623
cache size	: 20480 KB
physical id	: 0
siblings	: 16
core id		: 0
cpu cores	: 8
apicid		: 1
initial apicid	: 1
fpu		: yes
fpu_exception	: yes
cpuid level	: 15
wp		: yes
flags		: fpu vme de pse tsc msr pae mce cx8 apic sep mtrr pge mca cmov pat pse36 clflush dts acpi mmx fxsr sse sse2 ss ht tm pbe syscall nx pdpe1gb rdtscp lm constant_tsc arch_perfmon pebs bts rep_good nopl xtopology nonstop_tsc aperfmperf eagerfpu pni pclmulqdq dtes64 monitor ds_cpl vmx smx est tm2 ssse3 sdbg fma cx16 xtpr pdcm pcid dca sse4_1 sse4_2 x2apic movbe popcnt tsc_deadline_timer aes xsave avx f16c rdrand lahf_lm abm epb intel_ppin ssbd ibrs ibpb stibp tpr_shadow vnmi flexpriority ept vpid fsgsbase tsc_adjust bmi1 avx2 smep bmi2 erms invpcid cqm xsaveopt cqm_llc cqm_occup_llc dtherm ida arat pln pts md_clear spec_ctrl intel_stibp flush_l1d
bogomips	: 4788.55
clflush size	: 64
cache_alignment	: 64
address sizes	: 46 bits physical, 48 bits virtual
power management:

processor	: 17
vendor_id	: GenuineIntel
cpu family	: 6
model		: 63
model name	: Intel(R) Xeon(R) CPU E5-2630 v3 @ 2.40GHz
stepping	: 2
microcode	: 0x43
cpu MHz		: 1707.568
cache size	: 20480 KB
physical id	: 0
siblings	: 16
core id		: 1
cpu cores	: 8
apicid		: 3
initial apicid	: 3
fpu		: yes
fpu_exception	: yes
cpuid level	: 15
wp		: yes
flags		: fpu vme de pse tsc msr pae mce cx8 apic sep mtrr pge mca cmov pat pse36 clflush dts acpi mmx fxsr sse sse2 ss ht tm pbe syscall nx pdpe1gb rdtscp lm constant_tsc arch_perfmon pebs bts rep_good nopl xtopology nonstop_tsc aperfmperf eagerfpu pni pclmulqdq dtes64 monitor ds_cpl vmx smx est tm2 ssse3 sdbg fma cx16 xtpr pdcm pcid dca sse4_1 sse4_2 x2apic movbe popcnt tsc_deadline_timer aes xsave avx f16c rdrand lahf_lm abm epb intel_ppin ssbd ibrs ibpb stibp tpr_shadow vnmi flexpriority ept vpid fsgsbase tsc_adjust bmi1 avx2 smep bmi2 erms invpcid cqm xsaveopt cqm_llc cqm_occup_llc dtherm ida arat pln pts md_clear spec_ctrl intel_stibp flush_l1d
bogomips	: 4788.55
clflush size	: 64
cache_alignment	: 64
address sizes	: 46 bits physical, 48 bits virtual
power management:

processor	: 18
vendor_id	: GenuineIntel
cpu family	: 6
model		: 63
model name	: Intel(R) Xeon(R) CPU E5-2630 v3 @ 2.40GHz
stepping	: 2
microcode	: 0x43
cpu MHz		: 1919.531
cache size	: 20480 KB
physical id	: 0
siblings	: 16
core id		: 2
cpu cores	: 8
apicid		: 5
initial apicid	: 5
fpu		: yes
fpu_exception	: yes
cpuid level	: 15
wp		: yes
flags		: fpu vme de pse tsc msr pae mce cx8 apic sep mtrr pge mca cmov pat pse36 clflush dts acpi mmx fxsr sse sse2 ss ht tm pbe syscall nx pdpe1gb rdtscp lm constant_tsc arch_perfmon pebs bts rep_good nopl xtopology nonstop_tsc aperfmperf eagerfpu pni pclmulqdq dtes64 monitor ds_cpl vmx smx est tm2 ssse3 sdbg fma cx16 xtpr pdcm pcid dca sse4_1 sse4_2 x2apic movbe popcnt tsc_deadline_timer aes xsave avx f16c rdrand lahf_lm abm epb intel_ppin ssbd ibrs ibpb stibp tpr_shadow vnmi flexpriority ept vpid fsgsbase tsc_adjust bmi1 avx2 smep bmi2 erms invpcid cqm xsaveopt cqm_llc cqm_occup_llc dtherm ida arat pln pts md_clear spec_ctrl intel_stibp flush_l1d
bogomips	: 4788.55
clflush size	: 64
cache_alignment	: 64
address sizes	: 46 bits physical, 48 bits virtual
power management:

processor	: 19
vendor_id	: GenuineIntel
cpu family	: 6
model		: 63
model name	: Intel(R) Xeon(R) CPU E5-2630 v3 @ 2.40GHz
stepping	: 2
microcode	: 0x43
cpu MHz		: 1452.978
cache size	: 20480 KB
physical id	: 0
siblings	: 16
core id		: 3
cpu cores	: 8
apicid		: 7
initial apicid	: 7
fpu		: yes
fpu_exception	: yes
cpuid level	: 15
wp		: yes
flags		: fpu vme de pse tsc msr pae mce cx8 apic sep mtrr pge mca cmov pat pse36 clflush dts acpi mmx fxsr sse sse2 ss ht tm pbe syscall nx pdpe1gb rdtscp lm constant_tsc arch_perfmon pebs bts rep_good nopl xtopology nonstop_tsc aperfmperf eagerfpu pni pclmulqdq dtes64 monitor ds_cpl vmx smx est tm2 ssse3 sdbg fma cx16 xtpr pdcm pcid dca sse4_1 sse4_2 x2apic movbe popcnt tsc_deadline_timer aes xsave avx f16c rdrand lahf_lm abm epb intel_ppin ssbd ibrs ibpb stibp tpr_shadow vnmi flexpriority ept vpid fsgsbase tsc_adjust bmi1 avx2 smep bmi2 erms invpcid cqm xsaveopt cqm_llc cqm_occup_llc dtherm ida arat pln pts md_clear spec_ctrl intel_stibp flush_l1d
bogomips	: 4788.55
clflush size	: 64
cache_alignment	: 64
address sizes	: 46 bits physical, 48 bits virtual
power management:

processor	: 20
vendor_id	: GenuineIntel
cpu family	: 6
model		: 63
model name	: Intel(R) Xeon(R) CPU E5-2630 v3 @ 2.40GHz
stepping	: 2
microcode	: 0x43
cpu MHz		: 2362.500
cache size	: 20480 KB
physical id	: 0
siblings	: 16
core id		: 4
cpu cores	: 8
apicid		: 9
initial apicid	: 9
fpu		: yes
fpu_exception	: yes
cpuid level	: 15
wp		: yes
flags		: fpu vme de pse tsc msr pae mce cx8 apic sep mtrr pge mca cmov pat pse36 clflush dts acpi mmx fxsr sse sse2 ss ht tm pbe syscall nx pdpe1gb rdtscp lm constant_tsc arch_perfmon pebs bts rep_good nopl xtopology nonstop_tsc aperfmperf eagerfpu pni pclmulqdq dtes64 monitor ds_cpl vmx smx est tm2 ssse3 sdbg fma cx16 xtpr pdcm pcid dca sse4_1 sse4_2 x2apic movbe popcnt tsc_deadline_timer aes xsave avx f16c rdrand lahf_lm abm epb intel_ppin ssbd ibrs ibpb stibp tpr_shadow vnmi flexpriority ept vpid fsgsbase tsc_adjust bmi1 avx2 smep bmi2 erms invpcid cqm xsaveopt cqm_llc cqm_occup_llc dtherm ida arat pln pts md_clear spec_ctrl intel_stibp flush_l1d
bogomips	: 4788.55
clflush size	: 64
cache_alignment	: 64
address sizes	: 46 bits physical, 48 bits virtual
power management:

processor	: 21
vendor_id	: GenuineIntel
cpu family	: 6
model		: 63
model name	: Intel(R) Xeon(R) CPU E5-2630 v3 @ 2.40GHz
stepping	: 2
microcode	: 0x43
cpu MHz		: 2132.226
cache size	: 20480 KB
physical id	: 0
siblings	: 16
core id		: 5
cpu cores	: 8
apicid		: 11
initial apicid	: 11
fpu		: yes
fpu_exception	: yes
cpuid level	: 15
wp		: yes
flags		: fpu vme de pse tsc msr pae mce cx8 apic sep mtrr pge mca cmov pat pse36 clflush dts acpi mmx fxsr sse sse2 ss ht tm pbe syscall nx pdpe1gb rdtscp lm constant_tsc arch_perfmon pebs bts rep_good nopl xtopology nonstop_tsc aperfmperf eagerfpu pni pclmulqdq dtes64 monitor ds_cpl vmx smx est tm2 ssse3 sdbg fma cx16 xtpr pdcm pcid dca sse4_1 sse4_2 x2apic movbe popcnt tsc_deadline_timer aes xsave avx f16c rdrand lahf_lm abm epb intel_ppin ssbd ibrs ibpb stibp tpr_shadow vnmi flexpriority ept vpid fsgsbase tsc_adjust bmi1 avx2 smep bmi2 erms invpcid cqm xsaveopt cqm_llc cqm_occup_llc dtherm ida arat pln pts md_clear spec_ctrl intel_stibp flush_l1d
bogomips	: 4788.55
clflush size	: 64
cache_alignment	: 64
address sizes	: 46 bits physical, 48 bits virtual
power management:

processor	: 22
vendor_id	: GenuineIntel
cpu family	: 6
model		: 63
model name	: Intel(R) Xeon(R) CPU E5-2630 v3 @ 2.40GHz
stepping	: 2
microcode	: 0x43
cpu MHz		: 1783.593
cache size	: 20480 KB
physical id	: 0
siblings	: 16
core id		: 6
cpu cores	: 8
apicid		: 13
initial apicid	: 13
fpu		: yes
fpu_exception	: yes
cpuid level	: 15
wp		: yes
flags		: fpu vme de pse tsc msr pae mce cx8 apic sep mtrr pge mca cmov pat pse36 clflush dts acpi mmx fxsr sse sse2 ss ht tm pbe syscall nx pdpe1gb rdtscp lm constant_tsc arch_perfmon pebs bts rep_good nopl xtopology nonstop_tsc aperfmperf eagerfpu pni pclmulqdq dtes64 monitor ds_cpl vmx smx est tm2 ssse3 sdbg fma cx16 xtpr pdcm pcid dca sse4_1 sse4_2 x2apic movbe popcnt tsc_deadline_timer aes xsave avx f16c rdrand lahf_lm abm epb intel_ppin ssbd ibrs ibpb stibp tpr_shadow vnmi flexpriority ept vpid fsgsbase tsc_adjust bmi1 avx2 smep bmi2 erms invpcid cqm xsaveopt cqm_llc cqm_occup_llc dtherm ida arat pln pts md_clear spec_ctrl intel_stibp flush_l1d
bogomips	: 4788.55
clflush size	: 64
cache_alignment	: 64
address sizes	: 46 bits physical, 48 bits virtual
power management:

processor	: 23
vendor_id	: GenuineIntel
cpu family	: 6
model		: 63
model name	: Intel(R) Xeon(R) CPU E5-2630 v3 @ 2.40GHz
stepping	: 2
microcode	: 0x43
cpu MHz		: 2112.597
cache size	: 20480 KB
physical id	: 0
siblings	: 16
core id		: 7
cpu cores	: 8
apicid		: 15
initial apicid	: 15
fpu		: yes
fpu_exception	: yes
cpuid level	: 15
wp		: yes
flags		: fpu vme de pse tsc msr pae mce cx8 apic sep mtrr pge mca cmov pat pse36 clflush dts acpi mmx fxsr sse sse2 ss ht tm pbe syscall nx pdpe1gb rdtscp lm constant_tsc arch_perfmon pebs bts rep_good nopl xtopology nonstop_tsc aperfmperf eagerfpu pni pclmulqdq dtes64 monitor ds_cpl vmx smx est tm2 ssse3 sdbg fma cx16 xtpr pdcm pcid dca sse4_1 sse4_2 x2apic movbe popcnt tsc_deadline_timer aes xsave avx f16c rdrand lahf_lm abm epb intel_ppin ssbd ibrs ibpb stibp tpr_shadow vnmi flexpriority ept vpid fsgsbase tsc_adjust bmi1 avx2 smep bmi2 erms invpcid cqm xsaveopt cqm_llc cqm_occup_llc dtherm ida arat pln pts md_clear spec_ctrl intel_stibp flush_l1d
bogomips	: 4788.55
clflush size	: 64
cache_alignment	: 64
address sizes	: 46 bits physical, 48 bits virtual
power management:

processor	: 24
vendor_id	: GenuineIntel
cpu family	: 6
model		: 63
model name	: Intel(R) Xeon(R) CPU E5-2630 v3 @ 2.40GHz
stepping	: 2
microcode	: 0x43
cpu MHz		: 2719.628
cache size	: 20480 KB
physical id	: 1
siblings	: 16
core id		: 0
cpu cores	: 8
apicid		: 17
initial apicid	: 17
fpu		: yes
fpu_exception	: yes
cpuid level	: 15
wp		: yes
flags		: fpu vme de pse tsc msr pae mce cx8 apic sep mtrr pge mca cmov pat pse36 clflush dts acpi mmx fxsr sse sse2 ss ht tm pbe syscall nx pdpe1gb rdtscp lm constant_tsc arch_perfmon pebs bts rep_good nopl xtopology nonstop_tsc aperfmperf eagerfpu pni pclmulqdq dtes64 monitor ds_cpl vmx smx est tm2 ssse3 sdbg fma cx16 xtpr pdcm pcid dca sse4_1 sse4_2 x2apic movbe popcnt tsc_deadline_timer aes xsave avx f16c rdrand lahf_lm abm epb intel_ppin ssbd ibrs ibpb stibp tpr_shadow vnmi flexpriority ept vpid fsgsbase tsc_adjust bmi1 avx2 smep bmi2 erms invpcid cqm xsaveopt cqm_llc cqm_occup_llc dtherm ida arat pln pts md_clear spec_ctrl intel_stibp flush_l1d
bogomips	: 4794.34
clflush size	: 64
cache_alignment	: 64
address sizes	: 46 bits physical, 48 bits virtual
power management:

processor	: 25
vendor_id	: GenuineIntel
cpu family	: 6
model		: 63
model name	: Intel(R) Xeon(R) CPU E5-2630 v3 @ 2.40GHz
stepping	: 2
microcode	: 0x43
cpu MHz		: 2625.878
cache size	: 20480 KB
physical id	: 1
siblings	: 16
core id		: 1
cpu cores	: 8
apicid		: 19
initial apicid	: 19
fpu		: yes
fpu_exception	: yes
cpuid level	: 15
wp		: yes
flags		: fpu vme de pse tsc msr pae mce cx8 apic sep mtrr pge mca cmov pat pse36 clflush dts acpi mmx fxsr sse sse2 ss ht tm pbe syscall nx pdpe1gb rdtscp lm constant_tsc arch_perfmon pebs bts rep_good nopl xtopology nonstop_tsc aperfmperf eagerfpu pni pclmulqdq dtes64 monitor ds_cpl vmx smx est tm2 ssse3 sdbg fma cx16 xtpr pdcm pcid dca sse4_1 sse4_2 x2apic movbe popcnt tsc_deadline_timer aes xsave avx f16c rdrand lahf_lm abm epb intel_ppin ssbd ibrs ibpb stibp tpr_shadow vnmi flexpriority ept vpid fsgsbase tsc_adjust bmi1 avx2 smep bmi2 erms invpcid cqm xsaveopt cqm_llc cqm_occup_llc dtherm ida arat pln pts md_clear spec_ctrl intel_stibp flush_l1d
bogomips	: 4794.34
clflush size	: 64
cache_alignment	: 64
address sizes	: 46 bits physical, 48 bits virtual
power management:

processor	: 26
vendor_id	: GenuineIntel
cpu family	: 6
model		: 63
model name	: Intel(R) Xeon(R) CPU E5-2630 v3 @ 2.40GHz
stepping	: 2
microcode	: 0x43
cpu MHz		: 2567.724
cache size	: 20480 KB
physical id	: 1
siblings	: 16
core id		: 2
cpu cores	: 8
apicid		: 21
initial apicid	: 21
fpu		: yes
fpu_exception	: yes
cpuid level	: 15
wp		: yes
flags		: fpu vme de pse tsc msr pae mce cx8 apic sep mtrr pge mca cmov pat pse36 clflush dts acpi mmx fxsr sse sse2 ss ht tm pbe syscall nx pdpe1gb rdtscp lm constant_tsc arch_perfmon pebs bts rep_good nopl xtopology nonstop_tsc aperfmperf eagerfpu pni pclmulqdq dtes64 monitor ds_cpl vmx smx est tm2 ssse3 sdbg fma cx16 xtpr pdcm pcid dca sse4_1 sse4_2 x2apic movbe popcnt tsc_deadline_timer aes xsave avx f16c rdrand lahf_lm abm epb intel_ppin ssbd ibrs ibpb stibp tpr_shadow vnmi flexpriority ept vpid fsgsbase tsc_adjust bmi1 avx2 smep bmi2 erms invpcid cqm xsaveopt cqm_llc cqm_occup_llc dtherm ida arat pln pts md_clear spec_ctrl intel_stibp flush_l1d
bogomips	: 4794.34
clflush size	: 64
cache_alignment	: 64
address sizes	: 46 bits physical, 48 bits virtual
power management:

processor	: 27
vendor_id	: GenuineIntel
cpu family	: 6
model		: 63
model name	: Intel(R) Xeon(R) CPU E5-2630 v3 @ 2.40GHz
stepping	: 2
microcode	: 0x43
cpu MHz		: 2612.402
cache size	: 20480 KB
physical id	: 1
siblings	: 16
core id		: 3
cpu cores	: 8
apicid		: 23
initial apicid	: 23
fpu		: yes
fpu_exception	: yes
cpuid level	: 15
wp		: yes
flags		: fpu vme de pse tsc msr pae mce cx8 apic sep mtrr pge mca cmov pat pse36 clflush dts acpi mmx fxsr sse sse2 ss ht tm pbe syscall nx pdpe1gb rdtscp lm constant_tsc arch_perfmon pebs bts rep_good nopl xtopology nonstop_tsc aperfmperf eagerfpu pni pclmulqdq dtes64 monitor ds_cpl vmx smx est tm2 ssse3 sdbg fma cx16 xtpr pdcm pcid dca sse4_1 sse4_2 x2apic movbe popcnt tsc_deadline_timer aes xsave avx f16c rdrand lahf_lm abm epb intel_ppin ssbd ibrs ibpb stibp tpr_shadow vnmi flexpriority ept vpid fsgsbase tsc_adjust bmi1 avx2 smep bmi2 erms invpcid cqm xsaveopt cqm_llc cqm_occup_llc dtherm ida arat pln pts md_clear spec_ctrl intel_stibp flush_l1d
bogomips	: 4794.34
clflush size	: 64
cache_alignment	: 64
address sizes	: 46 bits physical, 48 bits virtual
power management:

processor	: 28
vendor_id	: GenuineIntel
cpu family	: 6
model		: 63
model name	: Intel(R) Xeon(R) CPU E5-2630 v3 @ 2.40GHz
stepping	: 2
microcode	: 0x43
cpu MHz		: 2600.097
cache size	: 20480 KB
physical id	: 1
siblings	: 16
core id		: 4
cpu cores	: 8
apicid		: 25
initial apicid	: 25
fpu		: yes
fpu_exception	: yes
cpuid level	: 15
wp		: yes
flags		: fpu vme de pse tsc msr pae mce cx8 apic sep mtrr pge mca cmov pat pse36 clflush dts acpi mmx fxsr sse sse2 ss ht tm pbe syscall nx pdpe1gb rdtscp lm constant_tsc arch_perfmon pebs bts rep_good nopl xtopology nonstop_tsc aperfmperf eagerfpu pni pclmulqdq dtes64 monitor ds_cpl vmx smx est tm2 ssse3 sdbg fma cx16 xtpr pdcm pcid dca sse4_1 sse4_2 x2apic movbe popcnt tsc_deadline_timer aes xsave avx f16c rdrand lahf_lm abm epb intel_ppin ssbd ibrs ibpb stibp tpr_shadow vnmi flexpriority ept vpid fsgsbase tsc_adjust bmi1 avx2 smep bmi2 erms invpcid cqm xsaveopt cqm_llc cqm_occup_llc dtherm ida arat pln pts md_clear spec_ctrl intel_stibp flush_l1d
bogomips	: 4794.34
clflush size	: 64
cache_alignment	: 64
address sizes	: 46 bits physical, 48 bits virtual
power management:

processor	: 29
vendor_id	: GenuineIntel
cpu family	: 6
model		: 63
model name	: Intel(R) Xeon(R) CPU E5-2630 v3 @ 2.40GHz
stepping	: 2
microcode	: 0x43
cpu MHz		: 2627.490
cache size	: 20480 KB
physical id	: 1
siblings	: 16
core id		: 5
cpu cores	: 8
apicid		: 27
initial apicid	: 27
fpu		: yes
fpu_exception	: yes
cpuid level	: 15
wp		: yes
flags		: fpu vme de pse tsc msr pae mce cx8 apic sep mtrr pge mca cmov pat pse36 clflush dts acpi mmx fxsr sse sse2 ss ht tm pbe syscall nx pdpe1gb rdtscp lm constant_tsc arch_perfmon pebs bts rep_good nopl xtopology nonstop_tsc aperfmperf eagerfpu pni pclmulqdq dtes64 monitor ds_cpl vmx smx est tm2 ssse3 sdbg fma cx16 xtpr pdcm pcid dca sse4_1 sse4_2 x2apic movbe popcnt tsc_deadline_timer aes xsave avx f16c rdrand lahf_lm abm epb intel_ppin ssbd ibrs ibpb stibp tpr_shadow vnmi flexpriority ept vpid fsgsbase tsc_adjust bmi1 avx2 smep bmi2 erms invpcid cqm xsaveopt cqm_llc cqm_occup_llc dtherm ida arat pln pts md_clear spec_ctrl intel_stibp flush_l1d
bogomips	: 4794.34
clflush size	: 64
cache_alignment	: 64
address sizes	: 46 bits physical, 48 bits virtual
power management:

processor	: 30
vendor_id	: GenuineIntel
cpu family	: 6
model		: 63
model name	: Intel(R) Xeon(R) CPU E5-2630 v3 @ 2.40GHz
stepping	: 2
microcode	: 0x43
cpu MHz		: 2645.068
cache size	: 20480 KB
physical id	: 1
siblings	: 16
core id		: 6
cpu cores	: 8
apicid		: 29
initial apicid	: 29
fpu		: yes
fpu_exception	: yes
cpuid level	: 15
wp		: yes
flags		: fpu vme de pse tsc msr pae mce cx8 apic sep mtrr pge mca cmov pat pse36 clflush dts acpi mmx fxsr sse sse2 ss ht tm pbe syscall nx pdpe1gb rdtscp lm constant_tsc arch_perfmon pebs bts rep_good nopl xtopology nonstop_tsc aperfmperf eagerfpu pni pclmulqdq dtes64 monitor ds_cpl vmx smx est tm2 ssse3 sdbg fma cx16 xtpr pdcm pcid dca sse4_1 sse4_2 x2apic movbe popcnt tsc_deadline_timer aes xsave avx f16c rdrand lahf_lm abm epb intel_ppin ssbd ibrs ibpb stibp tpr_shadow vnmi flexpriority ept vpid fsgsbase tsc_adjust bmi1 avx2 smep bmi2 erms invpcid cqm xsaveopt cqm_llc cqm_occup_llc dtherm ida arat pln pts md_clear spec_ctrl intel_stibp flush_l1d
bogomips	: 4794.34
clflush size	: 64
cache_alignment	: 64
address sizes	: 46 bits physical, 48 bits virtual
power management:

processor	: 31
vendor_id	: GenuineIntel
cpu family	: 6
model		: 63
model name	: Intel(R) Xeon(R) CPU E5-2630 v3 @ 2.40GHz
stepping	: 2
microcode	: 0x43
cpu MHz		: 2612.255
cache size	: 20480 KB
physical id	: 1
siblings	: 16
core id		: 7
cpu cores	: 8
apicid		: 31
initial apicid	: 31
fpu		: yes
fpu_exception	: yes
cpuid level	: 15
wp		: yes
flags		: fpu vme de pse tsc msr pae mce cx8 apic sep mtrr pge mca cmov pat pse36 clflush dts acpi mmx fxsr sse sse2 ss ht tm pbe syscall nx pdpe1gb rdtscp lm constant_tsc arch_perfmon pebs bts rep_good nopl xtopology nonstop_tsc aperfmperf eagerfpu pni pclmulqdq dtes64 monitor ds_cpl vmx smx est tm2 ssse3 sdbg fma cx16 xtpr pdcm pcid dca sse4_1 sse4_2 x2apic movbe popcnt tsc_deadline_timer aes xsave avx f16c rdrand lahf_lm abm epb intel_ppin ssbd ibrs ibpb stibp tpr_shadow vnmi flexpriority ept vpid fsgsbase tsc_adjust bmi1 avx2 smep bmi2 erms invpcid cqm xsaveopt cqm_llc cqm_occup_llc dtherm ida arat pln pts md_clear spec_ctrl intel_stibp flush_l1d
bogomips	: 4794.34
clflush size	: 64
cache_alignment	: 64
address sizes	: 46 bits physical, 48 bits virtual
power management:



Memory: 4k page, physical 263864160k(1126500k free), swap 0k(0k free)

vm_info: OpenJDK 64-Bit Server VM (25.212-b04) for linux-amd64 JRE (1.8.0_212-b04), built on Aug 12 2019 13:15:31 by "buildozer" with gcc 6.4.0

time: Tue Oct 15 07:57:24 2019
timezone: UTC
elapsed time: 6 seconds (0d 0h 0m 6s)

