#
# A fatal error has been detected by the Java Runtime Environment:
#
#  SIGSEGV (0xb) at pc=0x00007f9ff7712810, pid=7596, tid=0x00007f9fdad2aae0
#
# JRE version: OpenJDK Runtime Environment (8.0_212-b04) (build 1.8.0_212-b04)
# Java VM: OpenJDK 64-Bit Server VM (25.212-b04 mixed mode linux-amd64 compressed oops)
# Derivative: IcedTea 3.12.0
# Distribution: Custom build (Mon Aug 12 12:56:32 UTC 2019)
# Problematic frame:
# C  [ld-musl-x86_64.so.1+0x53810]  pthread_setname_np+0x5e
#
# Core dump written. Default location: /workdir/hadoop-hdds/server-scm/core or core.7596
#
# If you would like to submit a bug report, please include
# instructions on how to reproduce the bug and visit:
#   https://icedtea.classpath.org/bugzilla
#

---------------  T H R E A D  ---------------

Current thread is native thread

siginfo: si_signo: 11 (SIGSEGV), si_code: 1 (SEGV_MAPERR), si_addr: 0x0000000000000038

Registers:
RAX=0x00007f9fdad2aae0, RBX=0x0000000000000022, RCX=0x0000000000000000, RDX=0x0000000000000000
RSP=0x00007f9fdad2a680, RBP=0x0000000000000000, RSI=0x0000000000000000, RDI=0xfeff73725e73726f
R8 =0x0000000000000000, R9 =0x8080808080808080, R10=0xfefefefefefefeff, R11=0x0000000000000212
R12=0x000055f448336518, R13=0x000000000000000e, R14=0x00007f9fdad2aae0, R15=0x00007f9ff794bae8
RIP=0x00007f9ff7712810, EFLAGS=0x0000000000010202, CSGSFS=0x0000000000000033, ERR=0x0000000000000004
  TRAPNO=0x000000000000000e

Top of Stack: (sp=0x00007f9fdad2a680)
0x00007f9fdad2a680:   0000000000000000 0000000000000000
0x00007f9fdad2a690:   0000000000000000 0000000000000000
0x00007f9fdad2a6a0:   0000000000000000 0000000000000000
0x00007f9fdad2a6b0:   0000000000000000 000055f448336440
0x00007f9fdad2a6c0:   00007f9fdad2a710 0000000000000000
0x00007f9fdad2a6d0:   000055f448336480 00007f9fdb6e8ec9
0x00007f9fdad2a6e0:   0000000000000000 000055f449e5d840
0x00007f9fdad2a6f0:   0000000000000000 00007f9fdad2a760
0x00007f9fdad2a700:   00007f9fdad2aae0 00007f9ff794bae8
0x00007f9fdad2a710:   0000000000000000 00007f9ff6542f41
0x00007f9fdad2a720:   0000000000000000 00007f9fdad2aae0
0x00007f9fdad2a730:   0000000000000000 00007f9ff77116c2
0x00007f9fdad2a740:   0000000000000000 0000000000000000
0x00007f9fdad2a750:   0000000000017000 00007f9ff77135b1
0x00007f9fdad2a760:   0000000000000002 00007f9fdad2aac0
0x00007f9fdad2a770:   00007f9fdad2a790 0000000000000000
0x00007f9fdad2a780:   0000000000000000 0000000000000000
0x00007f9fdad2a790:   0000000000000002 0000000000000000
0x00007f9fdad2a7a0:   0000000000000000 0000000000000000
0x00007f9fdad2a7b0:   0000000000000000 0000000000000000
0x00007f9fdad2a7c0:   0000000000000000 0000000000000000
0x00007f9fdad2a7d0:   0000000000000000 0000000000000000
0x00007f9fdad2a7e0:   0000000000000000 0000000000000000
0x00007f9fdad2a7f0:   0000000000000000 0000000000000000
0x00007f9fdad2a800:   0000000000000000 0000000000000000
0x00007f9fdad2a810:   0000000000000000 0000000000000000
0x00007f9fdad2a820:   0000000000000000 0000000000000000
0x00007f9fdad2a830:   0000000000000000 0000000000000000
0x00007f9fdad2a840:   0000000000000000 0000000000000000
0x00007f9fdad2a850:   0000000000000000 0000000000000000
0x00007f9fdad2a860:   0000000000000000 0000000000000000
0x00007f9fdad2a870:   0000000000000000 0000000000000000 

Instructions: (pc=0x00007f9ff7712810)
0x00007f9ff77127f0:   31 d2 31 c0 4c 89 e6 bf 0f 00 00 00 e8 65 d8 fc
0x00007f9ff7712800:   ff 85 c0 89 c3 74 7e e8 25 a7 fc ff 8b 18 eb 75
0x00007f9ff7712810:   8b 4d 38 48 8d 5c 24 0e 48 8d 15 f2 92 03 00 be
0x00007f9ff7712820:   22 00 00 00 31 c0 48 89 df e8 35 68 ff ff 48 8d 

Register to memory mapping:

RAX=0x00007f9fdad2aae0 is an unknown value
RBX=0x0000000000000022 is an unknown value
RCX=0x0000000000000000 is an unknown value
RDX=0x0000000000000000 is an unknown value
RSP=0x00007f9fdad2a680 is an unknown value
RBP=0x0000000000000000 is an unknown value
RSI=0x0000000000000000 is an unknown value
RDI=0xfeff73725e73726f is an unknown value
R8 =0x0000000000000000 is an unknown value
R9 =0x8080808080808080 is an unknown value
R10=0xfefefefefefefeff is an unknown value
R11=0x0000000000000212 is an unknown value
R12=0x000055f448336518 is an unknown value
R13=0x000000000000000e is an unknown value
R14=0x00007f9fdad2aae0 is an unknown value
R15=0x00007f9ff794bae8: __utc+0x1fff68 in /lib/ld-musl-x86_64.so.1 at 0x00007f9ff76bf000


Stack: [0x00007f9fdad16000,0x00007f9fdad2a760],  sp=0x00007f9fdad2a680,  free space=81k
Native frames: (J=compiled Java code, j=interpreted, Vv=VM code, C=native code)
C  [ld-musl-x86_64.so.1+0x53810]  pthread_setname_np+0x5e

[error occurred during error reporting (printing native stack), id 0xb]


---------------  P R O C E S S  ---------------

VM state:not at safepoint (normal execution)

VM Mutex/Monitor currently owned by a thread: None

heap address: 0x0000000080000000, size: 2048 MB, Compressed Oops mode: 32-bit
Narrow klass base: 0x0000000000000000, Narrow klass shift: 3
Compressed class space size: 1073741824 Address: 0x0000000100000000

Heap:
 PSYoungGen      total 611840K, used 259790K [0x00000000d5580000, 0x0000000100000000, 0x0000000100000000)
  eden space 524800K, 49% used [0x00000000d5580000,0x00000000e5333a78,0x00000000f5600000)
  from space 87040K, 0% used [0x00000000f5600000,0x00000000f5600000,0x00000000fab00000)
  to   space 87040K, 0% used [0x00000000fab00000,0x00000000fab00000,0x0000000100000000)
 ParOldGen       total 882176K, used 11913K [0x0000000080000000, 0x00000000b5d80000, 0x00000000d5580000)
  object space 882176K, 1% used [0x0000000080000000,0x0000000080ba2730,0x00000000b5d80000)
 Metaspace       used 26524K, capacity 26900K, committed 27264K, reserved 1073152K
  class space    used 2992K, capacity 3119K, committed 3200K, reserved 1048576K

Card table byte_map: [0x00007f9fe646b000,0x00007f9fe686c000] byte_map_base: 0x00007f9fe606b000

Marking Bits: (ParMarkBitMap*) 0x00007f9ff727d200
 Begin Bits: [0x00007f9fe1fbc000, 0x00007f9fe3fbc000)
 End Bits:   [0x00007f9fe3fbc000, 0x00007f9fe5fbc000)

Polling page: 0x00007f9ff7848000

CodeCache: size=245760Kb used=5569Kb max_used=5569Kb free=240190Kb
 bounds [0x00007f9fe6c2c000, 0x00007f9fe71ac000, 0x00007f9ff5c2c000]
 total_blobs=2288 nmethods=1781 adapters=421
 compilation: enabled

Compilation events (10 events):
Event: 5.327 Thread 0x000055f4482ee000 1779       3       com.sun.org.apache.xerces.internal.dom.ParentNode::hasChildNodes (24 bytes)
Event: 5.328 Thread 0x000055f4482ee000 nmethod 1779 0x00007f9fe7197950 code [0x00007f9fe7197ae0, 0x00007f9fe7197ec8]
Event: 5.328 Thread 0x000055f4482ee000 1780       3       com.sun.org.apache.xerces.internal.dom.ParentNode::getFirstChild (16 bytes)
Event: 5.328 Thread 0x000055f4482ee000 nmethod 1780 0x00007f9fe7197f90 code [0x00007f9fe7198100, 0x00007f9fe71984a8]
Event: 5.328 Thread 0x000055f4482ee000 1777       3       com.sun.org.apache.xerces.internal.dom.DeferredDocumentImpl::clearChunkIndex (57 bytes)
Event: 5.328 Thread 0x000055f4482ee000 nmethod 1777 0x00007f9fe7198550 code [0x00007f9fe71986e0, 0x00007f9fe7198af0]
Event: 5.328 Thread 0x000055f4482ee000 1781       3       java.lang.reflect.Field::set (52 bytes)
Event: 5.329 Thread 0x000055f4482ee000 nmethod 1781 0x00007f9fe7198d50 code [0x00007f9fe7198f20, 0x00007f9fe7199568]
Event: 5.329 Thread 0x000055f4482ee000 1776       3       com.sun.org.apache.xerces.internal.dom.DeferredDocumentImpl::ensureCapacity (358 bytes)
Event: 5.331 Thread 0x000055f4482ee000 nmethod 1776 0x00007f9fe7199790 code [0x00007f9fe7199b80, 0x00007f9fe719cb28]

GC Heap History (4 events):
Event: 2.088 GC heap before
{Heap before GC invocations=1 (full 0):
 PSYoungGen      total 611840K, used 199424K [0x00000000d5580000, 0x0000000100000000, 0x0000000100000000)
  eden space 524800K, 38% used [0x00000000d5580000,0x00000000e1840308,0x00000000f5600000)
  from space 87040K, 0% used [0x00000000fab00000,0x00000000fab00000,0x0000000100000000)
  to   space 87040K, 0% used [0x00000000f5600000,0x00000000f5600000,0x00000000fab00000)
 ParOldGen       total 1398272K, used 0K [0x0000000080000000, 0x00000000d5580000, 0x00000000d5580000)
  object space 1398272K, 0% used [0x0000000080000000,0x0000000080000000,0x00000000d5580000)
 Metaspace       used 20760K, capacity 20984K, committed 21248K, reserved 1069056K
  class space    used 2349K, capacity 2443K, committed 2560K, reserved 1048576K
Event: 2.125 GC heap after
Heap after GC invocations=1 (full 0):
 PSYoungGen      total 611840K, used 12401K [0x00000000d5580000, 0x0000000100000000, 0x0000000100000000)
  eden space 524800K, 0% used [0x00000000d5580000,0x00000000d5580000,0x00000000f5600000)
  from space 87040K, 14% used [0x00000000f5600000,0x00000000f621c778,0x00000000fab00000)
  to   space 87040K, 0% used [0x00000000fab00000,0x00000000fab00000,0x0000000100000000)
 ParOldGen       total 1398272K, used 80K [0x0000000080000000, 0x00000000d5580000, 0x00000000d5580000)
  object space 1398272K, 0% used [0x0000000080000000,0x0000000080014010,0x00000000d5580000)
 Metaspace       used 20760K, capacity 20984K, committed 21248K, reserved 1069056K
  class space    used 2349K, capacity 2443K, committed 2560K, reserved 1048576K
}
Event: 2.125 GC heap before
{Heap before GC invocations=2 (full 1):
 PSYoungGen      total 611840K, used 12401K [0x00000000d5580000, 0x0000000100000000, 0x0000000100000000)
  eden space 524800K, 0% used [0x00000000d5580000,0x00000000d5580000,0x00000000f5600000)
  from space 87040K, 14% used [0x00000000f5600000,0x00000000f621c778,0x00000000fab00000)
  to   space 87040K, 0% used [0x00000000fab00000,0x00000000fab00000,0x0000000100000000)
 ParOldGen       total 1398272K, used 80K [0x0000000080000000, 0x00000000d5580000, 0x00000000d5580000)
  object space 1398272K, 0% used [0x0000000080000000,0x0000000080014010,0x00000000d5580000)
 Metaspace       used 20760K, capacity 20984K, committed 21248K, reserved 1069056K
  class space    used 2349K, capacity 2443K, committed 2560K, reserved 1048576K
Event: 2.199 GC heap after
Heap after GC invocations=2 (full 1):
 PSYoungGen      total 611840K, used 0K [0x00000000d5580000, 0x0000000100000000, 0x0000000100000000)
  eden space 524800K, 0% used [0x00000000d5580000,0x00000000d5580000,0x00000000f5600000)
  from space 87040K, 0% used [0x00000000f5600000,0x00000000f5600000,0x00000000fab00000)
  to   space 87040K, 0% used [0x00000000fab00000,0x00000000fab00000,0x0000000100000000)
 ParOldGen       total 882176K, used 11913K [0x0000000080000000, 0x00000000b5d80000, 0x00000000d5580000)
  object space 882176K, 1% used [0x0000000080000000,0x0000000080ba2730,0x00000000b5d80000)
 Metaspace       used 20760K, capacity 20984K, committed 21248K, reserved 1069056K
  class space    used 2349K, capacity 2443K, committed 2560K, reserved 1048576K
}

Deoptimization events (10 events):
Event: 2.204 Thread 0x000055f44819a800 Uncommon trap: reason=unstable_if action=reinterpret pc=0x00007f9fe6f7e3c4 method=java.lang.ref.SoftReference.get()Ljava/lang/Object; @ 17
Event: 2.415 Thread 0x000055f44819a800 Uncommon trap: reason=unstable_if action=reinterpret pc=0x00007f9fe6e9ddc8 method=sun.net.www.ParseUtil.encodePath(Ljava/lang/String;Z)Ljava/lang/String; @ 109
Event: 2.479 Thread 0x000055f44819a800 Uncommon trap: reason=unstable_if action=reinterpret pc=0x00007f9fe6eeed18 method=java.net.URL.<init>(Ljava/net/URL;Ljava/lang/String;Ljava/net/URLStreamHandler;)V @ 347
Event: 2.524 Thread 0x000055f449cb0000 Uncommon trap: reason=class_check action=maybe_recompile pc=0x00007f9fe6ff07cc method=java.util.concurrent.ConcurrentHashMap.putVal(Ljava/lang/Object;Ljava/lang/Object;Z)Ljava/lang/Object; @ 192
Event: 2.525 Thread 0x000055f449cad000 Uncommon trap: reason=unstable_if action=reinterpret pc=0x00007f9fe6f7562c method=java.lang.ThreadLocal.get()Ljava/lang/Object; @ 11
Event: 2.563 Thread 0x000055f449cad000 Uncommon trap: reason=unstable_if action=reinterpret pc=0x00007f9fe6e07a90 method=java.lang.AbstractStringBuilder.append(Ljava/lang/String;)Ljava/lang/AbstractStringBuilder; @ 1
Event: 2.565 Thread 0x000055f449cad000 Uncommon trap: reason=unstable_if action=reinterpret pc=0x00007f9fe6ddca80 method=java.lang.AbstractStringBuilder.append(Ljava/lang/String;)Ljava/lang/AbstractStringBuilder; @ 1
Event: 2.843 Thread 0x000055f449cad000 Uncommon trap: reason=class_check action=maybe_recompile pc=0x00007f9fe6ff07cc method=java.util.concurrent.ConcurrentHashMap.putVal(Ljava/lang/Object;Ljava/lang/Object;Z)Ljava/lang/Object; @ 192
Event: 2.864 Thread 0x000055f449cad000 Uncommon trap: reason=class_check action=maybe_recompile pc=0x00007f9fe6ff07cc method=java.util.concurrent.ConcurrentHashMap.putVal(Ljava/lang/Object;Ljava/lang/Object;Z)Ljava/lang/Object; @ 192
Event: 2.895 Thread 0x000055f449cad000 Uncommon trap: reason=class_check action=maybe_recompile pc=0x00007f9fe6ff07cc method=java.util.concurrent.ConcurrentHashMap.putVal(Ljava/lang/Object;Ljava/lang/Object;Z)Ljava/lang/Object; @ 192

Classes redefined (0 events):
No events

Internal exceptions (10 events):
Event: 5.050 Thread 0x000055f44819a800 Exception <a 'java/net/UnknownHostException'> (0x00000000df15c398) thrown at [/home/buildozer/aports/community/openjdk8/src/icedtea-3.12.0/openjdk/hotspot/src/share/vm/prims/jni.cpp, line 737]
Event: 5.053 Thread 0x000055f44819a800 Exception <a 'java/io/FileNotFoundException'> (0x00000000df16f588) thrown at [/home/buildozer/aports/community/openjdk8/src/icedtea-3.12.0/openjdk/hotspot/src/share/vm/prims/jni.cpp, line 710]
Event: 5.055 Thread 0x000055f44819a800 Exception <a 'sun/nio/fs/UnixException'> (0x00000000df177148) thrown at [/home/buildozer/aports/community/openjdk8/src/icedtea-3.12.0/openjdk/hotspot/src/share/vm/prims/jni.cpp, line 710]
Event: 5.056 Thread 0x000055f44819a800 Exception <a 'sun/nio/fs/UnixException'> (0x00000000df1778c0) thrown at [/home/buildozer/aports/community/openjdk8/src/icedtea-3.12.0/openjdk/hotspot/src/share/vm/prims/jni.cpp, line 710]
Event: 5.056 Thread 0x000055f44819a800 Exception <a 'sun/nio/fs/UnixException'> (0x00000000df177f98) thrown at [/home/buildozer/aports/community/openjdk8/src/icedtea-3.12.0/openjdk/hotspot/src/share/vm/prims/jni.cpp, line 710]
Event: 5.056 Thread 0x000055f44819a800 Exception <a 'sun/nio/fs/UnixException'> (0x00000000df1787a8) thrown at [/home/buildozer/aports/community/openjdk8/src/icedtea-3.12.0/openjdk/hotspot/src/share/vm/prims/jni.cpp, line 710]
Event: 5.056 Thread 0x000055f44819a800 Exception <a 'sun/nio/fs/UnixException'> (0x00000000df17bd70) thrown at [/home/buildozer/aports/community/openjdk8/src/icedtea-3.12.0/openjdk/hotspot/src/share/vm/prims/jni.cpp, line 710]
Event: 5.056 Thread 0x000055f44819a800 Exception <a 'sun/nio/fs/UnixException'> (0x00000000df17c638) thrown at [/home/buildozer/aports/community/openjdk8/src/icedtea-3.12.0/openjdk/hotspot/src/share/vm/prims/jni.cpp, line 710]
Event: 5.056 Thread 0x000055f44819a800 Exception <a 'sun/nio/fs/UnixException'> (0x00000000df17cd80) thrown at [/home/buildozer/aports/community/openjdk8/src/icedtea-3.12.0/openjdk/hotspot/src/share/vm/prims/jni.cpp, line 710]
Event: 5.057 Thread 0x000055f44819a800 Exception <a 'sun/nio/fs/UnixException'> (0x00000000df17d660) thrown at [/home/buildozer/aports/community/openjdk8/src/icedtea-3.12.0/openjdk/hotspot/src/share/vm/prims/jni.cpp, line 710]

Events (10 events):
Event: 5.077 Executing VM operation: RevokeBias
Event: 5.078 Executing VM operation: RevokeBias done
Event: 5.078 Executing VM operation: RevokeBias
Event: 5.078 Executing VM operation: RevokeBias done
Event: 5.078 Thread 0x000055f449a73000 Thread exited: 0x000055f449a73000
Event: 5.078 Executing VM operation: RevokeBias
Event: 5.078 Executing VM operation: RevokeBias done
Event: 5.078 Thread 0x000055f449ffc000 Thread exited: 0x000055f449ffc000
Event: 5.092 Thread 0x000055f44819a800 DEOPT PACKING pc=0x00007f9fe711a927 sp=0x00007f9ff794a070
Event: 5.092 Thread 0x000055f44819a800 DEOPT UNPACKING pc=0x00007f9fe6c734c4 sp=0x00007f9ff7949dd0 mode 0


Dynamic libraries:
80000000-b5d80000 rw-p 00000000 00:00 0 
b5d80000-d5580000 ---p 00000000 00:00 0 
d5580000-100320000 rw-p 00000000 00:00 0 
100320000-140000000 ---p 00000000 00:00 0 
55f446b01000-55f446b02000 r-xp 00000000 fd:03 288293715                  /usr/lib/jvm/java-1.8-openjdk/jre/bin/java
55f446d01000-55f446d02000 r--p 00000000 fd:03 288293715                  /usr/lib/jvm/java-1.8-openjdk/jre/bin/java
55f446d02000-55f446d03000 rw-p 00001000 fd:03 288293715                  /usr/lib/jvm/java-1.8-openjdk/jre/bin/java
55f448183000-55f449ffe000 rw-p 00000000 00:00 0                          [heap]
7f9fd7090000-7f9fd7093000 ---p 00000000 00:00 0 
7f9fd7093000-7f9fd7191000 rw-p 00000000 00:00 0 
7f9fd7191000-7f9fd7194000 ---p 00000000 00:00 0 
7f9fd7194000-7f9fd7292000 rw-p 00000000 00:00 0 
7f9fd7292000-7f9fd7295000 ---p 00000000 00:00 0 
7f9fd7295000-7f9fd7393000 rw-p 00000000 00:00 0 
7f9fd7393000-7f9fd7396000 ---p 00000000 00:00 0 
7f9fd7396000-7f9fd7494000 rw-p 00000000 00:00 0 
7f9fd7494000-7f9fd7497000 ---p 00000000 00:00 0 
7f9fd7497000-7f9fd7595000 rw-p 00000000 00:00 0 
7f9fd7595000-7f9fd7598000 ---p 00000000 00:00 0 
7f9fd7598000-7f9fd7696000 rw-p 00000000 00:00 0 
7f9fd7696000-7f9fd7699000 ---p 00000000 00:00 0 
7f9fd7699000-7f9fd7797000 rw-p 00000000 00:00 0 
7f9fd7797000-7f9fd779a000 ---p 00000000 00:00 0 
7f9fd779a000-7f9fd7898000 rw-p 00000000 00:00 0 
7f9fd7898000-7f9fd789b000 ---p 00000000 00:00 0 
7f9fd789b000-7f9fd7999000 rw-p 00000000 00:00 0 
7f9fd7999000-7f9fd799c000 ---p 00000000 00:00 0 
7f9fd799c000-7f9fd7a9a000 rw-p 00000000 00:00 0 
7f9fd7a9a000-7f9fd7a9d000 ---p 00000000 00:00 0 
7f9fd7a9d000-7f9fd7b9b000 rw-p 00000000 00:00 0 
7f9fd7b9b000-7f9fd7b9e000 ---p 00000000 00:00 0 
7f9fd7b9e000-7f9fd7c9c000 rw-p 00000000 00:00 0 
7f9fd7c9c000-7f9fd7c9f000 ---p 00000000 00:00 0 
7f9fd7c9f000-7f9fd7d9d000 rw-p 00000000 00:00 0 
7f9fd7d9d000-7f9fd7da0000 ---p 00000000 00:00 0 
7f9fd7da0000-7f9fd7e9e000 rw-p 00000000 00:00 0 
7f9fd7e9e000-7f9fd7ea1000 ---p 00000000 00:00 0 
7f9fd7ea1000-7f9fd7f9f000 rw-p 00000000 00:00 0 
7f9fd7f9f000-7f9fd7fa2000 ---p 00000000 00:00 0 
7f9fd7fa2000-7f9fd80a0000 rw-p 00000000 00:00 0 
7f9fd80a0000-7f9fd80a3000 ---p 00000000 00:00 0 
7f9fd80a3000-7f9fd81a1000 rw-p 00000000 00:00 0 
7f9fd81a1000-7f9fd81a4000 ---p 00000000 00:00 0 
7f9fd81a4000-7f9fd82a2000 rw-p 00000000 00:00 0 
7f9fd82a2000-7f9fd82a5000 ---p 00000000 00:00 0 
7f9fd82a5000-7f9fd83a3000 rw-p 00000000 00:00 0 
7f9fd83a3000-7f9fd83a6000 ---p 00000000 00:00 0 
7f9fd83a6000-7f9fd84a4000 rw-p 00000000 00:00 0 
7f9fd859e000-7f9fd85a1000 ---p 00000000 00:00 0 
7f9fd85a1000-7f9fd869f000 rw-p 00000000 00:00 0 
7f9fd869f000-7f9fd86a2000 ---p 00000000 00:00 0 
7f9fd86a2000-7f9fd87a0000 rw-p 00000000 00:00 0 
7f9fd87a0000-7f9fd87a3000 ---p 00000000 00:00 0 
7f9fd87a3000-7f9fd88a1000 rw-p 00000000 00:00 0 
7f9fd88a1000-7f9fd88a4000 ---p 00000000 00:00 0 
7f9fd88a4000-7f9fd89a2000 rw-p 00000000 00:00 0 
7f9fd89a2000-7f9fd89a5000 ---p 00000000 00:00 0 
7f9fd89a5000-7f9fd8aa3000 rw-p 00000000 00:00 0 
7f9fd8ba4000-7f9fd8ba7000 ---p 00000000 00:00 0 
7f9fd8ba7000-7f9fd8e25000 rw-p 00000000 00:00 0 
7f9fd8e25000-7f9fd8ea5000 ---p 00000000 00:00 0 
7f9fd8f9f000-7f9fd8fa2000 ---p 00000000 00:00 0 
7f9fd8fa2000-7f9fd90a0000 rw-p 00000000 00:00 0 
7f9fd90a0000-7f9fd90a3000 ---p 00000000 00:00 0 
7f9fd90a3000-7f9fd91a1000 rw-p 00000000 00:00 0 
7f9fd91a1000-7f9fd91a4000 ---p 00000000 00:00 0 
7f9fd91a4000-7f9fd92a2000 rw-p 00000000 00:00 0 
7f9fd92a2000-7f9fd92a5000 ---p 00000000 00:00 0 
7f9fd92a5000-7f9fd93a3000 rw-p 00000000 00:00 0 
7f9fd94a4000-7f9fd94a7000 ---p 00000000 00:00 0 
7f9fd94a7000-7f9fd95a5000 rw-p 00000000 00:00 0 
7f9fd95a5000-7f9fd95a8000 ---p 00000000 00:00 0 
7f9fd95a8000-7f9fd96a6000 rw-p 00000000 00:00 0 
7f9fd96a6000-7f9fd96a9000 ---p 00000000 00:00 0 
7f9fd96a9000-7f9fd97a7000 rw-p 00000000 00:00 0 
7f9fd97a7000-7f9fd97aa000 ---p 00000000 00:00 0 
7f9fd97aa000-7f9fd98a8000 rw-p 00000000 00:00 0 
7f9fd98a8000-7f9fd98ab000 ---p 00000000 00:00 0 
7f9fd98ab000-7f9fd99a9000 rw-p 00000000 00:00 0 
7f9fd99a9000-7f9fd99ac000 ---p 00000000 00:00 0 
7f9fd99ac000-7f9fd9aaa000 rw-p 00000000 00:00 0 
7f9fd9bab000-7f9fd9dab000 rw-p 00000000 00:00 0 
7f9fd9dab000-7f9fd9dae000 ---p 00000000 00:00 0 
7f9fd9dae000-7f9fd9eac000 rw-p 00000000 00:00 0 
7f9fd9eac000-7f9fd9eaf000 ---p 00000000 00:00 0 
7f9fd9eaf000-7f9fd9fad000 rw-p 00000000 00:00 0 
7f9fd9fad000-7f9fd9fb0000 ---p 00000000 00:00 0 
7f9fd9fb0000-7f9fda0ae000 rw-p 00000000 00:00 0 
7f9fda0ae000-7f9fda0b1000 ---p 00000000 00:00 0 
7f9fda0b1000-7f9fda1af000 rw-p 00000000 00:00 0 
7f9fda1af000-7f9fda1b2000 ---p 00000000 00:00 0 
7f9fda1b2000-7f9fda2b0000 rw-p 00000000 00:00 0 
7f9fda2b0000-7f9fda2b3000 ---p 00000000 00:00 0 
7f9fda2b3000-7f9fda3b1000 rw-p 00000000 00:00 0 
7f9fda4b2000-7f9fda6b2000 rw-p 00000000 00:00 0 
7f9fda6b2000-7f9fda6cd000 r--s 001d6000 fd:03 288293790                  /usr/lib/jvm/java-1.8-openjdk/jre/lib/ext/nashorn.jar
7f9fda6cd000-7f9fda8cd000 rw-p 00000000 00:00 0 
7f9fda8cd000-7f9fdaacd000 r-xp 00000000 fd:03 288293744                  /usr/lib/jvm/java-1.8-openjdk/jre/lib/amd64/libjaas_unix.so
7f9fdaacd000-7f9fdaace000 r--p 00000000 fd:03 288293744                  /usr/lib/jvm/java-1.8-openjdk/jre/lib/amd64/libjaas_unix.so
7f9fdaace000-7f9fdaacf000 rw-p 00001000 fd:03 288293744                  /usr/lib/jvm/java-1.8-openjdk/jre/lib/amd64/libjaas_unix.so
7f9fdaafd000-7f9fdaaff000 ---p 00000000 00:00 0 
7f9fdaaff000-7f9fdad14000 rw-p 00000000 00:00 0 
7f9fdad14000-7f9fdad16000 ---p 00000000 00:00 0 
7f9fdad16000-7f9fdad2b000 rw-p 00000000 00:00 0 
7f9fdad2b000-7f9fdad2d000 ---p 00000000 00:00 0 
7f9fdad2d000-7f9fdad42000 rw-p 00000000 00:00 0 
7f9fdad42000-7f9fdad44000 ---p 00000000 00:00 0 
7f9fdad44000-7f9fdaf59000 rw-p 00000000 00:00 0 
7f9fdaf59000-7f9fdaf5b000 ---p 00000000 00:00 0 
7f9fdaf5b000-7f9fdaf70000 rw-p 00000000 00:00 0 
7f9fdaf70000-7f9fdaf72000 ---p 00000000 00:00 0 
7f9fdaf72000-7f9fdaf87000 rw-p 00000000 00:00 0 
7f9fdaf87000-7f9fdaf89000 ---p 00000000 00:00 0 
7f9fdaf89000-7f9fdaf9e000 rw-p 00000000 00:00 0 
7f9fdaf9e000-7f9fdafa0000 ---p 00000000 00:00 0 
7f9fdafa0000-7f9fdafb5000 rw-p 00000000 00:00 0 
7f9fdafb5000-7f9fdafb7000 ---p 00000000 00:00 0 
7f9fdafb7000-7f9fdafcc000 rw-p 00000000 00:00 0 
7f9fdafcc000-7f9fdafce000 ---p 00000000 00:00 0 
7f9fdafce000-7f9fdafe3000 rw-p 00000000 00:00 0 
7f9fdafe3000-7f9fdafe5000 ---p 00000000 00:00 0 
7f9fdafe5000-7f9fdb269000 rw-p 00000000 00:00 0 
7f9fdb269000-7f9fdb48f000 r-xp 00000000 fd:03 288424149                  /usr/glibc-compat/lib/ld-2.28.so
7f9fdb48f000-7f9fdb490000 r--p 00026000 fd:03 288424149                  /usr/glibc-compat/lib/ld-2.28.so
7f9fdb490000-7f9fdb491000 rw-p 00027000 fd:03 288424149                  /usr/glibc-compat/lib/ld-2.28.so
7f9fdb491000-7f9fdb492000 rw-p 00000000 00:00 0 
7f9fdb492000-7f9fdbd2a000 r-xp 00000000 fd:03 194779735                  /tmp/librocksdbjni8437639707346014549.so
7f9fdbd2a000-7f9fdbd3b000 r--p 00698000 fd:03 194779735                  /tmp/librocksdbjni8437639707346014549.so
7f9fdbd3b000-7f9fdbd44000 rw-p 006a9000 fd:03 194779735                  /tmp/librocksdbjni8437639707346014549.so
7f9fdbd44000-7f9fdbf4a000 rw-p 00000000 00:00 0 
7f9fdbf59000-7f9fdbf5b000 ---p 00000000 00:00 0 
7f9fdbf5b000-7f9fdbf70000 rw-p 00000000 00:00 0 
7f9fdbf70000-7f9fdbf72000 ---p 00000000 00:00 0 
7f9fdbf72000-7f9fdc187000 rw-p 00000000 00:00 0 
7f9fdc187000-7f9fdc18a000 r--s 00025000 fd:03 289472870                  /home/user/.m2/repository/org/apache/maven/shared/maven-shared-utils/3.1.0/maven-shared-utils-3.1.0.jar
7f9fdc18a000-7f9fdc39b000 r-xp 00000000 fd:03 288293758                  /usr/lib/jvm/java-1.8-openjdk/jre/lib/amd64/libnio.so
7f9fdc39b000-7f9fdc39c000 r--p 00011000 fd:03 288293758                  /usr/lib/jvm/java-1.8-openjdk/jre/lib/amd64/libnio.so
7f9fdc39c000-7f9fdc39d000 rw-p 00012000 fd:03 288293758                  /usr/lib/jvm/java-1.8-openjdk/jre/lib/amd64/libnio.so
7f9fdc39d000-7f9fdf39e000 rw-p 00000000 00:00 0 
7f9fdf39e000-7f9fdf5b4000 r-xp 00000000 fd:03 288293757                  /usr/lib/jvm/java-1.8-openjdk/jre/lib/amd64/libnet.so
7f9fdf5b4000-7f9fdf5b5000 r--p 00016000 fd:03 288293757                  /usr/lib/jvm/java-1.8-openjdk/jre/lib/amd64/libnet.so
7f9fdf5b5000-7f9fdf5b6000 rw-p 00017000 fd:03 288293757                  /usr/lib/jvm/java-1.8-openjdk/jre/lib/amd64/libnet.so
7f9fdf5b6000-7f9fdf5ba000 r--s 00058000 fd:03 288293809                  /usr/lib/jvm/java-1.8-openjdk/jre/lib/jsse.jar
7f9fdf5ba000-7f9fdf5bd000 ---p 00000000 00:00 0 
7f9fdf5bd000-7f9fdf5f4000 rw-p 00000000 00:00 0 
7f9fdf5f4000-7f9fdf5f5000 r--s 00006000 fd:03 24194190                   /home/user/.m2/repository/org/apache/maven/surefire/common-junit4/3.0.0-M1/common-junit4-3.0.0-M1.jar
7f9fdf5f5000-7f9fdf5f6000 r--s 00002000 fd:03 24194189                   /home/user/.m2/repository/org/apache/maven/surefire/common-junit3/3.0.0-M1/common-junit3-3.0.0-M1.jar
7f9fdf5f6000-7f9fdf5f7000 r--s 00007000 fd:03 24194187                   /home/user/.m2/repository/org/apache/maven/surefire/common-java5/3.0.0-M1/common-java5-3.0.0-M1.jar
7f9fdf5f7000-7f9fdf5f9000 r--s 00003000 fd:03 24194153                   /home/user/.m2/repository/org/apache/maven/surefire/surefire-junit4/3.0.0-M1/surefire-junit4-3.0.0-M1.jar
7f9fdf5f9000-7f9fdf5ff000 r--s 00036000 fd:03 289342394                  /home/user/.m2/repository/junit/junit/4.11/junit-4.11.jar
7f9fdf5ff000-7f9fdf620000 r--s 00172000 fd:03 289277429                  /home/user/.m2/repository/com/google/guava/guava/11.0.2/guava-11.0.2.jar
7f9fdf620000-7f9fdf628000 r--s 0007b000 fd:03 289277605                  /home/user/.m2/repository/com/google/protobuf/protobuf-java/2.5.0/protobuf-java-2.5.0.jar
7f9fdf628000-7f9fdf62d000 r--s 0003c000 fd:03 289341716                  /home/user/.m2/repository/info/picocli/picocli/3.9.6/picocli-3.9.6.jar
7f9fdf62d000-7f9fdf661000 r--s 0051e000 fd:03 289343246                  /home/user/.m2/repository/org/apache/hadoop/hadoop-hdfs/3.2.0/hadoop-hdfs-3.2.0-tests.jar
7f9fdf661000-7f9fdf68c000 r--s 00297000 fd:03 289343219                  /home/user/.m2/repository/org/apache/hadoop/hadoop-common/3.2.0/hadoop-common-3.2.0-tests.jar
7f9fdf68c000-7f9fdf68f000 r--s 0000e000 fd:03 289276955                  /home/user/.m2/repository/com/fasterxml/jackson/core/jackson-annotations/2.9.9/jackson-annotations-2.9.9.jar
7f9fdf68f000-7f9fdf6d4000 r--s 00486000 fd:03 289343289                  /home/user/.m2/repository/org/apache/hadoop/hadoop-hdfs-client/3.2.0/hadoop-hdfs-client-3.2.0.jar
7f9fdf6d4000-7f9fdf6ed000 r--s 0012c000 fd:03 289341930                  /home/user/.m2/repository/io/netty/netty/3.10.5.Final/netty-3.10.5.Final.jar
7f9fdf6ed000-7f9fdf6ee000 r--s 00005000 fd:03 289278122                  /home/user/.m2/repository/commons-daemon/commons-daemon/1.0.13/commons-daemon-1.0.13.jar
7f9fdf6ee000-7f9fdf6f0000 r--s 00008000 fd:03 289538147                  /home/user/.m2/repository/org/eclipse/jetty/jetty-util-ajax/9.3.25.v20180904/jetty-util-ajax-9.3.25.v20180904.jar
7f9fdf6f0000-7f9fdf738000 r--s 00557000 fd:03 289343266                  /home/user/.m2/repository/org/apache/hadoop/hadoop-hdfs/3.2.0/hadoop-hdfs-3.2.0.jar
7f9fdf738000-7f9fdf73d000 r--s 00047000 fd:03 289341676                  /home/user/.m2/repository/dnsjava/dnsjava/2.1.7/dnsjava-2.1.7.jar
7f9fdf73d000-7f9fdf743000 r--s 00078000 fd:03 289277132                  /home/user/.m2/repository/com/fasterxml/woodstox/woodstox-core/5.0.3/woodstox-core-5.0.3.jar
7f9fdf743000-7f9fdf747000 r--s 00024000 fd:03 289474668                  /home/user/.m2/repository/org/codehaus/woodstox/stax2-api/3.1.4/stax2-api-3.1.4.jar
7f9fdf747000-7f9fdf74b000 r--s 0004c000 fd:03 289276975                  /home/user/.m2/repository/com/fasterxml/jackson/core/jackson-core/2.9.9/jackson-core-2.9.9.jar
7f9fdf74b000-7f9fdf75e000 r--s 00137000 fd:03 289276992                  /home/user/.m2/repository/com/fasterxml/jackson/core/jackson-databind/2.9.9/jackson-databind-2.9.9.jar
7f9fdf75e000-7f9fdf760000 r--s 00006000 fd:03 289407281                  /home/user/.m2/repository/org/apache/kerby/kerby-xdr/1.0.1/kerby-xdr-1.0.1.jar
7f9fdf760000-7f9fdf761000 r--s 00004000 fd:03 289407185                  /home/user/.m2/repository/org/apache/kerby/kerb-identity/1.0.1/kerb-identity-1.0.1.jar
7f9fdf761000-7f9fdf764000 r--s 00012000 fd:03 289407194                  /home/user/.m2/repository/org/apache/kerby/kerb-server/1.0.1/kerb-server-1.0.1.jar
7f9fdf764000-7f9fdf767000 r--s 00011000 fd:03 289407140                  /home/user/.m2/repository/org/apache/kerby/kerb-admin/1.0.1/kerb-admin-1.0.1.jar
7f9fdf767000-7f9fdf768000 r--s 00004000 fd:03 289407290                  /home/user/.m2/repository/org/apache/kerby/token-provider/1.0.1/token-provider-1.0.1.jar
7f9fdf768000-7f9fdf769000 r--s 00008000 fd:03 289407212                  /home/user/.m2/repository/org/apache/kerby/kerb-util/1.0.1/kerb-util-1.0.1.jar
7f9fdf769000-7f9fdf76d000 r--s 00019000 fd:03 289407176                  /home/user/.m2/repository/org/apache/kerby/kerb-crypto/1.0.1/kerb-crypto-1.0.1.jar
7f9fdf76d000-7f9fdf76f000 r--s 0000e000 fd:03 289407158                  /home/user/.m2/repository/org/apache/kerby/kerb-common/1.0.1/kerb-common-1.0.1.jar
7f9fdf76f000-7f9fdf770000 r--s 00009000 fd:03 289407272                  /home/user/.m2/repository/org/apache/kerby/kerby-util/1.0.1/kerby-util-1.0.1.jar
7f9fdf770000-7f9fdf772000 r--s 00017000 fd:03 289407227                  /home/user/.m2/repository/org/apache/kerby/kerby-asn1/1.0.1/kerby-asn1-1.0.1.jar
7f9fdf772000-7f9fdf779000 r--s 0002b000 fd:03 289407257                  /home/user/.m2/repository/org/apache/kerby/kerby-pkix/1.0.1/kerby-pkix-1.0.1.jar
7f9fdf779000-7f9fdf780000 r--s 00031000 fd:03 289407167                  /home/user/.m2/repository/org/apache/kerby/kerb-core/1.0.1/kerb-core-1.0.1.jar
7f9fdf780000-7f9fdf782000 r--s 00006000 fd:03 289407242                  /home/user/.m2/repository/org/apache/kerby/kerby-config/1.0.1/kerby-config-1.0.1.jar
7f9fdf782000-7f9fdf785000 r--s 00019000 fd:03 289407149                  /home/user/.m2/repository/org/apache/kerby/kerb-client/1.0.1/kerb-client-1.0.1.jar
7f9fdf785000-7f9fdf786000 r--s 00004000 fd:03 289407203                  /home/user/.m2/repository/org/apache/kerby/kerb-simplekdc/1.0.1/kerb-simplekdc-1.0.1.jar
7f9fdf786000-7f9fdf78a000 r--s 00014000 fd:03 289539694                  /home/user/.m2/repository/org/tukaani/xz/1.0/xz-1.0.jar
7f9fdf78a000-7f9fdf78f000 r--s 00036000 fd:03 289342918                  /home/user/.m2/repository/org/apache/commons/commons-compress/1.4.1/commons-compress-1.4.1.jar
7f9fdf78f000-7f9fdf790000 r--s 00004000 fd:03 289473565                  /home/user/.m2/repository/org/apache/yetus/audience-annotations/0.5.0/audience-annotations-0.5.0.jar
7f9fdf790000-7f9fdf792000 r--s 00014000 fd:03 289342350                  /home/user/.m2/repository/jline/jline/0.9.94/jline-0.9.94.jar
7f9fdf792000-7f9fdf79f000 r--s 000d1000 fd:03 289473581                  /home/user/.m2/repository/org/apache/zookeeper/zookeeper/3.4.13/zookeeper-3.4.13.jar
7f9fdf79f000-7f9fdf7b9000 r--s 00155000 fd:03 289406985                  /home/user/.m2/repository/org/apache/htrace/htrace-core4/4.1.0-incubating/htrace-core4-4.1.0-incubating.jar
7f9fdf7b9000-7f9fdf7bc000 r--s 00006000 fd:03 289277327                  /home/user/.m2/repository/com/google/code/findbugs/jsr305/3.0.0/jsr305-3.0.0.jar
7f9fdf7bc000-7f9fdf7c4000 r--s 0003e000 fd:03 289343148                  /home/user/.m2/repository/org/apache/curator/curator-recipes/2.12.0/curator-recipes-2.12.0.jar
7f9fdf7c4000-7f9fdf7fb000 r--s 00219000 fd:03 289343130                  /home/user/.m2/repository/org/apache/curator/curator-client/2.12.0/curator-client-2.12.0.jar
7f9fdf7fb000-7f9fdf800000 r--s 00040000 fd:03 289277675                  /home/user/.m2/repository/com/jcraft/jsch/0.1.54/jsch-0.1.54.jar
7f9fdf800000-7f9fdf806000 r--s 0002c000 fd:03 289343139                  /home/user/.m2/repository/org/apache/curator/curator-framework/2.12.0/curator-framework-2.12.0.jar
7f9fdf806000-7f9fdf808000 r--s 00006000 fd:03 289342649                  /home/user/.m2/repository/net/minidev/accessors-smart/1.2/accessors-smart-1.2.jar
7f9fdf808000-7f9fdf80b000 r--s 0001b000 fd:03 289342658                  /home/user/.m2/repository/net/minidev/json-smart/2.3/json-smart-2.3.jar
7f9fdf80b000-7f9fdf80d000 r--s 00000000 fd:03 289277229                  /home/user/.m2/repository/com/github/stephenc/jcip/jcip-annotations/1.0-1/jcip-annotations-1.0-1.jar
7f9fdf80d000-7f9fdf813000 r--s 00044000 fd:03 289277721                  /home/user/.m2/repository/com/nimbusds/nimbus-jose-jwt/4.41.1/nimbus-jose-jwt-4.41.1.jar
7f9fdf813000-7f9fdf815000 r--s 00020000 fd:03 289343201                  /home/user/.m2/repository/org/apache/hadoop/hadoop-auth/3.2.0/hadoop-auth-3.2.0.jar
7f9fdf815000-7f9fdf81a000 r--s 0002a000 fd:03 289277337                  /home/user/.m2/repository/com/google/code/gson/gson/2.2.4/gson-2.2.4.jar
7f9fdf81a000-7f9fdf81c000 r--s 0001e000 fd:03 289277649                  /home/user/.m2/repository/com/google/re2j/re2j/1.1/re2j-1.1.jar
7f9fdf81c000-7f9fdf81e000 r--s 00130000 fd:03 289539729                  /home/user/.m2/repository/org/xerial/snappy/snappy-java/1.0.5/snappy-java-1.0.5.jar
7f9fdf81e000-7f9fdf820000 r--s 00006000 fd:03 289277917                  /home/user/.m2/repository/com/thoughtworks/paranamer/paranamer/2.3/paranamer-2.3.jar
7f9fdf820000-7f9fdf829000 r--s 00062000 fd:03 289342880                  /home/user/.m2/repository/org/apache/avro/avro/1.7.7/avro-1.7.7.jar
7f9fdf829000-7f9fdf82a000 r--s 00002000 fd:03 289539292                  /home/user/.m2/repository/org/slf4j/slf4j-log4j12/1.7.25/slf4j-log4j12-1.7.25.jar
7f9fdf82a000-7f9fdf82e000 r--s 00029000 fd:03 289343114                  /home/user/.m2/repository/org/apache/commons/commons-text/1.4/commons-text-1.4.jar
7f9fdf82e000-7f9fdf836000 r--s 00072000 fd:03 289342967                  /home/user/.m2/repository/org/apache/commons/commons-lang3/3.7/commons-lang3-3.7.jar
7f9fdf836000-7f9fdf842000 r--s 0008b000 fd:03 289342935                  /home/user/.m2/repository/org/apache/commons/commons-configuration2/2.1.1/commons-configuration2-2.1.1.jar
7f9fdf842000-7f9fdf847000 r--s 00038000 fd:03 289277972                  /home/user/.m2/repository/commons-beanutils/commons-beanutils/1.9.4/commons-beanutils-1.9.4.jar
7f9fdf847000-7f9fdf850000 r--s 0006f000 fd:03 289342446                  /home/user/.m2/repository/log4j/log4j/1.2.17/log4j-1.2.17.jar
7f9fdf850000-7f9fdf852000 r--s 0000e000 fd:03 289341603                  /home/user/.m2/repository/commons-logging/commons-logging/1.1.3/commons-logging-1.1.3.jar
7f9fdf852000-7f9fdf862000 r--s 0009c000 fd:03 289277848                  /home/user/.m2/repository/com/sun/jersey/jersey-server/1.19/jersey-server-1.19.jar
7f9fdf862000-7f9fdf863000 r--s 00006000 fd:03 289473829                  /home/user/.m2/repository/org/codehaus/jackson/jackson-xc/1.9.13/jackson-xc-1.9.13.jar
7f9fdf863000-7f9fdf864000 r--s 00004000 fd:03 289473811                  /home/user/.m2/repository/org/codehaus/jackson/jackson-jaxrs/1.9.13/jackson-jaxrs-1.9.13.jar
7f9fdf864000-7f9fdf872000 r--s 000b1000 fd:03 289473820                  /home/user/.m2/repository/org/codehaus/jackson/jackson-mapper-asl/1.9.13/jackson-mapper-asl-1.9.13.jar
7f9fdf872000-7f9fdf876000 r--s 00035000 fd:03 289473802                  /home/user/.m2/repository/org/codehaus/jackson/jackson-core-asl/1.9.13/jackson-core-asl-1.9.13.jar
7f9fdf876000-7f9fdf879000 r--s 00016000 fd:03 289342306                  /home/user/.m2/repository/javax/xml/bind/jaxb-api/2.2.11/jaxb-api-2.2.11.jar
7f9fdf879000-7f9fdf88c000 r--s 000c7000 fd:03 289277883                  /home/user/.m2/repository/com/sun/xml/bind/jaxb-impl/2.2.3-1/jaxb-impl-2.2.3-1.jar
7f9fdf88c000-7f9fdf88e000 r--s 0000f000 fd:03 289473839                  /home/user/.m2/repository/org/codehaus/jettison/jettison/1.1/jettison-1.1.jar
7f9fdf88e000-7f9fdf892000 r--s 00025000 fd:03 289277833                  /home/user/.m2/repository/com/sun/jersey/jersey-json/1.19/jersey-json-1.19.jar
7f9fdf892000-7f9fdf896000 r--s 0001c000 fd:03 289277857                  /home/user/.m2/repository/com/sun/jersey/jersey-servlet/1.19/jersey-servlet-1.19.jar
7f9fdf896000-7f9fdf898000 r--s 0000a000 fd:03 289342295                  /home/user/.m2/repository/javax/ws/rs/jsr311-api/1.1.1/jsr311-api-1.1.1.jar
7f9fdf898000-7f9fdf8a2000 r--s 00061000 fd:03 289277824                  /home/user/.m2/repository/com/sun/jersey/jersey-core/1.19/jersey-core-1.19.jar
7f9fdf8a2000-7f9fdf8a5000 r--s 00016000 fd:03 289342251                  /home/user/.m2/repository/javax/servlet/jsp/jsp-api/2.1/jsp-api-2.1.jar
7f9fdf8a5000-7f9fdf8a6000 r--s 0000c000 fd:03 289538165                  /home/user/.m2/repository/org/eclipse/jetty/jetty-xml/9.3.25.v20180904/jetty-xml-9.3.25.v20180904.jar
7f9fdf8a6000-7f9fdf8a9000 r--s 0001a000 fd:03 289538156                  /home/user/.m2/repository/org/eclipse/jetty/jetty-webapp/9.3.25.v20180904/jetty-webapp-9.3.25.v20180904.jar
7f9fdf8a9000-7f9fdf8ac000 r--s 00015000 fd:03 289538111                  /home/user/.m2/repository/org/eclipse/jetty/jetty-security/9.3.25.v20180904/jetty-security-9.3.25.v20180904.jar
7f9fdf8ac000-7f9fdf8af000 r--s 0001b000 fd:03 289538129                  /home/user/.m2/repository/org/eclipse/jetty/jetty-servlet/9.3.25.v20180904/jetty-servlet-9.3.25.v20180904.jar
7f9fdf8af000-7f9fdf8b6000 r--s 00069000 fd:03 289538138                  /home/user/.m2/repository/org/eclipse/jetty/jetty-util/9.3.25.v20180904/jetty-util-9.3.25.v20180904.jar
7f9fdf8b6000-7f9fdf8ba000 r--s 0001b000 fd:03 289538085                  /home/user/.m2/repository/org/eclipse/jetty/jetty-io/9.3.25.v20180904/jetty-io-9.3.25.v20180904.jar
7f9fdf8ba000-7f9fdf8bd000 r--s 00022000 fd:03 289538076                  /home/user/.m2/repository/org/eclipse/jetty/jetty-http/9.3.25.v20180904/jetty-http-9.3.25.v20180904.jar
7f9fdf8bd000-7f9fdf8c5000 r--s 00078000 fd:03 289538120                  /home/user/.m2/repository/org/eclipse/jetty/jetty-server/9.3.25.v20180904/jetty-server-9.3.25.v20180904.jar
7f9fdf8c5000-7f9fdf8c8000 r--s 00015000 fd:03 289342241                  /home/user/.m2/repository/javax/servlet/javax.servlet-api/3.1.0/javax.servlet-api-3.1.0.jar
7f9fdf8c8000-7f9fdf8d5000 r--s 00083000 fd:03 289278100                  /home/user/.m2/repository/commons-collections/commons-collections/3.2.2/commons-collections-3.2.2.jar
7f9fdf8d5000-7f9fdf8db000 r--s 00046000 fd:03 289341628                  /home/user/.m2/repository/commons-net/commons-net/3.6/commons-net-3.6.jar
7f9fdf8db000-7f9fdf8df000 r--s 0002f000 fd:03 289341511                  /home/user/.m2/repository/commons-io/commons-io/2.5/commons-io-2.5.jar
7f9fdf8df000-7f9fdf8e6000 r--s 0004b000 fd:03 289278030                  /home/user/.m2/repository/commons-codec/commons-codec/1.11/commons-codec-1.11.jar
7f9fdf8e6000-7f9fdf8ed000 r--s 00049000 fd:03 289407081                  /home/user/.m2/repository/org/apache/httpcomponents/httpcore/4.4.4/httpcore-4.4.4.jar
7f9fdf8ed000-7f9fdf8fa000 r--s 000a7000 fd:03 289407023                  /home/user/.m2/repository/org/apache/httpcomponents/httpclient/4.5.2/httpclient-4.5.2.jar
7f9fdf8fa000-7f9fdf8fc000 r--s 00009000 fd:03 289278010                  /home/user/.m2/repository/commons-cli/commons-cli/1.2/commons-cli-1.2.jar
7f9fdf8fc000-7f9fdf975000 r--s 007c0000 fd:03 288293932                  /usr/lib/jvm/java-1.8-openjdk/lib/tools.jar
7f9fdf975000-7f9fdf976000 r--s 0000e000 fd:03 289343192                  /home/user/.m2/repository/org/apache/hadoop/hadoop-annotations/3.2.0/hadoop-annotations-3.2.0.jar
7f9fdf976000-7f9fdf9b4000 r--s 003aa000 fd:03 289343222                  /home/user/.m2/repository/org/apache/hadoop/hadoop-common/3.2.0/hadoop-common-3.2.0.jar
7f9fdf9b4000-7f9fdf9b6000 r--s 00002000 fd:03 114243341                  /home/user/.m2/repository/com/github/spotbugs/spotbugs-annotations/3.1.12/spotbugs-annotations-3.1.12.jar
7f9fdf9b6000-7f9fdf9bb000 r--s 00041000 fd:03 289341562                  /home/user/.m2/repository/commons-lang/commons-lang/2.6/commons-lang-2.6.jar
7f9fdf9bb000-7f9fdf9c1000 r--s 00033000 fd:03 289342330                  /home/user/.m2/repository/jaxen/jaxen/1.1.6/jaxen-1.1.6.jar
7f9fdf9c1000-7f9fdf9c6000 r--s 0004b000 fd:03 114243337                  /home/user/.m2/repository/org/dom4j/dom4j/2.1.1/dom4j-2.1.1.jar
7f9fdf9c6000-7f9fdf9c7000 r--s 00000000 fd:03 289342639                  /home/user/.m2/repository/net/jcip/jcip-annotations/1.0/jcip-annotations-1.0.jar
7f9fdf9c7000-7f9fdf9d2000 r--s 0009d000 fd:03 114243336                  /home/user/.m2/repository/org/apache/bcel/bcel/6.3/bcel-6.3.jar
7f9fdf9d2000-7f9fdf9d3000 r--s 00013000 fd:03 114243331                  /home/user/.m2/repository/org/ow2/asm/asm-util/7.0/asm-util-7.0.jar
7f9fdf9d3000-7f9fdf9d5000 r--s 0000b000 fd:03 114243333                  /home/user/.m2/repository/org/ow2/asm/asm-tree/7.0/asm-tree-7.0.jar
7f9fdf9d5000-7f9fdf9d7000 r--s 00012000 fd:03 114243327                  /home/user/.m2/repository/org/ow2/asm/asm-commons/7.0/asm-commons-7.0.jar
7f9fdf9d7000-7f9fdf9d9000 r--s 00007000 fd:03 114243329                  /home/user/.m2/repository/org/ow2/asm/asm-analysis/7.0/asm-analysis-7.0.jar
7f9fdf9d9000-7f9fdf9db000 r--s 0000c000 fd:03 289538914                  /home/user/.m2/repository/org/ow2/asm/asm/5.0.4/asm-5.0.4.jar
7f9fdf9db000-7f9fdfa03000 r--s 00316000 fd:03 114243325                  /home/user/.m2/repository/com/github/spotbugs/spotbugs/3.1.12/spotbugs-3.1.12.jar
7f9fdfa03000-7f9fdfa5b000 r--s 003a7000 fd:03 289473706                  /home/user/.m2/repository/org/bouncycastle/bcprov-jdk15on/1.60/bcprov-jdk15on-1.60.jar
7f9fdfa5b000-7f9fdfa61000 r--s 00045000 fd:03 289538491                  /home/user/.m2/repository/org/hamcrest/hamcrest-all/1.3/hamcrest-all-1.3.jar
7f9fdfa61000-7f9fdfa7e000 r--s 0013e000 fd:03 289538697                  /home/user/.m2/repository/org/mockito/mockito-all/1.8.5/mockito-all-1.8.5.jar
7f9fdfa7e000-7f9fdfa7f000 r--s 00007000 fd:03 289538849                  /home/user/.m2/repository/org/openjdk/jmh/jmh-generator-annprocess/1.19/jmh-generator-annprocess-1.19.jar
7f9fdfa7f000-7f9fdfa9c000 r--s 0016a000 fd:03 289342976                  /home/user/.m2/repository/org/apache/commons/commons-math3/3.1.1/commons-math3-3.1.1.jar
7f9fdfa9c000-7f9fdfa9e000 r--s 0000e000 fd:03 289342675                  /home/user/.m2/repository/net/sf/jopt-simple/jopt-simple/4.6/jopt-simple-4.6.jar
7f9fdfa9e000-7f9fdfaa7000 r--s 00072000 fd:03 289538837                  /home/user/.m2/repository/org/openjdk/jmh/jmh-core/1.19/jmh-core-1.19.jar
7f9fdfaa7000-7f9fdfabe000 r--s 00115000 fd:03 289473612                  /home/user/.m2/repository/org/assertj/assertj-core/3.8.0/assertj-core-3.8.0.jar
7f9fdfabe000-7f9fdfac0000 r--s 00009000 fd:03 289539259                  /home/user/.m2/repository/org/slf4j/slf4j-api/1.7.25/slf4j-api-1.7.25.jar
7f9fdfac0000-7f9fdfac4000 r--s 0001e000 fd:03 289341728                  /home/user/.m2/repository/io/dropwizard/metrics/metrics-core/3.2.4/metrics-core-3.2.4.jar
7f9fdfac4000-7f9fdfac6000 r--s 00009000 fd:03 289538500                  /home/user/.m2/repository/org/hamcrest/hamcrest-core/1.3/hamcrest-core-1.3.jar
7f9fdfac6000-7f9fdfaed000 r--s 00205000 fd:03 289341952                  /home/user/.m2/repository/io/netty/netty-all/4.0.52.Final/netty-all-4.0.52.Final.jar
7f9fdfaed000-7f9fdfaf3000 r--s 0003c000 fd:03 289539776                  /home/user/.m2/repository/org/yaml/snakeyaml/1.16/snakeyaml-1.16.jar
7f9fdfaf3000-7f9fdfaf4000 r--s 00002000 fd:03 289342131                  /home/user/.m2/repository/io/opentracing/opentracing-noop/0.31.0/opentracing-noop-0.31.0.jar
7f9fdfaf4000-7f9fdfaf6000 r--s 00002000 fd:03 289342122                  /home/user/.m2/repository/io/opentracing/opentracing-api/0.31.0/opentracing-api-0.31.0.jar
7f9fdfaf6000-7f9fdfaf7000 r--s 00001000 fd:03 289342140                  /home/user/.m2/repository/io/opentracing/opentracing-util/0.31.0/opentracing-util-0.31.0.jar
7f9fdfaf7000-7f9fdfaf8000 r--s 00001000 fd:03 289342107                  /home/user/.m2/repository/io/opentracing/contrib/opentracing-tracerresolver/0.1.5/opentracing-tracerresolver-0.1.5.jar
7f9fdfaf8000-7f9fdfaf9000 r--s 00000000 fd:03 289341920                  /home/user/.m2/repository/io/jaegertracing/jaeger-tracerresolver/0.34.0/jaeger-tracerresolver-0.34.0.jar
7f9fdfaf9000-7f9fdfafd000 r--s 0001c000 fd:03 289341902                  /home/user/.m2/repository/io/jaegertracing/jaeger-core/0.34.0/jaeger-core-0.34.0.jar
7f9fdfafd000-7f9fdfafe000 r--s 00013000 fd:03 289277772                  /home/user/.m2/repository/com/squareup/okio/okio/1.13.0/okio-1.13.0.jar
7f9fdfafe000-7f9fdfb04000 r--s 0005e000 fd:03 289277756                  /home/user/.m2/repository/com/squareup/okhttp3/okhttp/3.9.0/okhttp-3.9.0.jar
7f9fdfb04000-7f9fdfb0a000 r--s 00037000 fd:03 289473296                  /home/user/.m2/repository/org/apache/thrift/libthrift/0.12.0/libthrift-0.12.0.jar
7f9fdfb0a000-7f9fdfb18000 r--s 0009e000 fd:03 289341911                  /home/user/.m2/repository/io/jaegertracing/jaeger-thrift/0.34.0/jaeger-thrift-0.34.0.jar
7f9fdfb18000-7f9fdfb19000 r--s 00000000 fd:03 289341893                  /home/user/.m2/repository/io/jaegertracing/jaeger-client/0.34.0/jaeger-client-0.34.0.jar
7f9fdfb19000-7f9fdfb1d000 r--s 00020000 fd:03 289341445                  /home/user/.m2/repository/commons-digester/commons-digester/1.8.1/commons-digester-1.8.1.jar
7f9fdfb1d000-7f9fdfb21000 r--s 0002a000 fd:03 289341654                  /home/user/.m2/repository/commons-validator/commons-validator/1.6/commons-validator-1.6.jar
7f9fdfb21000-7f9fdfb34000 r--s 000b0000 fd:03 289473697                  /home/user/.m2/repository/org/bouncycastle/bcpkix-jdk15on/1.60/bcpkix-jdk15on-1.60.jar
7f9fdfb34000-7f9fdfb37000 r--s 0001d000 fd:03 289343105                  /home/user/.m2/repository/org/apache/commons/commons-pool2/2.6.0/commons-pool2-2.6.0.jar
7f9fdfb37000-7f9fdfb3a000 r--s 00012000 fd:03 289277701                  /home/user/.m2/repository/com/lmax/disruptor/3.4.2/disruptor-3.4.2.jar
7f9fdfb3a000-7f9fdfb5a000 r--s 00167000 fd:03 289407316                  /home/user/.m2/repository/org/apache/logging/log4j/log4j-core/2.11.0/log4j-core-2.11.0.jar
7f9fdfb5a000-7f9fdfb60000 r--s 0003b000 fd:03 289407307                  /home/user/.m2/repository/org/apache/logging/log4j/log4j-api/2.11.0/log4j-api-2.11.0.jar
7f9fdfb60000-7f9fdfb65000 r--s 00c4f000 fd:03 289539197                  /home/user/.m2/repository/org/rocksdb/rocksdbjni/6.0.1/rocksdbjni-6.0.1.jar
7f9fdfb65000-7f9fdfb67000 r--s 00019000 fd:03 24194292                   /home/user/.m2/repository/org/apache/ratis/ratis-grpc/0.5.0-201fc85-SNAPSHOT/ratis-grpc-0.5.0-201fc85-SNAPSHOT.jar
7f9fdfb67000-7f9fdfb69000 r--s 00007000 fd:03 24194291                   /home/user/.m2/repository/org/apache/ratis/ratis-netty/0.5.0-201fc85-SNAPSHOT/ratis-netty-0.5.0-201fc85-SNAPSHOT.jar
7f9fdfb69000-7f9fdfb6b000 r--s 00009000 fd:03 289341706                  /home/user/.m2/repository/info/ganglia/gmetric4j/gmetric4j/1.0.7/gmetric4j-1.0.7.jar
7f9fdfb6b000-7f9fdfb6c000 r--s 00002000 fd:03 289341737                  /home/user/.m2/repository/io/dropwizard/metrics/metrics-ganglia/3.2.5/metrics-ganglia-3.2.5.jar
7f9fdfb6c000-7f9fdfb6e000 r--s 00008000 fd:03 289341746                  /home/user/.m2/repository/io/dropwizard/metrics/metrics-jvm/3.2.5/metrics-jvm-3.2.5.jar
7f9fdfb6e000-7f9fdfb7c000 r--s 0010d000 fd:03 24194278                   /home/user/.m2/repository/org/apache/ratis/ratis-proto/0.5.0-201fc85-SNAPSHOT/ratis-proto-0.5.0-201fc85-SNAPSHOT.jar
7f9fdfb7c000-7f9fdfc56000 r--s 00cc8000 fd:03 289473232                  /home/user/.m2/repository/org/apache/ratis/ratis-thirdparty-misc/0.2.0/ratis-thirdparty-misc-0.2.0.jar
7f9fdfc56000-7f9fdfc59000 ---p 00000000 00:00 0 
7f9fdfc59000-7f9fdfd57000 rw-p 00000000 00:00 0 
7f9fdfd57000-7f9fdff5e000 r-xp 00000000 fd:03 288293755                  /usr/lib/jvm/java-1.8-openjdk/jre/lib/amd64/libmanagement.so
7f9fdff5e000-7f9fdff5f000 r--p 00007000 fd:03 288293755                  /usr/lib/jvm/java-1.8-openjdk/jre/lib/amd64/libmanagement.so
7f9fdff5f000-7f9fdff60000 rw-p 00008000 fd:03 288293755                  /usr/lib/jvm/java-1.8-openjdk/jre/lib/amd64/libmanagement.so
7f9fdff60000-7f9fdff63000 ---p 00000000 00:00 0 
7f9fdff63000-7f9fe0061000 rw-p 00000000 00:00 0 
7f9fe0061000-7f9fe0062000 ---p 00000000 00:00 0 
7f9fe0062000-7f9fe0163000 rw-p 00000000 00:00 0 
7f9fe0163000-7f9fe0166000 ---p 00000000 00:00 0 
7f9fe0166000-7f9fe0264000 rw-p 00000000 00:00 0 
7f9fe0264000-7f9fe0265000 ---p 00000000 00:00 0 
7f9fe0265000-7f9fe0268000 ---p 00000000 00:00 0 
7f9fe0268000-7f9fe0366000 rw-p 00000000 00:00 0 
7f9fe0366000-7f9fe0367000 ---p 00000000 00:00 0 
7f9fe0367000-7f9fe036a000 ---p 00000000 00:00 0 
7f9fe036a000-7f9fe0468000 rw-p 00000000 00:00 0 
7f9fe0468000-7f9fe046b000 ---p 00000000 00:00 0 
7f9fe046b000-7f9fe0569000 rw-p 00000000 00:00 0 
7f9fe0569000-7f9fe056c000 ---p 00000000 00:00 0 
7f9fe056c000-7f9fe066a000 rw-p 00000000 00:00 0 
7f9fe066a000-7f9fe066d000 ---p 00000000 00:00 0 
7f9fe066d000-7f9fe076b000 rw-p 00000000 00:00 0 
7f9fe076b000-7f9fe076c000 ---p 00000000 00:00 0 
7f9fe076c000-7f9fe1176000 rw-p 00000000 00:00 0 
7f9fe1176000-7f9fe1346000 r--s 01f56000 fd:03 288293825                  /usr/lib/jvm/java-1.8-openjdk/jre/lib/rt.jar
7f9fe1346000-7f9fe5fbc000 rw-p 00000000 00:00 0 
7f9fe5fbc000-7f9fe5fbd000 ---p 00000000 00:00 0 
7f9fe5fbd000-7f9fe60be000 rw-p 00000000 00:00 0 
7f9fe60be000-7f9fe60bf000 ---p 00000000 00:00 0 
7f9fe60bf000-7f9fe636f000 rw-p 00000000 00:00 0 
7f9fe636f000-7f9fe646b000 ---p 00000000 00:00 0 
7f9fe646b000-7f9fe661a000 rw-p 00000000 00:00 0 
7f9fe661a000-7f9fe6715000 ---p 00000000 00:00 0 
7f9fe6715000-7f9fe6882000 rw-p 00000000 00:00 0 
7f9fe6882000-7f9fe6c2c000 ---p 00000000 00:00 0 
7f9fe6c2c000-7f9fe71ac000 rwxp 00000000 00:00 0 
7f9fe71ac000-7f9ff5c2c000 ---p 00000000 00:00 0 
7f9ff5c2c000-7f9ff5e33000 r-xp 00000000 fd:03 288293764                  /usr/lib/jvm/java-1.8-openjdk/jre/lib/amd64/libzip.so
7f9ff5e33000-7f9ff5e34000 r--p 00007000 fd:03 288293764                  /usr/lib/jvm/java-1.8-openjdk/jre/lib/amd64/libzip.so
7f9ff5e34000-7f9ff5e35000 rw-p 00008000 fd:03 288293764                  /usr/lib/jvm/java-1.8-openjdk/jre/lib/amd64/libzip.so
7f9ff5e35000-7f9ff6060000 r-xp 00000000 fd:03 288293745                  /usr/lib/jvm/java-1.8-openjdk/jre/lib/amd64/libjava.so
7f9ff6060000-7f9ff6061000 r--p 0002b000 fd:03 288293745                  /usr/lib/jvm/java-1.8-openjdk/jre/lib/amd64/libjava.so
7f9ff6061000-7f9ff6062000 rw-p 0002c000 fd:03 288293745                  /usr/lib/jvm/java-1.8-openjdk/jre/lib/amd64/libjava.so
7f9ff6062000-7f9ff6063000 rw-p 00000000 00:00 0 
7f9ff6063000-7f9ff626f000 r-xp 00000000 fd:03 288293763                  /usr/lib/jvm/java-1.8-openjdk/jre/lib/amd64/libverify.so
7f9ff626f000-7f9ff6271000 r--p 0000c000 fd:03 288293763                  /usr/lib/jvm/java-1.8-openjdk/jre/lib/amd64/libverify.so
7f9ff6271000-7f9ff6272000 rw-p 0000e000 fd:03 288293763                  /usr/lib/jvm/java-1.8-openjdk/jre/lib/amd64/libverify.so
7f9ff6272000-7f9ff6482000 r-xp 00000000 fd:03 288294014                  /usr/lib/libgcc_s.so.1
7f9ff6482000-7f9ff6483000 r--p 00010000 fd:03 288294014                  /usr/lib/libgcc_s.so.1
7f9ff6483000-7f9ff6484000 rw-p 00011000 fd:03 288294014                  /usr/lib/libgcc_s.so.1
7f9ff6484000-7f9ff67c5000 r-xp 00000000 fd:03 288294289                  /usr/lib/libstdc++.so.6.0.22
7f9ff67c5000-7f9ff67d3000 r--p 00141000 fd:03 288294289                  /usr/lib/libstdc++.so.6.0.22
7f9ff67d3000-7f9ff67d4000 rw-p 0014f000 fd:03 288294289                  /usr/lib/libstdc++.so.6.0.22
7f9ff67d4000-7f9ff67d7000 rw-p 00000000 00:00 0 
7f9ff67d7000-7f9ff71ab000 r-xp 00000000 fd:03 288293768                  /usr/lib/jvm/java-1.8-openjdk/jre/lib/amd64/server/libjvm.so
7f9ff71ab000-7f9ff7241000 r--p 007d4000 fd:03 288293768                  /usr/lib/jvm/java-1.8-openjdk/jre/lib/amd64/server/libjvm.so
7f9ff7241000-7f9ff7269000 rw-p 0086a000 fd:03 288293768                  /usr/lib/jvm/java-1.8-openjdk/jre/lib/amd64/server/libjvm.so
7f9ff7269000-7f9ff729a000 rw-p 00000000 00:00 0 
7f9ff729a000-7f9ff74af000 r-xp 00000000 fd:03 132383751                  /lib/libz.so.1.2.11
7f9ff74af000-7f9ff74b0000 r--p 00015000 fd:03 132383751                  /lib/libz.so.1.2.11
7f9ff74b0000-7f9ff74b1000 rw-p 00016000 fd:03 132383751                  /lib/libz.so.1.2.11
7f9ff74b1000-7f9ff76bd000 r-xp 00000000 fd:03 288293729                  /usr/lib/jvm/java-1.8-openjdk/jre/lib/amd64/jli/libjli.so
7f9ff76bd000-7f9ff76be000 r--p 0000c000 fd:03 288293729                  /usr/lib/jvm/java-1.8-openjdk/jre/lib/amd64/jli/libjli.so
7f9ff76be000-7f9ff76bf000 rw-p 0000d000 fd:03 288293729                  /usr/lib/jvm/java-1.8-openjdk/jre/lib/amd64/jli/libjli.so
7f9ff76bf000-7f9ff774c000 r-xp 00000000 fd:03 288227753                  /lib/ld-musl-x86_64.so.1
7f9ff774c000-7f9ff774d000 r--s 00003000 fd:03 289277218                  /home/user/.m2/repository/com/github/joshelser/dropwizard-metrics-hadoop-metrics2-reporter/0.1.2/dropwizard-metrics-hadoop-metrics2-reporter-0.1.2.jar
7f9ff774d000-7f9ff774e000 r--s 00006000 fd:03 24194290                   /home/user/.m2/repository/org/apache/ratis/ratis-metrics/0.5.0-201fc85-SNAPSHOT/ratis-metrics-0.5.0-201fc85-SNAPSHOT.jar
7f9ff774e000-7f9ff7750000 r--s 0000c000 fd:03 24194289                   /home/user/.m2/repository/org/apache/ratis/ratis-client/0.5.0-201fc85-SNAPSHOT/ratis-client-0.5.0-201fc85-SNAPSHOT.jar
7f9ff7750000-7f9ff7755000 r--s 0003a000 fd:03 24194280                   /home/user/.m2/repository/org/apache/ratis/ratis-common/0.5.0-201fc85-SNAPSHOT/ratis-common-0.5.0-201fc85-SNAPSHOT.jar
7f9ff7755000-7f9ff775a000 r--s 00053000 fd:03 24194276                   /home/user/.m2/repository/org/apache/ratis/ratis-server/0.5.0-201fc85-SNAPSHOT/ratis-server-0.5.0-201fc85-SNAPSHOT.jar
7f9ff775a000-7f9ff775d000 r--s 000fd000 fd:03 289538227                  /home/user/.m2/repository/org/fusesource/leveldbjni/leveldbjni-all/1.8/leveldbjni-all-1.8.jar
7f9ff775d000-7f9ff775f000 r--s 00005000 fd:03 289342180                  /home/user/.m2/repository/javax/annotation/javax.annotation-api/1.2/javax.annotation-api-1.2.jar
7f9ff775f000-7f9ff7761000 r--s 00002000 fd:03 289472921                  /home/user/.m2/repository/org/apache/maven/surefire/surefire-logger-api/3.0.0-M1/surefire-logger-api-3.0.0-M1.jar
7f9ff7761000-7f9ff7766000 r--s 00027000 fd:03 289472903                  /home/user/.m2/repository/org/apache/maven/surefire/surefire-api/3.0.0-M1/surefire-api-3.0.0-M1.jar
7f9ff7766000-7f9ff776c000 r--s 00047000 fd:03 289472912                  /home/user/.m2/repository/org/apache/maven/surefire/surefire-booter/3.0.0-M1/surefire-booter-3.0.0-M1.jar
7f9ff776c000-7f9ff776d000 r--s 00004000 fd:05 4195177                    /workdir/hadoop-hdds/server-scm/target/surefire/surefirebooter720792837071402139.jar
7f9ff776d000-7f9ff776e000 r--s 00000000 fd:03 132383687                  /etc/localtime
7f9ff776e000-7f9ff783f000 rw-p 00000000 00:00 0 
7f9ff783f000-7f9ff7847000 rw-s 00000000 fd:03 24194293                   /tmp/hsperfdata_jenkins1000/7596
7f9ff7847000-7f9ff7848000 rw-p 00000000 00:00 0 
7f9ff7848000-7f9ff7849000 r--p 00000000 00:00 0 
7f9ff7849000-7f9ff784b000 ---p 00000000 00:00 0 
7f9ff784b000-7f9ff784e000 ---p 00000000 00:00 0 
7f9ff784e000-7f9ff794c000 rw-p 00000000 00:00 0 
7f9ff794c000-7f9ff794d000 r--p 0008d000 fd:03 288227753                  /lib/ld-musl-x86_64.so.1
7f9ff794d000-7f9ff794e000 rw-p 0008e000 fd:03 288227753                  /lib/ld-musl-x86_64.so.1
7f9ff794e000-7f9ff7951000 rw-p 00000000 00:00 0 
7ffd68528000-7ffd6854a000 rw-p 00000000 00:00 0                          [stack]
7ffd68581000-7ffd68583000 r-xp 00000000 00:00 0                          [vdso]
ffffffffff600000-ffffffffff601000 r-xp 00000000 00:00 0                  [vsyscall]

VM Arguments:
jvm_args: -Xmx2048m -XX:+HeapDumpOnOutOfMemoryError 
java_command: /workdir/hadoop-hdds/server-scm/target/surefire/surefirebooter720792837071402139.jar /workdir/hadoop-hdds/server-scm/target/surefire 2019-10-10T18-30-24_906-jvmRun1 surefire5091319561752511481tmp surefire_738348533567944046727tmp
java_class_path (initial): /workdir/hadoop-hdds/server-scm/target/surefire/surefirebooter720792837071402139.jar
Launcher Type: SUN_STANDARD

Environment Variables:
PATH=/usr/local/sbin:/usr/local/bin:/usr/sbin:/usr/bin:/sbin:/bin:/opt/findbugs/bin:/opt/blockade/bin
LD_LIBRARY_PATH=/usr/lib/jvm/java-1.8-openjdk/jre/lib/amd64/server:/usr/lib/jvm/java-1.8-openjdk/jre/lib/amd64:/usr/lib/jvm/java-1.8-openjdk/jre/../lib/amd64:/workdir/hadoop-hdds/server-scm/target/native/target/usr/local/lib:/workdir/hadoop-hdds/server-scm/../../hadoop-common-project/hadoop-common/target/native/target/usr/local/lib
DYLD_LIBRARY_PATH=${env.DYLD_LIBRARY_PATH}:/workdir/hadoop-hdds/server-scm/target/native/target/usr/local/lib:/workdir/hadoop-hdds/server-scm/../../hadoop-common-project/hadoop-common/target/native/target/usr/local/lib

Signal Handlers:
SIGSEGV: [libjvm.so+0x600fd2], sa_mask[0]=11111111011111111101111111111110, sa_flags=SA_RESTART|SA_SIGINFO
SIGBUS: [libjvm.so+0x600fd2], sa_mask[0]=11111111011111111101111111111110, sa_flags=SA_RESTART|SA_SIGINFO
SIGFPE: [libjvm.so+0x539502], sa_mask[0]=11111111011111111101111111111110, sa_flags=SA_RESTART|SA_SIGINFO
SIGPIPE: [libjvm.so+0x539502], sa_mask[0]=11111111011111111101111111111110, sa_flags=SA_RESTART|SA_SIGINFO
SIGXFSZ: [libjvm.so+0x539502], sa_mask[0]=11111111011111111101111111111110, sa_flags=SA_RESTART|SA_SIGINFO
SIGILL: [libjvm.so+0x539502], sa_mask[0]=11111111011111111101111111111110, sa_flags=SA_RESTART|SA_SIGINFO
SIGUSR1: SIG_DFL, sa_mask[0]=00000000000000000000000000000000, sa_flags=none
SIGUSR2: [libjvm.so+0x5396a1], sa_mask[0]=00100000000000000000000000000000, sa_flags=SA_RESTART|SA_SIGINFO
SIGHUP: [libjvm.so+0x53b719], sa_mask[0]=11111111011111111101111111111110, sa_flags=SA_RESTART|SA_SIGINFO
SIGINT: [libjvm.so+0x53b719], sa_mask[0]=11111111011111111101111111111110, sa_flags=SA_RESTART|SA_SIGINFO
SIGTERM: [libjvm.so+0x53b719], sa_mask[0]=11111111011111111101111111111110, sa_flags=SA_RESTART|SA_SIGINFO
SIGQUIT: [libjvm.so+0x53b719], sa_mask[0]=11111111011111111101111111111110, sa_flags=SA_RESTART|SA_SIGINFO


---------------  S Y S T E M  ---------------

OS:NAME="Alpine Linux"
ID=alpine
VERSION_ID=3.8.2
PRETTY_NAME="Alpine Linux v3.8"
HOME_URL="http://alpinelinux.org"
BUG_REPORT_URL="http://bugs.alpinelinux.org"

uname:Linux 3.10.0-957.12.2.el7.x86_64 #1 SMP Tue May 14 21:24:32 UTC 2019 x86_64
libc:glibc 2.9 NPTL 
rlimit: STACK 8192k, CORE infinity, NPROC 1048576, NOFILE 1048576, AS infinity
load average:4.27 5.82 6.35

/proc/meminfo:
MemTotal:       263864176 kB
MemFree:          964344 kB
MemAvailable:   240808240 kB
Buffers:        22257160 kB
Cached:         185811220 kB
SwapCached:            0 kB
Active:         148154216 kB
Inactive:       73285964 kB
Active(anon):   16112988 kB
Inactive(anon):  2068504 kB
Active(file):   132041228 kB
Inactive(file): 71217460 kB
Unevictable:       13856 kB
Mlocked:           13856 kB
SwapTotal:             0 kB
SwapFree:              0 kB
Dirty:              1356 kB
Writeback:             4 kB
AnonPages:      13389656 kB
Mapped:           376852 kB
Shmem:           4805604 kB
Slab:           39549320 kB
SReclaimable:   37469300 kB
SUnreclaim:      2080020 kB
KernelStack:       71904 kB
PageTables:        61188 kB
NFS_Unstable:          0 kB
Bounce:                0 kB
WritebackTmp:          0 kB
CommitLimit:    131932088 kB
Committed_AS:   60408464 kB
VmallocTotal:   34359738367 kB
VmallocUsed:      735776 kB
VmallocChunk:   34224619976 kB
HardwareCorrupted:     0 kB
AnonHugePages:   4182016 kB
CmaTotal:              0 kB
CmaFree:               0 kB
HugePages_Total:       0
HugePages_Free:        0
HugePages_Rsvd:        0
HugePages_Surp:        0
Hugepagesize:       2048 kB
DirectMap4k:      324344 kB
DirectMap2M:    10053632 kB
DirectMap1G:    260046848 kB

container (cgroup) information:
container_type: cgroupv1
cpu_cpuset_cpus: 0-31
cpu_memory_nodes: 0-1
active_processor_count: 2
cpu_quota: -1
cpu_period: 100000
cpu_shares: 2048
memory_limit_in_bytes: -1
memory_and_swap_limit_in_bytes: -1
memory_soft_limit_in_bytes: -1
memory_usage_in_bytes: 5881630720
memory_max_usage_in_bytes: 6202638336


CPU:total 32 (initial active 2) (8 cores per cpu, 2 threads per core) family 6 model 63 stepping 2, cmov, cx8, fxsr, mmx, sse, sse2, sse3, ssse3, sse4.1, sse4.2, popcnt, avx, avx2, aes, clmul, erms, lzcnt, ht, tsc, tscinvbit, bmi1, bmi2

/proc/cpuinfo:
processor	: 0
vendor_id	: GenuineIntel
cpu family	: 6
model		: 63
model name	: Intel(R) Xeon(R) CPU E5-2630 v3 @ 2.40GHz
stepping	: 2
microcode	: 0x43
cpu MHz		: 2400.000
cache size	: 20480 KB
physical id	: 0
siblings	: 16
core id		: 0
cpu cores	: 8
apicid		: 0
initial apicid	: 0
fpu		: yes
fpu_exception	: yes
cpuid level	: 15
wp		: yes
flags		: fpu vme de pse tsc msr pae mce cx8 apic sep mtrr pge mca cmov pat pse36 clflush dts acpi mmx fxsr sse sse2 ss ht tm pbe syscall nx pdpe1gb rdtscp lm constant_tsc arch_perfmon pebs bts rep_good nopl xtopology nonstop_tsc aperfmperf eagerfpu pni pclmulqdq dtes64 monitor ds_cpl vmx smx est tm2 ssse3 sdbg fma cx16 xtpr pdcm pcid dca sse4_1 sse4_2 x2apic movbe popcnt tsc_deadline_timer aes xsave avx f16c rdrand lahf_lm abm epb intel_ppin ssbd ibrs ibpb stibp tpr_shadow vnmi flexpriority ept vpid fsgsbase tsc_adjust bmi1 avx2 smep bmi2 erms invpcid cqm xsaveopt cqm_llc cqm_occup_llc dtherm ida arat pln pts md_clear spec_ctrl intel_stibp flush_l1d
bogomips	: 4788.52
clflush size	: 64
cache_alignment	: 64
address sizes	: 46 bits physical, 48 bits virtual
power management:

processor	: 1
vendor_id	: GenuineIntel
cpu family	: 6
model		: 63
model name	: Intel(R) Xeon(R) CPU E5-2630 v3 @ 2.40GHz
stepping	: 2
microcode	: 0x43
cpu MHz		: 1832.080
cache size	: 20480 KB
physical id	: 0
siblings	: 16
core id		: 1
cpu cores	: 8
apicid		: 2
initial apicid	: 2
fpu		: yes
fpu_exception	: yes
cpuid level	: 15
wp		: yes
flags		: fpu vme de pse tsc msr pae mce cx8 apic sep mtrr pge mca cmov pat pse36 clflush dts acpi mmx fxsr sse sse2 ss ht tm pbe syscall nx pdpe1gb rdtscp lm constant_tsc arch_perfmon pebs bts rep_good nopl xtopology nonstop_tsc aperfmperf eagerfpu pni pclmulqdq dtes64 monitor ds_cpl vmx smx est tm2 ssse3 sdbg fma cx16 xtpr pdcm pcid dca sse4_1 sse4_2 x2apic movbe popcnt tsc_deadline_timer aes xsave avx f16c rdrand lahf_lm abm epb intel_ppin ssbd ibrs ibpb stibp tpr_shadow vnmi flexpriority ept vpid fsgsbase tsc_adjust bmi1 avx2 smep bmi2 erms invpcid cqm xsaveopt cqm_llc cqm_occup_llc dtherm ida arat pln pts md_clear spec_ctrl intel_stibp flush_l1d
bogomips	: 4788.52
clflush size	: 64
cache_alignment	: 64
address sizes	: 46 bits physical, 48 bits virtual
power management:

processor	: 2
vendor_id	: GenuineIntel
cpu family	: 6
model		: 63
model name	: Intel(R) Xeon(R) CPU E5-2630 v3 @ 2.40GHz
stepping	: 2
microcode	: 0x43
cpu MHz		: 1989.111
cache size	: 20480 KB
physical id	: 0
siblings	: 16
core id		: 2
cpu cores	: 8
apicid		: 4
initial apicid	: 4
fpu		: yes
fpu_exception	: yes
cpuid level	: 15
wp		: yes
flags		: fpu vme de pse tsc msr pae mce cx8 apic sep mtrr pge mca cmov pat pse36 clflush dts acpi mmx fxsr sse sse2 ss ht tm pbe syscall nx pdpe1gb rdtscp lm constant_tsc arch_perfmon pebs bts rep_good nopl xtopology nonstop_tsc aperfmperf eagerfpu pni pclmulqdq dtes64 monitor ds_cpl vmx smx est tm2 ssse3 sdbg fma cx16 xtpr pdcm pcid dca sse4_1 sse4_2 x2apic movbe popcnt tsc_deadline_timer aes xsave avx f16c rdrand lahf_lm abm epb intel_ppin ssbd ibrs ibpb stibp tpr_shadow vnmi flexpriority ept vpid fsgsbase tsc_adjust bmi1 avx2 smep bmi2 erms invpcid cqm xsaveopt cqm_llc cqm_occup_llc dtherm ida arat pln pts md_clear spec_ctrl intel_stibp flush_l1d
bogomips	: 4788.52
clflush size	: 64
cache_alignment	: 64
address sizes	: 46 bits physical, 48 bits virtual
power management:

processor	: 3
vendor_id	: GenuineIntel
cpu family	: 6
model		: 63
model name	: Intel(R) Xeon(R) CPU E5-2630 v3 @ 2.40GHz
stepping	: 2
microcode	: 0x43
cpu MHz		: 2400.000
cache size	: 20480 KB
physical id	: 0
siblings	: 16
core id		: 3
cpu cores	: 8
apicid		: 6
initial apicid	: 6
fpu		: yes
fpu_exception	: yes
cpuid level	: 15
wp		: yes
flags		: fpu vme de pse tsc msr pae mce cx8 apic sep mtrr pge mca cmov pat pse36 clflush dts acpi mmx fxsr sse sse2 ss ht tm pbe syscall nx pdpe1gb rdtscp lm constant_tsc arch_perfmon pebs bts rep_good nopl xtopology nonstop_tsc aperfmperf eagerfpu pni pclmulqdq dtes64 monitor ds_cpl vmx smx est tm2 ssse3 sdbg fma cx16 xtpr pdcm pcid dca sse4_1 sse4_2 x2apic movbe popcnt tsc_deadline_timer aes xsave avx f16c rdrand lahf_lm abm epb intel_ppin ssbd ibrs ibpb stibp tpr_shadow vnmi flexpriority ept vpid fsgsbase tsc_adjust bmi1 avx2 smep bmi2 erms invpcid cqm xsaveopt cqm_llc cqm_occup_llc dtherm ida arat pln pts md_clear spec_ctrl intel_stibp flush_l1d
bogomips	: 4788.52
clflush size	: 64
cache_alignment	: 64
address sizes	: 46 bits physical, 48 bits virtual
power management:

processor	: 4
vendor_id	: GenuineIntel
cpu family	: 6
model		: 63
model name	: Intel(R) Xeon(R) CPU E5-2630 v3 @ 2.40GHz
stepping	: 2
microcode	: 0x43
cpu MHz		: 1599.902
cache size	: 20480 KB
physical id	: 0
siblings	: 16
core id		: 4
cpu cores	: 8
apicid		: 8
initial apicid	: 8
fpu		: yes
fpu_exception	: yes
cpuid level	: 15
wp		: yes
flags		: fpu vme de pse tsc msr pae mce cx8 apic sep mtrr pge mca cmov pat pse36 clflush dts acpi mmx fxsr sse sse2 ss ht tm pbe syscall nx pdpe1gb rdtscp lm constant_tsc arch_perfmon pebs bts rep_good nopl xtopology nonstop_tsc aperfmperf eagerfpu pni pclmulqdq dtes64 monitor ds_cpl vmx smx est tm2 ssse3 sdbg fma cx16 xtpr pdcm pcid dca sse4_1 sse4_2 x2apic movbe popcnt tsc_deadline_timer aes xsave avx f16c rdrand lahf_lm abm epb intel_ppin ssbd ibrs ibpb stibp tpr_shadow vnmi flexpriority ept vpid fsgsbase tsc_adjust bmi1 avx2 smep bmi2 erms invpcid cqm xsaveopt cqm_llc cqm_occup_llc dtherm ida arat pln pts md_clear spec_ctrl intel_stibp flush_l1d
bogomips	: 4788.52
clflush size	: 64
cache_alignment	: 64
address sizes	: 46 bits physical, 48 bits virtual
power management:

processor	: 5
vendor_id	: GenuineIntel
cpu family	: 6
model		: 63
model name	: Intel(R) Xeon(R) CPU E5-2630 v3 @ 2.40GHz
stepping	: 2
microcode	: 0x43
cpu MHz		: 1699.511
cache size	: 20480 KB
physical id	: 0
siblings	: 16
core id		: 5
cpu cores	: 8
apicid		: 10
initial apicid	: 10
fpu		: yes
fpu_exception	: yes
cpuid level	: 15
wp		: yes
flags		: fpu vme de pse tsc msr pae mce cx8 apic sep mtrr pge mca cmov pat pse36 clflush dts acpi mmx fxsr sse sse2 ss ht tm pbe syscall nx pdpe1gb rdtscp lm constant_tsc arch_perfmon pebs bts rep_good nopl xtopology nonstop_tsc aperfmperf eagerfpu pni pclmulqdq dtes64 monitor ds_cpl vmx smx est tm2 ssse3 sdbg fma cx16 xtpr pdcm pcid dca sse4_1 sse4_2 x2apic movbe popcnt tsc_deadline_timer aes xsave avx f16c rdrand lahf_lm abm epb intel_ppin ssbd ibrs ibpb stibp tpr_shadow vnmi flexpriority ept vpid fsgsbase tsc_adjust bmi1 avx2 smep bmi2 erms invpcid cqm xsaveopt cqm_llc cqm_occup_llc dtherm ida arat pln pts md_clear spec_ctrl intel_stibp flush_l1d
bogomips	: 4788.52
clflush size	: 64
cache_alignment	: 64
address sizes	: 46 bits physical, 48 bits virtual
power management:

processor	: 6
vendor_id	: GenuineIntel
cpu family	: 6
model		: 63
model name	: Intel(R) Xeon(R) CPU E5-2630 v3 @ 2.40GHz
stepping	: 2
microcode	: 0x43
cpu MHz		: 2400.000
cache size	: 20480 KB
physical id	: 0
siblings	: 16
core id		: 6
cpu cores	: 8
apicid		: 12
initial apicid	: 12
fpu		: yes
fpu_exception	: yes
cpuid level	: 15
wp		: yes
flags		: fpu vme de pse tsc msr pae mce cx8 apic sep mtrr pge mca cmov pat pse36 clflush dts acpi mmx fxsr sse sse2 ss ht tm pbe syscall nx pdpe1gb rdtscp lm constant_tsc arch_perfmon pebs bts rep_good nopl xtopology nonstop_tsc aperfmperf eagerfpu pni pclmulqdq dtes64 monitor ds_cpl vmx smx est tm2 ssse3 sdbg fma cx16 xtpr pdcm pcid dca sse4_1 sse4_2 x2apic movbe popcnt tsc_deadline_timer aes xsave avx f16c rdrand lahf_lm abm epb intel_ppin ssbd ibrs ibpb stibp tpr_shadow vnmi flexpriority ept vpid fsgsbase tsc_adjust bmi1 avx2 smep bmi2 erms invpcid cqm xsaveopt cqm_llc cqm_occup_llc dtherm ida arat pln pts md_clear spec_ctrl intel_stibp flush_l1d
bogomips	: 4788.52
clflush size	: 64
cache_alignment	: 64
address sizes	: 46 bits physical, 48 bits virtual
power management:

processor	: 7
vendor_id	: GenuineIntel
cpu family	: 6
model		: 63
model name	: Intel(R) Xeon(R) CPU E5-2630 v3 @ 2.40GHz
stepping	: 2
microcode	: 0x43
cpu MHz		: 2299.804
cache size	: 20480 KB
physical id	: 0
siblings	: 16
core id		: 7
cpu cores	: 8
apicid		: 14
initial apicid	: 14
fpu		: yes
fpu_exception	: yes
cpuid level	: 15
wp		: yes
flags		: fpu vme de pse tsc msr pae mce cx8 apic sep mtrr pge mca cmov pat pse36 clflush dts acpi mmx fxsr sse sse2 ss ht tm pbe syscall nx pdpe1gb rdtscp lm constant_tsc arch_perfmon pebs bts rep_good nopl xtopology nonstop_tsc aperfmperf eagerfpu pni pclmulqdq dtes64 monitor ds_cpl vmx smx est tm2 ssse3 sdbg fma cx16 xtpr pdcm pcid dca sse4_1 sse4_2 x2apic movbe popcnt tsc_deadline_timer aes xsave avx f16c rdrand lahf_lm abm epb intel_ppin ssbd ibrs ibpb stibp tpr_shadow vnmi flexpriority ept vpid fsgsbase tsc_adjust bmi1 avx2 smep bmi2 erms invpcid cqm xsaveopt cqm_llc cqm_occup_llc dtherm ida arat pln pts md_clear spec_ctrl intel_stibp flush_l1d
bogomips	: 4788.52
clflush size	: 64
cache_alignment	: 64
address sizes	: 46 bits physical, 48 bits virtual
power management:

processor	: 8
vendor_id	: GenuineIntel
cpu family	: 6
model		: 63
model name	: Intel(R) Xeon(R) CPU E5-2630 v3 @ 2.40GHz
stepping	: 2
microcode	: 0x43
cpu MHz		: 1381.933
cache size	: 20480 KB
physical id	: 1
siblings	: 16
core id		: 0
cpu cores	: 8
apicid		: 16
initial apicid	: 16
fpu		: yes
fpu_exception	: yes
cpuid level	: 15
wp		: yes
flags		: fpu vme de pse tsc msr pae mce cx8 apic sep mtrr pge mca cmov pat pse36 clflush dts acpi mmx fxsr sse sse2 ss ht tm pbe syscall nx pdpe1gb rdtscp lm constant_tsc arch_perfmon pebs bts rep_good nopl xtopology nonstop_tsc aperfmperf eagerfpu pni pclmulqdq dtes64 monitor ds_cpl vmx smx est tm2 ssse3 sdbg fma cx16 xtpr pdcm pcid dca sse4_1 sse4_2 x2apic movbe popcnt tsc_deadline_timer aes xsave avx f16c rdrand lahf_lm abm epb intel_ppin ssbd ibrs ibpb stibp tpr_shadow vnmi flexpriority ept vpid fsgsbase tsc_adjust bmi1 avx2 smep bmi2 erms invpcid cqm xsaveopt cqm_llc cqm_occup_llc dtherm ida arat pln pts md_clear spec_ctrl intel_stibp flush_l1d
bogomips	: 4794.04
clflush size	: 64
cache_alignment	: 64
address sizes	: 46 bits physical, 48 bits virtual
power management:

processor	: 9
vendor_id	: GenuineIntel
cpu family	: 6
model		: 63
model name	: Intel(R) Xeon(R) CPU E5-2630 v3 @ 2.40GHz
stepping	: 2
microcode	: 0x43
cpu MHz		: 1498.535
cache size	: 20480 KB
physical id	: 1
siblings	: 16
core id		: 1
cpu cores	: 8
apicid		: 18
initial apicid	: 18
fpu		: yes
fpu_exception	: yes
cpuid level	: 15
wp		: yes
flags		: fpu vme de pse tsc msr pae mce cx8 apic sep mtrr pge mca cmov pat pse36 clflush dts acpi mmx fxsr sse sse2 ss ht tm pbe syscall nx pdpe1gb rdtscp lm constant_tsc arch_perfmon pebs bts rep_good nopl xtopology nonstop_tsc aperfmperf eagerfpu pni pclmulqdq dtes64 monitor ds_cpl vmx smx est tm2 ssse3 sdbg fma cx16 xtpr pdcm pcid dca sse4_1 sse4_2 x2apic movbe popcnt tsc_deadline_timer aes xsave avx f16c rdrand lahf_lm abm epb intel_ppin ssbd ibrs ibpb stibp tpr_shadow vnmi flexpriority ept vpid fsgsbase tsc_adjust bmi1 avx2 smep bmi2 erms invpcid cqm xsaveopt cqm_llc cqm_occup_llc dtherm ida arat pln pts md_clear spec_ctrl intel_stibp flush_l1d
bogomips	: 4794.04
clflush size	: 64
cache_alignment	: 64
address sizes	: 46 bits physical, 48 bits virtual
power management:

processor	: 10
vendor_id	: GenuineIntel
cpu family	: 6
model		: 63
model name	: Intel(R) Xeon(R) CPU E5-2630 v3 @ 2.40GHz
stepping	: 2
microcode	: 0x43
cpu MHz		: 1292.431
cache size	: 20480 KB
physical id	: 1
siblings	: 16
core id		: 2
cpu cores	: 8
apicid		: 20
initial apicid	: 20
fpu		: yes
fpu_exception	: yes
cpuid level	: 15
wp		: yes
flags		: fpu vme de pse tsc msr pae mce cx8 apic sep mtrr pge mca cmov pat pse36 clflush dts acpi mmx fxsr sse sse2 ss ht tm pbe syscall nx pdpe1gb rdtscp lm constant_tsc arch_perfmon pebs bts rep_good nopl xtopology nonstop_tsc aperfmperf eagerfpu pni pclmulqdq dtes64 monitor ds_cpl vmx smx est tm2 ssse3 sdbg fma cx16 xtpr pdcm pcid dca sse4_1 sse4_2 x2apic movbe popcnt tsc_deadline_timer aes xsave avx f16c rdrand lahf_lm abm epb intel_ppin ssbd ibrs ibpb stibp tpr_shadow vnmi flexpriority ept vpid fsgsbase tsc_adjust bmi1 avx2 smep bmi2 erms invpcid cqm xsaveopt cqm_llc cqm_occup_llc dtherm ida arat pln pts md_clear spec_ctrl intel_stibp flush_l1d
bogomips	: 4794.04
clflush size	: 64
cache_alignment	: 64
address sizes	: 46 bits physical, 48 bits virtual
power management:

processor	: 11
vendor_id	: GenuineIntel
cpu family	: 6
model		: 63
model name	: Intel(R) Xeon(R) CPU E5-2630 v3 @ 2.40GHz
stepping	: 2
microcode	: 0x43
cpu MHz		: 1305.029
cache size	: 20480 KB
physical id	: 1
siblings	: 16
core id		: 3
cpu cores	: 8
apicid		: 22
initial apicid	: 22
fpu		: yes
fpu_exception	: yes
cpuid level	: 15
wp		: yes
flags		: fpu vme de pse tsc msr pae mce cx8 apic sep mtrr pge mca cmov pat pse36 clflush dts acpi mmx fxsr sse sse2 ss ht tm pbe syscall nx pdpe1gb rdtscp lm constant_tsc arch_perfmon pebs bts rep_good nopl xtopology nonstop_tsc aperfmperf eagerfpu pni pclmulqdq dtes64 monitor ds_cpl vmx smx est tm2 ssse3 sdbg fma cx16 xtpr pdcm pcid dca sse4_1 sse4_2 x2apic movbe popcnt tsc_deadline_timer aes xsave avx f16c rdrand lahf_lm abm epb intel_ppin ssbd ibrs ibpb stibp tpr_shadow vnmi flexpriority ept vpid fsgsbase tsc_adjust bmi1 avx2 smep bmi2 erms invpcid cqm xsaveopt cqm_llc cqm_occup_llc dtherm ida arat pln pts md_clear spec_ctrl intel_stibp flush_l1d
bogomips	: 4794.04
clflush size	: 64
cache_alignment	: 64
address sizes	: 46 bits physical, 48 bits virtual
power management:

processor	: 12
vendor_id	: GenuineIntel
cpu family	: 6
model		: 63
model name	: Intel(R) Xeon(R) CPU E5-2630 v3 @ 2.40GHz
stepping	: 2
microcode	: 0x43
cpu MHz		: 1560.058
cache size	: 20480 KB
physical id	: 1
siblings	: 16
core id		: 4
cpu cores	: 8
apicid		: 24
initial apicid	: 24
fpu		: yes
fpu_exception	: yes
cpuid level	: 15
wp		: yes
flags		: fpu vme de pse tsc msr pae mce cx8 apic sep mtrr pge mca cmov pat pse36 clflush dts acpi mmx fxsr sse sse2 ss ht tm pbe syscall nx pdpe1gb rdtscp lm constant_tsc arch_perfmon pebs bts rep_good nopl xtopology nonstop_tsc aperfmperf eagerfpu pni pclmulqdq dtes64 monitor ds_cpl vmx smx est tm2 ssse3 sdbg fma cx16 xtpr pdcm pcid dca sse4_1 sse4_2 x2apic movbe popcnt tsc_deadline_timer aes xsave avx f16c rdrand lahf_lm abm epb intel_ppin ssbd ibrs ibpb stibp tpr_shadow vnmi flexpriority ept vpid fsgsbase tsc_adjust bmi1 avx2 smep bmi2 erms invpcid cqm xsaveopt cqm_llc cqm_occup_llc dtherm ida arat pln pts md_clear spec_ctrl intel_stibp flush_l1d
bogomips	: 4794.04
clflush size	: 64
cache_alignment	: 64
address sizes	: 46 bits physical, 48 bits virtual
power management:

processor	: 13
vendor_id	: GenuineIntel
cpu family	: 6
model		: 63
model name	: Intel(R) Xeon(R) CPU E5-2630 v3 @ 2.40GHz
stepping	: 2
microcode	: 0x43
cpu MHz		: 1675.341
cache size	: 20480 KB
physical id	: 1
siblings	: 16
core id		: 5
cpu cores	: 8
apicid		: 26
initial apicid	: 26
fpu		: yes
fpu_exception	: yes
cpuid level	: 15
wp		: yes
flags		: fpu vme de pse tsc msr pae mce cx8 apic sep mtrr pge mca cmov pat pse36 clflush dts acpi mmx fxsr sse sse2 ss ht tm pbe syscall nx pdpe1gb rdtscp lm constant_tsc arch_perfmon pebs bts rep_good nopl xtopology nonstop_tsc aperfmperf eagerfpu pni pclmulqdq dtes64 monitor ds_cpl vmx smx est tm2 ssse3 sdbg fma cx16 xtpr pdcm pcid dca sse4_1 sse4_2 x2apic movbe popcnt tsc_deadline_timer aes xsave avx f16c rdrand lahf_lm abm epb intel_ppin ssbd ibrs ibpb stibp tpr_shadow vnmi flexpriority ept vpid fsgsbase tsc_adjust bmi1 avx2 smep bmi2 erms invpcid cqm xsaveopt cqm_llc cqm_occup_llc dtherm ida arat pln pts md_clear spec_ctrl intel_stibp flush_l1d
bogomips	: 4794.04
clflush size	: 64
cache_alignment	: 64
address sizes	: 46 bits physical, 48 bits virtual
power management:

processor	: 14
vendor_id	: GenuineIntel
cpu family	: 6
model		: 63
model name	: Intel(R) Xeon(R) CPU E5-2630 v3 @ 2.40GHz
stepping	: 2
microcode	: 0x43
cpu MHz		: 1999.804
cache size	: 20480 KB
physical id	: 1
siblings	: 16
core id		: 6
cpu cores	: 8
apicid		: 28
initial apicid	: 28
fpu		: yes
fpu_exception	: yes
cpuid level	: 15
wp		: yes
flags		: fpu vme de pse tsc msr pae mce cx8 apic sep mtrr pge mca cmov pat pse36 clflush dts acpi mmx fxsr sse sse2 ss ht tm pbe syscall nx pdpe1gb rdtscp lm constant_tsc arch_perfmon pebs bts rep_good nopl xtopology nonstop_tsc aperfmperf eagerfpu pni pclmulqdq dtes64 monitor ds_cpl vmx smx est tm2 ssse3 sdbg fma cx16 xtpr pdcm pcid dca sse4_1 sse4_2 x2apic movbe popcnt tsc_deadline_timer aes xsave avx f16c rdrand lahf_lm abm epb intel_ppin ssbd ibrs ibpb stibp tpr_shadow vnmi flexpriority ept vpid fsgsbase tsc_adjust bmi1 avx2 smep bmi2 erms invpcid cqm xsaveopt cqm_llc cqm_occup_llc dtherm ida arat pln pts md_clear spec_ctrl intel_stibp flush_l1d
bogomips	: 4794.04
clflush size	: 64
cache_alignment	: 64
address sizes	: 46 bits physical, 48 bits virtual
power management:

processor	: 15
vendor_id	: GenuineIntel
cpu family	: 6
model		: 63
model name	: Intel(R) Xeon(R) CPU E5-2630 v3 @ 2.40GHz
stepping	: 2
microcode	: 0x43
cpu MHz		: 1279.980
cache size	: 20480 KB
physical id	: 1
siblings	: 16
core id		: 7
cpu cores	: 8
apicid		: 30
initial apicid	: 30
fpu		: yes
fpu_exception	: yes
cpuid level	: 15
wp		: yes
flags		: fpu vme de pse tsc msr pae mce cx8 apic sep mtrr pge mca cmov pat pse36 clflush dts acpi mmx fxsr sse sse2 ss ht tm pbe syscall nx pdpe1gb rdtscp lm constant_tsc arch_perfmon pebs bts rep_good nopl xtopology nonstop_tsc aperfmperf eagerfpu pni pclmulqdq dtes64 monitor ds_cpl vmx smx est tm2 ssse3 sdbg fma cx16 xtpr pdcm pcid dca sse4_1 sse4_2 x2apic movbe popcnt tsc_deadline_timer aes xsave avx f16c rdrand lahf_lm abm epb intel_ppin ssbd ibrs ibpb stibp tpr_shadow vnmi flexpriority ept vpid fsgsbase tsc_adjust bmi1 avx2 smep bmi2 erms invpcid cqm xsaveopt cqm_llc cqm_occup_llc dtherm ida arat pln pts md_clear spec_ctrl intel_stibp flush_l1d
bogomips	: 4794.04
clflush size	: 64
cache_alignment	: 64
address sizes	: 46 bits physical, 48 bits virtual
power management:

processor	: 16
vendor_id	: GenuineIntel
cpu family	: 6
model		: 63
model name	: Intel(R) Xeon(R) CPU E5-2630 v3 @ 2.40GHz
stepping	: 2
microcode	: 0x43
cpu MHz		: 2400.000
cache size	: 20480 KB
physical id	: 0
siblings	: 16
core id		: 0
cpu cores	: 8
apicid		: 1
initial apicid	: 1
fpu		: yes
fpu_exception	: yes
cpuid level	: 15
wp		: yes
flags		: fpu vme de pse tsc msr pae mce cx8 apic sep mtrr pge mca cmov pat pse36 clflush dts acpi mmx fxsr sse sse2 ss ht tm pbe syscall nx pdpe1gb rdtscp lm constant_tsc arch_perfmon pebs bts rep_good nopl xtopology nonstop_tsc aperfmperf eagerfpu pni pclmulqdq dtes64 monitor ds_cpl vmx smx est tm2 ssse3 sdbg fma cx16 xtpr pdcm pcid dca sse4_1 sse4_2 x2apic movbe popcnt tsc_deadline_timer aes xsave avx f16c rdrand lahf_lm abm epb intel_ppin ssbd ibrs ibpb stibp tpr_shadow vnmi flexpriority ept vpid fsgsbase tsc_adjust bmi1 avx2 smep bmi2 erms invpcid cqm xsaveopt cqm_llc cqm_occup_llc dtherm ida arat pln pts md_clear spec_ctrl intel_stibp flush_l1d
bogomips	: 4788.52
clflush size	: 64
cache_alignment	: 64
address sizes	: 46 bits physical, 48 bits virtual
power management:

processor	: 17
vendor_id	: GenuineIntel
cpu family	: 6
model		: 63
model name	: Intel(R) Xeon(R) CPU E5-2630 v3 @ 2.40GHz
stepping	: 2
microcode	: 0x43
cpu MHz		: 1899.462
cache size	: 20480 KB
physical id	: 0
siblings	: 16
core id		: 1
cpu cores	: 8
apicid		: 3
initial apicid	: 3
fpu		: yes
fpu_exception	: yes
cpuid level	: 15
wp		: yes
flags		: fpu vme de pse tsc msr pae mce cx8 apic sep mtrr pge mca cmov pat pse36 clflush dts acpi mmx fxsr sse sse2 ss ht tm pbe syscall nx pdpe1gb rdtscp lm constant_tsc arch_perfmon pebs bts rep_good nopl xtopology nonstop_tsc aperfmperf eagerfpu pni pclmulqdq dtes64 monitor ds_cpl vmx smx est tm2 ssse3 sdbg fma cx16 xtpr pdcm pcid dca sse4_1 sse4_2 x2apic movbe popcnt tsc_deadline_timer aes xsave avx f16c rdrand lahf_lm abm epb intel_ppin ssbd ibrs ibpb stibp tpr_shadow vnmi flexpriority ept vpid fsgsbase tsc_adjust bmi1 avx2 smep bmi2 erms invpcid cqm xsaveopt cqm_llc cqm_occup_llc dtherm ida arat pln pts md_clear spec_ctrl intel_stibp flush_l1d
bogomips	: 4788.52
clflush size	: 64
cache_alignment	: 64
address sizes	: 46 bits physical, 48 bits virtual
power management:

processor	: 18
vendor_id	: GenuineIntel
cpu family	: 6
model		: 63
model name	: Intel(R) Xeon(R) CPU E5-2630 v3 @ 2.40GHz
stepping	: 2
microcode	: 0x43
cpu MHz		: 1999.951
cache size	: 20480 KB
physical id	: 0
siblings	: 16
core id		: 2
cpu cores	: 8
apicid		: 5
initial apicid	: 5
fpu		: yes
fpu_exception	: yes
cpuid level	: 15
wp		: yes
flags		: fpu vme de pse tsc msr pae mce cx8 apic sep mtrr pge mca cmov pat pse36 clflush dts acpi mmx fxsr sse sse2 ss ht tm pbe syscall nx pdpe1gb rdtscp lm constant_tsc arch_perfmon pebs bts rep_good nopl xtopology nonstop_tsc aperfmperf eagerfpu pni pclmulqdq dtes64 monitor ds_cpl vmx smx est tm2 ssse3 sdbg fma cx16 xtpr pdcm pcid dca sse4_1 sse4_2 x2apic movbe popcnt tsc_deadline_timer aes xsave avx f16c rdrand lahf_lm abm epb intel_ppin ssbd ibrs ibpb stibp tpr_shadow vnmi flexpriority ept vpid fsgsbase tsc_adjust bmi1 avx2 smep bmi2 erms invpcid cqm xsaveopt cqm_llc cqm_occup_llc dtherm ida arat pln pts md_clear spec_ctrl intel_stibp flush_l1d
bogomips	: 4788.52
clflush size	: 64
cache_alignment	: 64
address sizes	: 46 bits physical, 48 bits virtual
power management:

processor	: 19
vendor_id	: GenuineIntel
cpu family	: 6
model		: 63
model name	: Intel(R) Xeon(R) CPU E5-2630 v3 @ 2.40GHz
stepping	: 2
microcode	: 0x43
cpu MHz		: 2399.853
cache size	: 20480 KB
physical id	: 0
siblings	: 16
core id		: 3
cpu cores	: 8
apicid		: 7
initial apicid	: 7
fpu		: yes
fpu_exception	: yes
cpuid level	: 15
wp		: yes
flags		: fpu vme de pse tsc msr pae mce cx8 apic sep mtrr pge mca cmov pat pse36 clflush dts acpi mmx fxsr sse sse2 ss ht tm pbe syscall nx pdpe1gb rdtscp lm constant_tsc arch_perfmon pebs bts rep_good nopl xtopology nonstop_tsc aperfmperf eagerfpu pni pclmulqdq dtes64 monitor ds_cpl vmx smx est tm2 ssse3 sdbg fma cx16 xtpr pdcm pcid dca sse4_1 sse4_2 x2apic movbe popcnt tsc_deadline_timer aes xsave avx f16c rdrand lahf_lm abm epb intel_ppin ssbd ibrs ibpb stibp tpr_shadow vnmi flexpriority ept vpid fsgsbase tsc_adjust bmi1 avx2 smep bmi2 erms invpcid cqm xsaveopt cqm_llc cqm_occup_llc dtherm ida arat pln pts md_clear spec_ctrl intel_stibp flush_l1d
bogomips	: 4788.52
clflush size	: 64
cache_alignment	: 64
address sizes	: 46 bits physical, 48 bits virtual
power management:

processor	: 20
vendor_id	: GenuineIntel
cpu family	: 6
model		: 63
model name	: Intel(R) Xeon(R) CPU E5-2630 v3 @ 2.40GHz
stepping	: 2
microcode	: 0x43
cpu MHz		: 1497.509
cache size	: 20480 KB
physical id	: 0
siblings	: 16
core id		: 4
cpu cores	: 8
apicid		: 9
initial apicid	: 9
fpu		: yes
fpu_exception	: yes
cpuid level	: 15
wp		: yes
flags		: fpu vme de pse tsc msr pae mce cx8 apic sep mtrr pge mca cmov pat pse36 clflush dts acpi mmx fxsr sse sse2 ss ht tm pbe syscall nx pdpe1gb rdtscp lm constant_tsc arch_perfmon pebs bts rep_good nopl xtopology nonstop_tsc aperfmperf eagerfpu pni pclmulqdq dtes64 monitor ds_cpl vmx smx est tm2 ssse3 sdbg fma cx16 xtpr pdcm pcid dca sse4_1 sse4_2 x2apic movbe popcnt tsc_deadline_timer aes xsave avx f16c rdrand lahf_lm abm epb intel_ppin ssbd ibrs ibpb stibp tpr_shadow vnmi flexpriority ept vpid fsgsbase tsc_adjust bmi1 avx2 smep bmi2 erms invpcid cqm xsaveopt cqm_llc cqm_occup_llc dtherm ida arat pln pts md_clear spec_ctrl intel_stibp flush_l1d
bogomips	: 4788.52
clflush size	: 64
cache_alignment	: 64
address sizes	: 46 bits physical, 48 bits virtual
power management:

processor	: 21
vendor_id	: GenuineIntel
cpu family	: 6
model		: 63
model name	: Intel(R) Xeon(R) CPU E5-2630 v3 @ 2.40GHz
stepping	: 2
microcode	: 0x43
cpu MHz		: 1596.533
cache size	: 20480 KB
physical id	: 0
siblings	: 16
core id		: 5
cpu cores	: 8
apicid		: 11
initial apicid	: 11
fpu		: yes
fpu_exception	: yes
cpuid level	: 15
wp		: yes
flags		: fpu vme de pse tsc msr pae mce cx8 apic sep mtrr pge mca cmov pat pse36 clflush dts acpi mmx fxsr sse sse2 ss ht tm pbe syscall nx pdpe1gb rdtscp lm constant_tsc arch_perfmon pebs bts rep_good nopl xtopology nonstop_tsc aperfmperf eagerfpu pni pclmulqdq dtes64 monitor ds_cpl vmx smx est tm2 ssse3 sdbg fma cx16 xtpr pdcm pcid dca sse4_1 sse4_2 x2apic movbe popcnt tsc_deadline_timer aes xsave avx f16c rdrand lahf_lm abm epb intel_ppin ssbd ibrs ibpb stibp tpr_shadow vnmi flexpriority ept vpid fsgsbase tsc_adjust bmi1 avx2 smep bmi2 erms invpcid cqm xsaveopt cqm_llc cqm_occup_llc dtherm ida arat pln pts md_clear spec_ctrl intel_stibp flush_l1d
bogomips	: 4788.52
clflush size	: 64
cache_alignment	: 64
address sizes	: 46 bits physical, 48 bits virtual
power management:

processor	: 22
vendor_id	: GenuineIntel
cpu family	: 6
model		: 63
model name	: Intel(R) Xeon(R) CPU E5-2630 v3 @ 2.40GHz
stepping	: 2
microcode	: 0x43
cpu MHz		: 2400.000
cache size	: 20480 KB
physical id	: 0
siblings	: 16
core id		: 6
cpu cores	: 8
apicid		: 13
initial apicid	: 13
fpu		: yes
fpu_exception	: yes
cpuid level	: 15
wp		: yes
flags		: fpu vme de pse tsc msr pae mce cx8 apic sep mtrr pge mca cmov pat pse36 clflush dts acpi mmx fxsr sse sse2 ss ht tm pbe syscall nx pdpe1gb rdtscp lm constant_tsc arch_perfmon pebs bts rep_good nopl xtopology nonstop_tsc aperfmperf eagerfpu pni pclmulqdq dtes64 monitor ds_cpl vmx smx est tm2 ssse3 sdbg fma cx16 xtpr pdcm pcid dca sse4_1 sse4_2 x2apic movbe popcnt tsc_deadline_timer aes xsave avx f16c rdrand lahf_lm abm epb intel_ppin ssbd ibrs ibpb stibp tpr_shadow vnmi flexpriority ept vpid fsgsbase tsc_adjust bmi1 avx2 smep bmi2 erms invpcid cqm xsaveopt cqm_llc cqm_occup_llc dtherm ida arat pln pts md_clear spec_ctrl intel_stibp flush_l1d
bogomips	: 4788.52
clflush size	: 64
cache_alignment	: 64
address sizes	: 46 bits physical, 48 bits virtual
power management:

processor	: 23
vendor_id	: GenuineIntel
cpu family	: 6
model		: 63
model name	: Intel(R) Xeon(R) CPU E5-2630 v3 @ 2.40GHz
stepping	: 2
microcode	: 0x43
cpu MHz		: 2192.724
cache size	: 20480 KB
physical id	: 0
siblings	: 16
core id		: 7
cpu cores	: 8
apicid		: 15
initial apicid	: 15
fpu		: yes
fpu_exception	: yes
cpuid level	: 15
wp		: yes
flags		: fpu vme de pse tsc msr pae mce cx8 apic sep mtrr pge mca cmov pat pse36 clflush dts acpi mmx fxsr sse sse2 ss ht tm pbe syscall nx pdpe1gb rdtscp lm constant_tsc arch_perfmon pebs bts rep_good nopl xtopology nonstop_tsc aperfmperf eagerfpu pni pclmulqdq dtes64 monitor ds_cpl vmx smx est tm2 ssse3 sdbg fma cx16 xtpr pdcm pcid dca sse4_1 sse4_2 x2apic movbe popcnt tsc_deadline_timer aes xsave avx f16c rdrand lahf_lm abm epb intel_ppin ssbd ibrs ibpb stibp tpr_shadow vnmi flexpriority ept vpid fsgsbase tsc_adjust bmi1 avx2 smep bmi2 erms invpcid cqm xsaveopt cqm_llc cqm_occup_llc dtherm ida arat pln pts md_clear spec_ctrl intel_stibp flush_l1d
bogomips	: 4788.52
clflush size	: 64
cache_alignment	: 64
address sizes	: 46 bits physical, 48 bits virtual
power management:

processor	: 24
vendor_id	: GenuineIntel
cpu family	: 6
model		: 63
model name	: Intel(R) Xeon(R) CPU E5-2630 v3 @ 2.40GHz
stepping	: 2
microcode	: 0x43
cpu MHz		: 1313.378
cache size	: 20480 KB
physical id	: 1
siblings	: 16
core id		: 0
cpu cores	: 8
apicid		: 17
initial apicid	: 17
fpu		: yes
fpu_exception	: yes
cpuid level	: 15
wp		: yes
flags		: fpu vme de pse tsc msr pae mce cx8 apic sep mtrr pge mca cmov pat pse36 clflush dts acpi mmx fxsr sse sse2 ss ht tm pbe syscall nx pdpe1gb rdtscp lm constant_tsc arch_perfmon pebs bts rep_good nopl xtopology nonstop_tsc aperfmperf eagerfpu pni pclmulqdq dtes64 monitor ds_cpl vmx smx est tm2 ssse3 sdbg fma cx16 xtpr pdcm pcid dca sse4_1 sse4_2 x2apic movbe popcnt tsc_deadline_timer aes xsave avx f16c rdrand lahf_lm abm epb intel_ppin ssbd ibrs ibpb stibp tpr_shadow vnmi flexpriority ept vpid fsgsbase tsc_adjust bmi1 avx2 smep bmi2 erms invpcid cqm xsaveopt cqm_llc cqm_occup_llc dtherm ida arat pln pts md_clear spec_ctrl intel_stibp flush_l1d
bogomips	: 4794.04
clflush size	: 64
cache_alignment	: 64
address sizes	: 46 bits physical, 48 bits virtual
power management:

processor	: 25
vendor_id	: GenuineIntel
cpu family	: 6
model		: 63
model name	: Intel(R) Xeon(R) CPU E5-2630 v3 @ 2.40GHz
stepping	: 2
microcode	: 0x43
cpu MHz		: 1466.894
cache size	: 20480 KB
physical id	: 1
siblings	: 16
core id		: 1
cpu cores	: 8
apicid		: 19
initial apicid	: 19
fpu		: yes
fpu_exception	: yes
cpuid level	: 15
wp		: yes
flags		: fpu vme de pse tsc msr pae mce cx8 apic sep mtrr pge mca cmov pat pse36 clflush dts acpi mmx fxsr sse sse2 ss ht tm pbe syscall nx pdpe1gb rdtscp lm constant_tsc arch_perfmon pebs bts rep_good nopl xtopology nonstop_tsc aperfmperf eagerfpu pni pclmulqdq dtes64 monitor ds_cpl vmx smx est tm2 ssse3 sdbg fma cx16 xtpr pdcm pcid dca sse4_1 sse4_2 x2apic movbe popcnt tsc_deadline_timer aes xsave avx f16c rdrand lahf_lm abm epb intel_ppin ssbd ibrs ibpb stibp tpr_shadow vnmi flexpriority ept vpid fsgsbase tsc_adjust bmi1 avx2 smep bmi2 erms invpcid cqm xsaveopt cqm_llc cqm_occup_llc dtherm ida arat pln pts md_clear spec_ctrl intel_stibp flush_l1d
bogomips	: 4794.04
clflush size	: 64
cache_alignment	: 64
address sizes	: 46 bits physical, 48 bits virtual
power management:

processor	: 26
vendor_id	: GenuineIntel
cpu family	: 6
model		: 63
model name	: Intel(R) Xeon(R) CPU E5-2630 v3 @ 2.40GHz
stepping	: 2
microcode	: 0x43
cpu MHz		: 1221.972
cache size	: 20480 KB
physical id	: 1
siblings	: 16
core id		: 2
cpu cores	: 8
apicid		: 21
initial apicid	: 21
fpu		: yes
fpu_exception	: yes
cpuid level	: 15
wp		: yes
flags		: fpu vme de pse tsc msr pae mce cx8 apic sep mtrr pge mca cmov pat pse36 clflush dts acpi mmx fxsr sse sse2 ss ht tm pbe syscall nx pdpe1gb rdtscp lm constant_tsc arch_perfmon pebs bts rep_good nopl xtopology nonstop_tsc aperfmperf eagerfpu pni pclmulqdq dtes64 monitor ds_cpl vmx smx est tm2 ssse3 sdbg fma cx16 xtpr pdcm pcid dca sse4_1 sse4_2 x2apic movbe popcnt tsc_deadline_timer aes xsave avx f16c rdrand lahf_lm abm epb intel_ppin ssbd ibrs ibpb stibp tpr_shadow vnmi flexpriority ept vpid fsgsbase tsc_adjust bmi1 avx2 smep bmi2 erms invpcid cqm xsaveopt cqm_llc cqm_occup_llc dtherm ida arat pln pts md_clear spec_ctrl intel_stibp flush_l1d
bogomips	: 4794.04
clflush size	: 64
cache_alignment	: 64
address sizes	: 46 bits physical, 48 bits virtual
power management:

processor	: 27
vendor_id	: GenuineIntel
cpu family	: 6
model		: 63
model name	: Intel(R) Xeon(R) CPU E5-2630 v3 @ 2.40GHz
stepping	: 2
microcode	: 0x43
cpu MHz		: 1297.119
cache size	: 20480 KB
physical id	: 1
siblings	: 16
core id		: 3
cpu cores	: 8
apicid		: 23
initial apicid	: 23
fpu		: yes
fpu_exception	: yes
cpuid level	: 15
wp		: yes
flags		: fpu vme de pse tsc msr pae mce cx8 apic sep mtrr pge mca cmov pat pse36 clflush dts acpi mmx fxsr sse sse2 ss ht tm pbe syscall nx pdpe1gb rdtscp lm constant_tsc arch_perfmon pebs bts rep_good nopl xtopology nonstop_tsc aperfmperf eagerfpu pni pclmulqdq dtes64 monitor ds_cpl vmx smx est tm2 ssse3 sdbg fma cx16 xtpr pdcm pcid dca sse4_1 sse4_2 x2apic movbe popcnt tsc_deadline_timer aes xsave avx f16c rdrand lahf_lm abm epb intel_ppin ssbd ibrs ibpb stibp tpr_shadow vnmi flexpriority ept vpid fsgsbase tsc_adjust bmi1 avx2 smep bmi2 erms invpcid cqm xsaveopt cqm_llc cqm_occup_llc dtherm ida arat pln pts md_clear spec_ctrl intel_stibp flush_l1d
bogomips	: 4794.04
clflush size	: 64
cache_alignment	: 64
address sizes	: 46 bits physical, 48 bits virtual
power management:

processor	: 28
vendor_id	: GenuineIntel
cpu family	: 6
model		: 63
model name	: Intel(R) Xeon(R) CPU E5-2630 v3 @ 2.40GHz
stepping	: 2
microcode	: 0x43
cpu MHz		: 2391.210
cache size	: 20480 KB
physical id	: 1
siblings	: 16
core id		: 4
cpu cores	: 8
apicid		: 25
initial apicid	: 25
fpu		: yes
fpu_exception	: yes
cpuid level	: 15
wp		: yes
flags		: fpu vme de pse tsc msr pae mce cx8 apic sep mtrr pge mca cmov pat pse36 clflush dts acpi mmx fxsr sse sse2 ss ht tm pbe syscall nx pdpe1gb rdtscp lm constant_tsc arch_perfmon pebs bts rep_good nopl xtopology nonstop_tsc aperfmperf eagerfpu pni pclmulqdq dtes64 monitor ds_cpl vmx smx est tm2 ssse3 sdbg fma cx16 xtpr pdcm pcid dca sse4_1 sse4_2 x2apic movbe popcnt tsc_deadline_timer aes xsave avx f16c rdrand lahf_lm abm epb intel_ppin ssbd ibrs ibpb stibp tpr_shadow vnmi flexpriority ept vpid fsgsbase tsc_adjust bmi1 avx2 smep bmi2 erms invpcid cqm xsaveopt cqm_llc cqm_occup_llc dtherm ida arat pln pts md_clear spec_ctrl intel_stibp flush_l1d
bogomips	: 4794.04
clflush size	: 64
cache_alignment	: 64
address sizes	: 46 bits physical, 48 bits virtual
power management:

processor	: 29
vendor_id	: GenuineIntel
cpu family	: 6
model		: 63
model name	: Intel(R) Xeon(R) CPU E5-2630 v3 @ 2.40GHz
stepping	: 2
microcode	: 0x43
cpu MHz		: 1744.189
cache size	: 20480 KB
physical id	: 1
siblings	: 16
core id		: 5
cpu cores	: 8
apicid		: 27
initial apicid	: 27
fpu		: yes
fpu_exception	: yes
cpuid level	: 15
wp		: yes
flags		: fpu vme de pse tsc msr pae mce cx8 apic sep mtrr pge mca cmov pat pse36 clflush dts acpi mmx fxsr sse sse2 ss ht tm pbe syscall nx pdpe1gb rdtscp lm constant_tsc arch_perfmon pebs bts rep_good nopl xtopology nonstop_tsc aperfmperf eagerfpu pni pclmulqdq dtes64 monitor ds_cpl vmx smx est tm2 ssse3 sdbg fma cx16 xtpr pdcm pcid dca sse4_1 sse4_2 x2apic movbe popcnt tsc_deadline_timer aes xsave avx f16c rdrand lahf_lm abm epb intel_ppin ssbd ibrs ibpb stibp tpr_shadow vnmi flexpriority ept vpid fsgsbase tsc_adjust bmi1 avx2 smep bmi2 erms invpcid cqm xsaveopt cqm_llc cqm_occup_llc dtherm ida arat pln pts md_clear spec_ctrl intel_stibp flush_l1d
bogomips	: 4794.04
clflush size	: 64
cache_alignment	: 64
address sizes	: 46 bits physical, 48 bits virtual
power management:

processor	: 30
vendor_id	: GenuineIntel
cpu family	: 6
model		: 63
model name	: Intel(R) Xeon(R) CPU E5-2630 v3 @ 2.40GHz
stepping	: 2
microcode	: 0x43
cpu MHz		: 2059.130
cache size	: 20480 KB
physical id	: 1
siblings	: 16
core id		: 6
cpu cores	: 8
apicid		: 29
initial apicid	: 29
fpu		: yes
fpu_exception	: yes
cpuid level	: 15
wp		: yes
flags		: fpu vme de pse tsc msr pae mce cx8 apic sep mtrr pge mca cmov pat pse36 clflush dts acpi mmx fxsr sse sse2 ss ht tm pbe syscall nx pdpe1gb rdtscp lm constant_tsc arch_perfmon pebs bts rep_good nopl xtopology nonstop_tsc aperfmperf eagerfpu pni pclmulqdq dtes64 monitor ds_cpl vmx smx est tm2 ssse3 sdbg fma cx16 xtpr pdcm pcid dca sse4_1 sse4_2 x2apic movbe popcnt tsc_deadline_timer aes xsave avx f16c rdrand lahf_lm abm epb intel_ppin ssbd ibrs ibpb stibp tpr_shadow vnmi flexpriority ept vpid fsgsbase tsc_adjust bmi1 avx2 smep bmi2 erms invpcid cqm xsaveopt cqm_llc cqm_occup_llc dtherm ida arat pln pts md_clear spec_ctrl intel_stibp flush_l1d
bogomips	: 4794.04
clflush size	: 64
cache_alignment	: 64
address sizes	: 46 bits physical, 48 bits virtual
power management:

processor	: 31
vendor_id	: GenuineIntel
cpu family	: 6
model		: 63
model name	: Intel(R) Xeon(R) CPU E5-2630 v3 @ 2.40GHz
stepping	: 2
microcode	: 0x43
cpu MHz		: 1300.195
cache size	: 20480 KB
physical id	: 1
siblings	: 16
core id		: 7
cpu cores	: 8
apicid		: 31
initial apicid	: 31
fpu		: yes
fpu_exception	: yes
cpuid level	: 15
wp		: yes
flags		: fpu vme de pse tsc msr pae mce cx8 apic sep mtrr pge mca cmov pat pse36 clflush dts acpi mmx fxsr sse sse2 ss ht tm pbe syscall nx pdpe1gb rdtscp lm constant_tsc arch_perfmon pebs bts rep_good nopl xtopology nonstop_tsc aperfmperf eagerfpu pni pclmulqdq dtes64 monitor ds_cpl vmx smx est tm2 ssse3 sdbg fma cx16 xtpr pdcm pcid dca sse4_1 sse4_2 x2apic movbe popcnt tsc_deadline_timer aes xsave avx f16c rdrand lahf_lm abm epb intel_ppin ssbd ibrs ibpb stibp tpr_shadow vnmi flexpriority ept vpid fsgsbase tsc_adjust bmi1 avx2 smep bmi2 erms invpcid cqm xsaveopt cqm_llc cqm_occup_llc dtherm ida arat pln pts md_clear spec_ctrl intel_stibp flush_l1d
bogomips	: 4794.04
clflush size	: 64
cache_alignment	: 64
address sizes	: 46 bits physical, 48 bits virtual
power management:



Memory: 4k page, physical 263864176k(964344k free), swap 0k(0k free)

vm_info: OpenJDK 64-Bit Server VM (25.212-b04) for linux-amd64 JRE (1.8.0_212-b04), built on Aug 12 2019 13:15:31 by "buildozer" with gcc 6.4.0

time: Thu Oct 10 18:37:55 2019
timezone: UTC
elapsed time: 5 seconds (0d 0h 0m 5s)

