#
# A fatal error has been detected by the Java Runtime Environment:
#
#  SIGSEGV (0xb) at pc=0x00007fd0e3c04810, pid=6402, tid=0x00007fd0c6f2aae0
#
# JRE version: OpenJDK Runtime Environment (8.0_212-b04) (build 1.8.0_212-b04)
# Java VM: OpenJDK 64-Bit Server VM (25.212-b04 mixed mode linux-amd64 compressed oops)
# Derivative: IcedTea 3.12.0
# Distribution: Custom build (Mon Aug 12 12:56:32 UTC 2019)
# Problematic frame:
# C  [ld-musl-x86_64.so.1+0x53810]  pthread_setname_np+0x5e
#
# Core dump written. Default location: /workdir/hadoop-hdds/server-scm/core or core.6402
#
# If you would like to submit a bug report, please include
# instructions on how to reproduce the bug and visit:
#   https://icedtea.classpath.org/bugzilla
#

---------------  T H R E A D  ---------------

Current thread is native thread

siginfo: si_signo: 11 (SIGSEGV), si_code: 1 (SEGV_MAPERR), si_addr: 0x0000000000000038

Registers:
RAX=0x00007fd0c6f2aae0, RBX=0x0000000000000022, RCX=0x0000000000000000, RDX=0x0000000000000000
RSP=0x00007fd0c6f2a680, RBP=0x0000000000000000, RSI=0x0000000000000000, RDI=0xfeff73725e73726f
R8 =0x0000000000000000, R9 =0x8080808080808080, R10=0xfefefefefefefeff, R11=0x0000000000000212
R12=0x000056383e251d78, R13=0x000000000000000e, R14=0x00007fd0c6f2aae0, R15=0x00007fd0e3e3dae8
RIP=0x00007fd0e3c04810, EFLAGS=0x0000000000010202, CSGSFS=0x0000000000000033, ERR=0x0000000000000004
  TRAPNO=0x000000000000000e

Top of Stack: (sp=0x00007fd0c6f2a680)
0x00007fd0c6f2a680:   0000000000000000 0000000000000000
0x00007fd0c6f2a690:   0000000000000000 0000000000000000
0x00007fd0c6f2a6a0:   0000000000000000 0000000000000000
0x00007fd0c6f2a6b0:   0000000000000000 000056383e251ca0
0x00007fd0c6f2a6c0:   00007fd0c6f2a710 0000000000000000
0x00007fd0c6f2a6d0:   000056383e251ce0 00007fd0c7c17ec9
0x00007fd0c6f2a6e0:   0000000000000000 000056383e324ac0
0x00007fd0c6f2a6f0:   0000000000000000 00007fd0c6f2a760
0x00007fd0c6f2a700:   00007fd0c6f2aae0 00007fd0e3e3dae8
0x00007fd0c6f2a710:   0000000000000000 00007fd0e2a34f41
0x00007fd0c6f2a720:   0000000000000000 00007fd0c6f2aae0
0x00007fd0c6f2a730:   0000000000000000 00007fd0e3c036c2
0x00007fd0c6f2a740:   0000000000000000 0000000000000000
0x00007fd0c6f2a750:   0000000000017000 00007fd0e3c055b1
0x00007fd0c6f2a760:   0000000000000002 00007fd0c6f2aac0
0x00007fd0c6f2a770:   00007fd0c6f2a790 0000000000000000
0x00007fd0c6f2a780:   0000000000000000 0000000000000000
0x00007fd0c6f2a790:   0000000000000002 0000000000000000
0x00007fd0c6f2a7a0:   0000000000000000 0000000000000000
0x00007fd0c6f2a7b0:   0000000000000000 0000000000000000
0x00007fd0c6f2a7c0:   0000000000000000 0000000000000000
0x00007fd0c6f2a7d0:   0000000000000000 0000000000000000
0x00007fd0c6f2a7e0:   0000000000000000 0000000000000000
0x00007fd0c6f2a7f0:   0000000000000000 0000000000000000
0x00007fd0c6f2a800:   0000000000000000 0000000000000000
0x00007fd0c6f2a810:   0000000000000000 0000000000000000
0x00007fd0c6f2a820:   0000000000000000 0000000000000000
0x00007fd0c6f2a830:   0000000000000000 0000000000000000
0x00007fd0c6f2a840:   0000000000000000 0000000000000000
0x00007fd0c6f2a850:   0000000000000000 0000000000000000
0x00007fd0c6f2a860:   0000000000000000 0000000000000000
0x00007fd0c6f2a870:   0000000000000000 0000000000000000 

Instructions: (pc=0x00007fd0e3c04810)
0x00007fd0e3c047f0:   31 d2 31 c0 4c 89 e6 bf 0f 00 00 00 e8 65 d8 fc
0x00007fd0e3c04800:   ff 85 c0 89 c3 74 7e e8 25 a7 fc ff 8b 18 eb 75
0x00007fd0e3c04810:   8b 4d 38 48 8d 5c 24 0e 48 8d 15 f2 92 03 00 be
0x00007fd0e3c04820:   22 00 00 00 31 c0 48 89 df e8 35 68 ff ff 48 8d 

Register to memory mapping:

RAX=0x00007fd0c6f2aae0 is an unknown value
RBX=0x0000000000000022 is an unknown value
RCX=0x0000000000000000 is an unknown value
RDX=0x0000000000000000 is an unknown value
RSP=0x00007fd0c6f2a680 is an unknown value
RBP=0x0000000000000000 is an unknown value
RSI=0x0000000000000000 is an unknown value
RDI=0xfeff73725e73726f is an unknown value
R8 =0x0000000000000000 is an unknown value
R9 =0x8080808080808080 is an unknown value
R10=0xfefefefefefefeff is an unknown value
R11=0x0000000000000212 is an unknown value
R12=0x000056383e251d78 is an unknown value
R13=0x000000000000000e is an unknown value
R14=0x00007fd0c6f2aae0 is an unknown value
R15=0x00007fd0e3e3dae8: __utc+0x1fff68 in /lib/ld-musl-x86_64.so.1 at 0x00007fd0e3bb1000


Stack: [0x00007fd0c6f16000,0x00007fd0c6f2a760],  sp=0x00007fd0c6f2a680,  free space=81k
Native frames: (J=compiled Java code, j=interpreted, Vv=VM code, C=native code)
C  [ld-musl-x86_64.so.1+0x53810]  pthread_setname_np+0x5e

[error occurred during error reporting (printing native stack), id 0xb]


---------------  P R O C E S S  ---------------

VM state:not at safepoint (normal execution)

VM Mutex/Monitor currently owned by a thread: None

heap address: 0x0000000080000000, size: 2048 MB, Compressed Oops mode: 32-bit
Narrow klass base: 0x0000000000000000, Narrow klass shift: 3
Compressed class space size: 1073741824 Address: 0x0000000100000000

Heap:
 PSYoungGen      total 611840K, used 157440K [0x00000000d5580000, 0x0000000100000000, 0x0000000100000000)
  eden space 524800K, 30% used [0x00000000d5580000,0x00000000def40318,0x00000000f5600000)
  from space 87040K, 0% used [0x00000000fab00000,0x00000000fab00000,0x0000000100000000)
  to   space 87040K, 0% used [0x00000000f5600000,0x00000000f5600000,0x00000000fab00000)
 ParOldGen       total 1398272K, used 0K [0x0000000080000000, 0x00000000d5580000, 0x00000000d5580000)
  object space 1398272K, 0% used [0x0000000080000000,0x0000000080000000,0x00000000d5580000)
 Metaspace       used 16488K, capacity 16670K, committed 17024K, reserved 1064960K
  class space    used 1804K, capacity 1887K, committed 1920K, reserved 1048576K

Card table byte_map: [0x00007fd0d295d000,0x00007fd0d2d5e000] byte_map_base: 0x00007fd0d255d000

Marking Bits: (ParMarkBitMap*) 0x00007fd0e376f200
 Begin Bits: [0x00007fd0ce4ae000, 0x00007fd0d04ae000)
 End Bits:   [0x00007fd0d04ae000, 0x00007fd0d24ae000)

Polling page: 0x00007fd0e3d3a000

CodeCache: size=245760Kb used=3781Kb max_used=3781Kb free=241978Kb
 bounds [0x00007fd0d311e000, 0x00007fd0d34de000, 0x00007fd0e211e000]
 total_blobs=1489 nmethods=1039 adapters=364
 compilation: enabled

Compilation events (10 events):
Event: 1.433 Thread 0x000056383cdf6000 1032       3       java.lang.invoke.InvokerBytecodeGenerator::isStaticallyNameable (116 bytes)
Event: 1.436 Thread 0x000056383cdf6000 nmethod 1032 0x00007fd0d34ca8d0 code [0x00007fd0d34cac40, 0x00007fd0d34ccbb8]
Event: 1.436 Thread 0x000056383cdf6000 1038       3       jdk.internal.org.objectweb.asm.MethodWriter::visitVarInsn (292 bytes)
Event: 1.437 Thread 0x000056383cdf6000 nmethod 1038 0x00007fd0d34cdb10 code [0x00007fd0d34cdd40, 0x00007fd0d34ce788]
Event: 1.437 Thread 0x000056383cdf6000 1039       3       jdk.internal.org.objectweb.asm.ClassWriter::put122 (15 bytes)
Event: 1.437 Thread 0x000056383cdf6000 nmethod 1039 0x00007fd0d34c2750 code [0x00007fd0d34c28c0, 0x00007fd0d34c2a98]
Event: 1.437 Thread 0x000056383cdf6000 1035       3       java.lang.Class::getEnclosingMethodInfo (21 bytes)
Event: 1.437 Thread 0x000056383cdf6000 nmethod 1035 0x00007fd0d34c2290 code [0x00007fd0d34c2420, 0x00007fd0d34c2678]
Event: 1.437 Thread 0x000056383cdf6000 1037       3       sun.invoke.util.VerifyType::isNullConversion (157 bytes)
Event: 1.439 Thread 0x000056383cdf6000 nmethod 1037 0x00007fd0d34ceb50 code [0x00007fd0d34cee40, 0x00007fd0d34d0e18]

GC Heap History (0 events):
No events

Deoptimization events (8 events):
Event: 0.724 Thread 0x000056383cca2800 Uncommon trap: reason=unstable_if action=reinterpret pc=0x00007fd0d323fe54 method=java.lang.String.indexOf([CII[CIII)I @ 3
Event: 0.731 Thread 0x000056383cca2800 Uncommon trap: reason=unstable_if action=reinterpret pc=0x00007fd0d342022c method=java.lang.StringCoding$StringEncoder.encode([CII)[B @ 20
Event: 1.291 Thread 0x000056383cca2800 Uncommon trap: reason=unstable_if action=reinterpret pc=0x00007fd0d346d8ac method=java.lang.ThreadLocal$ThreadLocalMap.getEntry(Ljava/lang/ThreadLocal;)Ljava/lang/ThreadLocal$ThreadLocalMap$Entry; @ 29
Event: 1.292 Thread 0x000056383cca2800 Uncommon trap: reason=unstable_if action=reinterpret pc=0x00007fd0d346d4ac method=java.lang.ThreadLocal$ThreadLocalMap.getEntry(Ljava/lang/ThreadLocal;)Ljava/lang/ThreadLocal$ThreadLocalMap$Entry; @ 29
Event: 1.359 Thread 0x000056383cca2800 Uncommon trap: reason=range_check action=make_not_entrant pc=0x00007fd0d3433300 method=sun.reflect.generics.parser.SignatureParser.current()C @ 34
Event: 1.363 Thread 0x000056383cca2800 Uncommon trap: reason=class_check action=maybe_recompile pc=0x00007fd0d348b924 method=java.util.HashMap.putVal(ILjava/lang/Object;Ljava/lang/Object;ZZ)Ljava/lang/Object; @ 203
Event: 1.370 Thread 0x000056383cca2800 Uncommon trap: reason=class_check action=maybe_recompile pc=0x00007fd0d348b924 method=java.util.HashMap.putVal(ILjava/lang/Object;Ljava/lang/Object;ZZ)Ljava/lang/Object; @ 203
Event: 1.432 Thread 0x000056383e1ed800 Uncommon trap: reason=unstable_if action=reinterpret pc=0x00007fd0d347ad90 method=java.lang.ThreadLocal.get()Ljava/lang/Object; @ 11

Classes redefined (0 events):
No events

Internal exceptions (10 events):
Event: 0.465 Thread 0x000056383cca2800 Exception <a 'java/lang/ArrayIndexOutOfBoundsException'> (0x00000000d9b4b150) thrown at [/home/buildozer/aports/community/openjdk8/src/icedtea-3.12.0/openjdk/hotspot/src/share/vm/runtime/sharedRuntime.cpp, line 613]
Event: 0.466 Thread 0x000056383cca2800 Exception <a 'java/lang/ArrayIndexOutOfBoundsException'> (0x00000000d9b4e3a0) thrown at [/home/buildozer/aports/community/openjdk8/src/icedtea-3.12.0/openjdk/hotspot/src/share/vm/runtime/sharedRuntime.cpp, line 613]
Event: 0.467 Thread 0x000056383cca2800 Exception <a 'java/lang/ArrayIndexOutOfBoundsException'> (0x00000000d9b507d8) thrown at [/home/buildozer/aports/community/openjdk8/src/icedtea-3.12.0/openjdk/hotspot/src/share/vm/runtime/sharedRuntime.cpp, line 613]
Event: 0.471 Thread 0x000056383cca2800 Exception <a 'java/lang/ClassNotFoundException': org/apache/log4j/LayoutCustomizer> (0x00000000d9b7a588) thrown at [/home/buildozer/aports/community/openjdk8/src/icedtea-3.12.0/openjdk/hotspot/src/share/vm/classfile/systemDictionary.cpp, line 210]
Event: 0.473 Thread 0x000056383cca2800 Exception <a 'java/lang/ClassNotFoundException': org/apache/log4j/PatternLayoutCustomizer> (0x00000000d9bc2db0) thrown at [/home/buildozer/aports/community/openjdk8/src/icedtea-3.12.0/openjdk/hotspot/src/share/vm/classfile/systemDictionary.cpp, line 210]
Event: 0.723 Thread 0x000056383cca2800 Exception <a 'java/io/FileNotFoundException'> (0x00000000db570048) thrown at [/home/buildozer/aports/community/openjdk8/src/icedtea-3.12.0/openjdk/hotspot/src/share/vm/prims/jni.cpp, line 710]
Event: 1.359 Thread 0x000056383cca2800 Exception <a 'java/lang/ArrayIndexOutOfBoundsException': 71> (0x00000000dcf81228) thrown at [/home/buildozer/aports/community/openjdk8/src/icedtea-3.12.0/openjdk/hotspot/src/share/vm/interpreter/interpreterRuntime.cpp, line 371]
Event: 1.359 Thread 0x000056383cca2800 Exception <a 'java/lang/ArrayIndexOutOfBoundsException': 60> (0x00000000dcf826b8) thrown at [/home/buildozer/aports/community/openjdk8/src/icedtea-3.12.0/openjdk/hotspot/src/share/vm/interpreter/interpreterRuntime.cpp, line 371]
Event: 1.360 Thread 0x000056383cca2800 Exception <a 'java/lang/ArrayIndexOutOfBoundsException': 71> (0x00000000dcf83e60) thrown at [/home/buildozer/aports/community/openjdk8/src/icedtea-3.12.0/openjdk/hotspot/src/share/vm/interpreter/interpreterRuntime.cpp, line 371]
Event: 1.431 Thread 0x000056383e1ed800 Implicit null exception at 0x00007fd0d347a6b2 to 0x00007fd0d347ad79

Events (10 events):
Event: 1.415 loading class org/apache/hadoop/hdds/utils/RocksDBStore done
Event: 1.416 loading class org/apache/hadoop/hdds/utils/MetaStoreIterator
Event: 1.416 loading class org/apache/hadoop/hdds/utils/MetaStoreIterator done
Event: 1.429 loading class java/util/function/Predicate
Event: 1.429 loading class java/util/function/Predicate done
Event: 1.431 loading class org/apache/hadoop/util/concurrent/ExecutorHelper
Event: 1.431 loading class org/apache/hadoop/util/concurrent/ExecutorHelper done
Event: 1.431 Thread 0x000056383e1ed800 Uncommon trap: trap_request=0xffffff65 fr.pc=0x00007fd0d347ad90
Event: 1.432 Thread 0x000056383e1ed800 DEOPT PACKING pc=0x00007fd0d347ad90 sp=0x00007fd0c7256de0
Event: 1.432 Thread 0x000056383e1ed800 DEOPT UNPACKING pc=0x00007fd0d316347a sp=0x00007fd0c7256c68 mode 2


Dynamic libraries:
80000000-1001e0000 rw-p 00000000 00:00 0 
1001e0000-140000000 ---p 00000000 00:00 0 
56383bd84000-56383bd85000 r-xp 00000000 fd:03 165024577                  /usr/lib/jvm/java-1.8-openjdk/jre/bin/java
56383bf84000-56383bf85000 r--p 00000000 fd:03 165024577                  /usr/lib/jvm/java-1.8-openjdk/jre/bin/java
56383bf85000-56383bf86000 rw-p 00001000 fd:03 165024577                  /usr/lib/jvm/java-1.8-openjdk/jre/bin/java
56383cc8b000-56383e328000 rw-p 00000000 00:00 0                          [heap]
7fd0c6f14000-7fd0c6f16000 ---p 00000000 00:00 0 
7fd0c6f16000-7fd0c6f2b000 rw-p 00000000 00:00 0 
7fd0c6f2b000-7fd0c6f2d000 ---p 00000000 00:00 0 
7fd0c6f2d000-7fd0c6f42000 rw-p 00000000 00:00 0 
7fd0c6f42000-7fd0c6f44000 ---p 00000000 00:00 0 
7fd0c6f44000-7fd0c7019000 rw-p 00000000 00:00 0 
7fd0c7019000-7fd0c7159000 ---p 00000000 00:00 0 
7fd0c7159000-7fd0c715c000 ---p 00000000 00:00 0 
7fd0c715c000-7fd0c745a000 rw-p 00000000 00:00 0 
7fd0c745a000-7fd0c745c000 ---p 00000000 00:00 0 
7fd0c745c000-7fd0c7471000 rw-p 00000000 00:00 0 
7fd0c7471000-7fd0c7473000 ---p 00000000 00:00 0 
7fd0c7473000-7fd0c7488000 rw-p 00000000 00:00 0 
7fd0c7488000-7fd0c748a000 ---p 00000000 00:00 0 
7fd0c748a000-7fd0c749f000 rw-p 00000000 00:00 0 
7fd0c749f000-7fd0c74a1000 ---p 00000000 00:00 0 
7fd0c74a1000-7fd0c74b6000 rw-p 00000000 00:00 0 
7fd0c74b6000-7fd0c74b8000 ---p 00000000 00:00 0 
7fd0c74b8000-7fd0c74cd000 rw-p 00000000 00:00 0 
7fd0c74cd000-7fd0c74cf000 ---p 00000000 00:00 0 
7fd0c74cf000-7fd0c74e4000 rw-p 00000000 00:00 0 
7fd0c74e4000-7fd0c74e6000 ---p 00000000 00:00 0 
7fd0c74e6000-7fd0c74fb000 rw-p 00000000 00:00 0 
7fd0c74fb000-7fd0c74fd000 ---p 00000000 00:00 0 
7fd0c74fd000-7fd0c7512000 rw-p 00000000 00:00 0 
7fd0c7512000-7fd0c7514000 ---p 00000000 00:00 0 
7fd0c7514000-7fd0c7798000 rw-p 00000000 00:00 0 
7fd0c7798000-7fd0c79be000 r-xp 00000000 fd:03 165089593                  /usr/glibc-compat/lib/ld-2.28.so
7fd0c79be000-7fd0c79bf000 r--p 00026000 fd:03 165089593                  /usr/glibc-compat/lib/ld-2.28.so
7fd0c79bf000-7fd0c79c0000 rw-p 00027000 fd:03 165089593                  /usr/glibc-compat/lib/ld-2.28.so
7fd0c79c0000-7fd0c79c1000 rw-p 00000000 00:00 0 
7fd0c79c1000-7fd0c8259000 r-xp 00000000 fd:03 288162375                  /tmp/librocksdbjni8250137042791388343.so
7fd0c8259000-7fd0c826a000 r--p 00698000 fd:03 288162375                  /tmp/librocksdbjni8250137042791388343.so
7fd0c826a000-7fd0c8273000 rw-p 006a9000 fd:03 288162375                  /tmp/librocksdbjni8250137042791388343.so
7fd0c8273000-7fd0c8479000 rw-p 00000000 00:00 0 
7fd0c8479000-7fd0c868a000 r-xp 00000000 fd:03 165024621                  /usr/lib/jvm/java-1.8-openjdk/jre/lib/amd64/libnio.so
7fd0c868a000-7fd0c868b000 r--p 00011000 fd:03 165024621                  /usr/lib/jvm/java-1.8-openjdk/jre/lib/amd64/libnio.so
7fd0c868b000-7fd0c868c000 rw-p 00012000 fd:03 165024621                  /usr/lib/jvm/java-1.8-openjdk/jre/lib/amd64/libnio.so
7fd0c868c000-7fd0cb68d000 rw-p 00000000 00:00 0 
7fd0cb68d000-7fd0cb8a3000 r-xp 00000000 fd:03 165024620                  /usr/lib/jvm/java-1.8-openjdk/jre/lib/amd64/libnet.so
7fd0cb8a3000-7fd0cb8a4000 r--p 00016000 fd:03 165024620                  /usr/lib/jvm/java-1.8-openjdk/jre/lib/amd64/libnet.so
7fd0cb8a4000-7fd0cb8a5000 rw-p 00017000 fd:03 165024620                  /usr/lib/jvm/java-1.8-openjdk/jre/lib/amd64/libnet.so
7fd0cb8a5000-7fd0cb8a9000 r--s 00058000 fd:03 165024669                  /usr/lib/jvm/java-1.8-openjdk/jre/lib/jsse.jar
7fd0cb8a9000-7fd0cbaa9000 rw-p 00000000 00:00 0 
7fd0cbaa9000-7fd0cbaac000 r--s 00025000 fd:03 165872768                  /home/user/.m2/repository/org/apache/maven/shared/maven-shared-utils/3.1.0/maven-shared-utils-3.1.0.jar
7fd0cbaac000-7fd0cbaaf000 ---p 00000000 00:00 0 
7fd0cbaaf000-7fd0cbae6000 rw-p 00000000 00:00 0 
7fd0cbae6000-7fd0cbae7000 r--s 00006000 fd:03 288436454                  /home/user/.m2/repository/org/apache/maven/surefire/common-junit4/3.0.0-M1/common-junit4-3.0.0-M1.jar
7fd0cbae7000-7fd0cbae8000 r--s 00002000 fd:03 288489703                  /home/user/.m2/repository/org/apache/maven/surefire/common-junit3/3.0.0-M1/common-junit3-3.0.0-M1.jar
7fd0cbae8000-7fd0cbae9000 r--s 00007000 fd:03 288489705                  /home/user/.m2/repository/org/apache/maven/surefire/common-java5/3.0.0-M1/common-java5-3.0.0-M1.jar
7fd0cbae9000-7fd0cbaeb000 r--s 00003000 fd:03 288436281                  /home/user/.m2/repository/org/apache/maven/surefire/surefire-junit4/3.0.0-M1/surefire-junit4-3.0.0-M1.jar
7fd0cbaeb000-7fd0cbaf1000 r--s 00036000 fd:03 165806297                  /home/user/.m2/repository/junit/junit/4.11/junit-4.11.jar
7fd0cbaf1000-7fd0cbb12000 r--s 00172000 fd:03 165741699                  /home/user/.m2/repository/com/google/guava/guava/11.0.2/guava-11.0.2.jar
7fd0cbb12000-7fd0cbb1a000 r--s 0007b000 fd:03 165741815                  /home/user/.m2/repository/com/google/protobuf/protobuf-java/2.5.0/protobuf-java-2.5.0.jar
7fd0cbb1a000-7fd0cbb1f000 r--s 0003c000 fd:03 165742597                  /home/user/.m2/repository/info/picocli/picocli/3.9.6/picocli-3.9.6.jar
7fd0cbb1f000-7fd0cbb53000 r--s 0051e000 fd:03 165807070                  /home/user/.m2/repository/org/apache/hadoop/hadoop-hdfs/3.2.0/hadoop-hdfs-3.2.0-tests.jar
7fd0cbb53000-7fd0cbb7e000 r--s 00297000 fd:03 165807046                  /home/user/.m2/repository/org/apache/hadoop/hadoop-common/3.2.0/hadoop-common-3.2.0-tests.jar
7fd0cbb7e000-7fd0cbb81000 r--s 0000e000 fd:03 165741337                  /home/user/.m2/repository/com/fasterxml/jackson/core/jackson-annotations/2.9.9/jackson-annotations-2.9.9.jar
7fd0cbb81000-7fd0cbbc6000 r--s 00486000 fd:03 165807082                  /home/user/.m2/repository/org/apache/hadoop/hadoop-hdfs-client/3.2.0/hadoop-hdfs-client-3.2.0.jar
7fd0cbbc6000-7fd0cbbdf000 r--s 0012c000 fd:03 165742759                  /home/user/.m2/repository/io/netty/netty/3.10.5.Final/netty-3.10.5.Final.jar
7fd0cbbdf000-7fd0cbbe0000 r--s 00005000 fd:03 165742317                  /home/user/.m2/repository/commons-daemon/commons-daemon/1.0.13/commons-daemon-1.0.13.jar
7fd0cbbe0000-7fd0cbbe2000 r--s 00008000 fd:03 165937458                  /home/user/.m2/repository/org/eclipse/jetty/jetty-util-ajax/9.3.25.v20180904/jetty-util-ajax-9.3.25.v20180904.jar
7fd0cbbe2000-7fd0cbc2a000 r--s 00557000 fd:03 165807073                  /home/user/.m2/repository/org/apache/hadoop/hadoop-hdfs/3.2.0/hadoop-hdfs-3.2.0.jar
7fd0cbc2a000-7fd0cbc2f000 r--s 00047000 fd:03 165742557                  /home/user/.m2/repository/dnsjava/dnsjava/2.1.7/dnsjava-2.1.7.jar
7fd0cbc2f000-7fd0cbc35000 r--s 00078000 fd:03 165741511                  /home/user/.m2/repository/com/fasterxml/woodstox/woodstox-core/5.0.3/woodstox-core-5.0.3.jar
7fd0cbc35000-7fd0cbc39000 r--s 00024000 fd:03 165937343                  /home/user/.m2/repository/org/codehaus/woodstox/stax2-api/3.1.4/stax2-api-3.1.4.jar
7fd0cbc39000-7fd0cbc3d000 r--s 0004c000 fd:03 165741354                  /home/user/.m2/repository/com/fasterxml/jackson/core/jackson-core/2.9.9/jackson-core-2.9.9.jar
7fd0cbc3d000-7fd0cbc50000 r--s 00137000 fd:03 165741371                  /home/user/.m2/repository/com/fasterxml/jackson/core/jackson-databind/2.9.9/jackson-databind-2.9.9.jar
7fd0cbc50000-7fd0cbc52000 r--s 00006000 fd:03 165807481                  /home/user/.m2/repository/org/apache/kerby/kerby-xdr/1.0.1/kerby-xdr-1.0.1.jar
7fd0cbc52000-7fd0cbc53000 r--s 00004000 fd:03 165807385                  /home/user/.m2/repository/org/apache/kerby/kerb-identity/1.0.1/kerb-identity-1.0.1.jar
7fd0cbc53000-7fd0cbc56000 r--s 00012000 fd:03 165807394                  /home/user/.m2/repository/org/apache/kerby/kerb-server/1.0.1/kerb-server-1.0.1.jar
7fd0cbc56000-7fd0cbc59000 r--s 00011000 fd:03 165807340                  /home/user/.m2/repository/org/apache/kerby/kerb-admin/1.0.1/kerb-admin-1.0.1.jar
7fd0cbc59000-7fd0cbc5a000 r--s 00004000 fd:03 165807490                  /home/user/.m2/repository/org/apache/kerby/token-provider/1.0.1/token-provider-1.0.1.jar
7fd0cbc5a000-7fd0cbc5b000 r--s 00008000 fd:03 165807412                  /home/user/.m2/repository/org/apache/kerby/kerb-util/1.0.1/kerb-util-1.0.1.jar
7fd0cbc5b000-7fd0cbc5f000 r--s 00019000 fd:03 165807376                  /home/user/.m2/repository/org/apache/kerby/kerb-crypto/1.0.1/kerb-crypto-1.0.1.jar
7fd0cbc5f000-7fd0cbc61000 r--s 0000e000 fd:03 165807358                  /home/user/.m2/repository/org/apache/kerby/kerb-common/1.0.1/kerb-common-1.0.1.jar
7fd0cbc61000-7fd0cbc62000 r--s 00009000 fd:03 165807472                  /home/user/.m2/repository/org/apache/kerby/kerby-util/1.0.1/kerby-util-1.0.1.jar
7fd0cbc62000-7fd0cbc64000 r--s 00017000 fd:03 165807427                  /home/user/.m2/repository/org/apache/kerby/kerby-asn1/1.0.1/kerby-asn1-1.0.1.jar
7fd0cbc64000-7fd0cbc6b000 r--s 0002b000 fd:03 165807457                  /home/user/.m2/repository/org/apache/kerby/kerby-pkix/1.0.1/kerby-pkix-1.0.1.jar
7fd0cbc6b000-7fd0cbc72000 r--s 00031000 fd:03 165807367                  /home/user/.m2/repository/org/apache/kerby/kerb-core/1.0.1/kerb-core-1.0.1.jar
7fd0cbc72000-7fd0cbc74000 r--s 00006000 fd:03 165807442                  /home/user/.m2/repository/org/apache/kerby/kerby-config/1.0.1/kerby-config-1.0.1.jar
7fd0cbc74000-7fd0cbc77000 r--s 00019000 fd:03 165807349                  /home/user/.m2/repository/org/apache/kerby/kerb-client/1.0.1/kerb-client-1.0.1.jar
7fd0cbc77000-7fd0cbc78000 r--s 00004000 fd:03 165807403                  /home/user/.m2/repository/org/apache/kerby/kerb-simplekdc/1.0.1/kerb-simplekdc-1.0.1.jar
7fd0cbc78000-7fd0cbc7c000 r--s 00014000 fd:03 165938869                  /home/user/.m2/repository/org/tukaani/xz/1.0/xz-1.0.jar
7fd0cbc7c000-7fd0cbc81000 r--s 00036000 fd:03 165806753                  /home/user/.m2/repository/org/apache/commons/commons-compress/1.4.1/commons-compress-1.4.1.jar
7fd0cbc81000-7fd0cbc82000 r--s 00004000 fd:03 165873399                  /home/user/.m2/repository/org/apache/yetus/audience-annotations/0.5.0/audience-annotations-0.5.0.jar
7fd0cbc82000-7fd0cbc84000 r--s 00014000 fd:03 165806253                  /home/user/.m2/repository/jline/jline/0.9.94/jline-0.9.94.jar
7fd0cbc84000-7fd0cbc91000 r--s 000d1000 fd:03 165873415                  /home/user/.m2/repository/org/apache/zookeeper/zookeeper/3.4.13/zookeeper-3.4.13.jar
7fd0cbc91000-7fd0cbcab000 r--s 00155000 fd:03 165807212                  /home/user/.m2/repository/org/apache/htrace/htrace-core4/4.1.0-incubating/htrace-core4-4.1.0-incubating.jar
7fd0cbcab000-7fd0cbcae000 r--s 00006000 fd:03 165741623                  /home/user/.m2/repository/com/google/code/findbugs/jsr305/3.0.0/jsr305-3.0.0.jar
7fd0cbcae000-7fd0cbcb6000 r--s 0003e000 fd:03 165806975                  /home/user/.m2/repository/org/apache/curator/curator-recipes/2.12.0/curator-recipes-2.12.0.jar
7fd0cbcb6000-7fd0cbced000 r--s 00219000 fd:03 165806957                  /home/user/.m2/repository/org/apache/curator/curator-client/2.12.0/curator-client-2.12.0.jar
7fd0cbced000-7fd0cbcf2000 r--s 00040000 fd:03 165741883                  /home/user/.m2/repository/com/jcraft/jsch/0.1.54/jsch-0.1.54.jar
7fd0cbcf2000-7fd0cbcf8000 r--s 0002c000 fd:03 165806966                  /home/user/.m2/repository/org/apache/curator/curator-framework/2.12.0/curator-framework-2.12.0.jar
7fd0cbcf8000-7fd0cbcfa000 r--s 00006000 fd:03 165806485                  /home/user/.m2/repository/net/minidev/accessors-smart/1.2/accessors-smart-1.2.jar
7fd0cbcfa000-7fd0cbcfd000 r--s 0001b000 fd:03 165806494                  /home/user/.m2/repository/net/minidev/json-smart/2.3/json-smart-2.3.jar
7fd0cbcfd000-7fd0cbcff000 r--s 00000000 fd:03 165741559                  /home/user/.m2/repository/com/github/stephenc/jcip/jcip-annotations/1.0-1/jcip-annotations-1.0-1.jar
7fd0cbcff000-7fd0cbd05000 r--s 00044000 fd:03 165741929                  /home/user/.m2/repository/com/nimbusds/nimbus-jose-jwt/4.41.1/nimbus-jose-jwt-4.41.1.jar
7fd0cbd05000-7fd0cbd07000 r--s 00020000 fd:03 165807028                  /home/user/.m2/repository/org/apache/hadoop/hadoop-auth/3.2.0/hadoop-auth-3.2.0.jar
7fd0cbd07000-7fd0cbd0c000 r--s 0002a000 fd:03 165741633                  /home/user/.m2/repository/com/google/code/gson/gson/2.2.4/gson-2.2.4.jar
7fd0cbd0c000-7fd0cbd0e000 r--s 0001e000 fd:03 165741857                  /home/user/.m2/repository/com/google/re2j/re2j/1.1/re2j-1.1.jar
7fd0cbd0e000-7fd0cbd10000 r--s 00130000 fd:03 165938904                  /home/user/.m2/repository/org/xerial/snappy/snappy-java/1.0.5/snappy-java-1.0.5.jar
7fd0cbd10000-7fd0cbd12000 r--s 00006000 fd:03 165742123                  /home/user/.m2/repository/com/thoughtworks/paranamer/paranamer/2.3/paranamer-2.3.jar
7fd0cbd12000-7fd0cbd1b000 r--s 00062000 fd:03 165806715                  /home/user/.m2/repository/org/apache/avro/avro/1.7.7/avro-1.7.7.jar
7fd0cbd1b000-7fd0cbd1c000 r--s 00002000 fd:03 165938508                  /home/user/.m2/repository/org/slf4j/slf4j-log4j12/1.7.25/slf4j-log4j12-1.7.25.jar
7fd0cbd1c000-7fd0cbd20000 r--s 00029000 fd:03 165806941                  /home/user/.m2/repository/org/apache/commons/commons-text/1.4/commons-text-1.4.jar
7fd0cbd20000-7fd0cbd28000 r--s 00072000 fd:03 165806802                  /home/user/.m2/repository/org/apache/commons/commons-lang3/3.7/commons-lang3-3.7.jar
7fd0cbd28000-7fd0cbd34000 r--s 0008b000 fd:03 165806770                  /home/user/.m2/repository/org/apache/commons/commons-configuration2/2.1.1/commons-configuration2-2.1.1.jar
7fd0cbd34000-7fd0cbd39000 r--s 00038000 fd:03 165742176                  /home/user/.m2/repository/commons-beanutils/commons-beanutils/1.9.4/commons-beanutils-1.9.4.jar
7fd0cbd39000-7fd0cbd42000 r--s 0006f000 fd:03 165806333                  /home/user/.m2/repository/log4j/log4j/1.2.17/log4j-1.2.17.jar
7fd0cbd42000-7fd0cbd44000 r--s 0000e000 fd:03 165742484                  /home/user/.m2/repository/commons-logging/commons-logging/1.1.3/commons-logging-1.1.3.jar
7fd0cbd44000-7fd0cbd54000 r--s 0009c000 fd:03 165742056                  /home/user/.m2/repository/com/sun/jersey/jersey-server/1.19/jersey-server-1.19.jar
7fd0cbd54000-7fd0cbd55000 r--s 00006000 fd:03 165873586                  /home/user/.m2/repository/org/codehaus/jackson/jackson-xc/1.9.13/jackson-xc-1.9.13.jar
7fd0cbd55000-7fd0cbd56000 r--s 00004000 fd:03 165873568                  /home/user/.m2/repository/org/codehaus/jackson/jackson-jaxrs/1.9.13/jackson-jaxrs-1.9.13.jar
7fd0cbd56000-7fd0cbd64000 r--s 000b1000 fd:03 165873577                  /home/user/.m2/repository/org/codehaus/jackson/jackson-mapper-asl/1.9.13/jackson-mapper-asl-1.9.13.jar
7fd0cbd64000-7fd0cbd68000 r--s 00035000 fd:03 165873559                  /home/user/.m2/repository/org/codehaus/jackson/jackson-core-asl/1.9.13/jackson-core-asl-1.9.13.jar
7fd0cbd68000-7fd0cbd6b000 r--s 00016000 fd:03 165806209                  /home/user/.m2/repository/javax/xml/bind/jaxb-api/2.2.11/jaxb-api-2.2.11.jar
7fd0cbd6b000-7fd0cbd7e000 r--s 000c7000 fd:03 165742091                  /home/user/.m2/repository/com/sun/xml/bind/jaxb-impl/2.2.3-1/jaxb-impl-2.2.3-1.jar
7fd0cbd7e000-7fd0cbd80000 r--s 0000f000 fd:03 165873596                  /home/user/.m2/repository/org/codehaus/jettison/jettison/1.1/jettison-1.1.jar
7fd0cbd80000-7fd0cbd84000 r--s 00025000 fd:03 165742041                  /home/user/.m2/repository/com/sun/jersey/jersey-json/1.19/jersey-json-1.19.jar
7fd0cbd84000-7fd0cbd88000 r--s 0001c000 fd:03 165742065                  /home/user/.m2/repository/com/sun/jersey/jersey-servlet/1.19/jersey-servlet-1.19.jar
7fd0cbd88000-7fd0cbd8a000 r--s 0000a000 fd:03 165806198                  /home/user/.m2/repository/javax/ws/rs/jsr311-api/1.1.1/jsr311-api-1.1.1.jar
7fd0cbd8a000-7fd0cbd94000 r--s 00061000 fd:03 165742032                  /home/user/.m2/repository/com/sun/jersey/jersey-core/1.19/jersey-core-1.19.jar
7fd0cbd94000-7fd0cbd97000 r--s 00016000 fd:03 165806154                  /home/user/.m2/repository/javax/servlet/jsp/jsp-api/2.1/jsp-api-2.1.jar
7fd0cbd97000-7fd0cbd98000 r--s 0000c000 fd:03 165937476                  /home/user/.m2/repository/org/eclipse/jetty/jetty-xml/9.3.25.v20180904/jetty-xml-9.3.25.v20180904.jar
7fd0cbd98000-7fd0cbd9b000 r--s 0001a000 fd:03 165937467                  /home/user/.m2/repository/org/eclipse/jetty/jetty-webapp/9.3.25.v20180904/jetty-webapp-9.3.25.v20180904.jar
7fd0cbd9b000-7fd0cbd9e000 r--s 00015000 fd:03 165937422                  /home/user/.m2/repository/org/eclipse/jetty/jetty-security/9.3.25.v20180904/jetty-security-9.3.25.v20180904.jar
7fd0cbd9e000-7fd0cbda1000 r--s 0001b000 fd:03 165937440                  /home/user/.m2/repository/org/eclipse/jetty/jetty-servlet/9.3.25.v20180904/jetty-servlet-9.3.25.v20180904.jar
7fd0cbda1000-7fd0cbda8000 r--s 00069000 fd:03 165937449                  /home/user/.m2/repository/org/eclipse/jetty/jetty-util/9.3.25.v20180904/jetty-util-9.3.25.v20180904.jar
7fd0cbda8000-7fd0cbdac000 r--s 0001b000 fd:03 165937396                  /home/user/.m2/repository/org/eclipse/jetty/jetty-io/9.3.25.v20180904/jetty-io-9.3.25.v20180904.jar
7fd0cbdac000-7fd0cbdaf000 r--s 00022000 fd:03 165937387                  /home/user/.m2/repository/org/eclipse/jetty/jetty-http/9.3.25.v20180904/jetty-http-9.3.25.v20180904.jar
7fd0cbdaf000-7fd0cbdb7000 r--s 00078000 fd:03 165937431                  /home/user/.m2/repository/org/eclipse/jetty/jetty-server/9.3.25.v20180904/jetty-server-9.3.25.v20180904.jar
7fd0cbdb7000-7fd0cbdba000 r--s 00015000 fd:03 165806144                  /home/user/.m2/repository/javax/servlet/javax.servlet-api/3.1.0/javax.servlet-api-3.1.0.jar
7fd0cbdba000-7fd0cbdc7000 r--s 00083000 fd:03 165742297                  /home/user/.m2/repository/commons-collections/commons-collections/3.2.2/commons-collections-3.2.2.jar
7fd0cbdc7000-7fd0cbdcd000 r--s 00046000 fd:03 165742509                  /home/user/.m2/repository/commons-net/commons-net/3.6/commons-net-3.6.jar
7fd0cbdcd000-7fd0cbdd1000 r--s 0002f000 fd:03 165742407                  /home/user/.m2/repository/commons-io/commons-io/2.5/commons-io-2.5.jar
7fd0cbdd1000-7fd0cbdd8000 r--s 0004b000 fd:03 165742229                  /home/user/.m2/repository/commons-codec/commons-codec/1.11/commons-codec-1.11.jar
7fd0cbdd8000-7fd0cbddf000 r--s 00049000 fd:03 165807289                  /home/user/.m2/repository/org/apache/httpcomponents/httpcore/4.4.4/httpcore-4.4.4.jar
7fd0cbddf000-7fd0cbdec000 r--s 000a7000 fd:03 165807236                  /home/user/.m2/repository/org/apache/httpcomponents/httpclient/4.5.2/httpclient-4.5.2.jar
7fd0cbdec000-7fd0cbdee000 r--s 00009000 fd:03 165742211                  /home/user/.m2/repository/commons-cli/commons-cli/1.2/commons-cli-1.2.jar
7fd0cbdee000-7fd0cbe67000 r--s 007c0000 fd:03 165024711                  /usr/lib/jvm/java-1.8-openjdk/lib/tools.jar
7fd0cbe67000-7fd0cbe68000 r--s 0000e000 fd:03 165807019                  /home/user/.m2/repository/org/apache/hadoop/hadoop-annotations/3.2.0/hadoop-annotations-3.2.0.jar
7fd0cbe68000-7fd0cbea6000 r--s 003aa000 fd:03 165807049                  /home/user/.m2/repository/org/apache/hadoop/hadoop-common/3.2.0/hadoop-common-3.2.0.jar
7fd0cbea6000-7fd0cbea8000 r--s 00002000 fd:03 288490785                  /home/user/.m2/repository/com/github/spotbugs/spotbugs-annotations/3.1.12/spotbugs-annotations-3.1.12.jar
7fd0cbea8000-7fd0cbead000 r--s 00041000 fd:03 165742443                  /home/user/.m2/repository/commons-lang/commons-lang/2.6/commons-lang-2.6.jar
7fd0cbead000-7fd0cbeb3000 r--s 00033000 fd:03 165806233                  /home/user/.m2/repository/jaxen/jaxen/1.1.6/jaxen-1.1.6.jar
7fd0cbeb3000-7fd0cbeb8000 r--s 0004b000 fd:03 288490783                  /home/user/.m2/repository/org/dom4j/dom4j/2.1.1/dom4j-2.1.1.jar
7fd0cbeb8000-7fd0cbeb9000 r--s 00000000 fd:03 165806475                  /home/user/.m2/repository/net/jcip/jcip-annotations/1.0/jcip-annotations-1.0.jar
7fd0cbeb9000-7fd0cbec4000 r--s 0009d000 fd:03 288490782                  /home/user/.m2/repository/org/apache/bcel/bcel/6.3/bcel-6.3.jar
7fd0cbec4000-7fd0cbec5000 r--s 00013000 fd:03 288490776                  /home/user/.m2/repository/org/ow2/asm/asm-util/7.0/asm-util-7.0.jar
7fd0cbec5000-7fd0cbec7000 r--s 0000b000 fd:03 288490775                  /home/user/.m2/repository/org/ow2/asm/asm-tree/7.0/asm-tree-7.0.jar
7fd0cbec7000-7fd0cbec9000 r--s 00012000 fd:03 288490778                  /home/user/.m2/repository/org/ow2/asm/asm-commons/7.0/asm-commons-7.0.jar
7fd0cbec9000-7fd0cbecb000 r--s 00007000 fd:03 288490779                  /home/user/.m2/repository/org/ow2/asm/asm-analysis/7.0/asm-analysis-7.0.jar
7fd0cbecb000-7fd0cbecd000 r--s 0000c000 fd:03 165938172                  /home/user/.m2/repository/org/ow2/asm/asm/5.0.4/asm-5.0.4.jar
7fd0cbecd000-7fd0cbef5000 r--s 00316000 fd:03 288490777                  /home/user/.m2/repository/com/github/spotbugs/spotbugs/3.1.12/spotbugs-3.1.12.jar
7fd0cbef5000-7fd0cbf4d000 r--s 003a7000 fd:03 165873481                  /home/user/.m2/repository/org/bouncycastle/bcprov-jdk15on/1.60/bcprov-jdk15on-1.60.jar
7fd0cbf4d000-7fd0cbf53000 r--s 00045000 fd:03 165937802                  /home/user/.m2/repository/org/hamcrest/hamcrest-all/1.3/hamcrest-all-1.3.jar
7fd0cbf53000-7fd0cbf70000 r--s 0013e000 fd:03 165937993                  /home/user/.m2/repository/org/mockito/mockito-all/1.8.5/mockito-all-1.8.5.jar
7fd0cbf70000-7fd0cbf71000 r--s 00007000 fd:03 165938110                  /home/user/.m2/repository/org/openjdk/jmh/jmh-generator-annprocess/1.19/jmh-generator-annprocess-1.19.jar
7fd0cbf71000-7fd0cbf8e000 r--s 0016a000 fd:03 165806811                  /home/user/.m2/repository/org/apache/commons/commons-math3/3.1.1/commons-math3-3.1.1.jar
7fd0cbf8e000-7fd0cbf90000 r--s 0000e000 fd:03 165806511                  /home/user/.m2/repository/net/sf/jopt-simple/jopt-simple/4.6/jopt-simple-4.6.jar
7fd0cbf90000-7fd0cbf99000 r--s 00072000 fd:03 165938101                  /home/user/.m2/repository/org/openjdk/jmh/jmh-core/1.19/jmh-core-1.19.jar
7fd0cbf99000-7fd0cbfb0000 r--s 00115000 fd:03 165873440                  /home/user/.m2/repository/org/assertj/assertj-core/3.8.0/assertj-core-3.8.0.jar
7fd0cbfb0000-7fd0cbfb2000 r--s 00009000 fd:03 165938482                  /home/user/.m2/repository/org/slf4j/slf4j-api/1.7.25/slf4j-api-1.7.25.jar
7fd0cbfb2000-7fd0cbfb6000 r--s 0001e000 fd:03 165742609                  /home/user/.m2/repository/io/dropwizard/metrics/metrics-core/3.2.4/metrics-core-3.2.4.jar
7fd0cbfb6000-7fd0cbfb8000 r--s 00009000 fd:03 165937811                  /home/user/.m2/repository/org/hamcrest/hamcrest-core/1.3/hamcrest-core-1.3.jar
7fd0cbfb8000-7fd0cbfdf000 r--s 00205000 fd:03 165742768                  /home/user/.m2/repository/io/netty/netty-all/4.0.52.Final/netty-all-4.0.52.Final.jar
7fd0cbfdf000-7fd0cbfe5000 r--s 0003c000 fd:03 165938933                  /home/user/.m2/repository/org/yaml/snakeyaml/1.16/snakeyaml-1.16.jar
7fd0cbfe5000-7fd0cbfe6000 r--s 00002000 fd:03 165742943                  /home/user/.m2/repository/io/opentracing/opentracing-noop/0.31.0/opentracing-noop-0.31.0.jar
7fd0cbfe6000-7fd0cbfe8000 r--s 00002000 fd:03 165742934                  /home/user/.m2/repository/io/opentracing/opentracing-api/0.31.0/opentracing-api-0.31.0.jar
7fd0cbfe8000-7fd0cbfe9000 r--s 00001000 fd:03 165742952                  /home/user/.m2/repository/io/opentracing/opentracing-util/0.31.0/opentracing-util-0.31.0.jar
7fd0cbfe9000-7fd0cbfea000 r--s 00001000 fd:03 165742919                  /home/user/.m2/repository/io/opentracing/contrib/opentracing-tracerresolver/0.1.5/opentracing-tracerresolver-0.1.5.jar
7fd0cbfea000-7fd0cbfeb000 r--s 00000000 fd:03 165742749                  /home/user/.m2/repository/io/jaegertracing/jaeger-tracerresolver/0.34.0/jaeger-tracerresolver-0.34.0.jar
7fd0cbfeb000-7fd0cbfef000 r--s 0001c000 fd:03 165742731                  /home/user/.m2/repository/io/jaegertracing/jaeger-core/0.34.0/jaeger-core-0.34.0.jar
7fd0cbfef000-7fd0cbff0000 r--s 00013000 fd:03 165741980                  /home/user/.m2/repository/com/squareup/okio/okio/1.13.0/okio-1.13.0.jar
7fd0cbff0000-7fd0cbff6000 r--s 0005e000 fd:03 165741964                  /home/user/.m2/repository/com/squareup/okhttp3/okhttp/3.9.0/okhttp-3.9.0.jar
7fd0cbff6000-7fd0cbffc000 r--s 00037000 fd:03 165873180                  /home/user/.m2/repository/org/apache/thrift/libthrift/0.12.0/libthrift-0.12.0.jar
7fd0cbffc000-7fd0cc00a000 r--s 0009e000 fd:03 165742740                  /home/user/.m2/repository/io/jaegertracing/jaeger-thrift/0.34.0/jaeger-thrift-0.34.0.jar
7fd0cc00a000-7fd0cc00b000 r--s 00000000 fd:03 165742722                  /home/user/.m2/repository/io/jaegertracing/jaeger-client/0.34.0/jaeger-client-0.34.0.jar
7fd0cc00b000-7fd0cc00f000 r--s 00020000 fd:03 165742343                  /home/user/.m2/repository/commons-digester/commons-digester/1.8.1/commons-digester-1.8.1.jar
7fd0cc00f000-7fd0cc013000 r--s 0002a000 fd:03 165742535                  /home/user/.m2/repository/commons-validator/commons-validator/1.6/commons-validator-1.6.jar
7fd0cc013000-7fd0cc026000 r--s 000b0000 fd:03 165873472                  /home/user/.m2/repository/org/bouncycastle/bcpkix-jdk15on/1.60/bcpkix-jdk15on-1.60.jar
7fd0cc026000-7fd0cc029000 r--s 0001d000 fd:03 165806932                  /home/user/.m2/repository/org/apache/commons/commons-pool2/2.6.0/commons-pool2-2.6.0.jar
7fd0cc029000-7fd0cc02c000 r--s 00012000 fd:03 165741909                  /home/user/.m2/repository/com/lmax/disruptor/3.4.2/disruptor-3.4.2.jar
7fd0cc02c000-7fd0cc04c000 r--s 00167000 fd:03 165807516                  /home/user/.m2/repository/org/apache/logging/log4j/log4j-core/2.11.0/log4j-core-2.11.0.jar
7fd0cc04c000-7fd0cc052000 r--s 0003b000 fd:03 165807507                  /home/user/.m2/repository/org/apache/logging/log4j/log4j-api/2.11.0/log4j-api-2.11.0.jar
7fd0cc052000-7fd0cc057000 r--s 00c4f000 fd:03 165938441                  /home/user/.m2/repository/org/rocksdb/rocksdbjni/6.0.1/rocksdbjni-6.0.1.jar
7fd0cc057000-7fd0cc059000 r--s 00019000 fd:03 288490193                  /home/user/.m2/repository/org/apache/ratis/ratis-grpc/0.5.0-201fc85-SNAPSHOT/ratis-grpc-0.5.0-201fc85-SNAPSHOT.jar
7fd0cc059000-7fd0cc05b000 r--s 00007000 fd:03 288490192                  /home/user/.m2/repository/org/apache/ratis/ratis-netty/0.5.0-201fc85-SNAPSHOT/ratis-netty-0.5.0-201fc85-SNAPSHOT.jar
7fd0cc05b000-7fd0cc05d000 r--s 00009000 fd:03 165742587                  /home/user/.m2/repository/info/ganglia/gmetric4j/gmetric4j/1.0.7/gmetric4j-1.0.7.jar
7fd0cc05d000-7fd0cc05e000 r--s 00002000 fd:03 165742618                  /home/user/.m2/repository/io/dropwizard/metrics/metrics-ganglia/3.2.5/metrics-ganglia-3.2.5.jar
7fd0cc05e000-7fd0cc060000 r--s 00008000 fd:03 165742627                  /home/user/.m2/repository/io/dropwizard/metrics/metrics-jvm/3.2.5/metrics-jvm-3.2.5.jar
7fd0cc060000-7fd0cc06e000 r--s 0010d000 fd:03 288490170                  /home/user/.m2/repository/org/apache/ratis/ratis-proto/0.5.0-201fc85-SNAPSHOT/ratis-proto-0.5.0-201fc85-SNAPSHOT.jar
7fd0cc06e000-7fd0cc148000 r--s 00cc8000 fd:03 165873130                  /home/user/.m2/repository/org/apache/ratis/ratis-thirdparty-misc/0.2.0/ratis-thirdparty-misc-0.2.0.jar
7fd0cc148000-7fd0cc14b000 ---p 00000000 00:00 0 
7fd0cc14b000-7fd0cc249000 rw-p 00000000 00:00 0 
7fd0cc249000-7fd0cc450000 r-xp 00000000 fd:03 165024618                  /usr/lib/jvm/java-1.8-openjdk/jre/lib/amd64/libmanagement.so
7fd0cc450000-7fd0cc451000 r--p 00007000 fd:03 165024618                  /usr/lib/jvm/java-1.8-openjdk/jre/lib/amd64/libmanagement.so
7fd0cc451000-7fd0cc452000 rw-p 00008000 fd:03 165024618                  /usr/lib/jvm/java-1.8-openjdk/jre/lib/amd64/libmanagement.so
7fd0cc452000-7fd0cc455000 ---p 00000000 00:00 0 
7fd0cc455000-7fd0cc553000 rw-p 00000000 00:00 0 
7fd0cc553000-7fd0cc554000 ---p 00000000 00:00 0 
7fd0cc554000-7fd0cc655000 rw-p 00000000 00:00 0 
7fd0cc655000-7fd0cc658000 ---p 00000000 00:00 0 
7fd0cc658000-7fd0cc756000 rw-p 00000000 00:00 0 
7fd0cc756000-7fd0cc757000 ---p 00000000 00:00 0 
7fd0cc757000-7fd0cc75a000 ---p 00000000 00:00 0 
7fd0cc75a000-7fd0cc858000 rw-p 00000000 00:00 0 
7fd0cc858000-7fd0cc859000 ---p 00000000 00:00 0 
7fd0cc859000-7fd0cc85c000 ---p 00000000 00:00 0 
7fd0cc85c000-7fd0cc95a000 rw-p 00000000 00:00 0 
7fd0cc95a000-7fd0cc95d000 ---p 00000000 00:00 0 
7fd0cc95d000-7fd0cca5b000 rw-p 00000000 00:00 0 
7fd0cca5b000-7fd0cca5e000 ---p 00000000 00:00 0 
7fd0cca5e000-7fd0ccb5c000 rw-p 00000000 00:00 0 
7fd0ccb5c000-7fd0ccb5f000 ---p 00000000 00:00 0 
7fd0ccb5f000-7fd0ccc5d000 rw-p 00000000 00:00 0 
7fd0ccc5d000-7fd0ccc5e000 ---p 00000000 00:00 0 
7fd0ccc5e000-7fd0cd668000 rw-p 00000000 00:00 0 
7fd0cd668000-7fd0cd838000 r--s 01f56000 fd:03 165024683                  /usr/lib/jvm/java-1.8-openjdk/jre/lib/rt.jar
7fd0cd838000-7fd0d24ae000 rw-p 00000000 00:00 0 
7fd0d24ae000-7fd0d24af000 ---p 00000000 00:00 0 
7fd0d24af000-7fd0d25b0000 rw-p 00000000 00:00 0 
7fd0d25b0000-7fd0d25b1000 ---p 00000000 00:00 0 
7fd0d25b1000-7fd0d2d6d000 rw-p 00000000 00:00 0 
7fd0d2d6d000-7fd0d311e000 ---p 00000000 00:00 0 
7fd0d311e000-7fd0d34de000 rwxp 00000000 00:00 0 
7fd0d34de000-7fd0e211e000 ---p 00000000 00:00 0 
7fd0e211e000-7fd0e2325000 r-xp 00000000 fd:03 165024627                  /usr/lib/jvm/java-1.8-openjdk/jre/lib/amd64/libzip.so
7fd0e2325000-7fd0e2326000 r--p 00007000 fd:03 165024627                  /usr/lib/jvm/java-1.8-openjdk/jre/lib/amd64/libzip.so
7fd0e2326000-7fd0e2327000 rw-p 00008000 fd:03 165024627                  /usr/lib/jvm/java-1.8-openjdk/jre/lib/amd64/libzip.so
7fd0e2327000-7fd0e2552000 r-xp 00000000 fd:03 165024607                  /usr/lib/jvm/java-1.8-openjdk/jre/lib/amd64/libjava.so
7fd0e2552000-7fd0e2553000 r--p 0002b000 fd:03 165024607                  /usr/lib/jvm/java-1.8-openjdk/jre/lib/amd64/libjava.so
7fd0e2553000-7fd0e2554000 rw-p 0002c000 fd:03 165024607                  /usr/lib/jvm/java-1.8-openjdk/jre/lib/amd64/libjava.so
7fd0e2554000-7fd0e2555000 rw-p 00000000 00:00 0 
7fd0e2555000-7fd0e2761000 r-xp 00000000 fd:03 165024626                  /usr/lib/jvm/java-1.8-openjdk/jre/lib/amd64/libverify.so
7fd0e2761000-7fd0e2763000 r--p 0000c000 fd:03 165024626                  /usr/lib/jvm/java-1.8-openjdk/jre/lib/amd64/libverify.so
7fd0e2763000-7fd0e2764000 rw-p 0000e000 fd:03 165024626                  /usr/lib/jvm/java-1.8-openjdk/jre/lib/amd64/libverify.so
7fd0e2764000-7fd0e2974000 r-xp 00000000 fd:03 165024784                  /usr/lib/libgcc_s.so.1
7fd0e2974000-7fd0e2975000 r--p 00010000 fd:03 165024784                  /usr/lib/libgcc_s.so.1
7fd0e2975000-7fd0e2976000 rw-p 00011000 fd:03 165024784                  /usr/lib/libgcc_s.so.1
7fd0e2976000-7fd0e2cb7000 r-xp 00000000 fd:03 165024907                  /usr/lib/libstdc++.so.6.0.22
7fd0e2cb7000-7fd0e2cc5000 r--p 00141000 fd:03 165024907                  /usr/lib/libstdc++.so.6.0.22
7fd0e2cc5000-7fd0e2cc6000 rw-p 0014f000 fd:03 165024907                  /usr/lib/libstdc++.so.6.0.22
7fd0e2cc6000-7fd0e2cc9000 rw-p 00000000 00:00 0 
7fd0e2cc9000-7fd0e369d000 r-xp 00000000 fd:03 165024631                  /usr/lib/jvm/java-1.8-openjdk/jre/lib/amd64/server/libjvm.so
7fd0e369d000-7fd0e3733000 r--p 007d4000 fd:03 165024631                  /usr/lib/jvm/java-1.8-openjdk/jre/lib/amd64/server/libjvm.so
7fd0e3733000-7fd0e375b000 rw-p 0086a000 fd:03 165024631                  /usr/lib/jvm/java-1.8-openjdk/jre/lib/amd64/server/libjvm.so
7fd0e375b000-7fd0e378c000 rw-p 00000000 00:00 0 
7fd0e378c000-7fd0e39a1000 r-xp 00000000 fd:03 30540833                   /lib/libz.so.1.2.11
7fd0e39a1000-7fd0e39a2000 r--p 00015000 fd:03 30540833                   /lib/libz.so.1.2.11
7fd0e39a2000-7fd0e39a3000 rw-p 00016000 fd:03 30540833                   /lib/libz.so.1.2.11
7fd0e39a3000-7fd0e3baf000 r-xp 00000000 fd:03 165024591                  /usr/lib/jvm/java-1.8-openjdk/jre/lib/amd64/jli/libjli.so
7fd0e3baf000-7fd0e3bb0000 r--p 0000c000 fd:03 165024591                  /usr/lib/jvm/java-1.8-openjdk/jre/lib/amd64/jli/libjli.so
7fd0e3bb0000-7fd0e3bb1000 rw-p 0000d000 fd:03 165024591                  /usr/lib/jvm/java-1.8-openjdk/jre/lib/amd64/jli/libjli.so
7fd0e3bb1000-7fd0e3c3e000 r-xp 00000000 fd:03 164956642                  /lib/ld-musl-x86_64.so.1
7fd0e3c3e000-7fd0e3c3f000 r--s 00003000 fd:03 165741548                  /home/user/.m2/repository/com/github/joshelser/dropwizard-metrics-hadoop-metrics2-reporter/0.1.2/dropwizard-metrics-hadoop-metrics2-reporter-0.1.2.jar
7fd0e3c3f000-7fd0e3c40000 r--s 00006000 fd:03 288490191                  /home/user/.m2/repository/org/apache/ratis/ratis-metrics/0.5.0-201fc85-SNAPSHOT/ratis-metrics-0.5.0-201fc85-SNAPSHOT.jar
7fd0e3c40000-7fd0e3c42000 r--s 0000c000 fd:03 288490190                  /home/user/.m2/repository/org/apache/ratis/ratis-client/0.5.0-201fc85-SNAPSHOT/ratis-client-0.5.0-201fc85-SNAPSHOT.jar
7fd0e3c42000-7fd0e3c47000 r--s 0003a000 fd:03 288490186                  /home/user/.m2/repository/org/apache/ratis/ratis-common/0.5.0-201fc85-SNAPSHOT/ratis-common-0.5.0-201fc85-SNAPSHOT.jar
7fd0e3c47000-7fd0e3c4c000 r--s 00053000 fd:03 288490156                  /home/user/.m2/repository/org/apache/ratis/ratis-server/0.5.0-201fc85-SNAPSHOT/ratis-server-0.5.0-201fc85-SNAPSHOT.jar
7fd0e3c4c000-7fd0e3c4f000 r--s 000fd000 fd:03 165937538                  /home/user/.m2/repository/org/fusesource/leveldbjni/leveldbjni-all/1.8/leveldbjni-all-1.8.jar
7fd0e3c4f000-7fd0e3c51000 r--s 00005000 fd:03 165806083                  /home/user/.m2/repository/javax/annotation/javax.annotation-api/1.2/javax.annotation-api-1.2.jar
7fd0e3c51000-7fd0e3c53000 r--s 00002000 fd:03 165872819                  /home/user/.m2/repository/org/apache/maven/surefire/surefire-logger-api/3.0.0-M1/surefire-logger-api-3.0.0-M1.jar
7fd0e3c53000-7fd0e3c58000 r--s 00027000 fd:03 165872801                  /home/user/.m2/repository/org/apache/maven/surefire/surefire-api/3.0.0-M1/surefire-api-3.0.0-M1.jar
7fd0e3c58000-7fd0e3c5e000 r--s 00047000 fd:03 165872810                  /home/user/.m2/repository/org/apache/maven/surefire/surefire-booter/3.0.0-M1/surefire-booter-3.0.0-M1.jar
7fd0e3c5e000-7fd0e3c5f000 r--s 00004000 fd:05 52168776                   /workdir/hadoop-hdds/server-scm/target/surefire/surefirebooter7804909544211870650.jar
7fd0e3c5f000-7fd0e3c60000 r--s 00000000 fd:03 30540769                   /etc/localtime
7fd0e3c60000-7fd0e3d31000 rw-p 00000000 00:00 0 
7fd0e3d31000-7fd0e3d39000 rw-s 00000000 fd:03 288429178                  /tmp/hsperfdata_jenkins1000/6402
7fd0e3d39000-7fd0e3d3a000 rw-p 00000000 00:00 0 
7fd0e3d3a000-7fd0e3d3b000 r--p 00000000 00:00 0 
7fd0e3d3b000-7fd0e3d3d000 ---p 00000000 00:00 0 
7fd0e3d3d000-7fd0e3d40000 ---p 00000000 00:00 0 
7fd0e3d40000-7fd0e3e3e000 rw-p 00000000 00:00 0 
7fd0e3e3e000-7fd0e3e3f000 r--p 0008d000 fd:03 164956642                  /lib/ld-musl-x86_64.so.1
7fd0e3e3f000-7fd0e3e40000 rw-p 0008e000 fd:03 164956642                  /lib/ld-musl-x86_64.so.1
7fd0e3e40000-7fd0e3e43000 rw-p 00000000 00:00 0 
7ffdf245c000-7ffdf247e000 rw-p 00000000 00:00 0                          [stack]
7ffdf257e000-7ffdf2580000 r-xp 00000000 00:00 0                          [vdso]
ffffffffff600000-ffffffffff601000 r-xp 00000000 00:00 0                  [vsyscall]

VM Arguments:
jvm_args: -Xmx2048m -XX:+HeapDumpOnOutOfMemoryError 
java_command: /workdir/hadoop-hdds/server-scm/target/surefire/surefirebooter7804909544211870650.jar /workdir/hadoop-hdds/server-scm/target/surefire 2019-10-04T18-49-20_826-jvmRun1 surefire8761410092296915516tmp surefire_638832537038011344tmp
java_class_path (initial): /workdir/hadoop-hdds/server-scm/target/surefire/surefirebooter7804909544211870650.jar
Launcher Type: SUN_STANDARD

Environment Variables:
PATH=/usr/local/sbin:/usr/local/bin:/usr/sbin:/usr/bin:/sbin:/bin:/opt/findbugs/bin:/opt/blockade/bin
LD_LIBRARY_PATH=/usr/lib/jvm/java-1.8-openjdk/jre/lib/amd64/server:/usr/lib/jvm/java-1.8-openjdk/jre/lib/amd64:/usr/lib/jvm/java-1.8-openjdk/jre/../lib/amd64:/workdir/hadoop-hdds/server-scm/target/native/target/usr/local/lib:/workdir/hadoop-hdds/server-scm/../../hadoop-common-project/hadoop-common/target/native/target/usr/local/lib
DYLD_LIBRARY_PATH=${env.DYLD_LIBRARY_PATH}:/workdir/hadoop-hdds/server-scm/target/native/target/usr/local/lib:/workdir/hadoop-hdds/server-scm/../../hadoop-common-project/hadoop-common/target/native/target/usr/local/lib

Signal Handlers:
SIGSEGV: [libjvm.so+0x600fd2], sa_mask[0]=11111111011111111101111111111110, sa_flags=SA_RESTART|SA_SIGINFO
SIGBUS: [libjvm.so+0x600fd2], sa_mask[0]=11111111011111111101111111111110, sa_flags=SA_RESTART|SA_SIGINFO
SIGFPE: [libjvm.so+0x539502], sa_mask[0]=11111111011111111101111111111110, sa_flags=SA_RESTART|SA_SIGINFO
SIGPIPE: [libjvm.so+0x539502], sa_mask[0]=11111111011111111101111111111110, sa_flags=SA_RESTART|SA_SIGINFO
SIGXFSZ: [libjvm.so+0x539502], sa_mask[0]=11111111011111111101111111111110, sa_flags=SA_RESTART|SA_SIGINFO
SIGILL: [libjvm.so+0x539502], sa_mask[0]=11111111011111111101111111111110, sa_flags=SA_RESTART|SA_SIGINFO
SIGUSR1: SIG_DFL, sa_mask[0]=00000000000000000000000000000000, sa_flags=none
SIGUSR2: [libjvm.so+0x5396a1], sa_mask[0]=00100000000000000000000000000000, sa_flags=SA_RESTART|SA_SIGINFO
SIGHUP: [libjvm.so+0x53b719], sa_mask[0]=11111111011111111101111111111110, sa_flags=SA_RESTART|SA_SIGINFO
SIGINT: [libjvm.so+0x53b719], sa_mask[0]=11111111011111111101111111111110, sa_flags=SA_RESTART|SA_SIGINFO
SIGTERM: [libjvm.so+0x53b719], sa_mask[0]=11111111011111111101111111111110, sa_flags=SA_RESTART|SA_SIGINFO
SIGQUIT: [libjvm.so+0x53b719], sa_mask[0]=11111111011111111101111111111110, sa_flags=SA_RESTART|SA_SIGINFO


---------------  S Y S T E M  ---------------

OS:NAME="Alpine Linux"
ID=alpine
VERSION_ID=3.8.2
PRETTY_NAME="Alpine Linux v3.8"
HOME_URL="http://alpinelinux.org"
BUG_REPORT_URL="http://bugs.alpinelinux.org"

uname:Linux 3.10.0-957.12.2.el7.x86_64 #1 SMP Tue May 14 21:24:32 UTC 2019 x86_64
libc:glibc 2.9 NPTL 
rlimit: STACK 8192k, CORE infinity, NPROC 1048576, NOFILE 1048576, AS infinity
load average:4.10 4.52 3.53

/proc/meminfo:
MemTotal:       263864180 kB
MemFree:         6348576 kB
MemAvailable:   235217756 kB
Buffers:         7195936 kB
Cached:         212799596 kB
SwapCached:            0 kB
Active:         153863196 kB
Inactive:       85598476 kB
Active(anon):   22209116 kB
Inactive(anon):  2624496 kB
Active(file):   131654080 kB
Inactive(file): 82973980 kB
Unevictable:           0 kB
Mlocked:               0 kB
SwapTotal:             0 kB
SwapFree:              0 kB
Dirty:            246532 kB
Writeback:             0 kB
AnonPages:      19466320 kB
Mapped:           256116 kB
Shmem:           5367472 kB
Slab:           16183944 kB
SReclaimable:   15125300 kB
SUnreclaim:      1058644 kB
KernelStack:       60064 kB
PageTables:        84536 kB
NFS_Unstable:          0 kB
Bounce:                0 kB
WritebackTmp:          0 kB
CommitLimit:    131932088 kB
Committed_AS:   52081036 kB
VmallocTotal:   34359738367 kB
VmallocUsed:      758552 kB
VmallocChunk:   34224505856 kB
HardwareCorrupted:     0 kB
AnonHugePages:   6117376 kB
CmaTotal:              0 kB
CmaFree:               0 kB
HugePages_Total:       0
HugePages_Free:        0
HugePages_Rsvd:        0
HugePages_Surp:        0
Hugepagesize:       2048 kB
DirectMap4k:      473848 kB
DirectMap2M:    50798592 kB
DirectMap1G:    219152384 kB

container (cgroup) information:
container_type: cgroupv1
cpu_cpuset_cpus: 0-31
cpu_memory_nodes: 0-1
active_processor_count: 2
cpu_quota: -1
cpu_period: 100000
cpu_shares: 2048
memory_limit_in_bytes: -1
memory_and_swap_limit_in_bytes: -1
memory_soft_limit_in_bytes: -1
memory_usage_in_bytes: 3882352640
memory_max_usage_in_bytes: 4316856320


CPU:total 32 (initial active 2) (8 cores per cpu, 2 threads per core) family 6 model 63 stepping 2, cmov, cx8, fxsr, mmx, sse, sse2, sse3, ssse3, sse4.1, sse4.2, popcnt, avx, avx2, aes, clmul, erms, lzcnt, ht, tsc, tscinvbit, bmi1, bmi2

/proc/cpuinfo:
processor	: 0
vendor_id	: GenuineIntel
cpu family	: 6
model		: 63
model name	: Intel(R) Xeon(R) CPU E5-2630 v3 @ 2.40GHz
stepping	: 2
microcode	: 0x43
cpu MHz		: 1351.025
cache size	: 20480 KB
physical id	: 0
siblings	: 16
core id		: 0
cpu cores	: 8
apicid		: 0
initial apicid	: 0
fpu		: yes
fpu_exception	: yes
cpuid level	: 15
wp		: yes
flags		: fpu vme de pse tsc msr pae mce cx8 apic sep mtrr pge mca cmov pat pse36 clflush dts acpi mmx fxsr sse sse2 ss ht tm pbe syscall nx pdpe1gb rdtscp lm constant_tsc arch_perfmon pebs bts rep_good nopl xtopology nonstop_tsc aperfmperf eagerfpu pni pclmulqdq dtes64 monitor ds_cpl vmx smx est tm2 ssse3 sdbg fma cx16 xtpr pdcm pcid dca sse4_1 sse4_2 x2apic movbe popcnt tsc_deadline_timer aes xsave avx f16c rdrand lahf_lm abm epb intel_ppin ssbd ibrs ibpb stibp tpr_shadow vnmi flexpriority ept vpid fsgsbase tsc_adjust bmi1 avx2 smep bmi2 erms invpcid cqm xsaveopt cqm_llc cqm_occup_llc dtherm ida arat pln pts md_clear spec_ctrl intel_stibp flush_l1d
bogomips	: 4788.16
clflush size	: 64
cache_alignment	: 64
address sizes	: 46 bits physical, 48 bits virtual
power management:

processor	: 1
vendor_id	: GenuineIntel
cpu family	: 6
model		: 63
model name	: Intel(R) Xeon(R) CPU E5-2630 v3 @ 2.40GHz
stepping	: 2
microcode	: 0x43
cpu MHz		: 1295.654
cache size	: 20480 KB
physical id	: 0
siblings	: 16
core id		: 1
cpu cores	: 8
apicid		: 2
initial apicid	: 2
fpu		: yes
fpu_exception	: yes
cpuid level	: 15
wp		: yes
flags		: fpu vme de pse tsc msr pae mce cx8 apic sep mtrr pge mca cmov pat pse36 clflush dts acpi mmx fxsr sse sse2 ss ht tm pbe syscall nx pdpe1gb rdtscp lm constant_tsc arch_perfmon pebs bts rep_good nopl xtopology nonstop_tsc aperfmperf eagerfpu pni pclmulqdq dtes64 monitor ds_cpl vmx smx est tm2 ssse3 sdbg fma cx16 xtpr pdcm pcid dca sse4_1 sse4_2 x2apic movbe popcnt tsc_deadline_timer aes xsave avx f16c rdrand lahf_lm abm epb intel_ppin ssbd ibrs ibpb stibp tpr_shadow vnmi flexpriority ept vpid fsgsbase tsc_adjust bmi1 avx2 smep bmi2 erms invpcid cqm xsaveopt cqm_llc cqm_occup_llc dtherm ida arat pln pts md_clear spec_ctrl intel_stibp flush_l1d
bogomips	: 4788.16
clflush size	: 64
cache_alignment	: 64
address sizes	: 46 bits physical, 48 bits virtual
power management:

processor	: 2
vendor_id	: GenuineIntel
cpu family	: 6
model		: 63
model name	: Intel(R) Xeon(R) CPU E5-2630 v3 @ 2.40GHz
stepping	: 2
microcode	: 0x43
cpu MHz		: 1980.322
cache size	: 20480 KB
physical id	: 0
siblings	: 16
core id		: 2
cpu cores	: 8
apicid		: 4
initial apicid	: 4
fpu		: yes
fpu_exception	: yes
cpuid level	: 15
wp		: yes
flags		: fpu vme de pse tsc msr pae mce cx8 apic sep mtrr pge mca cmov pat pse36 clflush dts acpi mmx fxsr sse sse2 ss ht tm pbe syscall nx pdpe1gb rdtscp lm constant_tsc arch_perfmon pebs bts rep_good nopl xtopology nonstop_tsc aperfmperf eagerfpu pni pclmulqdq dtes64 monitor ds_cpl vmx smx est tm2 ssse3 sdbg fma cx16 xtpr pdcm pcid dca sse4_1 sse4_2 x2apic movbe popcnt tsc_deadline_timer aes xsave avx f16c rdrand lahf_lm abm epb intel_ppin ssbd ibrs ibpb stibp tpr_shadow vnmi flexpriority ept vpid fsgsbase tsc_adjust bmi1 avx2 smep bmi2 erms invpcid cqm xsaveopt cqm_llc cqm_occup_llc dtherm ida arat pln pts md_clear spec_ctrl intel_stibp flush_l1d
bogomips	: 4788.16
clflush size	: 64
cache_alignment	: 64
address sizes	: 46 bits physical, 48 bits virtual
power management:

processor	: 3
vendor_id	: GenuineIntel
cpu family	: 6
model		: 63
model name	: Intel(R) Xeon(R) CPU E5-2630 v3 @ 2.40GHz
stepping	: 2
microcode	: 0x43
cpu MHz		: 2902.001
cache size	: 20480 KB
physical id	: 0
siblings	: 16
core id		: 3
cpu cores	: 8
apicid		: 6
initial apicid	: 6
fpu		: yes
fpu_exception	: yes
cpuid level	: 15
wp		: yes
flags		: fpu vme de pse tsc msr pae mce cx8 apic sep mtrr pge mca cmov pat pse36 clflush dts acpi mmx fxsr sse sse2 ss ht tm pbe syscall nx pdpe1gb rdtscp lm constant_tsc arch_perfmon pebs bts rep_good nopl xtopology nonstop_tsc aperfmperf eagerfpu pni pclmulqdq dtes64 monitor ds_cpl vmx smx est tm2 ssse3 sdbg fma cx16 xtpr pdcm pcid dca sse4_1 sse4_2 x2apic movbe popcnt tsc_deadline_timer aes xsave avx f16c rdrand lahf_lm abm epb intel_ppin ssbd ibrs ibpb stibp tpr_shadow vnmi flexpriority ept vpid fsgsbase tsc_adjust bmi1 avx2 smep bmi2 erms invpcid cqm xsaveopt cqm_llc cqm_occup_llc dtherm ida arat pln pts md_clear spec_ctrl intel_stibp flush_l1d
bogomips	: 4788.16
clflush size	: 64
cache_alignment	: 64
address sizes	: 46 bits physical, 48 bits virtual
power management:

processor	: 4
vendor_id	: GenuineIntel
cpu family	: 6
model		: 63
model name	: Intel(R) Xeon(R) CPU E5-2630 v3 @ 2.40GHz
stepping	: 2
microcode	: 0x43
cpu MHz		: 2228.613
cache size	: 20480 KB
physical id	: 0
siblings	: 16
core id		: 4
cpu cores	: 8
apicid		: 8
initial apicid	: 8
fpu		: yes
fpu_exception	: yes
cpuid level	: 15
wp		: yes
flags		: fpu vme de pse tsc msr pae mce cx8 apic sep mtrr pge mca cmov pat pse36 clflush dts acpi mmx fxsr sse sse2 ss ht tm pbe syscall nx pdpe1gb rdtscp lm constant_tsc arch_perfmon pebs bts rep_good nopl xtopology nonstop_tsc aperfmperf eagerfpu pni pclmulqdq dtes64 monitor ds_cpl vmx smx est tm2 ssse3 sdbg fma cx16 xtpr pdcm pcid dca sse4_1 sse4_2 x2apic movbe popcnt tsc_deadline_timer aes xsave avx f16c rdrand lahf_lm abm epb intel_ppin ssbd ibrs ibpb stibp tpr_shadow vnmi flexpriority ept vpid fsgsbase tsc_adjust bmi1 avx2 smep bmi2 erms invpcid cqm xsaveopt cqm_llc cqm_occup_llc dtherm ida arat pln pts md_clear spec_ctrl intel_stibp flush_l1d
bogomips	: 4788.16
clflush size	: 64
cache_alignment	: 64
address sizes	: 46 bits physical, 48 bits virtual
power management:

processor	: 5
vendor_id	: GenuineIntel
cpu family	: 6
model		: 63
model name	: Intel(R) Xeon(R) CPU E5-2630 v3 @ 2.40GHz
stepping	: 2
microcode	: 0x43
cpu MHz		: 2209.716
cache size	: 20480 KB
physical id	: 0
siblings	: 16
core id		: 5
cpu cores	: 8
apicid		: 10
initial apicid	: 10
fpu		: yes
fpu_exception	: yes
cpuid level	: 15
wp		: yes
flags		: fpu vme de pse tsc msr pae mce cx8 apic sep mtrr pge mca cmov pat pse36 clflush dts acpi mmx fxsr sse sse2 ss ht tm pbe syscall nx pdpe1gb rdtscp lm constant_tsc arch_perfmon pebs bts rep_good nopl xtopology nonstop_tsc aperfmperf eagerfpu pni pclmulqdq dtes64 monitor ds_cpl vmx smx est tm2 ssse3 sdbg fma cx16 xtpr pdcm pcid dca sse4_1 sse4_2 x2apic movbe popcnt tsc_deadline_timer aes xsave avx f16c rdrand lahf_lm abm epb intel_ppin ssbd ibrs ibpb stibp tpr_shadow vnmi flexpriority ept vpid fsgsbase tsc_adjust bmi1 avx2 smep bmi2 erms invpcid cqm xsaveopt cqm_llc cqm_occup_llc dtherm ida arat pln pts md_clear spec_ctrl intel_stibp flush_l1d
bogomips	: 4788.16
clflush size	: 64
cache_alignment	: 64
address sizes	: 46 bits physical, 48 bits virtual
power management:

processor	: 6
vendor_id	: GenuineIntel
cpu family	: 6
model		: 63
model name	: Intel(R) Xeon(R) CPU E5-2630 v3 @ 2.40GHz
stepping	: 2
microcode	: 0x43
cpu MHz		: 1468.945
cache size	: 20480 KB
physical id	: 0
siblings	: 16
core id		: 6
cpu cores	: 8
apicid		: 12
initial apicid	: 12
fpu		: yes
fpu_exception	: yes
cpuid level	: 15
wp		: yes
flags		: fpu vme de pse tsc msr pae mce cx8 apic sep mtrr pge mca cmov pat pse36 clflush dts acpi mmx fxsr sse sse2 ss ht tm pbe syscall nx pdpe1gb rdtscp lm constant_tsc arch_perfmon pebs bts rep_good nopl xtopology nonstop_tsc aperfmperf eagerfpu pni pclmulqdq dtes64 monitor ds_cpl vmx smx est tm2 ssse3 sdbg fma cx16 xtpr pdcm pcid dca sse4_1 sse4_2 x2apic movbe popcnt tsc_deadline_timer aes xsave avx f16c rdrand lahf_lm abm epb intel_ppin ssbd ibrs ibpb stibp tpr_shadow vnmi flexpriority ept vpid fsgsbase tsc_adjust bmi1 avx2 smep bmi2 erms invpcid cqm xsaveopt cqm_llc cqm_occup_llc dtherm ida arat pln pts md_clear spec_ctrl intel_stibp flush_l1d
bogomips	: 4788.16
clflush size	: 64
cache_alignment	: 64
address sizes	: 46 bits physical, 48 bits virtual
power management:

processor	: 7
vendor_id	: GenuineIntel
cpu family	: 6
model		: 63
model name	: Intel(R) Xeon(R) CPU E5-2630 v3 @ 2.40GHz
stepping	: 2
microcode	: 0x43
cpu MHz		: 1200.146
cache size	: 20480 KB
physical id	: 0
siblings	: 16
core id		: 7
cpu cores	: 8
apicid		: 14
initial apicid	: 14
fpu		: yes
fpu_exception	: yes
cpuid level	: 15
wp		: yes
flags		: fpu vme de pse tsc msr pae mce cx8 apic sep mtrr pge mca cmov pat pse36 clflush dts acpi mmx fxsr sse sse2 ss ht tm pbe syscall nx pdpe1gb rdtscp lm constant_tsc arch_perfmon pebs bts rep_good nopl xtopology nonstop_tsc aperfmperf eagerfpu pni pclmulqdq dtes64 monitor ds_cpl vmx smx est tm2 ssse3 sdbg fma cx16 xtpr pdcm pcid dca sse4_1 sse4_2 x2apic movbe popcnt tsc_deadline_timer aes xsave avx f16c rdrand lahf_lm abm epb intel_ppin ssbd ibrs ibpb stibp tpr_shadow vnmi flexpriority ept vpid fsgsbase tsc_adjust bmi1 avx2 smep bmi2 erms invpcid cqm xsaveopt cqm_llc cqm_occup_llc dtherm ida arat pln pts md_clear spec_ctrl intel_stibp flush_l1d
bogomips	: 4788.16
clflush size	: 64
cache_alignment	: 64
address sizes	: 46 bits physical, 48 bits virtual
power management:

processor	: 8
vendor_id	: GenuineIntel
cpu family	: 6
model		: 63
model name	: Intel(R) Xeon(R) CPU E5-2630 v3 @ 2.40GHz
stepping	: 2
microcode	: 0x43
cpu MHz		: 2324.121
cache size	: 20480 KB
physical id	: 1
siblings	: 16
core id		: 0
cpu cores	: 8
apicid		: 16
initial apicid	: 16
fpu		: yes
fpu_exception	: yes
cpuid level	: 15
wp		: yes
flags		: fpu vme de pse tsc msr pae mce cx8 apic sep mtrr pge mca cmov pat pse36 clflush dts acpi mmx fxsr sse sse2 ss ht tm pbe syscall nx pdpe1gb rdtscp lm constant_tsc arch_perfmon pebs bts rep_good nopl xtopology nonstop_tsc aperfmperf eagerfpu pni pclmulqdq dtes64 monitor ds_cpl vmx smx est tm2 ssse3 sdbg fma cx16 xtpr pdcm pcid dca sse4_1 sse4_2 x2apic movbe popcnt tsc_deadline_timer aes xsave avx f16c rdrand lahf_lm abm epb intel_ppin ssbd ibrs ibpb stibp tpr_shadow vnmi flexpriority ept vpid fsgsbase tsc_adjust bmi1 avx2 smep bmi2 erms invpcid cqm xsaveopt cqm_llc cqm_occup_llc dtherm ida arat pln pts md_clear spec_ctrl intel_stibp flush_l1d
bogomips	: 4793.27
clflush size	: 64
cache_alignment	: 64
address sizes	: 46 bits physical, 48 bits virtual
power management:

processor	: 9
vendor_id	: GenuineIntel
cpu family	: 6
model		: 63
model name	: Intel(R) Xeon(R) CPU E5-2630 v3 @ 2.40GHz
stepping	: 2
microcode	: 0x43
cpu MHz		: 2399.853
cache size	: 20480 KB
physical id	: 1
siblings	: 16
core id		: 1
cpu cores	: 8
apicid		: 18
initial apicid	: 18
fpu		: yes
fpu_exception	: yes
cpuid level	: 15
wp		: yes
flags		: fpu vme de pse tsc msr pae mce cx8 apic sep mtrr pge mca cmov pat pse36 clflush dts acpi mmx fxsr sse sse2 ss ht tm pbe syscall nx pdpe1gb rdtscp lm constant_tsc arch_perfmon pebs bts rep_good nopl xtopology nonstop_tsc aperfmperf eagerfpu pni pclmulqdq dtes64 monitor ds_cpl vmx smx est tm2 ssse3 sdbg fma cx16 xtpr pdcm pcid dca sse4_1 sse4_2 x2apic movbe popcnt tsc_deadline_timer aes xsave avx f16c rdrand lahf_lm abm epb intel_ppin ssbd ibrs ibpb stibp tpr_shadow vnmi flexpriority ept vpid fsgsbase tsc_adjust bmi1 avx2 smep bmi2 erms invpcid cqm xsaveopt cqm_llc cqm_occup_llc dtherm ida arat pln pts md_clear spec_ctrl intel_stibp flush_l1d
bogomips	: 4793.27
clflush size	: 64
cache_alignment	: 64
address sizes	: 46 bits physical, 48 bits virtual
power management:

processor	: 10
vendor_id	: GenuineIntel
cpu family	: 6
model		: 63
model name	: Intel(R) Xeon(R) CPU E5-2630 v3 @ 2.40GHz
stepping	: 2
microcode	: 0x43
cpu MHz		: 2166.796
cache size	: 20480 KB
physical id	: 1
siblings	: 16
core id		: 2
cpu cores	: 8
apicid		: 20
initial apicid	: 20
fpu		: yes
fpu_exception	: yes
cpuid level	: 15
wp		: yes
flags		: fpu vme de pse tsc msr pae mce cx8 apic sep mtrr pge mca cmov pat pse36 clflush dts acpi mmx fxsr sse sse2 ss ht tm pbe syscall nx pdpe1gb rdtscp lm constant_tsc arch_perfmon pebs bts rep_good nopl xtopology nonstop_tsc aperfmperf eagerfpu pni pclmulqdq dtes64 monitor ds_cpl vmx smx est tm2 ssse3 sdbg fma cx16 xtpr pdcm pcid dca sse4_1 sse4_2 x2apic movbe popcnt tsc_deadline_timer aes xsave avx f16c rdrand lahf_lm abm epb intel_ppin ssbd ibrs ibpb stibp tpr_shadow vnmi flexpriority ept vpid fsgsbase tsc_adjust bmi1 avx2 smep bmi2 erms invpcid cqm xsaveopt cqm_llc cqm_occup_llc dtherm ida arat pln pts md_clear spec_ctrl intel_stibp flush_l1d
bogomips	: 4793.27
clflush size	: 64
cache_alignment	: 64
address sizes	: 46 bits physical, 48 bits virtual
power management:

processor	: 11
vendor_id	: GenuineIntel
cpu family	: 6
model		: 63
model name	: Intel(R) Xeon(R) CPU E5-2630 v3 @ 2.40GHz
stepping	: 2
microcode	: 0x43
cpu MHz		: 2395.898
cache size	: 20480 KB
physical id	: 1
siblings	: 16
core id		: 3
cpu cores	: 8
apicid		: 22
initial apicid	: 22
fpu		: yes
fpu_exception	: yes
cpuid level	: 15
wp		: yes
flags		: fpu vme de pse tsc msr pae mce cx8 apic sep mtrr pge mca cmov pat pse36 clflush dts acpi mmx fxsr sse sse2 ss ht tm pbe syscall nx pdpe1gb rdtscp lm constant_tsc arch_perfmon pebs bts rep_good nopl xtopology nonstop_tsc aperfmperf eagerfpu pni pclmulqdq dtes64 monitor ds_cpl vmx smx est tm2 ssse3 sdbg fma cx16 xtpr pdcm pcid dca sse4_1 sse4_2 x2apic movbe popcnt tsc_deadline_timer aes xsave avx f16c rdrand lahf_lm abm epb intel_ppin ssbd ibrs ibpb stibp tpr_shadow vnmi flexpriority ept vpid fsgsbase tsc_adjust bmi1 avx2 smep bmi2 erms invpcid cqm xsaveopt cqm_llc cqm_occup_llc dtherm ida arat pln pts md_clear spec_ctrl intel_stibp flush_l1d
bogomips	: 4793.27
clflush size	: 64
cache_alignment	: 64
address sizes	: 46 bits physical, 48 bits virtual
power management:

processor	: 12
vendor_id	: GenuineIntel
cpu family	: 6
model		: 63
model name	: Intel(R) Xeon(R) CPU E5-2630 v3 @ 2.40GHz
stepping	: 2
microcode	: 0x43
cpu MHz		: 2253.076
cache size	: 20480 KB
physical id	: 1
siblings	: 16
core id		: 4
cpu cores	: 8
apicid		: 24
initial apicid	: 24
fpu		: yes
fpu_exception	: yes
cpuid level	: 15
wp		: yes
flags		: fpu vme de pse tsc msr pae mce cx8 apic sep mtrr pge mca cmov pat pse36 clflush dts acpi mmx fxsr sse sse2 ss ht tm pbe syscall nx pdpe1gb rdtscp lm constant_tsc arch_perfmon pebs bts rep_good nopl xtopology nonstop_tsc aperfmperf eagerfpu pni pclmulqdq dtes64 monitor ds_cpl vmx smx est tm2 ssse3 sdbg fma cx16 xtpr pdcm pcid dca sse4_1 sse4_2 x2apic movbe popcnt tsc_deadline_timer aes xsave avx f16c rdrand lahf_lm abm epb intel_ppin ssbd ibrs ibpb stibp tpr_shadow vnmi flexpriority ept vpid fsgsbase tsc_adjust bmi1 avx2 smep bmi2 erms invpcid cqm xsaveopt cqm_llc cqm_occup_llc dtherm ida arat pln pts md_clear spec_ctrl intel_stibp flush_l1d
bogomips	: 4793.27
clflush size	: 64
cache_alignment	: 64
address sizes	: 46 bits physical, 48 bits virtual
power management:

processor	: 13
vendor_id	: GenuineIntel
cpu family	: 6
model		: 63
model name	: Intel(R) Xeon(R) CPU E5-2630 v3 @ 2.40GHz
stepping	: 2
microcode	: 0x43
cpu MHz		: 2020.898
cache size	: 20480 KB
physical id	: 1
siblings	: 16
core id		: 5
cpu cores	: 8
apicid		: 26
initial apicid	: 26
fpu		: yes
fpu_exception	: yes
cpuid level	: 15
wp		: yes
flags		: fpu vme de pse tsc msr pae mce cx8 apic sep mtrr pge mca cmov pat pse36 clflush dts acpi mmx fxsr sse sse2 ss ht tm pbe syscall nx pdpe1gb rdtscp lm constant_tsc arch_perfmon pebs bts rep_good nopl xtopology nonstop_tsc aperfmperf eagerfpu pni pclmulqdq dtes64 monitor ds_cpl vmx smx est tm2 ssse3 sdbg fma cx16 xtpr pdcm pcid dca sse4_1 sse4_2 x2apic movbe popcnt tsc_deadline_timer aes xsave avx f16c rdrand lahf_lm abm epb intel_ppin ssbd ibrs ibpb stibp tpr_shadow vnmi flexpriority ept vpid fsgsbase tsc_adjust bmi1 avx2 smep bmi2 erms invpcid cqm xsaveopt cqm_llc cqm_occup_llc dtherm ida arat pln pts md_clear spec_ctrl intel_stibp flush_l1d
bogomips	: 4793.27
clflush size	: 64
cache_alignment	: 64
address sizes	: 46 bits physical, 48 bits virtual
power management:

processor	: 14
vendor_id	: GenuineIntel
cpu family	: 6
model		: 63
model name	: Intel(R) Xeon(R) CPU E5-2630 v3 @ 2.40GHz
stepping	: 2
microcode	: 0x43
cpu MHz		: 1368.896
cache size	: 20480 KB
physical id	: 1
siblings	: 16
core id		: 6
cpu cores	: 8
apicid		: 28
initial apicid	: 28
fpu		: yes
fpu_exception	: yes
cpuid level	: 15
wp		: yes
flags		: fpu vme de pse tsc msr pae mce cx8 apic sep mtrr pge mca cmov pat pse36 clflush dts acpi mmx fxsr sse sse2 ss ht tm pbe syscall nx pdpe1gb rdtscp lm constant_tsc arch_perfmon pebs bts rep_good nopl xtopology nonstop_tsc aperfmperf eagerfpu pni pclmulqdq dtes64 monitor ds_cpl vmx smx est tm2 ssse3 sdbg fma cx16 xtpr pdcm pcid dca sse4_1 sse4_2 x2apic movbe popcnt tsc_deadline_timer aes xsave avx f16c rdrand lahf_lm abm epb intel_ppin ssbd ibrs ibpb stibp tpr_shadow vnmi flexpriority ept vpid fsgsbase tsc_adjust bmi1 avx2 smep bmi2 erms invpcid cqm xsaveopt cqm_llc cqm_occup_llc dtherm ida arat pln pts md_clear spec_ctrl intel_stibp flush_l1d
bogomips	: 4793.27
clflush size	: 64
cache_alignment	: 64
address sizes	: 46 bits physical, 48 bits virtual
power management:

processor	: 15
vendor_id	: GenuineIntel
cpu family	: 6
model		: 63
model name	: Intel(R) Xeon(R) CPU E5-2630 v3 @ 2.40GHz
stepping	: 2
microcode	: 0x43
cpu MHz		: 1332.861
cache size	: 20480 KB
physical id	: 1
siblings	: 16
core id		: 7
cpu cores	: 8
apicid		: 30
initial apicid	: 30
fpu		: yes
fpu_exception	: yes
cpuid level	: 15
wp		: yes
flags		: fpu vme de pse tsc msr pae mce cx8 apic sep mtrr pge mca cmov pat pse36 clflush dts acpi mmx fxsr sse sse2 ss ht tm pbe syscall nx pdpe1gb rdtscp lm constant_tsc arch_perfmon pebs bts rep_good nopl xtopology nonstop_tsc aperfmperf eagerfpu pni pclmulqdq dtes64 monitor ds_cpl vmx smx est tm2 ssse3 sdbg fma cx16 xtpr pdcm pcid dca sse4_1 sse4_2 x2apic movbe popcnt tsc_deadline_timer aes xsave avx f16c rdrand lahf_lm abm epb intel_ppin ssbd ibrs ibpb stibp tpr_shadow vnmi flexpriority ept vpid fsgsbase tsc_adjust bmi1 avx2 smep bmi2 erms invpcid cqm xsaveopt cqm_llc cqm_occup_llc dtherm ida arat pln pts md_clear spec_ctrl intel_stibp flush_l1d
bogomips	: 4793.27
clflush size	: 64
cache_alignment	: 64
address sizes	: 46 bits physical, 48 bits virtual
power management:

processor	: 16
vendor_id	: GenuineIntel
cpu family	: 6
model		: 63
model name	: Intel(R) Xeon(R) CPU E5-2630 v3 @ 2.40GHz
stepping	: 2
microcode	: 0x43
cpu MHz		: 1292.724
cache size	: 20480 KB
physical id	: 0
siblings	: 16
core id		: 0
cpu cores	: 8
apicid		: 1
initial apicid	: 1
fpu		: yes
fpu_exception	: yes
cpuid level	: 15
wp		: yes
flags		: fpu vme de pse tsc msr pae mce cx8 apic sep mtrr pge mca cmov pat pse36 clflush dts acpi mmx fxsr sse sse2 ss ht tm pbe syscall nx pdpe1gb rdtscp lm constant_tsc arch_perfmon pebs bts rep_good nopl xtopology nonstop_tsc aperfmperf eagerfpu pni pclmulqdq dtes64 monitor ds_cpl vmx smx est tm2 ssse3 sdbg fma cx16 xtpr pdcm pcid dca sse4_1 sse4_2 x2apic movbe popcnt tsc_deadline_timer aes xsave avx f16c rdrand lahf_lm abm epb intel_ppin ssbd ibrs ibpb stibp tpr_shadow vnmi flexpriority ept vpid fsgsbase tsc_adjust bmi1 avx2 smep bmi2 erms invpcid cqm xsaveopt cqm_llc cqm_occup_llc dtherm ida arat pln pts md_clear spec_ctrl intel_stibp flush_l1d
bogomips	: 4788.16
clflush size	: 64
cache_alignment	: 64
address sizes	: 46 bits physical, 48 bits virtual
power management:

processor	: 17
vendor_id	: GenuineIntel
cpu family	: 6
model		: 63
model name	: Intel(R) Xeon(R) CPU E5-2630 v3 @ 2.40GHz
stepping	: 2
microcode	: 0x43
cpu MHz		: 1509.082
cache size	: 20480 KB
physical id	: 0
siblings	: 16
core id		: 1
cpu cores	: 8
apicid		: 3
initial apicid	: 3
fpu		: yes
fpu_exception	: yes
cpuid level	: 15
wp		: yes
flags		: fpu vme de pse tsc msr pae mce cx8 apic sep mtrr pge mca cmov pat pse36 clflush dts acpi mmx fxsr sse sse2 ss ht tm pbe syscall nx pdpe1gb rdtscp lm constant_tsc arch_perfmon pebs bts rep_good nopl xtopology nonstop_tsc aperfmperf eagerfpu pni pclmulqdq dtes64 monitor ds_cpl vmx smx est tm2 ssse3 sdbg fma cx16 xtpr pdcm pcid dca sse4_1 sse4_2 x2apic movbe popcnt tsc_deadline_timer aes xsave avx f16c rdrand lahf_lm abm epb intel_ppin ssbd ibrs ibpb stibp tpr_shadow vnmi flexpriority ept vpid fsgsbase tsc_adjust bmi1 avx2 smep bmi2 erms invpcid cqm xsaveopt cqm_llc cqm_occup_llc dtherm ida arat pln pts md_clear spec_ctrl intel_stibp flush_l1d
bogomips	: 4788.16
clflush size	: 64
cache_alignment	: 64
address sizes	: 46 bits physical, 48 bits virtual
power management:

processor	: 18
vendor_id	: GenuineIntel
cpu family	: 6
model		: 63
model name	: Intel(R) Xeon(R) CPU E5-2630 v3 @ 2.40GHz
stepping	: 2
microcode	: 0x43
cpu MHz		: 1566.357
cache size	: 20480 KB
physical id	: 0
siblings	: 16
core id		: 2
cpu cores	: 8
apicid		: 5
initial apicid	: 5
fpu		: yes
fpu_exception	: yes
cpuid level	: 15
wp		: yes
flags		: fpu vme de pse tsc msr pae mce cx8 apic sep mtrr pge mca cmov pat pse36 clflush dts acpi mmx fxsr sse sse2 ss ht tm pbe syscall nx pdpe1gb rdtscp lm constant_tsc arch_perfmon pebs bts rep_good nopl xtopology nonstop_tsc aperfmperf eagerfpu pni pclmulqdq dtes64 monitor ds_cpl vmx smx est tm2 ssse3 sdbg fma cx16 xtpr pdcm pcid dca sse4_1 sse4_2 x2apic movbe popcnt tsc_deadline_timer aes xsave avx f16c rdrand lahf_lm abm epb intel_ppin ssbd ibrs ibpb stibp tpr_shadow vnmi flexpriority ept vpid fsgsbase tsc_adjust bmi1 avx2 smep bmi2 erms invpcid cqm xsaveopt cqm_llc cqm_occup_llc dtherm ida arat pln pts md_clear spec_ctrl intel_stibp flush_l1d
bogomips	: 4788.16
clflush size	: 64
cache_alignment	: 64
address sizes	: 46 bits physical, 48 bits virtual
power management:

processor	: 19
vendor_id	: GenuineIntel
cpu family	: 6
model		: 63
model name	: Intel(R) Xeon(R) CPU E5-2630 v3 @ 2.40GHz
stepping	: 2
microcode	: 0x43
cpu MHz		: 3011.572
cache size	: 20480 KB
physical id	: 0
siblings	: 16
core id		: 3
cpu cores	: 8
apicid		: 7
initial apicid	: 7
fpu		: yes
fpu_exception	: yes
cpuid level	: 15
wp		: yes
flags		: fpu vme de pse tsc msr pae mce cx8 apic sep mtrr pge mca cmov pat pse36 clflush dts acpi mmx fxsr sse sse2 ss ht tm pbe syscall nx pdpe1gb rdtscp lm constant_tsc arch_perfmon pebs bts rep_good nopl xtopology nonstop_tsc aperfmperf eagerfpu pni pclmulqdq dtes64 monitor ds_cpl vmx smx est tm2 ssse3 sdbg fma cx16 xtpr pdcm pcid dca sse4_1 sse4_2 x2apic movbe popcnt tsc_deadline_timer aes xsave avx f16c rdrand lahf_lm abm epb intel_ppin ssbd ibrs ibpb stibp tpr_shadow vnmi flexpriority ept vpid fsgsbase tsc_adjust bmi1 avx2 smep bmi2 erms invpcid cqm xsaveopt cqm_llc cqm_occup_llc dtherm ida arat pln pts md_clear spec_ctrl intel_stibp flush_l1d
bogomips	: 4788.16
clflush size	: 64
cache_alignment	: 64
address sizes	: 46 bits physical, 48 bits virtual
power management:

processor	: 20
vendor_id	: GenuineIntel
cpu family	: 6
model		: 63
model name	: Intel(R) Xeon(R) CPU E5-2630 v3 @ 2.40GHz
stepping	: 2
microcode	: 0x43
cpu MHz		: 1893.164
cache size	: 20480 KB
physical id	: 0
siblings	: 16
core id		: 4
cpu cores	: 8
apicid		: 9
initial apicid	: 9
fpu		: yes
fpu_exception	: yes
cpuid level	: 15
wp		: yes
flags		: fpu vme de pse tsc msr pae mce cx8 apic sep mtrr pge mca cmov pat pse36 clflush dts acpi mmx fxsr sse sse2 ss ht tm pbe syscall nx pdpe1gb rdtscp lm constant_tsc arch_perfmon pebs bts rep_good nopl xtopology nonstop_tsc aperfmperf eagerfpu pni pclmulqdq dtes64 monitor ds_cpl vmx smx est tm2 ssse3 sdbg fma cx16 xtpr pdcm pcid dca sse4_1 sse4_2 x2apic movbe popcnt tsc_deadline_timer aes xsave avx f16c rdrand lahf_lm abm epb intel_ppin ssbd ibrs ibpb stibp tpr_shadow vnmi flexpriority ept vpid fsgsbase tsc_adjust bmi1 avx2 smep bmi2 erms invpcid cqm xsaveopt cqm_llc cqm_occup_llc dtherm ida arat pln pts md_clear spec_ctrl intel_stibp flush_l1d
bogomips	: 4788.16
clflush size	: 64
cache_alignment	: 64
address sizes	: 46 bits physical, 48 bits virtual
power management:

processor	: 21
vendor_id	: GenuineIntel
cpu family	: 6
model		: 63
model name	: Intel(R) Xeon(R) CPU E5-2630 v3 @ 2.40GHz
stepping	: 2
microcode	: 0x43
cpu MHz		: 2140.869
cache size	: 20480 KB
physical id	: 0
siblings	: 16
core id		: 5
cpu cores	: 8
apicid		: 11
initial apicid	: 11
fpu		: yes
fpu_exception	: yes
cpuid level	: 15
wp		: yes
flags		: fpu vme de pse tsc msr pae mce cx8 apic sep mtrr pge mca cmov pat pse36 clflush dts acpi mmx fxsr sse sse2 ss ht tm pbe syscall nx pdpe1gb rdtscp lm constant_tsc arch_perfmon pebs bts rep_good nopl xtopology nonstop_tsc aperfmperf eagerfpu pni pclmulqdq dtes64 monitor ds_cpl vmx smx est tm2 ssse3 sdbg fma cx16 xtpr pdcm pcid dca sse4_1 sse4_2 x2apic movbe popcnt tsc_deadline_timer aes xsave avx f16c rdrand lahf_lm abm epb intel_ppin ssbd ibrs ibpb stibp tpr_shadow vnmi flexpriority ept vpid fsgsbase tsc_adjust bmi1 avx2 smep bmi2 erms invpcid cqm xsaveopt cqm_llc cqm_occup_llc dtherm ida arat pln pts md_clear spec_ctrl intel_stibp flush_l1d
bogomips	: 4788.16
clflush size	: 64
cache_alignment	: 64
address sizes	: 46 bits physical, 48 bits virtual
power management:

processor	: 22
vendor_id	: GenuineIntel
cpu family	: 6
model		: 63
model name	: Intel(R) Xeon(R) CPU E5-2630 v3 @ 2.40GHz
stepping	: 2
microcode	: 0x43
cpu MHz		: 1293.164
cache size	: 20480 KB
physical id	: 0
siblings	: 16
core id		: 6
cpu cores	: 8
apicid		: 13
initial apicid	: 13
fpu		: yes
fpu_exception	: yes
cpuid level	: 15
wp		: yes
flags		: fpu vme de pse tsc msr pae mce cx8 apic sep mtrr pge mca cmov pat pse36 clflush dts acpi mmx fxsr sse sse2 ss ht tm pbe syscall nx pdpe1gb rdtscp lm constant_tsc arch_perfmon pebs bts rep_good nopl xtopology nonstop_tsc aperfmperf eagerfpu pni pclmulqdq dtes64 monitor ds_cpl vmx smx est tm2 ssse3 sdbg fma cx16 xtpr pdcm pcid dca sse4_1 sse4_2 x2apic movbe popcnt tsc_deadline_timer aes xsave avx f16c rdrand lahf_lm abm epb intel_ppin ssbd ibrs ibpb stibp tpr_shadow vnmi flexpriority ept vpid fsgsbase tsc_adjust bmi1 avx2 smep bmi2 erms invpcid cqm xsaveopt cqm_llc cqm_occup_llc dtherm ida arat pln pts md_clear spec_ctrl intel_stibp flush_l1d
bogomips	: 4788.16
clflush size	: 64
cache_alignment	: 64
address sizes	: 46 bits physical, 48 bits virtual
power management:

processor	: 23
vendor_id	: GenuineIntel
cpu family	: 6
model		: 63
model name	: Intel(R) Xeon(R) CPU E5-2630 v3 @ 2.40GHz
stepping	: 2
microcode	: 0x43
cpu MHz		: 1199.853
cache size	: 20480 KB
physical id	: 0
siblings	: 16
core id		: 7
cpu cores	: 8
apicid		: 15
initial apicid	: 15
fpu		: yes
fpu_exception	: yes
cpuid level	: 15
wp		: yes
flags		: fpu vme de pse tsc msr pae mce cx8 apic sep mtrr pge mca cmov pat pse36 clflush dts acpi mmx fxsr sse sse2 ss ht tm pbe syscall nx pdpe1gb rdtscp lm constant_tsc arch_perfmon pebs bts rep_good nopl xtopology nonstop_tsc aperfmperf eagerfpu pni pclmulqdq dtes64 monitor ds_cpl vmx smx est tm2 ssse3 sdbg fma cx16 xtpr pdcm pcid dca sse4_1 sse4_2 x2apic movbe popcnt tsc_deadline_timer aes xsave avx f16c rdrand lahf_lm abm epb intel_ppin ssbd ibrs ibpb stibp tpr_shadow vnmi flexpriority ept vpid fsgsbase tsc_adjust bmi1 avx2 smep bmi2 erms invpcid cqm xsaveopt cqm_llc cqm_occup_llc dtherm ida arat pln pts md_clear spec_ctrl intel_stibp flush_l1d
bogomips	: 4788.16
clflush size	: 64
cache_alignment	: 64
address sizes	: 46 bits physical, 48 bits virtual
power management:

processor	: 24
vendor_id	: GenuineIntel
cpu family	: 6
model		: 63
model name	: Intel(R) Xeon(R) CPU E5-2630 v3 @ 2.40GHz
stepping	: 2
microcode	: 0x43
cpu MHz		: 2603.906
cache size	: 20480 KB
physical id	: 1
siblings	: 16
core id		: 0
cpu cores	: 8
apicid		: 17
initial apicid	: 17
fpu		: yes
fpu_exception	: yes
cpuid level	: 15
wp		: yes
flags		: fpu vme de pse tsc msr pae mce cx8 apic sep mtrr pge mca cmov pat pse36 clflush dts acpi mmx fxsr sse sse2 ss ht tm pbe syscall nx pdpe1gb rdtscp lm constant_tsc arch_perfmon pebs bts rep_good nopl xtopology nonstop_tsc aperfmperf eagerfpu pni pclmulqdq dtes64 monitor ds_cpl vmx smx est tm2 ssse3 sdbg fma cx16 xtpr pdcm pcid dca sse4_1 sse4_2 x2apic movbe popcnt tsc_deadline_timer aes xsave avx f16c rdrand lahf_lm abm epb intel_ppin ssbd ibrs ibpb stibp tpr_shadow vnmi flexpriority ept vpid fsgsbase tsc_adjust bmi1 avx2 smep bmi2 erms invpcid cqm xsaveopt cqm_llc cqm_occup_llc dtherm ida arat pln pts md_clear spec_ctrl intel_stibp flush_l1d
bogomips	: 4793.27
clflush size	: 64
cache_alignment	: 64
address sizes	: 46 bits physical, 48 bits virtual
power management:

processor	: 25
vendor_id	: GenuineIntel
cpu family	: 6
model		: 63
model name	: Intel(R) Xeon(R) CPU E5-2630 v3 @ 2.40GHz
stepping	: 2
microcode	: 0x43
cpu MHz		: 2265.527
cache size	: 20480 KB
physical id	: 1
siblings	: 16
core id		: 1
cpu cores	: 8
apicid		: 19
initial apicid	: 19
fpu		: yes
fpu_exception	: yes
cpuid level	: 15
wp		: yes
flags		: fpu vme de pse tsc msr pae mce cx8 apic sep mtrr pge mca cmov pat pse36 clflush dts acpi mmx fxsr sse sse2 ss ht tm pbe syscall nx pdpe1gb rdtscp lm constant_tsc arch_perfmon pebs bts rep_good nopl xtopology nonstop_tsc aperfmperf eagerfpu pni pclmulqdq dtes64 monitor ds_cpl vmx smx est tm2 ssse3 sdbg fma cx16 xtpr pdcm pcid dca sse4_1 sse4_2 x2apic movbe popcnt tsc_deadline_timer aes xsave avx f16c rdrand lahf_lm abm epb intel_ppin ssbd ibrs ibpb stibp tpr_shadow vnmi flexpriority ept vpid fsgsbase tsc_adjust bmi1 avx2 smep bmi2 erms invpcid cqm xsaveopt cqm_llc cqm_occup_llc dtherm ida arat pln pts md_clear spec_ctrl intel_stibp flush_l1d
bogomips	: 4793.27
clflush size	: 64
cache_alignment	: 64
address sizes	: 46 bits physical, 48 bits virtual
power management:

processor	: 26
vendor_id	: GenuineIntel
cpu family	: 6
model		: 63
model name	: Intel(R) Xeon(R) CPU E5-2630 v3 @ 2.40GHz
stepping	: 2
microcode	: 0x43
cpu MHz		: 2213.378
cache size	: 20480 KB
physical id	: 1
siblings	: 16
core id		: 2
cpu cores	: 8
apicid		: 21
initial apicid	: 21
fpu		: yes
fpu_exception	: yes
cpuid level	: 15
wp		: yes
flags		: fpu vme de pse tsc msr pae mce cx8 apic sep mtrr pge mca cmov pat pse36 clflush dts acpi mmx fxsr sse sse2 ss ht tm pbe syscall nx pdpe1gb rdtscp lm constant_tsc arch_perfmon pebs bts rep_good nopl xtopology nonstop_tsc aperfmperf eagerfpu pni pclmulqdq dtes64 monitor ds_cpl vmx smx est tm2 ssse3 sdbg fma cx16 xtpr pdcm pcid dca sse4_1 sse4_2 x2apic movbe popcnt tsc_deadline_timer aes xsave avx f16c rdrand lahf_lm abm epb intel_ppin ssbd ibrs ibpb stibp tpr_shadow vnmi flexpriority ept vpid fsgsbase tsc_adjust bmi1 avx2 smep bmi2 erms invpcid cqm xsaveopt cqm_llc cqm_occup_llc dtherm ida arat pln pts md_clear spec_ctrl intel_stibp flush_l1d
bogomips	: 4793.27
clflush size	: 64
cache_alignment	: 64
address sizes	: 46 bits physical, 48 bits virtual
power management:

processor	: 27
vendor_id	: GenuineIntel
cpu family	: 6
model		: 63
model name	: Intel(R) Xeon(R) CPU E5-2630 v3 @ 2.40GHz
stepping	: 2
microcode	: 0x43
cpu MHz		: 2310.351
cache size	: 20480 KB
physical id	: 1
siblings	: 16
core id		: 3
cpu cores	: 8
apicid		: 23
initial apicid	: 23
fpu		: yes
fpu_exception	: yes
cpuid level	: 15
wp		: yes
flags		: fpu vme de pse tsc msr pae mce cx8 apic sep mtrr pge mca cmov pat pse36 clflush dts acpi mmx fxsr sse sse2 ss ht tm pbe syscall nx pdpe1gb rdtscp lm constant_tsc arch_perfmon pebs bts rep_good nopl xtopology nonstop_tsc aperfmperf eagerfpu pni pclmulqdq dtes64 monitor ds_cpl vmx smx est tm2 ssse3 sdbg fma cx16 xtpr pdcm pcid dca sse4_1 sse4_2 x2apic movbe popcnt tsc_deadline_timer aes xsave avx f16c rdrand lahf_lm abm epb intel_ppin ssbd ibrs ibpb stibp tpr_shadow vnmi flexpriority ept vpid fsgsbase tsc_adjust bmi1 avx2 smep bmi2 erms invpcid cqm xsaveopt cqm_llc cqm_occup_llc dtherm ida arat pln pts md_clear spec_ctrl intel_stibp flush_l1d
bogomips	: 4793.27
clflush size	: 64
cache_alignment	: 64
address sizes	: 46 bits physical, 48 bits virtual
power management:

processor	: 28
vendor_id	: GenuineIntel
cpu family	: 6
model		: 63
model name	: Intel(R) Xeon(R) CPU E5-2630 v3 @ 2.40GHz
stepping	: 2
microcode	: 0x43
cpu MHz		: 2229.931
cache size	: 20480 KB
physical id	: 1
siblings	: 16
core id		: 4
cpu cores	: 8
apicid		: 25
initial apicid	: 25
fpu		: yes
fpu_exception	: yes
cpuid level	: 15
wp		: yes
flags		: fpu vme de pse tsc msr pae mce cx8 apic sep mtrr pge mca cmov pat pse36 clflush dts acpi mmx fxsr sse sse2 ss ht tm pbe syscall nx pdpe1gb rdtscp lm constant_tsc arch_perfmon pebs bts rep_good nopl xtopology nonstop_tsc aperfmperf eagerfpu pni pclmulqdq dtes64 monitor ds_cpl vmx smx est tm2 ssse3 sdbg fma cx16 xtpr pdcm pcid dca sse4_1 sse4_2 x2apic movbe popcnt tsc_deadline_timer aes xsave avx f16c rdrand lahf_lm abm epb intel_ppin ssbd ibrs ibpb stibp tpr_shadow vnmi flexpriority ept vpid fsgsbase tsc_adjust bmi1 avx2 smep bmi2 erms invpcid cqm xsaveopt cqm_llc cqm_occup_llc dtherm ida arat pln pts md_clear spec_ctrl intel_stibp flush_l1d
bogomips	: 4793.27
clflush size	: 64
cache_alignment	: 64
address sizes	: 46 bits physical, 48 bits virtual
power management:

processor	: 29
vendor_id	: GenuineIntel
cpu family	: 6
model		: 63
model name	: Intel(R) Xeon(R) CPU E5-2630 v3 @ 2.40GHz
stepping	: 2
microcode	: 0x43
cpu MHz		: 2090.917
cache size	: 20480 KB
physical id	: 1
siblings	: 16
core id		: 5
cpu cores	: 8
apicid		: 27
initial apicid	: 27
fpu		: yes
fpu_exception	: yes
cpuid level	: 15
wp		: yes
flags		: fpu vme de pse tsc msr pae mce cx8 apic sep mtrr pge mca cmov pat pse36 clflush dts acpi mmx fxsr sse sse2 ss ht tm pbe syscall nx pdpe1gb rdtscp lm constant_tsc arch_perfmon pebs bts rep_good nopl xtopology nonstop_tsc aperfmperf eagerfpu pni pclmulqdq dtes64 monitor ds_cpl vmx smx est tm2 ssse3 sdbg fma cx16 xtpr pdcm pcid dca sse4_1 sse4_2 x2apic movbe popcnt tsc_deadline_timer aes xsave avx f16c rdrand lahf_lm abm epb intel_ppin ssbd ibrs ibpb stibp tpr_shadow vnmi flexpriority ept vpid fsgsbase tsc_adjust bmi1 avx2 smep bmi2 erms invpcid cqm xsaveopt cqm_llc cqm_occup_llc dtherm ida arat pln pts md_clear spec_ctrl intel_stibp flush_l1d
bogomips	: 4793.27
clflush size	: 64
cache_alignment	: 64
address sizes	: 46 bits physical, 48 bits virtual
power management:

processor	: 30
vendor_id	: GenuineIntel
cpu family	: 6
model		: 63
model name	: Intel(R) Xeon(R) CPU E5-2630 v3 @ 2.40GHz
stepping	: 2
microcode	: 0x43
cpu MHz		: 1397.753
cache size	: 20480 KB
physical id	: 1
siblings	: 16
core id		: 6
cpu cores	: 8
apicid		: 29
initial apicid	: 29
fpu		: yes
fpu_exception	: yes
cpuid level	: 15
wp		: yes
flags		: fpu vme de pse tsc msr pae mce cx8 apic sep mtrr pge mca cmov pat pse36 clflush dts acpi mmx fxsr sse sse2 ss ht tm pbe syscall nx pdpe1gb rdtscp lm constant_tsc arch_perfmon pebs bts rep_good nopl xtopology nonstop_tsc aperfmperf eagerfpu pni pclmulqdq dtes64 monitor ds_cpl vmx smx est tm2 ssse3 sdbg fma cx16 xtpr pdcm pcid dca sse4_1 sse4_2 x2apic movbe popcnt tsc_deadline_timer aes xsave avx f16c rdrand lahf_lm abm epb intel_ppin ssbd ibrs ibpb stibp tpr_shadow vnmi flexpriority ept vpid fsgsbase tsc_adjust bmi1 avx2 smep bmi2 erms invpcid cqm xsaveopt cqm_llc cqm_occup_llc dtherm ida arat pln pts md_clear spec_ctrl intel_stibp flush_l1d
bogomips	: 4793.27
clflush size	: 64
cache_alignment	: 64
address sizes	: 46 bits physical, 48 bits virtual
power management:

processor	: 31
vendor_id	: GenuineIntel
cpu family	: 6
model		: 63
model name	: Intel(R) Xeon(R) CPU E5-2630 v3 @ 2.40GHz
stepping	: 2
microcode	: 0x43
cpu MHz		: 1476.416
cache size	: 20480 KB
physical id	: 1
siblings	: 16
core id		: 7
cpu cores	: 8
apicid		: 31
initial apicid	: 31
fpu		: yes
fpu_exception	: yes
cpuid level	: 15
wp		: yes
flags		: fpu vme de pse tsc msr pae mce cx8 apic sep mtrr pge mca cmov pat pse36 clflush dts acpi mmx fxsr sse sse2 ss ht tm pbe syscall nx pdpe1gb rdtscp lm constant_tsc arch_perfmon pebs bts rep_good nopl xtopology nonstop_tsc aperfmperf eagerfpu pni pclmulqdq dtes64 monitor ds_cpl vmx smx est tm2 ssse3 sdbg fma cx16 xtpr pdcm pcid dca sse4_1 sse4_2 x2apic movbe popcnt tsc_deadline_timer aes xsave avx f16c rdrand lahf_lm abm epb intel_ppin ssbd ibrs ibpb stibp tpr_shadow vnmi flexpriority ept vpid fsgsbase tsc_adjust bmi1 avx2 smep bmi2 erms invpcid cqm xsaveopt cqm_llc cqm_occup_llc dtherm ida arat pln pts md_clear spec_ctrl intel_stibp flush_l1d
bogomips	: 4793.27
clflush size	: 64
cache_alignment	: 64
address sizes	: 46 bits physical, 48 bits virtual
power management:



Memory: 4k page, physical 263864180k(6348576k free), swap 0k(0k free)

vm_info: OpenJDK 64-Bit Server VM (25.212-b04) for linux-amd64 JRE (1.8.0_212-b04), built on Aug 12 2019 13:15:31 by "buildozer" with gcc 6.4.0

time: Fri Oct  4 18:55:14 2019
timezone: UTC
elapsed time: 1 seconds (0d 0h 0m 1s)

