#
# A fatal error has been detected by the Java Runtime Environment:
#
#  SIGSEGV (0xb) at pc=0x00007f469f4ad810, pid=1040, tid=0x00007f468309aae0
#
# JRE version: OpenJDK Runtime Environment (8.0_212-b04) (build 1.8.0_212-b04)
# Java VM: OpenJDK 64-Bit Server VM (25.212-b04 mixed mode linux-amd64 compressed oops)
# Derivative: IcedTea 3.12.0
# Distribution: Custom build (Mon Aug 12 12:56:32 UTC 2019)
# Problematic frame:
# C  [ld-musl-x86_64.so.1+0x53810]  pthread_setname_np+0x5e
#
# Core dump written. Default location: /workdir/hadoop-hdds/common/core or core.1040
#
# If you would like to submit a bug report, please include
# instructions on how to reproduce the bug and visit:
#   https://icedtea.classpath.org/bugzilla
#

---------------  T H R E A D  ---------------

Current thread is native thread

siginfo: si_signo: 11 (SIGSEGV), si_code: 1 (SEGV_MAPERR), si_addr: 0x0000000000000038

Registers:
RAX=0x00007f468309aae0, RBX=0x0000000000000022, RCX=0x0000000000000000, RDX=0x0000000000000000
RSP=0x00007f468309a680, RBP=0x0000000000000000, RSI=0x0000000000000000, RDI=0xff73725e6f6c7463
R8 =0x0000000000000000, R9 =0x8080808080808080, R10=0xfefefefefefefeff, R11=0x0000000000000212
R12=0x000055d924fdd418, R13=0x000000000000000f, R14=0x00007f468309aae0, R15=0x00007f469f6e6ae8
RIP=0x00007f469f4ad810, EFLAGS=0x0000000000010202, CSGSFS=0x0000000000000033, ERR=0x0000000000000004
  TRAPNO=0x000000000000000e

Top of Stack: (sp=0x00007f468309a680)
0x00007f468309a680:   0000000000000000 0000000000000000
0x00007f468309a690:   0000000000000000 0000000000000000
0x00007f468309a6a0:   0000000000000000 0000000000000000
0x00007f468309a6b0:   0000000000000000 000055d92510c2c0
0x00007f468309a6c0:   00007f468309a710 0000000000000000
0x00007f468309a6d0:   000055d92510c300 00007f4683915ec9
0x00007f468309a6e0:   0000000000000000 000055d925106040
0x00007f468309a6f0:   0000000000000000 00007f468309a760
0x00007f468309a700:   00007f468309aae0 00007f469f6e6ae8
0x00007f468309a710:   0000000000000000 00007f469e2ddf41
0x00007f468309a720:   0000000000000000 00007f468309aae0
0x00007f468309a730:   0000000000000000 00007f469f4ac6c2
0x00007f468309a740:   0000000000000000 0000000000000000
0x00007f468309a750:   0000000000017000 00007f469f4ae5b1
0x00007f468309a760:   0000000000000002 00007f468309aac0
0x00007f468309a770:   00007f468309a790 0000000000000000
0x00007f468309a780:   0000000000000000 0000000000000000
0x00007f468309a790:   0000000000000002 0000000000000000
0x00007f468309a7a0:   0000000000000000 0000000000000000
0x00007f468309a7b0:   0000000000000000 0000000000000000
0x00007f468309a7c0:   0000000000000000 0000000000000000
0x00007f468309a7d0:   0000000000000000 0000000000000000
0x00007f468309a7e0:   0000000000000000 0000000000000000
0x00007f468309a7f0:   0000000000000000 0000000000000000
0x00007f468309a800:   0000000000000000 0000000000000000
0x00007f468309a810:   0000000000000000 0000000000000000
0x00007f468309a820:   0000000000000000 0000000000000000
0x00007f468309a830:   0000000000000000 0000000000000000
0x00007f468309a840:   0000000000000000 0000000000000000
0x00007f468309a850:   0000000000000000 0000000000000000
0x00007f468309a860:   0000000000000000 0000000000000000
0x00007f468309a870:   0000000000000000 0000000000000000 

Instructions: (pc=0x00007f469f4ad810)
0x00007f469f4ad7f0:   31 d2 31 c0 4c 89 e6 bf 0f 00 00 00 e8 65 d8 fc
0x00007f469f4ad800:   ff 85 c0 89 c3 74 7e e8 25 a7 fc ff 8b 18 eb 75
0x00007f469f4ad810:   8b 4d 38 48 8d 5c 24 0e 48 8d 15 f2 92 03 00 be
0x00007f469f4ad820:   22 00 00 00 31 c0 48 89 df e8 35 68 ff ff 48 8d 

Register to memory mapping:

RAX=0x00007f468309aae0 is an unknown value
RBX=0x0000000000000022 is an unknown value
RCX=0x0000000000000000 is an unknown value
RDX=0x0000000000000000 is an unknown value
RSP=0x00007f468309a680 is an unknown value
RBP=0x0000000000000000 is an unknown value
RSI=0x0000000000000000 is an unknown value
RDI=0xff73725e6f6c7463 is an unknown value
R8 =0x0000000000000000 is an unknown value
R9 =0x8080808080808080 is an unknown value
R10=0xfefefefefefefeff is an unknown value
R11=0x0000000000000212 is an unknown value
R12=0x000055d924fdd418 is an unknown value
R13=0x000000000000000f is an unknown value
R14=0x00007f468309aae0 is an unknown value
R15=0x00007f469f6e6ae8: __utc+0x1fff68 in /lib/ld-musl-x86_64.so.1 at 0x00007f469f45a000


Stack: [0x00007f4683086000,0x00007f468309a760],  sp=0x00007f468309a680,  free space=81k
Native frames: (J=compiled Java code, j=interpreted, Vv=VM code, C=native code)
C  [ld-musl-x86_64.so.1+0x53810]  pthread_setname_np+0x5e

[error occurred during error reporting (printing native stack), id 0xb]


---------------  P R O C E S S  ---------------

VM state:not at safepoint (normal execution)

VM Mutex/Monitor currently owned by a thread: None

heap address: 0x0000000080000000, size: 2048 MB, Compressed Oops mode: 32-bit
Narrow klass base: 0x0000000000000000, Narrow klass shift: 3
Compressed class space size: 1073741824 Address: 0x0000000100000000

Heap:
 PSYoungGen      total 611840K, used 73472K [0x00000000d5580000, 0x0000000100000000, 0x0000000100000000)
  eden space 524800K, 14% used [0x00000000d5580000,0x00000000d9d40110,0x00000000f5600000)
  from space 87040K, 0% used [0x00000000fab00000,0x00000000fab00000,0x0000000100000000)
  to   space 87040K, 0% used [0x00000000f5600000,0x00000000f5600000,0x00000000fab00000)
 ParOldGen       total 1398272K, used 0K [0x0000000080000000, 0x00000000d5580000, 0x00000000d5580000)
  object space 1398272K, 0% used [0x0000000080000000,0x0000000080000000,0x00000000d5580000)
 Metaspace       used 10969K, capacity 11118K, committed 11264K, reserved 1058816K
  class space    used 1177K, capacity 1257K, committed 1280K, reserved 1048576K

Card table byte_map: [0x00007f468e206000,0x00007f468e607000] byte_map_base: 0x00007f468de06000

Marking Bits: (ParMarkBitMap*) 0x00007f469f018200
 Begin Bits: [0x00007f4689d57000, 0x00007f468bd57000)
 End Bits:   [0x00007f468bd57000, 0x00007f468dd57000)

Polling page: 0x00007f469f5e3000

CodeCache: size=245760Kb used=3066Kb max_used=3066Kb free=242693Kb
 bounds [0x00007f468e9c7000, 0x00007f468ecd7000, 0x00007f469d9c7000]
 total_blobs=1233 nmethods=834 adapters=313
 compilation: enabled

Compilation events (10 events):
Event: 1.753 Thread 0x000055d924179000  827       3       java.util.HashMap$HashIterator::<init> (79 bytes)
Event: 1.754 Thread 0x000055d924179000 nmethod 827 0x00007f468ecc0390 code [0x00007f468ecc0500, 0x00007f468ecc0890]
Event: 1.754 Thread 0x000055d92416c000  828       4       java.lang.String::indexOf (25 bytes)
Event: 1.758 Thread 0x000055d924179000  829       3       java.util.regex.Matcher::reset (83 bytes)
Event: 1.758 Thread 0x000055d924179000 nmethod 829 0x00007f468ecc0a10 code [0x00007f468ecc0ba0, 0x00007f468ecc1048]
Event: 1.758 Thread 0x000055d924179000  831       3       org.apache.maven.surefire.util.internal.StringUtils::escapeToPrintable (152 bytes)
Event: 1.762 Thread 0x000055d92416c000 nmethod 828 0x00007f468ecc4290 code [0x00007f468ecc4400, 0x00007f468ecc4858]
Event: 1.763 Thread 0x000055d924179000 nmethod 831 0x00007f468ecc4b90 code [0x00007f468ecc4f80, 0x00007f468ecc73a8]
Event: 1.763 Thread 0x000055d924179000  830       3       java.lang.Class::checkMemberAccess (49 bytes)
Event: 1.763 Thread 0x000055d924179000 nmethod 830 0x00007f468ecc39d0 code [0x00007f468ecc3b80, 0x00007f468ecc40d8]

GC Heap History (0 events):
No events

Deoptimization events (3 events):
Event: 0.370 Thread 0x000055d924025800 Uncommon trap: reason=unstable_if action=reinterpret pc=0x00007f468eae58d4 method=java.lang.String.indexOf([CII[CIII)I @ 3
Event: 1.033 Thread 0x000055d924025800 Uncommon trap: reason=unstable_if action=reinterpret pc=0x00007f468ec15ce0 method=java.lang.CharacterData.of(I)Ljava/lang/CharacterData; @ 4
Event: 1.035 Thread 0x000055d924025800 Uncommon trap: reason=unstable_if action=reinterpret pc=0x00007f468eb61d5c method=sun.nio.cs.UTF_8$Encoder.encode([CII[B)I @ 33

Classes redefined (0 events):
No events

Internal exceptions (10 events):
Event: 0.370 Thread 0x000055d924025800 Exception <a 'java/io/FileNotFoundException'> (0x00000000d857fd28) thrown at [/home/buildozer/aports/community/openjdk8/src/icedtea-3.12.0/openjdk/hotspot/src/share/vm/prims/jni.cpp, line 710]
Event: 0.989 Thread 0x000055d924025800 Exception <a 'java/lang/ArrayIndexOutOfBoundsException'> (0x00000000d9abb470) thrown at [/home/buildozer/aports/community/openjdk8/src/icedtea-3.12.0/openjdk/hotspot/src/share/vm/runtime/sharedRuntime.cpp, line 613]
Event: 0.989 Thread 0x000055d924025800 Exception <a 'java/lang/ArrayIndexOutOfBoundsException'> (0x00000000d9abc3d0) thrown at [/home/buildozer/aports/community/openjdk8/src/icedtea-3.12.0/openjdk/hotspot/src/share/vm/runtime/sharedRuntime.cpp, line 613]
Event: 0.989 Thread 0x000055d924025800 Exception <a 'java/lang/ArrayIndexOutOfBoundsException'> (0x00000000d9abd570) thrown at [/home/buildozer/aports/community/openjdk8/src/icedtea-3.12.0/openjdk/hotspot/src/share/vm/runtime/sharedRuntime.cpp, line 613]
Event: 0.990 Thread 0x000055d924025800 Exception <a 'java/lang/ArrayIndexOutOfBoundsException'> (0x00000000d9abefb8) thrown at [/home/buildozer/aports/community/openjdk8/src/icedtea-3.12.0/openjdk/hotspot/src/share/vm/runtime/sharedRuntime.cpp, line 613]
Event: 0.997 Thread 0x000055d924025800 Exception <a 'java/lang/ArrayIndexOutOfBoundsException'> (0x00000000d9ae7030) thrown at [/home/buildozer/aports/community/openjdk8/src/icedtea-3.12.0/openjdk/hotspot/src/share/vm/runtime/sharedRuntime.cpp, line 613]
Event: 0.997 Thread 0x000055d924025800 Exception <a 'java/lang/ArrayIndexOutOfBoundsException'> (0x00000000d9ae85a0) thrown at [/home/buildozer/aports/community/openjdk8/src/icedtea-3.12.0/openjdk/hotspot/src/share/vm/runtime/sharedRuntime.cpp, line 613]
Event: 0.998 Thread 0x000055d924025800 Exception <a 'java/lang/ArrayIndexOutOfBoundsException'> (0x00000000d9ae99f0) thrown at [/home/buildozer/aports/community/openjdk8/src/icedtea-3.12.0/openjdk/hotspot/src/share/vm/runtime/sharedRuntime.cpp, line 613]
Event: 1.003 Thread 0x000055d924025800 Exception <a 'java/lang/ArrayIndexOutOfBoundsException'> (0x00000000d9b0f678) thrown at [/home/buildozer/aports/community/openjdk8/src/icedtea-3.12.0/openjdk/hotspot/src/share/vm/runtime/sharedRuntime.cpp, line 613]
Event: 1.007 Thread 0x000055d924025800 Exception <a 'java/lang/ArrayIndexOutOfBoundsException'> (0x00000000d9b1d8e8) thrown at [/home/buildozer/aports/community/openjdk8/src/icedtea-3.12.0/openjdk/hotspot/src/share/vm/runtime/sharedRuntime.cpp, line 613]

Events (10 events):
Event: 1.040 loading class org/junit/internal/runners/model/MultipleFailureException
Event: 1.040 loading class org/junit/internal/runners/model/MultipleFailureException done
Event: 1.040 Thread 0x000055d924025800 DEOPT PACKING pc=0x00007f468ecaa81a sp=0x00007f469f6e3330
Event: 1.040 Thread 0x000055d924025800 DEOPT UNPACKING pc=0x00007f468ea0e4c4 sp=0x00007f469f6e3080 mode 0
Event: 1.040 Thread 0x000055d924025800 DEOPT PACKING pc=0x00007f468ecaa81a sp=0x00007f469f6e30b0
Event: 1.040 Thread 0x000055d924025800 DEOPT UNPACKING pc=0x00007f468ea0e4c4 sp=0x00007f469f6e2e00 mode 0
Event: 1.041 loading class org/junit/runner/notification/RunNotifier$7
Event: 1.041 loading class org/junit/runner/notification/RunNotifier$7 done
Event: 1.042 Thread 0x000055d924025800 DEOPT PACKING pc=0x00007f468ecaa81a sp=0x00007f469f6e4180
Event: 1.042 Thread 0x000055d924025800 DEOPT UNPACKING pc=0x00007f468ea0e4c4 sp=0x00007f469f6e3ed0 mode 0


Dynamic libraries:
80000000-100140000 rw-p 00000000 00:00 0 
100140000-140000000 ---p 00000000 00:00 0 
55d923b7a000-55d923b7b000 r-xp 00000000 fd:02 64628941                   /usr/lib/jvm/java-1.8-openjdk/jre/bin/java
55d923d7a000-55d923d7b000 r--p 00000000 fd:02 64628941                   /usr/lib/jvm/java-1.8-openjdk/jre/bin/java
55d923d7b000-55d923d7c000 rw-p 00001000 fd:02 64628941                   /usr/lib/jvm/java-1.8-openjdk/jre/bin/java
55d92400e000-55d925188000 rw-p 00000000 00:00 0                          [heap]
7f4682a0e000-7f468302d000 rw-p 00000000 00:00 0 
7f468302d000-7f468306d000 ---p 00000000 00:00 0 
7f468306d000-7f468306f000 ---p 00000000 00:00 0 
7f468306f000-7f4683084000 rw-p 00000000 00:00 0 
7f4683084000-7f4683086000 ---p 00000000 00:00 0 
7f4683086000-7f468309b000 rw-p 00000000 00:00 0 
7f468309b000-7f468309d000 ---p 00000000 00:00 0 
7f468309d000-7f4683496000 rw-p 00000000 00:00 0 
7f4683496000-7f46836bc000 r-xp 00000000 fd:02 64689225                   /usr/glibc-compat/lib/ld-2.28.so
7f46836bc000-7f46836bd000 r--p 00026000 fd:02 64689225                   /usr/glibc-compat/lib/ld-2.28.so
7f46836bd000-7f46836be000 rw-p 00027000 fd:02 64689225                   /usr/glibc-compat/lib/ld-2.28.so
7f46836be000-7f46836bf000 rw-p 00000000 00:00 0 
7f46836bf000-7f4683f57000 r-xp 00000000 fd:02 131864559                  /tmp/librocksdbjni6762046362618501325.so
7f4683f57000-7f4683f68000 r--p 00698000 fd:02 131864559                  /tmp/librocksdbjni6762046362618501325.so
7f4683f68000-7f4683f71000 rw-p 006a9000 fd:02 131864559                  /tmp/librocksdbjni6762046362618501325.so
7f4683f71000-7f4683f77000 rw-p 00000000 00:00 0 
7f4683f77000-7f4684188000 r-xp 00000000 fd:02 64628984                   /usr/lib/jvm/java-1.8-openjdk/jre/lib/amd64/libnio.so
7f4684188000-7f4684189000 r--p 00011000 fd:02 64628984                   /usr/lib/jvm/java-1.8-openjdk/jre/lib/amd64/libnio.so
7f4684189000-7f468418a000 rw-p 00012000 fd:02 64628984                   /usr/lib/jvm/java-1.8-openjdk/jre/lib/amd64/libnio.so
7f4684193000-7f4684195000 ---p 00000000 00:00 0 
7f4684195000-7f46841aa000 rw-p 00000000 00:00 0 
7f46841aa000-7f46841ac000 ---p 00000000 00:00 0 
7f46841ac000-7f46841c1000 rw-p 00000000 00:00 0 
7f46841c1000-7f46841c4000 r--s 00025000 fd:02 65145720                   /home/user/.m2/repository/org/apache/maven/shared/maven-shared-utils/3.1.0/maven-shared-utils-3.1.0.jar
7f46841c4000-7f46871c5000 rw-p 00000000 00:00 0 
7f46871c5000-7f46873db000 r-xp 00000000 fd:02 64628983                   /usr/lib/jvm/java-1.8-openjdk/jre/lib/amd64/libnet.so
7f46873db000-7f46873dc000 r--p 00016000 fd:02 64628983                   /usr/lib/jvm/java-1.8-openjdk/jre/lib/amd64/libnet.so
7f46873dc000-7f46873dd000 rw-p 00017000 fd:02 64628983                   /usr/lib/jvm/java-1.8-openjdk/jre/lib/amd64/libnet.so
7f46873dd000-7f46873e1000 r--s 00058000 fd:02 64629032                   /usr/lib/jvm/java-1.8-openjdk/jre/lib/jsse.jar
7f46873e1000-7f46873e4000 ---p 00000000 00:00 0 
7f46873e4000-7f468741b000 rw-p 00000000 00:00 0 
7f468741b000-7f468741c000 r--s 00006000 fd:02 131011738                  /home/user/.m2/repository/org/apache/maven/surefire/common-junit4/3.0.0-M1/common-junit4-3.0.0-M1.jar
7f468741c000-7f468741d000 r--s 00002000 fd:02 131011740                  /home/user/.m2/repository/org/apache/maven/surefire/common-junit3/3.0.0-M1/common-junit3-3.0.0-M1.jar
7f468741d000-7f468741e000 r--s 00007000 fd:02 131011742                  /home/user/.m2/repository/org/apache/maven/surefire/common-java5/3.0.0-M1/common-java5-3.0.0-M1.jar
7f468741e000-7f4687420000 r--s 00003000 fd:02 131011713                  /home/user/.m2/repository/org/apache/maven/surefire/surefire-junit4/3.0.0-M1/surefire-junit4-3.0.0-M1.jar
7f4687420000-7f4687422000 r--s 00009000 fd:02 65209076                   /home/user/.m2/repository/org/hamcrest/hamcrest-core/1.3/hamcrest-core-1.3.jar
7f4687422000-7f4687428000 r--s 00036000 fd:02 65081146                   /home/user/.m2/repository/junit/junit/4.11/junit-4.11.jar
7f4687428000-7f4687449000 r--s 00172000 fd:02 65079641                   /home/user/.m2/repository/com/google/guava/guava/11.0.2/guava-11.0.2.jar
7f4687449000-7f4687451000 r--s 0007b000 fd:02 65079757                   /home/user/.m2/repository/com/google/protobuf/protobuf-java/2.5.0/protobuf-java-2.5.0.jar
7f4687451000-7f4687456000 r--s 0003c000 fd:02 65080539                   /home/user/.m2/repository/info/picocli/picocli/3.9.6/picocli-3.9.6.jar
7f4687456000-7f468748a000 r--s 0051e000 fd:02 65143046                   /home/user/.m2/repository/org/apache/hadoop/hadoop-hdfs/3.2.0/hadoop-hdfs-3.2.0-tests.jar
7f468748a000-7f468748d000 r--s 0000e000 fd:02 65079279                   /home/user/.m2/repository/com/fasterxml/jackson/core/jackson-annotations/2.9.9/jackson-annotations-2.9.9.jar
7f468748d000-7f46874d2000 r--s 00486000 fd:02 65143058                   /home/user/.m2/repository/org/apache/hadoop/hadoop-hdfs-client/3.2.0/hadoop-hdfs-client-3.2.0.jar
7f46874d2000-7f46874f9000 r--s 00205000 fd:02 65080710                   /home/user/.m2/repository/io/netty/netty-all/4.0.52.Final/netty-all-4.0.52.Final.jar
7f46874f9000-7f4687512000 r--s 0012c000 fd:02 65080701                   /home/user/.m2/repository/io/netty/netty/3.10.5.Final/netty-3.10.5.Final.jar
7f4687512000-7f4687513000 r--s 00005000 fd:02 65080259                   /home/user/.m2/repository/commons-daemon/commons-daemon/1.0.13/commons-daemon-1.0.13.jar
7f4687513000-7f4687515000 r--s 00008000 fd:02 65208723                   /home/user/.m2/repository/org/eclipse/jetty/jetty-util-ajax/9.3.25.v20180904/jetty-util-ajax-9.3.25.v20180904.jar
7f4687515000-7f468755d000 r--s 00557000 fd:02 65143049                   /home/user/.m2/repository/org/apache/hadoop/hadoop-hdfs/3.2.0/hadoop-hdfs-3.2.0.jar
7f468755d000-7f468759b000 r--s 003aa000 fd:02 65143025                   /home/user/.m2/repository/org/apache/hadoop/hadoop-common/3.2.0/hadoop-common-3.2.0.jar
7f468759b000-7f46875a1000 r--s 0003c000 fd:02 65210198                   /home/user/.m2/repository/org/yaml/snakeyaml/1.16/snakeyaml-1.16.jar
7f46875a1000-7f46875a2000 r--s 00002000 fd:02 65080885                   /home/user/.m2/repository/io/opentracing/opentracing-noop/0.31.0/opentracing-noop-0.31.0.jar
7f46875a2000-7f46875a4000 r--s 00002000 fd:02 65080876                   /home/user/.m2/repository/io/opentracing/opentracing-api/0.31.0/opentracing-api-0.31.0.jar
7f46875a4000-7f46875a5000 r--s 00001000 fd:02 65080894                   /home/user/.m2/repository/io/opentracing/opentracing-util/0.31.0/opentracing-util-0.31.0.jar
7f46875a5000-7f46875a6000 r--s 00001000 fd:02 65080861                   /home/user/.m2/repository/io/opentracing/contrib/opentracing-tracerresolver/0.1.5/opentracing-tracerresolver-0.1.5.jar
7f46875a6000-7f46875a7000 r--s 00000000 fd:02 65080691                   /home/user/.m2/repository/io/jaegertracing/jaeger-tracerresolver/0.34.0/jaeger-tracerresolver-0.34.0.jar
7f46875a7000-7f46875ab000 r--s 0001c000 fd:02 65080673                   /home/user/.m2/repository/io/jaegertracing/jaeger-core/0.34.0/jaeger-core-0.34.0.jar
7f46875ab000-7f46875ac000 r--s 00013000 fd:02 65079922                   /home/user/.m2/repository/com/squareup/okio/okio/1.13.0/okio-1.13.0.jar
7f46875ac000-7f46875b2000 r--s 0005e000 fd:02 65079906                   /home/user/.m2/repository/com/squareup/okhttp3/okhttp/3.9.0/okhttp-3.9.0.jar
7f46875b2000-7f46875b8000 r--s 00037000 fd:02 65146132                   /home/user/.m2/repository/org/apache/thrift/libthrift/0.12.0/libthrift-0.12.0.jar
7f46875b8000-7f46875c6000 r--s 0009e000 fd:02 65080682                   /home/user/.m2/repository/io/jaegertracing/jaeger-thrift/0.34.0/jaeger-thrift-0.34.0.jar
7f46875c6000-7f46875c7000 r--s 00000000 fd:02 65080664                   /home/user/.m2/repository/io/jaegertracing/jaeger-client/0.34.0/jaeger-client-0.34.0.jar
7f46875c7000-7f46875ca000 r--s 00011000 fd:02 65209240                   /home/user/.m2/repository/org/junit/platform/junit-platform-commons/1.3.1/junit-platform-commons-1.3.1.jar
7f46875ca000-7f46875cb000 r--s 00001000 fd:02 65209391                   /home/user/.m2/repository/org/opentest4j/opentest4j/1.1.1/opentest4j-1.1.1.jar
7f46875cb000-7f46875cc000 r--s 00000000 fd:02 65146382                   /home/user/.m2/repository/org/apiguardian/apiguardian-api/1.0.0/apiguardian-api-1.0.0.jar
7f46875cc000-7f46875d0000 r--s 00019000 fd:02 65209230                   /home/user/.m2/repository/org/junit/jupiter/junit-jupiter-api/5.3.1/junit-jupiter-api-5.3.1.jar
7f46875d0000-7f46875d4000 r--s 00020000 fd:02 65080285                   /home/user/.m2/repository/commons-digester/commons-digester/1.8.1/commons-digester-1.8.1.jar
7f46875d4000-7f46875d8000 r--s 0002a000 fd:02 65080477                   /home/user/.m2/repository/commons-validator/commons-validator/1.6/commons-validator-1.6.jar
7f46875d8000-7f4687630000 r--s 003a7000 fd:02 65146433                   /home/user/.m2/repository/org/bouncycastle/bcprov-jdk15on/1.60/bcprov-jdk15on-1.60.jar
7f4687630000-7f4687643000 r--s 000b0000 fd:02 65146424                   /home/user/.m2/repository/org/bouncycastle/bcpkix-jdk15on/1.60/bcpkix-jdk15on-1.60.jar
7f4687643000-7f4687646000 r--s 0001d000 fd:02 65142908                   /home/user/.m2/repository/org/apache/commons/commons-pool2/2.6.0/commons-pool2-2.6.0.jar
7f4687646000-7f4687649000 r--s 00012000 fd:02 65079851                   /home/user/.m2/repository/com/lmax/disruptor/3.4.2/disruptor-3.4.2.jar
7f4687649000-7f4687669000 r--s 00167000 fd:02 65143492                   /home/user/.m2/repository/org/apache/logging/log4j/log4j-core/2.11.0/log4j-core-2.11.0.jar
7f4687669000-7f468766f000 r--s 0003b000 fd:02 65143483                   /home/user/.m2/repository/org/apache/logging/log4j/log4j-api/2.11.0/log4j-api-2.11.0.jar
7f468766f000-7f4687674000 r--s 00047000 fd:02 65080499                   /home/user/.m2/repository/dnsjava/dnsjava/2.1.7/dnsjava-2.1.7.jar
7f4687674000-7f468767a000 r--s 00078000 fd:02 65079453                   /home/user/.m2/repository/com/fasterxml/woodstox/woodstox-core/5.0.3/woodstox-core-5.0.3.jar
7f468767a000-7f468767e000 r--s 00024000 fd:02 65208608                   /home/user/.m2/repository/org/codehaus/woodstox/stax2-api/3.1.4/stax2-api-3.1.4.jar
7f468767e000-7f4687682000 r--s 0004c000 fd:02 65079296                   /home/user/.m2/repository/com/fasterxml/jackson/core/jackson-core/2.9.9/jackson-core-2.9.9.jar
7f4687682000-7f4687695000 r--s 00137000 fd:02 65079313                   /home/user/.m2/repository/com/fasterxml/jackson/core/jackson-databind/2.9.9/jackson-databind-2.9.9.jar
7f4687695000-7f4687697000 r--s 00006000 fd:02 65143457                   /home/user/.m2/repository/org/apache/kerby/kerby-xdr/1.0.1/kerby-xdr-1.0.1.jar
7f4687697000-7f4687698000 r--s 00004000 fd:02 65143361                   /home/user/.m2/repository/org/apache/kerby/kerb-identity/1.0.1/kerb-identity-1.0.1.jar
7f4687698000-7f468769b000 r--s 00012000 fd:02 65143370                   /home/user/.m2/repository/org/apache/kerby/kerb-server/1.0.1/kerb-server-1.0.1.jar
7f468769b000-7f468769e000 r--s 00011000 fd:02 65143316                   /home/user/.m2/repository/org/apache/kerby/kerb-admin/1.0.1/kerb-admin-1.0.1.jar
7f468769e000-7f468769f000 r--s 00004000 fd:02 65143466                   /home/user/.m2/repository/org/apache/kerby/token-provider/1.0.1/token-provider-1.0.1.jar
7f468769f000-7f46876a0000 r--s 00008000 fd:02 65143388                   /home/user/.m2/repository/org/apache/kerby/kerb-util/1.0.1/kerb-util-1.0.1.jar
7f46876a0000-7f46876a4000 r--s 00019000 fd:02 65143352                   /home/user/.m2/repository/org/apache/kerby/kerb-crypto/1.0.1/kerb-crypto-1.0.1.jar
7f46876a4000-7f46876a6000 r--s 0000e000 fd:02 65143334                   /home/user/.m2/repository/org/apache/kerby/kerb-common/1.0.1/kerb-common-1.0.1.jar
7f46876a6000-7f46876a7000 r--s 00009000 fd:02 65143448                   /home/user/.m2/repository/org/apache/kerby/kerby-util/1.0.1/kerby-util-1.0.1.jar
7f46876a7000-7f46876a9000 r--s 00017000 fd:02 65143403                   /home/user/.m2/repository/org/apache/kerby/kerby-asn1/1.0.1/kerby-asn1-1.0.1.jar
7f46876a9000-7f46876b0000 r--s 0002b000 fd:02 65143433                   /home/user/.m2/repository/org/apache/kerby/kerby-pkix/1.0.1/kerby-pkix-1.0.1.jar
7f46876b0000-7f46876b7000 r--s 00031000 fd:02 65143343                   /home/user/.m2/repository/org/apache/kerby/kerb-core/1.0.1/kerb-core-1.0.1.jar
7f46876b7000-7f46876b9000 r--s 00006000 fd:02 65143418                   /home/user/.m2/repository/org/apache/kerby/kerby-config/1.0.1/kerby-config-1.0.1.jar
7f46876b9000-7f46876bc000 r--s 00019000 fd:02 65143325                   /home/user/.m2/repository/org/apache/kerby/kerb-client/1.0.1/kerb-client-1.0.1.jar
7f46876bc000-7f46876bd000 r--s 00004000 fd:02 65143379                   /home/user/.m2/repository/org/apache/kerby/kerb-simplekdc/1.0.1/kerb-simplekdc-1.0.1.jar
7f46876bd000-7f46876c1000 r--s 00014000 fd:02 65210134                   /home/user/.m2/repository/org/tukaani/xz/1.0/xz-1.0.jar
7f46876c1000-7f46876c6000 r--s 00036000 fd:02 65081602                   /home/user/.m2/repository/org/apache/commons/commons-compress/1.4.1/commons-compress-1.4.1.jar
7f46876c6000-7f46876c7000 r--s 00004000 fd:02 65146351                   /home/user/.m2/repository/org/apache/yetus/audience-annotations/0.5.0/audience-annotations-0.5.0.jar
7f46876c7000-7f46876c9000 r--s 00014000 fd:02 65081102                   /home/user/.m2/repository/jline/jline/0.9.94/jline-0.9.94.jar
7f46876c9000-7f46876d6000 r--s 000d1000 fd:02 65146367                   /home/user/.m2/repository/org/apache/zookeeper/zookeeper/3.4.13/zookeeper-3.4.13.jar
7f46876d6000-7f46876f0000 r--s 00155000 fd:02 65143188                   /home/user/.m2/repository/org/apache/htrace/htrace-core4/4.1.0-incubating/htrace-core4-4.1.0-incubating.jar
7f46876f0000-7f46876f3000 r--s 00006000 fd:02 65079565                   /home/user/.m2/repository/com/google/code/findbugs/jsr305/3.0.0/jsr305-3.0.0.jar
7f46876f3000-7f46876fb000 r--s 0003e000 fd:02 65142951                   /home/user/.m2/repository/org/apache/curator/curator-recipes/2.12.0/curator-recipes-2.12.0.jar
7f46876fb000-7f4687732000 r--s 00219000 fd:02 65142933                   /home/user/.m2/repository/org/apache/curator/curator-client/2.12.0/curator-client-2.12.0.jar
7f4687732000-7f4687737000 r--s 00040000 fd:02 65079825                   /home/user/.m2/repository/com/jcraft/jsch/0.1.54/jsch-0.1.54.jar
7f4687737000-7f468773d000 r--s 0002c000 fd:02 65142942                   /home/user/.m2/repository/org/apache/curator/curator-framework/2.12.0/curator-framework-2.12.0.jar
7f468773d000-7f468773f000 r--s 0000c000 fd:02 65209437                   /home/user/.m2/repository/org/ow2/asm/asm/5.0.4/asm-5.0.4.jar
7f468773f000-7f4687741000 r--s 00006000 fd:02 65081334                   /home/user/.m2/repository/net/minidev/accessors-smart/1.2/accessors-smart-1.2.jar
7f4687741000-7f4687744000 r--s 0001b000 fd:02 65081343                   /home/user/.m2/repository/net/minidev/json-smart/2.3/json-smart-2.3.jar
7f4687744000-7f4687746000 r--s 00000000 fd:02 65079501                   /home/user/.m2/repository/com/github/stephenc/jcip/jcip-annotations/1.0-1/jcip-annotations-1.0-1.jar
7f4687746000-7f468774c000 r--s 00044000 fd:02 65079871                   /home/user/.m2/repository/com/nimbusds/nimbus-jose-jwt/4.41.1/nimbus-jose-jwt-4.41.1.jar
7f468774c000-7f468774e000 r--s 00020000 fd:02 65143004                   /home/user/.m2/repository/org/apache/hadoop/hadoop-auth/3.2.0/hadoop-auth-3.2.0.jar
7f468774e000-7f4687753000 r--s 0002a000 fd:02 65079575                   /home/user/.m2/repository/com/google/code/gson/gson/2.2.4/gson-2.2.4.jar
7f4687753000-7f4687755000 r--s 0001e000 fd:02 65079799                   /home/user/.m2/repository/com/google/re2j/re2j/1.1/re2j-1.1.jar
7f4687755000-7f4687757000 r--s 00130000 fd:02 65210169                   /home/user/.m2/repository/org/xerial/snappy/snappy-java/1.0.5/snappy-java-1.0.5.jar
7f4687757000-7f4687759000 r--s 00006000 fd:02 65080065                   /home/user/.m2/repository/com/thoughtworks/paranamer/paranamer/2.3/paranamer-2.3.jar
7f4687759000-7f4687762000 r--s 00062000 fd:02 65081564                   /home/user/.m2/repository/org/apache/avro/avro/1.7.7/avro-1.7.7.jar
7f4687762000-7f4687763000 r--s 00002000 fd:02 65209773                   /home/user/.m2/repository/org/slf4j/slf4j-log4j12/1.7.25/slf4j-log4j12-1.7.25.jar
7f4687763000-7f4687767000 r--s 00029000 fd:02 65142917                   /home/user/.m2/repository/org/apache/commons/commons-text/1.4/commons-text-1.4.jar
7f4687767000-7f468776f000 r--s 00072000 fd:02 65081651                   /home/user/.m2/repository/org/apache/commons/commons-lang3/3.7/commons-lang3-3.7.jar
7f468776f000-7f468777b000 r--s 0008b000 fd:02 65081619                   /home/user/.m2/repository/org/apache/commons/commons-configuration2/2.1.1/commons-configuration2-2.1.1.jar
7f468777b000-7f4687780000 r--s 00038000 fd:02 65080118                   /home/user/.m2/repository/commons-beanutils/commons-beanutils/1.9.4/commons-beanutils-1.9.4.jar
7f4687780000-7f4687789000 r--s 0006f000 fd:02 65081182                   /home/user/.m2/repository/log4j/log4j/1.2.17/log4j-1.2.17.jar
7f4687789000-7f468778b000 r--s 0000e000 fd:02 65080426                   /home/user/.m2/repository/commons-logging/commons-logging/1.1.3/commons-logging-1.1.3.jar
7f468778b000-7f468779b000 r--s 0009c000 fd:02 65079998                   /home/user/.m2/repository/com/sun/jersey/jersey-server/1.19/jersey-server-1.19.jar
7f468779b000-7f468779c000 r--s 00006000 fd:02 65146538                   /home/user/.m2/repository/org/codehaus/jackson/jackson-xc/1.9.13/jackson-xc-1.9.13.jar
7f468779c000-7f468779d000 r--s 00004000 fd:02 65146520                   /home/user/.m2/repository/org/codehaus/jackson/jackson-jaxrs/1.9.13/jackson-jaxrs-1.9.13.jar
7f468779d000-7f46877ab000 r--s 000b1000 fd:02 65146529                   /home/user/.m2/repository/org/codehaus/jackson/jackson-mapper-asl/1.9.13/jackson-mapper-asl-1.9.13.jar
7f46877ab000-7f46877af000 r--s 00035000 fd:02 65146511                   /home/user/.m2/repository/org/codehaus/jackson/jackson-core-asl/1.9.13/jackson-core-asl-1.9.13.jar
7f46877af000-7f46877b2000 r--s 00016000 fd:02 65081058                   /home/user/.m2/repository/javax/xml/bind/jaxb-api/2.2.11/jaxb-api-2.2.11.jar
7f46877b2000-7f46877c5000 r--s 000c7000 fd:02 65080033                   /home/user/.m2/repository/com/sun/xml/bind/jaxb-impl/2.2.3-1/jaxb-impl-2.2.3-1.jar
7f46877c5000-7f46877c7000 r--s 0000f000 fd:02 65146548                   /home/user/.m2/repository/org/codehaus/jettison/jettison/1.1/jettison-1.1.jar
7f46877c7000-7f46877cb000 r--s 00025000 fd:02 65079983                   /home/user/.m2/repository/com/sun/jersey/jersey-json/1.19/jersey-json-1.19.jar
7f46877cb000-7f46877cf000 r--s 0001c000 fd:02 65080007                   /home/user/.m2/repository/com/sun/jersey/jersey-servlet/1.19/jersey-servlet-1.19.jar
7f46877cf000-7f46877d1000 r--s 0000a000 fd:02 65081047                   /home/user/.m2/repository/javax/ws/rs/jsr311-api/1.1.1/jsr311-api-1.1.1.jar
7f46877d1000-7f46877db000 r--s 00061000 fd:02 65079974                   /home/user/.m2/repository/com/sun/jersey/jersey-core/1.19/jersey-core-1.19.jar
7f46877db000-7f46877de000 r--s 00016000 fd:02 65081003                   /home/user/.m2/repository/javax/servlet/jsp/jsp-api/2.1/jsp-api-2.1.jar
7f46877de000-7f46877df000 r--s 0000c000 fd:02 65208741                   /home/user/.m2/repository/org/eclipse/jetty/jetty-xml/9.3.25.v20180904/jetty-xml-9.3.25.v20180904.jar
7f46877df000-7f46877e2000 r--s 0001a000 fd:02 65208732                   /home/user/.m2/repository/org/eclipse/jetty/jetty-webapp/9.3.25.v20180904/jetty-webapp-9.3.25.v20180904.jar
7f46877e2000-7f46877e5000 r--s 00015000 fd:02 65208687                   /home/user/.m2/repository/org/eclipse/jetty/jetty-security/9.3.25.v20180904/jetty-security-9.3.25.v20180904.jar
7f46877e5000-7f46877e8000 r--s 0001b000 fd:02 65208705                   /home/user/.m2/repository/org/eclipse/jetty/jetty-servlet/9.3.25.v20180904/jetty-servlet-9.3.25.v20180904.jar
7f46877e8000-7f46877ef000 r--s 00069000 fd:02 65208714                   /home/user/.m2/repository/org/eclipse/jetty/jetty-util/9.3.25.v20180904/jetty-util-9.3.25.v20180904.jar
7f46877ef000-7f46877f3000 r--s 0001b000 fd:02 65208661                   /home/user/.m2/repository/org/eclipse/jetty/jetty-io/9.3.25.v20180904/jetty-io-9.3.25.v20180904.jar
7f46877f3000-7f46877f6000 r--s 00022000 fd:02 65208652                   /home/user/.m2/repository/org/eclipse/jetty/jetty-http/9.3.25.v20180904/jetty-http-9.3.25.v20180904.jar
7f46877f6000-7f46877fe000 r--s 00078000 fd:02 65208696                   /home/user/.m2/repository/org/eclipse/jetty/jetty-server/9.3.25.v20180904/jetty-server-9.3.25.v20180904.jar
7f46877fe000-7f4687801000 r--s 00015000 fd:02 65080993                   /home/user/.m2/repository/javax/servlet/javax.servlet-api/3.1.0/javax.servlet-api-3.1.0.jar
7f4687801000-7f468780e000 r--s 00083000 fd:02 65080239                   /home/user/.m2/repository/commons-collections/commons-collections/3.2.2/commons-collections-3.2.2.jar
7f468780e000-7f4687814000 r--s 00046000 fd:02 65080451                   /home/user/.m2/repository/commons-net/commons-net/3.6/commons-net-3.6.jar
7f4687814000-7f4687818000 r--s 0002f000 fd:02 65080349                   /home/user/.m2/repository/commons-io/commons-io/2.5/commons-io-2.5.jar
7f4687818000-7f468781f000 r--s 0004b000 fd:02 65080171                   /home/user/.m2/repository/commons-codec/commons-codec/1.11/commons-codec-1.11.jar
7f468781f000-7f4687826000 r--s 00049000 fd:02 65143265                   /home/user/.m2/repository/org/apache/httpcomponents/httpcore/4.4.4/httpcore-4.4.4.jar
7f4687826000-7f4687833000 r--s 000a7000 fd:02 65143212                   /home/user/.m2/repository/org/apache/httpcomponents/httpclient/4.5.2/httpclient-4.5.2.jar
7f4687833000-7f4687850000 r--s 0016a000 fd:02 65142787                   /home/user/.m2/repository/org/apache/commons/commons-math3/3.1.1/commons-math3-3.1.1.jar
7f4687850000-7f4687852000 r--s 00009000 fd:02 65080153                   /home/user/.m2/repository/commons-cli/commons-cli/1.2/commons-cli-1.2.jar
7f4687852000-7f46878cb000 r--s 007c0000 fd:02 64629074                   /usr/lib/jvm/java-1.8-openjdk/lib/tools.jar
7f46878cb000-7f46878cc000 r--s 0000e000 fd:02 65142995                   /home/user/.m2/repository/org/apache/hadoop/hadoop-annotations/3.2.0/hadoop-annotations-3.2.0.jar
7f46878cc000-7f46878f7000 r--s 00297000 fd:02 65143022                   /home/user/.m2/repository/org/apache/hadoop/hadoop-common/3.2.0/hadoop-common-3.2.0-tests.jar
7f46878f7000-7f46878fc000 r--s 00c4f000 fd:02 65209706                   /home/user/.m2/repository/org/rocksdb/rocksdbjni/6.0.1/rocksdbjni-6.0.1.jar
7f46878fc000-7f46878fe000 r--s 00002000 fd:02 65079603                   /home/user/.m2/repository/com/google/errorprone/error_prone_annotations/2.2.0/error_prone_annotations-2.2.0.jar
7f46878fe000-7f4687900000 r--s 00019000 fd:02 131011759                  /home/user/.m2/repository/org/apache/ratis/ratis-grpc/0.5.0-201fc85-SNAPSHOT/ratis-grpc-0.5.0-201fc85-SNAPSHOT.jar
7f4687900000-7f4687902000 r--s 00007000 fd:02 131011757                  /home/user/.m2/repository/org/apache/ratis/ratis-netty/0.5.0-201fc85-SNAPSHOT/ratis-netty-0.5.0-201fc85-SNAPSHOT.jar
7f4687902000-7f4687904000 r--s 00009000 fd:02 65080529                   /home/user/.m2/repository/info/ganglia/gmetric4j/gmetric4j/1.0.7/gmetric4j-1.0.7.jar
7f4687904000-7f4687905000 r--s 00002000 fd:02 65080560                   /home/user/.m2/repository/io/dropwizard/metrics/metrics-ganglia/3.2.5/metrics-ganglia-3.2.5.jar
7f4687905000-7f4687907000 r--s 00008000 fd:02 65080569                   /home/user/.m2/repository/io/dropwizard/metrics/metrics-jvm/3.2.5/metrics-jvm-3.2.5.jar
7f4687907000-7f4687908000 r--s 00003000 fd:02 65079490                   /home/user/.m2/repository/com/github/joshelser/dropwizard-metrics-hadoop-metrics2-reporter/0.1.2/dropwizard-metrics-hadoop-metrics2-reporter-0.1.2.jar
7f4687908000-7f4687909000 r--s 00006000 fd:02 72816577                   /home/user/.m2/repository/org/apache/ratis/ratis-metrics/0.5.0-201fc85-SNAPSHOT/ratis-metrics-0.5.0-201fc85-SNAPSHOT.jar
7f4687909000-7f4687917000 r--s 0010d000 fd:02 48767578                   /home/user/.m2/repository/org/apache/ratis/ratis-proto/0.5.0-201fc85-SNAPSHOT/ratis-proto-0.5.0-201fc85-SNAPSHOT.jar
7f4687917000-7f46879f1000 r--s 00cc8000 fd:02 65146082                   /home/user/.m2/repository/org/apache/ratis/ratis-thirdparty-misc/0.2.0/ratis-thirdparty-misc-0.2.0.jar
7f46879f1000-7f46879f4000 ---p 00000000 00:00 0 
7f46879f4000-7f4687af2000 rw-p 00000000 00:00 0 
7f4687af2000-7f4687cf9000 r-xp 00000000 fd:02 64628981                   /usr/lib/jvm/java-1.8-openjdk/jre/lib/amd64/libmanagement.so
7f4687cf9000-7f4687cfa000 r--p 00007000 fd:02 64628981                   /usr/lib/jvm/java-1.8-openjdk/jre/lib/amd64/libmanagement.so
7f4687cfa000-7f4687cfb000 rw-p 00008000 fd:02 64628981                   /usr/lib/jvm/java-1.8-openjdk/jre/lib/amd64/libmanagement.so
7f4687cfb000-7f4687cfe000 ---p 00000000 00:00 0 
7f4687cfe000-7f4687dfc000 rw-p 00000000 00:00 0 
7f4687dfc000-7f4687dfd000 ---p 00000000 00:00 0 
7f4687dfd000-7f4687efe000 rw-p 00000000 00:00 0 
7f4687efe000-7f4687f01000 ---p 00000000 00:00 0 
7f4687f01000-7f4687fff000 rw-p 00000000 00:00 0 
7f4687fff000-7f4688000000 ---p 00000000 00:00 0 
7f4688000000-7f4688003000 ---p 00000000 00:00 0 
7f4688003000-7f4688101000 rw-p 00000000 00:00 0 
7f4688101000-7f4688102000 ---p 00000000 00:00 0 
7f4688102000-7f4688105000 ---p 00000000 00:00 0 
7f4688105000-7f4688203000 rw-p 00000000 00:00 0 
7f4688203000-7f4688206000 ---p 00000000 00:00 0 
7f4688206000-7f4688304000 rw-p 00000000 00:00 0 
7f4688304000-7f4688307000 ---p 00000000 00:00 0 
7f4688307000-7f4688405000 rw-p 00000000 00:00 0 
7f4688405000-7f4688408000 ---p 00000000 00:00 0 
7f4688408000-7f4688506000 rw-p 00000000 00:00 0 
7f4688506000-7f4688507000 ---p 00000000 00:00 0 
7f4688507000-7f4688f11000 rw-p 00000000 00:00 0 
7f4688f11000-7f46890e1000 r--s 01f56000 fd:02 64629046                   /usr/lib/jvm/java-1.8-openjdk/jre/lib/rt.jar
7f46890e1000-7f468dd57000 rw-p 00000000 00:00 0 
7f468dd57000-7f468dd58000 ---p 00000000 00:00 0 
7f468dd58000-7f468de59000 rw-p 00000000 00:00 0 
7f468de59000-7f468de5a000 ---p 00000000 00:00 0 
7f468de5a000-7f468e614000 rw-p 00000000 00:00 0 
7f468e614000-7f468e9c7000 ---p 00000000 00:00 0 
7f468e9c7000-7f468ecd7000 rwxp 00000000 00:00 0 
7f468ecd7000-7f469d9c7000 ---p 00000000 00:00 0 
7f469d9c7000-7f469dbce000 r-xp 00000000 fd:02 64628990                   /usr/lib/jvm/java-1.8-openjdk/jre/lib/amd64/libzip.so
7f469dbce000-7f469dbcf000 r--p 00007000 fd:02 64628990                   /usr/lib/jvm/java-1.8-openjdk/jre/lib/amd64/libzip.so
7f469dbcf000-7f469dbd0000 rw-p 00008000 fd:02 64628990                   /usr/lib/jvm/java-1.8-openjdk/jre/lib/amd64/libzip.so
7f469dbd0000-7f469ddfb000 r-xp 00000000 fd:02 64628971                   /usr/lib/jvm/java-1.8-openjdk/jre/lib/amd64/libjava.so
7f469ddfb000-7f469ddfc000 r--p 0002b000 fd:02 64628971                   /usr/lib/jvm/java-1.8-openjdk/jre/lib/amd64/libjava.so
7f469ddfc000-7f469ddfd000 rw-p 0002c000 fd:02 64628971                   /usr/lib/jvm/java-1.8-openjdk/jre/lib/amd64/libjava.so
7f469ddfd000-7f469ddfe000 rw-p 00000000 00:00 0 
7f469ddfe000-7f469e00a000 r-xp 00000000 fd:02 64628989                   /usr/lib/jvm/java-1.8-openjdk/jre/lib/amd64/libverify.so
7f469e00a000-7f469e00c000 r--p 0000c000 fd:02 64628989                   /usr/lib/jvm/java-1.8-openjdk/jre/lib/amd64/libverify.so
7f469e00c000-7f469e00d000 rw-p 0000e000 fd:02 64628989                   /usr/lib/jvm/java-1.8-openjdk/jre/lib/amd64/libverify.so
7f469e00d000-7f469e21d000 r-xp 00000000 fd:02 64629147                   /usr/lib/libgcc_s.so.1
7f469e21d000-7f469e21e000 r--p 00010000 fd:02 64629147                   /usr/lib/libgcc_s.so.1
7f469e21e000-7f469e21f000 rw-p 00011000 fd:02 64629147                   /usr/lib/libgcc_s.so.1
7f469e21f000-7f469e560000 r-xp 00000000 fd:02 64629270                   /usr/lib/libstdc++.so.6.0.22
7f469e560000-7f469e56e000 r--p 00141000 fd:02 64629270                   /usr/lib/libstdc++.so.6.0.22
7f469e56e000-7f469e56f000 rw-p 0014f000 fd:02 64629270                   /usr/lib/libstdc++.so.6.0.22
7f469e56f000-7f469e572000 rw-p 00000000 00:00 0 
7f469e572000-7f469ef46000 r-xp 00000000 fd:02 64628994                   /usr/lib/jvm/java-1.8-openjdk/jre/lib/amd64/server/libjvm.so
7f469ef46000-7f469efdc000 r--p 007d4000 fd:02 64628994                   /usr/lib/jvm/java-1.8-openjdk/jre/lib/amd64/server/libjvm.so
7f469efdc000-7f469f004000 rw-p 0086a000 fd:02 64628994                   /usr/lib/jvm/java-1.8-openjdk/jre/lib/amd64/server/libjvm.so
7f469f004000-7f469f035000 rw-p 00000000 00:00 0 
7f469f035000-7f469f24a000 r-xp 00000000 fd:02 102564881                  /lib/libz.so.1.2.11
7f469f24a000-7f469f24b000 r--p 00015000 fd:02 102564881                  /lib/libz.so.1.2.11
7f469f24b000-7f469f24c000 rw-p 00016000 fd:02 102564881                  /lib/libz.so.1.2.11
7f469f24c000-7f469f458000 r-xp 00000000 fd:02 64628955                   /usr/lib/jvm/java-1.8-openjdk/jre/lib/amd64/jli/libjli.so
7f469f458000-7f469f459000 r--p 0000c000 fd:02 64628955                   /usr/lib/jvm/java-1.8-openjdk/jre/lib/amd64/jli/libjli.so
7f469f459000-7f469f45a000 rw-p 0000d000 fd:02 64628955                   /usr/lib/jvm/java-1.8-openjdk/jre/lib/amd64/jli/libjli.so
7f469f45a000-7f469f4e7000 r-xp 00000000 fd:02 64623048                   /lib/ld-musl-x86_64.so.1
7f469f4e7000-7f469f4e9000 r--s 00009000 fd:02 65209747                   /home/user/.m2/repository/org/slf4j/slf4j-api/1.7.25/slf4j-api-1.7.25.jar
7f469f4e9000-7f469f4eb000 r--s 0000c000 fd:02 48767585                   /home/user/.m2/repository/org/apache/ratis/ratis-client/0.5.0-201fc85-SNAPSHOT/ratis-client-0.5.0-201fc85-SNAPSHOT.jar
7f469f4eb000-7f469f4f0000 r--s 0003a000 fd:02 48767580                   /home/user/.m2/repository/org/apache/ratis/ratis-common/0.5.0-201fc85-SNAPSHOT/ratis-common-0.5.0-201fc85-SNAPSHOT.jar
7f469f4f0000-7f469f4f5000 r--s 00053000 fd:02 48767551                   /home/user/.m2/repository/org/apache/ratis/ratis-server/0.5.0-201fc85-SNAPSHOT/ratis-server-0.5.0-201fc85-SNAPSHOT.jar
7f469f4f5000-7f469f4f8000 r--s 000fd000 fd:02 65208803                   /home/user/.m2/repository/org/fusesource/leveldbjni/leveldbjni-all/1.8/leveldbjni-all-1.8.jar
7f469f4f8000-7f469f4fa000 r--s 00005000 fd:02 65080932                   /home/user/.m2/repository/javax/annotation/javax.annotation-api/1.2/javax.annotation-api-1.2.jar
7f469f4fa000-7f469f4fc000 r--s 00002000 fd:02 65145771                   /home/user/.m2/repository/org/apache/maven/surefire/surefire-logger-api/3.0.0-M1/surefire-logger-api-3.0.0-M1.jar
7f469f4fc000-7f469f501000 r--s 00027000 fd:02 65145753                   /home/user/.m2/repository/org/apache/maven/surefire/surefire-api/3.0.0-M1/surefire-api-3.0.0-M1.jar
7f469f501000-7f469f507000 r--s 00047000 fd:02 65145762                   /home/user/.m2/repository/org/apache/maven/surefire/surefire-booter/3.0.0-M1/surefire-booter-3.0.0-M1.jar
7f469f507000-7f469f508000 r--s 00003000 fd:04 28577347                   /workdir/hadoop-hdds/common/target/surefire/surefirebooter2004101241473369961.jar
7f469f508000-7f469f509000 r--s 00000000 fd:02 102564817                  /etc/localtime
7f469f509000-7f469f5da000 rw-p 00000000 00:00 0 
7f469f5da000-7f469f5e2000 rw-s 00000000 fd:02 131011763                  /tmp/hsperfdata_jenkins1000/1040
7f469f5e2000-7f469f5e3000 rw-p 00000000 00:00 0 
7f469f5e3000-7f469f5e4000 r--p 00000000 00:00 0 
7f469f5e4000-7f469f5e6000 ---p 00000000 00:00 0 
7f469f5e6000-7f469f5e9000 ---p 00000000 00:00 0 
7f469f5e9000-7f469f6e7000 rw-p 00000000 00:00 0 
7f469f6e7000-7f469f6e8000 r--p 0008d000 fd:02 64623048                   /lib/ld-musl-x86_64.so.1
7f469f6e8000-7f469f6e9000 rw-p 0008e000 fd:02 64623048                   /lib/ld-musl-x86_64.so.1
7f469f6e9000-7f469f6ec000 rw-p 00000000 00:00 0 
7ffe82e83000-7ffe82ea5000 rw-p 00000000 00:00 0                          [stack]
7ffe82f55000-7ffe82f57000 r-xp 00000000 00:00 0                          [vdso]
ffffffffff600000-ffffffffff601000 r-xp 00000000 00:00 0                  [vsyscall]

VM Arguments:
jvm_args: -Xmx2048m -XX:+HeapDumpOnOutOfMemoryError 
java_command: /workdir/hadoop-hdds/common/target/surefire/surefirebooter2004101241473369961.jar /workdir/hadoop-hdds/common/target/surefire 2019-10-02T06-46-11_266-jvmRun1 surefire6505081867908697967tmp surefire_167848357062861311489tmp
java_class_path (initial): /workdir/hadoop-hdds/common/target/surefire/surefirebooter2004101241473369961.jar
Launcher Type: SUN_STANDARD

Environment Variables:
PATH=/usr/local/sbin:/usr/local/bin:/usr/sbin:/usr/bin:/sbin:/bin:/opt/findbugs/bin:/opt/blockade/bin
LD_LIBRARY_PATH=/usr/lib/jvm/java-1.8-openjdk/jre/lib/amd64/server:/usr/lib/jvm/java-1.8-openjdk/jre/lib/amd64:/usr/lib/jvm/java-1.8-openjdk/jre/../lib/amd64:/workdir/hadoop-hdds/common/target/native/target/usr/local/lib:/workdir/hadoop-hdds/common/../../hadoop-common-project/hadoop-common/target/native/target/usr/local/lib
DYLD_LIBRARY_PATH=${env.DYLD_LIBRARY_PATH}:/workdir/hadoop-hdds/common/target/native/target/usr/local/lib:/workdir/hadoop-hdds/common/../../hadoop-common-project/hadoop-common/target/native/target/usr/local/lib

Signal Handlers:
SIGSEGV: [libjvm.so+0x600fd2], sa_mask[0]=11111111011111111101111111111110, sa_flags=SA_RESTART|SA_SIGINFO
SIGBUS: [libjvm.so+0x600fd2], sa_mask[0]=11111111011111111101111111111110, sa_flags=SA_RESTART|SA_SIGINFO
SIGFPE: [libjvm.so+0x539502], sa_mask[0]=11111111011111111101111111111110, sa_flags=SA_RESTART|SA_SIGINFO
SIGPIPE: [libjvm.so+0x539502], sa_mask[0]=11111111011111111101111111111110, sa_flags=SA_RESTART|SA_SIGINFO
SIGXFSZ: [libjvm.so+0x539502], sa_mask[0]=11111111011111111101111111111110, sa_flags=SA_RESTART|SA_SIGINFO
SIGILL: [libjvm.so+0x539502], sa_mask[0]=11111111011111111101111111111110, sa_flags=SA_RESTART|SA_SIGINFO
SIGUSR1: SIG_DFL, sa_mask[0]=00000000000000000000000000000000, sa_flags=none
SIGUSR2: [libjvm.so+0x5396a1], sa_mask[0]=00100000000000000000000000000000, sa_flags=SA_RESTART|SA_SIGINFO
SIGHUP: [libjvm.so+0x53b719], sa_mask[0]=11111111011111111101111111111110, sa_flags=SA_RESTART|SA_SIGINFO
SIGINT: [libjvm.so+0x53b719], sa_mask[0]=11111111011111111101111111111110, sa_flags=SA_RESTART|SA_SIGINFO
SIGTERM: [libjvm.so+0x53b719], sa_mask[0]=11111111011111111101111111111110, sa_flags=SA_RESTART|SA_SIGINFO
SIGQUIT: [libjvm.so+0x53b719], sa_mask[0]=11111111011111111101111111111110, sa_flags=SA_RESTART|SA_SIGINFO


---------------  S Y S T E M  ---------------

OS:NAME="Alpine Linux"
ID=alpine
VERSION_ID=3.8.2
PRETTY_NAME="Alpine Linux v3.8"
HOME_URL="http://alpinelinux.org"
BUG_REPORT_URL="http://bugs.alpinelinux.org"

uname:Linux 3.10.0-957.12.2.el7.x86_64 #1 SMP Tue May 14 21:24:32 UTC 2019 x86_64
libc:glibc 2.9 NPTL 
rlimit: STACK 8192k, CORE infinity, NPROC 1048576, NOFILE 1048576, AS infinity
load average:7.64 10.00 7.90

/proc/meminfo:
MemTotal:       263864160 kB
MemFree:         1735920 kB
MemAvailable:   229873692 kB
Buffers:        13690840 kB
Cached:         202652420 kB
SwapCached:            0 kB
Active:         153350656 kB
Inactive:       89746620 kB
Active(anon):   28991140 kB
Inactive(anon):  1369596 kB
Active(file):   124359516 kB
Inactive(file): 88377024 kB
Unevictable:       13856 kB
Mlocked:           13856 kB
SwapTotal:             0 kB
SwapFree:              0 kB
Dirty:             16132 kB
Writeback:            28 kB
AnonPages:      26766420 kB
Mapped:           303416 kB
Shmem:           3602632 kB
Slab:           17104488 kB
SReclaimable:   16285412 kB
SUnreclaim:       819076 kB
KernelStack:      105264 kB
PageTables:        88752 kB
NFS_Unstable:          0 kB
Bounce:                0 kB
WritebackTmp:          0 kB
CommitLimit:    131932080 kB
Committed_AS:   71469164 kB
VmallocTotal:   34359738367 kB
VmallocUsed:      718104 kB
VmallocChunk:   34224670720 kB
HardwareCorrupted:     0 kB
AnonHugePages:   3166208 kB
CmaTotal:              0 kB
CmaFree:               0 kB
HugePages_Total:       0
HugePages_Free:        0
HugePages_Rsvd:        0
HugePages_Surp:        0
Hugepagesize:       2048 kB
DirectMap4k:      494312 kB
DirectMap2M:    15126528 kB
DirectMap1G:    254803968 kB

container (cgroup) information:
container_type: cgroupv1
cpu_cpuset_cpus: 0-31
cpu_memory_nodes: 0-1
active_processor_count: 2
cpu_quota: -1
cpu_period: 100000
cpu_shares: 2048
memory_limit_in_bytes: -1
memory_and_swap_limit_in_bytes: -1
memory_soft_limit_in_bytes: -1
memory_usage_in_bytes: 2704846848
memory_max_usage_in_bytes: 3196985344


CPU:total 32 (initial active 2) (8 cores per cpu, 2 threads per core) family 6 model 63 stepping 2, cmov, cx8, fxsr, mmx, sse, sse2, sse3, ssse3, sse4.1, sse4.2, popcnt, avx, avx2, aes, clmul, erms, lzcnt, ht, tsc, tscinvbit, bmi1, bmi2

/proc/cpuinfo:
processor	: 0
vendor_id	: GenuineIntel
cpu family	: 6
model		: 63
model name	: Intel(R) Xeon(R) CPU E5-2630 v3 @ 2.40GHz
stepping	: 2
microcode	: 0x43
cpu MHz		: 1295.214
cache size	: 20480 KB
physical id	: 0
siblings	: 16
core id		: 0
cpu cores	: 8
apicid		: 0
initial apicid	: 0
fpu		: yes
fpu_exception	: yes
cpuid level	: 15
wp		: yes
flags		: fpu vme de pse tsc msr pae mce cx8 apic sep mtrr pge mca cmov pat pse36 clflush dts acpi mmx fxsr sse sse2 ss ht tm pbe syscall nx pdpe1gb rdtscp lm constant_tsc arch_perfmon pebs bts rep_good nopl xtopology nonstop_tsc aperfmperf eagerfpu pni pclmulqdq dtes64 monitor ds_cpl vmx smx est tm2 ssse3 sdbg fma cx16 xtpr pdcm pcid dca sse4_1 sse4_2 x2apic movbe popcnt tsc_deadline_timer aes xsave avx f16c rdrand lahf_lm abm epb intel_ppin ssbd ibrs ibpb stibp tpr_shadow vnmi flexpriority ept vpid fsgsbase tsc_adjust bmi1 avx2 smep bmi2 erms invpcid cqm xsaveopt cqm_llc cqm_occup_llc dtherm ida arat pln pts md_clear spec_ctrl intel_stibp flush_l1d
bogomips	: 4788.46
clflush size	: 64
cache_alignment	: 64
address sizes	: 46 bits physical, 48 bits virtual
power management:

processor	: 1
vendor_id	: GenuineIntel
cpu family	: 6
model		: 63
model name	: Intel(R) Xeon(R) CPU E5-2630 v3 @ 2.40GHz
stepping	: 2
microcode	: 0x43
cpu MHz		: 1999.511
cache size	: 20480 KB
physical id	: 0
siblings	: 16
core id		: 1
cpu cores	: 8
apicid		: 2
initial apicid	: 2
fpu		: yes
fpu_exception	: yes
cpuid level	: 15
wp		: yes
flags		: fpu vme de pse tsc msr pae mce cx8 apic sep mtrr pge mca cmov pat pse36 clflush dts acpi mmx fxsr sse sse2 ss ht tm pbe syscall nx pdpe1gb rdtscp lm constant_tsc arch_perfmon pebs bts rep_good nopl xtopology nonstop_tsc aperfmperf eagerfpu pni pclmulqdq dtes64 monitor ds_cpl vmx smx est tm2 ssse3 sdbg fma cx16 xtpr pdcm pcid dca sse4_1 sse4_2 x2apic movbe popcnt tsc_deadline_timer aes xsave avx f16c rdrand lahf_lm abm epb intel_ppin ssbd ibrs ibpb stibp tpr_shadow vnmi flexpriority ept vpid fsgsbase tsc_adjust bmi1 avx2 smep bmi2 erms invpcid cqm xsaveopt cqm_llc cqm_occup_llc dtherm ida arat pln pts md_clear spec_ctrl intel_stibp flush_l1d
bogomips	: 4788.46
clflush size	: 64
cache_alignment	: 64
address sizes	: 46 bits physical, 48 bits virtual
power management:

processor	: 2
vendor_id	: GenuineIntel
cpu family	: 6
model		: 63
model name	: Intel(R) Xeon(R) CPU E5-2630 v3 @ 2.40GHz
stepping	: 2
microcode	: 0x43
cpu MHz		: 1392.480
cache size	: 20480 KB
physical id	: 0
siblings	: 16
core id		: 2
cpu cores	: 8
apicid		: 4
initial apicid	: 4
fpu		: yes
fpu_exception	: yes
cpuid level	: 15
wp		: yes
flags		: fpu vme de pse tsc msr pae mce cx8 apic sep mtrr pge mca cmov pat pse36 clflush dts acpi mmx fxsr sse sse2 ss ht tm pbe syscall nx pdpe1gb rdtscp lm constant_tsc arch_perfmon pebs bts rep_good nopl xtopology nonstop_tsc aperfmperf eagerfpu pni pclmulqdq dtes64 monitor ds_cpl vmx smx est tm2 ssse3 sdbg fma cx16 xtpr pdcm pcid dca sse4_1 sse4_2 x2apic movbe popcnt tsc_deadline_timer aes xsave avx f16c rdrand lahf_lm abm epb intel_ppin ssbd ibrs ibpb stibp tpr_shadow vnmi flexpriority ept vpid fsgsbase tsc_adjust bmi1 avx2 smep bmi2 erms invpcid cqm xsaveopt cqm_llc cqm_occup_llc dtherm ida arat pln pts md_clear spec_ctrl intel_stibp flush_l1d
bogomips	: 4788.46
clflush size	: 64
cache_alignment	: 64
address sizes	: 46 bits physical, 48 bits virtual
power management:

processor	: 3
vendor_id	: GenuineIntel
cpu family	: 6
model		: 63
model name	: Intel(R) Xeon(R) CPU E5-2630 v3 @ 2.40GHz
stepping	: 2
microcode	: 0x43
cpu MHz		: 2848.974
cache size	: 20480 KB
physical id	: 0
siblings	: 16
core id		: 3
cpu cores	: 8
apicid		: 6
initial apicid	: 6
fpu		: yes
fpu_exception	: yes
cpuid level	: 15
wp		: yes
flags		: fpu vme de pse tsc msr pae mce cx8 apic sep mtrr pge mca cmov pat pse36 clflush dts acpi mmx fxsr sse sse2 ss ht tm pbe syscall nx pdpe1gb rdtscp lm constant_tsc arch_perfmon pebs bts rep_good nopl xtopology nonstop_tsc aperfmperf eagerfpu pni pclmulqdq dtes64 monitor ds_cpl vmx smx est tm2 ssse3 sdbg fma cx16 xtpr pdcm pcid dca sse4_1 sse4_2 x2apic movbe popcnt tsc_deadline_timer aes xsave avx f16c rdrand lahf_lm abm epb intel_ppin ssbd ibrs ibpb stibp tpr_shadow vnmi flexpriority ept vpid fsgsbase tsc_adjust bmi1 avx2 smep bmi2 erms invpcid cqm xsaveopt cqm_llc cqm_occup_llc dtherm ida arat pln pts md_clear spec_ctrl intel_stibp flush_l1d
bogomips	: 4788.46
clflush size	: 64
cache_alignment	: 64
address sizes	: 46 bits physical, 48 bits virtual
power management:

processor	: 4
vendor_id	: GenuineIntel
cpu family	: 6
model		: 63
model name	: Intel(R) Xeon(R) CPU E5-2630 v3 @ 2.40GHz
stepping	: 2
microcode	: 0x43
cpu MHz		: 1232.958
cache size	: 20480 KB
physical id	: 0
siblings	: 16
core id		: 4
cpu cores	: 8
apicid		: 8
initial apicid	: 8
fpu		: yes
fpu_exception	: yes
cpuid level	: 15
wp		: yes
flags		: fpu vme de pse tsc msr pae mce cx8 apic sep mtrr pge mca cmov pat pse36 clflush dts acpi mmx fxsr sse sse2 ss ht tm pbe syscall nx pdpe1gb rdtscp lm constant_tsc arch_perfmon pebs bts rep_good nopl xtopology nonstop_tsc aperfmperf eagerfpu pni pclmulqdq dtes64 monitor ds_cpl vmx smx est tm2 ssse3 sdbg fma cx16 xtpr pdcm pcid dca sse4_1 sse4_2 x2apic movbe popcnt tsc_deadline_timer aes xsave avx f16c rdrand lahf_lm abm epb intel_ppin ssbd ibrs ibpb stibp tpr_shadow vnmi flexpriority ept vpid fsgsbase tsc_adjust bmi1 avx2 smep bmi2 erms invpcid cqm xsaveopt cqm_llc cqm_occup_llc dtherm ida arat pln pts md_clear spec_ctrl intel_stibp flush_l1d
bogomips	: 4788.46
clflush size	: 64
cache_alignment	: 64
address sizes	: 46 bits physical, 48 bits virtual
power management:

processor	: 5
vendor_id	: GenuineIntel
cpu family	: 6
model		: 63
model name	: Intel(R) Xeon(R) CPU E5-2630 v3 @ 2.40GHz
stepping	: 2
microcode	: 0x43
cpu MHz		: 1513.916
cache size	: 20480 KB
physical id	: 0
siblings	: 16
core id		: 5
cpu cores	: 8
apicid		: 10
initial apicid	: 10
fpu		: yes
fpu_exception	: yes
cpuid level	: 15
wp		: yes
flags		: fpu vme de pse tsc msr pae mce cx8 apic sep mtrr pge mca cmov pat pse36 clflush dts acpi mmx fxsr sse sse2 ss ht tm pbe syscall nx pdpe1gb rdtscp lm constant_tsc arch_perfmon pebs bts rep_good nopl xtopology nonstop_tsc aperfmperf eagerfpu pni pclmulqdq dtes64 monitor ds_cpl vmx smx est tm2 ssse3 sdbg fma cx16 xtpr pdcm pcid dca sse4_1 sse4_2 x2apic movbe popcnt tsc_deadline_timer aes xsave avx f16c rdrand lahf_lm abm epb intel_ppin ssbd ibrs ibpb stibp tpr_shadow vnmi flexpriority ept vpid fsgsbase tsc_adjust bmi1 avx2 smep bmi2 erms invpcid cqm xsaveopt cqm_llc cqm_occup_llc dtherm ida arat pln pts md_clear spec_ctrl intel_stibp flush_l1d
bogomips	: 4788.46
clflush size	: 64
cache_alignment	: 64
address sizes	: 46 bits physical, 48 bits virtual
power management:

processor	: 6
vendor_id	: GenuineIntel
cpu family	: 6
model		: 63
model name	: Intel(R) Xeon(R) CPU E5-2630 v3 @ 2.40GHz
stepping	: 2
microcode	: 0x43
cpu MHz		: 1991.894
cache size	: 20480 KB
physical id	: 0
siblings	: 16
core id		: 6
cpu cores	: 8
apicid		: 12
initial apicid	: 12
fpu		: yes
fpu_exception	: yes
cpuid level	: 15
wp		: yes
flags		: fpu vme de pse tsc msr pae mce cx8 apic sep mtrr pge mca cmov pat pse36 clflush dts acpi mmx fxsr sse sse2 ss ht tm pbe syscall nx pdpe1gb rdtscp lm constant_tsc arch_perfmon pebs bts rep_good nopl xtopology nonstop_tsc aperfmperf eagerfpu pni pclmulqdq dtes64 monitor ds_cpl vmx smx est tm2 ssse3 sdbg fma cx16 xtpr pdcm pcid dca sse4_1 sse4_2 x2apic movbe popcnt tsc_deadline_timer aes xsave avx f16c rdrand lahf_lm abm epb intel_ppin ssbd ibrs ibpb stibp tpr_shadow vnmi flexpriority ept vpid fsgsbase tsc_adjust bmi1 avx2 smep bmi2 erms invpcid cqm xsaveopt cqm_llc cqm_occup_llc dtherm ida arat pln pts md_clear spec_ctrl intel_stibp flush_l1d
bogomips	: 4788.46
clflush size	: 64
cache_alignment	: 64
address sizes	: 46 bits physical, 48 bits virtual
power management:

processor	: 7
vendor_id	: GenuineIntel
cpu family	: 6
model		: 63
model name	: Intel(R) Xeon(R) CPU E5-2630 v3 @ 2.40GHz
stepping	: 2
microcode	: 0x43
cpu MHz		: 1298.876
cache size	: 20480 KB
physical id	: 0
siblings	: 16
core id		: 7
cpu cores	: 8
apicid		: 14
initial apicid	: 14
fpu		: yes
fpu_exception	: yes
cpuid level	: 15
wp		: yes
flags		: fpu vme de pse tsc msr pae mce cx8 apic sep mtrr pge mca cmov pat pse36 clflush dts acpi mmx fxsr sse sse2 ss ht tm pbe syscall nx pdpe1gb rdtscp lm constant_tsc arch_perfmon pebs bts rep_good nopl xtopology nonstop_tsc aperfmperf eagerfpu pni pclmulqdq dtes64 monitor ds_cpl vmx smx est tm2 ssse3 sdbg fma cx16 xtpr pdcm pcid dca sse4_1 sse4_2 x2apic movbe popcnt tsc_deadline_timer aes xsave avx f16c rdrand lahf_lm abm epb intel_ppin ssbd ibrs ibpb stibp tpr_shadow vnmi flexpriority ept vpid fsgsbase tsc_adjust bmi1 avx2 smep bmi2 erms invpcid cqm xsaveopt cqm_llc cqm_occup_llc dtherm ida arat pln pts md_clear spec_ctrl intel_stibp flush_l1d
bogomips	: 4788.46
clflush size	: 64
cache_alignment	: 64
address sizes	: 46 bits physical, 48 bits virtual
power management:

processor	: 8
vendor_id	: GenuineIntel
cpu family	: 6
model		: 63
model name	: Intel(R) Xeon(R) CPU E5-2630 v3 @ 2.40GHz
stepping	: 2
microcode	: 0x43
cpu MHz		: 1299.902
cache size	: 20480 KB
physical id	: 1
siblings	: 16
core id		: 0
cpu cores	: 8
apicid		: 16
initial apicid	: 16
fpu		: yes
fpu_exception	: yes
cpuid level	: 15
wp		: yes
flags		: fpu vme de pse tsc msr pae mce cx8 apic sep mtrr pge mca cmov pat pse36 clflush dts acpi mmx fxsr sse sse2 ss ht tm pbe syscall nx pdpe1gb rdtscp lm constant_tsc arch_perfmon pebs bts rep_good nopl xtopology nonstop_tsc aperfmperf eagerfpu pni pclmulqdq dtes64 monitor ds_cpl vmx smx est tm2 ssse3 sdbg fma cx16 xtpr pdcm pcid dca sse4_1 sse4_2 x2apic movbe popcnt tsc_deadline_timer aes xsave avx f16c rdrand lahf_lm abm epb intel_ppin ssbd ibrs ibpb stibp tpr_shadow vnmi flexpriority ept vpid fsgsbase tsc_adjust bmi1 avx2 smep bmi2 erms invpcid cqm xsaveopt cqm_llc cqm_occup_llc dtherm ida arat pln pts md_clear spec_ctrl intel_stibp flush_l1d
bogomips	: 4793.49
clflush size	: 64
cache_alignment	: 64
address sizes	: 46 bits physical, 48 bits virtual
power management:

processor	: 9
vendor_id	: GenuineIntel
cpu family	: 6
model		: 63
model name	: Intel(R) Xeon(R) CPU E5-2630 v3 @ 2.40GHz
stepping	: 2
microcode	: 0x43
cpu MHz		: 2634.960
cache size	: 20480 KB
physical id	: 1
siblings	: 16
core id		: 1
cpu cores	: 8
apicid		: 18
initial apicid	: 18
fpu		: yes
fpu_exception	: yes
cpuid level	: 15
wp		: yes
flags		: fpu vme de pse tsc msr pae mce cx8 apic sep mtrr pge mca cmov pat pse36 clflush dts acpi mmx fxsr sse sse2 ss ht tm pbe syscall nx pdpe1gb rdtscp lm constant_tsc arch_perfmon pebs bts rep_good nopl xtopology nonstop_tsc aperfmperf eagerfpu pni pclmulqdq dtes64 monitor ds_cpl vmx smx est tm2 ssse3 sdbg fma cx16 xtpr pdcm pcid dca sse4_1 sse4_2 x2apic movbe popcnt tsc_deadline_timer aes xsave avx f16c rdrand lahf_lm abm epb intel_ppin ssbd ibrs ibpb stibp tpr_shadow vnmi flexpriority ept vpid fsgsbase tsc_adjust bmi1 avx2 smep bmi2 erms invpcid cqm xsaveopt cqm_llc cqm_occup_llc dtherm ida arat pln pts md_clear spec_ctrl intel_stibp flush_l1d
bogomips	: 4793.49
clflush size	: 64
cache_alignment	: 64
address sizes	: 46 bits physical, 48 bits virtual
power management:

processor	: 10
vendor_id	: GenuineIntel
cpu family	: 6
model		: 63
model name	: Intel(R) Xeon(R) CPU E5-2630 v3 @ 2.40GHz
stepping	: 2
microcode	: 0x43
cpu MHz		: 1800.146
cache size	: 20480 KB
physical id	: 1
siblings	: 16
core id		: 2
cpu cores	: 8
apicid		: 20
initial apicid	: 20
fpu		: yes
fpu_exception	: yes
cpuid level	: 15
wp		: yes
flags		: fpu vme de pse tsc msr pae mce cx8 apic sep mtrr pge mca cmov pat pse36 clflush dts acpi mmx fxsr sse sse2 ss ht tm pbe syscall nx pdpe1gb rdtscp lm constant_tsc arch_perfmon pebs bts rep_good nopl xtopology nonstop_tsc aperfmperf eagerfpu pni pclmulqdq dtes64 monitor ds_cpl vmx smx est tm2 ssse3 sdbg fma cx16 xtpr pdcm pcid dca sse4_1 sse4_2 x2apic movbe popcnt tsc_deadline_timer aes xsave avx f16c rdrand lahf_lm abm epb intel_ppin ssbd ibrs ibpb stibp tpr_shadow vnmi flexpriority ept vpid fsgsbase tsc_adjust bmi1 avx2 smep bmi2 erms invpcid cqm xsaveopt cqm_llc cqm_occup_llc dtherm ida arat pln pts md_clear spec_ctrl intel_stibp flush_l1d
bogomips	: 4793.49
clflush size	: 64
cache_alignment	: 64
address sizes	: 46 bits physical, 48 bits virtual
power management:

processor	: 11
vendor_id	: GenuineIntel
cpu family	: 6
model		: 63
model name	: Intel(R) Xeon(R) CPU E5-2630 v3 @ 2.40GHz
stepping	: 2
microcode	: 0x43
cpu MHz		: 2634.960
cache size	: 20480 KB
physical id	: 1
siblings	: 16
core id		: 3
cpu cores	: 8
apicid		: 22
initial apicid	: 22
fpu		: yes
fpu_exception	: yes
cpuid level	: 15
wp		: yes
flags		: fpu vme de pse tsc msr pae mce cx8 apic sep mtrr pge mca cmov pat pse36 clflush dts acpi mmx fxsr sse sse2 ss ht tm pbe syscall nx pdpe1gb rdtscp lm constant_tsc arch_perfmon pebs bts rep_good nopl xtopology nonstop_tsc aperfmperf eagerfpu pni pclmulqdq dtes64 monitor ds_cpl vmx smx est tm2 ssse3 sdbg fma cx16 xtpr pdcm pcid dca sse4_1 sse4_2 x2apic movbe popcnt tsc_deadline_timer aes xsave avx f16c rdrand lahf_lm abm epb intel_ppin ssbd ibrs ibpb stibp tpr_shadow vnmi flexpriority ept vpid fsgsbase tsc_adjust bmi1 avx2 smep bmi2 erms invpcid cqm xsaveopt cqm_llc cqm_occup_llc dtherm ida arat pln pts md_clear spec_ctrl intel_stibp flush_l1d
bogomips	: 4793.49
clflush size	: 64
cache_alignment	: 64
address sizes	: 46 bits physical, 48 bits virtual
power management:

processor	: 12
vendor_id	: GenuineIntel
cpu family	: 6
model		: 63
model name	: Intel(R) Xeon(R) CPU E5-2630 v3 @ 2.40GHz
stepping	: 2
microcode	: 0x43
cpu MHz		: 1899.755
cache size	: 20480 KB
physical id	: 1
siblings	: 16
core id		: 4
cpu cores	: 8
apicid		: 24
initial apicid	: 24
fpu		: yes
fpu_exception	: yes
cpuid level	: 15
wp		: yes
flags		: fpu vme de pse tsc msr pae mce cx8 apic sep mtrr pge mca cmov pat pse36 clflush dts acpi mmx fxsr sse sse2 ss ht tm pbe syscall nx pdpe1gb rdtscp lm constant_tsc arch_perfmon pebs bts rep_good nopl xtopology nonstop_tsc aperfmperf eagerfpu pni pclmulqdq dtes64 monitor ds_cpl vmx smx est tm2 ssse3 sdbg fma cx16 xtpr pdcm pcid dca sse4_1 sse4_2 x2apic movbe popcnt tsc_deadline_timer aes xsave avx f16c rdrand lahf_lm abm epb intel_ppin ssbd ibrs ibpb stibp tpr_shadow vnmi flexpriority ept vpid fsgsbase tsc_adjust bmi1 avx2 smep bmi2 erms invpcid cqm xsaveopt cqm_llc cqm_occup_llc dtherm ida arat pln pts md_clear spec_ctrl intel_stibp flush_l1d
bogomips	: 4793.49
clflush size	: 64
cache_alignment	: 64
address sizes	: 46 bits physical, 48 bits virtual
power management:

processor	: 13
vendor_id	: GenuineIntel
cpu family	: 6
model		: 63
model name	: Intel(R) Xeon(R) CPU E5-2630 v3 @ 2.40GHz
stepping	: 2
microcode	: 0x43
cpu MHz		: 2065.136
cache size	: 20480 KB
physical id	: 1
siblings	: 16
core id		: 5
cpu cores	: 8
apicid		: 26
initial apicid	: 26
fpu		: yes
fpu_exception	: yes
cpuid level	: 15
wp		: yes
flags		: fpu vme de pse tsc msr pae mce cx8 apic sep mtrr pge mca cmov pat pse36 clflush dts acpi mmx fxsr sse sse2 ss ht tm pbe syscall nx pdpe1gb rdtscp lm constant_tsc arch_perfmon pebs bts rep_good nopl xtopology nonstop_tsc aperfmperf eagerfpu pni pclmulqdq dtes64 monitor ds_cpl vmx smx est tm2 ssse3 sdbg fma cx16 xtpr pdcm pcid dca sse4_1 sse4_2 x2apic movbe popcnt tsc_deadline_timer aes xsave avx f16c rdrand lahf_lm abm epb intel_ppin ssbd ibrs ibpb stibp tpr_shadow vnmi flexpriority ept vpid fsgsbase tsc_adjust bmi1 avx2 smep bmi2 erms invpcid cqm xsaveopt cqm_llc cqm_occup_llc dtherm ida arat pln pts md_clear spec_ctrl intel_stibp flush_l1d
bogomips	: 4793.49
clflush size	: 64
cache_alignment	: 64
address sizes	: 46 bits physical, 48 bits virtual
power management:

processor	: 14
vendor_id	: GenuineIntel
cpu family	: 6
model		: 63
model name	: Intel(R) Xeon(R) CPU E5-2630 v3 @ 2.40GHz
stepping	: 2
microcode	: 0x43
cpu MHz		: 1853.613
cache size	: 20480 KB
physical id	: 1
siblings	: 16
core id		: 6
cpu cores	: 8
apicid		: 28
initial apicid	: 28
fpu		: yes
fpu_exception	: yes
cpuid level	: 15
wp		: yes
flags		: fpu vme de pse tsc msr pae mce cx8 apic sep mtrr pge mca cmov pat pse36 clflush dts acpi mmx fxsr sse sse2 ss ht tm pbe syscall nx pdpe1gb rdtscp lm constant_tsc arch_perfmon pebs bts rep_good nopl xtopology nonstop_tsc aperfmperf eagerfpu pni pclmulqdq dtes64 monitor ds_cpl vmx smx est tm2 ssse3 sdbg fma cx16 xtpr pdcm pcid dca sse4_1 sse4_2 x2apic movbe popcnt tsc_deadline_timer aes xsave avx f16c rdrand lahf_lm abm epb intel_ppin ssbd ibrs ibpb stibp tpr_shadow vnmi flexpriority ept vpid fsgsbase tsc_adjust bmi1 avx2 smep bmi2 erms invpcid cqm xsaveopt cqm_llc cqm_occup_llc dtherm ida arat pln pts md_clear spec_ctrl intel_stibp flush_l1d
bogomips	: 4793.49
clflush size	: 64
cache_alignment	: 64
address sizes	: 46 bits physical, 48 bits virtual
power management:

processor	: 15
vendor_id	: GenuineIntel
cpu family	: 6
model		: 63
model name	: Intel(R) Xeon(R) CPU E5-2630 v3 @ 2.40GHz
stepping	: 2
microcode	: 0x43
cpu MHz		: 1422.509
cache size	: 20480 KB
physical id	: 1
siblings	: 16
core id		: 7
cpu cores	: 8
apicid		: 30
initial apicid	: 30
fpu		: yes
fpu_exception	: yes
cpuid level	: 15
wp		: yes
flags		: fpu vme de pse tsc msr pae mce cx8 apic sep mtrr pge mca cmov pat pse36 clflush dts acpi mmx fxsr sse sse2 ss ht tm pbe syscall nx pdpe1gb rdtscp lm constant_tsc arch_perfmon pebs bts rep_good nopl xtopology nonstop_tsc aperfmperf eagerfpu pni pclmulqdq dtes64 monitor ds_cpl vmx smx est tm2 ssse3 sdbg fma cx16 xtpr pdcm pcid dca sse4_1 sse4_2 x2apic movbe popcnt tsc_deadline_timer aes xsave avx f16c rdrand lahf_lm abm epb intel_ppin ssbd ibrs ibpb stibp tpr_shadow vnmi flexpriority ept vpid fsgsbase tsc_adjust bmi1 avx2 smep bmi2 erms invpcid cqm xsaveopt cqm_llc cqm_occup_llc dtherm ida arat pln pts md_clear spec_ctrl intel_stibp flush_l1d
bogomips	: 4793.49
clflush size	: 64
cache_alignment	: 64
address sizes	: 46 bits physical, 48 bits virtual
power management:

processor	: 16
vendor_id	: GenuineIntel
cpu family	: 6
model		: 63
model name	: Intel(R) Xeon(R) CPU E5-2630 v3 @ 2.40GHz
stepping	: 2
microcode	: 0x43
cpu MHz		: 1339.599
cache size	: 20480 KB
physical id	: 0
siblings	: 16
core id		: 0
cpu cores	: 8
apicid		: 1
initial apicid	: 1
fpu		: yes
fpu_exception	: yes
cpuid level	: 15
wp		: yes
flags		: fpu vme de pse tsc msr pae mce cx8 apic sep mtrr pge mca cmov pat pse36 clflush dts acpi mmx fxsr sse sse2 ss ht tm pbe syscall nx pdpe1gb rdtscp lm constant_tsc arch_perfmon pebs bts rep_good nopl xtopology nonstop_tsc aperfmperf eagerfpu pni pclmulqdq dtes64 monitor ds_cpl vmx smx est tm2 ssse3 sdbg fma cx16 xtpr pdcm pcid dca sse4_1 sse4_2 x2apic movbe popcnt tsc_deadline_timer aes xsave avx f16c rdrand lahf_lm abm epb intel_ppin ssbd ibrs ibpb stibp tpr_shadow vnmi flexpriority ept vpid fsgsbase tsc_adjust bmi1 avx2 smep bmi2 erms invpcid cqm xsaveopt cqm_llc cqm_occup_llc dtherm ida arat pln pts md_clear spec_ctrl intel_stibp flush_l1d
bogomips	: 4788.46
clflush size	: 64
cache_alignment	: 64
address sizes	: 46 bits physical, 48 bits virtual
power management:

processor	: 17
vendor_id	: GenuineIntel
cpu family	: 6
model		: 63
model name	: Intel(R) Xeon(R) CPU E5-2630 v3 @ 2.40GHz
stepping	: 2
microcode	: 0x43
cpu MHz		: 1964.648
cache size	: 20480 KB
physical id	: 0
siblings	: 16
core id		: 1
cpu cores	: 8
apicid		: 3
initial apicid	: 3
fpu		: yes
fpu_exception	: yes
cpuid level	: 15
wp		: yes
flags		: fpu vme de pse tsc msr pae mce cx8 apic sep mtrr pge mca cmov pat pse36 clflush dts acpi mmx fxsr sse sse2 ss ht tm pbe syscall nx pdpe1gb rdtscp lm constant_tsc arch_perfmon pebs bts rep_good nopl xtopology nonstop_tsc aperfmperf eagerfpu pni pclmulqdq dtes64 monitor ds_cpl vmx smx est tm2 ssse3 sdbg fma cx16 xtpr pdcm pcid dca sse4_1 sse4_2 x2apic movbe popcnt tsc_deadline_timer aes xsave avx f16c rdrand lahf_lm abm epb intel_ppin ssbd ibrs ibpb stibp tpr_shadow vnmi flexpriority ept vpid fsgsbase tsc_adjust bmi1 avx2 smep bmi2 erms invpcid cqm xsaveopt cqm_llc cqm_occup_llc dtherm ida arat pln pts md_clear spec_ctrl intel_stibp flush_l1d
bogomips	: 4788.46
clflush size	: 64
cache_alignment	: 64
address sizes	: 46 bits physical, 48 bits virtual
power management:

processor	: 18
vendor_id	: GenuineIntel
cpu family	: 6
model		: 63
model name	: Intel(R) Xeon(R) CPU E5-2630 v3 @ 2.40GHz
stepping	: 2
microcode	: 0x43
cpu MHz		: 1397.900
cache size	: 20480 KB
physical id	: 0
siblings	: 16
core id		: 2
cpu cores	: 8
apicid		: 5
initial apicid	: 5
fpu		: yes
fpu_exception	: yes
cpuid level	: 15
wp		: yes
flags		: fpu vme de pse tsc msr pae mce cx8 apic sep mtrr pge mca cmov pat pse36 clflush dts acpi mmx fxsr sse sse2 ss ht tm pbe syscall nx pdpe1gb rdtscp lm constant_tsc arch_perfmon pebs bts rep_good nopl xtopology nonstop_tsc aperfmperf eagerfpu pni pclmulqdq dtes64 monitor ds_cpl vmx smx est tm2 ssse3 sdbg fma cx16 xtpr pdcm pcid dca sse4_1 sse4_2 x2apic movbe popcnt tsc_deadline_timer aes xsave avx f16c rdrand lahf_lm abm epb intel_ppin ssbd ibrs ibpb stibp tpr_shadow vnmi flexpriority ept vpid fsgsbase tsc_adjust bmi1 avx2 smep bmi2 erms invpcid cqm xsaveopt cqm_llc cqm_occup_llc dtherm ida arat pln pts md_clear spec_ctrl intel_stibp flush_l1d
bogomips	: 4788.46
clflush size	: 64
cache_alignment	: 64
address sizes	: 46 bits physical, 48 bits virtual
power management:

processor	: 19
vendor_id	: GenuineIntel
cpu family	: 6
model		: 63
model name	: Intel(R) Xeon(R) CPU E5-2630 v3 @ 2.40GHz
stepping	: 2
microcode	: 0x43
cpu MHz		: 2780.419
cache size	: 20480 KB
physical id	: 0
siblings	: 16
core id		: 3
cpu cores	: 8
apicid		: 7
initial apicid	: 7
fpu		: yes
fpu_exception	: yes
cpuid level	: 15
wp		: yes
flags		: fpu vme de pse tsc msr pae mce cx8 apic sep mtrr pge mca cmov pat pse36 clflush dts acpi mmx fxsr sse sse2 ss ht tm pbe syscall nx pdpe1gb rdtscp lm constant_tsc arch_perfmon pebs bts rep_good nopl xtopology nonstop_tsc aperfmperf eagerfpu pni pclmulqdq dtes64 monitor ds_cpl vmx smx est tm2 ssse3 sdbg fma cx16 xtpr pdcm pcid dca sse4_1 sse4_2 x2apic movbe popcnt tsc_deadline_timer aes xsave avx f16c rdrand lahf_lm abm epb intel_ppin ssbd ibrs ibpb stibp tpr_shadow vnmi flexpriority ept vpid fsgsbase tsc_adjust bmi1 avx2 smep bmi2 erms invpcid cqm xsaveopt cqm_llc cqm_occup_llc dtherm ida arat pln pts md_clear spec_ctrl intel_stibp flush_l1d
bogomips	: 4788.46
clflush size	: 64
cache_alignment	: 64
address sizes	: 46 bits physical, 48 bits virtual
power management:

processor	: 20
vendor_id	: GenuineIntel
cpu family	: 6
model		: 63
model name	: Intel(R) Xeon(R) CPU E5-2630 v3 @ 2.40GHz
stepping	: 2
microcode	: 0x43
cpu MHz		: 1315.576
cache size	: 20480 KB
physical id	: 0
siblings	: 16
core id		: 4
cpu cores	: 8
apicid		: 9
initial apicid	: 9
fpu		: yes
fpu_exception	: yes
cpuid level	: 15
wp		: yes
flags		: fpu vme de pse tsc msr pae mce cx8 apic sep mtrr pge mca cmov pat pse36 clflush dts acpi mmx fxsr sse sse2 ss ht tm pbe syscall nx pdpe1gb rdtscp lm constant_tsc arch_perfmon pebs bts rep_good nopl xtopology nonstop_tsc aperfmperf eagerfpu pni pclmulqdq dtes64 monitor ds_cpl vmx smx est tm2 ssse3 sdbg fma cx16 xtpr pdcm pcid dca sse4_1 sse4_2 x2apic movbe popcnt tsc_deadline_timer aes xsave avx f16c rdrand lahf_lm abm epb intel_ppin ssbd ibrs ibpb stibp tpr_shadow vnmi flexpriority ept vpid fsgsbase tsc_adjust bmi1 avx2 smep bmi2 erms invpcid cqm xsaveopt cqm_llc cqm_occup_llc dtherm ida arat pln pts md_clear spec_ctrl intel_stibp flush_l1d
bogomips	: 4788.46
clflush size	: 64
cache_alignment	: 64
address sizes	: 46 bits physical, 48 bits virtual
power management:

processor	: 21
vendor_id	: GenuineIntel
cpu family	: 6
model		: 63
model name	: Intel(R) Xeon(R) CPU E5-2630 v3 @ 2.40GHz
stepping	: 2
microcode	: 0x43
cpu MHz		: 1489.746
cache size	: 20480 KB
physical id	: 0
siblings	: 16
core id		: 5
cpu cores	: 8
apicid		: 11
initial apicid	: 11
fpu		: yes
fpu_exception	: yes
cpuid level	: 15
wp		: yes
flags		: fpu vme de pse tsc msr pae mce cx8 apic sep mtrr pge mca cmov pat pse36 clflush dts acpi mmx fxsr sse sse2 ss ht tm pbe syscall nx pdpe1gb rdtscp lm constant_tsc arch_perfmon pebs bts rep_good nopl xtopology nonstop_tsc aperfmperf eagerfpu pni pclmulqdq dtes64 monitor ds_cpl vmx smx est tm2 ssse3 sdbg fma cx16 xtpr pdcm pcid dca sse4_1 sse4_2 x2apic movbe popcnt tsc_deadline_timer aes xsave avx f16c rdrand lahf_lm abm epb intel_ppin ssbd ibrs ibpb stibp tpr_shadow vnmi flexpriority ept vpid fsgsbase tsc_adjust bmi1 avx2 smep bmi2 erms invpcid cqm xsaveopt cqm_llc cqm_occup_llc dtherm ida arat pln pts md_clear spec_ctrl intel_stibp flush_l1d
bogomips	: 4788.46
clflush size	: 64
cache_alignment	: 64
address sizes	: 46 bits physical, 48 bits virtual
power management:

processor	: 22
vendor_id	: GenuineIntel
cpu family	: 6
model		: 63
model name	: Intel(R) Xeon(R) CPU E5-2630 v3 @ 2.40GHz
stepping	: 2
microcode	: 0x43
cpu MHz		: 2023.681
cache size	: 20480 KB
physical id	: 0
siblings	: 16
core id		: 6
cpu cores	: 8
apicid		: 13
initial apicid	: 13
fpu		: yes
fpu_exception	: yes
cpuid level	: 15
wp		: yes
flags		: fpu vme de pse tsc msr pae mce cx8 apic sep mtrr pge mca cmov pat pse36 clflush dts acpi mmx fxsr sse sse2 ss ht tm pbe syscall nx pdpe1gb rdtscp lm constant_tsc arch_perfmon pebs bts rep_good nopl xtopology nonstop_tsc aperfmperf eagerfpu pni pclmulqdq dtes64 monitor ds_cpl vmx smx est tm2 ssse3 sdbg fma cx16 xtpr pdcm pcid dca sse4_1 sse4_2 x2apic movbe popcnt tsc_deadline_timer aes xsave avx f16c rdrand lahf_lm abm epb intel_ppin ssbd ibrs ibpb stibp tpr_shadow vnmi flexpriority ept vpid fsgsbase tsc_adjust bmi1 avx2 smep bmi2 erms invpcid cqm xsaveopt cqm_llc cqm_occup_llc dtherm ida arat pln pts md_clear spec_ctrl intel_stibp flush_l1d
bogomips	: 4788.46
clflush size	: 64
cache_alignment	: 64
address sizes	: 46 bits physical, 48 bits virtual
power management:

processor	: 23
vendor_id	: GenuineIntel
cpu family	: 6
model		: 63
model name	: Intel(R) Xeon(R) CPU E5-2630 v3 @ 2.40GHz
stepping	: 2
microcode	: 0x43
cpu MHz		: 1262.255
cache size	: 20480 KB
physical id	: 0
siblings	: 16
core id		: 7
cpu cores	: 8
apicid		: 15
initial apicid	: 15
fpu		: yes
fpu_exception	: yes
cpuid level	: 15
wp		: yes
flags		: fpu vme de pse tsc msr pae mce cx8 apic sep mtrr pge mca cmov pat pse36 clflush dts acpi mmx fxsr sse sse2 ss ht tm pbe syscall nx pdpe1gb rdtscp lm constant_tsc arch_perfmon pebs bts rep_good nopl xtopology nonstop_tsc aperfmperf eagerfpu pni pclmulqdq dtes64 monitor ds_cpl vmx smx est tm2 ssse3 sdbg fma cx16 xtpr pdcm pcid dca sse4_1 sse4_2 x2apic movbe popcnt tsc_deadline_timer aes xsave avx f16c rdrand lahf_lm abm epb intel_ppin ssbd ibrs ibpb stibp tpr_shadow vnmi flexpriority ept vpid fsgsbase tsc_adjust bmi1 avx2 smep bmi2 erms invpcid cqm xsaveopt cqm_llc cqm_occup_llc dtherm ida arat pln pts md_clear spec_ctrl intel_stibp flush_l1d
bogomips	: 4788.46
clflush size	: 64
cache_alignment	: 64
address sizes	: 46 bits physical, 48 bits virtual
power management:

processor	: 24
vendor_id	: GenuineIntel
cpu family	: 6
model		: 63
model name	: Intel(R) Xeon(R) CPU E5-2630 v3 @ 2.40GHz
stepping	: 2
microcode	: 0x43
cpu MHz		: 1235.009
cache size	: 20480 KB
physical id	: 1
siblings	: 16
core id		: 0
cpu cores	: 8
apicid		: 17
initial apicid	: 17
fpu		: yes
fpu_exception	: yes
cpuid level	: 15
wp		: yes
flags		: fpu vme de pse tsc msr pae mce cx8 apic sep mtrr pge mca cmov pat pse36 clflush dts acpi mmx fxsr sse sse2 ss ht tm pbe syscall nx pdpe1gb rdtscp lm constant_tsc arch_perfmon pebs bts rep_good nopl xtopology nonstop_tsc aperfmperf eagerfpu pni pclmulqdq dtes64 monitor ds_cpl vmx smx est tm2 ssse3 sdbg fma cx16 xtpr pdcm pcid dca sse4_1 sse4_2 x2apic movbe popcnt tsc_deadline_timer aes xsave avx f16c rdrand lahf_lm abm epb intel_ppin ssbd ibrs ibpb stibp tpr_shadow vnmi flexpriority ept vpid fsgsbase tsc_adjust bmi1 avx2 smep bmi2 erms invpcid cqm xsaveopt cqm_llc cqm_occup_llc dtherm ida arat pln pts md_clear spec_ctrl intel_stibp flush_l1d
bogomips	: 4793.49
clflush size	: 64
cache_alignment	: 64
address sizes	: 46 bits physical, 48 bits virtual
power management:

processor	: 25
vendor_id	: GenuineIntel
cpu family	: 6
model		: 63
model name	: Intel(R) Xeon(R) CPU E5-2630 v3 @ 2.40GHz
stepping	: 2
microcode	: 0x43
cpu MHz		: 2698.974
cache size	: 20480 KB
physical id	: 1
siblings	: 16
core id		: 1
cpu cores	: 8
apicid		: 19
initial apicid	: 19
fpu		: yes
fpu_exception	: yes
cpuid level	: 15
wp		: yes
flags		: fpu vme de pse tsc msr pae mce cx8 apic sep mtrr pge mca cmov pat pse36 clflush dts acpi mmx fxsr sse sse2 ss ht tm pbe syscall nx pdpe1gb rdtscp lm constant_tsc arch_perfmon pebs bts rep_good nopl xtopology nonstop_tsc aperfmperf eagerfpu pni pclmulqdq dtes64 monitor ds_cpl vmx smx est tm2 ssse3 sdbg fma cx16 xtpr pdcm pcid dca sse4_1 sse4_2 x2apic movbe popcnt tsc_deadline_timer aes xsave avx f16c rdrand lahf_lm abm epb intel_ppin ssbd ibrs ibpb stibp tpr_shadow vnmi flexpriority ept vpid fsgsbase tsc_adjust bmi1 avx2 smep bmi2 erms invpcid cqm xsaveopt cqm_llc cqm_occup_llc dtherm ida arat pln pts md_clear spec_ctrl intel_stibp flush_l1d
bogomips	: 4793.49
clflush size	: 64
cache_alignment	: 64
address sizes	: 46 bits physical, 48 bits virtual
power management:

processor	: 26
vendor_id	: GenuineIntel
cpu family	: 6
model		: 63
model name	: Intel(R) Xeon(R) CPU E5-2630 v3 @ 2.40GHz
stepping	: 2
microcode	: 0x43
cpu MHz		: 1900.634
cache size	: 20480 KB
physical id	: 1
siblings	: 16
core id		: 2
cpu cores	: 8
apicid		: 21
initial apicid	: 21
fpu		: yes
fpu_exception	: yes
cpuid level	: 15
wp		: yes
flags		: fpu vme de pse tsc msr pae mce cx8 apic sep mtrr pge mca cmov pat pse36 clflush dts acpi mmx fxsr sse sse2 ss ht tm pbe syscall nx pdpe1gb rdtscp lm constant_tsc arch_perfmon pebs bts rep_good nopl xtopology nonstop_tsc aperfmperf eagerfpu pni pclmulqdq dtes64 monitor ds_cpl vmx smx est tm2 ssse3 sdbg fma cx16 xtpr pdcm pcid dca sse4_1 sse4_2 x2apic movbe popcnt tsc_deadline_timer aes xsave avx f16c rdrand lahf_lm abm epb intel_ppin ssbd ibrs ibpb stibp tpr_shadow vnmi flexpriority ept vpid fsgsbase tsc_adjust bmi1 avx2 smep bmi2 erms invpcid cqm xsaveopt cqm_llc cqm_occup_llc dtherm ida arat pln pts md_clear spec_ctrl intel_stibp flush_l1d
bogomips	: 4793.49
clflush size	: 64
cache_alignment	: 64
address sizes	: 46 bits physical, 48 bits virtual
power management:

processor	: 27
vendor_id	: GenuineIntel
cpu family	: 6
model		: 63
model name	: Intel(R) Xeon(R) CPU E5-2630 v3 @ 2.40GHz
stepping	: 2
microcode	: 0x43
cpu MHz		: 2620.019
cache size	: 20480 KB
physical id	: 1
siblings	: 16
core id		: 3
cpu cores	: 8
apicid		: 23
initial apicid	: 23
fpu		: yes
fpu_exception	: yes
cpuid level	: 15
wp		: yes
flags		: fpu vme de pse tsc msr pae mce cx8 apic sep mtrr pge mca cmov pat pse36 clflush dts acpi mmx fxsr sse sse2 ss ht tm pbe syscall nx pdpe1gb rdtscp lm constant_tsc arch_perfmon pebs bts rep_good nopl xtopology nonstop_tsc aperfmperf eagerfpu pni pclmulqdq dtes64 monitor ds_cpl vmx smx est tm2 ssse3 sdbg fma cx16 xtpr pdcm pcid dca sse4_1 sse4_2 x2apic movbe popcnt tsc_deadline_timer aes xsave avx f16c rdrand lahf_lm abm epb intel_ppin ssbd ibrs ibpb stibp tpr_shadow vnmi flexpriority ept vpid fsgsbase tsc_adjust bmi1 avx2 smep bmi2 erms invpcid cqm xsaveopt cqm_llc cqm_occup_llc dtherm ida arat pln pts md_clear spec_ctrl intel_stibp flush_l1d
bogomips	: 4793.49
clflush size	: 64
cache_alignment	: 64
address sizes	: 46 bits physical, 48 bits virtual
power management:

processor	: 28
vendor_id	: GenuineIntel
cpu family	: 6
model		: 63
model name	: Intel(R) Xeon(R) CPU E5-2630 v3 @ 2.40GHz
stepping	: 2
microcode	: 0x43
cpu MHz		: 1415.185
cache size	: 20480 KB
physical id	: 1
siblings	: 16
core id		: 4
cpu cores	: 8
apicid		: 25
initial apicid	: 25
fpu		: yes
fpu_exception	: yes
cpuid level	: 15
wp		: yes
flags		: fpu vme de pse tsc msr pae mce cx8 apic sep mtrr pge mca cmov pat pse36 clflush dts acpi mmx fxsr sse sse2 ss ht tm pbe syscall nx pdpe1gb rdtscp lm constant_tsc arch_perfmon pebs bts rep_good nopl xtopology nonstop_tsc aperfmperf eagerfpu pni pclmulqdq dtes64 monitor ds_cpl vmx smx est tm2 ssse3 sdbg fma cx16 xtpr pdcm pcid dca sse4_1 sse4_2 x2apic movbe popcnt tsc_deadline_timer aes xsave avx f16c rdrand lahf_lm abm epb intel_ppin ssbd ibrs ibpb stibp tpr_shadow vnmi flexpriority ept vpid fsgsbase tsc_adjust bmi1 avx2 smep bmi2 erms invpcid cqm xsaveopt cqm_llc cqm_occup_llc dtherm ida arat pln pts md_clear spec_ctrl intel_stibp flush_l1d
bogomips	: 4793.49
clflush size	: 64
cache_alignment	: 64
address sizes	: 46 bits physical, 48 bits virtual
power management:

processor	: 29
vendor_id	: GenuineIntel
cpu family	: 6
model		: 63
model name	: Intel(R) Xeon(R) CPU E5-2630 v3 @ 2.40GHz
stepping	: 2
microcode	: 0x43
cpu MHz		: 2398.974
cache size	: 20480 KB
physical id	: 1
siblings	: 16
core id		: 5
cpu cores	: 8
apicid		: 27
initial apicid	: 27
fpu		: yes
fpu_exception	: yes
cpuid level	: 15
wp		: yes
flags		: fpu vme de pse tsc msr pae mce cx8 apic sep mtrr pge mca cmov pat pse36 clflush dts acpi mmx fxsr sse sse2 ss ht tm pbe syscall nx pdpe1gb rdtscp lm constant_tsc arch_perfmon pebs bts rep_good nopl xtopology nonstop_tsc aperfmperf eagerfpu pni pclmulqdq dtes64 monitor ds_cpl vmx smx est tm2 ssse3 sdbg fma cx16 xtpr pdcm pcid dca sse4_1 sse4_2 x2apic movbe popcnt tsc_deadline_timer aes xsave avx f16c rdrand lahf_lm abm epb intel_ppin ssbd ibrs ibpb stibp tpr_shadow vnmi flexpriority ept vpid fsgsbase tsc_adjust bmi1 avx2 smep bmi2 erms invpcid cqm xsaveopt cqm_llc cqm_occup_llc dtherm ida arat pln pts md_clear spec_ctrl intel_stibp flush_l1d
bogomips	: 4793.49
clflush size	: 64
cache_alignment	: 64
address sizes	: 46 bits physical, 48 bits virtual
power management:

processor	: 30
vendor_id	: GenuineIntel
cpu family	: 6
model		: 63
model name	: Intel(R) Xeon(R) CPU E5-2630 v3 @ 2.40GHz
stepping	: 2
microcode	: 0x43
cpu MHz		: 1899.902
cache size	: 20480 KB
physical id	: 1
siblings	: 16
core id		: 6
cpu cores	: 8
apicid		: 29
initial apicid	: 29
fpu		: yes
fpu_exception	: yes
cpuid level	: 15
wp		: yes
flags		: fpu vme de pse tsc msr pae mce cx8 apic sep mtrr pge mca cmov pat pse36 clflush dts acpi mmx fxsr sse sse2 ss ht tm pbe syscall nx pdpe1gb rdtscp lm constant_tsc arch_perfmon pebs bts rep_good nopl xtopology nonstop_tsc aperfmperf eagerfpu pni pclmulqdq dtes64 monitor ds_cpl vmx smx est tm2 ssse3 sdbg fma cx16 xtpr pdcm pcid dca sse4_1 sse4_2 x2apic movbe popcnt tsc_deadline_timer aes xsave avx f16c rdrand lahf_lm abm epb intel_ppin ssbd ibrs ibpb stibp tpr_shadow vnmi flexpriority ept vpid fsgsbase tsc_adjust bmi1 avx2 smep bmi2 erms invpcid cqm xsaveopt cqm_llc cqm_occup_llc dtherm ida arat pln pts md_clear spec_ctrl intel_stibp flush_l1d
bogomips	: 4793.49
clflush size	: 64
cache_alignment	: 64
address sizes	: 46 bits physical, 48 bits virtual
power management:

processor	: 31
vendor_id	: GenuineIntel
cpu family	: 6
model		: 63
model name	: Intel(R) Xeon(R) CPU E5-2630 v3 @ 2.40GHz
stepping	: 2
microcode	: 0x43
cpu MHz		: 1398.486
cache size	: 20480 KB
physical id	: 1
siblings	: 16
core id		: 7
cpu cores	: 8
apicid		: 31
initial apicid	: 31
fpu		: yes
fpu_exception	: yes
cpuid level	: 15
wp		: yes
flags		: fpu vme de pse tsc msr pae mce cx8 apic sep mtrr pge mca cmov pat pse36 clflush dts acpi mmx fxsr sse sse2 ss ht tm pbe syscall nx pdpe1gb rdtscp lm constant_tsc arch_perfmon pebs bts rep_good nopl xtopology nonstop_tsc aperfmperf eagerfpu pni pclmulqdq dtes64 monitor ds_cpl vmx smx est tm2 ssse3 sdbg fma cx16 xtpr pdcm pcid dca sse4_1 sse4_2 x2apic movbe popcnt tsc_deadline_timer aes xsave avx f16c rdrand lahf_lm abm epb intel_ppin ssbd ibrs ibpb stibp tpr_shadow vnmi flexpriority ept vpid fsgsbase tsc_adjust bmi1 avx2 smep bmi2 erms invpcid cqm xsaveopt cqm_llc cqm_occup_llc dtherm ida arat pln pts md_clear spec_ctrl intel_stibp flush_l1d
bogomips	: 4793.49
clflush size	: 64
cache_alignment	: 64
address sizes	: 46 bits physical, 48 bits virtual
power management:



Memory: 4k page, physical 263864160k(1736232k free), swap 0k(0k free)

vm_info: OpenJDK 64-Bit Server VM (25.212-b04) for linux-amd64 JRE (1.8.0_212-b04), built on Aug 12 2019 13:15:31 by "buildozer" with gcc 6.4.0

time: Wed Oct  2 06:47:40 2019
timezone: UTC
elapsed time: 2 seconds (0d 0h 0m 2s)

