#
# A fatal error has been detected by the Java Runtime Environment:
#
#  SIGSEGV (0xb) at pc=0x00007fd395fcb810, pid=13851, tid=0x00007fd3795f8ae0
#
# JRE version: OpenJDK Runtime Environment (8.0_212-b04) (build 1.8.0_212-b04)
# Java VM: OpenJDK 64-Bit Server VM (25.212-b04 mixed mode linux-amd64 compressed oops)
# Derivative: IcedTea 3.12.0
# Distribution: Custom build (Mon Aug 12 12:56:32 UTC 2019)
# Problematic frame:
# C  [ld-musl-x86_64.so.1+0x53810]  pthread_setname_np+0x5e
#
# Core dump written. Default location: /workdir/hadoop-ozone/ozone-manager/core or core.13851
#
# If you would like to submit a bug report, please include
# instructions on how to reproduce the bug and visit:
#   https://icedtea.classpath.org/bugzilla
#

---------------  T H R E A D  ---------------

Current thread is native thread

siginfo: si_signo: 11 (SIGSEGV), si_code: 1 (SEGV_MAPERR), si_addr: 0x0000000000000038

Registers:
RAX=0x00007fd3795f8ae0, RBX=0x0000000000000022, RCX=0x0000000000000000, RDX=0x0000000000000000
RSP=0x00007fd3795f8680, RBP=0x0000000000000000, RSI=0x0000000000000000, RDI=0xff73725e6f6c7463
R8 =0x0000000000000000, R9 =0x8080808080808080, R10=0xfefefefefefefeff, R11=0x0000000000000212
R12=0x000055cd52b66f78, R13=0x000000000000000f, R14=0x00007fd3795f8ae0, R15=0x00007fd396204ae8
RIP=0x00007fd395fcb810, EFLAGS=0x0000000000010202, CSGSFS=0x0000000000000033, ERR=0x0000000000000004
  TRAPNO=0x000000000000000e

Top of Stack: (sp=0x00007fd3795f8680)
0x00007fd3795f8680:   0000000000000000 0000000000000000
0x00007fd3795f8690:   0000000000000000 0000000000000000
0x00007fd3795f86a0:   0000000000000000 0000000000000000
0x00007fd3795f86b0:   0000000000000000 000055cd5325a260
0x00007fd3795f86c0:   00007fd3795f8710 0000000000000000
0x00007fd3795f86d0:   000055cd5325a2a0 00007fd378c25ec9
0x00007fd3795f86e0:   0000000000000000 000055cd53256080
0x00007fd3795f86f0:   0000000000000000 00007fd3795f8760
0x00007fd3795f8700:   00007fd3795f8ae0 00007fd396204ae8
0x00007fd3795f8710:   0000000000000000 00007fd394dfbf41
0x00007fd3795f8720:   0000000000000000 00007fd3795f8ae0
0x00007fd3795f8730:   0000000000000000 00007fd395fca6c2
0x00007fd3795f8740:   0000000000000000 0000000000000000
0x00007fd3795f8750:   0000000000017000 00007fd395fcc5b1
0x00007fd3795f8760:   0000000000000002 00007fd3795f8ac0
0x00007fd3795f8770:   00007fd3795f8790 0000000000000000
0x00007fd3795f8780:   0000000000000000 0000000000000000
0x00007fd3795f8790:   0000000000000002 0000000000000000
0x00007fd3795f87a0:   0000000000000000 0000000000000000
0x00007fd3795f87b0:   0000000000000000 0000000000000000
0x00007fd3795f87c0:   0000000000000000 0000000000000000
0x00007fd3795f87d0:   0000000000000000 0000000000000000
0x00007fd3795f87e0:   0000000000000000 0000000000000000
0x00007fd3795f87f0:   0000000000000000 0000000000000000
0x00007fd3795f8800:   0000000000000000 0000000000000000
0x00007fd3795f8810:   0000000000000000 0000000000000000
0x00007fd3795f8820:   0000000000000000 0000000000000000
0x00007fd3795f8830:   0000000000000000 0000000000000000
0x00007fd3795f8840:   0000000000000000 0000000000000000
0x00007fd3795f8850:   0000000000000000 0000000000000000
0x00007fd3795f8860:   0000000000000000 0000000000000000
0x00007fd3795f8870:   0000000000000000 0000000000000000 

Instructions: (pc=0x00007fd395fcb810)
0x00007fd395fcb7f0:   31 d2 31 c0 4c 89 e6 bf 0f 00 00 00 e8 65 d8 fc
0x00007fd395fcb800:   ff 85 c0 89 c3 74 7e e8 25 a7 fc ff 8b 18 eb 75
0x00007fd395fcb810:   8b 4d 38 48 8d 5c 24 0e 48 8d 15 f2 92 03 00 be
0x00007fd395fcb820:   22 00 00 00 31 c0 48 89 df e8 35 68 ff ff 48 8d 

Register to memory mapping:

RAX=0x00007fd3795f8ae0 is an unknown value
RBX=0x0000000000000022 is an unknown value
RCX=0x0000000000000000 is an unknown value
RDX=0x0000000000000000 is an unknown value
RSP=0x00007fd3795f8680 is an unknown value
RBP=0x0000000000000000 is an unknown value
RSI=0x0000000000000000 is an unknown value
RDI=0xff73725e6f6c7463 is an unknown value
R8 =0x0000000000000000 is an unknown value
R9 =0x8080808080808080 is an unknown value
R10=0xfefefefefefefeff is an unknown value
R11=0x0000000000000212 is an unknown value
R12=0x000055cd52b66f78 is an unknown value
R13=0x000000000000000f is an unknown value
R14=0x00007fd3795f8ae0 is an unknown value
R15=0x00007fd396204ae8: __utc+0x1fff68 in /lib/ld-musl-x86_64.so.1 at 0x00007fd395f78000


Stack: [0x00007fd3795e4000,0x00007fd3795f8760],  sp=0x00007fd3795f8680,  free space=81k
Native frames: (J=compiled Java code, j=interpreted, Vv=VM code, C=native code)
C  [ld-musl-x86_64.so.1+0x53810]  pthread_setname_np+0x5e

[error occurred during error reporting (printing native stack), id 0xb]


---------------  P R O C E S S  ---------------

VM state:not at safepoint (normal execution)

VM Mutex/Monitor currently owned by a thread: None

heap address: 0x0000000080000000, size: 2048 MB, Compressed Oops mode: 32-bit
Narrow klass base: 0x0000000000000000, Narrow klass shift: 3
Compressed class space size: 1073741824 Address: 0x0000000100000000

Heap:
 PSYoungGen      total 611840K, used 115060K [0x00000000d5580000, 0x0000000100000000, 0x0000000100000000)
  eden space 524800K, 21% used [0x00000000d5580000,0x00000000dc5dd030,0x00000000f5600000)
  from space 87040K, 0% used [0x00000000f5600000,0x00000000f5600000,0x00000000fab00000)
  to   space 87040K, 0% used [0x00000000fab00000,0x00000000fab00000,0x0000000100000000)
 ParOldGen       total 879104K, used 14482K [0x0000000080000000, 0x00000000b5a80000, 0x00000000d5580000)
  object space 879104K, 1% used [0x0000000080000000,0x0000000080e248d0,0x00000000b5a80000)
 Metaspace       used 26966K, capacity 27194K, committed 27520K, reserved 1073152K
  class space    used 3307K, capacity 3380K, committed 3456K, reserved 1048576K

Card table byte_map: [0x00007fd384d24000,0x00007fd385125000] byte_map_base: 0x00007fd384924000

Marking Bits: (ParMarkBitMap*) 0x00007fd395b36200
 Begin Bits: [0x00007fd380875000, 0x00007fd382875000)
 End Bits:   [0x00007fd382875000, 0x00007fd384875000)

Polling page: 0x00007fd396101000

CodeCache: size=245760Kb used=7187Kb max_used=7195Kb free=238572Kb
 bounds [0x00007fd3854e5000, 0x00007fd385bf5000, 0x00007fd3944e5000]
 total_blobs=3163 nmethods=2675 adapters=402
 compilation: enabled

Compilation events (10 events):
Event: 3.750 Thread 0x000055cd50bcd000 2758   !   4       java.util.concurrent.ConcurrentHashMap::putVal (362 bytes)
Event: 3.776 Thread 0x000055cd50bcd000 nmethod 2758 0x00007fd385bef2d0 code [0x00007fd385bef4e0, 0x00007fd385bf0440]
Event: 3.777 Thread 0x000055cd50bcd000 2739       4       java.util.ArrayList$Itr::next (66 bytes)
Event: 3.778 Thread 0x000055cd50bcd000 nmethod 2739 0x00007fd385bcc350 code [0x00007fd385bcc4a0, 0x00007fd385bcc5d8]
Event: 3.778 Thread 0x000055cd50bcd000 2735       4       java.lang.Character::isWhitespace (5 bytes)
Event: 3.779 Thread 0x000055cd50bcd000 nmethod 2735 0x00007fd385bdb1d0 code [0x00007fd385bdb320, 0x00007fd385bdb3d8]
Event: 3.779 Thread 0x000055cd50bcd000 2746       4       java.util.ArrayList::isEmpty (13 bytes)
Event: 3.779 Thread 0x000055cd50bcd000 nmethod 2746 0x00007fd385bdaf90 code [0x00007fd385bdb0e0, 0x00007fd385bdb158]
Event: 3.838 Thread 0x000055cd50bcd000 2761   !   4       java.net.URL::set (114 bytes)
Event: 3.842 Thread 0x000055cd50bcd000 nmethod 2761 0x00007fd385bdaa90 code [0x00007fd385bdabe0, 0x00007fd385bdaeb8]

GC Heap History (4 events):
Event: 2.221 GC heap before
{Heap before GC invocations=1 (full 0):
 PSYoungGen      total 611840K, used 283503K [0x00000000d5580000, 0x0000000100000000, 0x0000000100000000)
  eden space 524800K, 54% used [0x00000000d5580000,0x00000000e6a5bf98,0x00000000f5600000)
  from space 87040K, 0% used [0x00000000fab00000,0x00000000fab00000,0x0000000100000000)
  to   space 87040K, 0% used [0x00000000f5600000,0x00000000f5600000,0x00000000fab00000)
 ParOldGen       total 1398272K, used 0K [0x0000000080000000, 0x00000000d5580000, 0x00000000d5580000)
  object space 1398272K, 0% used [0x0000000080000000,0x0000000080000000,0x00000000d5580000)
 Metaspace       used 20933K, capacity 21100K, committed 21296K, reserved 1069056K
  class space    used 2606K, capacity 2673K, committed 2688K, reserved 1048576K
Event: 2.262 GC heap after
Heap after GC invocations=1 (full 0):
 PSYoungGen      total 611840K, used 15190K [0x00000000d5580000, 0x0000000100000000, 0x0000000100000000)
  eden space 524800K, 0% used [0x00000000d5580000,0x00000000d5580000,0x00000000f5600000)
  from space 87040K, 17% used [0x00000000f5600000,0x00000000f64d5bc8,0x00000000fab00000)
  to   space 87040K, 0% used [0x00000000fab00000,0x00000000fab00000,0x0000000100000000)
 ParOldGen       total 1398272K, used 16K [0x0000000080000000, 0x00000000d5580000, 0x00000000d5580000)
  object space 1398272K, 0% used [0x0000000080000000,0x0000000080004000,0x00000000d5580000)
 Metaspace       used 20933K, capacity 21100K, committed 21296K, reserved 1069056K
  class space    used 2606K, capacity 2673K, committed 2688K, reserved 1048576K
}
Event: 2.262 GC heap before
{Heap before GC invocations=2 (full 1):
 PSYoungGen      total 611840K, used 15190K [0x00000000d5580000, 0x0000000100000000, 0x0000000100000000)
  eden space 524800K, 0% used [0x00000000d5580000,0x00000000d5580000,0x00000000f5600000)
  from space 87040K, 17% used [0x00000000f5600000,0x00000000f64d5bc8,0x00000000fab00000)
  to   space 87040K, 0% used [0x00000000fab00000,0x00000000fab00000,0x0000000100000000)
 ParOldGen       total 1398272K, used 16K [0x0000000080000000, 0x00000000d5580000, 0x00000000d5580000)
  object space 1398272K, 0% used [0x0000000080000000,0x0000000080004000,0x00000000d5580000)
 Metaspace       used 20933K, capacity 21100K, committed 21296K, reserved 1069056K
  class space    used 2606K, capacity 2673K, committed 2688K, reserved 1048576K
Event: 2.336 GC heap after
Heap after GC invocations=2 (full 1):
 PSYoungGen      total 611840K, used 0K [0x00000000d5580000, 0x0000000100000000, 0x0000000100000000)
  eden space 524800K, 0% used [0x00000000d5580000,0x00000000d5580000,0x00000000f5600000)
  from space 87040K, 0% used [0x00000000f5600000,0x00000000f5600000,0x00000000fab00000)
  to   space 87040K, 0% used [0x00000000fab00000,0x00000000fab00000,0x0000000100000000)
 ParOldGen       total 879104K, used 14482K [0x0000000080000000, 0x00000000b5a80000, 0x00000000d5580000)
  object space 879104K, 1% used [0x0000000080000000,0x0000000080e248d0,0x00000000b5a80000)
 Metaspace       used 20930K, capacity 21094K, committed 21296K, reserved 1069056K
  class space    used 2605K, capacity 2672K, committed 2688K, reserved 1048576K
}

Deoptimization events (10 events):
Event: 0.485 Thread 0x000055cd50a86800 Uncommon trap: reason=unstable_if action=reinterpret pc=0x00007fd385761864 method=java.io.BufferedReader.read()I @ 19
Event: 0.487 Thread 0x000055cd50a86800 Uncommon trap: reason=unstable_if action=reinterpret pc=0x00007fd385718bf0 method=java.lang.AbstractStringBuilder.append(Ljava/lang/String;)Ljava/lang/AbstractStringBuilder; @ 1
Event: 0.896 Thread 0x000055cd50a86800 Uncommon trap: reason=unstable_if action=reinterpret pc=0x00007fd3856f59dc method=sun.misc.URLClassPath.getLoader(I)Lsun/misc/URLClassPath$Loader; @ 79
Event: 1.521 Thread 0x000055cd50a86800 Uncommon trap: reason=range_check action=make_not_entrant pc=0x00007fd38594c280 method=sun.reflect.generics.parser.SignatureParser.current()C @ 34
Event: 1.527 Thread 0x000055cd50a86800 Uncommon trap: reason=unstable_if action=reinterpret pc=0x00007fd3858fab48 method=net.bytebuddy.jar.asm.ClassVisitor.visitInnerClass(Ljava/lang/String;Ljava/lang/String;Ljava/lang/String;I)V @ 4
Event: 2.799 Thread 0x000055cd50a86800 Uncommon trap: reason=bimorphic action=maybe_recompile pc=0x00007fd385b3455c method=java.lang.ThreadLocal.get()Ljava/lang/Object; @ 6
Event: 2.799 Thread 0x000055cd50a86800 Uncommon trap: reason=bimorphic action=maybe_recompile pc=0x00007fd385b3455c method=java.lang.ThreadLocal.get()Ljava/lang/Object; @ 6
Event: 2.799 Thread 0x000055cd50a86800 Uncommon trap: reason=bimorphic action=maybe_recompile pc=0x00007fd385b3455c method=java.lang.ThreadLocal.get()Ljava/lang/Object; @ 6
Event: 2.799 Thread 0x000055cd50a86800 Uncommon trap: reason=bimorphic action=maybe_recompile pc=0x00007fd385b3455c method=java.lang.ThreadLocal.get()Ljava/lang/Object; @ 6
Event: 3.692 Thread 0x000055cd50a86800 Uncommon trap: reason=unstable_if action=reinterpret pc=0x00007fd385b7c34c method=java.lang.ThreadLocal$ThreadLocalMap.getEntry(Ljava/lang/ThreadLocal;)Ljava/lang/ThreadLocal$ThreadLocalMap$Entry; @ 29

Classes redefined (10 events):
Event: 1.541 Thread 0x000055cd50b89000 redefined class name=java.lang.Object, count=1
Event: 1.542 Thread 0x000055cd50b89000 redefined class name=java.lang.AutoCloseable, count=2
Event: 1.543 Thread 0x000055cd50b89000 redefined class name=org.apache.hadoop.ozone.om.OMMXBean, count=2
Event: 1.544 Thread 0x000055cd50b89000 redefined class name=org.apache.hadoop.hdds.server.ServiceRuntimeInfo, count=2
Event: 1.544 Thread 0x000055cd50b89000 redefined class name=org.apache.hadoop.ozone.om.protocol.OzoneManagerServerProtocol, count=2
Event: 1.545 Thread 0x000055cd50b89000 redefined class name=org.apache.hadoop.ozone.om.protocol.OzoneManagerSecurityProtocol, count=2
Event: 1.545 Thread 0x000055cd50b89000 redefined class name=org.apache.hadoop.hdds.server.ServiceRuntimeInfoImpl, count=2
Event: 1.546 Thread 0x000055cd50b89000 redefined class name=org.apache.hadoop.ozone.om.OzoneManager, count=3
Event: 1.547 Thread 0x000055cd50b89000 redefined class name=org.apache.hadoop.ozone.om.protocol.OzoneManagerProtocol, count=2
Event: 3.541 Thread 0x000055cd50b89000 redefined class name=org.apache.hadoop.ozone.audit.AuditLogger, count=2

Internal exceptions (10 events):
Event: 1.522 Thread 0x000055cd50a86800 Exception <a 'java/lang/ArrayIndexOutOfBoundsException': 124> (0x00000000e0f3ff00) thrown at [/home/buildozer/aports/community/openjdk8/src/icedtea-3.12.0/openjdk/hotspot/src/share/vm/interpreter/interpreterRuntime.cpp, line 371]
Event: 1.522 Thread 0x000055cd50a86800 Exception <a 'java/lang/ArrayIndexOutOfBoundsException': 106> (0x00000000e0f42b28) thrown at [/home/buildozer/aports/community/openjdk8/src/icedtea-3.12.0/openjdk/hotspot/src/share/vm/interpreter/interpreterRuntime.cpp, line 371]
Event: 1.961 Thread 0x000055cd50a86800 Exception <a 'java/lang/ArrayIndexOutOfBoundsException'> (0x00000000e3c18df8) thrown at [/home/buildozer/aports/community/openjdk8/src/icedtea-3.12.0/openjdk/hotspot/src/share/vm/runtime/sharedRuntime.cpp, line 613]
Event: 1.962 Thread 0x000055cd50a86800 Exception <a 'java/lang/ArrayIndexOutOfBoundsException'> (0x00000000e3c1fcc8) thrown at [/home/buildozer/aports/community/openjdk8/src/icedtea-3.12.0/openjdk/hotspot/src/share/vm/runtime/sharedRuntime.cpp, line 613]
Event: 1.969 Thread 0x000055cd50a86800 Exception <a 'java/lang/ArrayIndexOutOfBoundsException'> (0x00000000e3c52a20) thrown at [/home/buildozer/aports/community/openjdk8/src/icedtea-3.12.0/openjdk/hotspot/src/share/vm/runtime/sharedRuntime.cpp, line 613]
Event: 1.969 Thread 0x000055cd50a86800 Exception <a 'java/lang/ArrayIndexOutOfBoundsException'> (0x00000000e3c53f90) thrown at [/home/buildozer/aports/community/openjdk8/src/icedtea-3.12.0/openjdk/hotspot/src/share/vm/runtime/sharedRuntime.cpp, line 613]
Event: 1.975 Thread 0x000055cd50a86800 Exception <a 'java/lang/ArrayIndexOutOfBoundsException'> (0x00000000e3c8cab0) thrown at [/home/buildozer/aports/community/openjdk8/src/icedtea-3.12.0/openjdk/hotspot/src/share/vm/runtime/sharedRuntime.cpp, line 613]
Event: 1.981 Thread 0x000055cd50a86800 Exception <a 'java/lang/ArrayIndexOutOfBoundsException'> (0x00000000e3cc1698) thrown at [/home/buildozer/aports/community/openjdk8/src/icedtea-3.12.0/openjdk/hotspot/src/share/vm/runtime/sharedRuntime.cpp, line 613]
Event: 2.667 Thread 0x000055cd50a86800 Exception <a 'java/lang/ArrayIndexOutOfBoundsException'> (0x00000000d8ff6908) thrown at [/home/buildozer/aports/community/openjdk8/src/icedtea-3.12.0/openjdk/hotspot/src/share/vm/runtime/sharedRuntime.cpp, line 613]
Event: 2.667 Thread 0x000055cd50a86800 Exception <a 'java/lang/ArrayIndexOutOfBoundsException'> (0x00000000d900f848) thrown at [/home/buildozer/aports/community/openjdk8/src/icedtea-3.12.0/openjdk/hotspot/src/share/vm/runtime/sharedRuntime.cpp, line 613]

Events (10 events):
Event: 3.710 Thread 0x000055cd50a86800 DEOPT PACKING pc=0x00007fd385aced04 sp=0x00007fd396202ec0
Event: 3.710 Thread 0x000055cd50a86800 DEOPT UNPACKING pc=0x00007fd38552c4c4 sp=0x00007fd396202c88 mode 0
Event: 3.716 Executing VM operation: ForceSafepoint
Event: 3.716 Executing VM operation: ForceSafepoint done
Event: 3.837 loading class org/apache/maven/surefire/booter/Command
Event: 3.837 loading class org/apache/maven/surefire/booter/Command done
Event: 3.838 loading class org/apache/maven/surefire/booter/CommandReader$1
Event: 3.838 loading class org/apache/maven/surefire/booter/CommandReader$1 done
Event: 3.838 loading class java/util/concurrent/ConcurrentLinkedQueue$Itr
Event: 3.839 loading class java/util/concurrent/ConcurrentLinkedQueue$Itr done


Dynamic libraries:
80000000-b5a80000 rw-p 00000000 00:00 0 
b5a80000-d5580000 ---p 00000000 00:00 0 
d5580000-100360000 rw-p 00000000 00:00 0 
100360000-140000000 ---p 00000000 00:00 0 
55cd4f1a0000-55cd4f1a1000 r-xp 00000000 fd:02 64628941                   /usr/lib/jvm/java-1.8-openjdk/jre/bin/java
55cd4f3a0000-55cd4f3a1000 r--p 00000000 fd:02 64628941                   /usr/lib/jvm/java-1.8-openjdk/jre/bin/java
55cd4f3a1000-55cd4f3a2000 rw-p 00001000 fd:02 64628941                   /usr/lib/jvm/java-1.8-openjdk/jre/bin/java
55cd50a6f000-55cd53324000 rw-p 00000000 00:00 0                          [heap]
7fd378560000-7fd3786e0000 rw-p 00000000 00:00 0 
7fd3786e0000-7fd378760000 ---p 00000000 00:00 0 
7fd378760000-7fd3789cf000 rw-p 00000000 00:00 0 
7fd3789cf000-7fd379267000 r-xp 00000000 fd:02 61092551                   /tmp/librocksdbjni5400068454125464476.so
7fd379267000-7fd379278000 r--p 00698000 fd:02 61092551                   /tmp/librocksdbjni5400068454125464476.so
7fd379278000-7fd379281000 rw-p 006a9000 fd:02 61092551                   /tmp/librocksdbjni5400068454125464476.so
7fd379281000-7fd379487000 rw-p 00000000 00:00 0 
7fd3795cb000-7fd3795cd000 ---p 00000000 00:00 0 
7fd3795cd000-7fd3795e2000 rw-p 00000000 00:00 0 
7fd3795e2000-7fd3795e4000 ---p 00000000 00:00 0 
7fd3795e4000-7fd3795f9000 rw-p 00000000 00:00 0 
7fd3795f9000-7fd3795fb000 ---p 00000000 00:00 0 
7fd3795fb000-7fd379610000 rw-p 00000000 00:00 0 
7fd379610000-7fd379612000 ---p 00000000 00:00 0 
7fd379612000-7fd379627000 rw-p 00000000 00:00 0 
7fd379627000-7fd379629000 ---p 00000000 00:00 0 
7fd379629000-7fd37963e000 rw-p 00000000 00:00 0 
7fd37963e000-7fd379864000 r-xp 00000000 fd:02 64689225                   /usr/glibc-compat/lib/ld-2.28.so
7fd379864000-7fd379865000 r--p 00026000 fd:02 64689225                   /usr/glibc-compat/lib/ld-2.28.so
7fd379865000-7fd379866000 rw-p 00027000 fd:02 64689225                   /usr/glibc-compat/lib/ld-2.28.so
7fd379866000-7fd379a67000 rw-p 00000000 00:00 0 
7fd379a72000-7fd379a74000 ---p 00000000 00:00 0 
7fd379a74000-7fd379a89000 rw-p 00000000 00:00 0 
7fd379a89000-7fd379a8b000 ---p 00000000 00:00 0 
7fd379a8b000-7fd379aa0000 rw-p 00000000 00:00 0 
7fd379aa0000-7fd379aa2000 ---p 00000000 00:00 0 
7fd379aa2000-7fd379ab7000 rw-p 00000000 00:00 0 
7fd379ab7000-7fd379ab9000 ---p 00000000 00:00 0 
7fd379ab9000-7fd379ace000 rw-p 00000000 00:00 0 
7fd379ace000-7fd379ad0000 ---p 00000000 00:00 0 
7fd379ad0000-7fd379ae5000 rw-p 00000000 00:00 0 
7fd379ae5000-7fd379ae7000 ---p 00000000 00:00 0 
7fd379ae7000-7fd379cfc000 rw-p 00000000 00:00 0 
7fd379cfc000-7fd379efc000 rw-p 00000000 00:00 0 
7fd379efc000-7fd37a0fc000 rw-p 00000000 00:00 0 
7fd37a0fc000-7fd37a2fc000 rw-p 00000000 00:00 0 
7fd37a2fc000-7fd37a4fc000 rw-p 00000000 00:00 0 
7fd37a4fc000-7fd37a705000 r-xp 00000000 fd:02 64628964                   /usr/lib/jvm/java-1.8-openjdk/jre/lib/amd64/libinstrument.so
7fd37a705000-7fd37a706000 r--p 00009000 fd:02 64628964                   /usr/lib/jvm/java-1.8-openjdk/jre/lib/amd64/libinstrument.so
7fd37a706000-7fd37a707000 rw-p 0000a000 fd:02 64628964                   /usr/lib/jvm/java-1.8-openjdk/jre/lib/amd64/libinstrument.so
7fd37a707000-7fd37a70a000 ---p 00000000 00:00 0 
7fd37a70a000-7fd37a808000 rw-p 00000000 00:00 0 
7fd37a808000-7fd37aa0a000 r-xp 00000000 fd:02 64628957                   /usr/lib/jvm/java-1.8-openjdk/jre/lib/amd64/libattach.so
7fd37aa0a000-7fd37aa0b000 r--p 00002000 fd:02 64628957                   /usr/lib/jvm/java-1.8-openjdk/jre/lib/amd64/libattach.so
7fd37aa0b000-7fd37aa0c000 rw-p 00003000 fd:02 64628957                   /usr/lib/jvm/java-1.8-openjdk/jre/lib/amd64/libattach.so
7fd37aa0c000-7fd37ac1d000 r-xp 00000000 fd:02 64628984                   /usr/lib/jvm/java-1.8-openjdk/jre/lib/amd64/libnio.so
7fd37ac1d000-7fd37ac1e000 r--p 00011000 fd:02 64628984                   /usr/lib/jvm/java-1.8-openjdk/jre/lib/amd64/libnio.so
7fd37ac1e000-7fd37ac1f000 rw-p 00012000 fd:02 64628984                   /usr/lib/jvm/java-1.8-openjdk/jre/lib/amd64/libnio.so
7fd37ac1f000-7fd37dc20000 rw-p 00000000 00:00 0 
7fd37dc20000-7fd37de36000 r-xp 00000000 fd:02 64628983                   /usr/lib/jvm/java-1.8-openjdk/jre/lib/amd64/libnet.so
7fd37de36000-7fd37de37000 r--p 00016000 fd:02 64628983                   /usr/lib/jvm/java-1.8-openjdk/jre/lib/amd64/libnet.so
7fd37de37000-7fd37de38000 rw-p 00017000 fd:02 64628983                   /usr/lib/jvm/java-1.8-openjdk/jre/lib/amd64/libnet.so
7fd37de38000-7fd37de3c000 r--s 00058000 fd:02 64629032                   /usr/lib/jvm/java-1.8-openjdk/jre/lib/jsse.jar
7fd37de48000-7fd37de4a000 ---p 00000000 00:00 0 
7fd37de4a000-7fd37de5f000 rw-p 00000000 00:00 0 
7fd37de5f000-7fd37de7a000 r--s 001d6000 fd:02 64629013                   /usr/lib/jvm/java-1.8-openjdk/jre/lib/ext/nashorn.jar
7fd37de7a000-7fd37de7b000 r--s 00000000 fd:02 61092439                   /tmp/mockitoboot5943614367601118235.jar
7fd37de7c000-7fd37de7f000 r--s 00025000 fd:02 65145720                   /home/user/.m2/repository/org/apache/maven/shared/maven-shared-utils/3.1.0/maven-shared-utils-3.1.0.jar
7fd37de7f000-7fd37de82000 ---p 00000000 00:00 0 
7fd37de82000-7fd37deb9000 rw-p 00000000 00:00 0 
7fd37deb9000-7fd37deba000 r--s 00006000 fd:02 61091764                   /home/user/.m2/repository/org/apache/maven/surefire/common-junit4/3.0.0-M1/common-junit4-3.0.0-M1.jar
7fd37deba000-7fd37debb000 r--s 00002000 fd:02 61091762                   /home/user/.m2/repository/org/apache/maven/surefire/common-junit3/3.0.0-M1/common-junit3-3.0.0-M1.jar
7fd37debb000-7fd37debc000 r--s 00007000 fd:02 61091766                   /home/user/.m2/repository/org/apache/maven/surefire/common-java5/3.0.0-M1/common-java5-3.0.0-M1.jar
7fd37debc000-7fd37debe000 r--s 00003000 fd:02 61091733                   /home/user/.m2/repository/org/apache/maven/surefire/surefire-junit4/3.0.0-M1/surefire-junit4-3.0.0-M1.jar
7fd37debe000-7fd37deca000 r--s 000ae000 fd:02 65209185                   /home/user/.m2/repository/org/jmockit/jmockit/1.24/jmockit-1.24.jar
7fd37deca000-7fd37decc000 r--s 00009000 fd:02 65209076                   /home/user/.m2/repository/org/hamcrest/hamcrest-core/1.3/hamcrest-core-1.3.jar
7fd37decc000-7fd37ded2000 r--s 00036000 fd:02 65081146                   /home/user/.m2/repository/junit/junit/4.11/junit-4.11.jar
7fd37ded2000-7fd37ded8000 r--s 00045000 fd:02 65209067                   /home/user/.m2/repository/org/hamcrest/hamcrest-all/1.3/hamcrest-all-1.3.jar
7fd37ded8000-7fd37dedc000 r--s 0001e000 fd:02 65080551                   /home/user/.m2/repository/io/dropwizard/metrics/metrics-core/3.2.4/metrics-core-3.2.4.jar
7fd37dedc000-7fd37dee1000 r--s 00047000 fd:02 65080499                   /home/user/.m2/repository/dnsjava/dnsjava/2.1.7/dnsjava-2.1.7.jar
7fd37dee1000-7fd37dee7000 r--s 00078000 fd:02 65079453                   /home/user/.m2/repository/com/fasterxml/woodstox/woodstox-core/5.0.3/woodstox-core-5.0.3.jar
7fd37dee7000-7fd37deeb000 r--s 00024000 fd:02 65208608                   /home/user/.m2/repository/org/codehaus/woodstox/stax2-api/3.1.4/stax2-api-3.1.4.jar
7fd37deeb000-7fd37deef000 r--s 0004c000 fd:02 65079296                   /home/user/.m2/repository/com/fasterxml/jackson/core/jackson-core/2.9.9/jackson-core-2.9.9.jar
7fd37deef000-7fd37df02000 r--s 00137000 fd:02 65079313                   /home/user/.m2/repository/com/fasterxml/jackson/core/jackson-databind/2.9.9/jackson-databind-2.9.9.jar
7fd37df02000-7fd37df04000 r--s 00006000 fd:02 65143457                   /home/user/.m2/repository/org/apache/kerby/kerby-xdr/1.0.1/kerby-xdr-1.0.1.jar
7fd37df04000-7fd37df05000 r--s 00004000 fd:02 65143361                   /home/user/.m2/repository/org/apache/kerby/kerb-identity/1.0.1/kerb-identity-1.0.1.jar
7fd37df05000-7fd37df08000 r--s 00012000 fd:02 65143370                   /home/user/.m2/repository/org/apache/kerby/kerb-server/1.0.1/kerb-server-1.0.1.jar
7fd37df08000-7fd37df0b000 r--s 00011000 fd:02 65143316                   /home/user/.m2/repository/org/apache/kerby/kerb-admin/1.0.1/kerb-admin-1.0.1.jar
7fd37df0b000-7fd37df0c000 r--s 00004000 fd:02 65143466                   /home/user/.m2/repository/org/apache/kerby/token-provider/1.0.1/token-provider-1.0.1.jar
7fd37df0c000-7fd37df0d000 r--s 00008000 fd:02 65143388                   /home/user/.m2/repository/org/apache/kerby/kerb-util/1.0.1/kerb-util-1.0.1.jar
7fd37df0d000-7fd37df11000 r--s 00019000 fd:02 65143352                   /home/user/.m2/repository/org/apache/kerby/kerb-crypto/1.0.1/kerb-crypto-1.0.1.jar
7fd37df11000-7fd37df13000 r--s 0000e000 fd:02 65143334                   /home/user/.m2/repository/org/apache/kerby/kerb-common/1.0.1/kerb-common-1.0.1.jar
7fd37df13000-7fd37df14000 r--s 00009000 fd:02 65143448                   /home/user/.m2/repository/org/apache/kerby/kerby-util/1.0.1/kerby-util-1.0.1.jar
7fd37df14000-7fd37df16000 r--s 00017000 fd:02 65143403                   /home/user/.m2/repository/org/apache/kerby/kerby-asn1/1.0.1/kerby-asn1-1.0.1.jar
7fd37df16000-7fd37df1d000 r--s 0002b000 fd:02 65143433                   /home/user/.m2/repository/org/apache/kerby/kerby-pkix/1.0.1/kerby-pkix-1.0.1.jar
7fd37df1d000-7fd37df24000 r--s 00031000 fd:02 65143343                   /home/user/.m2/repository/org/apache/kerby/kerb-core/1.0.1/kerb-core-1.0.1.jar
7fd37df24000-7fd37df26000 r--s 00006000 fd:02 65143418                   /home/user/.m2/repository/org/apache/kerby/kerby-config/1.0.1/kerby-config-1.0.1.jar
7fd37df26000-7fd37df29000 r--s 00019000 fd:02 65143325                   /home/user/.m2/repository/org/apache/kerby/kerb-client/1.0.1/kerb-client-1.0.1.jar
7fd37df29000-7fd37df2a000 r--s 00004000 fd:02 65143379                   /home/user/.m2/repository/org/apache/kerby/kerb-simplekdc/1.0.1/kerb-simplekdc-1.0.1.jar
7fd37df2a000-7fd37df2b000 r--s 00004000 fd:02 65146351                   /home/user/.m2/repository/org/apache/yetus/audience-annotations/0.5.0/audience-annotations-0.5.0.jar
7fd37df2b000-7fd37df2d000 r--s 00014000 fd:02 65081102                   /home/user/.m2/repository/jline/jline/0.9.94/jline-0.9.94.jar
7fd37df2d000-7fd37df3a000 r--s 000d1000 fd:02 65146367                   /home/user/.m2/repository/org/apache/zookeeper/zookeeper/3.4.13/zookeeper-3.4.13.jar
7fd37df3a000-7fd37df54000 r--s 00155000 fd:02 65143188                   /home/user/.m2/repository/org/apache/htrace/htrace-core4/4.1.0-incubating/htrace-core4-4.1.0-incubating.jar
7fd37df54000-7fd37df57000 r--s 00006000 fd:02 65079565                   /home/user/.m2/repository/com/google/code/findbugs/jsr305/3.0.0/jsr305-3.0.0.jar
7fd37df57000-7fd37df5f000 r--s 0003e000 fd:02 65142951                   /home/user/.m2/repository/org/apache/curator/curator-recipes/2.12.0/curator-recipes-2.12.0.jar
7fd37df5f000-7fd37df96000 r--s 00219000 fd:02 65142933                   /home/user/.m2/repository/org/apache/curator/curator-client/2.12.0/curator-client-2.12.0.jar
7fd37df96000-7fd37df9b000 r--s 00040000 fd:02 65079825                   /home/user/.m2/repository/com/jcraft/jsch/0.1.54/jsch-0.1.54.jar
7fd37df9b000-7fd37dfa1000 r--s 0002c000 fd:02 65142942                   /home/user/.m2/repository/org/apache/curator/curator-framework/2.12.0/curator-framework-2.12.0.jar
7fd37dfa1000-7fd37dfa3000 r--s 00006000 fd:02 65081334                   /home/user/.m2/repository/net/minidev/accessors-smart/1.2/accessors-smart-1.2.jar
7fd37dfa3000-7fd37dfa6000 r--s 0001b000 fd:02 65081343                   /home/user/.m2/repository/net/minidev/json-smart/2.3/json-smart-2.3.jar
7fd37dfa6000-7fd37dfa8000 r--s 00000000 fd:02 65079501                   /home/user/.m2/repository/com/github/stephenc/jcip/jcip-annotations/1.0-1/jcip-annotations-1.0-1.jar
7fd37dfa8000-7fd37dfae000 r--s 00044000 fd:02 65079871                   /home/user/.m2/repository/com/nimbusds/nimbus-jose-jwt/4.41.1/nimbus-jose-jwt-4.41.1.jar
7fd37dfae000-7fd37dfb0000 r--s 00020000 fd:02 65143004                   /home/user/.m2/repository/org/apache/hadoop/hadoop-auth/3.2.0/hadoop-auth-3.2.0.jar
7fd37dfb0000-7fd37dfb5000 r--s 0002a000 fd:02 65079575                   /home/user/.m2/repository/com/google/code/gson/gson/2.2.4/gson-2.2.4.jar
7fd37dfb5000-7fd37dfb7000 r--s 0001e000 fd:02 65079799                   /home/user/.m2/repository/com/google/re2j/re2j/1.1/re2j-1.1.jar
7fd37dfb7000-7fd37dfb9000 r--s 00130000 fd:02 65210169                   /home/user/.m2/repository/org/xerial/snappy/snappy-java/1.0.5/snappy-java-1.0.5.jar
7fd37dfb9000-7fd37dfbb000 r--s 00006000 fd:02 65080065                   /home/user/.m2/repository/com/thoughtworks/paranamer/paranamer/2.3/paranamer-2.3.jar
7fd37dfbb000-7fd37dfc4000 r--s 00062000 fd:02 65081564                   /home/user/.m2/repository/org/apache/avro/avro/1.7.7/avro-1.7.7.jar
7fd37dfc4000-7fd37dfc5000 r--s 00002000 fd:02 65209773                   /home/user/.m2/repository/org/slf4j/slf4j-log4j12/1.7.25/slf4j-log4j12-1.7.25.jar
7fd37dfc5000-7fd37dfc9000 r--s 00029000 fd:02 65142917                   /home/user/.m2/repository/org/apache/commons/commons-text/1.4/commons-text-1.4.jar
7fd37dfc9000-7fd37dfd1000 r--s 00072000 fd:02 65081651                   /home/user/.m2/repository/org/apache/commons/commons-lang3/3.7/commons-lang3-3.7.jar
7fd37dfd1000-7fd37dfdd000 r--s 0008b000 fd:02 65081619                   /home/user/.m2/repository/org/apache/commons/commons-configuration2/2.1.1/commons-configuration2-2.1.1.jar
7fd37dfdd000-7fd37dfe2000 r--s 00038000 fd:02 65080118                   /home/user/.m2/repository/commons-beanutils/commons-beanutils/1.9.4/commons-beanutils-1.9.4.jar
7fd37dfe2000-7fd37dfeb000 r--s 0006f000 fd:02 65081182                   /home/user/.m2/repository/log4j/log4j/1.2.17/log4j-1.2.17.jar
7fd37dfeb000-7fd37dfed000 r--s 0000e000 fd:02 65080426                   /home/user/.m2/repository/commons-logging/commons-logging/1.1.3/commons-logging-1.1.3.jar
7fd37dfed000-7fd37dffd000 r--s 0009c000 fd:02 65079998                   /home/user/.m2/repository/com/sun/jersey/jersey-server/1.19/jersey-server-1.19.jar
7fd37dffd000-7fd37dffe000 r--s 00006000 fd:02 65146538                   /home/user/.m2/repository/org/codehaus/jackson/jackson-xc/1.9.13/jackson-xc-1.9.13.jar
7fd37dffe000-7fd37dfff000 r--s 00004000 fd:02 65146520                   /home/user/.m2/repository/org/codehaus/jackson/jackson-jaxrs/1.9.13/jackson-jaxrs-1.9.13.jar
7fd37dfff000-7fd37e00d000 r--s 000b1000 fd:02 65146529                   /home/user/.m2/repository/org/codehaus/jackson/jackson-mapper-asl/1.9.13/jackson-mapper-asl-1.9.13.jar
7fd37e00d000-7fd37e011000 r--s 00035000 fd:02 65146511                   /home/user/.m2/repository/org/codehaus/jackson/jackson-core-asl/1.9.13/jackson-core-asl-1.9.13.jar
7fd37e011000-7fd37e023000 r--s 000d9000 fd:02 65080041                   /home/user/.m2/repository/com/sun/xml/bind/jaxb-impl/2.3.0.1/jaxb-impl-2.3.0.1.jar
7fd37e023000-7fd37e025000 r--s 0000f000 fd:02 65146548                   /home/user/.m2/repository/org/codehaus/jettison/jettison/1.1/jettison-1.1.jar
7fd37e025000-7fd37e029000 r--s 00025000 fd:02 65079983                   /home/user/.m2/repository/com/sun/jersey/jersey-json/1.19/jersey-json-1.19.jar
7fd37e029000-7fd37e02d000 r--s 0001c000 fd:02 65080007                   /home/user/.m2/repository/com/sun/jersey/jersey-servlet/1.19/jersey-servlet-1.19.jar
7fd37e02d000-7fd37e02f000 r--s 0000a000 fd:02 65081047                   /home/user/.m2/repository/javax/ws/rs/jsr311-api/1.1.1/jsr311-api-1.1.1.jar
7fd37e02f000-7fd37e039000 r--s 00061000 fd:02 65079974                   /home/user/.m2/repository/com/sun/jersey/jersey-core/1.19/jersey-core-1.19.jar
7fd37e039000-7fd37e03c000 r--s 00016000 fd:02 65081003                   /home/user/.m2/repository/javax/servlet/jsp/jsp-api/2.1/jsp-api-2.1.jar
7fd37e03c000-7fd37e03d000 r--s 0000c000 fd:02 65208741                   /home/user/.m2/repository/org/eclipse/jetty/jetty-xml/9.3.25.v20180904/jetty-xml-9.3.25.v20180904.jar
7fd37e03d000-7fd37e040000 r--s 0001a000 fd:02 65208732                   /home/user/.m2/repository/org/eclipse/jetty/jetty-webapp/9.3.25.v20180904/jetty-webapp-9.3.25.v20180904.jar
7fd37e040000-7fd37e043000 r--s 00015000 fd:02 65208687                   /home/user/.m2/repository/org/eclipse/jetty/jetty-security/9.3.25.v20180904/jetty-security-9.3.25.v20180904.jar
7fd37e043000-7fd37e046000 r--s 0001b000 fd:02 65208705                   /home/user/.m2/repository/org/eclipse/jetty/jetty-servlet/9.3.25.v20180904/jetty-servlet-9.3.25.v20180904.jar
7fd37e046000-7fd37e04d000 r--s 00069000 fd:02 65208714                   /home/user/.m2/repository/org/eclipse/jetty/jetty-util/9.3.25.v20180904/jetty-util-9.3.25.v20180904.jar
7fd37e04d000-7fd37e051000 r--s 0001b000 fd:02 65208661                   /home/user/.m2/repository/org/eclipse/jetty/jetty-io/9.3.25.v20180904/jetty-io-9.3.25.v20180904.jar
7fd37e051000-7fd37e054000 r--s 00022000 fd:02 65208652                   /home/user/.m2/repository/org/eclipse/jetty/jetty-http/9.3.25.v20180904/jetty-http-9.3.25.v20180904.jar
7fd37e054000-7fd37e05c000 r--s 00078000 fd:02 65208696                   /home/user/.m2/repository/org/eclipse/jetty/jetty-server/9.3.25.v20180904/jetty-server-9.3.25.v20180904.jar
7fd37e05c000-7fd37e05f000 r--s 00015000 fd:02 65080993                   /home/user/.m2/repository/javax/servlet/javax.servlet-api/3.1.0/javax.servlet-api-3.1.0.jar
7fd37e05f000-7fd37e06c000 r--s 00083000 fd:02 65080239                   /home/user/.m2/repository/commons-collections/commons-collections/3.2.2/commons-collections-3.2.2.jar
7fd37e06c000-7fd37e072000 r--s 00046000 fd:02 65080451                   /home/user/.m2/repository/commons-net/commons-net/3.6/commons-net-3.6.jar
7fd37e072000-7fd37e076000 r--s 0002f000 fd:02 65080349                   /home/user/.m2/repository/commons-io/commons-io/2.5/commons-io-2.5.jar
7fd37e076000-7fd37e07d000 r--s 0004b000 fd:02 65080171                   /home/user/.m2/repository/commons-codec/commons-codec/1.11/commons-codec-1.11.jar
7fd37e07d000-7fd37e084000 r--s 00049000 fd:02 65143265                   /home/user/.m2/repository/org/apache/httpcomponents/httpcore/4.4.4/httpcore-4.4.4.jar
7fd37e084000-7fd37e091000 r--s 000a7000 fd:02 65143212                   /home/user/.m2/repository/org/apache/httpcomponents/httpclient/4.5.2/httpclient-4.5.2.jar
7fd37e091000-7fd37e0ae000 r--s 0016a000 fd:02 65142787                   /home/user/.m2/repository/org/apache/commons/commons-math3/3.1.1/commons-math3-3.1.1.jar
7fd37e0ae000-7fd37e0b0000 r--s 00009000 fd:02 65080153                   /home/user/.m2/repository/commons-cli/commons-cli/1.2/commons-cli-1.2.jar
7fd37e0b0000-7fd37e129000 r--s 007c0000 fd:02 64629074                   /usr/lib/jvm/java-1.8-openjdk/lib/tools.jar
7fd37e129000-7fd37e12a000 r--s 0000e000 fd:02 65142995                   /home/user/.m2/repository/org/apache/hadoop/hadoop-annotations/3.2.0/hadoop-annotations-3.2.0.jar
7fd37e12a000-7fd37e155000 r--s 00297000 fd:02 65143022                   /home/user/.m2/repository/org/apache/hadoop/hadoop-common/3.2.0/hadoop-common-3.2.0-tests.jar
7fd37e155000-7fd37e157000 r--s 00002000 fd:02 61092610                   /home/user/.m2/repository/com/github/spotbugs/spotbugs-annotations/3.1.12/spotbugs-annotations-3.1.12.jar
7fd37e157000-7fd37e159000 r--s 00009000 fd:02 65209747                   /home/user/.m2/repository/org/slf4j/slf4j-api/1.7.25/slf4j-api-1.7.25.jar
7fd37e159000-7fd37e15e000 r--s 00041000 fd:02 65080385                   /home/user/.m2/repository/commons-lang/commons-lang/2.6/commons-lang-2.6.jar
7fd37e15e000-7fd37e164000 r--s 00033000 fd:02 65081082                   /home/user/.m2/repository/jaxen/jaxen/1.1.6/jaxen-1.1.6.jar
7fd37e164000-7fd37e169000 r--s 0004b000 fd:02 61092606                   /home/user/.m2/repository/org/dom4j/dom4j/2.1.1/dom4j-2.1.1.jar
7fd37e169000-7fd37e16a000 r--s 00000000 fd:02 65081324                   /home/user/.m2/repository/net/jcip/jcip-annotations/1.0/jcip-annotations-1.0.jar
7fd37e16a000-7fd37e175000 r--s 0009d000 fd:02 61092605                   /home/user/.m2/repository/org/apache/bcel/bcel/6.3/bcel-6.3.jar
7fd37e175000-7fd37e176000 r--s 00013000 fd:02 61092600                   /home/user/.m2/repository/org/ow2/asm/asm-util/7.0/asm-util-7.0.jar
7fd37e176000-7fd37e178000 r--s 0000b000 fd:02 61092602                   /home/user/.m2/repository/org/ow2/asm/asm-tree/7.0/asm-tree-7.0.jar
7fd37e178000-7fd37e17a000 r--s 00012000 fd:02 61092596                   /home/user/.m2/repository/org/ow2/asm/asm-commons/7.0/asm-commons-7.0.jar
7fd37e17a000-7fd37e17c000 r--s 00007000 fd:02 61092598                   /home/user/.m2/repository/org/ow2/asm/asm-analysis/7.0/asm-analysis-7.0.jar
7fd37e17c000-7fd37e17e000 r--s 0000c000 fd:02 65209437                   /home/user/.m2/repository/org/ow2/asm/asm/5.0.4/asm-5.0.4.jar
7fd37e17e000-7fd37e1a6000 r--s 00316000 fd:02 61092594                   /home/user/.m2/repository/com/github/spotbugs/spotbugs/3.1.12/spotbugs-3.1.12.jar
7fd37e1a6000-7fd37e1a8000 r--s 00005000 fd:02 65209355                   /home/user/.m2/repository/org/objenesis/objenesis/1.0/objenesis-1.0.jar
7fd37e1a8000-7fd37e1aa000 r--s 00009000 fd:02 65081276                   /home/user/.m2/repository/net/bytebuddy/byte-buddy-agent/1.9.10/byte-buddy-agent-1.9.10.jar
7fd37e1aa000-7fd37e1f1000 r--s 002d9000 fd:02 65081243                   /home/user/.m2/repository/net/bytebuddy/byte-buddy/1.9.10/byte-buddy-1.9.10.jar
7fd37e1f1000-7fd37e202000 r--s 00080000 fd:02 65209291                   /home/user/.m2/repository/org/mockito/mockito-core/2.28.2/mockito-core-2.28.2.jar
7fd37e202000-7fd37e25a000 r--s 003a7000 fd:02 65146433                   /home/user/.m2/repository/org/bouncycastle/bcprov-jdk15on/1.60/bcprov-jdk15on-1.60.jar
7fd37e25a000-7fd37e27b000 r--s 00172000 fd:02 65079641                   /home/user/.m2/repository/com/google/guava/guava/11.0.2/guava-11.0.2.jar
7fd37e27b000-7fd37e283000 r--s 0007b000 fd:02 65079757                   /home/user/.m2/repository/com/google/protobuf/protobuf-java/2.5.0/protobuf-java-2.5.0.jar
7fd37e283000-7fd37e288000 r--s 0003c000 fd:02 65080539                   /home/user/.m2/repository/info/picocli/picocli/3.9.6/picocli-3.9.6.jar
7fd37e288000-7fd37e28c000 r--s 006b9000 fd:02 65210178                   /home/user/.m2/repository/org/xerial/sqlite-jdbc/3.25.2/sqlite-jdbc-3.25.2.jar
7fd37e28c000-7fd37e292000 r--s 0003c000 fd:02 65210198                   /home/user/.m2/repository/org/yaml/snakeyaml/1.16/snakeyaml-1.16.jar
7fd37e292000-7fd37e293000 r--s 00002000 fd:02 65080885                   /home/user/.m2/repository/io/opentracing/opentracing-noop/0.31.0/opentracing-noop-0.31.0.jar
7fd37e293000-7fd37e295000 r--s 00002000 fd:02 65080876                   /home/user/.m2/repository/io/opentracing/opentracing-api/0.31.0/opentracing-api-0.31.0.jar
7fd37e295000-7fd37e296000 r--s 00001000 fd:02 65080894                   /home/user/.m2/repository/io/opentracing/opentracing-util/0.31.0/opentracing-util-0.31.0.jar
7fd37e296000-7fd37e297000 r--s 00001000 fd:02 65080861                   /home/user/.m2/repository/io/opentracing/contrib/opentracing-tracerresolver/0.1.5/opentracing-tracerresolver-0.1.5.jar
7fd37e297000-7fd37e298000 r--s 00000000 fd:02 65080691                   /home/user/.m2/repository/io/jaegertracing/jaeger-tracerresolver/0.34.0/jaeger-tracerresolver-0.34.0.jar
7fd37e298000-7fd37e29c000 r--s 0001c000 fd:02 65080673                   /home/user/.m2/repository/io/jaegertracing/jaeger-core/0.34.0/jaeger-core-0.34.0.jar
7fd37e29c000-7fd37e29d000 r--s 00013000 fd:02 65079922                   /home/user/.m2/repository/com/squareup/okio/okio/1.13.0/okio-1.13.0.jar
7fd37e29d000-7fd37e2a3000 r--s 0005e000 fd:02 65079906                   /home/user/.m2/repository/com/squareup/okhttp3/okhttp/3.9.0/okhttp-3.9.0.jar
7fd37e2a3000-7fd37e2a9000 r--s 00037000 fd:02 65146132                   /home/user/.m2/repository/org/apache/thrift/libthrift/0.12.0/libthrift-0.12.0.jar
7fd37e2a9000-7fd37e2b7000 r--s 0009e000 fd:02 65080682                   /home/user/.m2/repository/io/jaegertracing/jaeger-thrift/0.34.0/jaeger-thrift-0.34.0.jar
7fd37e2b7000-7fd37e2b8000 r--s 00000000 fd:02 65080664                   /home/user/.m2/repository/io/jaegertracing/jaeger-client/0.34.0/jaeger-client-0.34.0.jar
7fd37e2b8000-7fd37e2bc000 r--s 00020000 fd:02 65080285                   /home/user/.m2/repository/commons-digester/commons-digester/1.8.1/commons-digester-1.8.1.jar
7fd37e2bc000-7fd37e2c0000 r--s 0002a000 fd:02 65080477                   /home/user/.m2/repository/commons-validator/commons-validator/1.6/commons-validator-1.6.jar
7fd37e2c0000-7fd37e2d3000 r--s 000b0000 fd:02 65146424                   /home/user/.m2/repository/org/bouncycastle/bcpkix-jdk15on/1.60/bcpkix-jdk15on-1.60.jar
7fd37e2d3000-7fd37e2d6000 r--s 0001d000 fd:02 65142908                   /home/user/.m2/repository/org/apache/commons/commons-pool2/2.6.0/commons-pool2-2.6.0.jar
7fd37e2d6000-7fd37e2d9000 r--s 00012000 fd:02 65079851                   /home/user/.m2/repository/com/lmax/disruptor/3.4.2/disruptor-3.4.2.jar
7fd37e2d9000-7fd37e2f9000 r--s 00167000 fd:02 65143492                   /home/user/.m2/repository/org/apache/logging/log4j/log4j-core/2.11.0/log4j-core-2.11.0.jar
7fd37e2f9000-7fd37e2ff000 r--s 0003b000 fd:02 65143483                   /home/user/.m2/repository/org/apache/logging/log4j/log4j-api/2.11.0/log4j-api-2.11.0.jar
7fd37e2ff000-7fd37e304000 r--s 00c4f000 fd:02 65209706                   /home/user/.m2/repository/org/rocksdb/rocksdbjni/6.0.1/rocksdbjni-6.0.1.jar
7fd37e304000-7fd37e306000 r--s 00019000 fd:02 61092363                   /home/user/.m2/repository/org/apache/ratis/ratis-grpc/0.5.0-201fc85-SNAPSHOT/ratis-grpc-0.5.0-201fc85-SNAPSHOT.jar
7fd37e306000-7fd37e308000 r--s 00007000 fd:02 61092362                   /home/user/.m2/repository/org/apache/ratis/ratis-netty/0.5.0-201fc85-SNAPSHOT/ratis-netty-0.5.0-201fc85-SNAPSHOT.jar
7fd37e308000-7fd37e30a000 r--s 00009000 fd:02 65080529                   /home/user/.m2/repository/info/ganglia/gmetric4j/gmetric4j/1.0.7/gmetric4j-1.0.7.jar
7fd37e30a000-7fd37e30b000 r--s 00002000 fd:02 65080560                   /home/user/.m2/repository/io/dropwizard/metrics/metrics-ganglia/3.2.5/metrics-ganglia-3.2.5.jar
7fd37e30b000-7fd37e30d000 r--s 00008000 fd:02 65080569                   /home/user/.m2/repository/io/dropwizard/metrics/metrics-jvm/3.2.5/metrics-jvm-3.2.5.jar
7fd37e30d000-7fd37e30e000 r--s 00003000 fd:02 65079490                   /home/user/.m2/repository/com/github/joshelser/dropwizard-metrics-hadoop-metrics2-reporter/0.1.2/dropwizard-metrics-hadoop-metrics2-reporter-0.1.2.jar
7fd37e30e000-7fd37e310000 r--s 0000c000 fd:02 61092360                   /home/user/.m2/repository/org/apache/ratis/ratis-client/0.5.0-201fc85-SNAPSHOT/ratis-client-0.5.0-201fc85-SNAPSHOT.jar
7fd37e310000-7fd37e315000 r--s 0003a000 fd:02 61092351                   /home/user/.m2/repository/org/apache/ratis/ratis-common/0.5.0-201fc85-SNAPSHOT/ratis-common-0.5.0-201fc85-SNAPSHOT.jar
7fd37e315000-7fd37e323000 r--s 0010d000 fd:02 61092349                   /home/user/.m2/repository/org/apache/ratis/ratis-proto/0.5.0-201fc85-SNAPSHOT/ratis-proto-0.5.0-201fc85-SNAPSHOT.jar
7fd37e323000-7fd37e3fd000 r--s 00cc8000 fd:02 65146082                   /home/user/.m2/repository/org/apache/ratis/ratis-thirdparty-misc/0.2.0/ratis-thirdparty-misc-0.2.0.jar
7fd37e3fd000-7fd37e402000 r--s 00053000 fd:02 61092347                   /home/user/.m2/repository/org/apache/ratis/ratis-server/0.5.0-201fc85-SNAPSHOT/ratis-server-0.5.0-201fc85-SNAPSHOT.jar
7fd37e402000-7fd37e404000 r--s 00005000 fd:02 65080932                   /home/user/.m2/repository/javax/annotation/javax.annotation-api/1.2/javax.annotation-api-1.2.jar
7fd37e404000-7fd37e449000 r--s 00486000 fd:02 65143058                   /home/user/.m2/repository/org/apache/hadoop/hadoop-hdfs-client/3.2.0/hadoop-hdfs-client-3.2.0.jar
7fd37e449000-7fd37e470000 r--s 00205000 fd:02 65080710                   /home/user/.m2/repository/io/netty/netty-all/4.0.52.Final/netty-all-4.0.52.Final.jar
7fd37e470000-7fd37e489000 r--s 0012c000 fd:02 65080701                   /home/user/.m2/repository/io/netty/netty/3.10.5.Final/netty-3.10.5.Final.jar
7fd37e489000-7fd37e4d1000 r--s 00557000 fd:02 65143049                   /home/user/.m2/repository/org/apache/hadoop/hadoop-hdfs/3.2.0/hadoop-hdfs-3.2.0.jar
7fd37e4d1000-7fd37e50f000 r--s 003aa000 fd:02 65143025                   /home/user/.m2/repository/org/apache/hadoop/hadoop-common/3.2.0/hadoop-common-3.2.0.jar
7fd37e50f000-7fd37e512000 ---p 00000000 00:00 0 
7fd37e512000-7fd37e610000 rw-p 00000000 00:00 0 
7fd37e610000-7fd37e817000 r-xp 00000000 fd:02 64628981                   /usr/lib/jvm/java-1.8-openjdk/jre/lib/amd64/libmanagement.so
7fd37e817000-7fd37e818000 r--p 00007000 fd:02 64628981                   /usr/lib/jvm/java-1.8-openjdk/jre/lib/amd64/libmanagement.so
7fd37e818000-7fd37e819000 rw-p 00008000 fd:02 64628981                   /usr/lib/jvm/java-1.8-openjdk/jre/lib/amd64/libmanagement.so
7fd37e819000-7fd37e81c000 ---p 00000000 00:00 0 
7fd37e81c000-7fd37e91a000 rw-p 00000000 00:00 0 
7fd37e91a000-7fd37e91b000 ---p 00000000 00:00 0 
7fd37e91b000-7fd37ea1c000 rw-p 00000000 00:00 0 
7fd37ea1c000-7fd37ea1f000 ---p 00000000 00:00 0 
7fd37ea1f000-7fd37eb1d000 rw-p 00000000 00:00 0 
7fd37eb1d000-7fd37eb1e000 ---p 00000000 00:00 0 
7fd37eb1e000-7fd37eb21000 ---p 00000000 00:00 0 
7fd37eb21000-7fd37ec1f000 rw-p 00000000 00:00 0 
7fd37ec1f000-7fd37ec20000 ---p 00000000 00:00 0 
7fd37ec20000-7fd37ec23000 ---p 00000000 00:00 0 
7fd37ec23000-7fd37ed21000 rw-p 00000000 00:00 0 
7fd37ed21000-7fd37ed24000 ---p 00000000 00:00 0 
7fd37ed24000-7fd37ee22000 rw-p 00000000 00:00 0 
7fd37ee22000-7fd37ee25000 ---p 00000000 00:00 0 
7fd37ee25000-7fd37ef23000 rw-p 00000000 00:00 0 
7fd37ef23000-7fd37ef26000 ---p 00000000 00:00 0 
7fd37ef26000-7fd37f024000 rw-p 00000000 00:00 0 
7fd37f024000-7fd37f025000 ---p 00000000 00:00 0 
7fd37f025000-7fd37fa2f000 rw-p 00000000 00:00 0 
7fd37fa2f000-7fd37fbff000 r--s 01f56000 fd:02 64629046                   /usr/lib/jvm/java-1.8-openjdk/jre/lib/rt.jar
7fd37fbff000-7fd384875000 rw-p 00000000 00:00 0 
7fd384875000-7fd384876000 ---p 00000000 00:00 0 
7fd384876000-7fd384977000 rw-p 00000000 00:00 0 
7fd384977000-7fd384978000 ---p 00000000 00:00 0 
7fd384978000-7fd384c27000 rw-p 00000000 00:00 0 
7fd384c27000-7fd384d24000 ---p 00000000 00:00 0 
7fd384d24000-7fd384ed2000 rw-p 00000000 00:00 0 
7fd384ed2000-7fd384fce000 ---p 00000000 00:00 0 
7fd384fce000-7fd385142000 rw-p 00000000 00:00 0 
7fd385142000-7fd3854e5000 ---p 00000000 00:00 0 
7fd3854e5000-7fd385bf5000 rwxp 00000000 00:00 0 
7fd385bf5000-7fd3944e5000 ---p 00000000 00:00 0 
7fd3944e5000-7fd3946ec000 r-xp 00000000 fd:02 64628990                   /usr/lib/jvm/java-1.8-openjdk/jre/lib/amd64/libzip.so
7fd3946ec000-7fd3946ed000 r--p 00007000 fd:02 64628990                   /usr/lib/jvm/java-1.8-openjdk/jre/lib/amd64/libzip.so
7fd3946ed000-7fd3946ee000 rw-p 00008000 fd:02 64628990                   /usr/lib/jvm/java-1.8-openjdk/jre/lib/amd64/libzip.so
7fd3946ee000-7fd394919000 r-xp 00000000 fd:02 64628971                   /usr/lib/jvm/java-1.8-openjdk/jre/lib/amd64/libjava.so
7fd394919000-7fd39491a000 r--p 0002b000 fd:02 64628971                   /usr/lib/jvm/java-1.8-openjdk/jre/lib/amd64/libjava.so
7fd39491a000-7fd39491b000 rw-p 0002c000 fd:02 64628971                   /usr/lib/jvm/java-1.8-openjdk/jre/lib/amd64/libjava.so
7fd39491b000-7fd39491c000 rw-p 00000000 00:00 0 
7fd39491c000-7fd394b28000 r-xp 00000000 fd:02 64628989                   /usr/lib/jvm/java-1.8-openjdk/jre/lib/amd64/libverify.so
7fd394b28000-7fd394b2a000 r--p 0000c000 fd:02 64628989                   /usr/lib/jvm/java-1.8-openjdk/jre/lib/amd64/libverify.so
7fd394b2a000-7fd394b2b000 rw-p 0000e000 fd:02 64628989                   /usr/lib/jvm/java-1.8-openjdk/jre/lib/amd64/libverify.so
7fd394b2b000-7fd394d3b000 r-xp 00000000 fd:02 64629147                   /usr/lib/libgcc_s.so.1
7fd394d3b000-7fd394d3c000 r--p 00010000 fd:02 64629147                   /usr/lib/libgcc_s.so.1
7fd394d3c000-7fd394d3d000 rw-p 00011000 fd:02 64629147                   /usr/lib/libgcc_s.so.1
7fd394d3d000-7fd39507e000 r-xp 00000000 fd:02 64629270                   /usr/lib/libstdc++.so.6.0.22
7fd39507e000-7fd39508c000 r--p 00141000 fd:02 64629270                   /usr/lib/libstdc++.so.6.0.22
7fd39508c000-7fd39508d000 rw-p 0014f000 fd:02 64629270                   /usr/lib/libstdc++.so.6.0.22
7fd39508d000-7fd395090000 rw-p 00000000 00:00 0 
7fd395090000-7fd395a64000 r-xp 00000000 fd:02 64628994                   /usr/lib/jvm/java-1.8-openjdk/jre/lib/amd64/server/libjvm.so
7fd395a64000-7fd395afa000 r--p 007d4000 fd:02 64628994                   /usr/lib/jvm/java-1.8-openjdk/jre/lib/amd64/server/libjvm.so
7fd395afa000-7fd395b22000 rw-p 0086a000 fd:02 64628994                   /usr/lib/jvm/java-1.8-openjdk/jre/lib/amd64/server/libjvm.so
7fd395b22000-7fd395b53000 rw-p 00000000 00:00 0 
7fd395b53000-7fd395d68000 r-xp 00000000 fd:02 102564881                  /lib/libz.so.1.2.11
7fd395d68000-7fd395d69000 r--p 00015000 fd:02 102564881                  /lib/libz.so.1.2.11
7fd395d69000-7fd395d6a000 rw-p 00016000 fd:02 102564881                  /lib/libz.so.1.2.11
7fd395d6a000-7fd395f76000 r-xp 00000000 fd:02 64628955                   /usr/lib/jvm/java-1.8-openjdk/jre/lib/amd64/jli/libjli.so
7fd395f76000-7fd395f77000 r--p 0000c000 fd:02 64628955                   /usr/lib/jvm/java-1.8-openjdk/jre/lib/amd64/jli/libjli.so
7fd395f77000-7fd395f78000 rw-p 0000d000 fd:02 64628955                   /usr/lib/jvm/java-1.8-openjdk/jre/lib/amd64/jli/libjli.so
7fd395f78000-7fd396005000 r-xp 00000000 fd:02 64623048                   /lib/ld-musl-x86_64.so.1
7fd396005000-7fd396006000 r--s 00006000 fd:02 61092361                   /home/user/.m2/repository/org/apache/ratis/ratis-metrics/0.5.0-201fc85-SNAPSHOT/ratis-metrics-0.5.0-201fc85-SNAPSHOT.jar
7fd396006000-7fd396009000 r--s 0000e000 fd:02 65079279                   /home/user/.m2/repository/com/fasterxml/jackson/core/jackson-annotations/2.9.9/jackson-annotations-2.9.9.jar
7fd396009000-7fd39600c000 r--s 000fd000 fd:02 65208803                   /home/user/.m2/repository/org/fusesource/leveldbjni/leveldbjni-all/1.8/leveldbjni-all-1.8.jar
7fd39600c000-7fd39600d000 r--s 00005000 fd:02 65080259                   /home/user/.m2/repository/commons-daemon/commons-daemon/1.0.13/commons-daemon-1.0.13.jar
7fd39600d000-7fd39600f000 r--s 00008000 fd:02 65208723                   /home/user/.m2/repository/org/eclipse/jetty/jetty-util-ajax/9.3.25.v20180904/jetty-util-ajax-9.3.25.v20180904.jar
7fd39600f000-7fd396013000 r--s 00014000 fd:02 65210134                   /home/user/.m2/repository/org/tukaani/xz/1.0/xz-1.0.jar
7fd396013000-7fd396018000 r--s 00036000 fd:02 65081602                   /home/user/.m2/repository/org/apache/commons/commons-compress/1.4.1/commons-compress-1.4.1.jar
7fd396018000-7fd39601a000 r--s 00002000 fd:02 65145771                   /home/user/.m2/repository/org/apache/maven/surefire/surefire-logger-api/3.0.0-M1/surefire-logger-api-3.0.0-M1.jar
7fd39601a000-7fd39601f000 r--s 00027000 fd:02 65145753                   /home/user/.m2/repository/org/apache/maven/surefire/surefire-api/3.0.0-M1/surefire-api-3.0.0-M1.jar
7fd39601f000-7fd396025000 r--s 00047000 fd:02 65145762                   /home/user/.m2/repository/org/apache/maven/surefire/surefire-booter/3.0.0-M1/surefire-booter-3.0.0-M1.jar
7fd396025000-7fd396026000 r--s 00004000 fd:04 39977512                   /workdir/hadoop-ozone/ozone-manager/target/surefire/surefirebooter8909341775236443413.jar
7fd396026000-7fd396027000 r--s 00000000 fd:02 102564817                  /etc/localtime
7fd396027000-7fd3960f8000 rw-p 00000000 00:00 0 
7fd3960f8000-7fd396100000 rw-s 00000000 fd:02 61091722                   /tmp/hsperfdata_jenkins1000/13851
7fd396100000-7fd396101000 rw-p 00000000 00:00 0 
7fd396101000-7fd396102000 r--p 00000000 00:00 0 
7fd396102000-7fd396104000 ---p 00000000 00:00 0 
7fd396104000-7fd396107000 ---p 00000000 00:00 0 
7fd396107000-7fd396205000 rw-p 00000000 00:00 0 
7fd396205000-7fd396206000 r--p 0008d000 fd:02 64623048                   /lib/ld-musl-x86_64.so.1
7fd396206000-7fd396207000 rw-p 0008e000 fd:02 64623048                   /lib/ld-musl-x86_64.so.1
7fd396207000-7fd39620a000 rw-p 00000000 00:00 0 
7ffcbe935000-7ffcbe957000 rw-p 00000000 00:00 0                          [stack]
7ffcbe986000-7ffcbe988000 r-xp 00000000 00:00 0                          [vdso]
ffffffffff600000-ffffffffff601000 r-xp 00000000 00:00 0                  [vsyscall]

VM Arguments:
jvm_args: -Xmx2048m -XX:+HeapDumpOnOutOfMemoryError 
java_command: /workdir/hadoop-ozone/ozone-manager/target/surefire/surefirebooter8909341775236443413.jar /workdir/hadoop-ozone/ozone-manager/target/surefire 2019-10-05T02-37-57_821-jvmRun1 surefire5206912838517182237tmp surefire_583205467668855364962tmp
java_class_path (initial): /workdir/hadoop-ozone/ozone-manager/target/surefire/surefirebooter8909341775236443413.jar
Launcher Type: SUN_STANDARD

Environment Variables:
PATH=/usr/local/sbin:/usr/local/bin:/usr/sbin:/usr/bin:/sbin:/bin:/opt/findbugs/bin:/opt/blockade/bin
LD_LIBRARY_PATH=/usr/lib/jvm/java-1.8-openjdk/jre/lib/amd64/server:/usr/lib/jvm/java-1.8-openjdk/jre/lib/amd64:/usr/lib/jvm/java-1.8-openjdk/jre/../lib/amd64:/workdir/hadoop-ozone/ozone-manager/target/native/target/usr/local/lib:/workdir/hadoop-ozone/ozone-manager/../../hadoop-common-project/hadoop-common/target/native/target/usr/local/lib
DYLD_LIBRARY_PATH=${env.DYLD_LIBRARY_PATH}:/workdir/hadoop-ozone/ozone-manager/target/native/target/usr/local/lib:/workdir/hadoop-ozone/ozone-manager/../../hadoop-common-project/hadoop-common/target/native/target/usr/local/lib

Signal Handlers:
SIGSEGV: [libjvm.so+0x600fd2], sa_mask[0]=11111111011111111101111111111110, sa_flags=SA_RESTART|SA_SIGINFO
SIGBUS: [libjvm.so+0x600fd2], sa_mask[0]=11111111011111111101111111111110, sa_flags=SA_RESTART|SA_SIGINFO
SIGFPE: [libjvm.so+0x539502], sa_mask[0]=11111111011111111101111111111110, sa_flags=SA_RESTART|SA_SIGINFO
SIGPIPE: [libjvm.so+0x539502], sa_mask[0]=11111111011111111101111111111110, sa_flags=SA_RESTART|SA_SIGINFO
SIGXFSZ: [libjvm.so+0x539502], sa_mask[0]=11111111011111111101111111111110, sa_flags=SA_RESTART|SA_SIGINFO
SIGILL: [libjvm.so+0x539502], sa_mask[0]=11111111011111111101111111111110, sa_flags=SA_RESTART|SA_SIGINFO
SIGUSR1: SIG_DFL, sa_mask[0]=00000000000000000000000000000000, sa_flags=none
SIGUSR2: [libjvm.so+0x5396a1], sa_mask[0]=00100000000000000000000000000000, sa_flags=SA_RESTART|SA_SIGINFO
SIGHUP: [libjvm.so+0x53b719], sa_mask[0]=11111111011111111101111111111110, sa_flags=SA_RESTART|SA_SIGINFO
SIGINT: [libjvm.so+0x53b719], sa_mask[0]=11111111011111111101111111111110, sa_flags=SA_RESTART|SA_SIGINFO
SIGTERM: [libjvm.so+0x53b719], sa_mask[0]=11111111011111111101111111111110, sa_flags=SA_RESTART|SA_SIGINFO
SIGQUIT: [libjvm.so+0x53b719], sa_mask[0]=11111111011111111101111111111110, sa_flags=SA_RESTART|SA_SIGINFO


---------------  S Y S T E M  ---------------

OS:NAME="Alpine Linux"
ID=alpine
VERSION_ID=3.8.2
PRETTY_NAME="Alpine Linux v3.8"
HOME_URL="http://alpinelinux.org"
BUG_REPORT_URL="http://bugs.alpinelinux.org"

uname:Linux 3.10.0-957.12.2.el7.x86_64 #1 SMP Tue May 14 21:24:32 UTC 2019 x86_64
libc:glibc 2.9 NPTL 
rlimit: STACK 8192k, CORE infinity, NPROC 1048576, NOFILE 1048576, AS infinity
load average:6.49 4.73 3.12

/proc/meminfo:
MemTotal:       263864160 kB
MemFree:         2129752 kB
MemAvailable:   241246380 kB
Buffers:         5740196 kB
Cached:         227971584 kB
SwapCached:            0 kB
Active:         137964708 kB
Inactive:       110530312 kB
Active(anon):   17476136 kB
Inactive(anon):  1723044 kB
Active(file):   120488572 kB
Inactive(file): 108807268 kB
Unevictable:       13856 kB
Mlocked:           13856 kB
SwapTotal:             0 kB
SwapFree:              0 kB
Dirty:              1252 kB
Writeback:             0 kB
AnonPages:      14798224 kB
Mapped:           342220 kB
Shmem:           4411856 kB
Slab:           11402028 kB
SReclaimable:   10704968 kB
SUnreclaim:       697060 kB
KernelStack:       68112 kB
PageTables:        55684 kB
NFS_Unstable:          0 kB
Bounce:                0 kB
WritebackTmp:          0 kB
CommitLimit:    131932080 kB
Committed_AS:   52866968 kB
VmallocTotal:   34359738367 kB
VmallocUsed:      718088 kB
VmallocChunk:   34224670720 kB
HardwareCorrupted:     0 kB
AnonHugePages:   2910208 kB
CmaTotal:              0 kB
CmaFree:               0 kB
HugePages_Total:       0
HugePages_Free:        0
HugePages_Rsvd:        0
HugePages_Surp:        0
Hugepagesize:       2048 kB
DirectMap4k:      494312 kB
DirectMap2M:    15126528 kB
DirectMap1G:    254803968 kB

container (cgroup) information:
container_type: cgroupv1
cpu_cpuset_cpus: 0-31
cpu_memory_nodes: 0-1
active_processor_count: 2
cpu_quota: -1
cpu_period: 100000
cpu_shares: 2048
memory_limit_in_bytes: -1
memory_and_swap_limit_in_bytes: -1
memory_soft_limit_in_bytes: -1
memory_usage_in_bytes: 4788391936
memory_max_usage_in_bytes: 5083189248


CPU:total 32 (initial active 2) (8 cores per cpu, 2 threads per core) family 6 model 63 stepping 2, cmov, cx8, fxsr, mmx, sse, sse2, sse3, ssse3, sse4.1, sse4.2, popcnt, avx, avx2, aes, clmul, erms, lzcnt, ht, tsc, tscinvbit, bmi1, bmi2

/proc/cpuinfo:
processor	: 0
vendor_id	: GenuineIntel
cpu family	: 6
model		: 63
model name	: Intel(R) Xeon(R) CPU E5-2630 v3 @ 2.40GHz
stepping	: 2
microcode	: 0x43
cpu MHz		: 2399.853
cache size	: 20480 KB
physical id	: 0
siblings	: 16
core id		: 0
cpu cores	: 8
apicid		: 0
initial apicid	: 0
fpu		: yes
fpu_exception	: yes
cpuid level	: 15
wp		: yes
flags		: fpu vme de pse tsc msr pae mce cx8 apic sep mtrr pge mca cmov pat pse36 clflush dts acpi mmx fxsr sse sse2 ss ht tm pbe syscall nx pdpe1gb rdtscp lm constant_tsc arch_perfmon pebs bts rep_good nopl xtopology nonstop_tsc aperfmperf eagerfpu pni pclmulqdq dtes64 monitor ds_cpl vmx smx est tm2 ssse3 sdbg fma cx16 xtpr pdcm pcid dca sse4_1 sse4_2 x2apic movbe popcnt tsc_deadline_timer aes xsave avx f16c rdrand lahf_lm abm epb intel_ppin ssbd ibrs ibpb stibp tpr_shadow vnmi flexpriority ept vpid fsgsbase tsc_adjust bmi1 avx2 smep bmi2 erms invpcid cqm xsaveopt cqm_llc cqm_occup_llc dtherm ida arat pln pts md_clear spec_ctrl intel_stibp flush_l1d
bogomips	: 4788.46
clflush size	: 64
cache_alignment	: 64
address sizes	: 46 bits physical, 48 bits virtual
power management:

processor	: 1
vendor_id	: GenuineIntel
cpu family	: 6
model		: 63
model name	: Intel(R) Xeon(R) CPU E5-2630 v3 @ 2.40GHz
stepping	: 2
microcode	: 0x43
cpu MHz		: 2722.998
cache size	: 20480 KB
physical id	: 0
siblings	: 16
core id		: 1
cpu cores	: 8
apicid		: 2
initial apicid	: 2
fpu		: yes
fpu_exception	: yes
cpuid level	: 15
wp		: yes
flags		: fpu vme de pse tsc msr pae mce cx8 apic sep mtrr pge mca cmov pat pse36 clflush dts acpi mmx fxsr sse sse2 ss ht tm pbe syscall nx pdpe1gb rdtscp lm constant_tsc arch_perfmon pebs bts rep_good nopl xtopology nonstop_tsc aperfmperf eagerfpu pni pclmulqdq dtes64 monitor ds_cpl vmx smx est tm2 ssse3 sdbg fma cx16 xtpr pdcm pcid dca sse4_1 sse4_2 x2apic movbe popcnt tsc_deadline_timer aes xsave avx f16c rdrand lahf_lm abm epb intel_ppin ssbd ibrs ibpb stibp tpr_shadow vnmi flexpriority ept vpid fsgsbase tsc_adjust bmi1 avx2 smep bmi2 erms invpcid cqm xsaveopt cqm_llc cqm_occup_llc dtherm ida arat pln pts md_clear spec_ctrl intel_stibp flush_l1d
bogomips	: 4788.46
clflush size	: 64
cache_alignment	: 64
address sizes	: 46 bits physical, 48 bits virtual
power management:

processor	: 2
vendor_id	: GenuineIntel
cpu family	: 6
model		: 63
model name	: Intel(R) Xeon(R) CPU E5-2630 v3 @ 2.40GHz
stepping	: 2
microcode	: 0x43
cpu MHz		: 2399.853
cache size	: 20480 KB
physical id	: 0
siblings	: 16
core id		: 2
cpu cores	: 8
apicid		: 4
initial apicid	: 4
fpu		: yes
fpu_exception	: yes
cpuid level	: 15
wp		: yes
flags		: fpu vme de pse tsc msr pae mce cx8 apic sep mtrr pge mca cmov pat pse36 clflush dts acpi mmx fxsr sse sse2 ss ht tm pbe syscall nx pdpe1gb rdtscp lm constant_tsc arch_perfmon pebs bts rep_good nopl xtopology nonstop_tsc aperfmperf eagerfpu pni pclmulqdq dtes64 monitor ds_cpl vmx smx est tm2 ssse3 sdbg fma cx16 xtpr pdcm pcid dca sse4_1 sse4_2 x2apic movbe popcnt tsc_deadline_timer aes xsave avx f16c rdrand lahf_lm abm epb intel_ppin ssbd ibrs ibpb stibp tpr_shadow vnmi flexpriority ept vpid fsgsbase tsc_adjust bmi1 avx2 smep bmi2 erms invpcid cqm xsaveopt cqm_llc cqm_occup_llc dtherm ida arat pln pts md_clear spec_ctrl intel_stibp flush_l1d
bogomips	: 4788.46
clflush size	: 64
cache_alignment	: 64
address sizes	: 46 bits physical, 48 bits virtual
power management:

processor	: 3
vendor_id	: GenuineIntel
cpu family	: 6
model		: 63
model name	: Intel(R) Xeon(R) CPU E5-2630 v3 @ 2.40GHz
stepping	: 2
microcode	: 0x43
cpu MHz		: 2400.000
cache size	: 20480 KB
physical id	: 0
siblings	: 16
core id		: 3
cpu cores	: 8
apicid		: 6
initial apicid	: 6
fpu		: yes
fpu_exception	: yes
cpuid level	: 15
wp		: yes
flags		: fpu vme de pse tsc msr pae mce cx8 apic sep mtrr pge mca cmov pat pse36 clflush dts acpi mmx fxsr sse sse2 ss ht tm pbe syscall nx pdpe1gb rdtscp lm constant_tsc arch_perfmon pebs bts rep_good nopl xtopology nonstop_tsc aperfmperf eagerfpu pni pclmulqdq dtes64 monitor ds_cpl vmx smx est tm2 ssse3 sdbg fma cx16 xtpr pdcm pcid dca sse4_1 sse4_2 x2apic movbe popcnt tsc_deadline_timer aes xsave avx f16c rdrand lahf_lm abm epb intel_ppin ssbd ibrs ibpb stibp tpr_shadow vnmi flexpriority ept vpid fsgsbase tsc_adjust bmi1 avx2 smep bmi2 erms invpcid cqm xsaveopt cqm_llc cqm_occup_llc dtherm ida arat pln pts md_clear spec_ctrl intel_stibp flush_l1d
bogomips	: 4788.46
clflush size	: 64
cache_alignment	: 64
address sizes	: 46 bits physical, 48 bits virtual
power management:

processor	: 4
vendor_id	: GenuineIntel
cpu family	: 6
model		: 63
model name	: Intel(R) Xeon(R) CPU E5-2630 v3 @ 2.40GHz
stepping	: 2
microcode	: 0x43
cpu MHz		: 2682.714
cache size	: 20480 KB
physical id	: 0
siblings	: 16
core id		: 4
cpu cores	: 8
apicid		: 8
initial apicid	: 8
fpu		: yes
fpu_exception	: yes
cpuid level	: 15
wp		: yes
flags		: fpu vme de pse tsc msr pae mce cx8 apic sep mtrr pge mca cmov pat pse36 clflush dts acpi mmx fxsr sse sse2 ss ht tm pbe syscall nx pdpe1gb rdtscp lm constant_tsc arch_perfmon pebs bts rep_good nopl xtopology nonstop_tsc aperfmperf eagerfpu pni pclmulqdq dtes64 monitor ds_cpl vmx smx est tm2 ssse3 sdbg fma cx16 xtpr pdcm pcid dca sse4_1 sse4_2 x2apic movbe popcnt tsc_deadline_timer aes xsave avx f16c rdrand lahf_lm abm epb intel_ppin ssbd ibrs ibpb stibp tpr_shadow vnmi flexpriority ept vpid fsgsbase tsc_adjust bmi1 avx2 smep bmi2 erms invpcid cqm xsaveopt cqm_llc cqm_occup_llc dtherm ida arat pln pts md_clear spec_ctrl intel_stibp flush_l1d
bogomips	: 4788.46
clflush size	: 64
cache_alignment	: 64
address sizes	: 46 bits physical, 48 bits virtual
power management:

processor	: 5
vendor_id	: GenuineIntel
cpu family	: 6
model		: 63
model name	: Intel(R) Xeon(R) CPU E5-2630 v3 @ 2.40GHz
stepping	: 2
microcode	: 0x43
cpu MHz		: 1893.896
cache size	: 20480 KB
physical id	: 0
siblings	: 16
core id		: 5
cpu cores	: 8
apicid		: 10
initial apicid	: 10
fpu		: yes
fpu_exception	: yes
cpuid level	: 15
wp		: yes
flags		: fpu vme de pse tsc msr pae mce cx8 apic sep mtrr pge mca cmov pat pse36 clflush dts acpi mmx fxsr sse sse2 ss ht tm pbe syscall nx pdpe1gb rdtscp lm constant_tsc arch_perfmon pebs bts rep_good nopl xtopology nonstop_tsc aperfmperf eagerfpu pni pclmulqdq dtes64 monitor ds_cpl vmx smx est tm2 ssse3 sdbg fma cx16 xtpr pdcm pcid dca sse4_1 sse4_2 x2apic movbe popcnt tsc_deadline_timer aes xsave avx f16c rdrand lahf_lm abm epb intel_ppin ssbd ibrs ibpb stibp tpr_shadow vnmi flexpriority ept vpid fsgsbase tsc_adjust bmi1 avx2 smep bmi2 erms invpcid cqm xsaveopt cqm_llc cqm_occup_llc dtherm ida arat pln pts md_clear spec_ctrl intel_stibp flush_l1d
bogomips	: 4788.46
clflush size	: 64
cache_alignment	: 64
address sizes	: 46 bits physical, 48 bits virtual
power management:

processor	: 6
vendor_id	: GenuineIntel
cpu family	: 6
model		: 63
model name	: Intel(R) Xeon(R) CPU E5-2630 v3 @ 2.40GHz
stepping	: 2
microcode	: 0x43
cpu MHz		: 2400.000
cache size	: 20480 KB
physical id	: 0
siblings	: 16
core id		: 6
cpu cores	: 8
apicid		: 12
initial apicid	: 12
fpu		: yes
fpu_exception	: yes
cpuid level	: 15
wp		: yes
flags		: fpu vme de pse tsc msr pae mce cx8 apic sep mtrr pge mca cmov pat pse36 clflush dts acpi mmx fxsr sse sse2 ss ht tm pbe syscall nx pdpe1gb rdtscp lm constant_tsc arch_perfmon pebs bts rep_good nopl xtopology nonstop_tsc aperfmperf eagerfpu pni pclmulqdq dtes64 monitor ds_cpl vmx smx est tm2 ssse3 sdbg fma cx16 xtpr pdcm pcid dca sse4_1 sse4_2 x2apic movbe popcnt tsc_deadline_timer aes xsave avx f16c rdrand lahf_lm abm epb intel_ppin ssbd ibrs ibpb stibp tpr_shadow vnmi flexpriority ept vpid fsgsbase tsc_adjust bmi1 avx2 smep bmi2 erms invpcid cqm xsaveopt cqm_llc cqm_occup_llc dtherm ida arat pln pts md_clear spec_ctrl intel_stibp flush_l1d
bogomips	: 4788.46
clflush size	: 64
cache_alignment	: 64
address sizes	: 46 bits physical, 48 bits virtual
power management:

processor	: 7
vendor_id	: GenuineIntel
cpu family	: 6
model		: 63
model name	: Intel(R) Xeon(R) CPU E5-2630 v3 @ 2.40GHz
stepping	: 2
microcode	: 0x43
cpu MHz		: 2400.000
cache size	: 20480 KB
physical id	: 0
siblings	: 16
core id		: 7
cpu cores	: 8
apicid		: 14
initial apicid	: 14
fpu		: yes
fpu_exception	: yes
cpuid level	: 15
wp		: yes
flags		: fpu vme de pse tsc msr pae mce cx8 apic sep mtrr pge mca cmov pat pse36 clflush dts acpi mmx fxsr sse sse2 ss ht tm pbe syscall nx pdpe1gb rdtscp lm constant_tsc arch_perfmon pebs bts rep_good nopl xtopology nonstop_tsc aperfmperf eagerfpu pni pclmulqdq dtes64 monitor ds_cpl vmx smx est tm2 ssse3 sdbg fma cx16 xtpr pdcm pcid dca sse4_1 sse4_2 x2apic movbe popcnt tsc_deadline_timer aes xsave avx f16c rdrand lahf_lm abm epb intel_ppin ssbd ibrs ibpb stibp tpr_shadow vnmi flexpriority ept vpid fsgsbase tsc_adjust bmi1 avx2 smep bmi2 erms invpcid cqm xsaveopt cqm_llc cqm_occup_llc dtherm ida arat pln pts md_clear spec_ctrl intel_stibp flush_l1d
bogomips	: 4788.46
clflush size	: 64
cache_alignment	: 64
address sizes	: 46 bits physical, 48 bits virtual
power management:

processor	: 8
vendor_id	: GenuineIntel
cpu family	: 6
model		: 63
model name	: Intel(R) Xeon(R) CPU E5-2630 v3 @ 2.40GHz
stepping	: 2
microcode	: 0x43
cpu MHz		: 1233.251
cache size	: 20480 KB
physical id	: 1
siblings	: 16
core id		: 0
cpu cores	: 8
apicid		: 16
initial apicid	: 16
fpu		: yes
fpu_exception	: yes
cpuid level	: 15
wp		: yes
flags		: fpu vme de pse tsc msr pae mce cx8 apic sep mtrr pge mca cmov pat pse36 clflush dts acpi mmx fxsr sse sse2 ss ht tm pbe syscall nx pdpe1gb rdtscp lm constant_tsc arch_perfmon pebs bts rep_good nopl xtopology nonstop_tsc aperfmperf eagerfpu pni pclmulqdq dtes64 monitor ds_cpl vmx smx est tm2 ssse3 sdbg fma cx16 xtpr pdcm pcid dca sse4_1 sse4_2 x2apic movbe popcnt tsc_deadline_timer aes xsave avx f16c rdrand lahf_lm abm epb intel_ppin ssbd ibrs ibpb stibp tpr_shadow vnmi flexpriority ept vpid fsgsbase tsc_adjust bmi1 avx2 smep bmi2 erms invpcid cqm xsaveopt cqm_llc cqm_occup_llc dtherm ida arat pln pts md_clear spec_ctrl intel_stibp flush_l1d
bogomips	: 4793.49
clflush size	: 64
cache_alignment	: 64
address sizes	: 46 bits physical, 48 bits virtual
power management:

processor	: 9
vendor_id	: GenuineIntel
cpu family	: 6
model		: 63
model name	: Intel(R) Xeon(R) CPU E5-2630 v3 @ 2.40GHz
stepping	: 2
microcode	: 0x43
cpu MHz		: 1489.160
cache size	: 20480 KB
physical id	: 1
siblings	: 16
core id		: 1
cpu cores	: 8
apicid		: 18
initial apicid	: 18
fpu		: yes
fpu_exception	: yes
cpuid level	: 15
wp		: yes
flags		: fpu vme de pse tsc msr pae mce cx8 apic sep mtrr pge mca cmov pat pse36 clflush dts acpi mmx fxsr sse sse2 ss ht tm pbe syscall nx pdpe1gb rdtscp lm constant_tsc arch_perfmon pebs bts rep_good nopl xtopology nonstop_tsc aperfmperf eagerfpu pni pclmulqdq dtes64 monitor ds_cpl vmx smx est tm2 ssse3 sdbg fma cx16 xtpr pdcm pcid dca sse4_1 sse4_2 x2apic movbe popcnt tsc_deadline_timer aes xsave avx f16c rdrand lahf_lm abm epb intel_ppin ssbd ibrs ibpb stibp tpr_shadow vnmi flexpriority ept vpid fsgsbase tsc_adjust bmi1 avx2 smep bmi2 erms invpcid cqm xsaveopt cqm_llc cqm_occup_llc dtherm ida arat pln pts md_clear spec_ctrl intel_stibp flush_l1d
bogomips	: 4793.49
clflush size	: 64
cache_alignment	: 64
address sizes	: 46 bits physical, 48 bits virtual
power management:

processor	: 10
vendor_id	: GenuineIntel
cpu family	: 6
model		: 63
model name	: Intel(R) Xeon(R) CPU E5-2630 v3 @ 2.40GHz
stepping	: 2
microcode	: 0x43
cpu MHz		: 1299.316
cache size	: 20480 KB
physical id	: 1
siblings	: 16
core id		: 2
cpu cores	: 8
apicid		: 20
initial apicid	: 20
fpu		: yes
fpu_exception	: yes
cpuid level	: 15
wp		: yes
flags		: fpu vme de pse tsc msr pae mce cx8 apic sep mtrr pge mca cmov pat pse36 clflush dts acpi mmx fxsr sse sse2 ss ht tm pbe syscall nx pdpe1gb rdtscp lm constant_tsc arch_perfmon pebs bts rep_good nopl xtopology nonstop_tsc aperfmperf eagerfpu pni pclmulqdq dtes64 monitor ds_cpl vmx smx est tm2 ssse3 sdbg fma cx16 xtpr pdcm pcid dca sse4_1 sse4_2 x2apic movbe popcnt tsc_deadline_timer aes xsave avx f16c rdrand lahf_lm abm epb intel_ppin ssbd ibrs ibpb stibp tpr_shadow vnmi flexpriority ept vpid fsgsbase tsc_adjust bmi1 avx2 smep bmi2 erms invpcid cqm xsaveopt cqm_llc cqm_occup_llc dtherm ida arat pln pts md_clear spec_ctrl intel_stibp flush_l1d
bogomips	: 4793.49
clflush size	: 64
cache_alignment	: 64
address sizes	: 46 bits physical, 48 bits virtual
power management:

processor	: 11
vendor_id	: GenuineIntel
cpu family	: 6
model		: 63
model name	: Intel(R) Xeon(R) CPU E5-2630 v3 @ 2.40GHz
stepping	: 2
microcode	: 0x43
cpu MHz		: 1381.933
cache size	: 20480 KB
physical id	: 1
siblings	: 16
core id		: 3
cpu cores	: 8
apicid		: 22
initial apicid	: 22
fpu		: yes
fpu_exception	: yes
cpuid level	: 15
wp		: yes
flags		: fpu vme de pse tsc msr pae mce cx8 apic sep mtrr pge mca cmov pat pse36 clflush dts acpi mmx fxsr sse sse2 ss ht tm pbe syscall nx pdpe1gb rdtscp lm constant_tsc arch_perfmon pebs bts rep_good nopl xtopology nonstop_tsc aperfmperf eagerfpu pni pclmulqdq dtes64 monitor ds_cpl vmx smx est tm2 ssse3 sdbg fma cx16 xtpr pdcm pcid dca sse4_1 sse4_2 x2apic movbe popcnt tsc_deadline_timer aes xsave avx f16c rdrand lahf_lm abm epb intel_ppin ssbd ibrs ibpb stibp tpr_shadow vnmi flexpriority ept vpid fsgsbase tsc_adjust bmi1 avx2 smep bmi2 erms invpcid cqm xsaveopt cqm_llc cqm_occup_llc dtherm ida arat pln pts md_clear spec_ctrl intel_stibp flush_l1d
bogomips	: 4793.49
clflush size	: 64
cache_alignment	: 64
address sizes	: 46 bits physical, 48 bits virtual
power management:

processor	: 12
vendor_id	: GenuineIntel
cpu family	: 6
model		: 63
model name	: Intel(R) Xeon(R) CPU E5-2630 v3 @ 2.40GHz
stepping	: 2
microcode	: 0x43
cpu MHz		: 1496.337
cache size	: 20480 KB
physical id	: 1
siblings	: 16
core id		: 4
cpu cores	: 8
apicid		: 24
initial apicid	: 24
fpu		: yes
fpu_exception	: yes
cpuid level	: 15
wp		: yes
flags		: fpu vme de pse tsc msr pae mce cx8 apic sep mtrr pge mca cmov pat pse36 clflush dts acpi mmx fxsr sse sse2 ss ht tm pbe syscall nx pdpe1gb rdtscp lm constant_tsc arch_perfmon pebs bts rep_good nopl xtopology nonstop_tsc aperfmperf eagerfpu pni pclmulqdq dtes64 monitor ds_cpl vmx smx est tm2 ssse3 sdbg fma cx16 xtpr pdcm pcid dca sse4_1 sse4_2 x2apic movbe popcnt tsc_deadline_timer aes xsave avx f16c rdrand lahf_lm abm epb intel_ppin ssbd ibrs ibpb stibp tpr_shadow vnmi flexpriority ept vpid fsgsbase tsc_adjust bmi1 avx2 smep bmi2 erms invpcid cqm xsaveopt cqm_llc cqm_occup_llc dtherm ida arat pln pts md_clear spec_ctrl intel_stibp flush_l1d
bogomips	: 4793.49
clflush size	: 64
cache_alignment	: 64
address sizes	: 46 bits physical, 48 bits virtual
power management:

processor	: 13
vendor_id	: GenuineIntel
cpu family	: 6
model		: 63
model name	: Intel(R) Xeon(R) CPU E5-2630 v3 @ 2.40GHz
stepping	: 2
microcode	: 0x43
cpu MHz		: 1399.072
cache size	: 20480 KB
physical id	: 1
siblings	: 16
core id		: 5
cpu cores	: 8
apicid		: 26
initial apicid	: 26
fpu		: yes
fpu_exception	: yes
cpuid level	: 15
wp		: yes
flags		: fpu vme de pse tsc msr pae mce cx8 apic sep mtrr pge mca cmov pat pse36 clflush dts acpi mmx fxsr sse sse2 ss ht tm pbe syscall nx pdpe1gb rdtscp lm constant_tsc arch_perfmon pebs bts rep_good nopl xtopology nonstop_tsc aperfmperf eagerfpu pni pclmulqdq dtes64 monitor ds_cpl vmx smx est tm2 ssse3 sdbg fma cx16 xtpr pdcm pcid dca sse4_1 sse4_2 x2apic movbe popcnt tsc_deadline_timer aes xsave avx f16c rdrand lahf_lm abm epb intel_ppin ssbd ibrs ibpb stibp tpr_shadow vnmi flexpriority ept vpid fsgsbase tsc_adjust bmi1 avx2 smep bmi2 erms invpcid cqm xsaveopt cqm_llc cqm_occup_llc dtherm ida arat pln pts md_clear spec_ctrl intel_stibp flush_l1d
bogomips	: 4793.49
clflush size	: 64
cache_alignment	: 64
address sizes	: 46 bits physical, 48 bits virtual
power management:

processor	: 14
vendor_id	: GenuineIntel
cpu family	: 6
model		: 63
model name	: Intel(R) Xeon(R) CPU E5-2630 v3 @ 2.40GHz
stepping	: 2
microcode	: 0x43
cpu MHz		: 1467.773
cache size	: 20480 KB
physical id	: 1
siblings	: 16
core id		: 6
cpu cores	: 8
apicid		: 28
initial apicid	: 28
fpu		: yes
fpu_exception	: yes
cpuid level	: 15
wp		: yes
flags		: fpu vme de pse tsc msr pae mce cx8 apic sep mtrr pge mca cmov pat pse36 clflush dts acpi mmx fxsr sse sse2 ss ht tm pbe syscall nx pdpe1gb rdtscp lm constant_tsc arch_perfmon pebs bts rep_good nopl xtopology nonstop_tsc aperfmperf eagerfpu pni pclmulqdq dtes64 monitor ds_cpl vmx smx est tm2 ssse3 sdbg fma cx16 xtpr pdcm pcid dca sse4_1 sse4_2 x2apic movbe popcnt tsc_deadline_timer aes xsave avx f16c rdrand lahf_lm abm epb intel_ppin ssbd ibrs ibpb stibp tpr_shadow vnmi flexpriority ept vpid fsgsbase tsc_adjust bmi1 avx2 smep bmi2 erms invpcid cqm xsaveopt cqm_llc cqm_occup_llc dtherm ida arat pln pts md_clear spec_ctrl intel_stibp flush_l1d
bogomips	: 4793.49
clflush size	: 64
cache_alignment	: 64
address sizes	: 46 bits physical, 48 bits virtual
power management:

processor	: 15
vendor_id	: GenuineIntel
cpu family	: 6
model		: 63
model name	: Intel(R) Xeon(R) CPU E5-2630 v3 @ 2.40GHz
stepping	: 2
microcode	: 0x43
cpu MHz		: 1266.650
cache size	: 20480 KB
physical id	: 1
siblings	: 16
core id		: 7
cpu cores	: 8
apicid		: 30
initial apicid	: 30
fpu		: yes
fpu_exception	: yes
cpuid level	: 15
wp		: yes
flags		: fpu vme de pse tsc msr pae mce cx8 apic sep mtrr pge mca cmov pat pse36 clflush dts acpi mmx fxsr sse sse2 ss ht tm pbe syscall nx pdpe1gb rdtscp lm constant_tsc arch_perfmon pebs bts rep_good nopl xtopology nonstop_tsc aperfmperf eagerfpu pni pclmulqdq dtes64 monitor ds_cpl vmx smx est tm2 ssse3 sdbg fma cx16 xtpr pdcm pcid dca sse4_1 sse4_2 x2apic movbe popcnt tsc_deadline_timer aes xsave avx f16c rdrand lahf_lm abm epb intel_ppin ssbd ibrs ibpb stibp tpr_shadow vnmi flexpriority ept vpid fsgsbase tsc_adjust bmi1 avx2 smep bmi2 erms invpcid cqm xsaveopt cqm_llc cqm_occup_llc dtherm ida arat pln pts md_clear spec_ctrl intel_stibp flush_l1d
bogomips	: 4793.49
clflush size	: 64
cache_alignment	: 64
address sizes	: 46 bits physical, 48 bits virtual
power management:

processor	: 16
vendor_id	: GenuineIntel
cpu family	: 6
model		: 63
model name	: Intel(R) Xeon(R) CPU E5-2630 v3 @ 2.40GHz
stepping	: 2
microcode	: 0x43
cpu MHz		: 2400.000
cache size	: 20480 KB
physical id	: 0
siblings	: 16
core id		: 0
cpu cores	: 8
apicid		: 1
initial apicid	: 1
fpu		: yes
fpu_exception	: yes
cpuid level	: 15
wp		: yes
flags		: fpu vme de pse tsc msr pae mce cx8 apic sep mtrr pge mca cmov pat pse36 clflush dts acpi mmx fxsr sse sse2 ss ht tm pbe syscall nx pdpe1gb rdtscp lm constant_tsc arch_perfmon pebs bts rep_good nopl xtopology nonstop_tsc aperfmperf eagerfpu pni pclmulqdq dtes64 monitor ds_cpl vmx smx est tm2 ssse3 sdbg fma cx16 xtpr pdcm pcid dca sse4_1 sse4_2 x2apic movbe popcnt tsc_deadline_timer aes xsave avx f16c rdrand lahf_lm abm epb intel_ppin ssbd ibrs ibpb stibp tpr_shadow vnmi flexpriority ept vpid fsgsbase tsc_adjust bmi1 avx2 smep bmi2 erms invpcid cqm xsaveopt cqm_llc cqm_occup_llc dtherm ida arat pln pts md_clear spec_ctrl intel_stibp flush_l1d
bogomips	: 4788.46
clflush size	: 64
cache_alignment	: 64
address sizes	: 46 bits physical, 48 bits virtual
power management:

processor	: 17
vendor_id	: GenuineIntel
cpu family	: 6
model		: 63
model name	: Intel(R) Xeon(R) CPU E5-2630 v3 @ 2.40GHz
stepping	: 2
microcode	: 0x43
cpu MHz		: 2620.458
cache size	: 20480 KB
physical id	: 0
siblings	: 16
core id		: 1
cpu cores	: 8
apicid		: 3
initial apicid	: 3
fpu		: yes
fpu_exception	: yes
cpuid level	: 15
wp		: yes
flags		: fpu vme de pse tsc msr pae mce cx8 apic sep mtrr pge mca cmov pat pse36 clflush dts acpi mmx fxsr sse sse2 ss ht tm pbe syscall nx pdpe1gb rdtscp lm constant_tsc arch_perfmon pebs bts rep_good nopl xtopology nonstop_tsc aperfmperf eagerfpu pni pclmulqdq dtes64 monitor ds_cpl vmx smx est tm2 ssse3 sdbg fma cx16 xtpr pdcm pcid dca sse4_1 sse4_2 x2apic movbe popcnt tsc_deadline_timer aes xsave avx f16c rdrand lahf_lm abm epb intel_ppin ssbd ibrs ibpb stibp tpr_shadow vnmi flexpriority ept vpid fsgsbase tsc_adjust bmi1 avx2 smep bmi2 erms invpcid cqm xsaveopt cqm_llc cqm_occup_llc dtherm ida arat pln pts md_clear spec_ctrl intel_stibp flush_l1d
bogomips	: 4788.46
clflush size	: 64
cache_alignment	: 64
address sizes	: 46 bits physical, 48 bits virtual
power management:

processor	: 18
vendor_id	: GenuineIntel
cpu family	: 6
model		: 63
model name	: Intel(R) Xeon(R) CPU E5-2630 v3 @ 2.40GHz
stepping	: 2
microcode	: 0x43
cpu MHz		: 2400.000
cache size	: 20480 KB
physical id	: 0
siblings	: 16
core id		: 2
cpu cores	: 8
apicid		: 5
initial apicid	: 5
fpu		: yes
fpu_exception	: yes
cpuid level	: 15
wp		: yes
flags		: fpu vme de pse tsc msr pae mce cx8 apic sep mtrr pge mca cmov pat pse36 clflush dts acpi mmx fxsr sse sse2 ss ht tm pbe syscall nx pdpe1gb rdtscp lm constant_tsc arch_perfmon pebs bts rep_good nopl xtopology nonstop_tsc aperfmperf eagerfpu pni pclmulqdq dtes64 monitor ds_cpl vmx smx est tm2 ssse3 sdbg fma cx16 xtpr pdcm pcid dca sse4_1 sse4_2 x2apic movbe popcnt tsc_deadline_timer aes xsave avx f16c rdrand lahf_lm abm epb intel_ppin ssbd ibrs ibpb stibp tpr_shadow vnmi flexpriority ept vpid fsgsbase tsc_adjust bmi1 avx2 smep bmi2 erms invpcid cqm xsaveopt cqm_llc cqm_occup_llc dtherm ida arat pln pts md_clear spec_ctrl intel_stibp flush_l1d
bogomips	: 4788.46
clflush size	: 64
cache_alignment	: 64
address sizes	: 46 bits physical, 48 bits virtual
power management:

processor	: 19
vendor_id	: GenuineIntel
cpu family	: 6
model		: 63
model name	: Intel(R) Xeon(R) CPU E5-2630 v3 @ 2.40GHz
stepping	: 2
microcode	: 0x43
cpu MHz		: 2400.146
cache size	: 20480 KB
physical id	: 0
siblings	: 16
core id		: 3
cpu cores	: 8
apicid		: 7
initial apicid	: 7
fpu		: yes
fpu_exception	: yes
cpuid level	: 15
wp		: yes
flags		: fpu vme de pse tsc msr pae mce cx8 apic sep mtrr pge mca cmov pat pse36 clflush dts acpi mmx fxsr sse sse2 ss ht tm pbe syscall nx pdpe1gb rdtscp lm constant_tsc arch_perfmon pebs bts rep_good nopl xtopology nonstop_tsc aperfmperf eagerfpu pni pclmulqdq dtes64 monitor ds_cpl vmx smx est tm2 ssse3 sdbg fma cx16 xtpr pdcm pcid dca sse4_1 sse4_2 x2apic movbe popcnt tsc_deadline_timer aes xsave avx f16c rdrand lahf_lm abm epb intel_ppin ssbd ibrs ibpb stibp tpr_shadow vnmi flexpriority ept vpid fsgsbase tsc_adjust bmi1 avx2 smep bmi2 erms invpcid cqm xsaveopt cqm_llc cqm_occup_llc dtherm ida arat pln pts md_clear spec_ctrl intel_stibp flush_l1d
bogomips	: 4788.46
clflush size	: 64
cache_alignment	: 64
address sizes	: 46 bits physical, 48 bits virtual
power management:

processor	: 20
vendor_id	: GenuineIntel
cpu family	: 6
model		: 63
model name	: Intel(R) Xeon(R) CPU E5-2630 v3 @ 2.40GHz
stepping	: 2
microcode	: 0x43
cpu MHz		: 2610.058
cache size	: 20480 KB
physical id	: 0
siblings	: 16
core id		: 4
cpu cores	: 8
apicid		: 9
initial apicid	: 9
fpu		: yes
fpu_exception	: yes
cpuid level	: 15
wp		: yes
flags		: fpu vme de pse tsc msr pae mce cx8 apic sep mtrr pge mca cmov pat pse36 clflush dts acpi mmx fxsr sse sse2 ss ht tm pbe syscall nx pdpe1gb rdtscp lm constant_tsc arch_perfmon pebs bts rep_good nopl xtopology nonstop_tsc aperfmperf eagerfpu pni pclmulqdq dtes64 monitor ds_cpl vmx smx est tm2 ssse3 sdbg fma cx16 xtpr pdcm pcid dca sse4_1 sse4_2 x2apic movbe popcnt tsc_deadline_timer aes xsave avx f16c rdrand lahf_lm abm epb intel_ppin ssbd ibrs ibpb stibp tpr_shadow vnmi flexpriority ept vpid fsgsbase tsc_adjust bmi1 avx2 smep bmi2 erms invpcid cqm xsaveopt cqm_llc cqm_occup_llc dtherm ida arat pln pts md_clear spec_ctrl intel_stibp flush_l1d
bogomips	: 4788.46
clflush size	: 64
cache_alignment	: 64
address sizes	: 46 bits physical, 48 bits virtual
power management:

processor	: 21
vendor_id	: GenuineIntel
cpu family	: 6
model		: 63
model name	: Intel(R) Xeon(R) CPU E5-2630 v3 @ 2.40GHz
stepping	: 2
microcode	: 0x43
cpu MHz		: 1829.882
cache size	: 20480 KB
physical id	: 0
siblings	: 16
core id		: 5
cpu cores	: 8
apicid		: 11
initial apicid	: 11
fpu		: yes
fpu_exception	: yes
cpuid level	: 15
wp		: yes
flags		: fpu vme de pse tsc msr pae mce cx8 apic sep mtrr pge mca cmov pat pse36 clflush dts acpi mmx fxsr sse sse2 ss ht tm pbe syscall nx pdpe1gb rdtscp lm constant_tsc arch_perfmon pebs bts rep_good nopl xtopology nonstop_tsc aperfmperf eagerfpu pni pclmulqdq dtes64 monitor ds_cpl vmx smx est tm2 ssse3 sdbg fma cx16 xtpr pdcm pcid dca sse4_1 sse4_2 x2apic movbe popcnt tsc_deadline_timer aes xsave avx f16c rdrand lahf_lm abm epb intel_ppin ssbd ibrs ibpb stibp tpr_shadow vnmi flexpriority ept vpid fsgsbase tsc_adjust bmi1 avx2 smep bmi2 erms invpcid cqm xsaveopt cqm_llc cqm_occup_llc dtherm ida arat pln pts md_clear spec_ctrl intel_stibp flush_l1d
bogomips	: 4788.46
clflush size	: 64
cache_alignment	: 64
address sizes	: 46 bits physical, 48 bits virtual
power management:

processor	: 22
vendor_id	: GenuineIntel
cpu family	: 6
model		: 63
model name	: Intel(R) Xeon(R) CPU E5-2630 v3 @ 2.40GHz
stepping	: 2
microcode	: 0x43
cpu MHz		: 2400.000
cache size	: 20480 KB
physical id	: 0
siblings	: 16
core id		: 6
cpu cores	: 8
apicid		: 13
initial apicid	: 13
fpu		: yes
fpu_exception	: yes
cpuid level	: 15
wp		: yes
flags		: fpu vme de pse tsc msr pae mce cx8 apic sep mtrr pge mca cmov pat pse36 clflush dts acpi mmx fxsr sse sse2 ss ht tm pbe syscall nx pdpe1gb rdtscp lm constant_tsc arch_perfmon pebs bts rep_good nopl xtopology nonstop_tsc aperfmperf eagerfpu pni pclmulqdq dtes64 monitor ds_cpl vmx smx est tm2 ssse3 sdbg fma cx16 xtpr pdcm pcid dca sse4_1 sse4_2 x2apic movbe popcnt tsc_deadline_timer aes xsave avx f16c rdrand lahf_lm abm epb intel_ppin ssbd ibrs ibpb stibp tpr_shadow vnmi flexpriority ept vpid fsgsbase tsc_adjust bmi1 avx2 smep bmi2 erms invpcid cqm xsaveopt cqm_llc cqm_occup_llc dtherm ida arat pln pts md_clear spec_ctrl intel_stibp flush_l1d
bogomips	: 4788.46
clflush size	: 64
cache_alignment	: 64
address sizes	: 46 bits physical, 48 bits virtual
power management:

processor	: 23
vendor_id	: GenuineIntel
cpu family	: 6
model		: 63
model name	: Intel(R) Xeon(R) CPU E5-2630 v3 @ 2.40GHz
stepping	: 2
microcode	: 0x43
cpu MHz		: 2400.146
cache size	: 20480 KB
physical id	: 0
siblings	: 16
core id		: 7
cpu cores	: 8
apicid		: 15
initial apicid	: 15
fpu		: yes
fpu_exception	: yes
cpuid level	: 15
wp		: yes
flags		: fpu vme de pse tsc msr pae mce cx8 apic sep mtrr pge mca cmov pat pse36 clflush dts acpi mmx fxsr sse sse2 ss ht tm pbe syscall nx pdpe1gb rdtscp lm constant_tsc arch_perfmon pebs bts rep_good nopl xtopology nonstop_tsc aperfmperf eagerfpu pni pclmulqdq dtes64 monitor ds_cpl vmx smx est tm2 ssse3 sdbg fma cx16 xtpr pdcm pcid dca sse4_1 sse4_2 x2apic movbe popcnt tsc_deadline_timer aes xsave avx f16c rdrand lahf_lm abm epb intel_ppin ssbd ibrs ibpb stibp tpr_shadow vnmi flexpriority ept vpid fsgsbase tsc_adjust bmi1 avx2 smep bmi2 erms invpcid cqm xsaveopt cqm_llc cqm_occup_llc dtherm ida arat pln pts md_clear spec_ctrl intel_stibp flush_l1d
bogomips	: 4788.46
clflush size	: 64
cache_alignment	: 64
address sizes	: 46 bits physical, 48 bits virtual
power management:

processor	: 24
vendor_id	: GenuineIntel
cpu family	: 6
model		: 63
model name	: Intel(R) Xeon(R) CPU E5-2630 v3 @ 2.40GHz
stepping	: 2
microcode	: 0x43
cpu MHz		: 1282.324
cache size	: 20480 KB
physical id	: 1
siblings	: 16
core id		: 0
cpu cores	: 8
apicid		: 17
initial apicid	: 17
fpu		: yes
fpu_exception	: yes
cpuid level	: 15
wp		: yes
flags		: fpu vme de pse tsc msr pae mce cx8 apic sep mtrr pge mca cmov pat pse36 clflush dts acpi mmx fxsr sse sse2 ss ht tm pbe syscall nx pdpe1gb rdtscp lm constant_tsc arch_perfmon pebs bts rep_good nopl xtopology nonstop_tsc aperfmperf eagerfpu pni pclmulqdq dtes64 monitor ds_cpl vmx smx est tm2 ssse3 sdbg fma cx16 xtpr pdcm pcid dca sse4_1 sse4_2 x2apic movbe popcnt tsc_deadline_timer aes xsave avx f16c rdrand lahf_lm abm epb intel_ppin ssbd ibrs ibpb stibp tpr_shadow vnmi flexpriority ept vpid fsgsbase tsc_adjust bmi1 avx2 smep bmi2 erms invpcid cqm xsaveopt cqm_llc cqm_occup_llc dtherm ida arat pln pts md_clear spec_ctrl intel_stibp flush_l1d
bogomips	: 4793.49
clflush size	: 64
cache_alignment	: 64
address sizes	: 46 bits physical, 48 bits virtual
power management:

processor	: 25
vendor_id	: GenuineIntel
cpu family	: 6
model		: 63
model name	: Intel(R) Xeon(R) CPU E5-2630 v3 @ 2.40GHz
stepping	: 2
microcode	: 0x43
cpu MHz		: 1487.841
cache size	: 20480 KB
physical id	: 1
siblings	: 16
core id		: 1
cpu cores	: 8
apicid		: 19
initial apicid	: 19
fpu		: yes
fpu_exception	: yes
cpuid level	: 15
wp		: yes
flags		: fpu vme de pse tsc msr pae mce cx8 apic sep mtrr pge mca cmov pat pse36 clflush dts acpi mmx fxsr sse sse2 ss ht tm pbe syscall nx pdpe1gb rdtscp lm constant_tsc arch_perfmon pebs bts rep_good nopl xtopology nonstop_tsc aperfmperf eagerfpu pni pclmulqdq dtes64 monitor ds_cpl vmx smx est tm2 ssse3 sdbg fma cx16 xtpr pdcm pcid dca sse4_1 sse4_2 x2apic movbe popcnt tsc_deadline_timer aes xsave avx f16c rdrand lahf_lm abm epb intel_ppin ssbd ibrs ibpb stibp tpr_shadow vnmi flexpriority ept vpid fsgsbase tsc_adjust bmi1 avx2 smep bmi2 erms invpcid cqm xsaveopt cqm_llc cqm_occup_llc dtherm ida arat pln pts md_clear spec_ctrl intel_stibp flush_l1d
bogomips	: 4793.49
clflush size	: 64
cache_alignment	: 64
address sizes	: 46 bits physical, 48 bits virtual
power management:

processor	: 26
vendor_id	: GenuineIntel
cpu family	: 6
model		: 63
model name	: Intel(R) Xeon(R) CPU E5-2630 v3 @ 2.40GHz
stepping	: 2
microcode	: 0x43
cpu MHz		: 1238.525
cache size	: 20480 KB
physical id	: 1
siblings	: 16
core id		: 2
cpu cores	: 8
apicid		: 21
initial apicid	: 21
fpu		: yes
fpu_exception	: yes
cpuid level	: 15
wp		: yes
flags		: fpu vme de pse tsc msr pae mce cx8 apic sep mtrr pge mca cmov pat pse36 clflush dts acpi mmx fxsr sse sse2 ss ht tm pbe syscall nx pdpe1gb rdtscp lm constant_tsc arch_perfmon pebs bts rep_good nopl xtopology nonstop_tsc aperfmperf eagerfpu pni pclmulqdq dtes64 monitor ds_cpl vmx smx est tm2 ssse3 sdbg fma cx16 xtpr pdcm pcid dca sse4_1 sse4_2 x2apic movbe popcnt tsc_deadline_timer aes xsave avx f16c rdrand lahf_lm abm epb intel_ppin ssbd ibrs ibpb stibp tpr_shadow vnmi flexpriority ept vpid fsgsbase tsc_adjust bmi1 avx2 smep bmi2 erms invpcid cqm xsaveopt cqm_llc cqm_occup_llc dtherm ida arat pln pts md_clear spec_ctrl intel_stibp flush_l1d
bogomips	: 4793.49
clflush size	: 64
cache_alignment	: 64
address sizes	: 46 bits physical, 48 bits virtual
power management:

processor	: 27
vendor_id	: GenuineIntel
cpu family	: 6
model		: 63
model name	: Intel(R) Xeon(R) CPU E5-2630 v3 @ 2.40GHz
stepping	: 2
microcode	: 0x43
cpu MHz		: 1326.708
cache size	: 20480 KB
physical id	: 1
siblings	: 16
core id		: 3
cpu cores	: 8
apicid		: 23
initial apicid	: 23
fpu		: yes
fpu_exception	: yes
cpuid level	: 15
wp		: yes
flags		: fpu vme de pse tsc msr pae mce cx8 apic sep mtrr pge mca cmov pat pse36 clflush dts acpi mmx fxsr sse sse2 ss ht tm pbe syscall nx pdpe1gb rdtscp lm constant_tsc arch_perfmon pebs bts rep_good nopl xtopology nonstop_tsc aperfmperf eagerfpu pni pclmulqdq dtes64 monitor ds_cpl vmx smx est tm2 ssse3 sdbg fma cx16 xtpr pdcm pcid dca sse4_1 sse4_2 x2apic movbe popcnt tsc_deadline_timer aes xsave avx f16c rdrand lahf_lm abm epb intel_ppin ssbd ibrs ibpb stibp tpr_shadow vnmi flexpriority ept vpid fsgsbase tsc_adjust bmi1 avx2 smep bmi2 erms invpcid cqm xsaveopt cqm_llc cqm_occup_llc dtherm ida arat pln pts md_clear spec_ctrl intel_stibp flush_l1d
bogomips	: 4793.49
clflush size	: 64
cache_alignment	: 64
address sizes	: 46 bits physical, 48 bits virtual
power management:

processor	: 28
vendor_id	: GenuineIntel
cpu family	: 6
model		: 63
model name	: Intel(R) Xeon(R) CPU E5-2630 v3 @ 2.40GHz
stepping	: 2
microcode	: 0x43
cpu MHz		: 1550.537
cache size	: 20480 KB
physical id	: 1
siblings	: 16
core id		: 4
cpu cores	: 8
apicid		: 25
initial apicid	: 25
fpu		: yes
fpu_exception	: yes
cpuid level	: 15
wp		: yes
flags		: fpu vme de pse tsc msr pae mce cx8 apic sep mtrr pge mca cmov pat pse36 clflush dts acpi mmx fxsr sse sse2 ss ht tm pbe syscall nx pdpe1gb rdtscp lm constant_tsc arch_perfmon pebs bts rep_good nopl xtopology nonstop_tsc aperfmperf eagerfpu pni pclmulqdq dtes64 monitor ds_cpl vmx smx est tm2 ssse3 sdbg fma cx16 xtpr pdcm pcid dca sse4_1 sse4_2 x2apic movbe popcnt tsc_deadline_timer aes xsave avx f16c rdrand lahf_lm abm epb intel_ppin ssbd ibrs ibpb stibp tpr_shadow vnmi flexpriority ept vpid fsgsbase tsc_adjust bmi1 avx2 smep bmi2 erms invpcid cqm xsaveopt cqm_llc cqm_occup_llc dtherm ida arat pln pts md_clear spec_ctrl intel_stibp flush_l1d
bogomips	: 4793.49
clflush size	: 64
cache_alignment	: 64
address sizes	: 46 bits physical, 48 bits virtual
power management:

processor	: 29
vendor_id	: GenuineIntel
cpu family	: 6
model		: 63
model name	: Intel(R) Xeon(R) CPU E5-2630 v3 @ 2.40GHz
stepping	: 2
microcode	: 0x43
cpu MHz		: 1296.972
cache size	: 20480 KB
physical id	: 1
siblings	: 16
core id		: 5
cpu cores	: 8
apicid		: 27
initial apicid	: 27
fpu		: yes
fpu_exception	: yes
cpuid level	: 15
wp		: yes
flags		: fpu vme de pse tsc msr pae mce cx8 apic sep mtrr pge mca cmov pat pse36 clflush dts acpi mmx fxsr sse sse2 ss ht tm pbe syscall nx pdpe1gb rdtscp lm constant_tsc arch_perfmon pebs bts rep_good nopl xtopology nonstop_tsc aperfmperf eagerfpu pni pclmulqdq dtes64 monitor ds_cpl vmx smx est tm2 ssse3 sdbg fma cx16 xtpr pdcm pcid dca sse4_1 sse4_2 x2apic movbe popcnt tsc_deadline_timer aes xsave avx f16c rdrand lahf_lm abm epb intel_ppin ssbd ibrs ibpb stibp tpr_shadow vnmi flexpriority ept vpid fsgsbase tsc_adjust bmi1 avx2 smep bmi2 erms invpcid cqm xsaveopt cqm_llc cqm_occup_llc dtherm ida arat pln pts md_clear spec_ctrl intel_stibp flush_l1d
bogomips	: 4793.49
clflush size	: 64
cache_alignment	: 64
address sizes	: 46 bits physical, 48 bits virtual
power management:

processor	: 30
vendor_id	: GenuineIntel
cpu family	: 6
model		: 63
model name	: Intel(R) Xeon(R) CPU E5-2630 v3 @ 2.40GHz
stepping	: 2
microcode	: 0x43
cpu MHz		: 1431.884
cache size	: 20480 KB
physical id	: 1
siblings	: 16
core id		: 6
cpu cores	: 8
apicid		: 29
initial apicid	: 29
fpu		: yes
fpu_exception	: yes
cpuid level	: 15
wp		: yes
flags		: fpu vme de pse tsc msr pae mce cx8 apic sep mtrr pge mca cmov pat pse36 clflush dts acpi mmx fxsr sse sse2 ss ht tm pbe syscall nx pdpe1gb rdtscp lm constant_tsc arch_perfmon pebs bts rep_good nopl xtopology nonstop_tsc aperfmperf eagerfpu pni pclmulqdq dtes64 monitor ds_cpl vmx smx est tm2 ssse3 sdbg fma cx16 xtpr pdcm pcid dca sse4_1 sse4_2 x2apic movbe popcnt tsc_deadline_timer aes xsave avx f16c rdrand lahf_lm abm epb intel_ppin ssbd ibrs ibpb stibp tpr_shadow vnmi flexpriority ept vpid fsgsbase tsc_adjust bmi1 avx2 smep bmi2 erms invpcid cqm xsaveopt cqm_llc cqm_occup_llc dtherm ida arat pln pts md_clear spec_ctrl intel_stibp flush_l1d
bogomips	: 4793.49
clflush size	: 64
cache_alignment	: 64
address sizes	: 46 bits physical, 48 bits virtual
power management:

processor	: 31
vendor_id	: GenuineIntel
cpu family	: 6
model		: 63
model name	: Intel(R) Xeon(R) CPU E5-2630 v3 @ 2.40GHz
stepping	: 2
microcode	: 0x43
cpu MHz		: 1205.273
cache size	: 20480 KB
physical id	: 1
siblings	: 16
core id		: 7
cpu cores	: 8
apicid		: 31
initial apicid	: 31
fpu		: yes
fpu_exception	: yes
cpuid level	: 15
wp		: yes
flags		: fpu vme de pse tsc msr pae mce cx8 apic sep mtrr pge mca cmov pat pse36 clflush dts acpi mmx fxsr sse sse2 ss ht tm pbe syscall nx pdpe1gb rdtscp lm constant_tsc arch_perfmon pebs bts rep_good nopl xtopology nonstop_tsc aperfmperf eagerfpu pni pclmulqdq dtes64 monitor ds_cpl vmx smx est tm2 ssse3 sdbg fma cx16 xtpr pdcm pcid dca sse4_1 sse4_2 x2apic movbe popcnt tsc_deadline_timer aes xsave avx f16c rdrand lahf_lm abm epb intel_ppin ssbd ibrs ibpb stibp tpr_shadow vnmi flexpriority ept vpid fsgsbase tsc_adjust bmi1 avx2 smep bmi2 erms invpcid cqm xsaveopt cqm_llc cqm_occup_llc dtherm ida arat pln pts md_clear spec_ctrl intel_stibp flush_l1d
bogomips	: 4793.49
clflush size	: 64
cache_alignment	: 64
address sizes	: 46 bits physical, 48 bits virtual
power management:



Memory: 4k page, physical 263864160k(2129636k free), swap 0k(0k free)

vm_info: OpenJDK 64-Bit Server VM (25.212-b04) for linux-amd64 JRE (1.8.0_212-b04), built on Aug 12 2019 13:15:31 by "buildozer" with gcc 6.4.0

time: Sat Oct  5 02:42:05 2019
timezone: UTC
elapsed time: 4 seconds (0d 0h 0m 4s)

