#
# A fatal error has been detected by the Java Runtime Environment:
#
#  SIGSEGV (0xb) at pc=0x00007f29c9792810, pid=2468, tid=0x00007f29b13caae0
#
# JRE version: OpenJDK Runtime Environment (8.0_212-b04) (build 1.8.0_212-b04)
# Java VM: OpenJDK 64-Bit Server VM (25.212-b04 mixed mode linux-amd64 compressed oops)
# Derivative: IcedTea 3.12.0
# Distribution: Custom build (Mon Aug 12 12:56:32 UTC 2019)
# Problematic frame:
# C  [ld-musl-x86_64.so.1+0x53810]  pthread_setname_np+0x5e
#
# Core dump written. Default location: /workdir/hadoop-hdds/container-service/core or core.2468
#
# If you would like to submit a bug report, please include
# instructions on how to reproduce the bug and visit:
#   https://icedtea.classpath.org/bugzilla
#

---------------  T H R E A D  ---------------

Current thread is native thread

siginfo: si_signo: 11 (SIGSEGV), si_code: 1 (SEGV_MAPERR), si_addr: 0x0000000000000038

Registers:
RAX=0x00007f29b13caae0, RBX=0x0000000000000022, RCX=0x0000000000000000, RDX=0x0000000000000000
RSP=0x00007f29b13ca680, RBP=0x0000000000000000, RSI=0x0000000000000000, RDI=0xfeff73725e73726f
R8 =0x0000000000000000, R9 =0x8080808080808080, R10=0xfefefefefefefeff, R11=0x0000000000000212
R12=0x0000556e0e0ef2f8, R13=0x000000000000000e, R14=0x00007f29b13caae0, R15=0x00007f29c99cbae8
RIP=0x00007f29c9792810, EFLAGS=0x0000000000010202, CSGSFS=0x0000000000000033, ERR=0x0000000000000004
  TRAPNO=0x000000000000000e

Top of Stack: (sp=0x00007f29b13ca680)
0x00007f29b13ca680:   0000000000000000 0000000000000000
0x00007f29b13ca690:   0000000000000000 0000000000000000
0x00007f29b13ca6a0:   0000000000000000 0000000000000000
0x00007f29b13ca6b0:   0000000000000000 0000556e0e0ef220
0x00007f29b13ca6c0:   00007f29b13ca710 0000000000000000
0x00007f29b13ca6d0:   0000556e0e0ef260 00007f29ad899ec9
0x00007f29b13ca6e0:   0000000000000000 0000556e0e0ef320
0x00007f29b13ca6f0:   0000000000000000 00007f29b13ca760
0x00007f29b13ca700:   00007f29b13caae0 00007f29c99cbae8
0x00007f29b13ca710:   0000000000000000 00007f29c85c2f41
0x00007f29b13ca720:   0000000000000000 00007f29b13caae0
0x00007f29b13ca730:   0000000000000000 00007f29c97916c2
0x00007f29b13ca740:   0000000000000000 0000000000000000
0x00007f29b13ca750:   0000000000017000 00007f29c97935b1
0x00007f29b13ca760:   0000000000000002 00007f29b13caac0
0x00007f29b13ca770:   00007f29b13ca790 0000000000000000
0x00007f29b13ca780:   0000000000000000 0000000000000000
0x00007f29b13ca790:   0000000000000002 0000000000000000
0x00007f29b13ca7a0:   0000000000000000 0000000000000000
0x00007f29b13ca7b0:   0000000000000000 0000000000000000
0x00007f29b13ca7c0:   0000000000000000 0000000000000000
0x00007f29b13ca7d0:   0000000000000000 0000000000000000
0x00007f29b13ca7e0:   0000000000000000 0000000000000000
0x00007f29b13ca7f0:   0000000000000000 0000000000000000
0x00007f29b13ca800:   0000000000000000 0000000000000000
0x00007f29b13ca810:   0000000000000000 0000000000000000
0x00007f29b13ca820:   0000000000000000 0000000000000000
0x00007f29b13ca830:   0000000000000000 0000000000000000
0x00007f29b13ca840:   0000000000000000 0000000000000000
0x00007f29b13ca850:   0000000000000000 0000000000000000
0x00007f29b13ca860:   0000000000000000 0000000000000000
0x00007f29b13ca870:   0000000000000000 0000000000000000 

Instructions: (pc=0x00007f29c9792810)
0x00007f29c97927f0:   31 d2 31 c0 4c 89 e6 bf 0f 00 00 00 e8 65 d8 fc
0x00007f29c9792800:   ff 85 c0 89 c3 74 7e e8 25 a7 fc ff 8b 18 eb 75
0x00007f29c9792810:   8b 4d 38 48 8d 5c 24 0e 48 8d 15 f2 92 03 00 be
0x00007f29c9792820:   22 00 00 00 31 c0 48 89 df e8 35 68 ff ff 48 8d 

Register to memory mapping:

RAX=0x00007f29b13caae0 is an unknown value
RBX=0x0000000000000022 is an unknown value
RCX=0x0000000000000000 is an unknown value
RDX=0x0000000000000000 is an unknown value
RSP=0x00007f29b13ca680 is an unknown value
RBP=0x0000000000000000 is an unknown value
RSI=0x0000000000000000 is an unknown value
RDI=0xfeff73725e73726f is an unknown value
R8 =0x0000000000000000 is an unknown value
R9 =0x8080808080808080 is an unknown value
R10=0xfefefefefefefeff is an unknown value
R11=0x0000000000000212 is an unknown value
R12=0x0000556e0e0ef2f8 is an unknown value
R13=0x000000000000000e is an unknown value
R14=0x00007f29b13caae0 is an unknown value
R15=0x00007f29c99cbae8: __utc+0x1fff68 in /lib/ld-musl-x86_64.so.1 at 0x00007f29c973f000


Stack: [0x00007f29b13b6000,0x00007f29b13ca760],  sp=0x00007f29b13ca680,  free space=81k
Native frames: (J=compiled Java code, j=interpreted, Vv=VM code, C=native code)
C  [ld-musl-x86_64.so.1+0x53810]  pthread_setname_np+0x5e

[error occurred during error reporting (printing native stack), id 0xb]


---------------  P R O C E S S  ---------------

VM state:not at safepoint (normal execution)

VM Mutex/Monitor currently owned by a thread: None

heap address: 0x0000000080000000, size: 2048 MB, Compressed Oops mode: 32-bit
Narrow klass base: 0x0000000000000000, Narrow klass shift: 3
Compressed class space size: 1073741824 Address: 0x0000000100000000

Heap:
 PSYoungGen      total 611840K, used 94472K [0x00000000d5580000, 0x0000000100000000, 0x0000000100000000)
  eden space 524800K, 18% used [0x00000000d5580000,0x00000000db1c21b0,0x00000000f5600000)
  from space 87040K, 0% used [0x00000000fab00000,0x00000000fab00000,0x0000000100000000)
  to   space 87040K, 0% used [0x00000000f5600000,0x00000000f5600000,0x00000000fab00000)
 ParOldGen       total 1398272K, used 0K [0x0000000080000000, 0x00000000d5580000, 0x00000000d5580000)
  object space 1398272K, 0% used [0x0000000080000000,0x0000000080000000,0x00000000d5580000)
 Metaspace       used 11105K, capacity 11264K, committed 11520K, reserved 1058816K
  class space    used 1167K, capacity 1220K, committed 1280K, reserved 1048576K

Card table byte_map: [0x00007f29b84eb000,0x00007f29b88ec000] byte_map_base: 0x00007f29b80eb000

Marking Bits: (ParMarkBitMap*) 0x00007f29c92fd200
 Begin Bits: [0x00007f29b403c000, 0x00007f29b603c000)
 End Bits:   [0x00007f29b603c000, 0x00007f29b803c000)

Polling page: 0x00007f29c98c8000

CodeCache: size=245760Kb used=3226Kb max_used=3226Kb free=242533Kb
 bounds [0x00007f29b8cac000, 0x00007f29b8fdc000, 0x00007f29c7cac000]
 total_blobs=1191 nmethods=817 adapters=289
 compilation: enabled

Compilation events (10 events):
Event: 18.469 Thread 0x0000556e0d4fe000  817       3       java.nio.CharBuffer::length (5 bytes)
Event: 18.469 Thread 0x0000556e0d4fe000 nmethod 817 0x00007f29b8fc9f90 code [0x00007f29b8fca100, 0x00007f29b8fca330]
Event: 18.471 Thread 0x0000556e0d4fe000  818       3       java.nio.CharBuffer::charAt (16 bytes)
Event: 18.472 Thread 0x0000556e0d4fe000 nmethod 818 0x00007f29b8fc97d0 code [0x00007f29b8fc9960, 0x00007f29b8fc9e18]
Event: 18.472 Thread 0x0000556e0d4fe000  819       3       java.nio.Buffer::checkIndex (24 bytes)
Event: 18.472 Thread 0x0000556e0d4fe000 nmethod 819 0x00007f29b8fc9310 code [0x00007f29b8fc9480, 0x00007f29b8fc9708]
Event: 19.478 Thread 0x0000556e0d4fe000  820       3       java.nio.ByteBuffer::arrayOffset (35 bytes)
Event: 19.478 Thread 0x0000556e0d4fe000 nmethod 820 0x00007f29b8fc8d10 code [0x00007f29b8fc8ea0, 0x00007f29b8fc91b8]
Event: 21.490 Thread 0x0000556e0d4fe000  821       3       java.util.regex.Matcher::search (109 bytes)
Event: 21.491 Thread 0x0000556e0d4fe000 nmethod 821 0x00007f29b8fc8610 code [0x00007f29b8fc87a0, 0x00007f29b8fc8ba8]

GC Heap History (0 events):
No events

Deoptimization events (1 events):
Event: 0.724 Thread 0x0000556e0d3aa800 Uncommon trap: reason=unstable_if action=reinterpret pc=0x00007f29b8dcc5d4 method=java.lang.String.indexOf([CII[CIII)I @ 3

Classes redefined (0 events):
No events

Internal exceptions (10 events):
Event: 0.445 Thread 0x0000556e0d3aa800 Exception <a 'java/lang/ClassNotFoundException': org/apache/log4j/PatternLayoutBeanInfo> (0x00000000d9720788) thrown at [/home/buildozer/aports/community/openjdk8/src/icedtea-3.12.0/openjdk/hotspot/src/share/vm/classfile/systemDictionary.cpp, line 210]
Event: 0.445 Thread 0x0000556e0d3aa800 Exception <a 'java/lang/ClassNotFoundException': org/apache/log4j/LayoutBeanInfo> (0x00000000d9740fc8) thrown at [/home/buildozer/aports/community/openjdk8/src/icedtea-3.12.0/openjdk/hotspot/src/share/vm/classfile/systemDictionary.cpp, line 210]
Event: 0.446 Thread 0x0000556e0d3aa800 Exception <a 'java/lang/ClassNotFoundException': java/lang/ObjectBeanInfo> (0x00000000d974fe18) thrown at [/home/buildozer/aports/community/openjdk8/src/icedtea-3.12.0/openjdk/hotspot/src/share/vm/classfile/systemDictionary.cpp, line 210]
Event: 0.446 Thread 0x0000556e0d3aa800 Exception <a 'java/lang/ClassNotFoundException': java/lang/ObjectCustomizer> (0x00000000d975ee68) thrown at [/home/buildozer/aports/community/openjdk8/src/icedtea-3.12.0/openjdk/hotspot/src/share/vm/classfile/systemDictionary.cpp, line 210]
Event: 0.448 Thread 0x0000556e0d3aa800 Exception <a 'java/lang/ArrayIndexOutOfBoundsException'> (0x00000000d9760a10) thrown at [/home/buildozer/aports/community/openjdk8/src/icedtea-3.12.0/openjdk/hotspot/src/share/vm/runtime/sharedRuntime.cpp, line 613]
Event: 0.449 Thread 0x0000556e0d3aa800 Exception <a 'java/lang/ArrayIndexOutOfBoundsException'> (0x00000000d9763c60) thrown at [/home/buildozer/aports/community/openjdk8/src/icedtea-3.12.0/openjdk/hotspot/src/share/vm/runtime/sharedRuntime.cpp, line 613]
Event: 0.450 Thread 0x0000556e0d3aa800 Exception <a 'java/lang/ArrayIndexOutOfBoundsException'> (0x00000000d9766098) thrown at [/home/buildozer/aports/community/openjdk8/src/icedtea-3.12.0/openjdk/hotspot/src/share/vm/runtime/sharedRuntime.cpp, line 613]
Event: 0.454 Thread 0x0000556e0d3aa800 Exception <a 'java/lang/ClassNotFoundException': org/apache/log4j/LayoutCustomizer> (0x00000000d9789798) thrown at [/home/buildozer/aports/community/openjdk8/src/icedtea-3.12.0/openjdk/hotspot/src/share/vm/classfile/systemDictionary.cpp, line 210]
Event: 0.456 Thread 0x0000556e0d3aa800 Exception <a 'java/lang/ClassNotFoundException': org/apache/log4j/PatternLayoutCustomizer> (0x00000000d97c8008) thrown at [/home/buildozer/aports/community/openjdk8/src/icedtea-3.12.0/openjdk/hotspot/src/share/vm/classfile/systemDictionary.cpp, line 210]
Event: 0.723 Thread 0x0000556e0d3aa800 Exception <a 'java/io/FileNotFoundException'> (0x00000000dacb81d0) thrown at [/home/buildozer/aports/community/openjdk8/src/icedtea-3.12.0/openjdk/hotspot/src/share/vm/prims/jni.cpp, line 710]

Events (10 events):
Event: 20.484 Executing VM operation: RevokeBias
Event: 20.484 Executing VM operation: RevokeBias done
Event: 20.484 Executing VM operation: RevokeBias
Event: 20.484 Executing VM operation: RevokeBias done
Event: 20.484 Executing VM operation: RevokeBias
Event: 20.484 Executing VM operation: RevokeBias done
Event: 21.490 Executing VM operation: RevokeBias
Event: 21.490 Executing VM operation: RevokeBias done
Event: 21.490 Executing VM operation: RevokeBias
Event: 21.490 Executing VM operation: RevokeBias done


Dynamic libraries:
80000000-100140000 rw-p 00000000 00:00 0 
100140000-140000000 ---p 00000000 00:00 0 
556e0b706000-556e0b707000 r-xp 00000000 fd:03 165024577                  /usr/lib/jvm/java-1.8-openjdk/jre/bin/java
556e0b906000-556e0b907000 r--p 00000000 fd:03 165024577                  /usr/lib/jvm/java-1.8-openjdk/jre/bin/java
556e0b907000-556e0b908000 rw-p 00001000 fd:03 165024577                  /usr/lib/jvm/java-1.8-openjdk/jre/bin/java
556e0d393000-556e0e872000 rw-p 00000000 00:00 0                          [heap]
7f29ad1ab000-7f29ad41a000 rw-p 00000000 00:00 0 
7f29ad41a000-7f29ad640000 r-xp 00000000 fd:03 165089593                  /usr/glibc-compat/lib/ld-2.28.so
7f29ad640000-7f29ad641000 r--p 00026000 fd:03 165089593                  /usr/glibc-compat/lib/ld-2.28.so
7f29ad641000-7f29ad642000 rw-p 00027000 fd:03 165089593                  /usr/glibc-compat/lib/ld-2.28.so
7f29ad642000-7f29ad643000 rw-p 00000000 00:00 0 
7f29ad643000-7f29adedb000 r-xp 00000000 fd:03 304356239                  /tmp/librocksdbjni5978145824748958159.so
7f29adedb000-7f29adeec000 r--p 00698000 fd:03 304356239                  /tmp/librocksdbjni5978145824748958159.so
7f29adeec000-7f29adef5000 rw-p 006a9000 fd:03 304356239                  /tmp/librocksdbjni5978145824748958159.so
7f29adef5000-7f29adefb000 rw-p 00000000 00:00 0 
7f29adefb000-7f29ae10c000 r-xp 00000000 fd:03 165024621                  /usr/lib/jvm/java-1.8-openjdk/jre/lib/amd64/libnio.so
7f29ae10c000-7f29ae10d000 r--p 00011000 fd:03 165024621                  /usr/lib/jvm/java-1.8-openjdk/jre/lib/amd64/libnio.so
7f29ae10d000-7f29ae10e000 rw-p 00012000 fd:03 165024621                  /usr/lib/jvm/java-1.8-openjdk/jre/lib/amd64/libnio.so
7f29ae15f000-7f29b1160000 rw-p 00000000 00:00 0 
7f29b1160000-7f29b1376000 r-xp 00000000 fd:03 165024620                  /usr/lib/jvm/java-1.8-openjdk/jre/lib/amd64/libnet.so
7f29b1376000-7f29b1377000 r--p 00016000 fd:03 165024620                  /usr/lib/jvm/java-1.8-openjdk/jre/lib/amd64/libnet.so
7f29b1377000-7f29b1378000 rw-p 00017000 fd:03 165024620                  /usr/lib/jvm/java-1.8-openjdk/jre/lib/amd64/libnet.so
7f29b13b4000-7f29b13b6000 ---p 00000000 00:00 0 
7f29b13b6000-7f29b13cb000 rw-p 00000000 00:00 0 
7f29b13e2000-7f29b13e4000 ---p 00000000 00:00 0 
7f29b13e4000-7f29b13f9000 rw-p 00000000 00:00 0 
7f29b13f9000-7f29b13fb000 ---p 00000000 00:00 0 
7f29b13fb000-7f29b1410000 rw-p 00000000 00:00 0 
7f29b1410000-7f29b1412000 ---p 00000000 00:00 0 
7f29b1412000-7f29b1427000 rw-p 00000000 00:00 0 
7f29b1427000-7f29b142b000 r--s 00058000 fd:03 165024669                  /usr/lib/jvm/java-1.8-openjdk/jre/lib/jsse.jar
7f29b142b000-7f29b162b000 rw-p 00000000 00:00 0 
7f29b162b000-7f29b162e000 r--s 00025000 fd:03 165872768                  /home/user/.m2/repository/org/apache/maven/shared/maven-shared-utils/3.1.0/maven-shared-utils-3.1.0.jar
7f29b162e000-7f29b1631000 ---p 00000000 00:00 0 
7f29b1631000-7f29b1668000 rw-p 00000000 00:00 0 
7f29b1668000-7f29b1669000 r--s 00006000 fd:03 308496312                  /home/user/.m2/repository/org/apache/maven/surefire/common-junit4/3.0.0-M1/common-junit4-3.0.0-M1.jar
7f29b1669000-7f29b166a000 r--s 00002000 fd:03 308496305                  /home/user/.m2/repository/org/apache/maven/surefire/common-junit3/3.0.0-M1/common-junit3-3.0.0-M1.jar
7f29b166a000-7f29b166b000 r--s 00007000 fd:03 308496311                  /home/user/.m2/repository/org/apache/maven/surefire/common-java5/3.0.0-M1/common-java5-3.0.0-M1.jar
7f29b166b000-7f29b166d000 r--s 00003000 fd:03 308496272                  /home/user/.m2/repository/org/apache/maven/surefire/surefire-junit4/3.0.0-M1/surefire-junit4-3.0.0-M1.jar
7f29b166d000-7f29b166f000 r--s 00009000 fd:03 165937811                  /home/user/.m2/repository/org/hamcrest/hamcrest-core/1.3/hamcrest-core-1.3.jar
7f29b166f000-7f29b1675000 r--s 00036000 fd:03 165806297                  /home/user/.m2/repository/junit/junit/4.11/junit-4.11.jar
7f29b1675000-7f29b1696000 r--s 00172000 fd:03 165741699                  /home/user/.m2/repository/com/google/guava/guava/11.0.2/guava-11.0.2.jar
7f29b1696000-7f29b169e000 r--s 0007b000 fd:03 165741815                  /home/user/.m2/repository/com/google/protobuf/protobuf-java/2.5.0/protobuf-java-2.5.0.jar
7f29b169e000-7f29b16a3000 r--s 0003c000 fd:03 165742597                  /home/user/.m2/repository/info/picocli/picocli/3.9.6/picocli-3.9.6.jar
7f29b16a3000-7f29b16d7000 r--s 0051e000 fd:03 165807070                  /home/user/.m2/repository/org/apache/hadoop/hadoop-hdfs/3.2.0/hadoop-hdfs-3.2.0-tests.jar
7f29b16d7000-7f29b1702000 r--s 00297000 fd:03 165807046                  /home/user/.m2/repository/org/apache/hadoop/hadoop-common/3.2.0/hadoop-common-3.2.0-tests.jar
7f29b1702000-7f29b1705000 r--s 0000e000 fd:03 165741337                  /home/user/.m2/repository/com/fasterxml/jackson/core/jackson-annotations/2.9.9/jackson-annotations-2.9.9.jar
7f29b1705000-7f29b174a000 r--s 00486000 fd:03 165807082                  /home/user/.m2/repository/org/apache/hadoop/hadoop-hdfs-client/3.2.0/hadoop-hdfs-client-3.2.0.jar
7f29b174a000-7f29b1771000 r--s 00205000 fd:03 165742768                  /home/user/.m2/repository/io/netty/netty-all/4.0.52.Final/netty-all-4.0.52.Final.jar
7f29b1771000-7f29b178a000 r--s 0012c000 fd:03 165742759                  /home/user/.m2/repository/io/netty/netty/3.10.5.Final/netty-3.10.5.Final.jar
7f29b178a000-7f29b178b000 r--s 00005000 fd:03 165742317                  /home/user/.m2/repository/commons-daemon/commons-daemon/1.0.13/commons-daemon-1.0.13.jar
7f29b178b000-7f29b178d000 r--s 00008000 fd:03 165937458                  /home/user/.m2/repository/org/eclipse/jetty/jetty-util-ajax/9.3.25.v20180904/jetty-util-ajax-9.3.25.v20180904.jar
7f29b178d000-7f29b17d5000 r--s 00557000 fd:03 165807073                  /home/user/.m2/repository/org/apache/hadoop/hadoop-hdfs/3.2.0/hadoop-hdfs-3.2.0.jar
7f29b17d5000-7f29b17da000 r--s 00047000 fd:03 165742557                  /home/user/.m2/repository/dnsjava/dnsjava/2.1.7/dnsjava-2.1.7.jar
7f29b17da000-7f29b17e0000 r--s 00078000 fd:03 165741511                  /home/user/.m2/repository/com/fasterxml/woodstox/woodstox-core/5.0.3/woodstox-core-5.0.3.jar
7f29b17e0000-7f29b17e4000 r--s 00024000 fd:03 165937343                  /home/user/.m2/repository/org/codehaus/woodstox/stax2-api/3.1.4/stax2-api-3.1.4.jar
7f29b17e4000-7f29b17e8000 r--s 0004c000 fd:03 165741354                  /home/user/.m2/repository/com/fasterxml/jackson/core/jackson-core/2.9.9/jackson-core-2.9.9.jar
7f29b17e8000-7f29b17fb000 r--s 00137000 fd:03 165741371                  /home/user/.m2/repository/com/fasterxml/jackson/core/jackson-databind/2.9.9/jackson-databind-2.9.9.jar
7f29b17fb000-7f29b17fd000 r--s 00006000 fd:03 165807481                  /home/user/.m2/repository/org/apache/kerby/kerby-xdr/1.0.1/kerby-xdr-1.0.1.jar
7f29b17fd000-7f29b17fe000 r--s 00004000 fd:03 165807385                  /home/user/.m2/repository/org/apache/kerby/kerb-identity/1.0.1/kerb-identity-1.0.1.jar
7f29b17fe000-7f29b1801000 r--s 00012000 fd:03 165807394                  /home/user/.m2/repository/org/apache/kerby/kerb-server/1.0.1/kerb-server-1.0.1.jar
7f29b1801000-7f29b1804000 r--s 00011000 fd:03 165807340                  /home/user/.m2/repository/org/apache/kerby/kerb-admin/1.0.1/kerb-admin-1.0.1.jar
7f29b1804000-7f29b1805000 r--s 00004000 fd:03 165807490                  /home/user/.m2/repository/org/apache/kerby/token-provider/1.0.1/token-provider-1.0.1.jar
7f29b1805000-7f29b1806000 r--s 00008000 fd:03 165807412                  /home/user/.m2/repository/org/apache/kerby/kerb-util/1.0.1/kerb-util-1.0.1.jar
7f29b1806000-7f29b180a000 r--s 00019000 fd:03 165807376                  /home/user/.m2/repository/org/apache/kerby/kerb-crypto/1.0.1/kerb-crypto-1.0.1.jar
7f29b180a000-7f29b180c000 r--s 0000e000 fd:03 165807358                  /home/user/.m2/repository/org/apache/kerby/kerb-common/1.0.1/kerb-common-1.0.1.jar
7f29b180c000-7f29b180d000 r--s 00009000 fd:03 165807472                  /home/user/.m2/repository/org/apache/kerby/kerby-util/1.0.1/kerby-util-1.0.1.jar
7f29b180d000-7f29b180f000 r--s 00017000 fd:03 165807427                  /home/user/.m2/repository/org/apache/kerby/kerby-asn1/1.0.1/kerby-asn1-1.0.1.jar
7f29b180f000-7f29b1816000 r--s 0002b000 fd:03 165807457                  /home/user/.m2/repository/org/apache/kerby/kerby-pkix/1.0.1/kerby-pkix-1.0.1.jar
7f29b1816000-7f29b181d000 r--s 00031000 fd:03 165807367                  /home/user/.m2/repository/org/apache/kerby/kerb-core/1.0.1/kerb-core-1.0.1.jar
7f29b181d000-7f29b181f000 r--s 00006000 fd:03 165807442                  /home/user/.m2/repository/org/apache/kerby/kerby-config/1.0.1/kerby-config-1.0.1.jar
7f29b181f000-7f29b1822000 r--s 00019000 fd:03 165807349                  /home/user/.m2/repository/org/apache/kerby/kerb-client/1.0.1/kerb-client-1.0.1.jar
7f29b1822000-7f29b1823000 r--s 00004000 fd:03 165807403                  /home/user/.m2/repository/org/apache/kerby/kerb-simplekdc/1.0.1/kerb-simplekdc-1.0.1.jar
7f29b1823000-7f29b1827000 r--s 00014000 fd:03 165938869                  /home/user/.m2/repository/org/tukaani/xz/1.0/xz-1.0.jar
7f29b1827000-7f29b182c000 r--s 00036000 fd:03 165806753                  /home/user/.m2/repository/org/apache/commons/commons-compress/1.4.1/commons-compress-1.4.1.jar
7f29b182c000-7f29b182d000 r--s 00004000 fd:03 165873399                  /home/user/.m2/repository/org/apache/yetus/audience-annotations/0.5.0/audience-annotations-0.5.0.jar
7f29b182d000-7f29b182f000 r--s 00014000 fd:03 165806253                  /home/user/.m2/repository/jline/jline/0.9.94/jline-0.9.94.jar
7f29b182f000-7f29b183c000 r--s 000d1000 fd:03 165873415                  /home/user/.m2/repository/org/apache/zookeeper/zookeeper/3.4.13/zookeeper-3.4.13.jar
7f29b183c000-7f29b1856000 r--s 00155000 fd:03 165807212                  /home/user/.m2/repository/org/apache/htrace/htrace-core4/4.1.0-incubating/htrace-core4-4.1.0-incubating.jar
7f29b1856000-7f29b1859000 r--s 00006000 fd:03 165741623                  /home/user/.m2/repository/com/google/code/findbugs/jsr305/3.0.0/jsr305-3.0.0.jar
7f29b1859000-7f29b1861000 r--s 0003e000 fd:03 165806975                  /home/user/.m2/repository/org/apache/curator/curator-recipes/2.12.0/curator-recipes-2.12.0.jar
7f29b1861000-7f29b1898000 r--s 00219000 fd:03 165806957                  /home/user/.m2/repository/org/apache/curator/curator-client/2.12.0/curator-client-2.12.0.jar
7f29b1898000-7f29b189d000 r--s 00040000 fd:03 165741883                  /home/user/.m2/repository/com/jcraft/jsch/0.1.54/jsch-0.1.54.jar
7f29b189d000-7f29b18a3000 r--s 0002c000 fd:03 165806966                  /home/user/.m2/repository/org/apache/curator/curator-framework/2.12.0/curator-framework-2.12.0.jar
7f29b18a3000-7f29b18a5000 r--s 00006000 fd:03 165806485                  /home/user/.m2/repository/net/minidev/accessors-smart/1.2/accessors-smart-1.2.jar
7f29b18a5000-7f29b18a8000 r--s 0001b000 fd:03 165806494                  /home/user/.m2/repository/net/minidev/json-smart/2.3/json-smart-2.3.jar
7f29b18a8000-7f29b18aa000 r--s 00000000 fd:03 165741559                  /home/user/.m2/repository/com/github/stephenc/jcip/jcip-annotations/1.0-1/jcip-annotations-1.0-1.jar
7f29b18aa000-7f29b18b0000 r--s 00044000 fd:03 165741929                  /home/user/.m2/repository/com/nimbusds/nimbus-jose-jwt/4.41.1/nimbus-jose-jwt-4.41.1.jar
7f29b18b0000-7f29b18b2000 r--s 00020000 fd:03 165807028                  /home/user/.m2/repository/org/apache/hadoop/hadoop-auth/3.2.0/hadoop-auth-3.2.0.jar
7f29b18b2000-7f29b18b7000 r--s 0002a000 fd:03 165741633                  /home/user/.m2/repository/com/google/code/gson/gson/2.2.4/gson-2.2.4.jar
7f29b18b7000-7f29b18b9000 r--s 0001e000 fd:03 165741857                  /home/user/.m2/repository/com/google/re2j/re2j/1.1/re2j-1.1.jar
7f29b18b9000-7f29b18bb000 r--s 00130000 fd:03 165938904                  /home/user/.m2/repository/org/xerial/snappy/snappy-java/1.0.5/snappy-java-1.0.5.jar
7f29b18bb000-7f29b18bd000 r--s 00006000 fd:03 165742123                  /home/user/.m2/repository/com/thoughtworks/paranamer/paranamer/2.3/paranamer-2.3.jar
7f29b18bd000-7f29b18c6000 r--s 00062000 fd:03 165806715                  /home/user/.m2/repository/org/apache/avro/avro/1.7.7/avro-1.7.7.jar
7f29b18c6000-7f29b18c7000 r--s 00002000 fd:03 165938508                  /home/user/.m2/repository/org/slf4j/slf4j-log4j12/1.7.25/slf4j-log4j12-1.7.25.jar
7f29b18c7000-7f29b18cb000 r--s 00029000 fd:03 165806941                  /home/user/.m2/repository/org/apache/commons/commons-text/1.4/commons-text-1.4.jar
7f29b18cb000-7f29b18d3000 r--s 00072000 fd:03 165806802                  /home/user/.m2/repository/org/apache/commons/commons-lang3/3.7/commons-lang3-3.7.jar
7f29b18d3000-7f29b18df000 r--s 0008b000 fd:03 165806770                  /home/user/.m2/repository/org/apache/commons/commons-configuration2/2.1.1/commons-configuration2-2.1.1.jar
7f29b18df000-7f29b18e4000 r--s 00038000 fd:03 165742176                  /home/user/.m2/repository/commons-beanutils/commons-beanutils/1.9.4/commons-beanutils-1.9.4.jar
7f29b18e4000-7f29b18ed000 r--s 0006f000 fd:03 165806333                  /home/user/.m2/repository/log4j/log4j/1.2.17/log4j-1.2.17.jar
7f29b18ed000-7f29b18ef000 r--s 0000e000 fd:03 165742484                  /home/user/.m2/repository/commons-logging/commons-logging/1.1.3/commons-logging-1.1.3.jar
7f29b18ef000-7f29b18ff000 r--s 0009c000 fd:03 165742056                  /home/user/.m2/repository/com/sun/jersey/jersey-server/1.19/jersey-server-1.19.jar
7f29b18ff000-7f29b1900000 r--s 00006000 fd:03 165873586                  /home/user/.m2/repository/org/codehaus/jackson/jackson-xc/1.9.13/jackson-xc-1.9.13.jar
7f29b1900000-7f29b1901000 r--s 00004000 fd:03 165873568                  /home/user/.m2/repository/org/codehaus/jackson/jackson-jaxrs/1.9.13/jackson-jaxrs-1.9.13.jar
7f29b1901000-7f29b190f000 r--s 000b1000 fd:03 165873577                  /home/user/.m2/repository/org/codehaus/jackson/jackson-mapper-asl/1.9.13/jackson-mapper-asl-1.9.13.jar
7f29b190f000-7f29b1913000 r--s 00035000 fd:03 165873559                  /home/user/.m2/repository/org/codehaus/jackson/jackson-core-asl/1.9.13/jackson-core-asl-1.9.13.jar
7f29b1913000-7f29b1916000 r--s 00016000 fd:03 165806209                  /home/user/.m2/repository/javax/xml/bind/jaxb-api/2.2.11/jaxb-api-2.2.11.jar
7f29b1916000-7f29b1929000 r--s 000c7000 fd:03 165742091                  /home/user/.m2/repository/com/sun/xml/bind/jaxb-impl/2.2.3-1/jaxb-impl-2.2.3-1.jar
7f29b1929000-7f29b192b000 r--s 0000f000 fd:03 165873596                  /home/user/.m2/repository/org/codehaus/jettison/jettison/1.1/jettison-1.1.jar
7f29b192b000-7f29b192f000 r--s 00025000 fd:03 165742041                  /home/user/.m2/repository/com/sun/jersey/jersey-json/1.19/jersey-json-1.19.jar
7f29b192f000-7f29b1933000 r--s 0001c000 fd:03 165742065                  /home/user/.m2/repository/com/sun/jersey/jersey-servlet/1.19/jersey-servlet-1.19.jar
7f29b1933000-7f29b1935000 r--s 0000a000 fd:03 165806198                  /home/user/.m2/repository/javax/ws/rs/jsr311-api/1.1.1/jsr311-api-1.1.1.jar
7f29b1935000-7f29b193f000 r--s 00061000 fd:03 165742032                  /home/user/.m2/repository/com/sun/jersey/jersey-core/1.19/jersey-core-1.19.jar
7f29b193f000-7f29b1942000 r--s 00016000 fd:03 165806154                  /home/user/.m2/repository/javax/servlet/jsp/jsp-api/2.1/jsp-api-2.1.jar
7f29b1942000-7f29b1943000 r--s 0000c000 fd:03 165937476                  /home/user/.m2/repository/org/eclipse/jetty/jetty-xml/9.3.25.v20180904/jetty-xml-9.3.25.v20180904.jar
7f29b1943000-7f29b1946000 r--s 0001a000 fd:03 165937467                  /home/user/.m2/repository/org/eclipse/jetty/jetty-webapp/9.3.25.v20180904/jetty-webapp-9.3.25.v20180904.jar
7f29b1946000-7f29b1949000 r--s 00015000 fd:03 165937422                  /home/user/.m2/repository/org/eclipse/jetty/jetty-security/9.3.25.v20180904/jetty-security-9.3.25.v20180904.jar
7f29b1949000-7f29b194c000 r--s 0001b000 fd:03 165937440                  /home/user/.m2/repository/org/eclipse/jetty/jetty-servlet/9.3.25.v20180904/jetty-servlet-9.3.25.v20180904.jar
7f29b194c000-7f29b1953000 r--s 00069000 fd:03 165937449                  /home/user/.m2/repository/org/eclipse/jetty/jetty-util/9.3.25.v20180904/jetty-util-9.3.25.v20180904.jar
7f29b1953000-7f29b1957000 r--s 0001b000 fd:03 165937396                  /home/user/.m2/repository/org/eclipse/jetty/jetty-io/9.3.25.v20180904/jetty-io-9.3.25.v20180904.jar
7f29b1957000-7f29b195a000 r--s 00022000 fd:03 165937387                  /home/user/.m2/repository/org/eclipse/jetty/jetty-http/9.3.25.v20180904/jetty-http-9.3.25.v20180904.jar
7f29b195a000-7f29b1962000 r--s 00078000 fd:03 165937431                  /home/user/.m2/repository/org/eclipse/jetty/jetty-server/9.3.25.v20180904/jetty-server-9.3.25.v20180904.jar
7f29b1962000-7f29b1965000 r--s 00015000 fd:03 165806144                  /home/user/.m2/repository/javax/servlet/javax.servlet-api/3.1.0/javax.servlet-api-3.1.0.jar
7f29b1965000-7f29b1972000 r--s 00083000 fd:03 165742297                  /home/user/.m2/repository/commons-collections/commons-collections/3.2.2/commons-collections-3.2.2.jar
7f29b1972000-7f29b1978000 r--s 00046000 fd:03 165742509                  /home/user/.m2/repository/commons-net/commons-net/3.6/commons-net-3.6.jar
7f29b1978000-7f29b197c000 r--s 0002f000 fd:03 165742407                  /home/user/.m2/repository/commons-io/commons-io/2.5/commons-io-2.5.jar
7f29b197c000-7f29b1983000 r--s 0004b000 fd:03 165742229                  /home/user/.m2/repository/commons-codec/commons-codec/1.11/commons-codec-1.11.jar
7f29b1983000-7f29b198a000 r--s 00049000 fd:03 165807289                  /home/user/.m2/repository/org/apache/httpcomponents/httpcore/4.4.4/httpcore-4.4.4.jar
7f29b198a000-7f29b1997000 r--s 000a7000 fd:03 165807236                  /home/user/.m2/repository/org/apache/httpcomponents/httpclient/4.5.2/httpclient-4.5.2.jar
7f29b1997000-7f29b19b4000 r--s 0016a000 fd:03 165806811                  /home/user/.m2/repository/org/apache/commons/commons-math3/3.1.1/commons-math3-3.1.1.jar
7f29b19b4000-7f29b19b6000 r--s 00009000 fd:03 165742211                  /home/user/.m2/repository/commons-cli/commons-cli/1.2/commons-cli-1.2.jar
7f29b19b6000-7f29b1a2f000 r--s 007c0000 fd:03 165024711                  /usr/lib/jvm/java-1.8-openjdk/lib/tools.jar
7f29b1a2f000-7f29b1a30000 r--s 0000e000 fd:03 165807019                  /home/user/.m2/repository/org/apache/hadoop/hadoop-annotations/3.2.0/hadoop-annotations-3.2.0.jar
7f29b1a30000-7f29b1a6e000 r--s 003aa000 fd:03 165807049                  /home/user/.m2/repository/org/apache/hadoop/hadoop-common/3.2.0/hadoop-common-3.2.0.jar
7f29b1a6e000-7f29b1a70000 r--s 00002000 fd:03 308496519                  /home/user/.m2/repository/com/github/spotbugs/spotbugs-annotations/3.1.12/spotbugs-annotations-3.1.12.jar
7f29b1a70000-7f29b1a75000 r--s 00041000 fd:03 165742443                  /home/user/.m2/repository/commons-lang/commons-lang/2.6/commons-lang-2.6.jar
7f29b1a75000-7f29b1a7b000 r--s 00033000 fd:03 165806233                  /home/user/.m2/repository/jaxen/jaxen/1.1.6/jaxen-1.1.6.jar
7f29b1a7b000-7f29b1a80000 r--s 0004b000 fd:03 308496516                  /home/user/.m2/repository/org/dom4j/dom4j/2.1.1/dom4j-2.1.1.jar
7f29b1a80000-7f29b1a81000 r--s 00000000 fd:03 165806475                  /home/user/.m2/repository/net/jcip/jcip-annotations/1.0/jcip-annotations-1.0.jar
7f29b1a81000-7f29b1a8c000 r--s 0009d000 fd:03 308496515                  /home/user/.m2/repository/org/apache/bcel/bcel/6.3/bcel-6.3.jar
7f29b1a8c000-7f29b1a8d000 r--s 00013000 fd:03 308496506                  /home/user/.m2/repository/org/ow2/asm/asm-util/7.0/asm-util-7.0.jar
7f29b1a8d000-7f29b1a8f000 r--s 0000b000 fd:03 308496508                  /home/user/.m2/repository/org/ow2/asm/asm-tree/7.0/asm-tree-7.0.jar
7f29b1a8f000-7f29b1a91000 r--s 00012000 fd:03 308496510                  /home/user/.m2/repository/org/ow2/asm/asm-commons/7.0/asm-commons-7.0.jar
7f29b1a91000-7f29b1a93000 r--s 00007000 fd:03 308496512                  /home/user/.m2/repository/org/ow2/asm/asm-analysis/7.0/asm-analysis-7.0.jar
7f29b1a93000-7f29b1a95000 r--s 0000c000 fd:03 165938172                  /home/user/.m2/repository/org/ow2/asm/asm/5.0.4/asm-5.0.4.jar
7f29b1a95000-7f29b1abd000 r--s 00316000 fd:03 308496504                  /home/user/.m2/repository/com/github/spotbugs/spotbugs/3.1.12/spotbugs-3.1.12.jar
7f29b1abd000-7f29b1ac3000 r--s 0003c000 fd:03 165938933                  /home/user/.m2/repository/org/yaml/snakeyaml/1.16/snakeyaml-1.16.jar
7f29b1ac3000-7f29b1ac5000 r--s 00005000 fd:03 165938090                  /home/user/.m2/repository/org/objenesis/objenesis/1.0/objenesis-1.0.jar
7f29b1ac5000-7f29b1ac7000 r--s 00005000 fd:03 165806403                  /home/user/.m2/repository/net/bytebuddy/byte-buddy-agent/1.4.26/byte-buddy-agent-1.4.26.jar
7f29b1ac7000-7f29b1afd000 r--s 00241000 fd:03 165806370                  /home/user/.m2/repository/net/bytebuddy/byte-buddy/1.4.26/byte-buddy-1.4.26.jar
7f29b1afd000-7f29b1b15000 r--s 000bc000 fd:03 165938018                  /home/user/.m2/repository/org/mockito/mockito-core/2.2.0/mockito-core-2.2.0.jar
7f29b1b15000-7f29b1b17000 r--s 00009000 fd:03 165938482                  /home/user/.m2/repository/org/slf4j/slf4j-api/1.7.25/slf4j-api-1.7.25.jar
7f29b1b17000-7f29b1b1b000 r--s 0001e000 fd:03 165742609                  /home/user/.m2/repository/io/dropwizard/metrics/metrics-core/3.2.4/metrics-core-3.2.4.jar
7f29b1b1b000-7f29b1b1c000 r--s 00002000 fd:03 165742943                  /home/user/.m2/repository/io/opentracing/opentracing-noop/0.31.0/opentracing-noop-0.31.0.jar
7f29b1b1c000-7f29b1b1e000 r--s 00002000 fd:03 165742934                  /home/user/.m2/repository/io/opentracing/opentracing-api/0.31.0/opentracing-api-0.31.0.jar
7f29b1b1e000-7f29b1b1f000 r--s 00001000 fd:03 165742952                  /home/user/.m2/repository/io/opentracing/opentracing-util/0.31.0/opentracing-util-0.31.0.jar
7f29b1b1f000-7f29b1b20000 r--s 00001000 fd:03 165742919                  /home/user/.m2/repository/io/opentracing/contrib/opentracing-tracerresolver/0.1.5/opentracing-tracerresolver-0.1.5.jar
7f29b1b20000-7f29b1b21000 r--s 00000000 fd:03 165742749                  /home/user/.m2/repository/io/jaegertracing/jaeger-tracerresolver/0.34.0/jaeger-tracerresolver-0.34.0.jar
7f29b1b21000-7f29b1b25000 r--s 0001c000 fd:03 165742731                  /home/user/.m2/repository/io/jaegertracing/jaeger-core/0.34.0/jaeger-core-0.34.0.jar
7f29b1b25000-7f29b1b26000 r--s 00013000 fd:03 165741980                  /home/user/.m2/repository/com/squareup/okio/okio/1.13.0/okio-1.13.0.jar
7f29b1b26000-7f29b1b2c000 r--s 0005e000 fd:03 165741964                  /home/user/.m2/repository/com/squareup/okhttp3/okhttp/3.9.0/okhttp-3.9.0.jar
7f29b1b2c000-7f29b1b32000 r--s 00037000 fd:03 165873180                  /home/user/.m2/repository/org/apache/thrift/libthrift/0.12.0/libthrift-0.12.0.jar
7f29b1b32000-7f29b1b40000 r--s 0009e000 fd:03 165742740                  /home/user/.m2/repository/io/jaegertracing/jaeger-thrift/0.34.0/jaeger-thrift-0.34.0.jar
7f29b1b40000-7f29b1b41000 r--s 00000000 fd:03 165742722                  /home/user/.m2/repository/io/jaegertracing/jaeger-client/0.34.0/jaeger-client-0.34.0.jar
7f29b1b41000-7f29b1b45000 r--s 00020000 fd:03 165742343                  /home/user/.m2/repository/commons-digester/commons-digester/1.8.1/commons-digester-1.8.1.jar
7f29b1b45000-7f29b1b49000 r--s 0002a000 fd:03 165742535                  /home/user/.m2/repository/commons-validator/commons-validator/1.6/commons-validator-1.6.jar
7f29b1b49000-7f29b1ba1000 r--s 003a7000 fd:03 165873481                  /home/user/.m2/repository/org/bouncycastle/bcprov-jdk15on/1.60/bcprov-jdk15on-1.60.jar
7f29b1ba1000-7f29b1bb4000 r--s 000b0000 fd:03 165873472                  /home/user/.m2/repository/org/bouncycastle/bcpkix-jdk15on/1.60/bcpkix-jdk15on-1.60.jar
7f29b1bb4000-7f29b1bb7000 r--s 0001d000 fd:03 165806932                  /home/user/.m2/repository/org/apache/commons/commons-pool2/2.6.0/commons-pool2-2.6.0.jar
7f29b1bb7000-7f29b1bba000 r--s 00012000 fd:03 165741909                  /home/user/.m2/repository/com/lmax/disruptor/3.4.2/disruptor-3.4.2.jar
7f29b1bba000-7f29b1bda000 r--s 00167000 fd:03 165807516                  /home/user/.m2/repository/org/apache/logging/log4j/log4j-core/2.11.0/log4j-core-2.11.0.jar
7f29b1bda000-7f29b1be0000 r--s 0003b000 fd:03 165807507                  /home/user/.m2/repository/org/apache/logging/log4j/log4j-api/2.11.0/log4j-api-2.11.0.jar
7f29b1be0000-7f29b1be5000 r--s 00c4f000 fd:03 165938441                  /home/user/.m2/repository/org/rocksdb/rocksdbjni/6.0.1/rocksdbjni-6.0.1.jar
7f29b1be5000-7f29b1be7000 r--s 00019000 fd:03 308496426                  /home/user/.m2/repository/org/apache/ratis/ratis-grpc/0.5.0-201fc85-SNAPSHOT/ratis-grpc-0.5.0-201fc85-SNAPSHOT.jar
7f29b1be7000-7f29b1be9000 r--s 00007000 fd:03 308496425                  /home/user/.m2/repository/org/apache/ratis/ratis-netty/0.5.0-201fc85-SNAPSHOT/ratis-netty-0.5.0-201fc85-SNAPSHOT.jar
7f29b1be9000-7f29b1beb000 r--s 00009000 fd:03 165742587                  /home/user/.m2/repository/info/ganglia/gmetric4j/gmetric4j/1.0.7/gmetric4j-1.0.7.jar
7f29b1beb000-7f29b1bec000 r--s 00002000 fd:03 165742618                  /home/user/.m2/repository/io/dropwizard/metrics/metrics-ganglia/3.2.5/metrics-ganglia-3.2.5.jar
7f29b1bec000-7f29b1bee000 r--s 00008000 fd:03 165742627                  /home/user/.m2/repository/io/dropwizard/metrics/metrics-jvm/3.2.5/metrics-jvm-3.2.5.jar
7f29b1bee000-7f29b1bfc000 r--s 0010d000 fd:03 308496412                  /home/user/.m2/repository/org/apache/ratis/ratis-proto/0.5.0-201fc85-SNAPSHOT/ratis-proto-0.5.0-201fc85-SNAPSHOT.jar
7f29b1bfc000-7f29b1cd6000 r--s 00cc8000 fd:03 165873130                  /home/user/.m2/repository/org/apache/ratis/ratis-thirdparty-misc/0.2.0/ratis-thirdparty-misc-0.2.0.jar
7f29b1cd6000-7f29b1cd9000 ---p 00000000 00:00 0 
7f29b1cd9000-7f29b1dd7000 rw-p 00000000 00:00 0 
7f29b1dd7000-7f29b1fde000 r-xp 00000000 fd:03 165024618                  /usr/lib/jvm/java-1.8-openjdk/jre/lib/amd64/libmanagement.so
7f29b1fde000-7f29b1fdf000 r--p 00007000 fd:03 165024618                  /usr/lib/jvm/java-1.8-openjdk/jre/lib/amd64/libmanagement.so
7f29b1fdf000-7f29b1fe0000 rw-p 00008000 fd:03 165024618                  /usr/lib/jvm/java-1.8-openjdk/jre/lib/amd64/libmanagement.so
7f29b1fe0000-7f29b1fe3000 ---p 00000000 00:00 0 
7f29b1fe3000-7f29b20e1000 rw-p 00000000 00:00 0 
7f29b20e1000-7f29b20e2000 ---p 00000000 00:00 0 
7f29b20e2000-7f29b21e3000 rw-p 00000000 00:00 0 
7f29b21e3000-7f29b21e6000 ---p 00000000 00:00 0 
7f29b21e6000-7f29b22e4000 rw-p 00000000 00:00 0 
7f29b22e4000-7f29b22e5000 ---p 00000000 00:00 0 
7f29b22e5000-7f29b22e8000 ---p 00000000 00:00 0 
7f29b22e8000-7f29b23e6000 rw-p 00000000 00:00 0 
7f29b23e6000-7f29b23e7000 ---p 00000000 00:00 0 
7f29b23e7000-7f29b23ea000 ---p 00000000 00:00 0 
7f29b23ea000-7f29b24e8000 rw-p 00000000 00:00 0 
7f29b24e8000-7f29b24eb000 ---p 00000000 00:00 0 
7f29b24eb000-7f29b25e9000 rw-p 00000000 00:00 0 
7f29b25e9000-7f29b25ec000 ---p 00000000 00:00 0 
7f29b25ec000-7f29b26ea000 rw-p 00000000 00:00 0 
7f29b26ea000-7f29b26ed000 ---p 00000000 00:00 0 
7f29b26ed000-7f29b27eb000 rw-p 00000000 00:00 0 
7f29b27eb000-7f29b27ec000 ---p 00000000 00:00 0 
7f29b27ec000-7f29b31f6000 rw-p 00000000 00:00 0 
7f29b31f6000-7f29b33c6000 r--s 01f56000 fd:03 165024683                  /usr/lib/jvm/java-1.8-openjdk/jre/lib/rt.jar
7f29b33c6000-7f29b803c000 rw-p 00000000 00:00 0 
7f29b803c000-7f29b803d000 ---p 00000000 00:00 0 
7f29b803d000-7f29b813e000 rw-p 00000000 00:00 0 
7f29b813e000-7f29b813f000 ---p 00000000 00:00 0 
7f29b813f000-7f29b88f9000 rw-p 00000000 00:00 0 
7f29b88f9000-7f29b8cac000 ---p 00000000 00:00 0 
7f29b8cac000-7f29b8fdc000 rwxp 00000000 00:00 0 
7f29b8fdc000-7f29c7cac000 ---p 00000000 00:00 0 
7f29c7cac000-7f29c7eb3000 r-xp 00000000 fd:03 165024627                  /usr/lib/jvm/java-1.8-openjdk/jre/lib/amd64/libzip.so
7f29c7eb3000-7f29c7eb4000 r--p 00007000 fd:03 165024627                  /usr/lib/jvm/java-1.8-openjdk/jre/lib/amd64/libzip.so
7f29c7eb4000-7f29c7eb5000 rw-p 00008000 fd:03 165024627                  /usr/lib/jvm/java-1.8-openjdk/jre/lib/amd64/libzip.so
7f29c7eb5000-7f29c80e0000 r-xp 00000000 fd:03 165024607                  /usr/lib/jvm/java-1.8-openjdk/jre/lib/amd64/libjava.so
7f29c80e0000-7f29c80e1000 r--p 0002b000 fd:03 165024607                  /usr/lib/jvm/java-1.8-openjdk/jre/lib/amd64/libjava.so
7f29c80e1000-7f29c80e2000 rw-p 0002c000 fd:03 165024607                  /usr/lib/jvm/java-1.8-openjdk/jre/lib/amd64/libjava.so
7f29c80e2000-7f29c80e3000 rw-p 00000000 00:00 0 
7f29c80e3000-7f29c82ef000 r-xp 00000000 fd:03 165024626                  /usr/lib/jvm/java-1.8-openjdk/jre/lib/amd64/libverify.so
7f29c82ef000-7f29c82f1000 r--p 0000c000 fd:03 165024626                  /usr/lib/jvm/java-1.8-openjdk/jre/lib/amd64/libverify.so
7f29c82f1000-7f29c82f2000 rw-p 0000e000 fd:03 165024626                  /usr/lib/jvm/java-1.8-openjdk/jre/lib/amd64/libverify.so
7f29c82f2000-7f29c8502000 r-xp 00000000 fd:03 165024784                  /usr/lib/libgcc_s.so.1
7f29c8502000-7f29c8503000 r--p 00010000 fd:03 165024784                  /usr/lib/libgcc_s.so.1
7f29c8503000-7f29c8504000 rw-p 00011000 fd:03 165024784                  /usr/lib/libgcc_s.so.1
7f29c8504000-7f29c8845000 r-xp 00000000 fd:03 165024907                  /usr/lib/libstdc++.so.6.0.22
7f29c8845000-7f29c8853000 r--p 00141000 fd:03 165024907                  /usr/lib/libstdc++.so.6.0.22
7f29c8853000-7f29c8854000 rw-p 0014f000 fd:03 165024907                  /usr/lib/libstdc++.so.6.0.22
7f29c8854000-7f29c8857000 rw-p 00000000 00:00 0 
7f29c8857000-7f29c922b000 r-xp 00000000 fd:03 165024631                  /usr/lib/jvm/java-1.8-openjdk/jre/lib/amd64/server/libjvm.so
7f29c922b000-7f29c92c1000 r--p 007d4000 fd:03 165024631                  /usr/lib/jvm/java-1.8-openjdk/jre/lib/amd64/server/libjvm.so
7f29c92c1000-7f29c92e9000 rw-p 0086a000 fd:03 165024631                  /usr/lib/jvm/java-1.8-openjdk/jre/lib/amd64/server/libjvm.so
7f29c92e9000-7f29c931a000 rw-p 00000000 00:00 0 
7f29c931a000-7f29c952f000 r-xp 00000000 fd:03 30540833                   /lib/libz.so.1.2.11
7f29c952f000-7f29c9530000 r--p 00015000 fd:03 30540833                   /lib/libz.so.1.2.11
7f29c9530000-7f29c9531000 rw-p 00016000 fd:03 30540833                   /lib/libz.so.1.2.11
7f29c9531000-7f29c973d000 r-xp 00000000 fd:03 165024591                  /usr/lib/jvm/java-1.8-openjdk/jre/lib/amd64/jli/libjli.so
7f29c973d000-7f29c973e000 r--p 0000c000 fd:03 165024591                  /usr/lib/jvm/java-1.8-openjdk/jre/lib/amd64/jli/libjli.so
7f29c973e000-7f29c973f000 rw-p 0000d000 fd:03 165024591                  /usr/lib/jvm/java-1.8-openjdk/jre/lib/amd64/jli/libjli.so
7f29c973f000-7f29c97cc000 r-xp 00000000 fd:03 164956642                  /lib/ld-musl-x86_64.so.1
7f29c97cc000-7f29c97cd000 r--s 00003000 fd:03 165741548                  /home/user/.m2/repository/com/github/joshelser/dropwizard-metrics-hadoop-metrics2-reporter/0.1.2/dropwizard-metrics-hadoop-metrics2-reporter-0.1.2.jar
7f29c97cd000-7f29c97ce000 r--s 00006000 fd:03 308496424                  /home/user/.m2/repository/org/apache/ratis/ratis-metrics/0.5.0-201fc85-SNAPSHOT/ratis-metrics-0.5.0-201fc85-SNAPSHOT.jar
7f29c97ce000-7f29c97d0000 r--s 0000c000 fd:03 308496423                  /home/user/.m2/repository/org/apache/ratis/ratis-client/0.5.0-201fc85-SNAPSHOT/ratis-client-0.5.0-201fc85-SNAPSHOT.jar
7f29c97d0000-7f29c97d5000 r--s 0003a000 fd:03 308496414                  /home/user/.m2/repository/org/apache/ratis/ratis-common/0.5.0-201fc85-SNAPSHOT/ratis-common-0.5.0-201fc85-SNAPSHOT.jar
7f29c97d5000-7f29c97da000 r--s 00053000 fd:03 308496408                  /home/user/.m2/repository/org/apache/ratis/ratis-server/0.5.0-201fc85-SNAPSHOT/ratis-server-0.5.0-201fc85-SNAPSHOT.jar
7f29c97da000-7f29c97dd000 r--s 000fd000 fd:03 165937538                  /home/user/.m2/repository/org/fusesource/leveldbjni/leveldbjni-all/1.8/leveldbjni-all-1.8.jar
7f29c97dd000-7f29c97df000 r--s 00005000 fd:03 165806083                  /home/user/.m2/repository/javax/annotation/javax.annotation-api/1.2/javax.annotation-api-1.2.jar
7f29c97df000-7f29c97e1000 r--s 00002000 fd:03 165872819                  /home/user/.m2/repository/org/apache/maven/surefire/surefire-logger-api/3.0.0-M1/surefire-logger-api-3.0.0-M1.jar
7f29c97e1000-7f29c97e6000 r--s 00027000 fd:03 165872801                  /home/user/.m2/repository/org/apache/maven/surefire/surefire-api/3.0.0-M1/surefire-api-3.0.0-M1.jar
7f29c97e6000-7f29c97ec000 r--s 00047000 fd:03 165872810                  /home/user/.m2/repository/org/apache/maven/surefire/surefire-booter/3.0.0-M1/surefire-booter-3.0.0-M1.jar
7f29c97ec000-7f29c97ed000 r--s 00004000 fd:05 63964833                   /workdir/hadoop-hdds/container-service/target/surefire/surefirebooter3175292352548386212.jar
7f29c97ed000-7f29c97ee000 r--s 00000000 fd:03 30540769                   /etc/localtime
7f29c97ee000-7f29c98bf000 rw-p 00000000 00:00 0 
7f29c98bf000-7f29c98c7000 rw-s 00000000 fd:03 308496503                  /tmp/hsperfdata_jenkins1000/2468
7f29c98c7000-7f29c98c8000 rw-p 00000000 00:00 0 
7f29c98c8000-7f29c98c9000 r--p 00000000 00:00 0 
7f29c98c9000-7f29c98cb000 ---p 00000000 00:00 0 
7f29c98cb000-7f29c98ce000 ---p 00000000 00:00 0 
7f29c98ce000-7f29c99cc000 rw-p 00000000 00:00 0 
7f29c99cc000-7f29c99cd000 r--p 0008d000 fd:03 164956642                  /lib/ld-musl-x86_64.so.1
7f29c99cd000-7f29c99ce000 rw-p 0008e000 fd:03 164956642                  /lib/ld-musl-x86_64.so.1
7f29c99ce000-7f29c99d1000 rw-p 00000000 00:00 0 
7ffc4d6ad000-7ffc4d6cf000 rw-p 00000000 00:00 0                          [stack]
7ffc4d7a5000-7ffc4d7a7000 r-xp 00000000 00:00 0                          [vdso]
ffffffffff600000-ffffffffff601000 r-xp 00000000 00:00 0                  [vsyscall]

VM Arguments:
jvm_args: -Xmx2048m -XX:+HeapDumpOnOutOfMemoryError 
java_command: /workdir/hadoop-hdds/container-service/target/surefire/surefirebooter3175292352548386212.jar /workdir/hadoop-hdds/container-service/target/surefire 2019-10-13T20-01-07_582-jvmRun1 surefire5873779745916946524tmp surefire_111399973244193532139tmp
java_class_path (initial): /workdir/hadoop-hdds/container-service/target/surefire/surefirebooter3175292352548386212.jar
Launcher Type: SUN_STANDARD

Environment Variables:
PATH=/usr/local/sbin:/usr/local/bin:/usr/sbin:/usr/bin:/sbin:/bin:/opt/findbugs/bin:/opt/blockade/bin
LD_LIBRARY_PATH=/usr/lib/jvm/java-1.8-openjdk/jre/lib/amd64/server:/usr/lib/jvm/java-1.8-openjdk/jre/lib/amd64:/usr/lib/jvm/java-1.8-openjdk/jre/../lib/amd64:/workdir/hadoop-hdds/container-service/target/native/target/usr/local/lib:/workdir/hadoop-hdds/container-service/../../hadoop-common-project/hadoop-common/target/native/target/usr/local/lib
DYLD_LIBRARY_PATH=${env.DYLD_LIBRARY_PATH}:/workdir/hadoop-hdds/container-service/target/native/target/usr/local/lib:/workdir/hadoop-hdds/container-service/../../hadoop-common-project/hadoop-common/target/native/target/usr/local/lib

Signal Handlers:
SIGSEGV: [libjvm.so+0x600fd2], sa_mask[0]=11111111011111111101111111111110, sa_flags=SA_RESTART|SA_SIGINFO
SIGBUS: [libjvm.so+0x600fd2], sa_mask[0]=11111111011111111101111111111110, sa_flags=SA_RESTART|SA_SIGINFO
SIGFPE: [libjvm.so+0x539502], sa_mask[0]=11111111011111111101111111111110, sa_flags=SA_RESTART|SA_SIGINFO
SIGPIPE: [libjvm.so+0x539502], sa_mask[0]=11111111011111111101111111111110, sa_flags=SA_RESTART|SA_SIGINFO
SIGXFSZ: [libjvm.so+0x539502], sa_mask[0]=11111111011111111101111111111110, sa_flags=SA_RESTART|SA_SIGINFO
SIGILL: [libjvm.so+0x539502], sa_mask[0]=11111111011111111101111111111110, sa_flags=SA_RESTART|SA_SIGINFO
SIGUSR1: SIG_DFL, sa_mask[0]=00000000000000000000000000000000, sa_flags=none
SIGUSR2: [libjvm.so+0x5396a1], sa_mask[0]=00100000000000000000000000000000, sa_flags=SA_RESTART|SA_SIGINFO
SIGHUP: [libjvm.so+0x53b719], sa_mask[0]=11111111011111111101111111111110, sa_flags=SA_RESTART|SA_SIGINFO
SIGINT: [libjvm.so+0x53b719], sa_mask[0]=11111111011111111101111111111110, sa_flags=SA_RESTART|SA_SIGINFO
SIGTERM: [libjvm.so+0x53b719], sa_mask[0]=11111111011111111101111111111110, sa_flags=SA_RESTART|SA_SIGINFO
SIGQUIT: [libjvm.so+0x53b719], sa_mask[0]=11111111011111111101111111111110, sa_flags=SA_RESTART|SA_SIGINFO


---------------  S Y S T E M  ---------------

OS:NAME="Alpine Linux"
ID=alpine
VERSION_ID=3.8.2
PRETTY_NAME="Alpine Linux v3.8"
HOME_URL="http://alpinelinux.org"
BUG_REPORT_URL="http://bugs.alpinelinux.org"

uname:Linux 3.10.0-957.12.2.el7.x86_64 #1 SMP Tue May 14 21:24:32 UTC 2019 x86_64
libc:glibc 2.9 NPTL 
rlimit: STACK 8192k, CORE infinity, NPROC 1048576, NOFILE 1048576, AS infinity
load average:90.01 37.37 22.63

/proc/meminfo:
MemTotal:       263864180 kB
MemFree:         3372280 kB
MemAvailable:   237802640 kB
Buffers:         2887060 kB
Cached:         227414840 kB
SwapCached:            0 kB
Active:         140494608 kB
Inactive:       106789628 kB
Active(anon):   19650848 kB
Inactive(anon):  2693328 kB
Active(file):   120843760 kB
Inactive(file): 104096300 kB
Unevictable:           0 kB
Mlocked:               0 kB
SwapTotal:             0 kB
SwapFree:              0 kB
Dirty:             63744 kB
Writeback:             0 kB
AnonPages:      16984172 kB
Mapped:           376692 kB
Shmem:           5361840 kB
Slab:           11329476 kB
SReclaimable:   10374480 kB
SUnreclaim:       954996 kB
KernelStack:       86528 kB
PageTables:        90880 kB
NFS_Unstable:          0 kB
Bounce:                0 kB
WritebackTmp:          0 kB
CommitLimit:    131932088 kB
Committed_AS:   74073632 kB
VmallocTotal:   34359738367 kB
VmallocUsed:      780824 kB
VmallocChunk:   34224590620 kB
HardwareCorrupted:     0 kB
AnonHugePages:   4364288 kB
CmaTotal:              0 kB
CmaFree:               0 kB
HugePages_Total:       0
HugePages_Free:        0
HugePages_Rsvd:        0
HugePages_Surp:        0
Hugepagesize:       2048 kB
DirectMap4k:      473848 kB
DirectMap2M:    50798592 kB
DirectMap1G:    219152384 kB

container (cgroup) information:
container_type: cgroupv1
cpu_cpuset_cpus: 0-31
cpu_memory_nodes: 0-1
active_processor_count: 2
cpu_quota: -1
cpu_period: 100000
cpu_shares: 2048
memory_limit_in_bytes: -1
memory_and_swap_limit_in_bytes: -1
memory_soft_limit_in_bytes: -1
memory_usage_in_bytes: 6157815808
memory_max_usage_in_bytes: 6547709952


CPU:total 32 (initial active 2) (8 cores per cpu, 2 threads per core) family 6 model 63 stepping 2, cmov, cx8, fxsr, mmx, sse, sse2, sse3, ssse3, sse4.1, sse4.2, popcnt, avx, avx2, aes, clmul, erms, lzcnt, ht, tsc, tscinvbit, bmi1, bmi2

/proc/cpuinfo:
processor	: 0
vendor_id	: GenuineIntel
cpu family	: 6
model		: 63
model name	: Intel(R) Xeon(R) CPU E5-2630 v3 @ 2.40GHz
stepping	: 2
microcode	: 0x43
cpu MHz		: 2400.000
cache size	: 20480 KB
physical id	: 0
siblings	: 16
core id		: 0
cpu cores	: 8
apicid		: 0
initial apicid	: 0
fpu		: yes
fpu_exception	: yes
cpuid level	: 15
wp		: yes
flags		: fpu vme de pse tsc msr pae mce cx8 apic sep mtrr pge mca cmov pat pse36 clflush dts acpi mmx fxsr sse sse2 ss ht tm pbe syscall nx pdpe1gb rdtscp lm constant_tsc arch_perfmon pebs bts rep_good nopl xtopology nonstop_tsc aperfmperf eagerfpu pni pclmulqdq dtes64 monitor ds_cpl vmx smx est tm2 ssse3 sdbg fma cx16 xtpr pdcm pcid dca sse4_1 sse4_2 x2apic movbe popcnt tsc_deadline_timer aes xsave avx f16c rdrand lahf_lm abm epb intel_ppin ssbd ibrs ibpb stibp tpr_shadow vnmi flexpriority ept vpid fsgsbase tsc_adjust bmi1 avx2 smep bmi2 erms invpcid cqm xsaveopt cqm_llc cqm_occup_llc dtherm ida arat pln pts md_clear spec_ctrl intel_stibp flush_l1d
bogomips	: 4788.16
clflush size	: 64
cache_alignment	: 64
address sizes	: 46 bits physical, 48 bits virtual
power management:

processor	: 1
vendor_id	: GenuineIntel
cpu family	: 6
model		: 63
model name	: Intel(R) Xeon(R) CPU E5-2630 v3 @ 2.40GHz
stepping	: 2
microcode	: 0x43
cpu MHz		: 1269.726
cache size	: 20480 KB
physical id	: 0
siblings	: 16
core id		: 1
cpu cores	: 8
apicid		: 2
initial apicid	: 2
fpu		: yes
fpu_exception	: yes
cpuid level	: 15
wp		: yes
flags		: fpu vme de pse tsc msr pae mce cx8 apic sep mtrr pge mca cmov pat pse36 clflush dts acpi mmx fxsr sse sse2 ss ht tm pbe syscall nx pdpe1gb rdtscp lm constant_tsc arch_perfmon pebs bts rep_good nopl xtopology nonstop_tsc aperfmperf eagerfpu pni pclmulqdq dtes64 monitor ds_cpl vmx smx est tm2 ssse3 sdbg fma cx16 xtpr pdcm pcid dca sse4_1 sse4_2 x2apic movbe popcnt tsc_deadline_timer aes xsave avx f16c rdrand lahf_lm abm epb intel_ppin ssbd ibrs ibpb stibp tpr_shadow vnmi flexpriority ept vpid fsgsbase tsc_adjust bmi1 avx2 smep bmi2 erms invpcid cqm xsaveopt cqm_llc cqm_occup_llc dtherm ida arat pln pts md_clear spec_ctrl intel_stibp flush_l1d
bogomips	: 4788.16
clflush size	: 64
cache_alignment	: 64
address sizes	: 46 bits physical, 48 bits virtual
power management:

processor	: 2
vendor_id	: GenuineIntel
cpu family	: 6
model		: 63
model name	: Intel(R) Xeon(R) CPU E5-2630 v3 @ 2.40GHz
stepping	: 2
microcode	: 0x43
cpu MHz		: 1378.710
cache size	: 20480 KB
physical id	: 0
siblings	: 16
core id		: 2
cpu cores	: 8
apicid		: 4
initial apicid	: 4
fpu		: yes
fpu_exception	: yes
cpuid level	: 15
wp		: yes
flags		: fpu vme de pse tsc msr pae mce cx8 apic sep mtrr pge mca cmov pat pse36 clflush dts acpi mmx fxsr sse sse2 ss ht tm pbe syscall nx pdpe1gb rdtscp lm constant_tsc arch_perfmon pebs bts rep_good nopl xtopology nonstop_tsc aperfmperf eagerfpu pni pclmulqdq dtes64 monitor ds_cpl vmx smx est tm2 ssse3 sdbg fma cx16 xtpr pdcm pcid dca sse4_1 sse4_2 x2apic movbe popcnt tsc_deadline_timer aes xsave avx f16c rdrand lahf_lm abm epb intel_ppin ssbd ibrs ibpb stibp tpr_shadow vnmi flexpriority ept vpid fsgsbase tsc_adjust bmi1 avx2 smep bmi2 erms invpcid cqm xsaveopt cqm_llc cqm_occup_llc dtherm ida arat pln pts md_clear spec_ctrl intel_stibp flush_l1d
bogomips	: 4788.16
clflush size	: 64
cache_alignment	: 64
address sizes	: 46 bits physical, 48 bits virtual
power management:

processor	: 3
vendor_id	: GenuineIntel
cpu family	: 6
model		: 63
model name	: Intel(R) Xeon(R) CPU E5-2630 v3 @ 2.40GHz
stepping	: 2
microcode	: 0x43
cpu MHz		: 1340.625
cache size	: 20480 KB
physical id	: 0
siblings	: 16
core id		: 3
cpu cores	: 8
apicid		: 6
initial apicid	: 6
fpu		: yes
fpu_exception	: yes
cpuid level	: 15
wp		: yes
flags		: fpu vme de pse tsc msr pae mce cx8 apic sep mtrr pge mca cmov pat pse36 clflush dts acpi mmx fxsr sse sse2 ss ht tm pbe syscall nx pdpe1gb rdtscp lm constant_tsc arch_perfmon pebs bts rep_good nopl xtopology nonstop_tsc aperfmperf eagerfpu pni pclmulqdq dtes64 monitor ds_cpl vmx smx est tm2 ssse3 sdbg fma cx16 xtpr pdcm pcid dca sse4_1 sse4_2 x2apic movbe popcnt tsc_deadline_timer aes xsave avx f16c rdrand lahf_lm abm epb intel_ppin ssbd ibrs ibpb stibp tpr_shadow vnmi flexpriority ept vpid fsgsbase tsc_adjust bmi1 avx2 smep bmi2 erms invpcid cqm xsaveopt cqm_llc cqm_occup_llc dtherm ida arat pln pts md_clear spec_ctrl intel_stibp flush_l1d
bogomips	: 4788.16
clflush size	: 64
cache_alignment	: 64
address sizes	: 46 bits physical, 48 bits virtual
power management:

processor	: 4
vendor_id	: GenuineIntel
cpu family	: 6
model		: 63
model name	: Intel(R) Xeon(R) CPU E5-2630 v3 @ 2.40GHz
stepping	: 2
microcode	: 0x43
cpu MHz		: 2400.000
cache size	: 20480 KB
physical id	: 0
siblings	: 16
core id		: 4
cpu cores	: 8
apicid		: 8
initial apicid	: 8
fpu		: yes
fpu_exception	: yes
cpuid level	: 15
wp		: yes
flags		: fpu vme de pse tsc msr pae mce cx8 apic sep mtrr pge mca cmov pat pse36 clflush dts acpi mmx fxsr sse sse2 ss ht tm pbe syscall nx pdpe1gb rdtscp lm constant_tsc arch_perfmon pebs bts rep_good nopl xtopology nonstop_tsc aperfmperf eagerfpu pni pclmulqdq dtes64 monitor ds_cpl vmx smx est tm2 ssse3 sdbg fma cx16 xtpr pdcm pcid dca sse4_1 sse4_2 x2apic movbe popcnt tsc_deadline_timer aes xsave avx f16c rdrand lahf_lm abm epb intel_ppin ssbd ibrs ibpb stibp tpr_shadow vnmi flexpriority ept vpid fsgsbase tsc_adjust bmi1 avx2 smep bmi2 erms invpcid cqm xsaveopt cqm_llc cqm_occup_llc dtherm ida arat pln pts md_clear spec_ctrl intel_stibp flush_l1d
bogomips	: 4788.16
clflush size	: 64
cache_alignment	: 64
address sizes	: 46 bits physical, 48 bits virtual
power management:

processor	: 5
vendor_id	: GenuineIntel
cpu family	: 6
model		: 63
model name	: Intel(R) Xeon(R) CPU E5-2630 v3 @ 2.40GHz
stepping	: 2
microcode	: 0x43
cpu MHz		: 1291.992
cache size	: 20480 KB
physical id	: 0
siblings	: 16
core id		: 5
cpu cores	: 8
apicid		: 10
initial apicid	: 10
fpu		: yes
fpu_exception	: yes
cpuid level	: 15
wp		: yes
flags		: fpu vme de pse tsc msr pae mce cx8 apic sep mtrr pge mca cmov pat pse36 clflush dts acpi mmx fxsr sse sse2 ss ht tm pbe syscall nx pdpe1gb rdtscp lm constant_tsc arch_perfmon pebs bts rep_good nopl xtopology nonstop_tsc aperfmperf eagerfpu pni pclmulqdq dtes64 monitor ds_cpl vmx smx est tm2 ssse3 sdbg fma cx16 xtpr pdcm pcid dca sse4_1 sse4_2 x2apic movbe popcnt tsc_deadline_timer aes xsave avx f16c rdrand lahf_lm abm epb intel_ppin ssbd ibrs ibpb stibp tpr_shadow vnmi flexpriority ept vpid fsgsbase tsc_adjust bmi1 avx2 smep bmi2 erms invpcid cqm xsaveopt cqm_llc cqm_occup_llc dtherm ida arat pln pts md_clear spec_ctrl intel_stibp flush_l1d
bogomips	: 4788.16
clflush size	: 64
cache_alignment	: 64
address sizes	: 46 bits physical, 48 bits virtual
power management:

processor	: 6
vendor_id	: GenuineIntel
cpu family	: 6
model		: 63
model name	: Intel(R) Xeon(R) CPU E5-2630 v3 @ 2.40GHz
stepping	: 2
microcode	: 0x43
cpu MHz		: 1268.261
cache size	: 20480 KB
physical id	: 0
siblings	: 16
core id		: 6
cpu cores	: 8
apicid		: 12
initial apicid	: 12
fpu		: yes
fpu_exception	: yes
cpuid level	: 15
wp		: yes
flags		: fpu vme de pse tsc msr pae mce cx8 apic sep mtrr pge mca cmov pat pse36 clflush dts acpi mmx fxsr sse sse2 ss ht tm pbe syscall nx pdpe1gb rdtscp lm constant_tsc arch_perfmon pebs bts rep_good nopl xtopology nonstop_tsc aperfmperf eagerfpu pni pclmulqdq dtes64 monitor ds_cpl vmx smx est tm2 ssse3 sdbg fma cx16 xtpr pdcm pcid dca sse4_1 sse4_2 x2apic movbe popcnt tsc_deadline_timer aes xsave avx f16c rdrand lahf_lm abm epb intel_ppin ssbd ibrs ibpb stibp tpr_shadow vnmi flexpriority ept vpid fsgsbase tsc_adjust bmi1 avx2 smep bmi2 erms invpcid cqm xsaveopt cqm_llc cqm_occup_llc dtherm ida arat pln pts md_clear spec_ctrl intel_stibp flush_l1d
bogomips	: 4788.16
clflush size	: 64
cache_alignment	: 64
address sizes	: 46 bits physical, 48 bits virtual
power management:

processor	: 7
vendor_id	: GenuineIntel
cpu family	: 6
model		: 63
model name	: Intel(R) Xeon(R) CPU E5-2630 v3 @ 2.40GHz
stepping	: 2
microcode	: 0x43
cpu MHz		: 1489.306
cache size	: 20480 KB
physical id	: 0
siblings	: 16
core id		: 7
cpu cores	: 8
apicid		: 14
initial apicid	: 14
fpu		: yes
fpu_exception	: yes
cpuid level	: 15
wp		: yes
flags		: fpu vme de pse tsc msr pae mce cx8 apic sep mtrr pge mca cmov pat pse36 clflush dts acpi mmx fxsr sse sse2 ss ht tm pbe syscall nx pdpe1gb rdtscp lm constant_tsc arch_perfmon pebs bts rep_good nopl xtopology nonstop_tsc aperfmperf eagerfpu pni pclmulqdq dtes64 monitor ds_cpl vmx smx est tm2 ssse3 sdbg fma cx16 xtpr pdcm pcid dca sse4_1 sse4_2 x2apic movbe popcnt tsc_deadline_timer aes xsave avx f16c rdrand lahf_lm abm epb intel_ppin ssbd ibrs ibpb stibp tpr_shadow vnmi flexpriority ept vpid fsgsbase tsc_adjust bmi1 avx2 smep bmi2 erms invpcid cqm xsaveopt cqm_llc cqm_occup_llc dtherm ida arat pln pts md_clear spec_ctrl intel_stibp flush_l1d
bogomips	: 4788.16
clflush size	: 64
cache_alignment	: 64
address sizes	: 46 bits physical, 48 bits virtual
power management:

processor	: 8
vendor_id	: GenuineIntel
cpu family	: 6
model		: 63
model name	: Intel(R) Xeon(R) CPU E5-2630 v3 @ 2.40GHz
stepping	: 2
microcode	: 0x43
cpu MHz		: 1983.105
cache size	: 20480 KB
physical id	: 1
siblings	: 16
core id		: 0
cpu cores	: 8
apicid		: 16
initial apicid	: 16
fpu		: yes
fpu_exception	: yes
cpuid level	: 15
wp		: yes
flags		: fpu vme de pse tsc msr pae mce cx8 apic sep mtrr pge mca cmov pat pse36 clflush dts acpi mmx fxsr sse sse2 ss ht tm pbe syscall nx pdpe1gb rdtscp lm constant_tsc arch_perfmon pebs bts rep_good nopl xtopology nonstop_tsc aperfmperf eagerfpu pni pclmulqdq dtes64 monitor ds_cpl vmx smx est tm2 ssse3 sdbg fma cx16 xtpr pdcm pcid dca sse4_1 sse4_2 x2apic movbe popcnt tsc_deadline_timer aes xsave avx f16c rdrand lahf_lm abm epb intel_ppin ssbd ibrs ibpb stibp tpr_shadow vnmi flexpriority ept vpid fsgsbase tsc_adjust bmi1 avx2 smep bmi2 erms invpcid cqm xsaveopt cqm_llc cqm_occup_llc dtherm ida arat pln pts md_clear spec_ctrl intel_stibp flush_l1d
bogomips	: 4793.27
clflush size	: 64
cache_alignment	: 64
address sizes	: 46 bits physical, 48 bits virtual
power management:

processor	: 9
vendor_id	: GenuineIntel
cpu family	: 6
model		: 63
model name	: Intel(R) Xeon(R) CPU E5-2630 v3 @ 2.40GHz
stepping	: 2
microcode	: 0x43
cpu MHz		: 1677.685
cache size	: 20480 KB
physical id	: 1
siblings	: 16
core id		: 1
cpu cores	: 8
apicid		: 18
initial apicid	: 18
fpu		: yes
fpu_exception	: yes
cpuid level	: 15
wp		: yes
flags		: fpu vme de pse tsc msr pae mce cx8 apic sep mtrr pge mca cmov pat pse36 clflush dts acpi mmx fxsr sse sse2 ss ht tm pbe syscall nx pdpe1gb rdtscp lm constant_tsc arch_perfmon pebs bts rep_good nopl xtopology nonstop_tsc aperfmperf eagerfpu pni pclmulqdq dtes64 monitor ds_cpl vmx smx est tm2 ssse3 sdbg fma cx16 xtpr pdcm pcid dca sse4_1 sse4_2 x2apic movbe popcnt tsc_deadline_timer aes xsave avx f16c rdrand lahf_lm abm epb intel_ppin ssbd ibrs ibpb stibp tpr_shadow vnmi flexpriority ept vpid fsgsbase tsc_adjust bmi1 avx2 smep bmi2 erms invpcid cqm xsaveopt cqm_llc cqm_occup_llc dtherm ida arat pln pts md_clear spec_ctrl intel_stibp flush_l1d
bogomips	: 4793.27
clflush size	: 64
cache_alignment	: 64
address sizes	: 46 bits physical, 48 bits virtual
power management:

processor	: 10
vendor_id	: GenuineIntel
cpu family	: 6
model		: 63
model name	: Intel(R) Xeon(R) CPU E5-2630 v3 @ 2.40GHz
stepping	: 2
microcode	: 0x43
cpu MHz		: 1478.320
cache size	: 20480 KB
physical id	: 1
siblings	: 16
core id		: 2
cpu cores	: 8
apicid		: 20
initial apicid	: 20
fpu		: yes
fpu_exception	: yes
cpuid level	: 15
wp		: yes
flags		: fpu vme de pse tsc msr pae mce cx8 apic sep mtrr pge mca cmov pat pse36 clflush dts acpi mmx fxsr sse sse2 ss ht tm pbe syscall nx pdpe1gb rdtscp lm constant_tsc arch_perfmon pebs bts rep_good nopl xtopology nonstop_tsc aperfmperf eagerfpu pni pclmulqdq dtes64 monitor ds_cpl vmx smx est tm2 ssse3 sdbg fma cx16 xtpr pdcm pcid dca sse4_1 sse4_2 x2apic movbe popcnt tsc_deadline_timer aes xsave avx f16c rdrand lahf_lm abm epb intel_ppin ssbd ibrs ibpb stibp tpr_shadow vnmi flexpriority ept vpid fsgsbase tsc_adjust bmi1 avx2 smep bmi2 erms invpcid cqm xsaveopt cqm_llc cqm_occup_llc dtherm ida arat pln pts md_clear spec_ctrl intel_stibp flush_l1d
bogomips	: 4793.27
clflush size	: 64
cache_alignment	: 64
address sizes	: 46 bits physical, 48 bits virtual
power management:

processor	: 11
vendor_id	: GenuineIntel
cpu family	: 6
model		: 63
model name	: Intel(R) Xeon(R) CPU E5-2630 v3 @ 2.40GHz
stepping	: 2
microcode	: 0x43
cpu MHz		: 1498.828
cache size	: 20480 KB
physical id	: 1
siblings	: 16
core id		: 3
cpu cores	: 8
apicid		: 22
initial apicid	: 22
fpu		: yes
fpu_exception	: yes
cpuid level	: 15
wp		: yes
flags		: fpu vme de pse tsc msr pae mce cx8 apic sep mtrr pge mca cmov pat pse36 clflush dts acpi mmx fxsr sse sse2 ss ht tm pbe syscall nx pdpe1gb rdtscp lm constant_tsc arch_perfmon pebs bts rep_good nopl xtopology nonstop_tsc aperfmperf eagerfpu pni pclmulqdq dtes64 monitor ds_cpl vmx smx est tm2 ssse3 sdbg fma cx16 xtpr pdcm pcid dca sse4_1 sse4_2 x2apic movbe popcnt tsc_deadline_timer aes xsave avx f16c rdrand lahf_lm abm epb intel_ppin ssbd ibrs ibpb stibp tpr_shadow vnmi flexpriority ept vpid fsgsbase tsc_adjust bmi1 avx2 smep bmi2 erms invpcid cqm xsaveopt cqm_llc cqm_occup_llc dtherm ida arat pln pts md_clear spec_ctrl intel_stibp flush_l1d
bogomips	: 4793.27
clflush size	: 64
cache_alignment	: 64
address sizes	: 46 bits physical, 48 bits virtual
power management:

processor	: 12
vendor_id	: GenuineIntel
cpu family	: 6
model		: 63
model name	: Intel(R) Xeon(R) CPU E5-2630 v3 @ 2.40GHz
stepping	: 2
microcode	: 0x43
cpu MHz		: 1397.900
cache size	: 20480 KB
physical id	: 1
siblings	: 16
core id		: 4
cpu cores	: 8
apicid		: 24
initial apicid	: 24
fpu		: yes
fpu_exception	: yes
cpuid level	: 15
wp		: yes
flags		: fpu vme de pse tsc msr pae mce cx8 apic sep mtrr pge mca cmov pat pse36 clflush dts acpi mmx fxsr sse sse2 ss ht tm pbe syscall nx pdpe1gb rdtscp lm constant_tsc arch_perfmon pebs bts rep_good nopl xtopology nonstop_tsc aperfmperf eagerfpu pni pclmulqdq dtes64 monitor ds_cpl vmx smx est tm2 ssse3 sdbg fma cx16 xtpr pdcm pcid dca sse4_1 sse4_2 x2apic movbe popcnt tsc_deadline_timer aes xsave avx f16c rdrand lahf_lm abm epb intel_ppin ssbd ibrs ibpb stibp tpr_shadow vnmi flexpriority ept vpid fsgsbase tsc_adjust bmi1 avx2 smep bmi2 erms invpcid cqm xsaveopt cqm_llc cqm_occup_llc dtherm ida arat pln pts md_clear spec_ctrl intel_stibp flush_l1d
bogomips	: 4793.27
clflush size	: 64
cache_alignment	: 64
address sizes	: 46 bits physical, 48 bits virtual
power management:

processor	: 13
vendor_id	: GenuineIntel
cpu family	: 6
model		: 63
model name	: Intel(R) Xeon(R) CPU E5-2630 v3 @ 2.40GHz
stepping	: 2
microcode	: 0x43
cpu MHz		: 2399.853
cache size	: 20480 KB
physical id	: 1
siblings	: 16
core id		: 5
cpu cores	: 8
apicid		: 26
initial apicid	: 26
fpu		: yes
fpu_exception	: yes
cpuid level	: 15
wp		: yes
flags		: fpu vme de pse tsc msr pae mce cx8 apic sep mtrr pge mca cmov pat pse36 clflush dts acpi mmx fxsr sse sse2 ss ht tm pbe syscall nx pdpe1gb rdtscp lm constant_tsc arch_perfmon pebs bts rep_good nopl xtopology nonstop_tsc aperfmperf eagerfpu pni pclmulqdq dtes64 monitor ds_cpl vmx smx est tm2 ssse3 sdbg fma cx16 xtpr pdcm pcid dca sse4_1 sse4_2 x2apic movbe popcnt tsc_deadline_timer aes xsave avx f16c rdrand lahf_lm abm epb intel_ppin ssbd ibrs ibpb stibp tpr_shadow vnmi flexpriority ept vpid fsgsbase tsc_adjust bmi1 avx2 smep bmi2 erms invpcid cqm xsaveopt cqm_llc cqm_occup_llc dtherm ida arat pln pts md_clear spec_ctrl intel_stibp flush_l1d
bogomips	: 4793.27
clflush size	: 64
cache_alignment	: 64
address sizes	: 46 bits physical, 48 bits virtual
power management:

processor	: 14
vendor_id	: GenuineIntel
cpu family	: 6
model		: 63
model name	: Intel(R) Xeon(R) CPU E5-2630 v3 @ 2.40GHz
stepping	: 2
microcode	: 0x43
cpu MHz		: 1340.478
cache size	: 20480 KB
physical id	: 1
siblings	: 16
core id		: 6
cpu cores	: 8
apicid		: 28
initial apicid	: 28
fpu		: yes
fpu_exception	: yes
cpuid level	: 15
wp		: yes
flags		: fpu vme de pse tsc msr pae mce cx8 apic sep mtrr pge mca cmov pat pse36 clflush dts acpi mmx fxsr sse sse2 ss ht tm pbe syscall nx pdpe1gb rdtscp lm constant_tsc arch_perfmon pebs bts rep_good nopl xtopology nonstop_tsc aperfmperf eagerfpu pni pclmulqdq dtes64 monitor ds_cpl vmx smx est tm2 ssse3 sdbg fma cx16 xtpr pdcm pcid dca sse4_1 sse4_2 x2apic movbe popcnt tsc_deadline_timer aes xsave avx f16c rdrand lahf_lm abm epb intel_ppin ssbd ibrs ibpb stibp tpr_shadow vnmi flexpriority ept vpid fsgsbase tsc_adjust bmi1 avx2 smep bmi2 erms invpcid cqm xsaveopt cqm_llc cqm_occup_llc dtherm ida arat pln pts md_clear spec_ctrl intel_stibp flush_l1d
bogomips	: 4793.27
clflush size	: 64
cache_alignment	: 64
address sizes	: 46 bits physical, 48 bits virtual
power management:

processor	: 15
vendor_id	: GenuineIntel
cpu family	: 6
model		: 63
model name	: Intel(R) Xeon(R) CPU E5-2630 v3 @ 2.40GHz
stepping	: 2
microcode	: 0x43
cpu MHz		: 1279.687
cache size	: 20480 KB
physical id	: 1
siblings	: 16
core id		: 7
cpu cores	: 8
apicid		: 30
initial apicid	: 30
fpu		: yes
fpu_exception	: yes
cpuid level	: 15
wp		: yes
flags		: fpu vme de pse tsc msr pae mce cx8 apic sep mtrr pge mca cmov pat pse36 clflush dts acpi mmx fxsr sse sse2 ss ht tm pbe syscall nx pdpe1gb rdtscp lm constant_tsc arch_perfmon pebs bts rep_good nopl xtopology nonstop_tsc aperfmperf eagerfpu pni pclmulqdq dtes64 monitor ds_cpl vmx smx est tm2 ssse3 sdbg fma cx16 xtpr pdcm pcid dca sse4_1 sse4_2 x2apic movbe popcnt tsc_deadline_timer aes xsave avx f16c rdrand lahf_lm abm epb intel_ppin ssbd ibrs ibpb stibp tpr_shadow vnmi flexpriority ept vpid fsgsbase tsc_adjust bmi1 avx2 smep bmi2 erms invpcid cqm xsaveopt cqm_llc cqm_occup_llc dtherm ida arat pln pts md_clear spec_ctrl intel_stibp flush_l1d
bogomips	: 4793.27
clflush size	: 64
cache_alignment	: 64
address sizes	: 46 bits physical, 48 bits virtual
power management:

processor	: 16
vendor_id	: GenuineIntel
cpu family	: 6
model		: 63
model name	: Intel(R) Xeon(R) CPU E5-2630 v3 @ 2.40GHz
stepping	: 2
microcode	: 0x43
cpu MHz		: 1511.718
cache size	: 20480 KB
physical id	: 0
siblings	: 16
core id		: 0
cpu cores	: 8
apicid		: 1
initial apicid	: 1
fpu		: yes
fpu_exception	: yes
cpuid level	: 15
wp		: yes
flags		: fpu vme de pse tsc msr pae mce cx8 apic sep mtrr pge mca cmov pat pse36 clflush dts acpi mmx fxsr sse sse2 ss ht tm pbe syscall nx pdpe1gb rdtscp lm constant_tsc arch_perfmon pebs bts rep_good nopl xtopology nonstop_tsc aperfmperf eagerfpu pni pclmulqdq dtes64 monitor ds_cpl vmx smx est tm2 ssse3 sdbg fma cx16 xtpr pdcm pcid dca sse4_1 sse4_2 x2apic movbe popcnt tsc_deadline_timer aes xsave avx f16c rdrand lahf_lm abm epb intel_ppin ssbd ibrs ibpb stibp tpr_shadow vnmi flexpriority ept vpid fsgsbase tsc_adjust bmi1 avx2 smep bmi2 erms invpcid cqm xsaveopt cqm_llc cqm_occup_llc dtherm ida arat pln pts md_clear spec_ctrl intel_stibp flush_l1d
bogomips	: 4788.16
clflush size	: 64
cache_alignment	: 64
address sizes	: 46 bits physical, 48 bits virtual
power management:

processor	: 17
vendor_id	: GenuineIntel
cpu family	: 6
model		: 63
model name	: Intel(R) Xeon(R) CPU E5-2630 v3 @ 2.40GHz
stepping	: 2
microcode	: 0x43
cpu MHz		: 1238.671
cache size	: 20480 KB
physical id	: 0
siblings	: 16
core id		: 1
cpu cores	: 8
apicid		: 3
initial apicid	: 3
fpu		: yes
fpu_exception	: yes
cpuid level	: 15
wp		: yes
flags		: fpu vme de pse tsc msr pae mce cx8 apic sep mtrr pge mca cmov pat pse36 clflush dts acpi mmx fxsr sse sse2 ss ht tm pbe syscall nx pdpe1gb rdtscp lm constant_tsc arch_perfmon pebs bts rep_good nopl xtopology nonstop_tsc aperfmperf eagerfpu pni pclmulqdq dtes64 monitor ds_cpl vmx smx est tm2 ssse3 sdbg fma cx16 xtpr pdcm pcid dca sse4_1 sse4_2 x2apic movbe popcnt tsc_deadline_timer aes xsave avx f16c rdrand lahf_lm abm epb intel_ppin ssbd ibrs ibpb stibp tpr_shadow vnmi flexpriority ept vpid fsgsbase tsc_adjust bmi1 avx2 smep bmi2 erms invpcid cqm xsaveopt cqm_llc cqm_occup_llc dtherm ida arat pln pts md_clear spec_ctrl intel_stibp flush_l1d
bogomips	: 4788.16
clflush size	: 64
cache_alignment	: 64
address sizes	: 46 bits physical, 48 bits virtual
power management:

processor	: 18
vendor_id	: GenuineIntel
cpu family	: 6
model		: 63
model name	: Intel(R) Xeon(R) CPU E5-2630 v3 @ 2.40GHz
stepping	: 2
microcode	: 0x43
cpu MHz		: 1334.765
cache size	: 20480 KB
physical id	: 0
siblings	: 16
core id		: 2
cpu cores	: 8
apicid		: 5
initial apicid	: 5
fpu		: yes
fpu_exception	: yes
cpuid level	: 15
wp		: yes
flags		: fpu vme de pse tsc msr pae mce cx8 apic sep mtrr pge mca cmov pat pse36 clflush dts acpi mmx fxsr sse sse2 ss ht tm pbe syscall nx pdpe1gb rdtscp lm constant_tsc arch_perfmon pebs bts rep_good nopl xtopology nonstop_tsc aperfmperf eagerfpu pni pclmulqdq dtes64 monitor ds_cpl vmx smx est tm2 ssse3 sdbg fma cx16 xtpr pdcm pcid dca sse4_1 sse4_2 x2apic movbe popcnt tsc_deadline_timer aes xsave avx f16c rdrand lahf_lm abm epb intel_ppin ssbd ibrs ibpb stibp tpr_shadow vnmi flexpriority ept vpid fsgsbase tsc_adjust bmi1 avx2 smep bmi2 erms invpcid cqm xsaveopt cqm_llc cqm_occup_llc dtherm ida arat pln pts md_clear spec_ctrl intel_stibp flush_l1d
bogomips	: 4788.16
clflush size	: 64
cache_alignment	: 64
address sizes	: 46 bits physical, 48 bits virtual
power management:

processor	: 19
vendor_id	: GenuineIntel
cpu family	: 6
model		: 63
model name	: Intel(R) Xeon(R) CPU E5-2630 v3 @ 2.40GHz
stepping	: 2
microcode	: 0x43
cpu MHz		: 1573.535
cache size	: 20480 KB
physical id	: 0
siblings	: 16
core id		: 3
cpu cores	: 8
apicid		: 7
initial apicid	: 7
fpu		: yes
fpu_exception	: yes
cpuid level	: 15
wp		: yes
flags		: fpu vme de pse tsc msr pae mce cx8 apic sep mtrr pge mca cmov pat pse36 clflush dts acpi mmx fxsr sse sse2 ss ht tm pbe syscall nx pdpe1gb rdtscp lm constant_tsc arch_perfmon pebs bts rep_good nopl xtopology nonstop_tsc aperfmperf eagerfpu pni pclmulqdq dtes64 monitor ds_cpl vmx smx est tm2 ssse3 sdbg fma cx16 xtpr pdcm pcid dca sse4_1 sse4_2 x2apic movbe popcnt tsc_deadline_timer aes xsave avx f16c rdrand lahf_lm abm epb intel_ppin ssbd ibrs ibpb stibp tpr_shadow vnmi flexpriority ept vpid fsgsbase tsc_adjust bmi1 avx2 smep bmi2 erms invpcid cqm xsaveopt cqm_llc cqm_occup_llc dtherm ida arat pln pts md_clear spec_ctrl intel_stibp flush_l1d
bogomips	: 4788.16
clflush size	: 64
cache_alignment	: 64
address sizes	: 46 bits physical, 48 bits virtual
power management:

processor	: 20
vendor_id	: GenuineIntel
cpu family	: 6
model		: 63
model name	: Intel(R) Xeon(R) CPU E5-2630 v3 @ 2.40GHz
stepping	: 2
microcode	: 0x43
cpu MHz		: 1392.480
cache size	: 20480 KB
physical id	: 0
siblings	: 16
core id		: 4
cpu cores	: 8
apicid		: 9
initial apicid	: 9
fpu		: yes
fpu_exception	: yes
cpuid level	: 15
wp		: yes
flags		: fpu vme de pse tsc msr pae mce cx8 apic sep mtrr pge mca cmov pat pse36 clflush dts acpi mmx fxsr sse sse2 ss ht tm pbe syscall nx pdpe1gb rdtscp lm constant_tsc arch_perfmon pebs bts rep_good nopl xtopology nonstop_tsc aperfmperf eagerfpu pni pclmulqdq dtes64 monitor ds_cpl vmx smx est tm2 ssse3 sdbg fma cx16 xtpr pdcm pcid dca sse4_1 sse4_2 x2apic movbe popcnt tsc_deadline_timer aes xsave avx f16c rdrand lahf_lm abm epb intel_ppin ssbd ibrs ibpb stibp tpr_shadow vnmi flexpriority ept vpid fsgsbase tsc_adjust bmi1 avx2 smep bmi2 erms invpcid cqm xsaveopt cqm_llc cqm_occup_llc dtherm ida arat pln pts md_clear spec_ctrl intel_stibp flush_l1d
bogomips	: 4788.16
clflush size	: 64
cache_alignment	: 64
address sizes	: 46 bits physical, 48 bits virtual
power management:

processor	: 21
vendor_id	: GenuineIntel
cpu family	: 6
model		: 63
model name	: Intel(R) Xeon(R) CPU E5-2630 v3 @ 2.40GHz
stepping	: 2
microcode	: 0x43
cpu MHz		: 1232.958
cache size	: 20480 KB
physical id	: 0
siblings	: 16
core id		: 5
cpu cores	: 8
apicid		: 11
initial apicid	: 11
fpu		: yes
fpu_exception	: yes
cpuid level	: 15
wp		: yes
flags		: fpu vme de pse tsc msr pae mce cx8 apic sep mtrr pge mca cmov pat pse36 clflush dts acpi mmx fxsr sse sse2 ss ht tm pbe syscall nx pdpe1gb rdtscp lm constant_tsc arch_perfmon pebs bts rep_good nopl xtopology nonstop_tsc aperfmperf eagerfpu pni pclmulqdq dtes64 monitor ds_cpl vmx smx est tm2 ssse3 sdbg fma cx16 xtpr pdcm pcid dca sse4_1 sse4_2 x2apic movbe popcnt tsc_deadline_timer aes xsave avx f16c rdrand lahf_lm abm epb intel_ppin ssbd ibrs ibpb stibp tpr_shadow vnmi flexpriority ept vpid fsgsbase tsc_adjust bmi1 avx2 smep bmi2 erms invpcid cqm xsaveopt cqm_llc cqm_occup_llc dtherm ida arat pln pts md_clear spec_ctrl intel_stibp flush_l1d
bogomips	: 4788.16
clflush size	: 64
cache_alignment	: 64
address sizes	: 46 bits physical, 48 bits virtual
power management:

processor	: 22
vendor_id	: GenuineIntel
cpu family	: 6
model		: 63
model name	: Intel(R) Xeon(R) CPU E5-2630 v3 @ 2.40GHz
stepping	: 2
microcode	: 0x43
cpu MHz		: 1220.947
cache size	: 20480 KB
physical id	: 0
siblings	: 16
core id		: 6
cpu cores	: 8
apicid		: 13
initial apicid	: 13
fpu		: yes
fpu_exception	: yes
cpuid level	: 15
wp		: yes
flags		: fpu vme de pse tsc msr pae mce cx8 apic sep mtrr pge mca cmov pat pse36 clflush dts acpi mmx fxsr sse sse2 ss ht tm pbe syscall nx pdpe1gb rdtscp lm constant_tsc arch_perfmon pebs bts rep_good nopl xtopology nonstop_tsc aperfmperf eagerfpu pni pclmulqdq dtes64 monitor ds_cpl vmx smx est tm2 ssse3 sdbg fma cx16 xtpr pdcm pcid dca sse4_1 sse4_2 x2apic movbe popcnt tsc_deadline_timer aes xsave avx f16c rdrand lahf_lm abm epb intel_ppin ssbd ibrs ibpb stibp tpr_shadow vnmi flexpriority ept vpid fsgsbase tsc_adjust bmi1 avx2 smep bmi2 erms invpcid cqm xsaveopt cqm_llc cqm_occup_llc dtherm ida arat pln pts md_clear spec_ctrl intel_stibp flush_l1d
bogomips	: 4788.16
clflush size	: 64
cache_alignment	: 64
address sizes	: 46 bits physical, 48 bits virtual
power management:

processor	: 23
vendor_id	: GenuineIntel
cpu family	: 6
model		: 63
model name	: Intel(R) Xeon(R) CPU E5-2630 v3 @ 2.40GHz
stepping	: 2
microcode	: 0x43
cpu MHz		: 1275.878
cache size	: 20480 KB
physical id	: 0
siblings	: 16
core id		: 7
cpu cores	: 8
apicid		: 15
initial apicid	: 15
fpu		: yes
fpu_exception	: yes
cpuid level	: 15
wp		: yes
flags		: fpu vme de pse tsc msr pae mce cx8 apic sep mtrr pge mca cmov pat pse36 clflush dts acpi mmx fxsr sse sse2 ss ht tm pbe syscall nx pdpe1gb rdtscp lm constant_tsc arch_perfmon pebs bts rep_good nopl xtopology nonstop_tsc aperfmperf eagerfpu pni pclmulqdq dtes64 monitor ds_cpl vmx smx est tm2 ssse3 sdbg fma cx16 xtpr pdcm pcid dca sse4_1 sse4_2 x2apic movbe popcnt tsc_deadline_timer aes xsave avx f16c rdrand lahf_lm abm epb intel_ppin ssbd ibrs ibpb stibp tpr_shadow vnmi flexpriority ept vpid fsgsbase tsc_adjust bmi1 avx2 smep bmi2 erms invpcid cqm xsaveopt cqm_llc cqm_occup_llc dtherm ida arat pln pts md_clear spec_ctrl intel_stibp flush_l1d
bogomips	: 4788.16
clflush size	: 64
cache_alignment	: 64
address sizes	: 46 bits physical, 48 bits virtual
power management:

processor	: 24
vendor_id	: GenuineIntel
cpu family	: 6
model		: 63
model name	: Intel(R) Xeon(R) CPU E5-2630 v3 @ 2.40GHz
stepping	: 2
microcode	: 0x43
cpu MHz		: 1999.804
cache size	: 20480 KB
physical id	: 1
siblings	: 16
core id		: 0
cpu cores	: 8
apicid		: 17
initial apicid	: 17
fpu		: yes
fpu_exception	: yes
cpuid level	: 15
wp		: yes
flags		: fpu vme de pse tsc msr pae mce cx8 apic sep mtrr pge mca cmov pat pse36 clflush dts acpi mmx fxsr sse sse2 ss ht tm pbe syscall nx pdpe1gb rdtscp lm constant_tsc arch_perfmon pebs bts rep_good nopl xtopology nonstop_tsc aperfmperf eagerfpu pni pclmulqdq dtes64 monitor ds_cpl vmx smx est tm2 ssse3 sdbg fma cx16 xtpr pdcm pcid dca sse4_1 sse4_2 x2apic movbe popcnt tsc_deadline_timer aes xsave avx f16c rdrand lahf_lm abm epb intel_ppin ssbd ibrs ibpb stibp tpr_shadow vnmi flexpriority ept vpid fsgsbase tsc_adjust bmi1 avx2 smep bmi2 erms invpcid cqm xsaveopt cqm_llc cqm_occup_llc dtherm ida arat pln pts md_clear spec_ctrl intel_stibp flush_l1d
bogomips	: 4793.27
clflush size	: 64
cache_alignment	: 64
address sizes	: 46 bits physical, 48 bits virtual
power management:

processor	: 25
vendor_id	: GenuineIntel
cpu family	: 6
model		: 63
model name	: Intel(R) Xeon(R) CPU E5-2630 v3 @ 2.40GHz
stepping	: 2
microcode	: 0x43
cpu MHz		: 1682.958
cache size	: 20480 KB
physical id	: 1
siblings	: 16
core id		: 1
cpu cores	: 8
apicid		: 19
initial apicid	: 19
fpu		: yes
fpu_exception	: yes
cpuid level	: 15
wp		: yes
flags		: fpu vme de pse tsc msr pae mce cx8 apic sep mtrr pge mca cmov pat pse36 clflush dts acpi mmx fxsr sse sse2 ss ht tm pbe syscall nx pdpe1gb rdtscp lm constant_tsc arch_perfmon pebs bts rep_good nopl xtopology nonstop_tsc aperfmperf eagerfpu pni pclmulqdq dtes64 monitor ds_cpl vmx smx est tm2 ssse3 sdbg fma cx16 xtpr pdcm pcid dca sse4_1 sse4_2 x2apic movbe popcnt tsc_deadline_timer aes xsave avx f16c rdrand lahf_lm abm epb intel_ppin ssbd ibrs ibpb stibp tpr_shadow vnmi flexpriority ept vpid fsgsbase tsc_adjust bmi1 avx2 smep bmi2 erms invpcid cqm xsaveopt cqm_llc cqm_occup_llc dtherm ida arat pln pts md_clear spec_ctrl intel_stibp flush_l1d
bogomips	: 4793.27
clflush size	: 64
cache_alignment	: 64
address sizes	: 46 bits physical, 48 bits virtual
power management:

processor	: 26
vendor_id	: GenuineIntel
cpu family	: 6
model		: 63
model name	: Intel(R) Xeon(R) CPU E5-2630 v3 @ 2.40GHz
stepping	: 2
microcode	: 0x43
cpu MHz		: 1713.867
cache size	: 20480 KB
physical id	: 1
siblings	: 16
core id		: 2
cpu cores	: 8
apicid		: 21
initial apicid	: 21
fpu		: yes
fpu_exception	: yes
cpuid level	: 15
wp		: yes
flags		: fpu vme de pse tsc msr pae mce cx8 apic sep mtrr pge mca cmov pat pse36 clflush dts acpi mmx fxsr sse sse2 ss ht tm pbe syscall nx pdpe1gb rdtscp lm constant_tsc arch_perfmon pebs bts rep_good nopl xtopology nonstop_tsc aperfmperf eagerfpu pni pclmulqdq dtes64 monitor ds_cpl vmx smx est tm2 ssse3 sdbg fma cx16 xtpr pdcm pcid dca sse4_1 sse4_2 x2apic movbe popcnt tsc_deadline_timer aes xsave avx f16c rdrand lahf_lm abm epb intel_ppin ssbd ibrs ibpb stibp tpr_shadow vnmi flexpriority ept vpid fsgsbase tsc_adjust bmi1 avx2 smep bmi2 erms invpcid cqm xsaveopt cqm_llc cqm_occup_llc dtherm ida arat pln pts md_clear spec_ctrl intel_stibp flush_l1d
bogomips	: 4793.27
clflush size	: 64
cache_alignment	: 64
address sizes	: 46 bits physical, 48 bits virtual
power management:

processor	: 27
vendor_id	: GenuineIntel
cpu family	: 6
model		: 63
model name	: Intel(R) Xeon(R) CPU E5-2630 v3 @ 2.40GHz
stepping	: 2
microcode	: 0x43
cpu MHz		: 1533.544
cache size	: 20480 KB
physical id	: 1
siblings	: 16
core id		: 3
cpu cores	: 8
apicid		: 23
initial apicid	: 23
fpu		: yes
fpu_exception	: yes
cpuid level	: 15
wp		: yes
flags		: fpu vme de pse tsc msr pae mce cx8 apic sep mtrr pge mca cmov pat pse36 clflush dts acpi mmx fxsr sse sse2 ss ht tm pbe syscall nx pdpe1gb rdtscp lm constant_tsc arch_perfmon pebs bts rep_good nopl xtopology nonstop_tsc aperfmperf eagerfpu pni pclmulqdq dtes64 monitor ds_cpl vmx smx est tm2 ssse3 sdbg fma cx16 xtpr pdcm pcid dca sse4_1 sse4_2 x2apic movbe popcnt tsc_deadline_timer aes xsave avx f16c rdrand lahf_lm abm epb intel_ppin ssbd ibrs ibpb stibp tpr_shadow vnmi flexpriority ept vpid fsgsbase tsc_adjust bmi1 avx2 smep bmi2 erms invpcid cqm xsaveopt cqm_llc cqm_occup_llc dtherm ida arat pln pts md_clear spec_ctrl intel_stibp flush_l1d
bogomips	: 4793.27
clflush size	: 64
cache_alignment	: 64
address sizes	: 46 bits physical, 48 bits virtual
power management:

processor	: 28
vendor_id	: GenuineIntel
cpu family	: 6
model		: 63
model name	: Intel(R) Xeon(R) CPU E5-2630 v3 @ 2.40GHz
stepping	: 2
microcode	: 0x43
cpu MHz		: 1453.271
cache size	: 20480 KB
physical id	: 1
siblings	: 16
core id		: 4
cpu cores	: 8
apicid		: 25
initial apicid	: 25
fpu		: yes
fpu_exception	: yes
cpuid level	: 15
wp		: yes
flags		: fpu vme de pse tsc msr pae mce cx8 apic sep mtrr pge mca cmov pat pse36 clflush dts acpi mmx fxsr sse sse2 ss ht tm pbe syscall nx pdpe1gb rdtscp lm constant_tsc arch_perfmon pebs bts rep_good nopl xtopology nonstop_tsc aperfmperf eagerfpu pni pclmulqdq dtes64 monitor ds_cpl vmx smx est tm2 ssse3 sdbg fma cx16 xtpr pdcm pcid dca sse4_1 sse4_2 x2apic movbe popcnt tsc_deadline_timer aes xsave avx f16c rdrand lahf_lm abm epb intel_ppin ssbd ibrs ibpb stibp tpr_shadow vnmi flexpriority ept vpid fsgsbase tsc_adjust bmi1 avx2 smep bmi2 erms invpcid cqm xsaveopt cqm_llc cqm_occup_llc dtherm ida arat pln pts md_clear spec_ctrl intel_stibp flush_l1d
bogomips	: 4793.27
clflush size	: 64
cache_alignment	: 64
address sizes	: 46 bits physical, 48 bits virtual
power management:

processor	: 29
vendor_id	: GenuineIntel
cpu family	: 6
model		: 63
model name	: Intel(R) Xeon(R) CPU E5-2630 v3 @ 2.40GHz
stepping	: 2
microcode	: 0x43
cpu MHz		: 2399.853
cache size	: 20480 KB
physical id	: 1
siblings	: 16
core id		: 5
cpu cores	: 8
apicid		: 27
initial apicid	: 27
fpu		: yes
fpu_exception	: yes
cpuid level	: 15
wp		: yes
flags		: fpu vme de pse tsc msr pae mce cx8 apic sep mtrr pge mca cmov pat pse36 clflush dts acpi mmx fxsr sse sse2 ss ht tm pbe syscall nx pdpe1gb rdtscp lm constant_tsc arch_perfmon pebs bts rep_good nopl xtopology nonstop_tsc aperfmperf eagerfpu pni pclmulqdq dtes64 monitor ds_cpl vmx smx est tm2 ssse3 sdbg fma cx16 xtpr pdcm pcid dca sse4_1 sse4_2 x2apic movbe popcnt tsc_deadline_timer aes xsave avx f16c rdrand lahf_lm abm epb intel_ppin ssbd ibrs ibpb stibp tpr_shadow vnmi flexpriority ept vpid fsgsbase tsc_adjust bmi1 avx2 smep bmi2 erms invpcid cqm xsaveopt cqm_llc cqm_occup_llc dtherm ida arat pln pts md_clear spec_ctrl intel_stibp flush_l1d
bogomips	: 4793.27
clflush size	: 64
cache_alignment	: 64
address sizes	: 46 bits physical, 48 bits virtual
power management:

processor	: 30
vendor_id	: GenuineIntel
cpu family	: 6
model		: 63
model name	: Intel(R) Xeon(R) CPU E5-2630 v3 @ 2.40GHz
stepping	: 2
microcode	: 0x43
cpu MHz		: 1392.333
cache size	: 20480 KB
physical id	: 1
siblings	: 16
core id		: 6
cpu cores	: 8
apicid		: 29
initial apicid	: 29
fpu		: yes
fpu_exception	: yes
cpuid level	: 15
wp		: yes
flags		: fpu vme de pse tsc msr pae mce cx8 apic sep mtrr pge mca cmov pat pse36 clflush dts acpi mmx fxsr sse sse2 ss ht tm pbe syscall nx pdpe1gb rdtscp lm constant_tsc arch_perfmon pebs bts rep_good nopl xtopology nonstop_tsc aperfmperf eagerfpu pni pclmulqdq dtes64 monitor ds_cpl vmx smx est tm2 ssse3 sdbg fma cx16 xtpr pdcm pcid dca sse4_1 sse4_2 x2apic movbe popcnt tsc_deadline_timer aes xsave avx f16c rdrand lahf_lm abm epb intel_ppin ssbd ibrs ibpb stibp tpr_shadow vnmi flexpriority ept vpid fsgsbase tsc_adjust bmi1 avx2 smep bmi2 erms invpcid cqm xsaveopt cqm_llc cqm_occup_llc dtherm ida arat pln pts md_clear spec_ctrl intel_stibp flush_l1d
bogomips	: 4793.27
clflush size	: 64
cache_alignment	: 64
address sizes	: 46 bits physical, 48 bits virtual
power management:

processor	: 31
vendor_id	: GenuineIntel
cpu family	: 6
model		: 63
model name	: Intel(R) Xeon(R) CPU E5-2630 v3 @ 2.40GHz
stepping	: 2
microcode	: 0x43
cpu MHz		: 1425.439
cache size	: 20480 KB
physical id	: 1
siblings	: 16
core id		: 7
cpu cores	: 8
apicid		: 31
initial apicid	: 31
fpu		: yes
fpu_exception	: yes
cpuid level	: 15
wp		: yes
flags		: fpu vme de pse tsc msr pae mce cx8 apic sep mtrr pge mca cmov pat pse36 clflush dts acpi mmx fxsr sse sse2 ss ht tm pbe syscall nx pdpe1gb rdtscp lm constant_tsc arch_perfmon pebs bts rep_good nopl xtopology nonstop_tsc aperfmperf eagerfpu pni pclmulqdq dtes64 monitor ds_cpl vmx smx est tm2 ssse3 sdbg fma cx16 xtpr pdcm pcid dca sse4_1 sse4_2 x2apic movbe popcnt tsc_deadline_timer aes xsave avx f16c rdrand lahf_lm abm epb intel_ppin ssbd ibrs ibpb stibp tpr_shadow vnmi flexpriority ept vpid fsgsbase tsc_adjust bmi1 avx2 smep bmi2 erms invpcid cqm xsaveopt cqm_llc cqm_occup_llc dtherm ida arat pln pts md_clear spec_ctrl intel_stibp flush_l1d
bogomips	: 4793.27
clflush size	: 64
cache_alignment	: 64
address sizes	: 46 bits physical, 48 bits virtual
power management:



Memory: 4k page, physical 263864180k(3372280k free), swap 0k(0k free)

vm_info: OpenJDK 64-Bit Server VM (25.212-b04) for linux-amd64 JRE (1.8.0_212-b04), built on Aug 12 2019 13:15:31 by "buildozer" with gcc 6.4.0

time: Sun Oct 13 20:05:09 2019
timezone: UTC
elapsed time: 21 seconds (0d 0h 0m 21s)

