#
# A fatal error has been detected by the Java Runtime Environment:
#
#  SIGSEGV (0xb) at pc=0x00007f5eeb823810, pid=653, tid=0x00007f5ecf407ae0
#
# JRE version: OpenJDK Runtime Environment (8.0_212-b04) (build 1.8.0_212-b04)
# Java VM: OpenJDK 64-Bit Server VM (25.212-b04 mixed mode linux-amd64 compressed oops)
# Derivative: IcedTea 3.12.0
# Distribution: Custom build (Mon Aug 12 12:56:32 UTC 2019)
# Problematic frame:
# C  [ld-musl-x86_64.so.1+0x53810]  pthread_setname_np+0x5e
#
# Core dump written. Default location: /workdir/hadoop-hdds/common/core or core.653
#
# If you would like to submit a bug report, please include
# instructions on how to reproduce the bug and visit:
#   https://icedtea.classpath.org/bugzilla
#

---------------  T H R E A D  ---------------

Current thread is native thread

siginfo: si_signo: 11 (SIGSEGV), si_code: 1 (SEGV_MAPERR), si_addr: 0x0000000000000038

Registers:
RAX=0x00007f5ecf407ae0, RBX=0x0000000000000022, RCX=0x0000000000000000, RDX=0x0000000000000000
RSP=0x00007f5ecf407680, RBP=0x0000000000000000, RSI=0x0000000000000000, RDI=0xff73725e6f6c7463
R8 =0x0000000000000000, R9 =0x8080808080808080, R10=0xfefefefefefefeff, R11=0x0000000000000212
R12=0x00005600aedf77f8, R13=0x000000000000000f, R14=0x00007f5ecf407ae0, R15=0x00007f5eeba5cae8
RIP=0x00007f5eeb823810, EFLAGS=0x0000000000010202, CSGSFS=0x0000000000000033, ERR=0x0000000000000004
  TRAPNO=0x000000000000000e

Top of Stack: (sp=0x00007f5ecf407680)
0x00007f5ecf407680:   0000000000000000 0000000000000000
0x00007f5ecf407690:   0000000000000000 0000000000000000
0x00007f5ecf4076a0:   0000000000000000 0000000000000000
0x00007f5ecf4076b0:   0000000000000000 00005600aee9b080
0x00007f5ecf4076c0:   00007f5ecf407710 0000000000000000
0x00007f5ecf4076d0:   00005600aee9b0c0 00007f5ecfc82ec9
0x00007f5ecf4076e0:   0000000000000000 00005600aeeb5fa0
0x00007f5ecf4076f0:   0000000000000000 00007f5ecf407760
0x00007f5ecf407700:   00007f5ecf407ae0 00007f5eeba5cae8
0x00007f5ecf407710:   0000000000000000 00007f5eea653f41
0x00007f5ecf407720:   0000000000000000 00007f5ecf407ae0
0x00007f5ecf407730:   0000000000000000 00007f5eeb8226c2
0x00007f5ecf407740:   0000000000000000 0000000000000000
0x00007f5ecf407750:   0000000000017000 00007f5eeb8245b1
0x00007f5ecf407760:   0000000000000002 00007f5ecf407ac0
0x00007f5ecf407770:   00007f5ecf407790 0000000000000000
0x00007f5ecf407780:   0000000000000000 0000000000000000
0x00007f5ecf407790:   0000000000000002 0000000000000000
0x00007f5ecf4077a0:   0000000000000000 0000000000000000
0x00007f5ecf4077b0:   0000000000000000 0000000000000000
0x00007f5ecf4077c0:   0000000000000000 0000000000000000
0x00007f5ecf4077d0:   0000000000000000 0000000000000000
0x00007f5ecf4077e0:   0000000000000000 0000000000000000
0x00007f5ecf4077f0:   0000000000000000 0000000000000000
0x00007f5ecf407800:   0000000000000000 0000000000000000
0x00007f5ecf407810:   0000000000000000 0000000000000000
0x00007f5ecf407820:   0000000000000000 0000000000000000
0x00007f5ecf407830:   0000000000000000 0000000000000000
0x00007f5ecf407840:   0000000000000000 0000000000000000
0x00007f5ecf407850:   0000000000000000 0000000000000000
0x00007f5ecf407860:   0000000000000000 0000000000000000
0x00007f5ecf407870:   0000000000000000 0000000000000000 

Instructions: (pc=0x00007f5eeb823810)
0x00007f5eeb8237f0:   31 d2 31 c0 4c 89 e6 bf 0f 00 00 00 e8 65 d8 fc
0x00007f5eeb823800:   ff 85 c0 89 c3 74 7e e8 25 a7 fc ff 8b 18 eb 75
0x00007f5eeb823810:   8b 4d 38 48 8d 5c 24 0e 48 8d 15 f2 92 03 00 be
0x00007f5eeb823820:   22 00 00 00 31 c0 48 89 df e8 35 68 ff ff 48 8d 

Register to memory mapping:

RAX=0x00007f5ecf407ae0 is an unknown value
RBX=0x0000000000000022 is an unknown value
RCX=0x0000000000000000 is an unknown value
RDX=0x0000000000000000 is an unknown value
RSP=0x00007f5ecf407680 is an unknown value
RBP=0x0000000000000000 is an unknown value
RSI=0x0000000000000000 is an unknown value
RDI=0xff73725e6f6c7463 is an unknown value
R8 =0x0000000000000000 is an unknown value
R9 =0x8080808080808080 is an unknown value
R10=0xfefefefefefefeff is an unknown value
R11=0x0000000000000212 is an unknown value
R12=0x00005600aedf77f8 is an unknown value
R13=0x000000000000000f is an unknown value
R14=0x00007f5ecf407ae0 is an unknown value
R15=0x00007f5eeba5cae8: __utc+0x1fff68 in /lib/ld-musl-x86_64.so.1 at 0x00007f5eeb7d0000


Stack: [0x00007f5ecf3f3000,0x00007f5ecf407760],  sp=0x00007f5ecf407680,  free space=81k
Native frames: (J=compiled Java code, j=interpreted, Vv=VM code, C=native code)
C  [ld-musl-x86_64.so.1+0x53810]  pthread_setname_np+0x5e

[error occurred during error reporting (printing native stack), id 0xb]


---------------  P R O C E S S  ---------------

VM state:not at safepoint (normal execution)

VM Mutex/Monitor currently owned by a thread: None

heap address: 0x0000000080000000, size: 2048 MB, Compressed Oops mode: 32-bit
Narrow klass base: 0x0000000000000000, Narrow klass shift: 3
Compressed class space size: 1073741824 Address: 0x0000000100000000

Heap:
 PSYoungGen      total 611840K, used 83968K [0x00000000d5580000, 0x0000000100000000, 0x0000000100000000)
  eden space 524800K, 16% used [0x00000000d5580000,0x00000000da7800f8,0x00000000f5600000)
  from space 87040K, 0% used [0x00000000fab00000,0x00000000fab00000,0x0000000100000000)
  to   space 87040K, 0% used [0x00000000f5600000,0x00000000f5600000,0x00000000fab00000)
 ParOldGen       total 1398272K, used 0K [0x0000000080000000, 0x00000000d5580000, 0x00000000d5580000)
  object space 1398272K, 0% used [0x0000000080000000,0x0000000080000000,0x00000000d5580000)
 Metaspace       used 11414K, capacity 11598K, committed 11904K, reserved 1060864K
  class space    used 1218K, capacity 1289K, committed 1408K, reserved 1048576K

Card table byte_map: [0x00007f5eda57c000,0x00007f5eda97d000] byte_map_base: 0x00007f5eda17c000

Marking Bits: (ParMarkBitMap*) 0x00007f5eeb38e200
 Begin Bits: [0x00007f5ed60cd000, 0x00007f5ed80cd000)
 End Bits:   [0x00007f5ed80cd000, 0x00007f5eda0cd000)

Polling page: 0x00007f5eeb959000

CodeCache: size=245760Kb used=3293Kb max_used=3304Kb free=242466Kb
 bounds [0x00007f5edad3d000, 0x00007f5edb07d000, 0x00007f5ee9d3d000]
 total_blobs=1299 nmethods=895 adapters=318
 compilation: enabled

Compilation events (10 events):
Event: 6.504 Thread 0x00005600ade65800  892       4       java.util.Arrays::copyOf (19 bytes)
Event: 6.506 Thread 0x00005600ade6d800  893  s    3       java.io.BufferedOutputStream::flush (12 bytes)
Event: 6.507 Thread 0x00005600ade6d800 nmethod 893 0x00007f5edb074a10 code [0x00007f5edb074ba0, 0x00007f5edb075098]
Event: 6.507 Thread 0x00005600ade6d800  894       3       java.io.OutputStream::flush (1 bytes)
Event: 6.507 Thread 0x00005600ade6d800 nmethod 894 0x00007f5edb075210 code [0x00007f5edb075360, 0x00007f5edb0754b0]
Event: 6.507 Thread 0x00005600ade65800 nmethod 892 0x00007f5edb078310 code [0x00007f5edb078460, 0x00007f5edb078658]
Event: 6.509 Thread 0x00005600ade6d800  895       3       java.util.Arrays$ArrayList::get (7 bytes)
Event: 6.509 Thread 0x00005600ade6d800 nmethod 895 0x00007f5edb077f50 code [0x00007f5edb0780c0, 0x00007f5edb078230]
Event: 6.509 Thread 0x00005600ade65800  896       4       java.lang.ThreadLocal::get (38 bytes)
Event: 6.511 Thread 0x00005600ade65800 nmethod 896 0x00007f5edb076550 code [0x00007f5edb0766c0, 0x00007f5edb076818]

GC Heap History (0 events):
No events

Deoptimization events (4 events):
Event: 0.385 Thread 0x00005600add19800 Uncommon trap: reason=unstable_if action=reinterpret pc=0x00007f5edae5d014 method=java.lang.String.indexOf([CII[CIII)I @ 3
Event: 0.532 Thread 0x00005600add19800 Uncommon trap: reason=unstable_if action=reinterpret pc=0x00007f5edaf26eac method=java.lang.AbstractStringBuilder.append(Ljava/lang/String;)Ljava/lang/AbstractStringBuilder; @ 1
Event: 1.233 Thread 0x00005600add19800 Uncommon trap: reason=unstable_if action=reinterpret pc=0x00007f5edaee23a0 method=java.lang.CharacterData.of(I)Ljava/lang/CharacterData; @ 4
Event: 1.238 Thread 0x00005600add19800 Uncommon trap: reason=unstable_if action=reinterpret pc=0x00007f5edaec709c method=sun.nio.cs.UTF_8$Encoder.encode([CII[B)I @ 33

Classes redefined (0 events):
No events

Internal exceptions (10 events):
Event: 1.182 Thread 0x00005600add19800 Exception <a 'java/lang/ArrayIndexOutOfBoundsException'> (0x00000000d9af5bc8) thrown at [/home/buildozer/aports/community/openjdk8/src/icedtea-3.12.0/openjdk/hotspot/src/share/vm/runtime/sharedRuntime.cpp, line 613]
Event: 1.182 Thread 0x00005600add19800 Exception <a 'java/lang/ArrayIndexOutOfBoundsException'> (0x00000000d9af6b28) thrown at [/home/buildozer/aports/community/openjdk8/src/icedtea-3.12.0/openjdk/hotspot/src/share/vm/runtime/sharedRuntime.cpp, line 613]
Event: 1.182 Thread 0x00005600add19800 Exception <a 'java/lang/ArrayIndexOutOfBoundsException'> (0x00000000d9af7cc8) thrown at [/home/buildozer/aports/community/openjdk8/src/icedtea-3.12.0/openjdk/hotspot/src/share/vm/runtime/sharedRuntime.cpp, line 613]
Event: 1.183 Thread 0x00005600add19800 Exception <a 'java/lang/ArrayIndexOutOfBoundsException'> (0x00000000d9af9710) thrown at [/home/buildozer/aports/community/openjdk8/src/icedtea-3.12.0/openjdk/hotspot/src/share/vm/runtime/sharedRuntime.cpp, line 613]
Event: 1.192 Thread 0x00005600add19800 Exception <a 'java/lang/ArrayIndexOutOfBoundsException'> (0x00000000d9b20b90) thrown at [/home/buildozer/aports/community/openjdk8/src/icedtea-3.12.0/openjdk/hotspot/src/share/vm/runtime/sharedRuntime.cpp, line 613]
Event: 1.193 Thread 0x00005600add19800 Exception <a 'java/lang/ArrayIndexOutOfBoundsException'> (0x00000000d9b21fe0) thrown at [/home/buildozer/aports/community/openjdk8/src/icedtea-3.12.0/openjdk/hotspot/src/share/vm/runtime/sharedRuntime.cpp, line 613]
Event: 1.193 Thread 0x00005600add19800 Exception <a 'java/lang/ArrayIndexOutOfBoundsException'> (0x00000000d9b24218) thrown at [/home/buildozer/aports/community/openjdk8/src/icedtea-3.12.0/openjdk/hotspot/src/share/vm/runtime/sharedRuntime.cpp, line 613]
Event: 1.202 Thread 0x00005600add19800 Exception <a 'java/lang/ArrayIndexOutOfBoundsException'> (0x00000000d9b49eb0) thrown at [/home/buildozer/aports/community/openjdk8/src/icedtea-3.12.0/openjdk/hotspot/src/share/vm/runtime/sharedRuntime.cpp, line 613]
Event: 1.207 Thread 0x00005600add19800 Exception <a 'java/lang/ArrayIndexOutOfBoundsException'> (0x00000000d9b58120) thrown at [/home/buildozer/aports/community/openjdk8/src/icedtea-3.12.0/openjdk/hotspot/src/share/vm/runtime/sharedRuntime.cpp, line 613]
Event: 3.945 Thread 0x00005600add19800 Exception <a 'sun/nio/fs/UnixException'> (0x00000000d9e7d9d0) thrown at [/home/buildozer/aports/community/openjdk8/src/icedtea-3.12.0/openjdk/hotspot/src/share/vm/prims/jni.cpp, line 710]

Events (10 events):
Event: 6.362 Executing VM operation: RevokeBias
Event: 6.362 Executing VM operation: RevokeBias done
Event: 6.362 Executing VM operation: RevokeBias
Event: 6.362 Executing VM operation: RevokeBias done
Event: 6.363 Executing VM operation: RevokeBias
Event: 6.363 Executing VM operation: RevokeBias done
Event: 6.363 Executing VM operation: RevokeBias
Event: 6.363 Executing VM operation: RevokeBias done
Event: 6.363 Executing VM operation: RevokeBias
Event: 6.363 Executing VM operation: RevokeBias done


Dynamic libraries:
80000000-100160000 rw-p 00000000 00:00 0 
100160000-140000000 ---p 00000000 00:00 0 
5600ace6a000-5600ace6b000 r-xp 00000000 fd:03 165024577                  /usr/lib/jvm/java-1.8-openjdk/jre/bin/java
5600ad06a000-5600ad06b000 r--p 00000000 fd:03 165024577                  /usr/lib/jvm/java-1.8-openjdk/jre/bin/java
5600ad06b000-5600ad06c000 rw-p 00001000 fd:03 165024577                  /usr/lib/jvm/java-1.8-openjdk/jre/bin/java
5600add02000-5600aef01000 rw-p 00000000 00:00 0                          [heap]
7f5ece84c000-7f5ececeb000 rw-p 00000000 00:00 0 
7f5ececeb000-7f5eceeab000 ---p 00000000 00:00 0 
7f5eceef0000-7f5ecf3da000 rw-p 00000000 00:00 0 
7f5ecf3da000-7f5ecf3dc000 ---p 00000000 00:00 0 
7f5ecf3dc000-7f5ecf3f1000 rw-p 00000000 00:00 0 
7f5ecf3f1000-7f5ecf3f3000 ---p 00000000 00:00 0 
7f5ecf3f3000-7f5ecf408000 rw-p 00000000 00:00 0 
7f5ecf408000-7f5ecf40a000 ---p 00000000 00:00 0 
7f5ecf40a000-7f5ecf803000 rw-p 00000000 00:00 0 
7f5ecf803000-7f5ecfa29000 r-xp 00000000 fd:03 165089593                  /usr/glibc-compat/lib/ld-2.28.so
7f5ecfa29000-7f5ecfa2a000 r--p 00026000 fd:03 165089593                  /usr/glibc-compat/lib/ld-2.28.so
7f5ecfa2a000-7f5ecfa2b000 rw-p 00027000 fd:03 165089593                  /usr/glibc-compat/lib/ld-2.28.so
7f5ecfa2b000-7f5ecfa2c000 rw-p 00000000 00:00 0 
7f5ecfa2c000-7f5ed02c4000 r-xp 00000000 fd:03 304356707                  /tmp/librocksdbjni6637982017884437073.so
7f5ed02c4000-7f5ed02d5000 r--p 00698000 fd:03 304356707                  /tmp/librocksdbjni6637982017884437073.so
7f5ed02d5000-7f5ed02de000 rw-p 006a9000 fd:03 304356707                  /tmp/librocksdbjni6637982017884437073.so
7f5ed02de000-7f5ed02e4000 rw-p 00000000 00:00 0 
7f5ed02e4000-7f5ed04f5000 r-xp 00000000 fd:03 165024621                  /usr/lib/jvm/java-1.8-openjdk/jre/lib/amd64/libnio.so
7f5ed04f5000-7f5ed04f6000 r--p 00011000 fd:03 165024621                  /usr/lib/jvm/java-1.8-openjdk/jre/lib/amd64/libnio.so
7f5ed04f6000-7f5ed04f7000 rw-p 00012000 fd:03 165024621                  /usr/lib/jvm/java-1.8-openjdk/jre/lib/amd64/libnio.so
7f5ed04f7000-7f5ed34f8000 rw-p 00000000 00:00 0 
7f5ed350a000-7f5ed350c000 ---p 00000000 00:00 0 
7f5ed350c000-7f5ed3521000 rw-p 00000000 00:00 0 
7f5ed3521000-7f5ed3523000 ---p 00000000 00:00 0 
7f5ed3523000-7f5ed3538000 rw-p 00000000 00:00 0 
7f5ed3538000-7f5ed353b000 r--s 00025000 fd:03 165872768                  /home/user/.m2/repository/org/apache/maven/shared/maven-shared-utils/3.1.0/maven-shared-utils-3.1.0.jar
7f5ed353b000-7f5ed3751000 r-xp 00000000 fd:03 165024620                  /usr/lib/jvm/java-1.8-openjdk/jre/lib/amd64/libnet.so
7f5ed3751000-7f5ed3752000 r--p 00016000 fd:03 165024620                  /usr/lib/jvm/java-1.8-openjdk/jre/lib/amd64/libnet.so
7f5ed3752000-7f5ed3753000 rw-p 00017000 fd:03 165024620                  /usr/lib/jvm/java-1.8-openjdk/jre/lib/amd64/libnet.so
7f5ed3753000-7f5ed3757000 r--s 00058000 fd:03 165024669                  /usr/lib/jvm/java-1.8-openjdk/jre/lib/jsse.jar
7f5ed3757000-7f5ed375a000 ---p 00000000 00:00 0 
7f5ed375a000-7f5ed3791000 rw-p 00000000 00:00 0 
7f5ed3791000-7f5ed3792000 r--s 00006000 fd:03 308496312                  /home/user/.m2/repository/org/apache/maven/surefire/common-junit4/3.0.0-M1/common-junit4-3.0.0-M1.jar
7f5ed3792000-7f5ed3793000 r--s 00002000 fd:03 308496305                  /home/user/.m2/repository/org/apache/maven/surefire/common-junit3/3.0.0-M1/common-junit3-3.0.0-M1.jar
7f5ed3793000-7f5ed3794000 r--s 00007000 fd:03 308496311                  /home/user/.m2/repository/org/apache/maven/surefire/common-java5/3.0.0-M1/common-java5-3.0.0-M1.jar
7f5ed3794000-7f5ed3796000 r--s 00003000 fd:03 308496272                  /home/user/.m2/repository/org/apache/maven/surefire/surefire-junit4/3.0.0-M1/surefire-junit4-3.0.0-M1.jar
7f5ed3796000-7f5ed3798000 r--s 00009000 fd:03 165937811                  /home/user/.m2/repository/org/hamcrest/hamcrest-core/1.3/hamcrest-core-1.3.jar
7f5ed3798000-7f5ed379e000 r--s 00036000 fd:03 165806297                  /home/user/.m2/repository/junit/junit/4.11/junit-4.11.jar
7f5ed379e000-7f5ed37bf000 r--s 00172000 fd:03 165741699                  /home/user/.m2/repository/com/google/guava/guava/11.0.2/guava-11.0.2.jar
7f5ed37bf000-7f5ed37c7000 r--s 0007b000 fd:03 165741815                  /home/user/.m2/repository/com/google/protobuf/protobuf-java/2.5.0/protobuf-java-2.5.0.jar
7f5ed37c7000-7f5ed37cc000 r--s 0003c000 fd:03 165742597                  /home/user/.m2/repository/info/picocli/picocli/3.9.6/picocli-3.9.6.jar
7f5ed37cc000-7f5ed3800000 r--s 0051e000 fd:03 165807070                  /home/user/.m2/repository/org/apache/hadoop/hadoop-hdfs/3.2.0/hadoop-hdfs-3.2.0-tests.jar
7f5ed3800000-7f5ed3803000 r--s 0000e000 fd:03 165741337                  /home/user/.m2/repository/com/fasterxml/jackson/core/jackson-annotations/2.9.9/jackson-annotations-2.9.9.jar
7f5ed3803000-7f5ed3848000 r--s 00486000 fd:03 165807082                  /home/user/.m2/repository/org/apache/hadoop/hadoop-hdfs-client/3.2.0/hadoop-hdfs-client-3.2.0.jar
7f5ed3848000-7f5ed386f000 r--s 00205000 fd:03 165742768                  /home/user/.m2/repository/io/netty/netty-all/4.0.52.Final/netty-all-4.0.52.Final.jar
7f5ed386f000-7f5ed3888000 r--s 0012c000 fd:03 165742759                  /home/user/.m2/repository/io/netty/netty/3.10.5.Final/netty-3.10.5.Final.jar
7f5ed3888000-7f5ed3889000 r--s 00005000 fd:03 165742317                  /home/user/.m2/repository/commons-daemon/commons-daemon/1.0.13/commons-daemon-1.0.13.jar
7f5ed3889000-7f5ed388b000 r--s 00008000 fd:03 165937458                  /home/user/.m2/repository/org/eclipse/jetty/jetty-util-ajax/9.3.25.v20180904/jetty-util-ajax-9.3.25.v20180904.jar
7f5ed388b000-7f5ed38d3000 r--s 00557000 fd:03 165807073                  /home/user/.m2/repository/org/apache/hadoop/hadoop-hdfs/3.2.0/hadoop-hdfs-3.2.0.jar
7f5ed38d3000-7f5ed3911000 r--s 003aa000 fd:03 165807049                  /home/user/.m2/repository/org/apache/hadoop/hadoop-common/3.2.0/hadoop-common-3.2.0.jar
7f5ed3911000-7f5ed3917000 r--s 0003c000 fd:03 165938933                  /home/user/.m2/repository/org/yaml/snakeyaml/1.16/snakeyaml-1.16.jar
7f5ed3917000-7f5ed3918000 r--s 00002000 fd:03 165742943                  /home/user/.m2/repository/io/opentracing/opentracing-noop/0.31.0/opentracing-noop-0.31.0.jar
7f5ed3918000-7f5ed391a000 r--s 00002000 fd:03 165742934                  /home/user/.m2/repository/io/opentracing/opentracing-api/0.31.0/opentracing-api-0.31.0.jar
7f5ed391a000-7f5ed391b000 r--s 00001000 fd:03 165742952                  /home/user/.m2/repository/io/opentracing/opentracing-util/0.31.0/opentracing-util-0.31.0.jar
7f5ed391b000-7f5ed391c000 r--s 00001000 fd:03 165742919                  /home/user/.m2/repository/io/opentracing/contrib/opentracing-tracerresolver/0.1.5/opentracing-tracerresolver-0.1.5.jar
7f5ed391c000-7f5ed391d000 r--s 00000000 fd:03 165742749                  /home/user/.m2/repository/io/jaegertracing/jaeger-tracerresolver/0.34.0/jaeger-tracerresolver-0.34.0.jar
7f5ed391d000-7f5ed3921000 r--s 0001c000 fd:03 165742731                  /home/user/.m2/repository/io/jaegertracing/jaeger-core/0.34.0/jaeger-core-0.34.0.jar
7f5ed3921000-7f5ed3922000 r--s 00013000 fd:03 165741980                  /home/user/.m2/repository/com/squareup/okio/okio/1.13.0/okio-1.13.0.jar
7f5ed3922000-7f5ed3928000 r--s 0005e000 fd:03 165741964                  /home/user/.m2/repository/com/squareup/okhttp3/okhttp/3.9.0/okhttp-3.9.0.jar
7f5ed3928000-7f5ed392e000 r--s 00037000 fd:03 165873180                  /home/user/.m2/repository/org/apache/thrift/libthrift/0.12.0/libthrift-0.12.0.jar
7f5ed392e000-7f5ed393c000 r--s 0009e000 fd:03 165742740                  /home/user/.m2/repository/io/jaegertracing/jaeger-thrift/0.34.0/jaeger-thrift-0.34.0.jar
7f5ed393c000-7f5ed393d000 r--s 00000000 fd:03 165742722                  /home/user/.m2/repository/io/jaegertracing/jaeger-client/0.34.0/jaeger-client-0.34.0.jar
7f5ed393d000-7f5ed3940000 r--s 00011000 fd:03 165937975                  /home/user/.m2/repository/org/junit/platform/junit-platform-commons/1.3.1/junit-platform-commons-1.3.1.jar
7f5ed3940000-7f5ed3941000 r--s 00001000 fd:03 165938126                  /home/user/.m2/repository/org/opentest4j/opentest4j/1.1.1/opentest4j-1.1.1.jar
7f5ed3941000-7f5ed3942000 r--s 00000000 fd:03 165873430                  /home/user/.m2/repository/org/apiguardian/apiguardian-api/1.0.0/apiguardian-api-1.0.0.jar
7f5ed3942000-7f5ed3946000 r--s 00019000 fd:03 165937965                  /home/user/.m2/repository/org/junit/jupiter/junit-jupiter-api/5.3.1/junit-jupiter-api-5.3.1.jar
7f5ed3946000-7f5ed394a000 r--s 00020000 fd:03 165742343                  /home/user/.m2/repository/commons-digester/commons-digester/1.8.1/commons-digester-1.8.1.jar
7f5ed394a000-7f5ed394e000 r--s 0002a000 fd:03 165742535                  /home/user/.m2/repository/commons-validator/commons-validator/1.6/commons-validator-1.6.jar
7f5ed394e000-7f5ed39a6000 r--s 003a7000 fd:03 165873481                  /home/user/.m2/repository/org/bouncycastle/bcprov-jdk15on/1.60/bcprov-jdk15on-1.60.jar
7f5ed39a6000-7f5ed39b9000 r--s 000b0000 fd:03 165873472                  /home/user/.m2/repository/org/bouncycastle/bcpkix-jdk15on/1.60/bcpkix-jdk15on-1.60.jar
7f5ed39b9000-7f5ed39bc000 r--s 0001d000 fd:03 165806932                  /home/user/.m2/repository/org/apache/commons/commons-pool2/2.6.0/commons-pool2-2.6.0.jar
7f5ed39bc000-7f5ed39bf000 r--s 00012000 fd:03 165741909                  /home/user/.m2/repository/com/lmax/disruptor/3.4.2/disruptor-3.4.2.jar
7f5ed39bf000-7f5ed39df000 r--s 00167000 fd:03 165807516                  /home/user/.m2/repository/org/apache/logging/log4j/log4j-core/2.11.0/log4j-core-2.11.0.jar
7f5ed39df000-7f5ed39e5000 r--s 0003b000 fd:03 165807507                  /home/user/.m2/repository/org/apache/logging/log4j/log4j-api/2.11.0/log4j-api-2.11.0.jar
7f5ed39e5000-7f5ed39ea000 r--s 00047000 fd:03 165742557                  /home/user/.m2/repository/dnsjava/dnsjava/2.1.7/dnsjava-2.1.7.jar
7f5ed39ea000-7f5ed39f0000 r--s 00078000 fd:03 165741511                  /home/user/.m2/repository/com/fasterxml/woodstox/woodstox-core/5.0.3/woodstox-core-5.0.3.jar
7f5ed39f0000-7f5ed39f4000 r--s 00024000 fd:03 165937343                  /home/user/.m2/repository/org/codehaus/woodstox/stax2-api/3.1.4/stax2-api-3.1.4.jar
7f5ed39f4000-7f5ed39f8000 r--s 0004c000 fd:03 165741354                  /home/user/.m2/repository/com/fasterxml/jackson/core/jackson-core/2.9.9/jackson-core-2.9.9.jar
7f5ed39f8000-7f5ed3a0b000 r--s 00137000 fd:03 165741371                  /home/user/.m2/repository/com/fasterxml/jackson/core/jackson-databind/2.9.9/jackson-databind-2.9.9.jar
7f5ed3a0b000-7f5ed3a0d000 r--s 00006000 fd:03 165807481                  /home/user/.m2/repository/org/apache/kerby/kerby-xdr/1.0.1/kerby-xdr-1.0.1.jar
7f5ed3a0d000-7f5ed3a0e000 r--s 00004000 fd:03 165807385                  /home/user/.m2/repository/org/apache/kerby/kerb-identity/1.0.1/kerb-identity-1.0.1.jar
7f5ed3a0e000-7f5ed3a11000 r--s 00012000 fd:03 165807394                  /home/user/.m2/repository/org/apache/kerby/kerb-server/1.0.1/kerb-server-1.0.1.jar
7f5ed3a11000-7f5ed3a14000 r--s 00011000 fd:03 165807340                  /home/user/.m2/repository/org/apache/kerby/kerb-admin/1.0.1/kerb-admin-1.0.1.jar
7f5ed3a14000-7f5ed3a15000 r--s 00004000 fd:03 165807490                  /home/user/.m2/repository/org/apache/kerby/token-provider/1.0.1/token-provider-1.0.1.jar
7f5ed3a15000-7f5ed3a16000 r--s 00008000 fd:03 165807412                  /home/user/.m2/repository/org/apache/kerby/kerb-util/1.0.1/kerb-util-1.0.1.jar
7f5ed3a16000-7f5ed3a1a000 r--s 00019000 fd:03 165807376                  /home/user/.m2/repository/org/apache/kerby/kerb-crypto/1.0.1/kerb-crypto-1.0.1.jar
7f5ed3a1a000-7f5ed3a1c000 r--s 0000e000 fd:03 165807358                  /home/user/.m2/repository/org/apache/kerby/kerb-common/1.0.1/kerb-common-1.0.1.jar
7f5ed3a1c000-7f5ed3a1d000 r--s 00009000 fd:03 165807472                  /home/user/.m2/repository/org/apache/kerby/kerby-util/1.0.1/kerby-util-1.0.1.jar
7f5ed3a1d000-7f5ed3a1f000 r--s 00017000 fd:03 165807427                  /home/user/.m2/repository/org/apache/kerby/kerby-asn1/1.0.1/kerby-asn1-1.0.1.jar
7f5ed3a1f000-7f5ed3a26000 r--s 0002b000 fd:03 165807457                  /home/user/.m2/repository/org/apache/kerby/kerby-pkix/1.0.1/kerby-pkix-1.0.1.jar
7f5ed3a26000-7f5ed3a2d000 r--s 00031000 fd:03 165807367                  /home/user/.m2/repository/org/apache/kerby/kerb-core/1.0.1/kerb-core-1.0.1.jar
7f5ed3a2d000-7f5ed3a2f000 r--s 00006000 fd:03 165807442                  /home/user/.m2/repository/org/apache/kerby/kerby-config/1.0.1/kerby-config-1.0.1.jar
7f5ed3a2f000-7f5ed3a32000 r--s 00019000 fd:03 165807349                  /home/user/.m2/repository/org/apache/kerby/kerb-client/1.0.1/kerb-client-1.0.1.jar
7f5ed3a32000-7f5ed3a33000 r--s 00004000 fd:03 165807403                  /home/user/.m2/repository/org/apache/kerby/kerb-simplekdc/1.0.1/kerb-simplekdc-1.0.1.jar
7f5ed3a33000-7f5ed3a37000 r--s 00014000 fd:03 165938869                  /home/user/.m2/repository/org/tukaani/xz/1.0/xz-1.0.jar
7f5ed3a37000-7f5ed3a3c000 r--s 00036000 fd:03 165806753                  /home/user/.m2/repository/org/apache/commons/commons-compress/1.4.1/commons-compress-1.4.1.jar
7f5ed3a3c000-7f5ed3a3d000 r--s 00004000 fd:03 165873399                  /home/user/.m2/repository/org/apache/yetus/audience-annotations/0.5.0/audience-annotations-0.5.0.jar
7f5ed3a3d000-7f5ed3a3f000 r--s 00014000 fd:03 165806253                  /home/user/.m2/repository/jline/jline/0.9.94/jline-0.9.94.jar
7f5ed3a3f000-7f5ed3a4c000 r--s 000d1000 fd:03 165873415                  /home/user/.m2/repository/org/apache/zookeeper/zookeeper/3.4.13/zookeeper-3.4.13.jar
7f5ed3a4c000-7f5ed3a66000 r--s 00155000 fd:03 165807212                  /home/user/.m2/repository/org/apache/htrace/htrace-core4/4.1.0-incubating/htrace-core4-4.1.0-incubating.jar
7f5ed3a66000-7f5ed3a69000 r--s 00006000 fd:03 165741623                  /home/user/.m2/repository/com/google/code/findbugs/jsr305/3.0.0/jsr305-3.0.0.jar
7f5ed3a69000-7f5ed3a71000 r--s 0003e000 fd:03 165806975                  /home/user/.m2/repository/org/apache/curator/curator-recipes/2.12.0/curator-recipes-2.12.0.jar
7f5ed3a71000-7f5ed3aa8000 r--s 00219000 fd:03 165806957                  /home/user/.m2/repository/org/apache/curator/curator-client/2.12.0/curator-client-2.12.0.jar
7f5ed3aa8000-7f5ed3aad000 r--s 00040000 fd:03 165741883                  /home/user/.m2/repository/com/jcraft/jsch/0.1.54/jsch-0.1.54.jar
7f5ed3aad000-7f5ed3ab3000 r--s 0002c000 fd:03 165806966                  /home/user/.m2/repository/org/apache/curator/curator-framework/2.12.0/curator-framework-2.12.0.jar
7f5ed3ab3000-7f5ed3ab5000 r--s 0000c000 fd:03 165938172                  /home/user/.m2/repository/org/ow2/asm/asm/5.0.4/asm-5.0.4.jar
7f5ed3ab5000-7f5ed3ab7000 r--s 00006000 fd:03 165806485                  /home/user/.m2/repository/net/minidev/accessors-smart/1.2/accessors-smart-1.2.jar
7f5ed3ab7000-7f5ed3aba000 r--s 0001b000 fd:03 165806494                  /home/user/.m2/repository/net/minidev/json-smart/2.3/json-smart-2.3.jar
7f5ed3aba000-7f5ed3abc000 r--s 00000000 fd:03 165741559                  /home/user/.m2/repository/com/github/stephenc/jcip/jcip-annotations/1.0-1/jcip-annotations-1.0-1.jar
7f5ed3abc000-7f5ed3ac2000 r--s 00044000 fd:03 165741929                  /home/user/.m2/repository/com/nimbusds/nimbus-jose-jwt/4.41.1/nimbus-jose-jwt-4.41.1.jar
7f5ed3ac2000-7f5ed3ac4000 r--s 00020000 fd:03 165807028                  /home/user/.m2/repository/org/apache/hadoop/hadoop-auth/3.2.0/hadoop-auth-3.2.0.jar
7f5ed3ac4000-7f5ed3ac9000 r--s 0002a000 fd:03 165741633                  /home/user/.m2/repository/com/google/code/gson/gson/2.2.4/gson-2.2.4.jar
7f5ed3ac9000-7f5ed3acb000 r--s 0001e000 fd:03 165741857                  /home/user/.m2/repository/com/google/re2j/re2j/1.1/re2j-1.1.jar
7f5ed3acb000-7f5ed3acd000 r--s 00130000 fd:03 165938904                  /home/user/.m2/repository/org/xerial/snappy/snappy-java/1.0.5/snappy-java-1.0.5.jar
7f5ed3acd000-7f5ed3acf000 r--s 00006000 fd:03 165742123                  /home/user/.m2/repository/com/thoughtworks/paranamer/paranamer/2.3/paranamer-2.3.jar
7f5ed3acf000-7f5ed3ad8000 r--s 00062000 fd:03 165806715                  /home/user/.m2/repository/org/apache/avro/avro/1.7.7/avro-1.7.7.jar
7f5ed3ad8000-7f5ed3ad9000 r--s 00002000 fd:03 165938508                  /home/user/.m2/repository/org/slf4j/slf4j-log4j12/1.7.25/slf4j-log4j12-1.7.25.jar
7f5ed3ad9000-7f5ed3add000 r--s 00029000 fd:03 165806941                  /home/user/.m2/repository/org/apache/commons/commons-text/1.4/commons-text-1.4.jar
7f5ed3add000-7f5ed3ae5000 r--s 00072000 fd:03 165806802                  /home/user/.m2/repository/org/apache/commons/commons-lang3/3.7/commons-lang3-3.7.jar
7f5ed3ae5000-7f5ed3af1000 r--s 0008b000 fd:03 165806770                  /home/user/.m2/repository/org/apache/commons/commons-configuration2/2.1.1/commons-configuration2-2.1.1.jar
7f5ed3af1000-7f5ed3af6000 r--s 00038000 fd:03 165742176                  /home/user/.m2/repository/commons-beanutils/commons-beanutils/1.9.4/commons-beanutils-1.9.4.jar
7f5ed3af6000-7f5ed3aff000 r--s 0006f000 fd:03 165806333                  /home/user/.m2/repository/log4j/log4j/1.2.17/log4j-1.2.17.jar
7f5ed3aff000-7f5ed3b01000 r--s 0000e000 fd:03 165742484                  /home/user/.m2/repository/commons-logging/commons-logging/1.1.3/commons-logging-1.1.3.jar
7f5ed3b01000-7f5ed3b11000 r--s 0009c000 fd:03 165742056                  /home/user/.m2/repository/com/sun/jersey/jersey-server/1.19/jersey-server-1.19.jar
7f5ed3b11000-7f5ed3b12000 r--s 00006000 fd:03 165873586                  /home/user/.m2/repository/org/codehaus/jackson/jackson-xc/1.9.13/jackson-xc-1.9.13.jar
7f5ed3b12000-7f5ed3b13000 r--s 00004000 fd:03 165873568                  /home/user/.m2/repository/org/codehaus/jackson/jackson-jaxrs/1.9.13/jackson-jaxrs-1.9.13.jar
7f5ed3b13000-7f5ed3b21000 r--s 000b1000 fd:03 165873577                  /home/user/.m2/repository/org/codehaus/jackson/jackson-mapper-asl/1.9.13/jackson-mapper-asl-1.9.13.jar
7f5ed3b21000-7f5ed3b25000 r--s 00035000 fd:03 165873559                  /home/user/.m2/repository/org/codehaus/jackson/jackson-core-asl/1.9.13/jackson-core-asl-1.9.13.jar
7f5ed3b25000-7f5ed3b28000 r--s 00016000 fd:03 165806209                  /home/user/.m2/repository/javax/xml/bind/jaxb-api/2.2.11/jaxb-api-2.2.11.jar
7f5ed3b28000-7f5ed3b3b000 r--s 000c7000 fd:03 165742091                  /home/user/.m2/repository/com/sun/xml/bind/jaxb-impl/2.2.3-1/jaxb-impl-2.2.3-1.jar
7f5ed3b3b000-7f5ed3b3d000 r--s 0000f000 fd:03 165873596                  /home/user/.m2/repository/org/codehaus/jettison/jettison/1.1/jettison-1.1.jar
7f5ed3b3d000-7f5ed3b41000 r--s 00025000 fd:03 165742041                  /home/user/.m2/repository/com/sun/jersey/jersey-json/1.19/jersey-json-1.19.jar
7f5ed3b41000-7f5ed3b45000 r--s 0001c000 fd:03 165742065                  /home/user/.m2/repository/com/sun/jersey/jersey-servlet/1.19/jersey-servlet-1.19.jar
7f5ed3b45000-7f5ed3b47000 r--s 0000a000 fd:03 165806198                  /home/user/.m2/repository/javax/ws/rs/jsr311-api/1.1.1/jsr311-api-1.1.1.jar
7f5ed3b47000-7f5ed3b51000 r--s 00061000 fd:03 165742032                  /home/user/.m2/repository/com/sun/jersey/jersey-core/1.19/jersey-core-1.19.jar
7f5ed3b51000-7f5ed3b54000 r--s 00016000 fd:03 165806154                  /home/user/.m2/repository/javax/servlet/jsp/jsp-api/2.1/jsp-api-2.1.jar
7f5ed3b54000-7f5ed3b55000 r--s 0000c000 fd:03 165937476                  /home/user/.m2/repository/org/eclipse/jetty/jetty-xml/9.3.25.v20180904/jetty-xml-9.3.25.v20180904.jar
7f5ed3b55000-7f5ed3b58000 r--s 0001a000 fd:03 165937467                  /home/user/.m2/repository/org/eclipse/jetty/jetty-webapp/9.3.25.v20180904/jetty-webapp-9.3.25.v20180904.jar
7f5ed3b58000-7f5ed3b5b000 r--s 00015000 fd:03 165937422                  /home/user/.m2/repository/org/eclipse/jetty/jetty-security/9.3.25.v20180904/jetty-security-9.3.25.v20180904.jar
7f5ed3b5b000-7f5ed3b5e000 r--s 0001b000 fd:03 165937440                  /home/user/.m2/repository/org/eclipse/jetty/jetty-servlet/9.3.25.v20180904/jetty-servlet-9.3.25.v20180904.jar
7f5ed3b5e000-7f5ed3b65000 r--s 00069000 fd:03 165937449                  /home/user/.m2/repository/org/eclipse/jetty/jetty-util/9.3.25.v20180904/jetty-util-9.3.25.v20180904.jar
7f5ed3b65000-7f5ed3b69000 r--s 0001b000 fd:03 165937396                  /home/user/.m2/repository/org/eclipse/jetty/jetty-io/9.3.25.v20180904/jetty-io-9.3.25.v20180904.jar
7f5ed3b69000-7f5ed3b6c000 r--s 00022000 fd:03 165937387                  /home/user/.m2/repository/org/eclipse/jetty/jetty-http/9.3.25.v20180904/jetty-http-9.3.25.v20180904.jar
7f5ed3b6c000-7f5ed3b74000 r--s 00078000 fd:03 165937431                  /home/user/.m2/repository/org/eclipse/jetty/jetty-server/9.3.25.v20180904/jetty-server-9.3.25.v20180904.jar
7f5ed3b74000-7f5ed3b77000 r--s 00015000 fd:03 165806144                  /home/user/.m2/repository/javax/servlet/javax.servlet-api/3.1.0/javax.servlet-api-3.1.0.jar
7f5ed3b77000-7f5ed3b84000 r--s 00083000 fd:03 165742297                  /home/user/.m2/repository/commons-collections/commons-collections/3.2.2/commons-collections-3.2.2.jar
7f5ed3b84000-7f5ed3b8a000 r--s 00046000 fd:03 165742509                  /home/user/.m2/repository/commons-net/commons-net/3.6/commons-net-3.6.jar
7f5ed3b8a000-7f5ed3b8e000 r--s 0002f000 fd:03 165742407                  /home/user/.m2/repository/commons-io/commons-io/2.5/commons-io-2.5.jar
7f5ed3b8e000-7f5ed3b95000 r--s 0004b000 fd:03 165742229                  /home/user/.m2/repository/commons-codec/commons-codec/1.11/commons-codec-1.11.jar
7f5ed3b95000-7f5ed3b9c000 r--s 00049000 fd:03 165807289                  /home/user/.m2/repository/org/apache/httpcomponents/httpcore/4.4.4/httpcore-4.4.4.jar
7f5ed3b9c000-7f5ed3ba9000 r--s 000a7000 fd:03 165807236                  /home/user/.m2/repository/org/apache/httpcomponents/httpclient/4.5.2/httpclient-4.5.2.jar
7f5ed3ba9000-7f5ed3bc6000 r--s 0016a000 fd:03 165806811                  /home/user/.m2/repository/org/apache/commons/commons-math3/3.1.1/commons-math3-3.1.1.jar
7f5ed3bc6000-7f5ed3bc8000 r--s 00009000 fd:03 165742211                  /home/user/.m2/repository/commons-cli/commons-cli/1.2/commons-cli-1.2.jar
7f5ed3bc8000-7f5ed3c41000 r--s 007c0000 fd:03 165024711                  /usr/lib/jvm/java-1.8-openjdk/lib/tools.jar
7f5ed3c41000-7f5ed3c42000 r--s 0000e000 fd:03 165807019                  /home/user/.m2/repository/org/apache/hadoop/hadoop-annotations/3.2.0/hadoop-annotations-3.2.0.jar
7f5ed3c42000-7f5ed3c6d000 r--s 00297000 fd:03 165807046                  /home/user/.m2/repository/org/apache/hadoop/hadoop-common/3.2.0/hadoop-common-3.2.0-tests.jar
7f5ed3c6d000-7f5ed3c72000 r--s 00c4f000 fd:03 165938441                  /home/user/.m2/repository/org/rocksdb/rocksdbjni/6.0.1/rocksdbjni-6.0.1.jar
7f5ed3c72000-7f5ed3c74000 r--s 00002000 fd:03 165741661                  /home/user/.m2/repository/com/google/errorprone/error_prone_annotations/2.2.0/error_prone_annotations-2.2.0.jar
7f5ed3c74000-7f5ed3c76000 r--s 00019000 fd:03 308496426                  /home/user/.m2/repository/org/apache/ratis/ratis-grpc/0.5.0-201fc85-SNAPSHOT/ratis-grpc-0.5.0-201fc85-SNAPSHOT.jar
7f5ed3c76000-7f5ed3c78000 r--s 00007000 fd:03 308496425                  /home/user/.m2/repository/org/apache/ratis/ratis-netty/0.5.0-201fc85-SNAPSHOT/ratis-netty-0.5.0-201fc85-SNAPSHOT.jar
7f5ed3c78000-7f5ed3c7a000 r--s 00009000 fd:03 165742587                  /home/user/.m2/repository/info/ganglia/gmetric4j/gmetric4j/1.0.7/gmetric4j-1.0.7.jar
7f5ed3c7a000-7f5ed3c7b000 r--s 00002000 fd:03 165742618                  /home/user/.m2/repository/io/dropwizard/metrics/metrics-ganglia/3.2.5/metrics-ganglia-3.2.5.jar
7f5ed3c7b000-7f5ed3c7d000 r--s 00008000 fd:03 165742627                  /home/user/.m2/repository/io/dropwizard/metrics/metrics-jvm/3.2.5/metrics-jvm-3.2.5.jar
7f5ed3c7d000-7f5ed3c7e000 r--s 00003000 fd:03 165741548                  /home/user/.m2/repository/com/github/joshelser/dropwizard-metrics-hadoop-metrics2-reporter/0.1.2/dropwizard-metrics-hadoop-metrics2-reporter-0.1.2.jar
7f5ed3c7e000-7f5ed3c7f000 r--s 00006000 fd:03 308496424                  /home/user/.m2/repository/org/apache/ratis/ratis-metrics/0.5.0-201fc85-SNAPSHOT/ratis-metrics-0.5.0-201fc85-SNAPSHOT.jar
7f5ed3c7f000-7f5ed3c8d000 r--s 0010d000 fd:03 308496412                  /home/user/.m2/repository/org/apache/ratis/ratis-proto/0.5.0-201fc85-SNAPSHOT/ratis-proto-0.5.0-201fc85-SNAPSHOT.jar
7f5ed3c8d000-7f5ed3d67000 r--s 00cc8000 fd:03 165873130                  /home/user/.m2/repository/org/apache/ratis/ratis-thirdparty-misc/0.2.0/ratis-thirdparty-misc-0.2.0.jar
7f5ed3d67000-7f5ed3d6a000 ---p 00000000 00:00 0 
7f5ed3d6a000-7f5ed3e68000 rw-p 00000000 00:00 0 
7f5ed3e68000-7f5ed406f000 r-xp 00000000 fd:03 165024618                  /usr/lib/jvm/java-1.8-openjdk/jre/lib/amd64/libmanagement.so
7f5ed406f000-7f5ed4070000 r--p 00007000 fd:03 165024618                  /usr/lib/jvm/java-1.8-openjdk/jre/lib/amd64/libmanagement.so
7f5ed4070000-7f5ed4071000 rw-p 00008000 fd:03 165024618                  /usr/lib/jvm/java-1.8-openjdk/jre/lib/amd64/libmanagement.so
7f5ed4071000-7f5ed4074000 ---p 00000000 00:00 0 
7f5ed4074000-7f5ed4172000 rw-p 00000000 00:00 0 
7f5ed4172000-7f5ed4173000 ---p 00000000 00:00 0 
7f5ed4173000-7f5ed4274000 rw-p 00000000 00:00 0 
7f5ed4274000-7f5ed4277000 ---p 00000000 00:00 0 
7f5ed4277000-7f5ed4375000 rw-p 00000000 00:00 0 
7f5ed4375000-7f5ed4376000 ---p 00000000 00:00 0 
7f5ed4376000-7f5ed4379000 ---p 00000000 00:00 0 
7f5ed4379000-7f5ed4477000 rw-p 00000000 00:00 0 
7f5ed4477000-7f5ed4478000 ---p 00000000 00:00 0 
7f5ed4478000-7f5ed447b000 ---p 00000000 00:00 0 
7f5ed447b000-7f5ed4579000 rw-p 00000000 00:00 0 
7f5ed4579000-7f5ed457c000 ---p 00000000 00:00 0 
7f5ed457c000-7f5ed467a000 rw-p 00000000 00:00 0 
7f5ed467a000-7f5ed467d000 ---p 00000000 00:00 0 
7f5ed467d000-7f5ed477b000 rw-p 00000000 00:00 0 
7f5ed477b000-7f5ed477e000 ---p 00000000 00:00 0 
7f5ed477e000-7f5ed487c000 rw-p 00000000 00:00 0 
7f5ed487c000-7f5ed487d000 ---p 00000000 00:00 0 
7f5ed487d000-7f5ed5287000 rw-p 00000000 00:00 0 
7f5ed5287000-7f5ed5457000 r--s 01f56000 fd:03 165024683                  /usr/lib/jvm/java-1.8-openjdk/jre/lib/rt.jar
7f5ed5457000-7f5eda0cd000 rw-p 00000000 00:00 0 
7f5eda0cd000-7f5eda0ce000 ---p 00000000 00:00 0 
7f5eda0ce000-7f5eda1cf000 rw-p 00000000 00:00 0 
7f5eda1cf000-7f5eda1d0000 ---p 00000000 00:00 0 
7f5eda1d0000-7f5eda98a000 rw-p 00000000 00:00 0 
7f5eda98a000-7f5edad3d000 ---p 00000000 00:00 0 
7f5edad3d000-7f5edb07d000 rwxp 00000000 00:00 0 
7f5edb07d000-7f5ee9d3d000 ---p 00000000 00:00 0 
7f5ee9d3d000-7f5ee9f44000 r-xp 00000000 fd:03 165024627                  /usr/lib/jvm/java-1.8-openjdk/jre/lib/amd64/libzip.so
7f5ee9f44000-7f5ee9f45000 r--p 00007000 fd:03 165024627                  /usr/lib/jvm/java-1.8-openjdk/jre/lib/amd64/libzip.so
7f5ee9f45000-7f5ee9f46000 rw-p 00008000 fd:03 165024627                  /usr/lib/jvm/java-1.8-openjdk/jre/lib/amd64/libzip.so
7f5ee9f46000-7f5eea171000 r-xp 00000000 fd:03 165024607                  /usr/lib/jvm/java-1.8-openjdk/jre/lib/amd64/libjava.so
7f5eea171000-7f5eea172000 r--p 0002b000 fd:03 165024607                  /usr/lib/jvm/java-1.8-openjdk/jre/lib/amd64/libjava.so
7f5eea172000-7f5eea173000 rw-p 0002c000 fd:03 165024607                  /usr/lib/jvm/java-1.8-openjdk/jre/lib/amd64/libjava.so
7f5eea173000-7f5eea174000 rw-p 00000000 00:00 0 
7f5eea174000-7f5eea380000 r-xp 00000000 fd:03 165024626                  /usr/lib/jvm/java-1.8-openjdk/jre/lib/amd64/libverify.so
7f5eea380000-7f5eea382000 r--p 0000c000 fd:03 165024626                  /usr/lib/jvm/java-1.8-openjdk/jre/lib/amd64/libverify.so
7f5eea382000-7f5eea383000 rw-p 0000e000 fd:03 165024626                  /usr/lib/jvm/java-1.8-openjdk/jre/lib/amd64/libverify.so
7f5eea383000-7f5eea593000 r-xp 00000000 fd:03 165024784                  /usr/lib/libgcc_s.so.1
7f5eea593000-7f5eea594000 r--p 00010000 fd:03 165024784                  /usr/lib/libgcc_s.so.1
7f5eea594000-7f5eea595000 rw-p 00011000 fd:03 165024784                  /usr/lib/libgcc_s.so.1
7f5eea595000-7f5eea8d6000 r-xp 00000000 fd:03 165024907                  /usr/lib/libstdc++.so.6.0.22
7f5eea8d6000-7f5eea8e4000 r--p 00141000 fd:03 165024907                  /usr/lib/libstdc++.so.6.0.22
7f5eea8e4000-7f5eea8e5000 rw-p 0014f000 fd:03 165024907                  /usr/lib/libstdc++.so.6.0.22
7f5eea8e5000-7f5eea8e8000 rw-p 00000000 00:00 0 
7f5eea8e8000-7f5eeb2bc000 r-xp 00000000 fd:03 165024631                  /usr/lib/jvm/java-1.8-openjdk/jre/lib/amd64/server/libjvm.so
7f5eeb2bc000-7f5eeb352000 r--p 007d4000 fd:03 165024631                  /usr/lib/jvm/java-1.8-openjdk/jre/lib/amd64/server/libjvm.so
7f5eeb352000-7f5eeb37a000 rw-p 0086a000 fd:03 165024631                  /usr/lib/jvm/java-1.8-openjdk/jre/lib/amd64/server/libjvm.so
7f5eeb37a000-7f5eeb3ab000 rw-p 00000000 00:00 0 
7f5eeb3ab000-7f5eeb5c0000 r-xp 00000000 fd:03 30540833                   /lib/libz.so.1.2.11
7f5eeb5c0000-7f5eeb5c1000 r--p 00015000 fd:03 30540833                   /lib/libz.so.1.2.11
7f5eeb5c1000-7f5eeb5c2000 rw-p 00016000 fd:03 30540833                   /lib/libz.so.1.2.11
7f5eeb5c2000-7f5eeb7ce000 r-xp 00000000 fd:03 165024591                  /usr/lib/jvm/java-1.8-openjdk/jre/lib/amd64/jli/libjli.so
7f5eeb7ce000-7f5eeb7cf000 r--p 0000c000 fd:03 165024591                  /usr/lib/jvm/java-1.8-openjdk/jre/lib/amd64/jli/libjli.so
7f5eeb7cf000-7f5eeb7d0000 rw-p 0000d000 fd:03 165024591                  /usr/lib/jvm/java-1.8-openjdk/jre/lib/amd64/jli/libjli.so
7f5eeb7d0000-7f5eeb85d000 r-xp 00000000 fd:03 164956642                  /lib/ld-musl-x86_64.so.1
7f5eeb85d000-7f5eeb85f000 r--s 00009000 fd:03 165938482                  /home/user/.m2/repository/org/slf4j/slf4j-api/1.7.25/slf4j-api-1.7.25.jar
7f5eeb85f000-7f5eeb861000 r--s 0000c000 fd:03 308496423                  /home/user/.m2/repository/org/apache/ratis/ratis-client/0.5.0-201fc85-SNAPSHOT/ratis-client-0.5.0-201fc85-SNAPSHOT.jar
7f5eeb861000-7f5eeb866000 r--s 0003a000 fd:03 308496414                  /home/user/.m2/repository/org/apache/ratis/ratis-common/0.5.0-201fc85-SNAPSHOT/ratis-common-0.5.0-201fc85-SNAPSHOT.jar
7f5eeb866000-7f5eeb86b000 r--s 00053000 fd:03 308496408                  /home/user/.m2/repository/org/apache/ratis/ratis-server/0.5.0-201fc85-SNAPSHOT/ratis-server-0.5.0-201fc85-SNAPSHOT.jar
7f5eeb86b000-7f5eeb86e000 r--s 000fd000 fd:03 165937538                  /home/user/.m2/repository/org/fusesource/leveldbjni/leveldbjni-all/1.8/leveldbjni-all-1.8.jar
7f5eeb86e000-7f5eeb870000 r--s 00005000 fd:03 165806083                  /home/user/.m2/repository/javax/annotation/javax.annotation-api/1.2/javax.annotation-api-1.2.jar
7f5eeb870000-7f5eeb872000 r--s 00002000 fd:03 165872819                  /home/user/.m2/repository/org/apache/maven/surefire/surefire-logger-api/3.0.0-M1/surefire-logger-api-3.0.0-M1.jar
7f5eeb872000-7f5eeb877000 r--s 00027000 fd:03 165872801                  /home/user/.m2/repository/org/apache/maven/surefire/surefire-api/3.0.0-M1/surefire-api-3.0.0-M1.jar
7f5eeb877000-7f5eeb87d000 r--s 00047000 fd:03 165872810                  /home/user/.m2/repository/org/apache/maven/surefire/surefire-booter/3.0.0-M1/surefire-booter-3.0.0-M1.jar
7f5eeb87d000-7f5eeb87e000 r--s 00003000 fd:05 64357646                   /workdir/hadoop-hdds/common/target/surefire/surefirebooter4428538034348608677.jar
7f5eeb87e000-7f5eeb87f000 r--s 00000000 fd:03 30540769                   /etc/localtime
7f5eeb87f000-7f5eeb950000 rw-p 00000000 00:00 0 
7f5eeb950000-7f5eeb958000 rw-s 00000000 fd:03 308496427                  /tmp/hsperfdata_jenkins1000/653
7f5eeb958000-7f5eeb959000 rw-p 00000000 00:00 0 
7f5eeb959000-7f5eeb95a000 r--p 00000000 00:00 0 
7f5eeb95a000-7f5eeb95c000 ---p 00000000 00:00 0 
7f5eeb95c000-7f5eeb95f000 ---p 00000000 00:00 0 
7f5eeb95f000-7f5eeba5d000 rw-p 00000000 00:00 0 
7f5eeba5d000-7f5eeba5e000 r--p 0008d000 fd:03 164956642                  /lib/ld-musl-x86_64.so.1
7f5eeba5e000-7f5eeba5f000 rw-p 0008e000 fd:03 164956642                  /lib/ld-musl-x86_64.so.1
7f5eeba5f000-7f5eeba62000 rw-p 00000000 00:00 0 
7ffe5b510000-7ffe5b532000 rw-p 00000000 00:00 0                          [stack]
7ffe5b5a7000-7ffe5b5a9000 r-xp 00000000 00:00 0                          [vdso]
ffffffffff600000-ffffffffff601000 r-xp 00000000 00:00 0                  [vsyscall]

VM Arguments:
jvm_args: -Xmx2048m -XX:+HeapDumpOnOutOfMemoryError 
java_command: /workdir/hadoop-hdds/common/target/surefire/surefirebooter4428538034348608677.jar /workdir/hadoop-hdds/common/target/surefire 2019-10-13T20-01-46_836-jvmRun1 surefire756725401154910041tmp surefire_106346375857654352655tmp
java_class_path (initial): /workdir/hadoop-hdds/common/target/surefire/surefirebooter4428538034348608677.jar
Launcher Type: SUN_STANDARD

Environment Variables:
PATH=/usr/local/sbin:/usr/local/bin:/usr/sbin:/usr/bin:/sbin:/bin:/opt/findbugs/bin:/opt/blockade/bin
LD_LIBRARY_PATH=/usr/lib/jvm/java-1.8-openjdk/jre/lib/amd64/server:/usr/lib/jvm/java-1.8-openjdk/jre/lib/amd64:/usr/lib/jvm/java-1.8-openjdk/jre/../lib/amd64:/workdir/hadoop-hdds/common/target/native/target/usr/local/lib:/workdir/hadoop-hdds/common/../../hadoop-common-project/hadoop-common/target/native/target/usr/local/lib
DYLD_LIBRARY_PATH=${env.DYLD_LIBRARY_PATH}:/workdir/hadoop-hdds/common/target/native/target/usr/local/lib:/workdir/hadoop-hdds/common/../../hadoop-common-project/hadoop-common/target/native/target/usr/local/lib

Signal Handlers:
SIGSEGV: [libjvm.so+0x600fd2], sa_mask[0]=11111111011111111101111111111110, sa_flags=SA_RESTART|SA_SIGINFO
SIGBUS: [libjvm.so+0x600fd2], sa_mask[0]=11111111011111111101111111111110, sa_flags=SA_RESTART|SA_SIGINFO
SIGFPE: [libjvm.so+0x539502], sa_mask[0]=11111111011111111101111111111110, sa_flags=SA_RESTART|SA_SIGINFO
SIGPIPE: [libjvm.so+0x539502], sa_mask[0]=11111111011111111101111111111110, sa_flags=SA_RESTART|SA_SIGINFO
SIGXFSZ: [libjvm.so+0x539502], sa_mask[0]=11111111011111111101111111111110, sa_flags=SA_RESTART|SA_SIGINFO
SIGILL: [libjvm.so+0x539502], sa_mask[0]=11111111011111111101111111111110, sa_flags=SA_RESTART|SA_SIGINFO
SIGUSR1: SIG_DFL, sa_mask[0]=00000000000000000000000000000000, sa_flags=none
SIGUSR2: [libjvm.so+0x5396a1], sa_mask[0]=00100000000000000000000000000000, sa_flags=SA_RESTART|SA_SIGINFO
SIGHUP: [libjvm.so+0x53b719], sa_mask[0]=11111111011111111101111111111110, sa_flags=SA_RESTART|SA_SIGINFO
SIGINT: [libjvm.so+0x53b719], sa_mask[0]=11111111011111111101111111111110, sa_flags=SA_RESTART|SA_SIGINFO
SIGTERM: [libjvm.so+0x53b719], sa_mask[0]=11111111011111111101111111111110, sa_flags=SA_RESTART|SA_SIGINFO
SIGQUIT: [libjvm.so+0x53b719], sa_mask[0]=11111111011111111101111111111110, sa_flags=SA_RESTART|SA_SIGINFO


---------------  S Y S T E M  ---------------

OS:NAME="Alpine Linux"
ID=alpine
VERSION_ID=3.8.2
PRETTY_NAME="Alpine Linux v3.8"
HOME_URL="http://alpinelinux.org"
BUG_REPORT_URL="http://bugs.alpinelinux.org"

uname:Linux 3.10.0-957.12.2.el7.x86_64 #1 SMP Tue May 14 21:24:32 UTC 2019 x86_64
libc:glibc 2.9 NPTL 
rlimit: STACK 8192k, CORE infinity, NPROC 1048576, NOFILE 1048576, AS infinity
load average:14.35 19.32 16.19

/proc/meminfo:
MemTotal:       263864180 kB
MemFree:          858476 kB
MemAvailable:   235881340 kB
Buffers:         2888560 kB
Cached:         227977424 kB
SwapCached:            0 kB
Active:         136280176 kB
Inactive:       113442640 kB
Active(anon):   21525912 kB
Inactive(anon):  2693356 kB
Active(file):   114754264 kB
Inactive(file): 110749284 kB
Unevictable:           0 kB
Mlocked:               0 kB
SwapTotal:             0 kB
SwapFree:              0 kB
Dirty:            649668 kB
Writeback:             4 kB
AnonPages:      18857848 kB
Mapped:           373548 kB
Shmem:           5362204 kB
Slab:           11361804 kB
SReclaimable:   10403496 kB
SUnreclaim:       958308 kB
KernelStack:      110800 kB
PageTables:        97252 kB
NFS_Unstable:          0 kB
Bounce:                0 kB
WritebackTmp:          0 kB
CommitLimit:    131932088 kB
Committed_AS:   78160832 kB
VmallocTotal:   34359738367 kB
VmallocUsed:      787004 kB
VmallocChunk:   34224571768 kB
HardwareCorrupted:     0 kB
AnonHugePages:   4362240 kB
CmaTotal:              0 kB
CmaFree:               0 kB
HugePages_Total:       0
HugePages_Free:        0
HugePages_Rsvd:        0
HugePages_Surp:        0
Hugepagesize:       2048 kB
DirectMap4k:      473848 kB
DirectMap2M:    50798592 kB
DirectMap1G:    219152384 kB

container (cgroup) information:
container_type: cgroupv1
cpu_cpuset_cpus: 0-31
cpu_memory_nodes: 0-1
active_processor_count: 2
cpu_quota: -1
cpu_period: 100000
cpu_shares: 2048
memory_limit_in_bytes: -1
memory_and_swap_limit_in_bytes: -1
memory_soft_limit_in_bytes: -1
memory_usage_in_bytes: 5951299584
memory_max_usage_in_bytes: 6144352256


CPU:total 32 (initial active 2) (8 cores per cpu, 2 threads per core) family 6 model 63 stepping 2, cmov, cx8, fxsr, mmx, sse, sse2, sse3, ssse3, sse4.1, sse4.2, popcnt, avx, avx2, aes, clmul, erms, lzcnt, ht, tsc, tscinvbit, bmi1, bmi2

/proc/cpuinfo:
processor	: 0
vendor_id	: GenuineIntel
cpu family	: 6
model		: 63
model name	: Intel(R) Xeon(R) CPU E5-2630 v3 @ 2.40GHz
stepping	: 2
microcode	: 0x43
cpu MHz		: 2623.681
cache size	: 20480 KB
physical id	: 0
siblings	: 16
core id		: 0
cpu cores	: 8
apicid		: 0
initial apicid	: 0
fpu		: yes
fpu_exception	: yes
cpuid level	: 15
wp		: yes
flags		: fpu vme de pse tsc msr pae mce cx8 apic sep mtrr pge mca cmov pat pse36 clflush dts acpi mmx fxsr sse sse2 ss ht tm pbe syscall nx pdpe1gb rdtscp lm constant_tsc arch_perfmon pebs bts rep_good nopl xtopology nonstop_tsc aperfmperf eagerfpu pni pclmulqdq dtes64 monitor ds_cpl vmx smx est tm2 ssse3 sdbg fma cx16 xtpr pdcm pcid dca sse4_1 sse4_2 x2apic movbe popcnt tsc_deadline_timer aes xsave avx f16c rdrand lahf_lm abm epb intel_ppin ssbd ibrs ibpb stibp tpr_shadow vnmi flexpriority ept vpid fsgsbase tsc_adjust bmi1 avx2 smep bmi2 erms invpcid cqm xsaveopt cqm_llc cqm_occup_llc dtherm ida arat pln pts md_clear spec_ctrl intel_stibp flush_l1d
bogomips	: 4788.16
clflush size	: 64
cache_alignment	: 64
address sizes	: 46 bits physical, 48 bits virtual
power management:

processor	: 1
vendor_id	: GenuineIntel
cpu family	: 6
model		: 63
model name	: Intel(R) Xeon(R) CPU E5-2630 v3 @ 2.40GHz
stepping	: 2
microcode	: 0x43
cpu MHz		: 2604.785
cache size	: 20480 KB
physical id	: 0
siblings	: 16
core id		: 1
cpu cores	: 8
apicid		: 2
initial apicid	: 2
fpu		: yes
fpu_exception	: yes
cpuid level	: 15
wp		: yes
flags		: fpu vme de pse tsc msr pae mce cx8 apic sep mtrr pge mca cmov pat pse36 clflush dts acpi mmx fxsr sse sse2 ss ht tm pbe syscall nx pdpe1gb rdtscp lm constant_tsc arch_perfmon pebs bts rep_good nopl xtopology nonstop_tsc aperfmperf eagerfpu pni pclmulqdq dtes64 monitor ds_cpl vmx smx est tm2 ssse3 sdbg fma cx16 xtpr pdcm pcid dca sse4_1 sse4_2 x2apic movbe popcnt tsc_deadline_timer aes xsave avx f16c rdrand lahf_lm abm epb intel_ppin ssbd ibrs ibpb stibp tpr_shadow vnmi flexpriority ept vpid fsgsbase tsc_adjust bmi1 avx2 smep bmi2 erms invpcid cqm xsaveopt cqm_llc cqm_occup_llc dtherm ida arat pln pts md_clear spec_ctrl intel_stibp flush_l1d
bogomips	: 4788.16
clflush size	: 64
cache_alignment	: 64
address sizes	: 46 bits physical, 48 bits virtual
power management:

processor	: 2
vendor_id	: GenuineIntel
cpu family	: 6
model		: 63
model name	: Intel(R) Xeon(R) CPU E5-2630 v3 @ 2.40GHz
stepping	: 2
microcode	: 0x43
cpu MHz		: 2599.951
cache size	: 20480 KB
physical id	: 0
siblings	: 16
core id		: 2
cpu cores	: 8
apicid		: 4
initial apicid	: 4
fpu		: yes
fpu_exception	: yes
cpuid level	: 15
wp		: yes
flags		: fpu vme de pse tsc msr pae mce cx8 apic sep mtrr pge mca cmov pat pse36 clflush dts acpi mmx fxsr sse sse2 ss ht tm pbe syscall nx pdpe1gb rdtscp lm constant_tsc arch_perfmon pebs bts rep_good nopl xtopology nonstop_tsc aperfmperf eagerfpu pni pclmulqdq dtes64 monitor ds_cpl vmx smx est tm2 ssse3 sdbg fma cx16 xtpr pdcm pcid dca sse4_1 sse4_2 x2apic movbe popcnt tsc_deadline_timer aes xsave avx f16c rdrand lahf_lm abm epb intel_ppin ssbd ibrs ibpb stibp tpr_shadow vnmi flexpriority ept vpid fsgsbase tsc_adjust bmi1 avx2 smep bmi2 erms invpcid cqm xsaveopt cqm_llc cqm_occup_llc dtherm ida arat pln pts md_clear spec_ctrl intel_stibp flush_l1d
bogomips	: 4788.16
clflush size	: 64
cache_alignment	: 64
address sizes	: 46 bits physical, 48 bits virtual
power management:

processor	: 3
vendor_id	: GenuineIntel
cpu family	: 6
model		: 63
model name	: Intel(R) Xeon(R) CPU E5-2630 v3 @ 2.40GHz
stepping	: 2
microcode	: 0x43
cpu MHz		: 2400.000
cache size	: 20480 KB
physical id	: 0
siblings	: 16
core id		: 3
cpu cores	: 8
apicid		: 6
initial apicid	: 6
fpu		: yes
fpu_exception	: yes
cpuid level	: 15
wp		: yes
flags		: fpu vme de pse tsc msr pae mce cx8 apic sep mtrr pge mca cmov pat pse36 clflush dts acpi mmx fxsr sse sse2 ss ht tm pbe syscall nx pdpe1gb rdtscp lm constant_tsc arch_perfmon pebs bts rep_good nopl xtopology nonstop_tsc aperfmperf eagerfpu pni pclmulqdq dtes64 monitor ds_cpl vmx smx est tm2 ssse3 sdbg fma cx16 xtpr pdcm pcid dca sse4_1 sse4_2 x2apic movbe popcnt tsc_deadline_timer aes xsave avx f16c rdrand lahf_lm abm epb intel_ppin ssbd ibrs ibpb stibp tpr_shadow vnmi flexpriority ept vpid fsgsbase tsc_adjust bmi1 avx2 smep bmi2 erms invpcid cqm xsaveopt cqm_llc cqm_occup_llc dtherm ida arat pln pts md_clear spec_ctrl intel_stibp flush_l1d
bogomips	: 4788.16
clflush size	: 64
cache_alignment	: 64
address sizes	: 46 bits physical, 48 bits virtual
power management:

processor	: 4
vendor_id	: GenuineIntel
cpu family	: 6
model		: 63
model name	: Intel(R) Xeon(R) CPU E5-2630 v3 @ 2.40GHz
stepping	: 2
microcode	: 0x43
cpu MHz		: 2614.599
cache size	: 20480 KB
physical id	: 0
siblings	: 16
core id		: 4
cpu cores	: 8
apicid		: 8
initial apicid	: 8
fpu		: yes
fpu_exception	: yes
cpuid level	: 15
wp		: yes
flags		: fpu vme de pse tsc msr pae mce cx8 apic sep mtrr pge mca cmov pat pse36 clflush dts acpi mmx fxsr sse sse2 ss ht tm pbe syscall nx pdpe1gb rdtscp lm constant_tsc arch_perfmon pebs bts rep_good nopl xtopology nonstop_tsc aperfmperf eagerfpu pni pclmulqdq dtes64 monitor ds_cpl vmx smx est tm2 ssse3 sdbg fma cx16 xtpr pdcm pcid dca sse4_1 sse4_2 x2apic movbe popcnt tsc_deadline_timer aes xsave avx f16c rdrand lahf_lm abm epb intel_ppin ssbd ibrs ibpb stibp tpr_shadow vnmi flexpriority ept vpid fsgsbase tsc_adjust bmi1 avx2 smep bmi2 erms invpcid cqm xsaveopt cqm_llc cqm_occup_llc dtherm ida arat pln pts md_clear spec_ctrl intel_stibp flush_l1d
bogomips	: 4788.16
clflush size	: 64
cache_alignment	: 64
address sizes	: 46 bits physical, 48 bits virtual
power management:

processor	: 5
vendor_id	: GenuineIntel
cpu family	: 6
model		: 63
model name	: Intel(R) Xeon(R) CPU E5-2630 v3 @ 2.40GHz
stepping	: 2
microcode	: 0x43
cpu MHz		: 2612.255
cache size	: 20480 KB
physical id	: 0
siblings	: 16
core id		: 5
cpu cores	: 8
apicid		: 10
initial apicid	: 10
fpu		: yes
fpu_exception	: yes
cpuid level	: 15
wp		: yes
flags		: fpu vme de pse tsc msr pae mce cx8 apic sep mtrr pge mca cmov pat pse36 clflush dts acpi mmx fxsr sse sse2 ss ht tm pbe syscall nx pdpe1gb rdtscp lm constant_tsc arch_perfmon pebs bts rep_good nopl xtopology nonstop_tsc aperfmperf eagerfpu pni pclmulqdq dtes64 monitor ds_cpl vmx smx est tm2 ssse3 sdbg fma cx16 xtpr pdcm pcid dca sse4_1 sse4_2 x2apic movbe popcnt tsc_deadline_timer aes xsave avx f16c rdrand lahf_lm abm epb intel_ppin ssbd ibrs ibpb stibp tpr_shadow vnmi flexpriority ept vpid fsgsbase tsc_adjust bmi1 avx2 smep bmi2 erms invpcid cqm xsaveopt cqm_llc cqm_occup_llc dtherm ida arat pln pts md_clear spec_ctrl intel_stibp flush_l1d
bogomips	: 4788.16
clflush size	: 64
cache_alignment	: 64
address sizes	: 46 bits physical, 48 bits virtual
power management:

processor	: 6
vendor_id	: GenuineIntel
cpu family	: 6
model		: 63
model name	: Intel(R) Xeon(R) CPU E5-2630 v3 @ 2.40GHz
stepping	: 2
microcode	: 0x43
cpu MHz		: 2599.951
cache size	: 20480 KB
physical id	: 0
siblings	: 16
core id		: 6
cpu cores	: 8
apicid		: 12
initial apicid	: 12
fpu		: yes
fpu_exception	: yes
cpuid level	: 15
wp		: yes
flags		: fpu vme de pse tsc msr pae mce cx8 apic sep mtrr pge mca cmov pat pse36 clflush dts acpi mmx fxsr sse sse2 ss ht tm pbe syscall nx pdpe1gb rdtscp lm constant_tsc arch_perfmon pebs bts rep_good nopl xtopology nonstop_tsc aperfmperf eagerfpu pni pclmulqdq dtes64 monitor ds_cpl vmx smx est tm2 ssse3 sdbg fma cx16 xtpr pdcm pcid dca sse4_1 sse4_2 x2apic movbe popcnt tsc_deadline_timer aes xsave avx f16c rdrand lahf_lm abm epb intel_ppin ssbd ibrs ibpb stibp tpr_shadow vnmi flexpriority ept vpid fsgsbase tsc_adjust bmi1 avx2 smep bmi2 erms invpcid cqm xsaveopt cqm_llc cqm_occup_llc dtherm ida arat pln pts md_clear spec_ctrl intel_stibp flush_l1d
bogomips	: 4788.16
clflush size	: 64
cache_alignment	: 64
address sizes	: 46 bits physical, 48 bits virtual
power management:

processor	: 7
vendor_id	: GenuineIntel
cpu family	: 6
model		: 63
model name	: Intel(R) Xeon(R) CPU E5-2630 v3 @ 2.40GHz
stepping	: 2
microcode	: 0x43
cpu MHz		: 2607.714
cache size	: 20480 KB
physical id	: 0
siblings	: 16
core id		: 7
cpu cores	: 8
apicid		: 14
initial apicid	: 14
fpu		: yes
fpu_exception	: yes
cpuid level	: 15
wp		: yes
flags		: fpu vme de pse tsc msr pae mce cx8 apic sep mtrr pge mca cmov pat pse36 clflush dts acpi mmx fxsr sse sse2 ss ht tm pbe syscall nx pdpe1gb rdtscp lm constant_tsc arch_perfmon pebs bts rep_good nopl xtopology nonstop_tsc aperfmperf eagerfpu pni pclmulqdq dtes64 monitor ds_cpl vmx smx est tm2 ssse3 sdbg fma cx16 xtpr pdcm pcid dca sse4_1 sse4_2 x2apic movbe popcnt tsc_deadline_timer aes xsave avx f16c rdrand lahf_lm abm epb intel_ppin ssbd ibrs ibpb stibp tpr_shadow vnmi flexpriority ept vpid fsgsbase tsc_adjust bmi1 avx2 smep bmi2 erms invpcid cqm xsaveopt cqm_llc cqm_occup_llc dtherm ida arat pln pts md_clear spec_ctrl intel_stibp flush_l1d
bogomips	: 4788.16
clflush size	: 64
cache_alignment	: 64
address sizes	: 46 bits physical, 48 bits virtual
power management:

processor	: 8
vendor_id	: GenuineIntel
cpu family	: 6
model		: 63
model name	: Intel(R) Xeon(R) CPU E5-2630 v3 @ 2.40GHz
stepping	: 2
microcode	: 0x43
cpu MHz		: 1694.238
cache size	: 20480 KB
physical id	: 1
siblings	: 16
core id		: 0
cpu cores	: 8
apicid		: 16
initial apicid	: 16
fpu		: yes
fpu_exception	: yes
cpuid level	: 15
wp		: yes
flags		: fpu vme de pse tsc msr pae mce cx8 apic sep mtrr pge mca cmov pat pse36 clflush dts acpi mmx fxsr sse sse2 ss ht tm pbe syscall nx pdpe1gb rdtscp lm constant_tsc arch_perfmon pebs bts rep_good nopl xtopology nonstop_tsc aperfmperf eagerfpu pni pclmulqdq dtes64 monitor ds_cpl vmx smx est tm2 ssse3 sdbg fma cx16 xtpr pdcm pcid dca sse4_1 sse4_2 x2apic movbe popcnt tsc_deadline_timer aes xsave avx f16c rdrand lahf_lm abm epb intel_ppin ssbd ibrs ibpb stibp tpr_shadow vnmi flexpriority ept vpid fsgsbase tsc_adjust bmi1 avx2 smep bmi2 erms invpcid cqm xsaveopt cqm_llc cqm_occup_llc dtherm ida arat pln pts md_clear spec_ctrl intel_stibp flush_l1d
bogomips	: 4793.27
clflush size	: 64
cache_alignment	: 64
address sizes	: 46 bits physical, 48 bits virtual
power management:

processor	: 9
vendor_id	: GenuineIntel
cpu family	: 6
model		: 63
model name	: Intel(R) Xeon(R) CPU E5-2630 v3 @ 2.40GHz
stepping	: 2
microcode	: 0x43
cpu MHz		: 2611.962
cache size	: 20480 KB
physical id	: 1
siblings	: 16
core id		: 1
cpu cores	: 8
apicid		: 18
initial apicid	: 18
fpu		: yes
fpu_exception	: yes
cpuid level	: 15
wp		: yes
flags		: fpu vme de pse tsc msr pae mce cx8 apic sep mtrr pge mca cmov pat pse36 clflush dts acpi mmx fxsr sse sse2 ss ht tm pbe syscall nx pdpe1gb rdtscp lm constant_tsc arch_perfmon pebs bts rep_good nopl xtopology nonstop_tsc aperfmperf eagerfpu pni pclmulqdq dtes64 monitor ds_cpl vmx smx est tm2 ssse3 sdbg fma cx16 xtpr pdcm pcid dca sse4_1 sse4_2 x2apic movbe popcnt tsc_deadline_timer aes xsave avx f16c rdrand lahf_lm abm epb intel_ppin ssbd ibrs ibpb stibp tpr_shadow vnmi flexpriority ept vpid fsgsbase tsc_adjust bmi1 avx2 smep bmi2 erms invpcid cqm xsaveopt cqm_llc cqm_occup_llc dtherm ida arat pln pts md_clear spec_ctrl intel_stibp flush_l1d
bogomips	: 4793.27
clflush size	: 64
cache_alignment	: 64
address sizes	: 46 bits physical, 48 bits virtual
power management:

processor	: 10
vendor_id	: GenuineIntel
cpu family	: 6
model		: 63
model name	: Intel(R) Xeon(R) CPU E5-2630 v3 @ 2.40GHz
stepping	: 2
microcode	: 0x43
cpu MHz		: 2611.230
cache size	: 20480 KB
physical id	: 1
siblings	: 16
core id		: 2
cpu cores	: 8
apicid		: 20
initial apicid	: 20
fpu		: yes
fpu_exception	: yes
cpuid level	: 15
wp		: yes
flags		: fpu vme de pse tsc msr pae mce cx8 apic sep mtrr pge mca cmov pat pse36 clflush dts acpi mmx fxsr sse sse2 ss ht tm pbe syscall nx pdpe1gb rdtscp lm constant_tsc arch_perfmon pebs bts rep_good nopl xtopology nonstop_tsc aperfmperf eagerfpu pni pclmulqdq dtes64 monitor ds_cpl vmx smx est tm2 ssse3 sdbg fma cx16 xtpr pdcm pcid dca sse4_1 sse4_2 x2apic movbe popcnt tsc_deadline_timer aes xsave avx f16c rdrand lahf_lm abm epb intel_ppin ssbd ibrs ibpb stibp tpr_shadow vnmi flexpriority ept vpid fsgsbase tsc_adjust bmi1 avx2 smep bmi2 erms invpcid cqm xsaveopt cqm_llc cqm_occup_llc dtherm ida arat pln pts md_clear spec_ctrl intel_stibp flush_l1d
bogomips	: 4793.27
clflush size	: 64
cache_alignment	: 64
address sizes	: 46 bits physical, 48 bits virtual
power management:

processor	: 11
vendor_id	: GenuineIntel
cpu family	: 6
model		: 63
model name	: Intel(R) Xeon(R) CPU E5-2630 v3 @ 2.40GHz
stepping	: 2
microcode	: 0x43
cpu MHz		: 2601.708
cache size	: 20480 KB
physical id	: 1
siblings	: 16
core id		: 3
cpu cores	: 8
apicid		: 22
initial apicid	: 22
fpu		: yes
fpu_exception	: yes
cpuid level	: 15
wp		: yes
flags		: fpu vme de pse tsc msr pae mce cx8 apic sep mtrr pge mca cmov pat pse36 clflush dts acpi mmx fxsr sse sse2 ss ht tm pbe syscall nx pdpe1gb rdtscp lm constant_tsc arch_perfmon pebs bts rep_good nopl xtopology nonstop_tsc aperfmperf eagerfpu pni pclmulqdq dtes64 monitor ds_cpl vmx smx est tm2 ssse3 sdbg fma cx16 xtpr pdcm pcid dca sse4_1 sse4_2 x2apic movbe popcnt tsc_deadline_timer aes xsave avx f16c rdrand lahf_lm abm epb intel_ppin ssbd ibrs ibpb stibp tpr_shadow vnmi flexpriority ept vpid fsgsbase tsc_adjust bmi1 avx2 smep bmi2 erms invpcid cqm xsaveopt cqm_llc cqm_occup_llc dtherm ida arat pln pts md_clear spec_ctrl intel_stibp flush_l1d
bogomips	: 4793.27
clflush size	: 64
cache_alignment	: 64
address sizes	: 46 bits physical, 48 bits virtual
power management:

processor	: 12
vendor_id	: GenuineIntel
cpu family	: 6
model		: 63
model name	: Intel(R) Xeon(R) CPU E5-2630 v3 @ 2.40GHz
stepping	: 2
microcode	: 0x43
cpu MHz		: 2601.269
cache size	: 20480 KB
physical id	: 1
siblings	: 16
core id		: 4
cpu cores	: 8
apicid		: 24
initial apicid	: 24
fpu		: yes
fpu_exception	: yes
cpuid level	: 15
wp		: yes
flags		: fpu vme de pse tsc msr pae mce cx8 apic sep mtrr pge mca cmov pat pse36 clflush dts acpi mmx fxsr sse sse2 ss ht tm pbe syscall nx pdpe1gb rdtscp lm constant_tsc arch_perfmon pebs bts rep_good nopl xtopology nonstop_tsc aperfmperf eagerfpu pni pclmulqdq dtes64 monitor ds_cpl vmx smx est tm2 ssse3 sdbg fma cx16 xtpr pdcm pcid dca sse4_1 sse4_2 x2apic movbe popcnt tsc_deadline_timer aes xsave avx f16c rdrand lahf_lm abm epb intel_ppin ssbd ibrs ibpb stibp tpr_shadow vnmi flexpriority ept vpid fsgsbase tsc_adjust bmi1 avx2 smep bmi2 erms invpcid cqm xsaveopt cqm_llc cqm_occup_llc dtherm ida arat pln pts md_clear spec_ctrl intel_stibp flush_l1d
bogomips	: 4793.27
clflush size	: 64
cache_alignment	: 64
address sizes	: 46 bits physical, 48 bits virtual
power management:

processor	: 13
vendor_id	: GenuineIntel
cpu family	: 6
model		: 63
model name	: Intel(R) Xeon(R) CPU E5-2630 v3 @ 2.40GHz
stepping	: 2
microcode	: 0x43
cpu MHz		: 2601.708
cache size	: 20480 KB
physical id	: 1
siblings	: 16
core id		: 5
cpu cores	: 8
apicid		: 26
initial apicid	: 26
fpu		: yes
fpu_exception	: yes
cpuid level	: 15
wp		: yes
flags		: fpu vme de pse tsc msr pae mce cx8 apic sep mtrr pge mca cmov pat pse36 clflush dts acpi mmx fxsr sse sse2 ss ht tm pbe syscall nx pdpe1gb rdtscp lm constant_tsc arch_perfmon pebs bts rep_good nopl xtopology nonstop_tsc aperfmperf eagerfpu pni pclmulqdq dtes64 monitor ds_cpl vmx smx est tm2 ssse3 sdbg fma cx16 xtpr pdcm pcid dca sse4_1 sse4_2 x2apic movbe popcnt tsc_deadline_timer aes xsave avx f16c rdrand lahf_lm abm epb intel_ppin ssbd ibrs ibpb stibp tpr_shadow vnmi flexpriority ept vpid fsgsbase tsc_adjust bmi1 avx2 smep bmi2 erms invpcid cqm xsaveopt cqm_llc cqm_occup_llc dtherm ida arat pln pts md_clear spec_ctrl intel_stibp flush_l1d
bogomips	: 4793.27
clflush size	: 64
cache_alignment	: 64
address sizes	: 46 bits physical, 48 bits virtual
power management:

processor	: 14
vendor_id	: GenuineIntel
cpu family	: 6
model		: 63
model name	: Intel(R) Xeon(R) CPU E5-2630 v3 @ 2.40GHz
stepping	: 2
microcode	: 0x43
cpu MHz		: 2602.001
cache size	: 20480 KB
physical id	: 1
siblings	: 16
core id		: 6
cpu cores	: 8
apicid		: 28
initial apicid	: 28
fpu		: yes
fpu_exception	: yes
cpuid level	: 15
wp		: yes
flags		: fpu vme de pse tsc msr pae mce cx8 apic sep mtrr pge mca cmov pat pse36 clflush dts acpi mmx fxsr sse sse2 ss ht tm pbe syscall nx pdpe1gb rdtscp lm constant_tsc arch_perfmon pebs bts rep_good nopl xtopology nonstop_tsc aperfmperf eagerfpu pni pclmulqdq dtes64 monitor ds_cpl vmx smx est tm2 ssse3 sdbg fma cx16 xtpr pdcm pcid dca sse4_1 sse4_2 x2apic movbe popcnt tsc_deadline_timer aes xsave avx f16c rdrand lahf_lm abm epb intel_ppin ssbd ibrs ibpb stibp tpr_shadow vnmi flexpriority ept vpid fsgsbase tsc_adjust bmi1 avx2 smep bmi2 erms invpcid cqm xsaveopt cqm_llc cqm_occup_llc dtherm ida arat pln pts md_clear spec_ctrl intel_stibp flush_l1d
bogomips	: 4793.27
clflush size	: 64
cache_alignment	: 64
address sizes	: 46 bits physical, 48 bits virtual
power management:

processor	: 15
vendor_id	: GenuineIntel
cpu family	: 6
model		: 63
model name	: Intel(R) Xeon(R) CPU E5-2630 v3 @ 2.40GHz
stepping	: 2
microcode	: 0x43
cpu MHz		: 1589.062
cache size	: 20480 KB
physical id	: 1
siblings	: 16
core id		: 7
cpu cores	: 8
apicid		: 30
initial apicid	: 30
fpu		: yes
fpu_exception	: yes
cpuid level	: 15
wp		: yes
flags		: fpu vme de pse tsc msr pae mce cx8 apic sep mtrr pge mca cmov pat pse36 clflush dts acpi mmx fxsr sse sse2 ss ht tm pbe syscall nx pdpe1gb rdtscp lm constant_tsc arch_perfmon pebs bts rep_good nopl xtopology nonstop_tsc aperfmperf eagerfpu pni pclmulqdq dtes64 monitor ds_cpl vmx smx est tm2 ssse3 sdbg fma cx16 xtpr pdcm pcid dca sse4_1 sse4_2 x2apic movbe popcnt tsc_deadline_timer aes xsave avx f16c rdrand lahf_lm abm epb intel_ppin ssbd ibrs ibpb stibp tpr_shadow vnmi flexpriority ept vpid fsgsbase tsc_adjust bmi1 avx2 smep bmi2 erms invpcid cqm xsaveopt cqm_llc cqm_occup_llc dtherm ida arat pln pts md_clear spec_ctrl intel_stibp flush_l1d
bogomips	: 4793.27
clflush size	: 64
cache_alignment	: 64
address sizes	: 46 bits physical, 48 bits virtual
power management:

processor	: 16
vendor_id	: GenuineIntel
cpu family	: 6
model		: 63
model name	: Intel(R) Xeon(R) CPU E5-2630 v3 @ 2.40GHz
stepping	: 2
microcode	: 0x43
cpu MHz		: 2599.511
cache size	: 20480 KB
physical id	: 0
siblings	: 16
core id		: 0
cpu cores	: 8
apicid		: 1
initial apicid	: 1
fpu		: yes
fpu_exception	: yes
cpuid level	: 15
wp		: yes
flags		: fpu vme de pse tsc msr pae mce cx8 apic sep mtrr pge mca cmov pat pse36 clflush dts acpi mmx fxsr sse sse2 ss ht tm pbe syscall nx pdpe1gb rdtscp lm constant_tsc arch_perfmon pebs bts rep_good nopl xtopology nonstop_tsc aperfmperf eagerfpu pni pclmulqdq dtes64 monitor ds_cpl vmx smx est tm2 ssse3 sdbg fma cx16 xtpr pdcm pcid dca sse4_1 sse4_2 x2apic movbe popcnt tsc_deadline_timer aes xsave avx f16c rdrand lahf_lm abm epb intel_ppin ssbd ibrs ibpb stibp tpr_shadow vnmi flexpriority ept vpid fsgsbase tsc_adjust bmi1 avx2 smep bmi2 erms invpcid cqm xsaveopt cqm_llc cqm_occup_llc dtherm ida arat pln pts md_clear spec_ctrl intel_stibp flush_l1d
bogomips	: 4788.16
clflush size	: 64
cache_alignment	: 64
address sizes	: 46 bits physical, 48 bits virtual
power management:

processor	: 17
vendor_id	: GenuineIntel
cpu family	: 6
model		: 63
model name	: Intel(R) Xeon(R) CPU E5-2630 v3 @ 2.40GHz
stepping	: 2
microcode	: 0x43
cpu MHz		: 2614.599
cache size	: 20480 KB
physical id	: 0
siblings	: 16
core id		: 1
cpu cores	: 8
apicid		: 3
initial apicid	: 3
fpu		: yes
fpu_exception	: yes
cpuid level	: 15
wp		: yes
flags		: fpu vme de pse tsc msr pae mce cx8 apic sep mtrr pge mca cmov pat pse36 clflush dts acpi mmx fxsr sse sse2 ss ht tm pbe syscall nx pdpe1gb rdtscp lm constant_tsc arch_perfmon pebs bts rep_good nopl xtopology nonstop_tsc aperfmperf eagerfpu pni pclmulqdq dtes64 monitor ds_cpl vmx smx est tm2 ssse3 sdbg fma cx16 xtpr pdcm pcid dca sse4_1 sse4_2 x2apic movbe popcnt tsc_deadline_timer aes xsave avx f16c rdrand lahf_lm abm epb intel_ppin ssbd ibrs ibpb stibp tpr_shadow vnmi flexpriority ept vpid fsgsbase tsc_adjust bmi1 avx2 smep bmi2 erms invpcid cqm xsaveopt cqm_llc cqm_occup_llc dtherm ida arat pln pts md_clear spec_ctrl intel_stibp flush_l1d
bogomips	: 4788.16
clflush size	: 64
cache_alignment	: 64
address sizes	: 46 bits physical, 48 bits virtual
power management:

processor	: 18
vendor_id	: GenuineIntel
cpu family	: 6
model		: 63
model name	: Intel(R) Xeon(R) CPU E5-2630 v3 @ 2.40GHz
stepping	: 2
microcode	: 0x43
cpu MHz		: 2600.097
cache size	: 20480 KB
physical id	: 0
siblings	: 16
core id		: 2
cpu cores	: 8
apicid		: 5
initial apicid	: 5
fpu		: yes
fpu_exception	: yes
cpuid level	: 15
wp		: yes
flags		: fpu vme de pse tsc msr pae mce cx8 apic sep mtrr pge mca cmov pat pse36 clflush dts acpi mmx fxsr sse sse2 ss ht tm pbe syscall nx pdpe1gb rdtscp lm constant_tsc arch_perfmon pebs bts rep_good nopl xtopology nonstop_tsc aperfmperf eagerfpu pni pclmulqdq dtes64 monitor ds_cpl vmx smx est tm2 ssse3 sdbg fma cx16 xtpr pdcm pcid dca sse4_1 sse4_2 x2apic movbe popcnt tsc_deadline_timer aes xsave avx f16c rdrand lahf_lm abm epb intel_ppin ssbd ibrs ibpb stibp tpr_shadow vnmi flexpriority ept vpid fsgsbase tsc_adjust bmi1 avx2 smep bmi2 erms invpcid cqm xsaveopt cqm_llc cqm_occup_llc dtherm ida arat pln pts md_clear spec_ctrl intel_stibp flush_l1d
bogomips	: 4788.16
clflush size	: 64
cache_alignment	: 64
address sizes	: 46 bits physical, 48 bits virtual
power management:

processor	: 19
vendor_id	: GenuineIntel
cpu family	: 6
model		: 63
model name	: Intel(R) Xeon(R) CPU E5-2630 v3 @ 2.40GHz
stepping	: 2
microcode	: 0x43
cpu MHz		: 2400.000
cache size	: 20480 KB
physical id	: 0
siblings	: 16
core id		: 3
cpu cores	: 8
apicid		: 7
initial apicid	: 7
fpu		: yes
fpu_exception	: yes
cpuid level	: 15
wp		: yes
flags		: fpu vme de pse tsc msr pae mce cx8 apic sep mtrr pge mca cmov pat pse36 clflush dts acpi mmx fxsr sse sse2 ss ht tm pbe syscall nx pdpe1gb rdtscp lm constant_tsc arch_perfmon pebs bts rep_good nopl xtopology nonstop_tsc aperfmperf eagerfpu pni pclmulqdq dtes64 monitor ds_cpl vmx smx est tm2 ssse3 sdbg fma cx16 xtpr pdcm pcid dca sse4_1 sse4_2 x2apic movbe popcnt tsc_deadline_timer aes xsave avx f16c rdrand lahf_lm abm epb intel_ppin ssbd ibrs ibpb stibp tpr_shadow vnmi flexpriority ept vpid fsgsbase tsc_adjust bmi1 avx2 smep bmi2 erms invpcid cqm xsaveopt cqm_llc cqm_occup_llc dtherm ida arat pln pts md_clear spec_ctrl intel_stibp flush_l1d
bogomips	: 4788.16
clflush size	: 64
cache_alignment	: 64
address sizes	: 46 bits physical, 48 bits virtual
power management:

processor	: 20
vendor_id	: GenuineIntel
cpu family	: 6
model		: 63
model name	: Intel(R) Xeon(R) CPU E5-2630 v3 @ 2.40GHz
stepping	: 2
microcode	: 0x43
cpu MHz		: 2630.566
cache size	: 20480 KB
physical id	: 0
siblings	: 16
core id		: 4
cpu cores	: 8
apicid		: 9
initial apicid	: 9
fpu		: yes
fpu_exception	: yes
cpuid level	: 15
wp		: yes
flags		: fpu vme de pse tsc msr pae mce cx8 apic sep mtrr pge mca cmov pat pse36 clflush dts acpi mmx fxsr sse sse2 ss ht tm pbe syscall nx pdpe1gb rdtscp lm constant_tsc arch_perfmon pebs bts rep_good nopl xtopology nonstop_tsc aperfmperf eagerfpu pni pclmulqdq dtes64 monitor ds_cpl vmx smx est tm2 ssse3 sdbg fma cx16 xtpr pdcm pcid dca sse4_1 sse4_2 x2apic movbe popcnt tsc_deadline_timer aes xsave avx f16c rdrand lahf_lm abm epb intel_ppin ssbd ibrs ibpb stibp tpr_shadow vnmi flexpriority ept vpid fsgsbase tsc_adjust bmi1 avx2 smep bmi2 erms invpcid cqm xsaveopt cqm_llc cqm_occup_llc dtherm ida arat pln pts md_clear spec_ctrl intel_stibp flush_l1d
bogomips	: 4788.16
clflush size	: 64
cache_alignment	: 64
address sizes	: 46 bits physical, 48 bits virtual
power management:

processor	: 21
vendor_id	: GenuineIntel
cpu family	: 6
model		: 63
model name	: Intel(R) Xeon(R) CPU E5-2630 v3 @ 2.40GHz
stepping	: 2
microcode	: 0x43
cpu MHz		: 2599.951
cache size	: 20480 KB
physical id	: 0
siblings	: 16
core id		: 5
cpu cores	: 8
apicid		: 11
initial apicid	: 11
fpu		: yes
fpu_exception	: yes
cpuid level	: 15
wp		: yes
flags		: fpu vme de pse tsc msr pae mce cx8 apic sep mtrr pge mca cmov pat pse36 clflush dts acpi mmx fxsr sse sse2 ss ht tm pbe syscall nx pdpe1gb rdtscp lm constant_tsc arch_perfmon pebs bts rep_good nopl xtopology nonstop_tsc aperfmperf eagerfpu pni pclmulqdq dtes64 monitor ds_cpl vmx smx est tm2 ssse3 sdbg fma cx16 xtpr pdcm pcid dca sse4_1 sse4_2 x2apic movbe popcnt tsc_deadline_timer aes xsave avx f16c rdrand lahf_lm abm epb intel_ppin ssbd ibrs ibpb stibp tpr_shadow vnmi flexpriority ept vpid fsgsbase tsc_adjust bmi1 avx2 smep bmi2 erms invpcid cqm xsaveopt cqm_llc cqm_occup_llc dtherm ida arat pln pts md_clear spec_ctrl intel_stibp flush_l1d
bogomips	: 4788.16
clflush size	: 64
cache_alignment	: 64
address sizes	: 46 bits physical, 48 bits virtual
power management:

processor	: 22
vendor_id	: GenuineIntel
cpu family	: 6
model		: 63
model name	: Intel(R) Xeon(R) CPU E5-2630 v3 @ 2.40GHz
stepping	: 2
microcode	: 0x43
cpu MHz		: 2600.244
cache size	: 20480 KB
physical id	: 0
siblings	: 16
core id		: 6
cpu cores	: 8
apicid		: 13
initial apicid	: 13
fpu		: yes
fpu_exception	: yes
cpuid level	: 15
wp		: yes
flags		: fpu vme de pse tsc msr pae mce cx8 apic sep mtrr pge mca cmov pat pse36 clflush dts acpi mmx fxsr sse sse2 ss ht tm pbe syscall nx pdpe1gb rdtscp lm constant_tsc arch_perfmon pebs bts rep_good nopl xtopology nonstop_tsc aperfmperf eagerfpu pni pclmulqdq dtes64 monitor ds_cpl vmx smx est tm2 ssse3 sdbg fma cx16 xtpr pdcm pcid dca sse4_1 sse4_2 x2apic movbe popcnt tsc_deadline_timer aes xsave avx f16c rdrand lahf_lm abm epb intel_ppin ssbd ibrs ibpb stibp tpr_shadow vnmi flexpriority ept vpid fsgsbase tsc_adjust bmi1 avx2 smep bmi2 erms invpcid cqm xsaveopt cqm_llc cqm_occup_llc dtherm ida arat pln pts md_clear spec_ctrl intel_stibp flush_l1d
bogomips	: 4788.16
clflush size	: 64
cache_alignment	: 64
address sizes	: 46 bits physical, 48 bits virtual
power management:

processor	: 23
vendor_id	: GenuineIntel
cpu family	: 6
model		: 63
model name	: Intel(R) Xeon(R) CPU E5-2630 v3 @ 2.40GHz
stepping	: 2
microcode	: 0x43
cpu MHz		: 2399.414
cache size	: 20480 KB
physical id	: 0
siblings	: 16
core id		: 7
cpu cores	: 8
apicid		: 15
initial apicid	: 15
fpu		: yes
fpu_exception	: yes
cpuid level	: 15
wp		: yes
flags		: fpu vme de pse tsc msr pae mce cx8 apic sep mtrr pge mca cmov pat pse36 clflush dts acpi mmx fxsr sse sse2 ss ht tm pbe syscall nx pdpe1gb rdtscp lm constant_tsc arch_perfmon pebs bts rep_good nopl xtopology nonstop_tsc aperfmperf eagerfpu pni pclmulqdq dtes64 monitor ds_cpl vmx smx est tm2 ssse3 sdbg fma cx16 xtpr pdcm pcid dca sse4_1 sse4_2 x2apic movbe popcnt tsc_deadline_timer aes xsave avx f16c rdrand lahf_lm abm epb intel_ppin ssbd ibrs ibpb stibp tpr_shadow vnmi flexpriority ept vpid fsgsbase tsc_adjust bmi1 avx2 smep bmi2 erms invpcid cqm xsaveopt cqm_llc cqm_occup_llc dtherm ida arat pln pts md_clear spec_ctrl intel_stibp flush_l1d
bogomips	: 4788.16
clflush size	: 64
cache_alignment	: 64
address sizes	: 46 bits physical, 48 bits virtual
power management:

processor	: 24
vendor_id	: GenuineIntel
cpu family	: 6
model		: 63
model name	: Intel(R) Xeon(R) CPU E5-2630 v3 @ 2.40GHz
stepping	: 2
microcode	: 0x43
cpu MHz		: 1703.759
cache size	: 20480 KB
physical id	: 1
siblings	: 16
core id		: 0
cpu cores	: 8
apicid		: 17
initial apicid	: 17
fpu		: yes
fpu_exception	: yes
cpuid level	: 15
wp		: yes
flags		: fpu vme de pse tsc msr pae mce cx8 apic sep mtrr pge mca cmov pat pse36 clflush dts acpi mmx fxsr sse sse2 ss ht tm pbe syscall nx pdpe1gb rdtscp lm constant_tsc arch_perfmon pebs bts rep_good nopl xtopology nonstop_tsc aperfmperf eagerfpu pni pclmulqdq dtes64 monitor ds_cpl vmx smx est tm2 ssse3 sdbg fma cx16 xtpr pdcm pcid dca sse4_1 sse4_2 x2apic movbe popcnt tsc_deadline_timer aes xsave avx f16c rdrand lahf_lm abm epb intel_ppin ssbd ibrs ibpb stibp tpr_shadow vnmi flexpriority ept vpid fsgsbase tsc_adjust bmi1 avx2 smep bmi2 erms invpcid cqm xsaveopt cqm_llc cqm_occup_llc dtherm ida arat pln pts md_clear spec_ctrl intel_stibp flush_l1d
bogomips	: 4793.27
clflush size	: 64
cache_alignment	: 64
address sizes	: 46 bits physical, 48 bits virtual
power management:

processor	: 25
vendor_id	: GenuineIntel
cpu family	: 6
model		: 63
model name	: Intel(R) Xeon(R) CPU E5-2630 v3 @ 2.40GHz
stepping	: 2
microcode	: 0x43
cpu MHz		: 2604.492
cache size	: 20480 KB
physical id	: 1
siblings	: 16
core id		: 1
cpu cores	: 8
apicid		: 19
initial apicid	: 19
fpu		: yes
fpu_exception	: yes
cpuid level	: 15
wp		: yes
flags		: fpu vme de pse tsc msr pae mce cx8 apic sep mtrr pge mca cmov pat pse36 clflush dts acpi mmx fxsr sse sse2 ss ht tm pbe syscall nx pdpe1gb rdtscp lm constant_tsc arch_perfmon pebs bts rep_good nopl xtopology nonstop_tsc aperfmperf eagerfpu pni pclmulqdq dtes64 monitor ds_cpl vmx smx est tm2 ssse3 sdbg fma cx16 xtpr pdcm pcid dca sse4_1 sse4_2 x2apic movbe popcnt tsc_deadline_timer aes xsave avx f16c rdrand lahf_lm abm epb intel_ppin ssbd ibrs ibpb stibp tpr_shadow vnmi flexpriority ept vpid fsgsbase tsc_adjust bmi1 avx2 smep bmi2 erms invpcid cqm xsaveopt cqm_llc cqm_occup_llc dtherm ida arat pln pts md_clear spec_ctrl intel_stibp flush_l1d
bogomips	: 4793.27
clflush size	: 64
cache_alignment	: 64
address sizes	: 46 bits physical, 48 bits virtual
power management:

processor	: 26
vendor_id	: GenuineIntel
cpu family	: 6
model		: 63
model name	: Intel(R) Xeon(R) CPU E5-2630 v3 @ 2.40GHz
stepping	: 2
microcode	: 0x43
cpu MHz		: 2606.103
cache size	: 20480 KB
physical id	: 1
siblings	: 16
core id		: 2
cpu cores	: 8
apicid		: 21
initial apicid	: 21
fpu		: yes
fpu_exception	: yes
cpuid level	: 15
wp		: yes
flags		: fpu vme de pse tsc msr pae mce cx8 apic sep mtrr pge mca cmov pat pse36 clflush dts acpi mmx fxsr sse sse2 ss ht tm pbe syscall nx pdpe1gb rdtscp lm constant_tsc arch_perfmon pebs bts rep_good nopl xtopology nonstop_tsc aperfmperf eagerfpu pni pclmulqdq dtes64 monitor ds_cpl vmx smx est tm2 ssse3 sdbg fma cx16 xtpr pdcm pcid dca sse4_1 sse4_2 x2apic movbe popcnt tsc_deadline_timer aes xsave avx f16c rdrand lahf_lm abm epb intel_ppin ssbd ibrs ibpb stibp tpr_shadow vnmi flexpriority ept vpid fsgsbase tsc_adjust bmi1 avx2 smep bmi2 erms invpcid cqm xsaveopt cqm_llc cqm_occup_llc dtherm ida arat pln pts md_clear spec_ctrl intel_stibp flush_l1d
bogomips	: 4793.27
clflush size	: 64
cache_alignment	: 64
address sizes	: 46 bits physical, 48 bits virtual
power management:

processor	: 27
vendor_id	: GenuineIntel
cpu family	: 6
model		: 63
model name	: Intel(R) Xeon(R) CPU E5-2630 v3 @ 2.40GHz
stepping	: 2
microcode	: 0x43
cpu MHz		: 2645.654
cache size	: 20480 KB
physical id	: 1
siblings	: 16
core id		: 3
cpu cores	: 8
apicid		: 23
initial apicid	: 23
fpu		: yes
fpu_exception	: yes
cpuid level	: 15
wp		: yes
flags		: fpu vme de pse tsc msr pae mce cx8 apic sep mtrr pge mca cmov pat pse36 clflush dts acpi mmx fxsr sse sse2 ss ht tm pbe syscall nx pdpe1gb rdtscp lm constant_tsc arch_perfmon pebs bts rep_good nopl xtopology nonstop_tsc aperfmperf eagerfpu pni pclmulqdq dtes64 monitor ds_cpl vmx smx est tm2 ssse3 sdbg fma cx16 xtpr pdcm pcid dca sse4_1 sse4_2 x2apic movbe popcnt tsc_deadline_timer aes xsave avx f16c rdrand lahf_lm abm epb intel_ppin ssbd ibrs ibpb stibp tpr_shadow vnmi flexpriority ept vpid fsgsbase tsc_adjust bmi1 avx2 smep bmi2 erms invpcid cqm xsaveopt cqm_llc cqm_occup_llc dtherm ida arat pln pts md_clear spec_ctrl intel_stibp flush_l1d
bogomips	: 4793.27
clflush size	: 64
cache_alignment	: 64
address sizes	: 46 bits physical, 48 bits virtual
power management:

processor	: 28
vendor_id	: GenuineIntel
cpu family	: 6
model		: 63
model name	: Intel(R) Xeon(R) CPU E5-2630 v3 @ 2.40GHz
stepping	: 2
microcode	: 0x43
cpu MHz		: 2599.951
cache size	: 20480 KB
physical id	: 1
siblings	: 16
core id		: 4
cpu cores	: 8
apicid		: 25
initial apicid	: 25
fpu		: yes
fpu_exception	: yes
cpuid level	: 15
wp		: yes
flags		: fpu vme de pse tsc msr pae mce cx8 apic sep mtrr pge mca cmov pat pse36 clflush dts acpi mmx fxsr sse sse2 ss ht tm pbe syscall nx pdpe1gb rdtscp lm constant_tsc arch_perfmon pebs bts rep_good nopl xtopology nonstop_tsc aperfmperf eagerfpu pni pclmulqdq dtes64 monitor ds_cpl vmx smx est tm2 ssse3 sdbg fma cx16 xtpr pdcm pcid dca sse4_1 sse4_2 x2apic movbe popcnt tsc_deadline_timer aes xsave avx f16c rdrand lahf_lm abm epb intel_ppin ssbd ibrs ibpb stibp tpr_shadow vnmi flexpriority ept vpid fsgsbase tsc_adjust bmi1 avx2 smep bmi2 erms invpcid cqm xsaveopt cqm_llc cqm_occup_llc dtherm ida arat pln pts md_clear spec_ctrl intel_stibp flush_l1d
bogomips	: 4793.27
clflush size	: 64
cache_alignment	: 64
address sizes	: 46 bits physical, 48 bits virtual
power management:

processor	: 29
vendor_id	: GenuineIntel
cpu family	: 6
model		: 63
model name	: Intel(R) Xeon(R) CPU E5-2630 v3 @ 2.40GHz
stepping	: 2
microcode	: 0x43
cpu MHz		: 2615.332
cache size	: 20480 KB
physical id	: 1
siblings	: 16
core id		: 5
cpu cores	: 8
apicid		: 27
initial apicid	: 27
fpu		: yes
fpu_exception	: yes
cpuid level	: 15
wp		: yes
flags		: fpu vme de pse tsc msr pae mce cx8 apic sep mtrr pge mca cmov pat pse36 clflush dts acpi mmx fxsr sse sse2 ss ht tm pbe syscall nx pdpe1gb rdtscp lm constant_tsc arch_perfmon pebs bts rep_good nopl xtopology nonstop_tsc aperfmperf eagerfpu pni pclmulqdq dtes64 monitor ds_cpl vmx smx est tm2 ssse3 sdbg fma cx16 xtpr pdcm pcid dca sse4_1 sse4_2 x2apic movbe popcnt tsc_deadline_timer aes xsave avx f16c rdrand lahf_lm abm epb intel_ppin ssbd ibrs ibpb stibp tpr_shadow vnmi flexpriority ept vpid fsgsbase tsc_adjust bmi1 avx2 smep bmi2 erms invpcid cqm xsaveopt cqm_llc cqm_occup_llc dtherm ida arat pln pts md_clear spec_ctrl intel_stibp flush_l1d
bogomips	: 4793.27
clflush size	: 64
cache_alignment	: 64
address sizes	: 46 bits physical, 48 bits virtual
power management:

processor	: 30
vendor_id	: GenuineIntel
cpu family	: 6
model		: 63
model name	: Intel(R) Xeon(R) CPU E5-2630 v3 @ 2.40GHz
stepping	: 2
microcode	: 0x43
cpu MHz		: 2599.951
cache size	: 20480 KB
physical id	: 1
siblings	: 16
core id		: 6
cpu cores	: 8
apicid		: 29
initial apicid	: 29
fpu		: yes
fpu_exception	: yes
cpuid level	: 15
wp		: yes
flags		: fpu vme de pse tsc msr pae mce cx8 apic sep mtrr pge mca cmov pat pse36 clflush dts acpi mmx fxsr sse sse2 ss ht tm pbe syscall nx pdpe1gb rdtscp lm constant_tsc arch_perfmon pebs bts rep_good nopl xtopology nonstop_tsc aperfmperf eagerfpu pni pclmulqdq dtes64 monitor ds_cpl vmx smx est tm2 ssse3 sdbg fma cx16 xtpr pdcm pcid dca sse4_1 sse4_2 x2apic movbe popcnt tsc_deadline_timer aes xsave avx f16c rdrand lahf_lm abm epb intel_ppin ssbd ibrs ibpb stibp tpr_shadow vnmi flexpriority ept vpid fsgsbase tsc_adjust bmi1 avx2 smep bmi2 erms invpcid cqm xsaveopt cqm_llc cqm_occup_llc dtherm ida arat pln pts md_clear spec_ctrl intel_stibp flush_l1d
bogomips	: 4793.27
clflush size	: 64
cache_alignment	: 64
address sizes	: 46 bits physical, 48 bits virtual
power management:

processor	: 31
vendor_id	: GenuineIntel
cpu family	: 6
model		: 63
model name	: Intel(R) Xeon(R) CPU E5-2630 v3 @ 2.40GHz
stepping	: 2
microcode	: 0x43
cpu MHz		: 1564.599
cache size	: 20480 KB
physical id	: 1
siblings	: 16
core id		: 7
cpu cores	: 8
apicid		: 31
initial apicid	: 31
fpu		: yes
fpu_exception	: yes
cpuid level	: 15
wp		: yes
flags		: fpu vme de pse tsc msr pae mce cx8 apic sep mtrr pge mca cmov pat pse36 clflush dts acpi mmx fxsr sse sse2 ss ht tm pbe syscall nx pdpe1gb rdtscp lm constant_tsc arch_perfmon pebs bts rep_good nopl xtopology nonstop_tsc aperfmperf eagerfpu pni pclmulqdq dtes64 monitor ds_cpl vmx smx est tm2 ssse3 sdbg fma cx16 xtpr pdcm pcid dca sse4_1 sse4_2 x2apic movbe popcnt tsc_deadline_timer aes xsave avx f16c rdrand lahf_lm abm epb intel_ppin ssbd ibrs ibpb stibp tpr_shadow vnmi flexpriority ept vpid fsgsbase tsc_adjust bmi1 avx2 smep bmi2 erms invpcid cqm xsaveopt cqm_llc cqm_occup_llc dtherm ida arat pln pts md_clear spec_ctrl intel_stibp flush_l1d
bogomips	: 4793.27
clflush size	: 64
cache_alignment	: 64
address sizes	: 46 bits physical, 48 bits virtual
power management:



Memory: 4k page, physical 263864180k(857172k free), swap 0k(0k free)

vm_info: OpenJDK 64-Bit Server VM (25.212-b04) for linux-amd64 JRE (1.8.0_212-b04), built on Aug 12 2019 13:15:31 by "buildozer" with gcc 6.4.0

time: Sun Oct 13 20:02:42 2019
timezone: UTC
elapsed time: 6 seconds (0d 0h 0m 6s)

