#
# A fatal error has been detected by the Java Runtime Environment:
#
#  SIGSEGV (0xb) at pc=0x00007f7fc18fa810, pid=17933, tid=0x00007f7fa515dae0
#
# JRE version: OpenJDK Runtime Environment (8.0_212-b04) (build 1.8.0_212-b04)
# Java VM: OpenJDK 64-Bit Server VM (25.212-b04 mixed mode linux-amd64 compressed oops)
# Derivative: IcedTea 3.12.0
# Distribution: Custom build (Mon Aug 12 12:56:32 UTC 2019)
# Problematic frame:
# C  [ld-musl-x86_64.so.1+0x53810]  pthread_setname_np+0x5e
#
# Core dump written. Default location: /workdir/hadoop-ozone/recon/core or core.17933
#
# If you would like to submit a bug report, please include
# instructions on how to reproduce the bug and visit:
#   https://icedtea.classpath.org/bugzilla
#

---------------  T H R E A D  ---------------

Current thread is native thread

siginfo: si_signo: 11 (SIGSEGV), si_code: 1 (SEGV_MAPERR), si_addr: 0x0000000000000038

Registers:
RAX=0x00007f7fa515dae0, RBX=0x0000000000000022, RCX=0x0000000000000000, RDX=0x0000000000000000
RSP=0x00007f7fa515d680, RBP=0x0000000000000000, RSI=0x0000000000000000, RDI=0xff73725e6f6c7463
R8 =0x0000000000000000, R9 =0x8080808080808080, R10=0xfefefefefefefeff, R11=0x0000000000000212
R12=0x000055ed6513d278, R13=0x000000000000000f, R14=0x00007f7fa515dae0, R15=0x00007f7fc1b33ae8
RIP=0x00007f7fc18fa810, EFLAGS=0x0000000000010202, CSGSFS=0x0000000000000033, ERR=0x0000000000000004
  TRAPNO=0x000000000000000e

Top of Stack: (sp=0x00007f7fa515d680)
0x00007f7fa515d680:   0000000000000000 0000000000000000
0x00007f7fa515d690:   0000000000000000 0000000000000000
0x00007f7fa515d6a0:   0000000000000000 0000000000000000
0x00007f7fa515d6b0:   0000000000000000 000055ed6512a3e0
0x00007f7fa515d6c0:   00007f7fa515d710 0000000000000000
0x00007f7fa515d6d0:   000055ed6512a420 00007f7fa58edec9
0x00007f7fa515d6e0:   0000000000000000 000055ed6515ab00
0x00007f7fa515d6f0:   0000000000000000 00007f7fa515d760
0x00007f7fa515d700:   00007f7fa515dae0 00007f7fc1b33ae8
0x00007f7fa515d710:   0000000000000000 00007f7fc072af41
0x00007f7fa515d720:   0000000000000000 00007f7fa515dae0
0x00007f7fa515d730:   0000000000000000 00007f7fc18f96c2
0x00007f7fa515d740:   0000000000000000 0000000000000000
0x00007f7fa515d750:   0000000000017000 00007f7fc18fb5b1
0x00007f7fa515d760:   0000000000000002 00007f7fa515dac0
0x00007f7fa515d770:   00007f7fa515d790 0000000000000000
0x00007f7fa515d780:   0000000000000000 0000000000000000
0x00007f7fa515d790:   0000000000000002 0000000000000000
0x00007f7fa515d7a0:   0000000000000000 0000000000000000
0x00007f7fa515d7b0:   0000000000000000 0000000000000000
0x00007f7fa515d7c0:   0000000000000000 0000000000000000
0x00007f7fa515d7d0:   0000000000000000 0000000000000000
0x00007f7fa515d7e0:   0000000000000000 0000000000000000
0x00007f7fa515d7f0:   0000000000000000 0000000000000000
0x00007f7fa515d800:   0000000000000000 0000000000000000
0x00007f7fa515d810:   0000000000000000 0000000000000000
0x00007f7fa515d820:   0000000000000000 0000000000000000
0x00007f7fa515d830:   0000000000000000 0000000000000000
0x00007f7fa515d840:   0000000000000000 0000000000000000
0x00007f7fa515d850:   0000000000000000 0000000000000000
0x00007f7fa515d860:   0000000000000000 0000000000000000
0x00007f7fa515d870:   0000000000000000 0000000000000000 

Instructions: (pc=0x00007f7fc18fa810)
0x00007f7fc18fa7f0:   31 d2 31 c0 4c 89 e6 bf 0f 00 00 00 e8 65 d8 fc
0x00007f7fc18fa800:   ff 85 c0 89 c3 74 7e e8 25 a7 fc ff 8b 18 eb 75
0x00007f7fc18fa810:   8b 4d 38 48 8d 5c 24 0e 48 8d 15 f2 92 03 00 be
0x00007f7fc18fa820:   22 00 00 00 31 c0 48 89 df e8 35 68 ff ff 48 8d 

Register to memory mapping:

RAX=0x00007f7fa515dae0 is an unknown value
RBX=0x0000000000000022 is an unknown value
RCX=0x0000000000000000 is an unknown value
RDX=0x0000000000000000 is an unknown value
RSP=0x00007f7fa515d680 is an unknown value
RBP=0x0000000000000000 is an unknown value
RSI=0x0000000000000000 is an unknown value
RDI=0xff73725e6f6c7463 is an unknown value
R8 =0x0000000000000000 is an unknown value
R9 =0x8080808080808080 is an unknown value
R10=0xfefefefefefefeff is an unknown value
R11=0x0000000000000212 is an unknown value
R12=0x000055ed6513d278 is an unknown value
R13=0x000000000000000f is an unknown value
R14=0x00007f7fa515dae0 is an unknown value
R15=0x00007f7fc1b33ae8: __utc+0x1fff68 in /lib/ld-musl-x86_64.so.1 at 0x00007f7fc18a7000


Stack: [0x00007f7fa5149000,0x00007f7fa515d760],  sp=0x00007f7fa515d680,  free space=81k
Native frames: (J=compiled Java code, j=interpreted, Vv=VM code, C=native code)
C  [ld-musl-x86_64.so.1+0x53810]  pthread_setname_np+0x5e

[error occurred during error reporting (printing native stack), id 0xb]


---------------  P R O C E S S  ---------------

VM state:not at safepoint (normal execution)

VM Mutex/Monitor currently owned by a thread: None

heap address: 0x0000000080000000, size: 2048 MB, Compressed Oops mode: 32-bit
Narrow klass base: 0x0000000000000000, Narrow klass shift: 3
Compressed class space size: 1073741824 Address: 0x0000000100000000

Heap:
 PSYoungGen      total 611840K, used 94464K [0x00000000d5580000, 0x0000000100000000, 0x0000000100000000)
  eden space 524800K, 18% used [0x00000000d5580000,0x00000000db1c0130,0x00000000f5600000)
  from space 87040K, 0% used [0x00000000fab00000,0x00000000fab00000,0x0000000100000000)
  to   space 87040K, 0% used [0x00000000f5600000,0x00000000f5600000,0x00000000fab00000)
 ParOldGen       total 1398272K, used 0K [0x0000000080000000, 0x00000000d5580000, 0x00000000d5580000)
  object space 1398272K, 0% used [0x0000000080000000,0x0000000080000000,0x00000000d5580000)
 Metaspace       used 12612K, capacity 12800K, committed 13056K, reserved 1060864K
  class space    used 1343K, capacity 1412K, committed 1536K, reserved 1048576K

Card table byte_map: [0x00007f7fb0653000,0x00007f7fb0a54000] byte_map_base: 0x00007f7fb0253000

Marking Bits: (ParMarkBitMap*) 0x00007f7fc1465200
 Begin Bits: [0x00007f7fac1a4000, 0x00007f7fae1a4000)
 End Bits:   [0x00007f7fae1a4000, 0x00007f7fb01a4000)

Polling page: 0x00007f7fc1a30000

CodeCache: size=245760Kb used=3408Kb max_used=3408Kb free=242351Kb
 bounds [0x00007f7fb0e14000, 0x00007f7fb1174000, 0x00007f7fbfe14000]
 total_blobs=1300 nmethods=876 adapters=339
 compilation: enabled

Compilation events (10 events):
Event: 0.857 Thread 0x000055ed63ece000  872       4       java.nio.Buffer::position (43 bytes)
Event: 0.858 Thread 0x000055ed63ece000 nmethod 872 0x00007f7fb1161150 code [0x00007f7fb11612a0, 0x00007f7fb1161378]
Event: 0.869 Thread 0x000055ed63ece000  873       4       java.lang.ThreadLocal::get (38 bytes)
Event: 0.872 Thread 0x000055ed63ece000 nmethod 873 0x00007f7fb1169b50 code [0x00007f7fb1169cc0, 0x00007f7fb1169e38]
Event: 0.872 Thread 0x000055ed63ece000  874       4       java.lang.ThreadLocal$ThreadLocalMap::getEntry (42 bytes)
Event: 0.873 Thread 0x000055ed63ece000 nmethod 874 0x00007f7fb1160d90 code [0x00007f7fb1160ee0, 0x00007f7fb1161008]
Event: 0.880 Thread 0x000055ed63edb000  875       3       java.lang.String::toString (2 bytes)
Event: 0.880 Thread 0x000055ed63edb000 nmethod 875 0x00007f7fb1169850 code [0x00007f7fb11699a0, 0x00007f7fb1169af0]
Event: 0.880 Thread 0x000055ed63edb000  876       3       java.math.BigInteger::<init> (38 bytes)
Event: 0.881 Thread 0x000055ed63edb000 nmethod 876 0x00007f7fb1168f50 code [0x00007f7fb1169100, 0x00007f7fb1169608]

GC Heap History (0 events):
No events

Deoptimization events (2 events):
Event: 0.424 Thread 0x000055ed63d87800 Uncommon trap: reason=unstable_if action=reinterpret pc=0x00007f7fb0f34914 method=java.lang.String.indexOf([CII[CIII)I @ 3
Event: 0.492 Thread 0x000055ed63d87800 Uncommon trap: reason=unstable_if action=reinterpret pc=0x00007f7fb0fb90c0 method=java.lang.AbstractStringBuilder.append(Ljava/lang/String;)Ljava/lang/AbstractStringBuilder; @ 1

Classes redefined (0 events):
No events

Internal exceptions (10 events):
Event: 0.731 Thread 0x000055ed63d87800 Exception <a 'java/lang/ArrayIndexOutOfBoundsException'> (0x00000000da900a38) thrown at [/home/buildozer/aports/community/openjdk8/src/icedtea-3.12.0/openjdk/hotspot/src/share/vm/runtime/sharedRuntime.cpp, line 613]
Event: 0.731 Thread 0x000055ed63d87800 Exception <a 'java/lang/ArrayIndexOutOfBoundsException'> (0x00000000da901bd8) thrown at [/home/buildozer/aports/community/openjdk8/src/icedtea-3.12.0/openjdk/hotspot/src/share/vm/runtime/sharedRuntime.cpp, line 613]
Event: 0.732 Thread 0x000055ed63d87800 Exception <a 'java/lang/ArrayIndexOutOfBoundsException'> (0x00000000da9035f0) thrown at [/home/buildozer/aports/community/openjdk8/src/icedtea-3.12.0/openjdk/hotspot/src/share/vm/runtime/sharedRuntime.cpp, line 613]
Event: 0.737 Thread 0x000055ed63d87800 Exception <a 'java/lang/ArrayIndexOutOfBoundsException'> (0x00000000da92a938) thrown at [/home/buildozer/aports/community/openjdk8/src/icedtea-3.12.0/openjdk/hotspot/src/share/vm/runtime/sharedRuntime.cpp, line 613]
Event: 0.737 Thread 0x000055ed63d87800 Exception <a 'java/lang/ArrayIndexOutOfBoundsException'> (0x00000000da92bd88) thrown at [/home/buildozer/aports/community/openjdk8/src/icedtea-3.12.0/openjdk/hotspot/src/share/vm/runtime/sharedRuntime.cpp, line 613]
Event: 0.737 Thread 0x000055ed63d87800 Exception <a 'java/lang/ArrayIndexOutOfBoundsException'> (0x00000000da92dfc0) thrown at [/home/buildozer/aports/community/openjdk8/src/icedtea-3.12.0/openjdk/hotspot/src/share/vm/runtime/sharedRuntime.cpp, line 613]
Event: 0.742 Thread 0x000055ed63d87800 Exception <a 'java/lang/ArrayIndexOutOfBoundsException'> (0x00000000da953898) thrown at [/home/buildozer/aports/community/openjdk8/src/icedtea-3.12.0/openjdk/hotspot/src/share/vm/runtime/sharedRuntime.cpp, line 613]
Event: 0.746 Thread 0x000055ed63d87800 Exception <a 'java/lang/ArrayIndexOutOfBoundsException'> (0x00000000da963af8) thrown at [/home/buildozer/aports/community/openjdk8/src/icedtea-3.12.0/openjdk/hotspot/src/share/vm/runtime/sharedRuntime.cpp, line 613]
Event: 0.750 Thread 0x000055ed63d87800 Exception <a 'java/lang/ArrayIndexOutOfBoundsException'> (0x00000000da989288) thrown at [/home/buildozer/aports/community/openjdk8/src/icedtea-3.12.0/openjdk/hotspot/src/share/vm/runtime/sharedRuntime.cpp, line 613]
Event: 0.751 Thread 0x000055ed63d87800 Exception <a 'java/lang/ArrayIndexOutOfBoundsException'> (0x00000000da9ad4c8) thrown at [/home/buildozer/aports/community/openjdk8/src/icedtea-3.12.0/openjdk/hotspot/src/share/vm/runtime/sharedRuntime.cpp, line 613]

Events (10 events):
Event: 0.894 loading class org/apache/hadoop/hdds/utils/db/DBCheckpoint
Event: 0.894 loading class org/apache/hadoop/hdds/utils/db/DBCheckpoint done
Event: 0.894 loading class org/apache/hadoop/hdds/utils/db/BatchOperation
Event: 0.894 loading class org/apache/hadoop/hdds/utils/db/BatchOperation done
Event: 0.895 loading class org/apache/hadoop/hdds/utils/db/SequenceNumberNotFoundException
Event: 0.895 loading class org/apache/hadoop/hdds/utils/db/SequenceNumberNotFoundException done
Event: 0.895 loading class org/apache/hadoop/hdds/utils/db/Table
Event: 0.895 loading class org/apache/hadoop/hdds/utils/db/Table done
Event: 0.896 loading class org/rocksdb/WriteOptions
Event: 0.896 loading class org/rocksdb/WriteOptions done


Dynamic libraries:
80000000-100180000 rw-p 00000000 00:00 0 
100180000-140000000 ---p 00000000 00:00 0 
55ed61dfc000-55ed61dfd000 r-xp 00000000 fd:02 64628941                   /usr/lib/jvm/java-1.8-openjdk/jre/bin/java
55ed61ffc000-55ed61ffd000 r--p 00000000 fd:02 64628941                   /usr/lib/jvm/java-1.8-openjdk/jre/bin/java
55ed61ffd000-55ed61ffe000 rw-p 00001000 fd:02 64628941                   /usr/lib/jvm/java-1.8-openjdk/jre/bin/java
55ed63d70000-55ed651c0000 rw-p 00000000 00:00 0                          [heap]
7f7fa5130000-7f7fa5132000 ---p 00000000 00:00 0 
7f7fa5132000-7f7fa5147000 rw-p 00000000 00:00 0 
7f7fa5147000-7f7fa5149000 ---p 00000000 00:00 0 
7f7fa5149000-7f7fa515e000 rw-p 00000000 00:00 0 
7f7fa515e000-7f7fa5160000 ---p 00000000 00:00 0 
7f7fa5160000-7f7fa5175000 rw-p 00000000 00:00 0 
7f7fa5175000-7f7fa5177000 ---p 00000000 00:00 0 
7f7fa5177000-7f7fa518c000 rw-p 00000000 00:00 0 
7f7fa518c000-7f7fa518e000 ---p 00000000 00:00 0 
7f7fa518e000-7f7fa51a3000 rw-p 00000000 00:00 0 
7f7fa51a3000-7f7fa51a5000 ---p 00000000 00:00 0 
7f7fa51a5000-7f7fa51ba000 rw-p 00000000 00:00 0 
7f7fa51ba000-7f7fa51bc000 ---p 00000000 00:00 0 
7f7fa51bc000-7f7fa51d1000 rw-p 00000000 00:00 0 
7f7fa51d1000-7f7fa51d3000 ---p 00000000 00:00 0 
7f7fa51d3000-7f7fa51e8000 rw-p 00000000 00:00 0 
7f7fa51e8000-7f7fa51ea000 ---p 00000000 00:00 0 
7f7fa51ea000-7f7fa546e000 rw-p 00000000 00:00 0 
7f7fa546e000-7f7fa5694000 r-xp 00000000 fd:02 64689225                   /usr/glibc-compat/lib/ld-2.28.so
7f7fa5694000-7f7fa5695000 r--p 00026000 fd:02 64689225                   /usr/glibc-compat/lib/ld-2.28.so
7f7fa5695000-7f7fa5696000 rw-p 00027000 fd:02 64689225                   /usr/glibc-compat/lib/ld-2.28.so
7f7fa5696000-7f7fa5697000 rw-p 00000000 00:00 0 
7f7fa5697000-7f7fa5f2f000 r-xp 00000000 fd:02 146408504                  /tmp/librocksdbjni379264273856224767.so
7f7fa5f2f000-7f7fa5f40000 r--p 00698000 fd:02 146408504                  /tmp/librocksdbjni379264273856224767.so
7f7fa5f40000-7f7fa5f49000 rw-p 006a9000 fd:02 146408504                  /tmp/librocksdbjni379264273856224767.so
7f7fa5f49000-7f7fa608f000 rw-p 00000000 00:00 0 
7f7fa608f000-7f7fa614f000 ---p 00000000 00:00 0 
7f7fa614f000-7f7fa634f000 rw-p 00000000 00:00 0 
7f7fa634f000-7f7fa6352000 r--s 00025000 fd:02 65145720                   /home/user/.m2/repository/org/apache/maven/shared/maven-shared-utils/3.1.0/maven-shared-utils-3.1.0.jar
7f7fa6352000-7f7fa6563000 r-xp 00000000 fd:02 64628984                   /usr/lib/jvm/java-1.8-openjdk/jre/lib/amd64/libnio.so
7f7fa6563000-7f7fa6564000 r--p 00011000 fd:02 64628984                   /usr/lib/jvm/java-1.8-openjdk/jre/lib/amd64/libnio.so
7f7fa6564000-7f7fa6565000 rw-p 00012000 fd:02 64628984                   /usr/lib/jvm/java-1.8-openjdk/jre/lib/amd64/libnio.so
7f7fa6565000-7f7fa9566000 rw-p 00000000 00:00 0 
7f7fa9566000-7f7fa977c000 r-xp 00000000 fd:02 64628983                   /usr/lib/jvm/java-1.8-openjdk/jre/lib/amd64/libnet.so
7f7fa977c000-7f7fa977d000 r--p 00016000 fd:02 64628983                   /usr/lib/jvm/java-1.8-openjdk/jre/lib/amd64/libnet.so
7f7fa977d000-7f7fa977e000 rw-p 00017000 fd:02 64628983                   /usr/lib/jvm/java-1.8-openjdk/jre/lib/amd64/libnet.so
7f7fa977e000-7f7fa9782000 r--s 00058000 fd:02 64629032                   /usr/lib/jvm/java-1.8-openjdk/jre/lib/jsse.jar
7f7fa9782000-7f7fa9785000 ---p 00000000 00:00 0 
7f7fa9785000-7f7fa97bc000 rw-p 00000000 00:00 0 
7f7fa97bc000-7f7fa97bd000 r--s 00006000 fd:02 145688249                  /home/user/.m2/repository/org/apache/maven/surefire/common-junit4/3.0.0-M1/common-junit4-3.0.0-M1.jar
7f7fa97bd000-7f7fa97be000 r--s 00002000 fd:02 145688250                  /home/user/.m2/repository/org/apache/maven/surefire/common-junit3/3.0.0-M1/common-junit3-3.0.0-M1.jar
7f7fa97be000-7f7fa97bf000 r--s 00007000 fd:02 145688252                  /home/user/.m2/repository/org/apache/maven/surefire/common-java5/3.0.0-M1/common-java5-3.0.0-M1.jar
7f7fa97bf000-7f7fa97c1000 r--s 00003000 fd:02 145688222                  /home/user/.m2/repository/org/apache/maven/surefire/surefire-junit4/3.0.0-M1/surefire-junit4-3.0.0-M1.jar
7f7fa97c1000-7f7fa97c3000 r--s 0000f000 fd:02 65080922                   /home/user/.m2/repository/javax/activation/activation/1.1.1/activation-1.1.1.jar
7f7fa97c3000-7f7fa97cb000 r--s 00037000 fd:02 65210124                   /home/user/.m2/repository/org/springframework/spring-tx/5.1.3.RELEASE/spring-tx-5.1.3.RELEASE.jar
7f7fa97cb000-7f7fa97cc000 r--s 00005000 fd:02 65210106                   /home/user/.m2/repository/org/springframework/spring-jcl/5.1.3.RELEASE/spring-jcl-5.1.3.RELEASE.jar
7f7fa97cc000-7f7fa97e4000 r--s 00123000 fd:02 65210097                   /home/user/.m2/repository/org/springframework/spring-core/5.1.3.RELEASE/spring-core-5.1.3.RELEASE.jar
7f7fa97e4000-7f7fa97f0000 r--s 00098000 fd:02 65210088                   /home/user/.m2/repository/org/springframework/spring-beans/5.1.3.RELEASE/spring-beans-5.1.3.RELEASE.jar
7f7fa97f0000-7f7fa97f9000 r--s 0005a000 fd:02 65210115                   /home/user/.m2/repository/org/springframework/spring-jdbc/5.1.3.RELEASE/spring-jdbc-5.1.3.RELEASE.jar
7f7fa97f9000-7f7fa97fd000 r--s 006b9000 fd:02 65210178                   /home/user/.m2/repository/org/xerial/sqlite-jdbc/3.25.2/sqlite-jdbc-3.25.2.jar
7f7fa97fd000-7f7fa97ff000 r--s 00009000 fd:02 65209747                   /home/user/.m2/repository/org/slf4j/slf4j-api/1.7.25/slf4j-api-1.7.25.jar
7f7fa97ff000-7f7fa9802000 r--s 00019000 fd:02 65079835                   /home/user/.m2/repository/com/jolbox/bonecp/0.8.0.RELEASE/bonecp-0.8.0.RELEASE.jar
7f7fa9802000-7f7fa9804000 r--s 00023000 fd:02 65209204                   /home/user/.m2/repository/org/jooq/jooq-codegen/3.11.10/jooq-codegen-3.11.10.jar
7f7fa9804000-7f7fa980c000 r--s 00070000 fd:02 65209213                   /home/user/.m2/repository/org/jooq/jooq-meta/3.11.10/jooq-meta-3.11.10.jar
7f7fa980c000-7f7fa9810000 r--s 0001b000 fd:02 65081066                   /home/user/.m2/repository/javax/xml/bind/jaxb-api/2.3.0/jaxb-api-2.3.0.jar
7f7fa9810000-7f7fa9830000 r--s 00223000 fd:02 65209195                   /home/user/.m2/repository/org/jooq/jooq/3.11.10/jooq-3.11.10.jar
7f7fa9830000-7f7fa9832000 r--s 00005000 fd:02 65209355                   /home/user/.m2/repository/org/objenesis/objenesis/1.0/objenesis-1.0.jar
7f7fa9832000-7f7fa9834000 r--s 00009000 fd:02 65081260                   /home/user/.m2/repository/net/bytebuddy/byte-buddy-agent/1.6.14/byte-buddy-agent-1.6.14.jar
7f7fa9834000-7f7fa986f000 r--s 00270000 fd:02 65081227                   /home/user/.m2/repository/net/bytebuddy/byte-buddy/1.6.14/byte-buddy-1.6.14.jar
7f7fa986f000-7f7fa987e000 r--s 00073000 fd:02 65209299                   /home/user/.m2/repository/org/mockito/mockito-core/2.8.9/mockito-core-2.8.9.jar
7f7fa987e000-7f7fa9880000 r--s 00009000 fd:02 65209076                   /home/user/.m2/repository/org/hamcrest/hamcrest-core/1.3/hamcrest-core-1.3.jar
7f7fa9880000-7f7fa9886000 r--s 00036000 fd:02 65081146                   /home/user/.m2/repository/junit/junit/4.11/junit-4.11.jar
7f7fa9886000-7f7fa9890000 r--s 000ab000 fd:02 65209108                   /home/user/.m2/repository/org/javassist/javassist/3.22.0-CR2/javassist-3.22.0-CR2.jar
7f7fa9890000-7f7fa9894000 r--s 0002b000 fd:02 65208882                   /home/user/.m2/repository/org/glassfish/hk2/hk2-locator/2.5.0-b42/hk2-locator-2.5.0-b42.jar
7f7fa9894000-7f7fa9897000 r--s 0000d000 fd:02 65209014                   /home/user/.m2/repository/org/glassfish/jersey/inject/jersey-hk2/2.27/jersey-hk2-2.27.jar
7f7fa9897000-7f7fa9899000 r--s 00009000 fd:02 65079704                   /home/user/.m2/repository/com/google/inject/extensions/guice-assistedinject/4.0/guice-assistedinject-4.0.jar
7f7fa9899000-7f7fa989a000 r--s 00007000 fd:02 65079416                   /home/user/.m2/repository/com/fasterxml/jackson/module/jackson-module-jaxb-annotations/2.9.9/jackson-module-jaxb-annotations-2.9.9.jar
7f7fa989a000-7f7fa989e000 r--s 0004c000 fd:02 65079296                   /home/user/.m2/repository/com/fasterxml/jackson/core/jackson-core/2.9.9/jackson-core-2.9.9.jar
7f7fa989e000-7f7fa98b1000 r--s 00137000 fd:02 65079313                   /home/user/.m2/repository/com/fasterxml/jackson/core/jackson-databind/2.9.9/jackson-databind-2.9.9.jar
7f7fa98b1000-7f7fa98b4000 r--s 0000e000 fd:02 65079279                   /home/user/.m2/repository/com/fasterxml/jackson/core/jackson-annotations/2.9.9/jackson-annotations-2.9.9.jar
7f7fa98b4000-7f7fa98b7000 r--s 0000f000 fd:02 65208998                   /home/user/.m2/repository/org/glassfish/jersey/ext/jersey-entity-filtering/2.27/jersey-entity-filtering-2.27.jar
7f7fa98b7000-7f7fa98b9000 r--s 00010000 fd:02 65209039                   /home/user/.m2/repository/org/glassfish/jersey/media/jersey-media-json-jackson/2.27/jersey-media-json-jackson-2.27.jar
7f7fa98b9000-7f7fa98bd000 r--s 0000c000 fd:02 65081027                   /home/user/.m2/repository/javax/validation/validation-api/1.1.0.Final/validation-api-1.1.0.Final.jar
7f7fa98bd000-7f7fa98bf000 r--s 00005000 fd:02 65080932                   /home/user/.m2/repository/javax/annotation/javax.annotation-api/1.2/javax.annotation-api-1.2.jar
7f7fa98bf000-7f7fa98c2000 r--s 0000f000 fd:02 65209030                   /home/user/.m2/repository/org/glassfish/jersey/media/jersey-media-jaxb/2.27/jersey-media-jaxb-2.27.jar
7f7fa98c2000-7f7fa98c6000 r--s 00029000 fd:02 65208954                   /home/user/.m2/repository/org/glassfish/jersey/core/jersey-client/2.27/jersey-client-2.27.jar
7f7fa98c6000-7f7fa98d9000 r--s 000d1000 fd:02 65208972                   /home/user/.m2/repository/org/glassfish/jersey/core/jersey-server/2.27/jersey-server-2.27.jar
7f7fa98d9000-7f7fa98db000 r--s 00002000 fd:02 65208831                   /home/user/.m2/repository/org/glassfish/hk2/external/aopalliance-repackaged/2.5.0/aopalliance-repackaged-2.5.0.jar
7f7fa98db000-7f7fa98dd000 r--s 00005000 fd:02 65080911                   /home/user/.m2/repository/jakarta/annotation/jakarta.annotation-api/1.3.4/jakarta.annotation-api-1.3.4.jar
7f7fa98dd000-7f7fa98e0000 r--s 0001a000 fd:02 65208902                   /home/user/.m2/repository/org/glassfish/hk2/hk2-utils/2.5.0/hk2-utils-2.5.0.jar
7f7fa98e0000-7f7fa98e5000 r--s 00029000 fd:02 65208867                   /home/user/.m2/repository/org/glassfish/hk2/hk2-api/2.5.0/hk2-api-2.5.0.jar
7f7fa98e5000-7f7fa98e6000 r--s 00001000 fd:02 65208840                   /home/user/.m2/repository/org/glassfish/hk2/external/jakarta.inject/2.5.0/jakarta.inject-2.5.0.jar
7f7fa98e6000-7f7fa98e7000 r--s 00003000 fd:02 65208858                   /home/user/.m2/repository/org/glassfish/hk2/guice-bridge/2.5.0/guice-bridge-2.5.0.jar
7f7fa98e7000-7f7fa98e8000 r--s 00001000 fd:02 65208849                   /home/user/.m2/repository/org/glassfish/hk2/external/javax.inject/2.5.0-b42/javax.inject-2.5.0-b42.jar
7f7fa98e8000-7f7fa98ea000 r--s 0000d000 fd:02 65208938                   /home/user/.m2/repository/org/glassfish/jersey/containers/jersey-container-servlet-core/2.27/jersey-container-servlet-core-2.27.jar
7f7fa98ea000-7f7fa98ee000 r--s 0001c000 fd:02 65081038                   /home/user/.m2/repository/javax/ws/rs/javax.ws.rs-api/2.1/javax.ws.rs-api-2.1.jar
7f7fa98ee000-7f7fa98ef000 r--s 00004000 fd:02 65208911                   /home/user/.m2/repository/org/glassfish/hk2/osgi-resource-locator/1.0.1/osgi-resource-locator-1.0.1.jar
7f7fa98ef000-7f7fa9906000 r--s 00100000 fd:02 65208963                   /home/user/.m2/repository/org/glassfish/jersey/core/jersey-common/2.27/jersey-common-2.27.jar
7f7fa9906000-7f7fa9908000 r--s 00003000 fd:02 65208929                   /home/user/.m2/repository/org/glassfish/jersey/containers/jersey-container-servlet/2.27/jersey-container-servlet-2.27.jar
7f7fa9908000-7f7fa990a000 r--s 00011000 fd:02 65079722                   /home/user/.m2/repository/com/google/inject/extensions/guice-servlet/4.0/guice-servlet-4.0.jar
7f7fa990a000-7f7fa992b000 r--s 00172000 fd:02 65079641                   /home/user/.m2/repository/com/google/guava/guava/11.0.2/guava-11.0.2.jar
7f7fa992b000-7f7fa992d000 r--s 00000000 fd:02 65079126                   /home/user/.m2/repository/aopalliance/aopalliance/1.0/aopalliance-1.0.jar
7f7fa992d000-7f7fa992e000 r--s 00000000 fd:02 65080975                   /home/user/.m2/repository/javax/inject/javax.inject/1/javax.inject-1.jar
7f7fa992e000-7f7fa993c000 r--s 00096000 fd:02 65079731                   /home/user/.m2/repository/com/google/inject/guice/4.0/guice-4.0.jar
7f7fa993c000-7f7fa9994000 r--s 003a7000 fd:02 65146433                   /home/user/.m2/repository/org/bouncycastle/bcprov-jdk15on/1.60/bcprov-jdk15on-1.60.jar
7f7fa9994000-7f7fa9996000 r--s 00012000 fd:02 65079713                   /home/user/.m2/repository/com/google/inject/extensions/guice-multibindings/4.0/guice-multibindings-4.0.jar
7f7fa9996000-7f7fa999a000 r--s 0001e000 fd:02 65080551                   /home/user/.m2/repository/io/dropwizard/metrics/metrics-core/3.2.4/metrics-core-3.2.4.jar
7f7fa999a000-7f7fa999f000 r--s 0003c000 fd:02 65080539                   /home/user/.m2/repository/info/picocli/picocli/3.9.6/picocli-3.9.6.jar
7f7fa999f000-7f7fa99a5000 r--s 0003c000 fd:02 65210198                   /home/user/.m2/repository/org/yaml/snakeyaml/1.16/snakeyaml-1.16.jar
7f7fa99a5000-7f7fa99a6000 r--s 00002000 fd:02 65080885                   /home/user/.m2/repository/io/opentracing/opentracing-noop/0.31.0/opentracing-noop-0.31.0.jar
7f7fa99a6000-7f7fa99a8000 r--s 00002000 fd:02 65080876                   /home/user/.m2/repository/io/opentracing/opentracing-api/0.31.0/opentracing-api-0.31.0.jar
7f7fa99a8000-7f7fa99a9000 r--s 00001000 fd:02 65080894                   /home/user/.m2/repository/io/opentracing/opentracing-util/0.31.0/opentracing-util-0.31.0.jar
7f7fa99a9000-7f7fa99aa000 r--s 00001000 fd:02 65080861                   /home/user/.m2/repository/io/opentracing/contrib/opentracing-tracerresolver/0.1.5/opentracing-tracerresolver-0.1.5.jar
7f7fa99aa000-7f7fa99ab000 r--s 00000000 fd:02 65080691                   /home/user/.m2/repository/io/jaegertracing/jaeger-tracerresolver/0.34.0/jaeger-tracerresolver-0.34.0.jar
7f7fa99ab000-7f7fa99af000 r--s 0001c000 fd:02 65080673                   /home/user/.m2/repository/io/jaegertracing/jaeger-core/0.34.0/jaeger-core-0.34.0.jar
7f7fa99af000-7f7fa99b0000 r--s 00013000 fd:02 65079922                   /home/user/.m2/repository/com/squareup/okio/okio/1.13.0/okio-1.13.0.jar
7f7fa99b0000-7f7fa99b6000 r--s 0005e000 fd:02 65079906                   /home/user/.m2/repository/com/squareup/okhttp3/okhttp/3.9.0/okhttp-3.9.0.jar
7f7fa99b6000-7f7fa99bc000 r--s 00037000 fd:02 65146132                   /home/user/.m2/repository/org/apache/thrift/libthrift/0.12.0/libthrift-0.12.0.jar
7f7fa99bc000-7f7fa99ca000 r--s 0009e000 fd:02 65080682                   /home/user/.m2/repository/io/jaegertracing/jaeger-thrift/0.34.0/jaeger-thrift-0.34.0.jar
7f7fa99ca000-7f7fa99cb000 r--s 00000000 fd:02 65080664                   /home/user/.m2/repository/io/jaegertracing/jaeger-client/0.34.0/jaeger-client-0.34.0.jar
7f7fa99cb000-7f7fa99cf000 r--s 00020000 fd:02 65080285                   /home/user/.m2/repository/commons-digester/commons-digester/1.8.1/commons-digester-1.8.1.jar
7f7fa99cf000-7f7fa99d3000 r--s 0002a000 fd:02 65080477                   /home/user/.m2/repository/commons-validator/commons-validator/1.6/commons-validator-1.6.jar
7f7fa99d3000-7f7fa99e6000 r--s 000b0000 fd:02 65146424                   /home/user/.m2/repository/org/bouncycastle/bcpkix-jdk15on/1.60/bcpkix-jdk15on-1.60.jar
7f7fa99e6000-7f7fa99e9000 r--s 0001d000 fd:02 65142908                   /home/user/.m2/repository/org/apache/commons/commons-pool2/2.6.0/commons-pool2-2.6.0.jar
7f7fa99e9000-7f7fa99ec000 r--s 00012000 fd:02 65079851                   /home/user/.m2/repository/com/lmax/disruptor/3.4.2/disruptor-3.4.2.jar
7f7fa99ec000-7f7fa9a0c000 r--s 00167000 fd:02 65143492                   /home/user/.m2/repository/org/apache/logging/log4j/log4j-core/2.11.0/log4j-core-2.11.0.jar
7f7fa9a0c000-7f7fa9a12000 r--s 0003b000 fd:02 65143483                   /home/user/.m2/repository/org/apache/logging/log4j/log4j-api/2.11.0/log4j-api-2.11.0.jar
7f7fa9a12000-7f7fa9a17000 r--s 00c4f000 fd:02 65209706                   /home/user/.m2/repository/org/rocksdb/rocksdbjni/6.0.1/rocksdbjni-6.0.1.jar
7f7fa9a17000-7f7fa9a19000 r--s 00019000 fd:02 145688336                  /home/user/.m2/repository/org/apache/ratis/ratis-grpc/0.5.0-201fc85-SNAPSHOT/ratis-grpc-0.5.0-201fc85-SNAPSHOT.jar
7f7fa9a19000-7f7fa9a1b000 r--s 00007000 fd:02 145688335                  /home/user/.m2/repository/org/apache/ratis/ratis-netty/0.5.0-201fc85-SNAPSHOT/ratis-netty-0.5.0-201fc85-SNAPSHOT.jar
7f7fa9a1b000-7f7fa9a1d000 r--s 00009000 fd:02 65080529                   /home/user/.m2/repository/info/ganglia/gmetric4j/gmetric4j/1.0.7/gmetric4j-1.0.7.jar
7f7fa9a1d000-7f7fa9a1e000 r--s 00002000 fd:02 65080560                   /home/user/.m2/repository/io/dropwizard/metrics/metrics-ganglia/3.2.5/metrics-ganglia-3.2.5.jar
7f7fa9a1e000-7f7fa9a20000 r--s 00008000 fd:02 65080569                   /home/user/.m2/repository/io/dropwizard/metrics/metrics-jvm/3.2.5/metrics-jvm-3.2.5.jar
7f7fa9a20000-7f7fa9a21000 r--s 00003000 fd:02 65079490                   /home/user/.m2/repository/com/github/joshelser/dropwizard-metrics-hadoop-metrics2-reporter/0.1.2/dropwizard-metrics-hadoop-metrics2-reporter-0.1.2.jar
7f7fa9a21000-7f7fa9a22000 r--s 00006000 fd:02 145688334                  /home/user/.m2/repository/org/apache/ratis/ratis-metrics/0.5.0-201fc85-SNAPSHOT/ratis-metrics-0.5.0-201fc85-SNAPSHOT.jar
7f7fa9a22000-7f7fa9a24000 r--s 0000c000 fd:02 145688333                  /home/user/.m2/repository/org/apache/ratis/ratis-client/0.5.0-201fc85-SNAPSHOT/ratis-client-0.5.0-201fc85-SNAPSHOT.jar
7f7fa9a24000-7f7fa9a29000 r--s 0003a000 fd:02 145688324                  /home/user/.m2/repository/org/apache/ratis/ratis-common/0.5.0-201fc85-SNAPSHOT/ratis-common-0.5.0-201fc85-SNAPSHOT.jar
7f7fa9a29000-7f7fa9a37000 r--s 0010d000 fd:02 145688320                  /home/user/.m2/repository/org/apache/ratis/ratis-proto/0.5.0-201fc85-SNAPSHOT/ratis-proto-0.5.0-201fc85-SNAPSHOT.jar
7f7fa9a37000-7f7fa9b11000 r--s 00cc8000 fd:02 65146082                   /home/user/.m2/repository/org/apache/ratis/ratis-thirdparty-misc/0.2.0/ratis-thirdparty-misc-0.2.0.jar
7f7fa9b11000-7f7fa9b16000 r--s 00053000 fd:02 145688318                  /home/user/.m2/repository/org/apache/ratis/ratis-server/0.5.0-201fc85-SNAPSHOT/ratis-server-0.5.0-201fc85-SNAPSHOT.jar
7f7fa9b16000-7f7fa9b5b000 r--s 00486000 fd:02 65143058                   /home/user/.m2/repository/org/apache/hadoop/hadoop-hdfs-client/3.2.0/hadoop-hdfs-client-3.2.0.jar
7f7fa9b5b000-7f7fa9b5e000 r--s 000fd000 fd:02 65208803                   /home/user/.m2/repository/org/fusesource/leveldbjni/leveldbjni-all/1.8/leveldbjni-all-1.8.jar
7f7fa9b5e000-7f7fa9b85000 r--s 00205000 fd:02 65080710                   /home/user/.m2/repository/io/netty/netty-all/4.0.52.Final/netty-all-4.0.52.Final.jar
7f7fa9b85000-7f7fa9b9e000 r--s 0012c000 fd:02 65080701                   /home/user/.m2/repository/io/netty/netty/3.10.5.Final/netty-3.10.5.Final.jar
7f7fa9b9e000-7f7fa9b9f000 r--s 00005000 fd:02 65080259                   /home/user/.m2/repository/commons-daemon/commons-daemon/1.0.13/commons-daemon-1.0.13.jar
7f7fa9b9f000-7f7fa9ba1000 r--s 00008000 fd:02 65208723                   /home/user/.m2/repository/org/eclipse/jetty/jetty-util-ajax/9.3.25.v20180904/jetty-util-ajax-9.3.25.v20180904.jar
7f7fa9ba1000-7f7fa9be9000 r--s 00557000 fd:02 65143049                   /home/user/.m2/repository/org/apache/hadoop/hadoop-hdfs/3.2.0/hadoop-hdfs-3.2.0.jar
7f7fa9be9000-7f7fa9bee000 r--s 00047000 fd:02 65080499                   /home/user/.m2/repository/dnsjava/dnsjava/2.1.7/dnsjava-2.1.7.jar
7f7fa9bee000-7f7fa9bf4000 r--s 00078000 fd:02 65079453                   /home/user/.m2/repository/com/fasterxml/woodstox/woodstox-core/5.0.3/woodstox-core-5.0.3.jar
7f7fa9bf4000-7f7fa9bf8000 r--s 00024000 fd:02 65208608                   /home/user/.m2/repository/org/codehaus/woodstox/stax2-api/3.1.4/stax2-api-3.1.4.jar
7f7fa9bf8000-7f7fa9bfa000 r--s 00006000 fd:02 65143457                   /home/user/.m2/repository/org/apache/kerby/kerby-xdr/1.0.1/kerby-xdr-1.0.1.jar
7f7fa9bfa000-7f7fa9bfb000 r--s 00004000 fd:02 65143361                   /home/user/.m2/repository/org/apache/kerby/kerb-identity/1.0.1/kerb-identity-1.0.1.jar
7f7fa9bfb000-7f7fa9bfe000 r--s 00012000 fd:02 65143370                   /home/user/.m2/repository/org/apache/kerby/kerb-server/1.0.1/kerb-server-1.0.1.jar
7f7fa9bfe000-7f7fa9c01000 r--s 00011000 fd:02 65143316                   /home/user/.m2/repository/org/apache/kerby/kerb-admin/1.0.1/kerb-admin-1.0.1.jar
7f7fa9c01000-7f7fa9c02000 r--s 00004000 fd:02 65143466                   /home/user/.m2/repository/org/apache/kerby/token-provider/1.0.1/token-provider-1.0.1.jar
7f7fa9c02000-7f7fa9c03000 r--s 00008000 fd:02 65143388                   /home/user/.m2/repository/org/apache/kerby/kerb-util/1.0.1/kerb-util-1.0.1.jar
7f7fa9c03000-7f7fa9c07000 r--s 00019000 fd:02 65143352                   /home/user/.m2/repository/org/apache/kerby/kerb-crypto/1.0.1/kerb-crypto-1.0.1.jar
7f7fa9c07000-7f7fa9c09000 r--s 0000e000 fd:02 65143334                   /home/user/.m2/repository/org/apache/kerby/kerb-common/1.0.1/kerb-common-1.0.1.jar
7f7fa9c09000-7f7fa9c0a000 r--s 00009000 fd:02 65143448                   /home/user/.m2/repository/org/apache/kerby/kerby-util/1.0.1/kerby-util-1.0.1.jar
7f7fa9c0a000-7f7fa9c0c000 r--s 00017000 fd:02 65143403                   /home/user/.m2/repository/org/apache/kerby/kerby-asn1/1.0.1/kerby-asn1-1.0.1.jar
7f7fa9c0c000-7f7fa9c13000 r--s 0002b000 fd:02 65143433                   /home/user/.m2/repository/org/apache/kerby/kerby-pkix/1.0.1/kerby-pkix-1.0.1.jar
7f7fa9c13000-7f7fa9c1a000 r--s 00031000 fd:02 65143343                   /home/user/.m2/repository/org/apache/kerby/kerb-core/1.0.1/kerb-core-1.0.1.jar
7f7fa9c1a000-7f7fa9c1c000 r--s 00006000 fd:02 65143418                   /home/user/.m2/repository/org/apache/kerby/kerby-config/1.0.1/kerby-config-1.0.1.jar
7f7fa9c1c000-7f7fa9c1f000 r--s 00019000 fd:02 65143325                   /home/user/.m2/repository/org/apache/kerby/kerb-client/1.0.1/kerb-client-1.0.1.jar
7f7fa9c1f000-7f7fa9c20000 r--s 00004000 fd:02 65143379                   /home/user/.m2/repository/org/apache/kerby/kerb-simplekdc/1.0.1/kerb-simplekdc-1.0.1.jar
7f7fa9c20000-7f7fa9c21000 r--s 00004000 fd:02 65146351                   /home/user/.m2/repository/org/apache/yetus/audience-annotations/0.5.0/audience-annotations-0.5.0.jar
7f7fa9c21000-7f7fa9c23000 r--s 00014000 fd:02 65081102                   /home/user/.m2/repository/jline/jline/0.9.94/jline-0.9.94.jar
7f7fa9c23000-7f7fa9c30000 r--s 000d1000 fd:02 65146367                   /home/user/.m2/repository/org/apache/zookeeper/zookeeper/3.4.13/zookeeper-3.4.13.jar
7f7fa9c30000-7f7fa9c4a000 r--s 00155000 fd:02 65143188                   /home/user/.m2/repository/org/apache/htrace/htrace-core4/4.1.0-incubating/htrace-core4-4.1.0-incubating.jar
7f7fa9c4a000-7f7fa9c4d000 r--s 00006000 fd:02 65079565                   /home/user/.m2/repository/com/google/code/findbugs/jsr305/3.0.0/jsr305-3.0.0.jar
7f7fa9c4d000-7f7fa9c55000 r--s 0003e000 fd:02 65142951                   /home/user/.m2/repository/org/apache/curator/curator-recipes/2.12.0/curator-recipes-2.12.0.jar
7f7fa9c55000-7f7fa9c8c000 r--s 00219000 fd:02 65142933                   /home/user/.m2/repository/org/apache/curator/curator-client/2.12.0/curator-client-2.12.0.jar
7f7fa9c8c000-7f7fa9c91000 r--s 00040000 fd:02 65079825                   /home/user/.m2/repository/com/jcraft/jsch/0.1.54/jsch-0.1.54.jar
7f7fa9c91000-7f7fa9c97000 r--s 0002c000 fd:02 65142942                   /home/user/.m2/repository/org/apache/curator/curator-framework/2.12.0/curator-framework-2.12.0.jar
7f7fa9c97000-7f7fa9c99000 r--s 0000c000 fd:02 65209437                   /home/user/.m2/repository/org/ow2/asm/asm/5.0.4/asm-5.0.4.jar
7f7fa9c99000-7f7fa9c9b000 r--s 00006000 fd:02 65081334                   /home/user/.m2/repository/net/minidev/accessors-smart/1.2/accessors-smart-1.2.jar
7f7fa9c9b000-7f7fa9c9e000 r--s 0001b000 fd:02 65081343                   /home/user/.m2/repository/net/minidev/json-smart/2.3/json-smart-2.3.jar
7f7fa9c9e000-7f7fa9ca0000 r--s 00000000 fd:02 65079501                   /home/user/.m2/repository/com/github/stephenc/jcip/jcip-annotations/1.0-1/jcip-annotations-1.0-1.jar
7f7fa9ca0000-7f7fa9ca6000 r--s 00044000 fd:02 65079871                   /home/user/.m2/repository/com/nimbusds/nimbus-jose-jwt/4.41.1/nimbus-jose-jwt-4.41.1.jar
7f7fa9ca6000-7f7fa9ca8000 r--s 00020000 fd:02 65143004                   /home/user/.m2/repository/org/apache/hadoop/hadoop-auth/3.2.0/hadoop-auth-3.2.0.jar
7f7fa9ca8000-7f7fa9cad000 r--s 0002a000 fd:02 65079575                   /home/user/.m2/repository/com/google/code/gson/gson/2.2.4/gson-2.2.4.jar
7f7fa9cad000-7f7fa9cb5000 r--s 0007b000 fd:02 65079757                   /home/user/.m2/repository/com/google/protobuf/protobuf-java/2.5.0/protobuf-java-2.5.0.jar
7f7fa9cb5000-7f7fa9cb7000 r--s 0001e000 fd:02 65079799                   /home/user/.m2/repository/com/google/re2j/re2j/1.1/re2j-1.1.jar
7f7fa9cb7000-7f7fa9cb9000 r--s 00130000 fd:02 65210169                   /home/user/.m2/repository/org/xerial/snappy/snappy-java/1.0.5/snappy-java-1.0.5.jar
7f7fa9cb9000-7f7fa9cbb000 r--s 00006000 fd:02 65080065                   /home/user/.m2/repository/com/thoughtworks/paranamer/paranamer/2.3/paranamer-2.3.jar
7f7fa9cbb000-7f7fa9cc4000 r--s 00062000 fd:02 65081564                   /home/user/.m2/repository/org/apache/avro/avro/1.7.7/avro-1.7.7.jar
7f7fa9cc4000-7f7fa9cc5000 r--s 00002000 fd:02 65209773                   /home/user/.m2/repository/org/slf4j/slf4j-log4j12/1.7.25/slf4j-log4j12-1.7.25.jar
7f7fa9cc5000-7f7fa9cc9000 r--s 00029000 fd:02 65142917                   /home/user/.m2/repository/org/apache/commons/commons-text/1.4/commons-text-1.4.jar
7f7fa9cc9000-7f7fa9cd1000 r--s 00072000 fd:02 65081651                   /home/user/.m2/repository/org/apache/commons/commons-lang3/3.7/commons-lang3-3.7.jar
7f7fa9cd1000-7f7fa9cdd000 r--s 0008b000 fd:02 65081619                   /home/user/.m2/repository/org/apache/commons/commons-configuration2/2.1.1/commons-configuration2-2.1.1.jar
7f7fa9cdd000-7f7fa9ce2000 r--s 00038000 fd:02 65080118                   /home/user/.m2/repository/commons-beanutils/commons-beanutils/1.9.4/commons-beanutils-1.9.4.jar
7f7fa9ce2000-7f7fa9ceb000 r--s 0006f000 fd:02 65081182                   /home/user/.m2/repository/log4j/log4j/1.2.17/log4j-1.2.17.jar
7f7fa9ceb000-7f7fa9ced000 r--s 0000e000 fd:02 65080426                   /home/user/.m2/repository/commons-logging/commons-logging/1.1.3/commons-logging-1.1.3.jar
7f7fa9ced000-7f7fa9cee000 r--s 00006000 fd:02 65146538                   /home/user/.m2/repository/org/codehaus/jackson/jackson-xc/1.9.13/jackson-xc-1.9.13.jar
7f7fa9cee000-7f7fa9cef000 r--s 00004000 fd:02 65146520                   /home/user/.m2/repository/org/codehaus/jackson/jackson-jaxrs/1.9.13/jackson-jaxrs-1.9.13.jar
7f7fa9cef000-7f7fa9cfd000 r--s 000b1000 fd:02 65146529                   /home/user/.m2/repository/org/codehaus/jackson/jackson-mapper-asl/1.9.13/jackson-mapper-asl-1.9.13.jar
7f7fa9cfd000-7f7fa9d01000 r--s 00035000 fd:02 65146511                   /home/user/.m2/repository/org/codehaus/jackson/jackson-core-asl/1.9.13/jackson-core-asl-1.9.13.jar
7f7fa9d01000-7f7fa9d13000 r--s 000d9000 fd:02 65080041                   /home/user/.m2/repository/com/sun/xml/bind/jaxb-impl/2.3.0.1/jaxb-impl-2.3.0.1.jar
7f7fa9d13000-7f7fa9d15000 r--s 0000f000 fd:02 65146548                   /home/user/.m2/repository/org/codehaus/jettison/jettison/1.1/jettison-1.1.jar
7f7fa9d15000-7f7fa9d19000 r--s 00025000 fd:02 65079983                   /home/user/.m2/repository/com/sun/jersey/jersey-json/1.19/jersey-json-1.19.jar
7f7fa9d19000-7f7fa9d1c000 r--s 00016000 fd:02 65081003                   /home/user/.m2/repository/javax/servlet/jsp/jsp-api/2.1/jsp-api-2.1.jar
7f7fa9d1c000-7f7fa9d1d000 r--s 0000c000 fd:02 65208741                   /home/user/.m2/repository/org/eclipse/jetty/jetty-xml/9.3.25.v20180904/jetty-xml-9.3.25.v20180904.jar
7f7fa9d1d000-7f7fa9d20000 r--s 0001a000 fd:02 65208732                   /home/user/.m2/repository/org/eclipse/jetty/jetty-webapp/9.3.25.v20180904/jetty-webapp-9.3.25.v20180904.jar
7f7fa9d20000-7f7fa9d23000 r--s 00015000 fd:02 65208687                   /home/user/.m2/repository/org/eclipse/jetty/jetty-security/9.3.25.v20180904/jetty-security-9.3.25.v20180904.jar
7f7fa9d23000-7f7fa9d26000 r--s 0001b000 fd:02 65208705                   /home/user/.m2/repository/org/eclipse/jetty/jetty-servlet/9.3.25.v20180904/jetty-servlet-9.3.25.v20180904.jar
7f7fa9d26000-7f7fa9d2d000 r--s 00069000 fd:02 65208714                   /home/user/.m2/repository/org/eclipse/jetty/jetty-util/9.3.25.v20180904/jetty-util-9.3.25.v20180904.jar
7f7fa9d2d000-7f7fa9d31000 r--s 0001b000 fd:02 65208661                   /home/user/.m2/repository/org/eclipse/jetty/jetty-io/9.3.25.v20180904/jetty-io-9.3.25.v20180904.jar
7f7fa9d31000-7f7fa9d34000 r--s 00022000 fd:02 65208652                   /home/user/.m2/repository/org/eclipse/jetty/jetty-http/9.3.25.v20180904/jetty-http-9.3.25.v20180904.jar
7f7fa9d34000-7f7fa9d3c000 r--s 00078000 fd:02 65208696                   /home/user/.m2/repository/org/eclipse/jetty/jetty-server/9.3.25.v20180904/jetty-server-9.3.25.v20180904.jar
7f7fa9d3c000-7f7fa9d3f000 r--s 00015000 fd:02 65080993                   /home/user/.m2/repository/javax/servlet/javax.servlet-api/3.1.0/javax.servlet-api-3.1.0.jar
7f7fa9d3f000-7f7fa9d4c000 r--s 00083000 fd:02 65080239                   /home/user/.m2/repository/commons-collections/commons-collections/3.2.2/commons-collections-3.2.2.jar
7f7fa9d4c000-7f7fa9d52000 r--s 00046000 fd:02 65080451                   /home/user/.m2/repository/commons-net/commons-net/3.6/commons-net-3.6.jar
7f7fa9d52000-7f7fa9d56000 r--s 0002f000 fd:02 65080349                   /home/user/.m2/repository/commons-io/commons-io/2.5/commons-io-2.5.jar
7f7fa9d56000-7f7fa9d5d000 r--s 0004b000 fd:02 65080171                   /home/user/.m2/repository/commons-codec/commons-codec/1.11/commons-codec-1.11.jar
7f7fa9d5d000-7f7fa9d6a000 r--s 000a7000 fd:02 65143212                   /home/user/.m2/repository/org/apache/httpcomponents/httpclient/4.5.2/httpclient-4.5.2.jar
7f7fa9d6a000-7f7fa9d87000 r--s 0016a000 fd:02 65142787                   /home/user/.m2/repository/org/apache/commons/commons-math3/3.1.1/commons-math3-3.1.1.jar
7f7fa9d87000-7f7fa9e00000 r--s 007c0000 fd:02 64629074                   /usr/lib/jvm/java-1.8-openjdk/lib/tools.jar
7f7fa9e00000-7f7fa9e3e000 r--s 003aa000 fd:02 65143025                   /home/user/.m2/repository/org/apache/hadoop/hadoop-common/3.2.0/hadoop-common-3.2.0.jar
7f7fa9e3e000-7f7fa9e41000 ---p 00000000 00:00 0 
7f7fa9e41000-7f7fa9f3f000 rw-p 00000000 00:00 0 
7f7fa9f3f000-7f7faa146000 r-xp 00000000 fd:02 64628981                   /usr/lib/jvm/java-1.8-openjdk/jre/lib/amd64/libmanagement.so
7f7faa146000-7f7faa147000 r--p 00007000 fd:02 64628981                   /usr/lib/jvm/java-1.8-openjdk/jre/lib/amd64/libmanagement.so
7f7faa147000-7f7faa148000 rw-p 00008000 fd:02 64628981                   /usr/lib/jvm/java-1.8-openjdk/jre/lib/amd64/libmanagement.so
7f7faa148000-7f7faa14b000 ---p 00000000 00:00 0 
7f7faa14b000-7f7faa249000 rw-p 00000000 00:00 0 
7f7faa249000-7f7faa24a000 ---p 00000000 00:00 0 
7f7faa24a000-7f7faa34b000 rw-p 00000000 00:00 0 
7f7faa34b000-7f7faa34e000 ---p 00000000 00:00 0 
7f7faa34e000-7f7faa44c000 rw-p 00000000 00:00 0 
7f7faa44c000-7f7faa44d000 ---p 00000000 00:00 0 
7f7faa44d000-7f7faa450000 ---p 00000000 00:00 0 
7f7faa450000-7f7faa54e000 rw-p 00000000 00:00 0 
7f7faa54e000-7f7faa54f000 ---p 00000000 00:00 0 
7f7faa54f000-7f7faa552000 ---p 00000000 00:00 0 
7f7faa552000-7f7faa650000 rw-p 00000000 00:00 0 
7f7faa650000-7f7faa653000 ---p 00000000 00:00 0 
7f7faa653000-7f7faa751000 rw-p 00000000 00:00 0 
7f7faa751000-7f7faa754000 ---p 00000000 00:00 0 
7f7faa754000-7f7faa852000 rw-p 00000000 00:00 0 
7f7faa852000-7f7faa855000 ---p 00000000 00:00 0 
7f7faa855000-7f7faa953000 rw-p 00000000 00:00 0 
7f7faa953000-7f7faa954000 ---p 00000000 00:00 0 
7f7faa954000-7f7fab35e000 rw-p 00000000 00:00 0 
7f7fab35e000-7f7fab52e000 r--s 01f56000 fd:02 64629046                   /usr/lib/jvm/java-1.8-openjdk/jre/lib/rt.jar
7f7fab52e000-7f7fb01a4000 rw-p 00000000 00:00 0 
7f7fb01a4000-7f7fb01a5000 ---p 00000000 00:00 0 
7f7fb01a5000-7f7fb02a6000 rw-p 00000000 00:00 0 
7f7fb02a6000-7f7fb02a7000 ---p 00000000 00:00 0 
7f7fb02a7000-7f7fb0a62000 rw-p 00000000 00:00 0 
7f7fb0a62000-7f7fb0e14000 ---p 00000000 00:00 0 
7f7fb0e14000-7f7fb1174000 rwxp 00000000 00:00 0 
7f7fb1174000-7f7fbfe14000 ---p 00000000 00:00 0 
7f7fbfe14000-7f7fc001b000 r-xp 00000000 fd:02 64628990                   /usr/lib/jvm/java-1.8-openjdk/jre/lib/amd64/libzip.so
7f7fc001b000-7f7fc001c000 r--p 00007000 fd:02 64628990                   /usr/lib/jvm/java-1.8-openjdk/jre/lib/amd64/libzip.so
7f7fc001c000-7f7fc001d000 rw-p 00008000 fd:02 64628990                   /usr/lib/jvm/java-1.8-openjdk/jre/lib/amd64/libzip.so
7f7fc001d000-7f7fc0248000 r-xp 00000000 fd:02 64628971                   /usr/lib/jvm/java-1.8-openjdk/jre/lib/amd64/libjava.so
7f7fc0248000-7f7fc0249000 r--p 0002b000 fd:02 64628971                   /usr/lib/jvm/java-1.8-openjdk/jre/lib/amd64/libjava.so
7f7fc0249000-7f7fc024a000 rw-p 0002c000 fd:02 64628971                   /usr/lib/jvm/java-1.8-openjdk/jre/lib/amd64/libjava.so
7f7fc024a000-7f7fc024b000 rw-p 00000000 00:00 0 
7f7fc024b000-7f7fc0457000 r-xp 00000000 fd:02 64628989                   /usr/lib/jvm/java-1.8-openjdk/jre/lib/amd64/libverify.so
7f7fc0457000-7f7fc0459000 r--p 0000c000 fd:02 64628989                   /usr/lib/jvm/java-1.8-openjdk/jre/lib/amd64/libverify.so
7f7fc0459000-7f7fc045a000 rw-p 0000e000 fd:02 64628989                   /usr/lib/jvm/java-1.8-openjdk/jre/lib/amd64/libverify.so
7f7fc045a000-7f7fc066a000 r-xp 00000000 fd:02 64629147                   /usr/lib/libgcc_s.so.1
7f7fc066a000-7f7fc066b000 r--p 00010000 fd:02 64629147                   /usr/lib/libgcc_s.so.1
7f7fc066b000-7f7fc066c000 rw-p 00011000 fd:02 64629147                   /usr/lib/libgcc_s.so.1
7f7fc066c000-7f7fc09ad000 r-xp 00000000 fd:02 64629270                   /usr/lib/libstdc++.so.6.0.22
7f7fc09ad000-7f7fc09bb000 r--p 00141000 fd:02 64629270                   /usr/lib/libstdc++.so.6.0.22
7f7fc09bb000-7f7fc09bc000 rw-p 0014f000 fd:02 64629270                   /usr/lib/libstdc++.so.6.0.22
7f7fc09bc000-7f7fc09bf000 rw-p 00000000 00:00 0 
7f7fc09bf000-7f7fc1393000 r-xp 00000000 fd:02 64628994                   /usr/lib/jvm/java-1.8-openjdk/jre/lib/amd64/server/libjvm.so
7f7fc1393000-7f7fc1429000 r--p 007d4000 fd:02 64628994                   /usr/lib/jvm/java-1.8-openjdk/jre/lib/amd64/server/libjvm.so
7f7fc1429000-7f7fc1451000 rw-p 0086a000 fd:02 64628994                   /usr/lib/jvm/java-1.8-openjdk/jre/lib/amd64/server/libjvm.so
7f7fc1451000-7f7fc1482000 rw-p 00000000 00:00 0 
7f7fc1482000-7f7fc1697000 r-xp 00000000 fd:02 102564881                  /lib/libz.so.1.2.11
7f7fc1697000-7f7fc1698000 r--p 00015000 fd:02 102564881                  /lib/libz.so.1.2.11
7f7fc1698000-7f7fc1699000 rw-p 00016000 fd:02 102564881                  /lib/libz.so.1.2.11
7f7fc1699000-7f7fc18a5000 r-xp 00000000 fd:02 64628955                   /usr/lib/jvm/java-1.8-openjdk/jre/lib/amd64/jli/libjli.so
7f7fc18a5000-7f7fc18a6000 r--p 0000c000 fd:02 64628955                   /usr/lib/jvm/java-1.8-openjdk/jre/lib/amd64/jli/libjli.so
7f7fc18a6000-7f7fc18a7000 rw-p 0000d000 fd:02 64628955                   /usr/lib/jvm/java-1.8-openjdk/jre/lib/amd64/jli/libjli.so
7f7fc18a7000-7f7fc1934000 r-xp 00000000 fd:02 64623048                   /lib/ld-musl-x86_64.so.1
7f7fc1934000-7f7fc193b000 r--s 00049000 fd:02 65143265                   /home/user/.m2/repository/org/apache/httpcomponents/httpcore/4.4.4/httpcore-4.4.4.jar
7f7fc193b000-7f7fc193d000 r--s 00009000 fd:02 65080153                   /home/user/.m2/repository/commons-cli/commons-cli/1.2/commons-cli-1.2.jar
7f7fc193d000-7f7fc193e000 r--s 0000e000 fd:02 65142995                   /home/user/.m2/repository/org/apache/hadoop/hadoop-annotations/3.2.0/hadoop-annotations-3.2.0.jar
7f7fc193e000-7f7fc1942000 r--s 00014000 fd:02 65210134                   /home/user/.m2/repository/org/tukaani/xz/1.0/xz-1.0.jar
7f7fc1942000-7f7fc1947000 r--s 00036000 fd:02 65081602                   /home/user/.m2/repository/org/apache/commons/commons-compress/1.4.1/commons-compress-1.4.1.jar
7f7fc1947000-7f7fc1949000 r--s 00002000 fd:02 65145771                   /home/user/.m2/repository/org/apache/maven/surefire/surefire-logger-api/3.0.0-M1/surefire-logger-api-3.0.0-M1.jar
7f7fc1949000-7f7fc194e000 r--s 00027000 fd:02 65145753                   /home/user/.m2/repository/org/apache/maven/surefire/surefire-api/3.0.0-M1/surefire-api-3.0.0-M1.jar
7f7fc194e000-7f7fc1954000 r--s 00047000 fd:02 65145762                   /home/user/.m2/repository/org/apache/maven/surefire/surefire-booter/3.0.0-M1/surefire-booter-3.0.0-M1.jar
7f7fc1954000-7f7fc1955000 r--s 00004000 fd:04 40502715                   /workdir/hadoop-ozone/recon/target/surefire/surefirebooter4308171033273456510.jar
7f7fc1955000-7f7fc1956000 r--s 00000000 fd:02 102564817                  /etc/localtime
7f7fc1956000-7f7fc1a27000 rw-p 00000000 00:00 0 
7f7fc1a27000-7f7fc1a2f000 rw-s 00000000 fd:02 145688399                  /tmp/hsperfdata_jenkins1000/17933
7f7fc1a2f000-7f7fc1a30000 rw-p 00000000 00:00 0 
7f7fc1a30000-7f7fc1a31000 r--p 00000000 00:00 0 
7f7fc1a31000-7f7fc1a33000 ---p 00000000 00:00 0 
7f7fc1a33000-7f7fc1a36000 ---p 00000000 00:00 0 
7f7fc1a36000-7f7fc1b34000 rw-p 00000000 00:00 0 
7f7fc1b34000-7f7fc1b35000 r--p 0008d000 fd:02 64623048                   /lib/ld-musl-x86_64.so.1
7f7fc1b35000-7f7fc1b36000 rw-p 0008e000 fd:02 64623048                   /lib/ld-musl-x86_64.so.1
7f7fc1b36000-7f7fc1b39000 rw-p 00000000 00:00 0 
7ffd15052000-7ffd15074000 rw-p 00000000 00:00 0                          [stack]
7ffd15174000-7ffd15176000 r-xp 00000000 00:00 0                          [vdso]
ffffffffff600000-ffffffffff601000 r-xp 00000000 00:00 0                  [vsyscall]

VM Arguments:
jvm_args: -Xmx2048m -XX:+HeapDumpOnOutOfMemoryError 
java_command: /workdir/hadoop-ozone/recon/target/surefire/surefirebooter4308171033273456510.jar /workdir/hadoop-ozone/recon/target/surefire 2019-10-04T07-58-06_791-jvmRun1 surefire2217899888693726813tmp surefire_1087915556795397833144tmp
java_class_path (initial): /workdir/hadoop-ozone/recon/target/surefire/surefirebooter4308171033273456510.jar
Launcher Type: SUN_STANDARD

Environment Variables:
PATH=/usr/local/sbin:/usr/local/bin:/usr/sbin:/usr/bin:/sbin:/bin:/opt/findbugs/bin:/opt/blockade/bin
LD_LIBRARY_PATH=/usr/lib/jvm/java-1.8-openjdk/jre/lib/amd64/server:/usr/lib/jvm/java-1.8-openjdk/jre/lib/amd64:/usr/lib/jvm/java-1.8-openjdk/jre/../lib/amd64:/workdir/hadoop-ozone/recon/target/native/target/usr/local/lib:/workdir/hadoop-ozone/recon/../../hadoop-common-project/hadoop-common/target/native/target/usr/local/lib
DYLD_LIBRARY_PATH=${env.DYLD_LIBRARY_PATH}:/workdir/hadoop-ozone/recon/target/native/target/usr/local/lib:/workdir/hadoop-ozone/recon/../../hadoop-common-project/hadoop-common/target/native/target/usr/local/lib

Signal Handlers:
SIGSEGV: [libjvm.so+0x600fd2], sa_mask[0]=11111111011111111101111111111110, sa_flags=SA_RESTART|SA_SIGINFO
SIGBUS: [libjvm.so+0x600fd2], sa_mask[0]=11111111011111111101111111111110, sa_flags=SA_RESTART|SA_SIGINFO
SIGFPE: [libjvm.so+0x539502], sa_mask[0]=11111111011111111101111111111110, sa_flags=SA_RESTART|SA_SIGINFO
SIGPIPE: [libjvm.so+0x539502], sa_mask[0]=11111111011111111101111111111110, sa_flags=SA_RESTART|SA_SIGINFO
SIGXFSZ: [libjvm.so+0x539502], sa_mask[0]=11111111011111111101111111111110, sa_flags=SA_RESTART|SA_SIGINFO
SIGILL: [libjvm.so+0x539502], sa_mask[0]=11111111011111111101111111111110, sa_flags=SA_RESTART|SA_SIGINFO
SIGUSR1: SIG_DFL, sa_mask[0]=00000000000000000000000000000000, sa_flags=none
SIGUSR2: [libjvm.so+0x5396a1], sa_mask[0]=00100000000000000000000000000000, sa_flags=SA_RESTART|SA_SIGINFO
SIGHUP: [libjvm.so+0x53b719], sa_mask[0]=11111111011111111101111111111110, sa_flags=SA_RESTART|SA_SIGINFO
SIGINT: [libjvm.so+0x53b719], sa_mask[0]=11111111011111111101111111111110, sa_flags=SA_RESTART|SA_SIGINFO
SIGTERM: [libjvm.so+0x53b719], sa_mask[0]=11111111011111111101111111111110, sa_flags=SA_RESTART|SA_SIGINFO
SIGQUIT: [libjvm.so+0x53b719], sa_mask[0]=11111111011111111101111111111110, sa_flags=SA_RESTART|SA_SIGINFO


---------------  S Y S T E M  ---------------

OS:NAME="Alpine Linux"
ID=alpine
VERSION_ID=3.8.2
PRETTY_NAME="Alpine Linux v3.8"
HOME_URL="http://alpinelinux.org"
BUG_REPORT_URL="http://bugs.alpinelinux.org"

uname:Linux 3.10.0-957.12.2.el7.x86_64 #1 SMP Tue May 14 21:24:32 UTC 2019 x86_64
libc:glibc 2.9 NPTL 
rlimit: STACK 8192k, CORE infinity, NPROC 1048576, NOFILE 1048576, AS infinity
load average:9.97 9.43 6.98

/proc/meminfo:
MemTotal:       263864160 kB
MemFree:         7397792 kB
MemAvailable:   245026792 kB
Buffers:        11632488 kB
Cached:         214179964 kB
SwapCached:            0 kB
Active:         137363664 kB
Inactive:       99302344 kB
Active(anon):   13552640 kB
Inactive(anon):  1760684 kB
Active(file):   123811024 kB
Inactive(file): 97541660 kB
Unevictable:       13856 kB
Mlocked:           13856 kB
SwapTotal:             0 kB
SwapFree:              0 kB
Dirty:             16968 kB
Writeback:             0 kB
AnonPages:      10866532 kB
Mapped:           341020 kB
Shmem:           4456220 kB
Slab:           17983264 kB
SReclaimable:   17160496 kB
SUnreclaim:       822768 kB
KernelStack:       62352 kB
PageTables:        45148 kB
NFS_Unstable:          0 kB
Bounce:                0 kB
WritebackTmp:          0 kB
CommitLimit:    131932080 kB
Committed_AS:   46483984 kB
VmallocTotal:   34359738367 kB
VmallocUsed:      711928 kB
VmallocChunk:   34224670720 kB
HardwareCorrupted:     0 kB
AnonHugePages:   2107392 kB
CmaTotal:              0 kB
CmaFree:               0 kB
HugePages_Total:       0
HugePages_Free:        0
HugePages_Rsvd:        0
HugePages_Surp:        0
Hugepagesize:       2048 kB
DirectMap4k:      494312 kB
DirectMap2M:    15126528 kB
DirectMap1G:    254803968 kB

container (cgroup) information:
container_type: cgroupv1
cpu_cpuset_cpus: 0-31
cpu_memory_nodes: 0-1
active_processor_count: 2
cpu_quota: -1
cpu_period: 100000
cpu_shares: 2048
memory_limit_in_bytes: -1
memory_and_swap_limit_in_bytes: -1
memory_soft_limit_in_bytes: -1
memory_usage_in_bytes: 3693281280
memory_max_usage_in_bytes: 4929224704


CPU:total 32 (initial active 2) (8 cores per cpu, 2 threads per core) family 6 model 63 stepping 2, cmov, cx8, fxsr, mmx, sse, sse2, sse3, ssse3, sse4.1, sse4.2, popcnt, avx, avx2, aes, clmul, erms, lzcnt, ht, tsc, tscinvbit, bmi1, bmi2

/proc/cpuinfo:
processor	: 0
vendor_id	: GenuineIntel
cpu family	: 6
model		: 63
model name	: Intel(R) Xeon(R) CPU E5-2630 v3 @ 2.40GHz
stepping	: 2
microcode	: 0x43
cpu MHz		: 1285.839
cache size	: 20480 KB
physical id	: 0
siblings	: 16
core id		: 0
cpu cores	: 8
apicid		: 0
initial apicid	: 0
fpu		: yes
fpu_exception	: yes
cpuid level	: 15
wp		: yes
flags		: fpu vme de pse tsc msr pae mce cx8 apic sep mtrr pge mca cmov pat pse36 clflush dts acpi mmx fxsr sse sse2 ss ht tm pbe syscall nx pdpe1gb rdtscp lm constant_tsc arch_perfmon pebs bts rep_good nopl xtopology nonstop_tsc aperfmperf eagerfpu pni pclmulqdq dtes64 monitor ds_cpl vmx smx est tm2 ssse3 sdbg fma cx16 xtpr pdcm pcid dca sse4_1 sse4_2 x2apic movbe popcnt tsc_deadline_timer aes xsave avx f16c rdrand lahf_lm abm epb intel_ppin ssbd ibrs ibpb stibp tpr_shadow vnmi flexpriority ept vpid fsgsbase tsc_adjust bmi1 avx2 smep bmi2 erms invpcid cqm xsaveopt cqm_llc cqm_occup_llc dtherm ida arat pln pts md_clear spec_ctrl intel_stibp flush_l1d
bogomips	: 4788.46
clflush size	: 64
cache_alignment	: 64
address sizes	: 46 bits physical, 48 bits virtual
power management:

processor	: 1
vendor_id	: GenuineIntel
cpu family	: 6
model		: 63
model name	: Intel(R) Xeon(R) CPU E5-2630 v3 @ 2.40GHz
stepping	: 2
microcode	: 0x43
cpu MHz		: 1306.640
cache size	: 20480 KB
physical id	: 0
siblings	: 16
core id		: 1
cpu cores	: 8
apicid		: 2
initial apicid	: 2
fpu		: yes
fpu_exception	: yes
cpuid level	: 15
wp		: yes
flags		: fpu vme de pse tsc msr pae mce cx8 apic sep mtrr pge mca cmov pat pse36 clflush dts acpi mmx fxsr sse sse2 ss ht tm pbe syscall nx pdpe1gb rdtscp lm constant_tsc arch_perfmon pebs bts rep_good nopl xtopology nonstop_tsc aperfmperf eagerfpu pni pclmulqdq dtes64 monitor ds_cpl vmx smx est tm2 ssse3 sdbg fma cx16 xtpr pdcm pcid dca sse4_1 sse4_2 x2apic movbe popcnt tsc_deadline_timer aes xsave avx f16c rdrand lahf_lm abm epb intel_ppin ssbd ibrs ibpb stibp tpr_shadow vnmi flexpriority ept vpid fsgsbase tsc_adjust bmi1 avx2 smep bmi2 erms invpcid cqm xsaveopt cqm_llc cqm_occup_llc dtherm ida arat pln pts md_clear spec_ctrl intel_stibp flush_l1d
bogomips	: 4788.46
clflush size	: 64
cache_alignment	: 64
address sizes	: 46 bits physical, 48 bits virtual
power management:

processor	: 2
vendor_id	: GenuineIntel
cpu family	: 6
model		: 63
model name	: Intel(R) Xeon(R) CPU E5-2630 v3 @ 2.40GHz
stepping	: 2
microcode	: 0x43
cpu MHz		: 1270.605
cache size	: 20480 KB
physical id	: 0
siblings	: 16
core id		: 2
cpu cores	: 8
apicid		: 4
initial apicid	: 4
fpu		: yes
fpu_exception	: yes
cpuid level	: 15
wp		: yes
flags		: fpu vme de pse tsc msr pae mce cx8 apic sep mtrr pge mca cmov pat pse36 clflush dts acpi mmx fxsr sse sse2 ss ht tm pbe syscall nx pdpe1gb rdtscp lm constant_tsc arch_perfmon pebs bts rep_good nopl xtopology nonstop_tsc aperfmperf eagerfpu pni pclmulqdq dtes64 monitor ds_cpl vmx smx est tm2 ssse3 sdbg fma cx16 xtpr pdcm pcid dca sse4_1 sse4_2 x2apic movbe popcnt tsc_deadline_timer aes xsave avx f16c rdrand lahf_lm abm epb intel_ppin ssbd ibrs ibpb stibp tpr_shadow vnmi flexpriority ept vpid fsgsbase tsc_adjust bmi1 avx2 smep bmi2 erms invpcid cqm xsaveopt cqm_llc cqm_occup_llc dtherm ida arat pln pts md_clear spec_ctrl intel_stibp flush_l1d
bogomips	: 4788.46
clflush size	: 64
cache_alignment	: 64
address sizes	: 46 bits physical, 48 bits virtual
power management:

processor	: 3
vendor_id	: GenuineIntel
cpu family	: 6
model		: 63
model name	: Intel(R) Xeon(R) CPU E5-2630 v3 @ 2.40GHz
stepping	: 2
microcode	: 0x43
cpu MHz		: 1200.000
cache size	: 20480 KB
physical id	: 0
siblings	: 16
core id		: 3
cpu cores	: 8
apicid		: 6
initial apicid	: 6
fpu		: yes
fpu_exception	: yes
cpuid level	: 15
wp		: yes
flags		: fpu vme de pse tsc msr pae mce cx8 apic sep mtrr pge mca cmov pat pse36 clflush dts acpi mmx fxsr sse sse2 ss ht tm pbe syscall nx pdpe1gb rdtscp lm constant_tsc arch_perfmon pebs bts rep_good nopl xtopology nonstop_tsc aperfmperf eagerfpu pni pclmulqdq dtes64 monitor ds_cpl vmx smx est tm2 ssse3 sdbg fma cx16 xtpr pdcm pcid dca sse4_1 sse4_2 x2apic movbe popcnt tsc_deadline_timer aes xsave avx f16c rdrand lahf_lm abm epb intel_ppin ssbd ibrs ibpb stibp tpr_shadow vnmi flexpriority ept vpid fsgsbase tsc_adjust bmi1 avx2 smep bmi2 erms invpcid cqm xsaveopt cqm_llc cqm_occup_llc dtherm ida arat pln pts md_clear spec_ctrl intel_stibp flush_l1d
bogomips	: 4788.46
clflush size	: 64
cache_alignment	: 64
address sizes	: 46 bits physical, 48 bits virtual
power management:

processor	: 4
vendor_id	: GenuineIntel
cpu family	: 6
model		: 63
model name	: Intel(R) Xeon(R) CPU E5-2630 v3 @ 2.40GHz
stepping	: 2
microcode	: 0x43
cpu MHz		: 1331.250
cache size	: 20480 KB
physical id	: 0
siblings	: 16
core id		: 4
cpu cores	: 8
apicid		: 8
initial apicid	: 8
fpu		: yes
fpu_exception	: yes
cpuid level	: 15
wp		: yes
flags		: fpu vme de pse tsc msr pae mce cx8 apic sep mtrr pge mca cmov pat pse36 clflush dts acpi mmx fxsr sse sse2 ss ht tm pbe syscall nx pdpe1gb rdtscp lm constant_tsc arch_perfmon pebs bts rep_good nopl xtopology nonstop_tsc aperfmperf eagerfpu pni pclmulqdq dtes64 monitor ds_cpl vmx smx est tm2 ssse3 sdbg fma cx16 xtpr pdcm pcid dca sse4_1 sse4_2 x2apic movbe popcnt tsc_deadline_timer aes xsave avx f16c rdrand lahf_lm abm epb intel_ppin ssbd ibrs ibpb stibp tpr_shadow vnmi flexpriority ept vpid fsgsbase tsc_adjust bmi1 avx2 smep bmi2 erms invpcid cqm xsaveopt cqm_llc cqm_occup_llc dtherm ida arat pln pts md_clear spec_ctrl intel_stibp flush_l1d
bogomips	: 4788.46
clflush size	: 64
cache_alignment	: 64
address sizes	: 46 bits physical, 48 bits virtual
power management:

processor	: 5
vendor_id	: GenuineIntel
cpu family	: 6
model		: 63
model name	: Intel(R) Xeon(R) CPU E5-2630 v3 @ 2.40GHz
stepping	: 2
microcode	: 0x43
cpu MHz		: 1240.283
cache size	: 20480 KB
physical id	: 0
siblings	: 16
core id		: 5
cpu cores	: 8
apicid		: 10
initial apicid	: 10
fpu		: yes
fpu_exception	: yes
cpuid level	: 15
wp		: yes
flags		: fpu vme de pse tsc msr pae mce cx8 apic sep mtrr pge mca cmov pat pse36 clflush dts acpi mmx fxsr sse sse2 ss ht tm pbe syscall nx pdpe1gb rdtscp lm constant_tsc arch_perfmon pebs bts rep_good nopl xtopology nonstop_tsc aperfmperf eagerfpu pni pclmulqdq dtes64 monitor ds_cpl vmx smx est tm2 ssse3 sdbg fma cx16 xtpr pdcm pcid dca sse4_1 sse4_2 x2apic movbe popcnt tsc_deadline_timer aes xsave avx f16c rdrand lahf_lm abm epb intel_ppin ssbd ibrs ibpb stibp tpr_shadow vnmi flexpriority ept vpid fsgsbase tsc_adjust bmi1 avx2 smep bmi2 erms invpcid cqm xsaveopt cqm_llc cqm_occup_llc dtherm ida arat pln pts md_clear spec_ctrl intel_stibp flush_l1d
bogomips	: 4788.46
clflush size	: 64
cache_alignment	: 64
address sizes	: 46 bits physical, 48 bits virtual
power management:

processor	: 6
vendor_id	: GenuineIntel
cpu family	: 6
model		: 63
model name	: Intel(R) Xeon(R) CPU E5-2630 v3 @ 2.40GHz
stepping	: 2
microcode	: 0x43
cpu MHz		: 1200.146
cache size	: 20480 KB
physical id	: 0
siblings	: 16
core id		: 6
cpu cores	: 8
apicid		: 12
initial apicid	: 12
fpu		: yes
fpu_exception	: yes
cpuid level	: 15
wp		: yes
flags		: fpu vme de pse tsc msr pae mce cx8 apic sep mtrr pge mca cmov pat pse36 clflush dts acpi mmx fxsr sse sse2 ss ht tm pbe syscall nx pdpe1gb rdtscp lm constant_tsc arch_perfmon pebs bts rep_good nopl xtopology nonstop_tsc aperfmperf eagerfpu pni pclmulqdq dtes64 monitor ds_cpl vmx smx est tm2 ssse3 sdbg fma cx16 xtpr pdcm pcid dca sse4_1 sse4_2 x2apic movbe popcnt tsc_deadline_timer aes xsave avx f16c rdrand lahf_lm abm epb intel_ppin ssbd ibrs ibpb stibp tpr_shadow vnmi flexpriority ept vpid fsgsbase tsc_adjust bmi1 avx2 smep bmi2 erms invpcid cqm xsaveopt cqm_llc cqm_occup_llc dtherm ida arat pln pts md_clear spec_ctrl intel_stibp flush_l1d
bogomips	: 4788.46
clflush size	: 64
cache_alignment	: 64
address sizes	: 46 bits physical, 48 bits virtual
power management:

processor	: 7
vendor_id	: GenuineIntel
cpu family	: 6
model		: 63
model name	: Intel(R) Xeon(R) CPU E5-2630 v3 @ 2.40GHz
stepping	: 2
microcode	: 0x43
cpu MHz		: 1306.640
cache size	: 20480 KB
physical id	: 0
siblings	: 16
core id		: 7
cpu cores	: 8
apicid		: 14
initial apicid	: 14
fpu		: yes
fpu_exception	: yes
cpuid level	: 15
wp		: yes
flags		: fpu vme de pse tsc msr pae mce cx8 apic sep mtrr pge mca cmov pat pse36 clflush dts acpi mmx fxsr sse sse2 ss ht tm pbe syscall nx pdpe1gb rdtscp lm constant_tsc arch_perfmon pebs bts rep_good nopl xtopology nonstop_tsc aperfmperf eagerfpu pni pclmulqdq dtes64 monitor ds_cpl vmx smx est tm2 ssse3 sdbg fma cx16 xtpr pdcm pcid dca sse4_1 sse4_2 x2apic movbe popcnt tsc_deadline_timer aes xsave avx f16c rdrand lahf_lm abm epb intel_ppin ssbd ibrs ibpb stibp tpr_shadow vnmi flexpriority ept vpid fsgsbase tsc_adjust bmi1 avx2 smep bmi2 erms invpcid cqm xsaveopt cqm_llc cqm_occup_llc dtherm ida arat pln pts md_clear spec_ctrl intel_stibp flush_l1d
bogomips	: 4788.46
clflush size	: 64
cache_alignment	: 64
address sizes	: 46 bits physical, 48 bits virtual
power management:

processor	: 8
vendor_id	: GenuineIntel
cpu family	: 6
model		: 63
model name	: Intel(R) Xeon(R) CPU E5-2630 v3 @ 2.40GHz
stepping	: 2
microcode	: 0x43
cpu MHz		: 1392.187
cache size	: 20480 KB
physical id	: 1
siblings	: 16
core id		: 0
cpu cores	: 8
apicid		: 16
initial apicid	: 16
fpu		: yes
fpu_exception	: yes
cpuid level	: 15
wp		: yes
flags		: fpu vme de pse tsc msr pae mce cx8 apic sep mtrr pge mca cmov pat pse36 clflush dts acpi mmx fxsr sse sse2 ss ht tm pbe syscall nx pdpe1gb rdtscp lm constant_tsc arch_perfmon pebs bts rep_good nopl xtopology nonstop_tsc aperfmperf eagerfpu pni pclmulqdq dtes64 monitor ds_cpl vmx smx est tm2 ssse3 sdbg fma cx16 xtpr pdcm pcid dca sse4_1 sse4_2 x2apic movbe popcnt tsc_deadline_timer aes xsave avx f16c rdrand lahf_lm abm epb intel_ppin ssbd ibrs ibpb stibp tpr_shadow vnmi flexpriority ept vpid fsgsbase tsc_adjust bmi1 avx2 smep bmi2 erms invpcid cqm xsaveopt cqm_llc cqm_occup_llc dtherm ida arat pln pts md_clear spec_ctrl intel_stibp flush_l1d
bogomips	: 4793.49
clflush size	: 64
cache_alignment	: 64
address sizes	: 46 bits physical, 48 bits virtual
power management:

processor	: 9
vendor_id	: GenuineIntel
cpu family	: 6
model		: 63
model name	: Intel(R) Xeon(R) CPU E5-2630 v3 @ 2.40GHz
stepping	: 2
microcode	: 0x43
cpu MHz		: 2805.615
cache size	: 20480 KB
physical id	: 1
siblings	: 16
core id		: 1
cpu cores	: 8
apicid		: 18
initial apicid	: 18
fpu		: yes
fpu_exception	: yes
cpuid level	: 15
wp		: yes
flags		: fpu vme de pse tsc msr pae mce cx8 apic sep mtrr pge mca cmov pat pse36 clflush dts acpi mmx fxsr sse sse2 ss ht tm pbe syscall nx pdpe1gb rdtscp lm constant_tsc arch_perfmon pebs bts rep_good nopl xtopology nonstop_tsc aperfmperf eagerfpu pni pclmulqdq dtes64 monitor ds_cpl vmx smx est tm2 ssse3 sdbg fma cx16 xtpr pdcm pcid dca sse4_1 sse4_2 x2apic movbe popcnt tsc_deadline_timer aes xsave avx f16c rdrand lahf_lm abm epb intel_ppin ssbd ibrs ibpb stibp tpr_shadow vnmi flexpriority ept vpid fsgsbase tsc_adjust bmi1 avx2 smep bmi2 erms invpcid cqm xsaveopt cqm_llc cqm_occup_llc dtherm ida arat pln pts md_clear spec_ctrl intel_stibp flush_l1d
bogomips	: 4793.49
clflush size	: 64
cache_alignment	: 64
address sizes	: 46 bits physical, 48 bits virtual
power management:

processor	: 10
vendor_id	: GenuineIntel
cpu family	: 6
model		: 63
model name	: Intel(R) Xeon(R) CPU E5-2630 v3 @ 2.40GHz
stepping	: 2
microcode	: 0x43
cpu MHz		: 1396.728
cache size	: 20480 KB
physical id	: 1
siblings	: 16
core id		: 2
cpu cores	: 8
apicid		: 20
initial apicid	: 20
fpu		: yes
fpu_exception	: yes
cpuid level	: 15
wp		: yes
flags		: fpu vme de pse tsc msr pae mce cx8 apic sep mtrr pge mca cmov pat pse36 clflush dts acpi mmx fxsr sse sse2 ss ht tm pbe syscall nx pdpe1gb rdtscp lm constant_tsc arch_perfmon pebs bts rep_good nopl xtopology nonstop_tsc aperfmperf eagerfpu pni pclmulqdq dtes64 monitor ds_cpl vmx smx est tm2 ssse3 sdbg fma cx16 xtpr pdcm pcid dca sse4_1 sse4_2 x2apic movbe popcnt tsc_deadline_timer aes xsave avx f16c rdrand lahf_lm abm epb intel_ppin ssbd ibrs ibpb stibp tpr_shadow vnmi flexpriority ept vpid fsgsbase tsc_adjust bmi1 avx2 smep bmi2 erms invpcid cqm xsaveopt cqm_llc cqm_occup_llc dtherm ida arat pln pts md_clear spec_ctrl intel_stibp flush_l1d
bogomips	: 4793.49
clflush size	: 64
cache_alignment	: 64
address sizes	: 46 bits physical, 48 bits virtual
power management:

processor	: 11
vendor_id	: GenuineIntel
cpu family	: 6
model		: 63
model name	: Intel(R) Xeon(R) CPU E5-2630 v3 @ 2.40GHz
stepping	: 2
microcode	: 0x43
cpu MHz		: 1225.195
cache size	: 20480 KB
physical id	: 1
siblings	: 16
core id		: 3
cpu cores	: 8
apicid		: 22
initial apicid	: 22
fpu		: yes
fpu_exception	: yes
cpuid level	: 15
wp		: yes
flags		: fpu vme de pse tsc msr pae mce cx8 apic sep mtrr pge mca cmov pat pse36 clflush dts acpi mmx fxsr sse sse2 ss ht tm pbe syscall nx pdpe1gb rdtscp lm constant_tsc arch_perfmon pebs bts rep_good nopl xtopology nonstop_tsc aperfmperf eagerfpu pni pclmulqdq dtes64 monitor ds_cpl vmx smx est tm2 ssse3 sdbg fma cx16 xtpr pdcm pcid dca sse4_1 sse4_2 x2apic movbe popcnt tsc_deadline_timer aes xsave avx f16c rdrand lahf_lm abm epb intel_ppin ssbd ibrs ibpb stibp tpr_shadow vnmi flexpriority ept vpid fsgsbase tsc_adjust bmi1 avx2 smep bmi2 erms invpcid cqm xsaveopt cqm_llc cqm_occup_llc dtherm ida arat pln pts md_clear spec_ctrl intel_stibp flush_l1d
bogomips	: 4793.49
clflush size	: 64
cache_alignment	: 64
address sizes	: 46 bits physical, 48 bits virtual
power management:

processor	: 12
vendor_id	: GenuineIntel
cpu family	: 6
model		: 63
model name	: Intel(R) Xeon(R) CPU E5-2630 v3 @ 2.40GHz
stepping	: 2
microcode	: 0x43
cpu MHz		: 1200.000
cache size	: 20480 KB
physical id	: 1
siblings	: 16
core id		: 4
cpu cores	: 8
apicid		: 24
initial apicid	: 24
fpu		: yes
fpu_exception	: yes
cpuid level	: 15
wp		: yes
flags		: fpu vme de pse tsc msr pae mce cx8 apic sep mtrr pge mca cmov pat pse36 clflush dts acpi mmx fxsr sse sse2 ss ht tm pbe syscall nx pdpe1gb rdtscp lm constant_tsc arch_perfmon pebs bts rep_good nopl xtopology nonstop_tsc aperfmperf eagerfpu pni pclmulqdq dtes64 monitor ds_cpl vmx smx est tm2 ssse3 sdbg fma cx16 xtpr pdcm pcid dca sse4_1 sse4_2 x2apic movbe popcnt tsc_deadline_timer aes xsave avx f16c rdrand lahf_lm abm epb intel_ppin ssbd ibrs ibpb stibp tpr_shadow vnmi flexpriority ept vpid fsgsbase tsc_adjust bmi1 avx2 smep bmi2 erms invpcid cqm xsaveopt cqm_llc cqm_occup_llc dtherm ida arat pln pts md_clear spec_ctrl intel_stibp flush_l1d
bogomips	: 4793.49
clflush size	: 64
cache_alignment	: 64
address sizes	: 46 bits physical, 48 bits virtual
power management:

processor	: 13
vendor_id	: GenuineIntel
cpu family	: 6
model		: 63
model name	: Intel(R) Xeon(R) CPU E5-2630 v3 @ 2.40GHz
stepping	: 2
microcode	: 0x43
cpu MHz		: 1322.021
cache size	: 20480 KB
physical id	: 1
siblings	: 16
core id		: 5
cpu cores	: 8
apicid		: 26
initial apicid	: 26
fpu		: yes
fpu_exception	: yes
cpuid level	: 15
wp		: yes
flags		: fpu vme de pse tsc msr pae mce cx8 apic sep mtrr pge mca cmov pat pse36 clflush dts acpi mmx fxsr sse sse2 ss ht tm pbe syscall nx pdpe1gb rdtscp lm constant_tsc arch_perfmon pebs bts rep_good nopl xtopology nonstop_tsc aperfmperf eagerfpu pni pclmulqdq dtes64 monitor ds_cpl vmx smx est tm2 ssse3 sdbg fma cx16 xtpr pdcm pcid dca sse4_1 sse4_2 x2apic movbe popcnt tsc_deadline_timer aes xsave avx f16c rdrand lahf_lm abm epb intel_ppin ssbd ibrs ibpb stibp tpr_shadow vnmi flexpriority ept vpid fsgsbase tsc_adjust bmi1 avx2 smep bmi2 erms invpcid cqm xsaveopt cqm_llc cqm_occup_llc dtherm ida arat pln pts md_clear spec_ctrl intel_stibp flush_l1d
bogomips	: 4793.49
clflush size	: 64
cache_alignment	: 64
address sizes	: 46 bits physical, 48 bits virtual
power management:

processor	: 14
vendor_id	: GenuineIntel
cpu family	: 6
model		: 63
model name	: Intel(R) Xeon(R) CPU E5-2630 v3 @ 2.40GHz
stepping	: 2
microcode	: 0x43
cpu MHz		: 1202.050
cache size	: 20480 KB
physical id	: 1
siblings	: 16
core id		: 6
cpu cores	: 8
apicid		: 28
initial apicid	: 28
fpu		: yes
fpu_exception	: yes
cpuid level	: 15
wp		: yes
flags		: fpu vme de pse tsc msr pae mce cx8 apic sep mtrr pge mca cmov pat pse36 clflush dts acpi mmx fxsr sse sse2 ss ht tm pbe syscall nx pdpe1gb rdtscp lm constant_tsc arch_perfmon pebs bts rep_good nopl xtopology nonstop_tsc aperfmperf eagerfpu pni pclmulqdq dtes64 monitor ds_cpl vmx smx est tm2 ssse3 sdbg fma cx16 xtpr pdcm pcid dca sse4_1 sse4_2 x2apic movbe popcnt tsc_deadline_timer aes xsave avx f16c rdrand lahf_lm abm epb intel_ppin ssbd ibrs ibpb stibp tpr_shadow vnmi flexpriority ept vpid fsgsbase tsc_adjust bmi1 avx2 smep bmi2 erms invpcid cqm xsaveopt cqm_llc cqm_occup_llc dtherm ida arat pln pts md_clear spec_ctrl intel_stibp flush_l1d
bogomips	: 4793.49
clflush size	: 64
cache_alignment	: 64
address sizes	: 46 bits physical, 48 bits virtual
power management:

processor	: 15
vendor_id	: GenuineIntel
cpu family	: 6
model		: 63
model name	: Intel(R) Xeon(R) CPU E5-2630 v3 @ 2.40GHz
stepping	: 2
microcode	: 0x43
cpu MHz		: 1294.921
cache size	: 20480 KB
physical id	: 1
siblings	: 16
core id		: 7
cpu cores	: 8
apicid		: 30
initial apicid	: 30
fpu		: yes
fpu_exception	: yes
cpuid level	: 15
wp		: yes
flags		: fpu vme de pse tsc msr pae mce cx8 apic sep mtrr pge mca cmov pat pse36 clflush dts acpi mmx fxsr sse sse2 ss ht tm pbe syscall nx pdpe1gb rdtscp lm constant_tsc arch_perfmon pebs bts rep_good nopl xtopology nonstop_tsc aperfmperf eagerfpu pni pclmulqdq dtes64 monitor ds_cpl vmx smx est tm2 ssse3 sdbg fma cx16 xtpr pdcm pcid dca sse4_1 sse4_2 x2apic movbe popcnt tsc_deadline_timer aes xsave avx f16c rdrand lahf_lm abm epb intel_ppin ssbd ibrs ibpb stibp tpr_shadow vnmi flexpriority ept vpid fsgsbase tsc_adjust bmi1 avx2 smep bmi2 erms invpcid cqm xsaveopt cqm_llc cqm_occup_llc dtherm ida arat pln pts md_clear spec_ctrl intel_stibp flush_l1d
bogomips	: 4793.49
clflush size	: 64
cache_alignment	: 64
address sizes	: 46 bits physical, 48 bits virtual
power management:

processor	: 16
vendor_id	: GenuineIntel
cpu family	: 6
model		: 63
model name	: Intel(R) Xeon(R) CPU E5-2630 v3 @ 2.40GHz
stepping	: 2
microcode	: 0x43
cpu MHz		: 2447.460
cache size	: 20480 KB
physical id	: 0
siblings	: 16
core id		: 0
cpu cores	: 8
apicid		: 1
initial apicid	: 1
fpu		: yes
fpu_exception	: yes
cpuid level	: 15
wp		: yes
flags		: fpu vme de pse tsc msr pae mce cx8 apic sep mtrr pge mca cmov pat pse36 clflush dts acpi mmx fxsr sse sse2 ss ht tm pbe syscall nx pdpe1gb rdtscp lm constant_tsc arch_perfmon pebs bts rep_good nopl xtopology nonstop_tsc aperfmperf eagerfpu pni pclmulqdq dtes64 monitor ds_cpl vmx smx est tm2 ssse3 sdbg fma cx16 xtpr pdcm pcid dca sse4_1 sse4_2 x2apic movbe popcnt tsc_deadline_timer aes xsave avx f16c rdrand lahf_lm abm epb intel_ppin ssbd ibrs ibpb stibp tpr_shadow vnmi flexpriority ept vpid fsgsbase tsc_adjust bmi1 avx2 smep bmi2 erms invpcid cqm xsaveopt cqm_llc cqm_occup_llc dtherm ida arat pln pts md_clear spec_ctrl intel_stibp flush_l1d
bogomips	: 4788.46
clflush size	: 64
cache_alignment	: 64
address sizes	: 46 bits physical, 48 bits virtual
power management:

processor	: 17
vendor_id	: GenuineIntel
cpu family	: 6
model		: 63
model name	: Intel(R) Xeon(R) CPU E5-2630 v3 @ 2.40GHz
stepping	: 2
microcode	: 0x43
cpu MHz		: 1398.779
cache size	: 20480 KB
physical id	: 0
siblings	: 16
core id		: 1
cpu cores	: 8
apicid		: 3
initial apicid	: 3
fpu		: yes
fpu_exception	: yes
cpuid level	: 15
wp		: yes
flags		: fpu vme de pse tsc msr pae mce cx8 apic sep mtrr pge mca cmov pat pse36 clflush dts acpi mmx fxsr sse sse2 ss ht tm pbe syscall nx pdpe1gb rdtscp lm constant_tsc arch_perfmon pebs bts rep_good nopl xtopology nonstop_tsc aperfmperf eagerfpu pni pclmulqdq dtes64 monitor ds_cpl vmx smx est tm2 ssse3 sdbg fma cx16 xtpr pdcm pcid dca sse4_1 sse4_2 x2apic movbe popcnt tsc_deadline_timer aes xsave avx f16c rdrand lahf_lm abm epb intel_ppin ssbd ibrs ibpb stibp tpr_shadow vnmi flexpriority ept vpid fsgsbase tsc_adjust bmi1 avx2 smep bmi2 erms invpcid cqm xsaveopt cqm_llc cqm_occup_llc dtherm ida arat pln pts md_clear spec_ctrl intel_stibp flush_l1d
bogomips	: 4788.46
clflush size	: 64
cache_alignment	: 64
address sizes	: 46 bits physical, 48 bits virtual
power management:

processor	: 18
vendor_id	: GenuineIntel
cpu family	: 6
model		: 63
model name	: Intel(R) Xeon(R) CPU E5-2630 v3 @ 2.40GHz
stepping	: 2
microcode	: 0x43
cpu MHz		: 1212.890
cache size	: 20480 KB
physical id	: 0
siblings	: 16
core id		: 2
cpu cores	: 8
apicid		: 5
initial apicid	: 5
fpu		: yes
fpu_exception	: yes
cpuid level	: 15
wp		: yes
flags		: fpu vme de pse tsc msr pae mce cx8 apic sep mtrr pge mca cmov pat pse36 clflush dts acpi mmx fxsr sse sse2 ss ht tm pbe syscall nx pdpe1gb rdtscp lm constant_tsc arch_perfmon pebs bts rep_good nopl xtopology nonstop_tsc aperfmperf eagerfpu pni pclmulqdq dtes64 monitor ds_cpl vmx smx est tm2 ssse3 sdbg fma cx16 xtpr pdcm pcid dca sse4_1 sse4_2 x2apic movbe popcnt tsc_deadline_timer aes xsave avx f16c rdrand lahf_lm abm epb intel_ppin ssbd ibrs ibpb stibp tpr_shadow vnmi flexpriority ept vpid fsgsbase tsc_adjust bmi1 avx2 smep bmi2 erms invpcid cqm xsaveopt cqm_llc cqm_occup_llc dtherm ida arat pln pts md_clear spec_ctrl intel_stibp flush_l1d
bogomips	: 4788.46
clflush size	: 64
cache_alignment	: 64
address sizes	: 46 bits physical, 48 bits virtual
power management:

processor	: 19
vendor_id	: GenuineIntel
cpu family	: 6
model		: 63
model name	: Intel(R) Xeon(R) CPU E5-2630 v3 @ 2.40GHz
stepping	: 2
microcode	: 0x43
cpu MHz		: 1329.199
cache size	: 20480 KB
physical id	: 0
siblings	: 16
core id		: 3
cpu cores	: 8
apicid		: 7
initial apicid	: 7
fpu		: yes
fpu_exception	: yes
cpuid level	: 15
wp		: yes
flags		: fpu vme de pse tsc msr pae mce cx8 apic sep mtrr pge mca cmov pat pse36 clflush dts acpi mmx fxsr sse sse2 ss ht tm pbe syscall nx pdpe1gb rdtscp lm constant_tsc arch_perfmon pebs bts rep_good nopl xtopology nonstop_tsc aperfmperf eagerfpu pni pclmulqdq dtes64 monitor ds_cpl vmx smx est tm2 ssse3 sdbg fma cx16 xtpr pdcm pcid dca sse4_1 sse4_2 x2apic movbe popcnt tsc_deadline_timer aes xsave avx f16c rdrand lahf_lm abm epb intel_ppin ssbd ibrs ibpb stibp tpr_shadow vnmi flexpriority ept vpid fsgsbase tsc_adjust bmi1 avx2 smep bmi2 erms invpcid cqm xsaveopt cqm_llc cqm_occup_llc dtherm ida arat pln pts md_clear spec_ctrl intel_stibp flush_l1d
bogomips	: 4788.46
clflush size	: 64
cache_alignment	: 64
address sizes	: 46 bits physical, 48 bits virtual
power management:

processor	: 20
vendor_id	: GenuineIntel
cpu family	: 6
model		: 63
model name	: Intel(R) Xeon(R) CPU E5-2630 v3 @ 2.40GHz
stepping	: 2
microcode	: 0x43
cpu MHz		: 1397.607
cache size	: 20480 KB
physical id	: 0
siblings	: 16
core id		: 4
cpu cores	: 8
apicid		: 9
initial apicid	: 9
fpu		: yes
fpu_exception	: yes
cpuid level	: 15
wp		: yes
flags		: fpu vme de pse tsc msr pae mce cx8 apic sep mtrr pge mca cmov pat pse36 clflush dts acpi mmx fxsr sse sse2 ss ht tm pbe syscall nx pdpe1gb rdtscp lm constant_tsc arch_perfmon pebs bts rep_good nopl xtopology nonstop_tsc aperfmperf eagerfpu pni pclmulqdq dtes64 monitor ds_cpl vmx smx est tm2 ssse3 sdbg fma cx16 xtpr pdcm pcid dca sse4_1 sse4_2 x2apic movbe popcnt tsc_deadline_timer aes xsave avx f16c rdrand lahf_lm abm epb intel_ppin ssbd ibrs ibpb stibp tpr_shadow vnmi flexpriority ept vpid fsgsbase tsc_adjust bmi1 avx2 smep bmi2 erms invpcid cqm xsaveopt cqm_llc cqm_occup_llc dtherm ida arat pln pts md_clear spec_ctrl intel_stibp flush_l1d
bogomips	: 4788.46
clflush size	: 64
cache_alignment	: 64
address sizes	: 46 bits physical, 48 bits virtual
power management:

processor	: 21
vendor_id	: GenuineIntel
cpu family	: 6
model		: 63
model name	: Intel(R) Xeon(R) CPU E5-2630 v3 @ 2.40GHz
stepping	: 2
microcode	: 0x43
cpu MHz		: 1540.576
cache size	: 20480 KB
physical id	: 0
siblings	: 16
core id		: 5
cpu cores	: 8
apicid		: 11
initial apicid	: 11
fpu		: yes
fpu_exception	: yes
cpuid level	: 15
wp		: yes
flags		: fpu vme de pse tsc msr pae mce cx8 apic sep mtrr pge mca cmov pat pse36 clflush dts acpi mmx fxsr sse sse2 ss ht tm pbe syscall nx pdpe1gb rdtscp lm constant_tsc arch_perfmon pebs bts rep_good nopl xtopology nonstop_tsc aperfmperf eagerfpu pni pclmulqdq dtes64 monitor ds_cpl vmx smx est tm2 ssse3 sdbg fma cx16 xtpr pdcm pcid dca sse4_1 sse4_2 x2apic movbe popcnt tsc_deadline_timer aes xsave avx f16c rdrand lahf_lm abm epb intel_ppin ssbd ibrs ibpb stibp tpr_shadow vnmi flexpriority ept vpid fsgsbase tsc_adjust bmi1 avx2 smep bmi2 erms invpcid cqm xsaveopt cqm_llc cqm_occup_llc dtherm ida arat pln pts md_clear spec_ctrl intel_stibp flush_l1d
bogomips	: 4788.46
clflush size	: 64
cache_alignment	: 64
address sizes	: 46 bits physical, 48 bits virtual
power management:

processor	: 22
vendor_id	: GenuineIntel
cpu family	: 6
model		: 63
model name	: Intel(R) Xeon(R) CPU E5-2630 v3 @ 2.40GHz
stepping	: 2
microcode	: 0x43
cpu MHz		: 1201.025
cache size	: 20480 KB
physical id	: 0
siblings	: 16
core id		: 6
cpu cores	: 8
apicid		: 13
initial apicid	: 13
fpu		: yes
fpu_exception	: yes
cpuid level	: 15
wp		: yes
flags		: fpu vme de pse tsc msr pae mce cx8 apic sep mtrr pge mca cmov pat pse36 clflush dts acpi mmx fxsr sse sse2 ss ht tm pbe syscall nx pdpe1gb rdtscp lm constant_tsc arch_perfmon pebs bts rep_good nopl xtopology nonstop_tsc aperfmperf eagerfpu pni pclmulqdq dtes64 monitor ds_cpl vmx smx est tm2 ssse3 sdbg fma cx16 xtpr pdcm pcid dca sse4_1 sse4_2 x2apic movbe popcnt tsc_deadline_timer aes xsave avx f16c rdrand lahf_lm abm epb intel_ppin ssbd ibrs ibpb stibp tpr_shadow vnmi flexpriority ept vpid fsgsbase tsc_adjust bmi1 avx2 smep bmi2 erms invpcid cqm xsaveopt cqm_llc cqm_occup_llc dtherm ida arat pln pts md_clear spec_ctrl intel_stibp flush_l1d
bogomips	: 4788.46
clflush size	: 64
cache_alignment	: 64
address sizes	: 46 bits physical, 48 bits virtual
power management:

processor	: 23
vendor_id	: GenuineIntel
cpu family	: 6
model		: 63
model name	: Intel(R) Xeon(R) CPU E5-2630 v3 @ 2.40GHz
stepping	: 2
microcode	: 0x43
cpu MHz		: 1430.273
cache size	: 20480 KB
physical id	: 0
siblings	: 16
core id		: 7
cpu cores	: 8
apicid		: 15
initial apicid	: 15
fpu		: yes
fpu_exception	: yes
cpuid level	: 15
wp		: yes
flags		: fpu vme de pse tsc msr pae mce cx8 apic sep mtrr pge mca cmov pat pse36 clflush dts acpi mmx fxsr sse sse2 ss ht tm pbe syscall nx pdpe1gb rdtscp lm constant_tsc arch_perfmon pebs bts rep_good nopl xtopology nonstop_tsc aperfmperf eagerfpu pni pclmulqdq dtes64 monitor ds_cpl vmx smx est tm2 ssse3 sdbg fma cx16 xtpr pdcm pcid dca sse4_1 sse4_2 x2apic movbe popcnt tsc_deadline_timer aes xsave avx f16c rdrand lahf_lm abm epb intel_ppin ssbd ibrs ibpb stibp tpr_shadow vnmi flexpriority ept vpid fsgsbase tsc_adjust bmi1 avx2 smep bmi2 erms invpcid cqm xsaveopt cqm_llc cqm_occup_llc dtherm ida arat pln pts md_clear spec_ctrl intel_stibp flush_l1d
bogomips	: 4788.46
clflush size	: 64
cache_alignment	: 64
address sizes	: 46 bits physical, 48 bits virtual
power management:

processor	: 24
vendor_id	: GenuineIntel
cpu family	: 6
model		: 63
model name	: Intel(R) Xeon(R) CPU E5-2630 v3 @ 2.40GHz
stepping	: 2
microcode	: 0x43
cpu MHz		: 1420.166
cache size	: 20480 KB
physical id	: 1
siblings	: 16
core id		: 0
cpu cores	: 8
apicid		: 17
initial apicid	: 17
fpu		: yes
fpu_exception	: yes
cpuid level	: 15
wp		: yes
flags		: fpu vme de pse tsc msr pae mce cx8 apic sep mtrr pge mca cmov pat pse36 clflush dts acpi mmx fxsr sse sse2 ss ht tm pbe syscall nx pdpe1gb rdtscp lm constant_tsc arch_perfmon pebs bts rep_good nopl xtopology nonstop_tsc aperfmperf eagerfpu pni pclmulqdq dtes64 monitor ds_cpl vmx smx est tm2 ssse3 sdbg fma cx16 xtpr pdcm pcid dca sse4_1 sse4_2 x2apic movbe popcnt tsc_deadline_timer aes xsave avx f16c rdrand lahf_lm abm epb intel_ppin ssbd ibrs ibpb stibp tpr_shadow vnmi flexpriority ept vpid fsgsbase tsc_adjust bmi1 avx2 smep bmi2 erms invpcid cqm xsaveopt cqm_llc cqm_occup_llc dtherm ida arat pln pts md_clear spec_ctrl intel_stibp flush_l1d
bogomips	: 4793.49
clflush size	: 64
cache_alignment	: 64
address sizes	: 46 bits physical, 48 bits virtual
power management:

processor	: 25
vendor_id	: GenuineIntel
cpu family	: 6
model		: 63
model name	: Intel(R) Xeon(R) CPU E5-2630 v3 @ 2.40GHz
stepping	: 2
microcode	: 0x43
cpu MHz		: 3048.632
cache size	: 20480 KB
physical id	: 1
siblings	: 16
core id		: 1
cpu cores	: 8
apicid		: 19
initial apicid	: 19
fpu		: yes
fpu_exception	: yes
cpuid level	: 15
wp		: yes
flags		: fpu vme de pse tsc msr pae mce cx8 apic sep mtrr pge mca cmov pat pse36 clflush dts acpi mmx fxsr sse sse2 ss ht tm pbe syscall nx pdpe1gb rdtscp lm constant_tsc arch_perfmon pebs bts rep_good nopl xtopology nonstop_tsc aperfmperf eagerfpu pni pclmulqdq dtes64 monitor ds_cpl vmx smx est tm2 ssse3 sdbg fma cx16 xtpr pdcm pcid dca sse4_1 sse4_2 x2apic movbe popcnt tsc_deadline_timer aes xsave avx f16c rdrand lahf_lm abm epb intel_ppin ssbd ibrs ibpb stibp tpr_shadow vnmi flexpriority ept vpid fsgsbase tsc_adjust bmi1 avx2 smep bmi2 erms invpcid cqm xsaveopt cqm_llc cqm_occup_llc dtherm ida arat pln pts md_clear spec_ctrl intel_stibp flush_l1d
bogomips	: 4793.49
clflush size	: 64
cache_alignment	: 64
address sizes	: 46 bits physical, 48 bits virtual
power management:

processor	: 26
vendor_id	: GenuineIntel
cpu family	: 6
model		: 63
model name	: Intel(R) Xeon(R) CPU E5-2630 v3 @ 2.40GHz
stepping	: 2
microcode	: 0x43
cpu MHz		: 1300.048
cache size	: 20480 KB
physical id	: 1
siblings	: 16
core id		: 2
cpu cores	: 8
apicid		: 21
initial apicid	: 21
fpu		: yes
fpu_exception	: yes
cpuid level	: 15
wp		: yes
flags		: fpu vme de pse tsc msr pae mce cx8 apic sep mtrr pge mca cmov pat pse36 clflush dts acpi mmx fxsr sse sse2 ss ht tm pbe syscall nx pdpe1gb rdtscp lm constant_tsc arch_perfmon pebs bts rep_good nopl xtopology nonstop_tsc aperfmperf eagerfpu pni pclmulqdq dtes64 monitor ds_cpl vmx smx est tm2 ssse3 sdbg fma cx16 xtpr pdcm pcid dca sse4_1 sse4_2 x2apic movbe popcnt tsc_deadline_timer aes xsave avx f16c rdrand lahf_lm abm epb intel_ppin ssbd ibrs ibpb stibp tpr_shadow vnmi flexpriority ept vpid fsgsbase tsc_adjust bmi1 avx2 smep bmi2 erms invpcid cqm xsaveopt cqm_llc cqm_occup_llc dtherm ida arat pln pts md_clear spec_ctrl intel_stibp flush_l1d
bogomips	: 4793.49
clflush size	: 64
cache_alignment	: 64
address sizes	: 46 bits physical, 48 bits virtual
power management:

processor	: 27
vendor_id	: GenuineIntel
cpu family	: 6
model		: 63
model name	: Intel(R) Xeon(R) CPU E5-2630 v3 @ 2.40GHz
stepping	: 2
microcode	: 0x43
cpu MHz		: 1203.662
cache size	: 20480 KB
physical id	: 1
siblings	: 16
core id		: 3
cpu cores	: 8
apicid		: 23
initial apicid	: 23
fpu		: yes
fpu_exception	: yes
cpuid level	: 15
wp		: yes
flags		: fpu vme de pse tsc msr pae mce cx8 apic sep mtrr pge mca cmov pat pse36 clflush dts acpi mmx fxsr sse sse2 ss ht tm pbe syscall nx pdpe1gb rdtscp lm constant_tsc arch_perfmon pebs bts rep_good nopl xtopology nonstop_tsc aperfmperf eagerfpu pni pclmulqdq dtes64 monitor ds_cpl vmx smx est tm2 ssse3 sdbg fma cx16 xtpr pdcm pcid dca sse4_1 sse4_2 x2apic movbe popcnt tsc_deadline_timer aes xsave avx f16c rdrand lahf_lm abm epb intel_ppin ssbd ibrs ibpb stibp tpr_shadow vnmi flexpriority ept vpid fsgsbase tsc_adjust bmi1 avx2 smep bmi2 erms invpcid cqm xsaveopt cqm_llc cqm_occup_llc dtherm ida arat pln pts md_clear spec_ctrl intel_stibp flush_l1d
bogomips	: 4793.49
clflush size	: 64
cache_alignment	: 64
address sizes	: 46 bits physical, 48 bits virtual
power management:

processor	: 28
vendor_id	: GenuineIntel
cpu family	: 6
model		: 63
model name	: Intel(R) Xeon(R) CPU E5-2630 v3 @ 2.40GHz
stepping	: 2
microcode	: 0x43
cpu MHz		: 1300.634
cache size	: 20480 KB
physical id	: 1
siblings	: 16
core id		: 4
cpu cores	: 8
apicid		: 25
initial apicid	: 25
fpu		: yes
fpu_exception	: yes
cpuid level	: 15
wp		: yes
flags		: fpu vme de pse tsc msr pae mce cx8 apic sep mtrr pge mca cmov pat pse36 clflush dts acpi mmx fxsr sse sse2 ss ht tm pbe syscall nx pdpe1gb rdtscp lm constant_tsc arch_perfmon pebs bts rep_good nopl xtopology nonstop_tsc aperfmperf eagerfpu pni pclmulqdq dtes64 monitor ds_cpl vmx smx est tm2 ssse3 sdbg fma cx16 xtpr pdcm pcid dca sse4_1 sse4_2 x2apic movbe popcnt tsc_deadline_timer aes xsave avx f16c rdrand lahf_lm abm epb intel_ppin ssbd ibrs ibpb stibp tpr_shadow vnmi flexpriority ept vpid fsgsbase tsc_adjust bmi1 avx2 smep bmi2 erms invpcid cqm xsaveopt cqm_llc cqm_occup_llc dtherm ida arat pln pts md_clear spec_ctrl intel_stibp flush_l1d
bogomips	: 4793.49
clflush size	: 64
cache_alignment	: 64
address sizes	: 46 bits physical, 48 bits virtual
power management:

processor	: 29
vendor_id	: GenuineIntel
cpu family	: 6
model		: 63
model name	: Intel(R) Xeon(R) CPU E5-2630 v3 @ 2.40GHz
stepping	: 2
microcode	: 0x43
cpu MHz		: 1296.093
cache size	: 20480 KB
physical id	: 1
siblings	: 16
core id		: 5
cpu cores	: 8
apicid		: 27
initial apicid	: 27
fpu		: yes
fpu_exception	: yes
cpuid level	: 15
wp		: yes
flags		: fpu vme de pse tsc msr pae mce cx8 apic sep mtrr pge mca cmov pat pse36 clflush dts acpi mmx fxsr sse sse2 ss ht tm pbe syscall nx pdpe1gb rdtscp lm constant_tsc arch_perfmon pebs bts rep_good nopl xtopology nonstop_tsc aperfmperf eagerfpu pni pclmulqdq dtes64 monitor ds_cpl vmx smx est tm2 ssse3 sdbg fma cx16 xtpr pdcm pcid dca sse4_1 sse4_2 x2apic movbe popcnt tsc_deadline_timer aes xsave avx f16c rdrand lahf_lm abm epb intel_ppin ssbd ibrs ibpb stibp tpr_shadow vnmi flexpriority ept vpid fsgsbase tsc_adjust bmi1 avx2 smep bmi2 erms invpcid cqm xsaveopt cqm_llc cqm_occup_llc dtherm ida arat pln pts md_clear spec_ctrl intel_stibp flush_l1d
bogomips	: 4793.49
clflush size	: 64
cache_alignment	: 64
address sizes	: 46 bits physical, 48 bits virtual
power management:

processor	: 30
vendor_id	: GenuineIntel
cpu family	: 6
model		: 63
model name	: Intel(R) Xeon(R) CPU E5-2630 v3 @ 2.40GHz
stepping	: 2
microcode	: 0x43
cpu MHz		: 1243.505
cache size	: 20480 KB
physical id	: 1
siblings	: 16
core id		: 6
cpu cores	: 8
apicid		: 29
initial apicid	: 29
fpu		: yes
fpu_exception	: yes
cpuid level	: 15
wp		: yes
flags		: fpu vme de pse tsc msr pae mce cx8 apic sep mtrr pge mca cmov pat pse36 clflush dts acpi mmx fxsr sse sse2 ss ht tm pbe syscall nx pdpe1gb rdtscp lm constant_tsc arch_perfmon pebs bts rep_good nopl xtopology nonstop_tsc aperfmperf eagerfpu pni pclmulqdq dtes64 monitor ds_cpl vmx smx est tm2 ssse3 sdbg fma cx16 xtpr pdcm pcid dca sse4_1 sse4_2 x2apic movbe popcnt tsc_deadline_timer aes xsave avx f16c rdrand lahf_lm abm epb intel_ppin ssbd ibrs ibpb stibp tpr_shadow vnmi flexpriority ept vpid fsgsbase tsc_adjust bmi1 avx2 smep bmi2 erms invpcid cqm xsaveopt cqm_llc cqm_occup_llc dtherm ida arat pln pts md_clear spec_ctrl intel_stibp flush_l1d
bogomips	: 4793.49
clflush size	: 64
cache_alignment	: 64
address sizes	: 46 bits physical, 48 bits virtual
power management:

processor	: 31
vendor_id	: GenuineIntel
cpu family	: 6
model		: 63
model name	: Intel(R) Xeon(R) CPU E5-2630 v3 @ 2.40GHz
stepping	: 2
microcode	: 0x43
cpu MHz		: 1258.593
cache size	: 20480 KB
physical id	: 1
siblings	: 16
core id		: 7
cpu cores	: 8
apicid		: 31
initial apicid	: 31
fpu		: yes
fpu_exception	: yes
cpuid level	: 15
wp		: yes
flags		: fpu vme de pse tsc msr pae mce cx8 apic sep mtrr pge mca cmov pat pse36 clflush dts acpi mmx fxsr sse sse2 ss ht tm pbe syscall nx pdpe1gb rdtscp lm constant_tsc arch_perfmon pebs bts rep_good nopl xtopology nonstop_tsc aperfmperf eagerfpu pni pclmulqdq dtes64 monitor ds_cpl vmx smx est tm2 ssse3 sdbg fma cx16 xtpr pdcm pcid dca sse4_1 sse4_2 x2apic movbe popcnt tsc_deadline_timer aes xsave avx f16c rdrand lahf_lm abm epb intel_ppin ssbd ibrs ibpb stibp tpr_shadow vnmi flexpriority ept vpid fsgsbase tsc_adjust bmi1 avx2 smep bmi2 erms invpcid cqm xsaveopt cqm_llc cqm_occup_llc dtherm ida arat pln pts md_clear spec_ctrl intel_stibp flush_l1d
bogomips	: 4793.49
clflush size	: 64
cache_alignment	: 64
address sizes	: 46 bits physical, 48 bits virtual
power management:



Memory: 4k page, physical 263864160k(7397676k free), swap 0k(0k free)

vm_info: OpenJDK 64-Bit Server VM (25.212-b04) for linux-amd64 JRE (1.8.0_212-b04), built on Aug 12 2019 13:15:31 by "buildozer" with gcc 6.4.0

time: Fri Oct  4 08:10:58 2019
timezone: UTC
elapsed time: 1 seconds (0d 0h 0m 1s)

