#
# A fatal error has been detected by the Java Runtime Environment:
#
#  SIGSEGV (0xb) at pc=0x00007fb185d7a810, pid=8789, tid=0x00007fb16d8f3ae0
#
# JRE version: OpenJDK Runtime Environment (8.0_212-b04) (build 1.8.0_212-b04)
# Java VM: OpenJDK 64-Bit Server VM (25.212-b04 mixed mode linux-amd64 compressed oops)
# Derivative: IcedTea 3.12.0
# Distribution: Custom build (Mon Aug 12 12:56:32 UTC 2019)
# Problematic frame:
# C  [ld-musl-x86_64.so.1+0x53810]  pthread_setname_np+0x5e
#
# Core dump written. Default location: /workdir/hadoop-hdds/server-scm/core or core.8789
#
# If you would like to submit a bug report, please include
# instructions on how to reproduce the bug and visit:
#   https://icedtea.classpath.org/bugzilla
#

---------------  T H R E A D  ---------------

Current thread is native thread

siginfo: si_signo: 11 (SIGSEGV), si_code: 1 (SEGV_MAPERR), si_addr: 0x0000000000000038

Registers:
RAX=0x00007fb16d8f3ae0, RBX=0x0000000000000022, RCX=0x0000000000000000, RDX=0x0000000000000000
RSP=0x00007fb16d8f3680, RBP=0x0000000000000000, RSI=0x0000000000000000, RDI=0xff73725e6f6c7463
R8 =0x0000000000000000, R9 =0x8080808080808080, R10=0xfefefefefefefeff, R11=0x0000000000000212
R12=0x000055d5e07932f8, R13=0x000000000000000f, R14=0x00007fb16d8f3ae0, R15=0x00007fb185fb3ae8
RIP=0x00007fb185d7a810, EFLAGS=0x0000000000010202, CSGSFS=0x0000000000000033, ERR=0x0000000000000004
  TRAPNO=0x000000000000000e

Top of Stack: (sp=0x00007fb16d8f3680)
0x00007fb16d8f3680:   0000000000000000 0000000000000000
0x00007fb16d8f3690:   0000000000000000 0000000000000000
0x00007fb16d8f36a0:   0000000000000000 0000000000000000
0x00007fb16d8f36b0:   0000000000000000 000055d5e141c660
0x00007fb16d8f36c0:   00007fb16d8f3710 0000000000000000
0x00007fb16d8f36d0:   000055d5e141c6a0 00007fb169c3cec9
0x00007fb16d8f36e0:   0000000000000000 000055d5dfc8e2c0
0x00007fb16d8f36f0:   0000000000000000 00007fb16d8f3760
0x00007fb16d8f3700:   00007fb16d8f3ae0 00007fb185fb3ae8
0x00007fb16d8f3710:   0000000000000000 00007fb184baaf41
0x00007fb16d8f3720:   0000000000000000 00007fb16d8f3ae0
0x00007fb16d8f3730:   0000000000000000 00007fb185d796c2
0x00007fb16d8f3740:   0000000000000000 0000000000000000
0x00007fb16d8f3750:   0000000000017000 00007fb185d7b5b1
0x00007fb16d8f3760:   0000000000000002 00007fb16d8f3ac0
0x00007fb16d8f3770:   00007fb16d8f3790 0000000000000000
0x00007fb16d8f3780:   0000000000000000 0000000000000000
0x00007fb16d8f3790:   0000000000000002 0000000000000000
0x00007fb16d8f37a0:   0000000000000000 0000000000000000
0x00007fb16d8f37b0:   0000000000000000 0000000000000000
0x00007fb16d8f37c0:   0000000000000000 0000000000000000
0x00007fb16d8f37d0:   0000000000000000 0000000000000000
0x00007fb16d8f37e0:   0000000000000000 0000000000000000
0x00007fb16d8f37f0:   0000000000000000 0000000000000000
0x00007fb16d8f3800:   0000000000000000 0000000000000000
0x00007fb16d8f3810:   0000000000000000 0000000000000000
0x00007fb16d8f3820:   0000000000000000 0000000000000000
0x00007fb16d8f3830:   0000000000000000 0000000000000000
0x00007fb16d8f3840:   0000000000000000 0000000000000000
0x00007fb16d8f3850:   0000000000000000 0000000000000000
0x00007fb16d8f3860:   0000000000000000 0000000000000000
0x00007fb16d8f3870:   0000000000000000 0000000000000000 

Instructions: (pc=0x00007fb185d7a810)
0x00007fb185d7a7f0:   31 d2 31 c0 4c 89 e6 bf 0f 00 00 00 e8 65 d8 fc
0x00007fb185d7a800:   ff 85 c0 89 c3 74 7e e8 25 a7 fc ff 8b 18 eb 75
0x00007fb185d7a810:   8b 4d 38 48 8d 5c 24 0e 48 8d 15 f2 92 03 00 be
0x00007fb185d7a820:   22 00 00 00 31 c0 48 89 df e8 35 68 ff ff 48 8d 

Register to memory mapping:

RAX=0x00007fb16d8f3ae0 is an unknown value
RBX=0x0000000000000022 is an unknown value
RCX=0x0000000000000000 is an unknown value
RDX=0x0000000000000000 is an unknown value
RSP=0x00007fb16d8f3680 is an unknown value
RBP=0x0000000000000000 is an unknown value
RSI=0x0000000000000000 is an unknown value
RDI=0xff73725e6f6c7463 is an unknown value
R8 =0x0000000000000000 is an unknown value
R9 =0x8080808080808080 is an unknown value
R10=0xfefefefefefefeff is an unknown value
R11=0x0000000000000212 is an unknown value
R12=0x000055d5e07932f8 is an unknown value
R13=0x000000000000000f is an unknown value
R14=0x00007fb16d8f3ae0 is an unknown value
R15=0x00007fb185fb3ae8: __utc+0x1fff68 in /lib/ld-musl-x86_64.so.1 at 0x00007fb185d27000


Stack: [0x00007fb16d8df000,0x00007fb16d8f3760],  sp=0x00007fb16d8f3680,  free space=81k
Native frames: (J=compiled Java code, j=interpreted, Vv=VM code, C=native code)
C  [ld-musl-x86_64.so.1+0x53810]  pthread_setname_np+0x5e

[error occurred during error reporting (printing native stack), id 0xb]


---------------  P R O C E S S  ---------------

VM state:not at safepoint (normal execution)

VM Mutex/Monitor currently owned by a thread: None

heap address: 0x0000000080000000, size: 2048 MB, Compressed Oops mode: 32-bit
Narrow klass base: 0x0000000000000000, Narrow klass shift: 3
Compressed class space size: 1073741824 Address: 0x0000000100000000

Heap:
 PSYoungGen      total 611840K, used 212547K [0x00000000d5580000, 0x0000000100000000, 0x0000000100000000)
  eden space 524800K, 40% used [0x00000000d5580000,0x00000000e2510d28,0x00000000f5600000)
  from space 87040K, 0% used [0x00000000f5600000,0x00000000f5600000,0x00000000fab00000)
  to   space 87040K, 0% used [0x00000000fab00000,0x00000000fab00000,0x0000000100000000)
 ParOldGen       total 537088K, used 12000K [0x0000000080000000, 0x00000000a0c80000, 0x00000000d5580000)
  object space 537088K, 2% used [0x0000000080000000,0x0000000080bb8278,0x00000000a0c80000)
 Metaspace       used 27378K, capacity 27674K, committed 28160K, reserved 1075200K
  class space    used 3122K, capacity 3208K, committed 3328K, reserved 1048576K

Card table byte_map: [0x00007fb174ad3000,0x00007fb174ed4000] byte_map_base: 0x00007fb1746d3000

Marking Bits: (ParMarkBitMap*) 0x00007fb1858e5200
 Begin Bits: [0x00007fb170624000, 0x00007fb172624000)
 End Bits:   [0x00007fb172624000, 0x00007fb174624000)

Polling page: 0x00007fb185eb0000

CodeCache: size=245760Kb used=5378Kb max_used=5444Kb free=240381Kb
 bounds [0x00007fb175294000, 0x00007fb1757f4000, 0x00007fb184294000]
 total_blobs=2289 nmethods=1785 adapters=418
 compilation: enabled

Compilation events (10 events):
Event: 25.691 Thread 0x000055d5dfb4b800 nmethod 1921 0x00007fb1754f9fd0 code [0x00007fb1754fa1a0, 0x00007fb1754fa918]
Event: 25.691 Thread 0x000055d5dfb4b800 1923       3       java.util.regex.Pattern$Curly::match0 (174 bytes)
Event: 25.693 Thread 0x000055d5dfb4b800 nmethod 1923 0x00007fb1757e0190 code [0x00007fb1757e0380, 0x00007fb1757e0d98]
Event: 25.693 Thread 0x000055d5dfb4b800 1922  s    3       java.io.BufferedOutputStream::write (67 bytes)
Event: 25.694 Thread 0x000055d5dfb4b800 nmethod 1922 0x00007fb1757df4d0 code [0x00007fb1757df6a0, 0x00007fb1757dfed8]
Event: 25.706 Thread 0x000055d5dfb48800 nmethod 1919 0x00007fb175413790 code [0x00007fb1754139a0, 0x00007fb175414460]
Event: 25.784 Thread 0x000055d5dfb4b800 1924       3       java.lang.StringBuilder::append (10 bytes)
Event: 25.784 Thread 0x000055d5dfb4b800 nmethod 1924 0x00007fb1754b6790 code [0x00007fb1754b6900, 0x00007fb1754b6a88]
Event: 25.784 Thread 0x000055d5dfb4b800 1925       3       java.lang.Integer::parseInt (261 bytes)
Event: 25.787 Thread 0x000055d5dfb4b800 nmethod 1925 0x00007fb175557750 code [0x00007fb175557b20, 0x00007fb1755599a8]

GC Heap History (4 events):
Event: 16.623 GC heap before
{Heap before GC invocations=1 (full 0):
 PSYoungGen      total 611840K, used 199425K [0x00000000d5580000, 0x0000000100000000, 0x0000000100000000)
  eden space 524800K, 38% used [0x00000000d5580000,0x00000000e1840750,0x00000000f5600000)
  from space 87040K, 0% used [0x00000000fab00000,0x00000000fab00000,0x0000000100000000)
  to   space 87040K, 0% used [0x00000000f5600000,0x00000000f5600000,0x00000000fab00000)
 ParOldGen       total 1398272K, used 0K [0x0000000080000000, 0x00000000d5580000, 0x00000000d5580000)
  object space 1398272K, 0% used [0x0000000080000000,0x0000000080000000,0x00000000d5580000)
 Metaspace       used 20792K, capacity 21016K, committed 21248K, reserved 1069056K
  class space    used 2362K, capacity 2475K, committed 2560K, reserved 1048576K
Event: 16.655 GC heap after
Heap after GC invocations=1 (full 0):
 PSYoungGen      total 611840K, used 12475K [0x00000000d5580000, 0x0000000100000000, 0x0000000100000000)
  eden space 524800K, 0% used [0x00000000d5580000,0x00000000d5580000,0x00000000f5600000)
  from space 87040K, 14% used [0x00000000f5600000,0x00000000f622ec50,0x00000000fab00000)
  to   space 87040K, 0% used [0x00000000fab00000,0x00000000fab00000,0x0000000100000000)
 ParOldGen       total 1398272K, used 80K [0x0000000080000000, 0x00000000d5580000, 0x00000000d5580000)
  object space 1398272K, 0% used [0x0000000080000000,0x0000000080014010,0x00000000d5580000)
 Metaspace       used 20792K, capacity 21016K, committed 21248K, reserved 1069056K
  class space    used 2362K, capacity 2475K, committed 2560K, reserved 1048576K
}
Event: 16.655 GC heap before
{Heap before GC invocations=2 (full 1):
 PSYoungGen      total 611840K, used 12475K [0x00000000d5580000, 0x0000000100000000, 0x0000000100000000)
  eden space 524800K, 0% used [0x00000000d5580000,0x00000000d5580000,0x00000000f5600000)
  from space 87040K, 14% used [0x00000000f5600000,0x00000000f622ec50,0x00000000fab00000)
  to   space 87040K, 0% used [0x00000000fab00000,0x00000000fab00000,0x0000000100000000)
 ParOldGen       total 1398272K, used 80K [0x0000000080000000, 0x00000000d5580000, 0x00000000d5580000)
  object space 1398272K, 0% used [0x0000000080000000,0x0000000080014010,0x00000000d5580000)
 Metaspace       used 20792K, capacity 21016K, committed 21248K, reserved 1069056K
  class space    used 2362K, capacity 2475K, committed 2560K, reserved 1048576K
Event: 16.729 GC heap after
Heap after GC invocations=2 (full 1):
 PSYoungGen      total 611840K, used 0K [0x00000000d5580000, 0x0000000100000000, 0x0000000100000000)
  eden space 524800K, 0% used [0x00000000d5580000,0x00000000d5580000,0x00000000f5600000)
  from space 87040K, 0% used [0x00000000f5600000,0x00000000f5600000,0x00000000fab00000)
  to   space 87040K, 0% used [0x00000000fab00000,0x00000000fab00000,0x0000000100000000)
 ParOldGen       total 537088K, used 12000K [0x0000000080000000, 0x00000000a0c80000, 0x00000000d5580000)
  object space 537088K, 2% used [0x0000000080000000,0x0000000080bb8278,0x00000000a0c80000)
 Metaspace       used 20792K, capacity 21016K, committed 21248K, reserved 1069056K
  class space    used 2362K, capacity 2475K, committed 2560K, reserved 1048576K
}

Deoptimization events (10 events):
Event: 15.995 Thread 0x000055d5dfa0a800 Uncommon trap: reason=class_check action=maybe_recompile pc=0x00007fb1755b2408 method=java.util.HashMap.putVal(ILjava/lang/Object;Ljava/lang/Object;ZZ)Ljava/lang/Object; @ 203
Event: 16.528 Thread 0x000055d5dfa0a800 Uncommon trap: reason=unstable_if action=reinterpret pc=0x00007fb17553ae88 method=sun.misc.MetaIndex.mayContain(Ljava/lang/String;)Z @ 38
Event: 16.731 Thread 0x000055d5dfa0a800 Uncommon trap: reason=unstable_if action=reinterpret pc=0x00007fb1755df7c4 method=java.lang.ref.SoftReference.get()Ljava/lang/Object; @ 17
Event: 16.923 Thread 0x000055d5dfa0a800 Uncommon trap: reason=unstable_if action=reinterpret pc=0x00007fb1754ece48 method=sun.net.www.ParseUtil.encodePath(Ljava/lang/String;Z)Ljava/lang/String; @ 109
Event: 16.993 Thread 0x000055d5dfa0a800 Uncommon trap: reason=unstable_if action=reinterpret pc=0x00007fb175524994 method=java.net.URL.<init>(Ljava/net/URL;Ljava/lang/String;Ljava/net/URLStreamHandler;)V @ 347
Event: 17.138 Thread 0x000055d5dfa0a800 Uncommon trap: reason=class_check action=maybe_recompile pc=0x00007fb1755b2408 method=java.util.HashMap.putVal(ILjava/lang/Object;Ljava/lang/Object;ZZ)Ljava/lang/Object; @ 203
Event: 18.957 Thread 0x000055d5e0c48800 Uncommon trap: reason=unstable_if action=reinterpret pc=0x00007fb17572d3d8 method=java.lang.ThreadLocal.get()Ljava/lang/Object; @ 11
Event: 18.978 Thread 0x000055d5dfa0a800 Uncommon trap: reason=unstable_if action=reinterpret pc=0x00007fb1757245d0 method=java.lang.ThreadLocal.get()Ljava/lang/Object; @ 11
Event: 19.309 Thread 0x000055d5dfa0a800 Uncommon trap: reason=class_check action=maybe_recompile pc=0x00007fb1755b2408 method=java.util.HashMap.putVal(ILjava/lang/Object;Ljava/lang/Object;ZZ)Ljava/lang/Object; @ 203
Event: 22.720 Thread 0x000055d5dfa0a800 Uncommon trap: reason=unstable_if action=reinterpret pc=0x00007fb1754ee148 method=com.google.common.collect.AbstractMultimap$WrappedCollection.refreshIfEmpty()V @ 45

Classes redefined (0 events):
No events

Internal exceptions (10 events):
Event: 22.629 Thread 0x000055d5dfa0a800 Exception <a 'java/net/UnknownHostException'> (0x00000000e107a298) thrown at [/home/buildozer/aports/community/openjdk8/src/icedtea-3.12.0/openjdk/hotspot/src/share/vm/prims/jni.cpp, line 737]
Event: 22.631 Thread 0x000055d5dfa0a800 Exception <a 'java/io/FileNotFoundException'> (0x00000000e108d690) thrown at [/home/buildozer/aports/community/openjdk8/src/icedtea-3.12.0/openjdk/hotspot/src/share/vm/prims/jni.cpp, line 710]
Event: 22.632 Thread 0x000055d5dfa0a800 Exception <a 'sun/nio/fs/UnixException'> (0x00000000e1095240) thrown at [/home/buildozer/aports/community/openjdk8/src/icedtea-3.12.0/openjdk/hotspot/src/share/vm/prims/jni.cpp, line 710]
Event: 22.632 Thread 0x000055d5dfa0a800 Exception <a 'sun/nio/fs/UnixException'> (0x00000000e10959b8) thrown at [/home/buildozer/aports/community/openjdk8/src/icedtea-3.12.0/openjdk/hotspot/src/share/vm/prims/jni.cpp, line 710]
Event: 22.633 Thread 0x000055d5dfa0a800 Exception <a 'sun/nio/fs/UnixException'> (0x00000000e1096090) thrown at [/home/buildozer/aports/community/openjdk8/src/icedtea-3.12.0/openjdk/hotspot/src/share/vm/prims/jni.cpp, line 710]
Event: 22.633 Thread 0x000055d5dfa0a800 Exception <a 'sun/nio/fs/UnixException'> (0x00000000e10968a0) thrown at [/home/buildozer/aports/community/openjdk8/src/icedtea-3.12.0/openjdk/hotspot/src/share/vm/prims/jni.cpp, line 710]
Event: 22.633 Thread 0x000055d5dfa0a800 Exception <a 'sun/nio/fs/UnixException'> (0x00000000e1099e68) thrown at [/home/buildozer/aports/community/openjdk8/src/icedtea-3.12.0/openjdk/hotspot/src/share/vm/prims/jni.cpp, line 710]
Event: 22.633 Thread 0x000055d5dfa0a800 Exception <a 'sun/nio/fs/UnixException'> (0x00000000e109a730) thrown at [/home/buildozer/aports/community/openjdk8/src/icedtea-3.12.0/openjdk/hotspot/src/share/vm/prims/jni.cpp, line 710]
Event: 22.633 Thread 0x000055d5dfa0a800 Exception <a 'sun/nio/fs/UnixException'> (0x00000000e109ae78) thrown at [/home/buildozer/aports/community/openjdk8/src/icedtea-3.12.0/openjdk/hotspot/src/share/vm/prims/jni.cpp, line 710]
Event: 22.633 Thread 0x000055d5dfa0a800 Exception <a 'sun/nio/fs/UnixException'> (0x00000000e109b758) thrown at [/home/buildozer/aports/community/openjdk8/src/icedtea-3.12.0/openjdk/hotspot/src/share/vm/prims/jni.cpp, line 710]

Events (10 events):
Event: 25.449 Thread 0x000055d5dfb48800 flushing nmethod 0x00007fb1755bf950
Event: 25.449 Thread 0x000055d5dfb48800 flushing nmethod 0x00007fb1755c3750
Event: 25.450 Thread 0x000055d5dfb4b800 flushing nmethod 0x00007fb1755fe010
Event: 25.452 Thread 0x000055d5dfa0a800 DEOPT PACKING pc=0x00007fb175795567 sp=0x00007fb185fb2160
Event: 25.452 Thread 0x000055d5dfa0a800 DEOPT UNPACKING pc=0x00007fb1752db4c4 sp=0x00007fb185fb1ec0 mode 0
Event: 25.501 Executing VM operation: RevokeBias
Event: 25.501 Executing VM operation: RevokeBias done
Event: 25.501 Executing VM operation: RevokeBias
Event: 25.501 Executing VM operation: RevokeBias done
Event: 25.689 Thread 0x000055d5dfb97800 Thread added: 0x000055d5dfb97800


Dynamic libraries:
80000000-a0c80000 rw-p 00000000 00:00 0 
a0c80000-d5580000 ---p 00000000 00:00 0 
d5580000-100340000 rw-p 00000000 00:00 0 
100340000-140000000 ---p 00000000 00:00 0 
55d5ddf1e000-55d5ddf1f000 r-xp 00000000 fd:02 271058712                  /usr/lib/jvm/java-1.8-openjdk/jre/bin/java
55d5de11e000-55d5de11f000 r--p 00000000 fd:02 271058712                  /usr/lib/jvm/java-1.8-openjdk/jre/bin/java
55d5de11f000-55d5de120000 rw-p 00001000 fd:02 271058712                  /usr/lib/jvm/java-1.8-openjdk/jre/bin/java
55d5df9f3000-55d5e1768000 rw-p 00000000 00:00 0                          [heap]
7fb1677cf000-7fb1677d2000 ---p 00000000 00:00 0 
7fb1677d2000-7fb1678d0000 rw-p 00000000 00:00 0 
7fb1679d1000-7fb1679d4000 ---p 00000000 00:00 0 
7fb1679d4000-7fb167b12000 rw-p 00000000 00:00 0 
7fb167b12000-7fb167cd2000 ---p 00000000 00:00 0 
7fb167cd2000-7fb167cd5000 ---p 00000000 00:00 0 
7fb167cd5000-7fb167dd3000 rw-p 00000000 00:00 0 
7fb167ed4000-7fb1680d4000 rw-p 00000000 00:00 0 
7fb1680d4000-7fb1682d4000 rw-p 00000000 00:00 0 
7fb168312000-7fb168315000 ---p 00000000 00:00 0 
7fb168315000-7fb168413000 rw-p 00000000 00:00 0 
7fb168413000-7fb168416000 ---p 00000000 00:00 0 
7fb168416000-7fb168514000 rw-p 00000000 00:00 0 
7fb168514000-7fb168517000 ---p 00000000 00:00 0 
7fb168517000-7fb168615000 rw-p 00000000 00:00 0 
7fb168615000-7fb168618000 ---p 00000000 00:00 0 
7fb168618000-7fb168716000 rw-p 00000000 00:00 0 
7fb168716000-7fb168719000 ---p 00000000 00:00 0 
7fb168719000-7fb168817000 rw-p 00000000 00:00 0 
7fb168817000-7fb16881a000 ---p 00000000 00:00 0 
7fb16881a000-7fb168918000 rw-p 00000000 00:00 0 
7fb168a19000-7fb168c19000 rw-p 00000000 00:00 0 
7fb168c19000-7fb168c34000 r--s 001d6000 fd:02 271058784                  /usr/lib/jvm/java-1.8-openjdk/jre/lib/ext/nashorn.jar
7fb168c34000-7fb168e34000 rw-p 00000000 00:00 0 
7fb168e34000-7fb169034000 r-xp 00000000 fd:02 271058741                  /usr/lib/jvm/java-1.8-openjdk/jre/lib/amd64/libjaas_unix.so
7fb169034000-7fb169035000 r--p 00000000 fd:02 271058741                  /usr/lib/jvm/java-1.8-openjdk/jre/lib/amd64/libjaas_unix.so
7fb169035000-7fb169036000 rw-p 00001000 fd:02 271058741                  /usr/lib/jvm/java-1.8-openjdk/jre/lib/amd64/libjaas_unix.so
7fb169036000-7fb169038000 ---p 00000000 00:00 0 
7fb169038000-7fb16924d000 rw-p 00000000 00:00 0 
7fb16924d000-7fb169250000 ---p 00000000 00:00 0 
7fb169250000-7fb16934e000 rw-p 00000000 00:00 0 
7fb16934e000-7fb16954e000 rw-p 00000000 00:00 0 
7fb16954e000-7fb1697bd000 rw-p 00000000 00:00 0 
7fb1697bd000-7fb1699e3000 r-xp 00000000 fd:02 271125988                  /usr/glibc-compat/lib/ld-2.28.so
7fb1699e3000-7fb1699e4000 r--p 00026000 fd:02 271125988                  /usr/glibc-compat/lib/ld-2.28.so
7fb1699e4000-7fb1699e5000 rw-p 00027000 fd:02 271125988                  /usr/glibc-compat/lib/ld-2.28.so
7fb1699e5000-7fb1699e6000 rw-p 00000000 00:00 0 
7fb1699e6000-7fb16a27e000 r-xp 00000000 fd:02 105779512                  /tmp/librocksdbjni7548216799812979563.so
7fb16a27e000-7fb16a28f000 r--p 00698000 fd:02 105779512                  /tmp/librocksdbjni7548216799812979563.so
7fb16a28f000-7fb16a298000 rw-p 006a9000 fd:02 105779512                  /tmp/librocksdbjni7548216799812979563.so
7fb16a298000-7fb16a49e000 rw-p 00000000 00:00 0 
7fb16a49e000-7fb16a6af000 r-xp 00000000 fd:02 271058755                  /usr/lib/jvm/java-1.8-openjdk/jre/lib/amd64/libnio.so
7fb16a6af000-7fb16a6b0000 r--p 00011000 fd:02 271058755                  /usr/lib/jvm/java-1.8-openjdk/jre/lib/amd64/libnio.so
7fb16a6b0000-7fb16a6b1000 rw-p 00012000 fd:02 271058755                  /usr/lib/jvm/java-1.8-openjdk/jre/lib/amd64/libnio.so
7fb16a6b1000-7fb16d6b2000 rw-p 00000000 00:00 0 
7fb16d6b2000-7fb16d8c8000 r-xp 00000000 fd:02 271058754                  /usr/lib/jvm/java-1.8-openjdk/jre/lib/amd64/libnet.so
7fb16d8c8000-7fb16d8c9000 r--p 00016000 fd:02 271058754                  /usr/lib/jvm/java-1.8-openjdk/jre/lib/amd64/libnet.so
7fb16d8c9000-7fb16d8ca000 rw-p 00017000 fd:02 271058754                  /usr/lib/jvm/java-1.8-openjdk/jre/lib/amd64/libnet.so
7fb16d8ca000-7fb16d8ce000 r--s 00058000 fd:02 271058803                  /usr/lib/jvm/java-1.8-openjdk/jre/lib/jsse.jar
7fb16d8dd000-7fb16d8df000 ---p 00000000 00:00 0 
7fb16d8df000-7fb16d8f4000 rw-p 00000000 00:00 0 
7fb16d8f4000-7fb16d8f6000 ---p 00000000 00:00 0 
7fb16d8f6000-7fb16d90b000 rw-p 00000000 00:00 0 
7fb16d90b000-7fb16d90d000 ---p 00000000 00:00 0 
7fb16d90d000-7fb16d922000 rw-p 00000000 00:00 0 
7fb16d922000-7fb16d924000 ---p 00000000 00:00 0 
7fb16d924000-7fb16d939000 rw-p 00000000 00:00 0 
7fb16d939000-7fb16d93b000 ---p 00000000 00:00 0 
7fb16d93b000-7fb16d950000 rw-p 00000000 00:00 0 
7fb16d950000-7fb16d952000 ---p 00000000 00:00 0 
7fb16d952000-7fb16d967000 rw-p 00000000 00:00 0 
7fb16d967000-7fb16d969000 ---p 00000000 00:00 0 
7fb16d969000-7fb16d97e000 rw-p 00000000 00:00 0 
7fb16d97e000-7fb16d980000 ---p 00000000 00:00 0 
7fb16d980000-7fb16d995000 rw-p 00000000 00:00 0 
7fb16d995000-7fb16d997000 ---p 00000000 00:00 0 
7fb16d997000-7fb16d9ac000 rw-p 00000000 00:00 0 
7fb16d9ac000-7fb16d9ae000 ---p 00000000 00:00 0 
7fb16d9ae000-7fb16d9c3000 rw-p 00000000 00:00 0 
7fb16d9c3000-7fb16d9c5000 ---p 00000000 00:00 0 
7fb16d9c5000-7fb16d9da000 rw-p 00000000 00:00 0 
7fb16d9da000-7fb16d9dc000 ---p 00000000 00:00 0 
7fb16d9dc000-7fb16d9f1000 rw-p 00000000 00:00 0 
7fb16d9f1000-7fb16d9f3000 ---p 00000000 00:00 0 
7fb16d9f3000-7fb16da08000 rw-p 00000000 00:00 0 
7fb16da08000-7fb16da0a000 ---p 00000000 00:00 0 
7fb16da0a000-7fb16dc1f000 rw-p 00000000 00:00 0 
7fb16dc1f000-7fb16dc22000 r--s 00025000 fd:02 272171717                  /home/user/.m2/repository/org/apache/maven/shared/maven-shared-utils/3.1.0/maven-shared-utils-3.1.0.jar
7fb16dc22000-7fb16dc25000 ---p 00000000 00:00 0 
7fb16dc25000-7fb16dc5c000 rw-p 00000000 00:00 0 
7fb16dc5c000-7fb16dc5d000 r--s 00006000 fd:02 107024899                  /home/user/.m2/repository/org/apache/maven/surefire/common-junit4/3.0.0-M1/common-junit4-3.0.0-M1.jar
7fb16dc5d000-7fb16dc5e000 r--s 00002000 fd:02 107024813                  /home/user/.m2/repository/org/apache/maven/surefire/common-junit3/3.0.0-M1/common-junit3-3.0.0-M1.jar
7fb16dc5e000-7fb16dc5f000 r--s 00007000 fd:02 107024901                  /home/user/.m2/repository/org/apache/maven/surefire/common-java5/3.0.0-M1/common-java5-3.0.0-M1.jar
7fb16dc5f000-7fb16dc61000 r--s 00003000 fd:02 107024550                  /home/user/.m2/repository/org/apache/maven/surefire/surefire-junit4/3.0.0-M1/surefire-junit4-3.0.0-M1.jar
7fb16dc61000-7fb16dc67000 r--s 00036000 fd:02 271975651                  /home/user/.m2/repository/junit/junit/4.11/junit-4.11.jar
7fb16dc67000-7fb16dc88000 r--s 00172000 fd:02 271911060                  /home/user/.m2/repository/com/google/guava/guava/11.0.2/guava-11.0.2.jar
7fb16dc88000-7fb16dc90000 r--s 0007b000 fd:02 271911176                  /home/user/.m2/repository/com/google/protobuf/protobuf-java/2.5.0/protobuf-java-2.5.0.jar
7fb16dc90000-7fb16dc95000 r--s 0003c000 fd:02 271975044                  /home/user/.m2/repository/info/picocli/picocli/3.9.6/picocli-3.9.6.jar
7fb16dc95000-7fb16dcc9000 r--s 0051e000 fd:02 272105710                  /home/user/.m2/repository/org/apache/hadoop/hadoop-hdfs/3.2.0/hadoop-hdfs-3.2.0-tests.jar
7fb16dcc9000-7fb16dcf4000 r--s 00297000 fd:02 272105686                  /home/user/.m2/repository/org/apache/hadoop/hadoop-common/3.2.0/hadoop-common-3.2.0-tests.jar
7fb16dcf4000-7fb16dcf7000 r--s 0000e000 fd:02 271910698                  /home/user/.m2/repository/com/fasterxml/jackson/core/jackson-annotations/2.9.9/jackson-annotations-2.9.9.jar
7fb16dcf7000-7fb16dd3c000 r--s 00486000 fd:02 272105722                  /home/user/.m2/repository/org/apache/hadoop/hadoop-hdfs-client/3.2.0/hadoop-hdfs-client-3.2.0.jar
7fb16dd3c000-7fb16dd55000 r--s 0012c000 fd:02 271975206                  /home/user/.m2/repository/io/netty/netty/3.10.5.Final/netty-3.10.5.Final.jar
7fb16dd55000-7fb16dd56000 r--s 00005000 fd:02 271974764                  /home/user/.m2/repository/commons-daemon/commons-daemon/1.0.13/commons-daemon-1.0.13.jar
7fb16dd56000-7fb16dd58000 r--s 00008000 fd:02 272237041                  /home/user/.m2/repository/org/eclipse/jetty/jetty-util-ajax/9.3.25.v20180904/jetty-util-ajax-9.3.25.v20180904.jar
7fb16dd58000-7fb16dda0000 r--s 00557000 fd:02 272105713                  /home/user/.m2/repository/org/apache/hadoop/hadoop-hdfs/3.2.0/hadoop-hdfs-3.2.0.jar
7fb16dda0000-7fb16dda5000 r--s 00047000 fd:02 271975004                  /home/user/.m2/repository/dnsjava/dnsjava/2.1.7/dnsjava-2.1.7.jar
7fb16dda5000-7fb16ddab000 r--s 00078000 fd:02 271910872                  /home/user/.m2/repository/com/fasterxml/woodstox/woodstox-core/5.0.3/woodstox-core-5.0.3.jar
7fb16ddab000-7fb16ddaf000 r--s 00024000 fd:02 272236926                  /home/user/.m2/repository/org/codehaus/woodstox/stax2-api/3.1.4/stax2-api-3.1.4.jar
7fb16ddaf000-7fb16ddb3000 r--s 0004c000 fd:02 271910715                  /home/user/.m2/repository/com/fasterxml/jackson/core/jackson-core/2.9.9/jackson-core-2.9.9.jar
7fb16ddb3000-7fb16ddc6000 r--s 00137000 fd:02 271910732                  /home/user/.m2/repository/com/fasterxml/jackson/core/jackson-databind/2.9.9/jackson-databind-2.9.9.jar
7fb16ddc6000-7fb16ddc8000 r--s 00006000 fd:02 272106121                  /home/user/.m2/repository/org/apache/kerby/kerby-xdr/1.0.1/kerby-xdr-1.0.1.jar
7fb16ddc8000-7fb16ddc9000 r--s 00004000 fd:02 272106025                  /home/user/.m2/repository/org/apache/kerby/kerb-identity/1.0.1/kerb-identity-1.0.1.jar
7fb16ddc9000-7fb16ddcc000 r--s 00012000 fd:02 272106034                  /home/user/.m2/repository/org/apache/kerby/kerb-server/1.0.1/kerb-server-1.0.1.jar
7fb16ddcc000-7fb16ddcf000 r--s 00011000 fd:02 272105980                  /home/user/.m2/repository/org/apache/kerby/kerb-admin/1.0.1/kerb-admin-1.0.1.jar
7fb16ddcf000-7fb16ddd0000 r--s 00004000 fd:02 272106130                  /home/user/.m2/repository/org/apache/kerby/token-provider/1.0.1/token-provider-1.0.1.jar
7fb16ddd0000-7fb16ddd1000 r--s 00008000 fd:02 272106052                  /home/user/.m2/repository/org/apache/kerby/kerb-util/1.0.1/kerb-util-1.0.1.jar
7fb16ddd1000-7fb16ddd5000 r--s 00019000 fd:02 272106016                  /home/user/.m2/repository/org/apache/kerby/kerb-crypto/1.0.1/kerb-crypto-1.0.1.jar
7fb16ddd5000-7fb16ddd7000 r--s 0000e000 fd:02 272105998                  /home/user/.m2/repository/org/apache/kerby/kerb-common/1.0.1/kerb-common-1.0.1.jar
7fb16ddd7000-7fb16ddd8000 r--s 00009000 fd:02 272106112                  /home/user/.m2/repository/org/apache/kerby/kerby-util/1.0.1/kerby-util-1.0.1.jar
7fb16ddd8000-7fb16ddda000 r--s 00017000 fd:02 272106067                  /home/user/.m2/repository/org/apache/kerby/kerby-asn1/1.0.1/kerby-asn1-1.0.1.jar
7fb16ddda000-7fb16dde1000 r--s 0002b000 fd:02 272106097                  /home/user/.m2/repository/org/apache/kerby/kerby-pkix/1.0.1/kerby-pkix-1.0.1.jar
7fb16dde1000-7fb16dde8000 r--s 00031000 fd:02 272106007                  /home/user/.m2/repository/org/apache/kerby/kerb-core/1.0.1/kerb-core-1.0.1.jar
7fb16dde8000-7fb16ddea000 r--s 00006000 fd:02 272106082                  /home/user/.m2/repository/org/apache/kerby/kerby-config/1.0.1/kerby-config-1.0.1.jar
7fb16ddea000-7fb16dded000 r--s 00019000 fd:02 272105989                  /home/user/.m2/repository/org/apache/kerby/kerb-client/1.0.1/kerb-client-1.0.1.jar
7fb16dded000-7fb16ddee000 r--s 00004000 fd:02 272106043                  /home/user/.m2/repository/org/apache/kerby/kerb-simplekdc/1.0.1/kerb-simplekdc-1.0.1.jar
7fb16ddee000-7fb16ddf2000 r--s 00014000 fd:02 272302194                  /home/user/.m2/repository/org/tukaani/xz/1.0/xz-1.0.jar
7fb16ddf2000-7fb16ddf7000 r--s 00036000 fd:02 271976107                  /home/user/.m2/repository/org/apache/commons/commons-compress/1.4.1/commons-compress-1.4.1.jar
7fb16ddf7000-7fb16ddf8000 r--s 00004000 fd:02 272172348                  /home/user/.m2/repository/org/apache/yetus/audience-annotations/0.5.0/audience-annotations-0.5.0.jar
7fb16ddf8000-7fb16ddfa000 r--s 00014000 fd:02 271975607                  /home/user/.m2/repository/jline/jline/0.9.94/jline-0.9.94.jar
7fb16ddfa000-7fb16de07000 r--s 000d1000 fd:02 272172364                  /home/user/.m2/repository/org/apache/zookeeper/zookeeper/3.4.13/zookeeper-3.4.13.jar
7fb16de07000-7fb16de21000 r--s 00155000 fd:02 272105852                  /home/user/.m2/repository/org/apache/htrace/htrace-core4/4.1.0-incubating/htrace-core4-4.1.0-incubating.jar
7fb16de21000-7fb16de24000 r--s 00006000 fd:02 271910984                  /home/user/.m2/repository/com/google/code/findbugs/jsr305/3.0.0/jsr305-3.0.0.jar
7fb16de24000-7fb16de2c000 r--s 0003e000 fd:02 272105615                  /home/user/.m2/repository/org/apache/curator/curator-recipes/2.12.0/curator-recipes-2.12.0.jar
7fb16de2c000-7fb16de63000 r--s 00219000 fd:02 272105597                  /home/user/.m2/repository/org/apache/curator/curator-client/2.12.0/curator-client-2.12.0.jar
7fb16de63000-7fb16de68000 r--s 00040000 fd:02 271911244                  /home/user/.m2/repository/com/jcraft/jsch/0.1.54/jsch-0.1.54.jar
7fb16de68000-7fb16de6e000 r--s 0002c000 fd:02 272105606                  /home/user/.m2/repository/org/apache/curator/curator-framework/2.12.0/curator-framework-2.12.0.jar
7fb16de6e000-7fb16de70000 r--s 00006000 fd:02 271975839                  /home/user/.m2/repository/net/minidev/accessors-smart/1.2/accessors-smart-1.2.jar
7fb16de70000-7fb16de73000 r--s 0001b000 fd:02 271975848                  /home/user/.m2/repository/net/minidev/json-smart/2.3/json-smart-2.3.jar
7fb16de73000-7fb16de75000 r--s 00000000 fd:02 271910920                  /home/user/.m2/repository/com/github/stephenc/jcip/jcip-annotations/1.0-1/jcip-annotations-1.0-1.jar
7fb16de75000-7fb16de7b000 r--s 00044000 fd:02 271911290                  /home/user/.m2/repository/com/nimbusds/nimbus-jose-jwt/4.41.1/nimbus-jose-jwt-4.41.1.jar
7fb16de7b000-7fb16de7d000 r--s 00020000 fd:02 272105668                  /home/user/.m2/repository/org/apache/hadoop/hadoop-auth/3.2.0/hadoop-auth-3.2.0.jar
7fb16de7d000-7fb16de82000 r--s 0002a000 fd:02 271910994                  /home/user/.m2/repository/com/google/code/gson/gson/2.2.4/gson-2.2.4.jar
7fb16de82000-7fb16de84000 r--s 0001e000 fd:02 271911218                  /home/user/.m2/repository/com/google/re2j/re2j/1.1/re2j-1.1.jar
7fb16de84000-7fb16de86000 r--s 00130000 fd:02 272302229                  /home/user/.m2/repository/org/xerial/snappy/snappy-java/1.0.5/snappy-java-1.0.5.jar
7fb16de86000-7fb16de88000 r--s 00006000 fd:02 271974570                  /home/user/.m2/repository/com/thoughtworks/paranamer/paranamer/2.3/paranamer-2.3.jar
7fb16de88000-7fb16de91000 r--s 00062000 fd:02 271976069                  /home/user/.m2/repository/org/apache/avro/avro/1.7.7/avro-1.7.7.jar
7fb16de91000-7fb16de92000 r--s 00002000 fd:02 272238091                  /home/user/.m2/repository/org/slf4j/slf4j-log4j12/1.7.25/slf4j-log4j12-1.7.25.jar
7fb16de92000-7fb16de96000 r--s 00029000 fd:02 272105581                  /home/user/.m2/repository/org/apache/commons/commons-text/1.4/commons-text-1.4.jar
7fb16de96000-7fb16de9e000 r--s 00072000 fd:02 271976156                  /home/user/.m2/repository/org/apache/commons/commons-lang3/3.7/commons-lang3-3.7.jar
7fb16de9e000-7fb16deaa000 r--s 0008b000 fd:02 271976124                  /home/user/.m2/repository/org/apache/commons/commons-configuration2/2.1.1/commons-configuration2-2.1.1.jar
7fb16deaa000-7fb16deaf000 r--s 00038000 fd:02 271974623                  /home/user/.m2/repository/commons-beanutils/commons-beanutils/1.9.4/commons-beanutils-1.9.4.jar
7fb16deaf000-7fb16deb8000 r--s 0006f000 fd:02 271975687                  /home/user/.m2/repository/log4j/log4j/1.2.17/log4j-1.2.17.jar
7fb16deb8000-7fb16deba000 r--s 0000e000 fd:02 271974931                  /home/user/.m2/repository/commons-logging/commons-logging/1.1.3/commons-logging-1.1.3.jar
7fb16deba000-7fb16deca000 r--s 0009c000 fd:02 271974503                  /home/user/.m2/repository/com/sun/jersey/jersey-server/1.19/jersey-server-1.19.jar
7fb16deca000-7fb16decb000 r--s 00006000 fd:02 272172535                  /home/user/.m2/repository/org/codehaus/jackson/jackson-xc/1.9.13/jackson-xc-1.9.13.jar
7fb16decb000-7fb16decc000 r--s 00004000 fd:02 272172517                  /home/user/.m2/repository/org/codehaus/jackson/jackson-jaxrs/1.9.13/jackson-jaxrs-1.9.13.jar
7fb16decc000-7fb16deda000 r--s 000b1000 fd:02 272172526                  /home/user/.m2/repository/org/codehaus/jackson/jackson-mapper-asl/1.9.13/jackson-mapper-asl-1.9.13.jar
7fb16deda000-7fb16dede000 r--s 00035000 fd:02 272172508                  /home/user/.m2/repository/org/codehaus/jackson/jackson-core-asl/1.9.13/jackson-core-asl-1.9.13.jar
7fb16dede000-7fb16dee1000 r--s 00016000 fd:02 271975563                  /home/user/.m2/repository/javax/xml/bind/jaxb-api/2.2.11/jaxb-api-2.2.11.jar
7fb16dee1000-7fb16def4000 r--s 000c7000 fd:02 271974538                  /home/user/.m2/repository/com/sun/xml/bind/jaxb-impl/2.2.3-1/jaxb-impl-2.2.3-1.jar
7fb16def4000-7fb16def6000 r--s 0000f000 fd:02 272172545                  /home/user/.m2/repository/org/codehaus/jettison/jettison/1.1/jettison-1.1.jar
7fb16def6000-7fb16defa000 r--s 00025000 fd:02 271974488                  /home/user/.m2/repository/com/sun/jersey/jersey-json/1.19/jersey-json-1.19.jar
7fb16defa000-7fb16defe000 r--s 0001c000 fd:02 271974512                  /home/user/.m2/repository/com/sun/jersey/jersey-servlet/1.19/jersey-servlet-1.19.jar
7fb16defe000-7fb16df00000 r--s 0000a000 fd:02 271975552                  /home/user/.m2/repository/javax/ws/rs/jsr311-api/1.1.1/jsr311-api-1.1.1.jar
7fb16df00000-7fb16df0a000 r--s 00061000 fd:02 271974479                  /home/user/.m2/repository/com/sun/jersey/jersey-core/1.19/jersey-core-1.19.jar
7fb16df0a000-7fb16df0d000 r--s 00016000 fd:02 271975508                  /home/user/.m2/repository/javax/servlet/jsp/jsp-api/2.1/jsp-api-2.1.jar
7fb16df0d000-7fb16df0e000 r--s 0000c000 fd:02 272237059                  /home/user/.m2/repository/org/eclipse/jetty/jetty-xml/9.3.25.v20180904/jetty-xml-9.3.25.v20180904.jar
7fb16df0e000-7fb16df11000 r--s 0001a000 fd:02 272237050                  /home/user/.m2/repository/org/eclipse/jetty/jetty-webapp/9.3.25.v20180904/jetty-webapp-9.3.25.v20180904.jar
7fb16df11000-7fb16df14000 r--s 00015000 fd:02 272237005                  /home/user/.m2/repository/org/eclipse/jetty/jetty-security/9.3.25.v20180904/jetty-security-9.3.25.v20180904.jar
7fb16df14000-7fb16df17000 r--s 0001b000 fd:02 272237023                  /home/user/.m2/repository/org/eclipse/jetty/jetty-servlet/9.3.25.v20180904/jetty-servlet-9.3.25.v20180904.jar
7fb16df17000-7fb16df1e000 r--s 00069000 fd:02 272237032                  /home/user/.m2/repository/org/eclipse/jetty/jetty-util/9.3.25.v20180904/jetty-util-9.3.25.v20180904.jar
7fb16df1e000-7fb16df22000 r--s 0001b000 fd:02 272236979                  /home/user/.m2/repository/org/eclipse/jetty/jetty-io/9.3.25.v20180904/jetty-io-9.3.25.v20180904.jar
7fb16df22000-7fb16df25000 r--s 00022000 fd:02 272236970                  /home/user/.m2/repository/org/eclipse/jetty/jetty-http/9.3.25.v20180904/jetty-http-9.3.25.v20180904.jar
7fb16df25000-7fb16df2d000 r--s 00078000 fd:02 272237014                  /home/user/.m2/repository/org/eclipse/jetty/jetty-server/9.3.25.v20180904/jetty-server-9.3.25.v20180904.jar
7fb16df2d000-7fb16df30000 r--s 00015000 fd:02 271975498                  /home/user/.m2/repository/javax/servlet/javax.servlet-api/3.1.0/javax.servlet-api-3.1.0.jar
7fb16df30000-7fb16df3d000 r--s 00083000 fd:02 271974744                  /home/user/.m2/repository/commons-collections/commons-collections/3.2.2/commons-collections-3.2.2.jar
7fb16df3d000-7fb16df43000 r--s 00046000 fd:02 271974956                  /home/user/.m2/repository/commons-net/commons-net/3.6/commons-net-3.6.jar
7fb16df43000-7fb16df47000 r--s 0002f000 fd:02 271974854                  /home/user/.m2/repository/commons-io/commons-io/2.5/commons-io-2.5.jar
7fb16df47000-7fb16df4e000 r--s 0004b000 fd:02 271974676                  /home/user/.m2/repository/commons-codec/commons-codec/1.11/commons-codec-1.11.jar
7fb16df4e000-7fb16df55000 r--s 00049000 fd:02 272105929                  /home/user/.m2/repository/org/apache/httpcomponents/httpcore/4.4.4/httpcore-4.4.4.jar
7fb16df55000-7fb16df62000 r--s 000a7000 fd:02 272105876                  /home/user/.m2/repository/org/apache/httpcomponents/httpclient/4.5.2/httpclient-4.5.2.jar
7fb16df62000-7fb16df64000 r--s 00009000 fd:02 271974658                  /home/user/.m2/repository/commons-cli/commons-cli/1.2/commons-cli-1.2.jar
7fb16df64000-7fb16dfdd000 r--s 007c0000 fd:02 271058845                  /usr/lib/jvm/java-1.8-openjdk/lib/tools.jar
7fb16dfdd000-7fb16dfde000 r--s 0000e000 fd:02 272105659                  /home/user/.m2/repository/org/apache/hadoop/hadoop-annotations/3.2.0/hadoop-annotations-3.2.0.jar
7fb16dfde000-7fb16e01c000 r--s 003aa000 fd:02 272105689                  /home/user/.m2/repository/org/apache/hadoop/hadoop-common/3.2.0/hadoop-common-3.2.0.jar
7fb16e01c000-7fb16e01e000 r--s 00002000 fd:02 107417770                  /home/user/.m2/repository/com/github/spotbugs/spotbugs-annotations/3.1.12/spotbugs-annotations-3.1.12.jar
7fb16e01e000-7fb16e023000 r--s 00041000 fd:02 271974890                  /home/user/.m2/repository/commons-lang/commons-lang/2.6/commons-lang-2.6.jar
7fb16e023000-7fb16e029000 r--s 00033000 fd:02 271975587                  /home/user/.m2/repository/jaxen/jaxen/1.1.6/jaxen-1.1.6.jar
7fb16e029000-7fb16e02e000 r--s 0004b000 fd:02 107417768                  /home/user/.m2/repository/org/dom4j/dom4j/2.1.1/dom4j-2.1.1.jar
7fb16e02e000-7fb16e02f000 r--s 00000000 fd:02 271975829                  /home/user/.m2/repository/net/jcip/jcip-annotations/1.0/jcip-annotations-1.0.jar
7fb16e02f000-7fb16e03a000 r--s 0009d000 fd:02 107417767                  /home/user/.m2/repository/org/apache/bcel/bcel/6.3/bcel-6.3.jar
7fb16e03a000-7fb16e03b000 r--s 00013000 fd:02 107417764                  /home/user/.m2/repository/org/ow2/asm/asm-util/7.0/asm-util-7.0.jar
7fb16e03b000-7fb16e03d000 r--s 0000b000 fd:02 107417758                  /home/user/.m2/repository/org/ow2/asm/asm-tree/7.0/asm-tree-7.0.jar
7fb16e03d000-7fb16e03f000 r--s 00012000 fd:02 107417760                  /home/user/.m2/repository/org/ow2/asm/asm-commons/7.0/asm-commons-7.0.jar
7fb16e03f000-7fb16e041000 r--s 00007000 fd:02 107417762                  /home/user/.m2/repository/org/ow2/asm/asm-analysis/7.0/asm-analysis-7.0.jar
7fb16e041000-7fb16e043000 r--s 0000c000 fd:02 272237755                  /home/user/.m2/repository/org/ow2/asm/asm/5.0.4/asm-5.0.4.jar
7fb16e043000-7fb16e06b000 r--s 00316000 fd:02 107417756                  /home/user/.m2/repository/com/github/spotbugs/spotbugs/3.1.12/spotbugs-3.1.12.jar
7fb16e06b000-7fb16e0c3000 r--s 003a7000 fd:02 272172430                  /home/user/.m2/repository/org/bouncycastle/bcprov-jdk15on/1.60/bcprov-jdk15on-1.60.jar
7fb16e0c3000-7fb16e0c9000 r--s 00045000 fd:02 272237385                  /home/user/.m2/repository/org/hamcrest/hamcrest-all/1.3/hamcrest-all-1.3.jar
7fb16e0c9000-7fb16e0e6000 r--s 0013e000 fd:02 272237576                  /home/user/.m2/repository/org/mockito/mockito-all/1.8.5/mockito-all-1.8.5.jar
7fb16e0e6000-7fb16e0e7000 r--s 00007000 fd:02 272237693                  /home/user/.m2/repository/org/openjdk/jmh/jmh-generator-annprocess/1.19/jmh-generator-annprocess-1.19.jar
7fb16e0e7000-7fb16e104000 r--s 0016a000 fd:02 271976165                  /home/user/.m2/repository/org/apache/commons/commons-math3/3.1.1/commons-math3-3.1.1.jar
7fb16e104000-7fb16e106000 r--s 0000e000 fd:02 271975865                  /home/user/.m2/repository/net/sf/jopt-simple/jopt-simple/4.6/jopt-simple-4.6.jar
7fb16e106000-7fb16e10f000 r--s 00072000 fd:02 272237684                  /home/user/.m2/repository/org/openjdk/jmh/jmh-core/1.19/jmh-core-1.19.jar
7fb16e10f000-7fb16e126000 r--s 00115000 fd:02 272172389                  /home/user/.m2/repository/org/assertj/assertj-core/3.8.0/assertj-core-3.8.0.jar
7fb16e126000-7fb16e128000 r--s 00009000 fd:02 272238065                  /home/user/.m2/repository/org/slf4j/slf4j-api/1.7.25/slf4j-api-1.7.25.jar
7fb16e128000-7fb16e12c000 r--s 0001e000 fd:02 271975056                  /home/user/.m2/repository/io/dropwizard/metrics/metrics-core/3.2.4/metrics-core-3.2.4.jar
7fb16e12c000-7fb16e12e000 r--s 00009000 fd:02 272237394                  /home/user/.m2/repository/org/hamcrest/hamcrest-core/1.3/hamcrest-core-1.3.jar
7fb16e12e000-7fb16e155000 r--s 00205000 fd:02 271975215                  /home/user/.m2/repository/io/netty/netty-all/4.0.52.Final/netty-all-4.0.52.Final.jar
7fb16e155000-7fb16e15b000 r--s 0003c000 fd:02 272302258                  /home/user/.m2/repository/org/yaml/snakeyaml/1.16/snakeyaml-1.16.jar
7fb16e15b000-7fb16e15c000 r--s 00002000 fd:02 271975390                  /home/user/.m2/repository/io/opentracing/opentracing-noop/0.31.0/opentracing-noop-0.31.0.jar
7fb16e15c000-7fb16e15e000 r--s 00002000 fd:02 271975381                  /home/user/.m2/repository/io/opentracing/opentracing-api/0.31.0/opentracing-api-0.31.0.jar
7fb16e15e000-7fb16e15f000 r--s 00001000 fd:02 271975399                  /home/user/.m2/repository/io/opentracing/opentracing-util/0.31.0/opentracing-util-0.31.0.jar
7fb16e15f000-7fb16e160000 r--s 00001000 fd:02 271975366                  /home/user/.m2/repository/io/opentracing/contrib/opentracing-tracerresolver/0.1.5/opentracing-tracerresolver-0.1.5.jar
7fb16e160000-7fb16e161000 r--s 00000000 fd:02 271975196                  /home/user/.m2/repository/io/jaegertracing/jaeger-tracerresolver/0.34.0/jaeger-tracerresolver-0.34.0.jar
7fb16e161000-7fb16e165000 r--s 0001c000 fd:02 271975178                  /home/user/.m2/repository/io/jaegertracing/jaeger-core/0.34.0/jaeger-core-0.34.0.jar
7fb16e165000-7fb16e166000 r--s 00013000 fd:02 271974427                  /home/user/.m2/repository/com/squareup/okio/okio/1.13.0/okio-1.13.0.jar
7fb16e166000-7fb16e16c000 r--s 0005e000 fd:02 271974411                  /home/user/.m2/repository/com/squareup/okhttp3/okhttp/3.9.0/okhttp-3.9.0.jar
7fb16e16c000-7fb16e172000 r--s 00037000 fd:02 272172129                  /home/user/.m2/repository/org/apache/thrift/libthrift/0.12.0/libthrift-0.12.0.jar
7fb16e172000-7fb16e180000 r--s 0009e000 fd:02 271975187                  /home/user/.m2/repository/io/jaegertracing/jaeger-thrift/0.34.0/jaeger-thrift-0.34.0.jar
7fb16e180000-7fb16e181000 r--s 00000000 fd:02 271975169                  /home/user/.m2/repository/io/jaegertracing/jaeger-client/0.34.0/jaeger-client-0.34.0.jar
7fb16e181000-7fb16e185000 r--s 00020000 fd:02 271974790                  /home/user/.m2/repository/commons-digester/commons-digester/1.8.1/commons-digester-1.8.1.jar
7fb16e185000-7fb16e189000 r--s 0002a000 fd:02 271974982                  /home/user/.m2/repository/commons-validator/commons-validator/1.6/commons-validator-1.6.jar
7fb16e189000-7fb16e19c000 r--s 000b0000 fd:02 272172421                  /home/user/.m2/repository/org/bouncycastle/bcpkix-jdk15on/1.60/bcpkix-jdk15on-1.60.jar
7fb16e19c000-7fb16e19f000 r--s 0001d000 fd:02 272105572                  /home/user/.m2/repository/org/apache/commons/commons-pool2/2.6.0/commons-pool2-2.6.0.jar
7fb16e19f000-7fb16e1a2000 r--s 00012000 fd:02 271911270                  /home/user/.m2/repository/com/lmax/disruptor/3.4.2/disruptor-3.4.2.jar
7fb16e1a2000-7fb16e1c2000 r--s 00167000 fd:02 272106156                  /home/user/.m2/repository/org/apache/logging/log4j/log4j-core/2.11.0/log4j-core-2.11.0.jar
7fb16e1c2000-7fb16e1c8000 r--s 0003b000 fd:02 272106147                  /home/user/.m2/repository/org/apache/logging/log4j/log4j-api/2.11.0/log4j-api-2.11.0.jar
7fb16e1c8000-7fb16e1cd000 r--s 00c4f000 fd:02 272238024                  /home/user/.m2/repository/org/rocksdb/rocksdbjni/6.0.1/rocksdbjni-6.0.1.jar
7fb16e1cd000-7fb16e1cf000 r--s 00019000 fd:02 107087799                  /home/user/.m2/repository/org/apache/ratis/ratis-grpc/0.5.0-201fc85-SNAPSHOT/ratis-grpc-0.5.0-201fc85-SNAPSHOT.jar
7fb16e1cf000-7fb16e1d1000 r--s 00007000 fd:02 107087798                  /home/user/.m2/repository/org/apache/ratis/ratis-netty/0.5.0-201fc85-SNAPSHOT/ratis-netty-0.5.0-201fc85-SNAPSHOT.jar
7fb16e1d1000-7fb16e1d3000 r--s 00009000 fd:02 271975034                  /home/user/.m2/repository/info/ganglia/gmetric4j/gmetric4j/1.0.7/gmetric4j-1.0.7.jar
7fb16e1d3000-7fb16e1d4000 r--s 00002000 fd:02 271975065                  /home/user/.m2/repository/io/dropwizard/metrics/metrics-ganglia/3.2.5/metrics-ganglia-3.2.5.jar
7fb16e1d4000-7fb16e1d6000 r--s 00008000 fd:02 271975074                  /home/user/.m2/repository/io/dropwizard/metrics/metrics-jvm/3.2.5/metrics-jvm-3.2.5.jar
7fb16e1d6000-7fb16e1e4000 r--s 0010d000 fd:02 107027425                  /home/user/.m2/repository/org/apache/ratis/ratis-proto/0.5.0-201fc85-SNAPSHOT/ratis-proto-0.5.0-201fc85-SNAPSHOT.jar
7fb16e1e4000-7fb16e2be000 r--s 00cc8000 fd:02 272172079                  /home/user/.m2/repository/org/apache/ratis/ratis-thirdparty-misc/0.2.0/ratis-thirdparty-misc-0.2.0.jar
7fb16e2be000-7fb16e2c1000 ---p 00000000 00:00 0 
7fb16e2c1000-7fb16e3bf000 rw-p 00000000 00:00 0 
7fb16e3bf000-7fb16e5c6000 r-xp 00000000 fd:02 271058752                  /usr/lib/jvm/java-1.8-openjdk/jre/lib/amd64/libmanagement.so
7fb16e5c6000-7fb16e5c7000 r--p 00007000 fd:02 271058752                  /usr/lib/jvm/java-1.8-openjdk/jre/lib/amd64/libmanagement.so
7fb16e5c7000-7fb16e5c8000 rw-p 00008000 fd:02 271058752                  /usr/lib/jvm/java-1.8-openjdk/jre/lib/amd64/libmanagement.so
7fb16e5c8000-7fb16e5cb000 ---p 00000000 00:00 0 
7fb16e5cb000-7fb16e6c9000 rw-p 00000000 00:00 0 
7fb16e6c9000-7fb16e6ca000 ---p 00000000 00:00 0 
7fb16e6ca000-7fb16e7cb000 rw-p 00000000 00:00 0 
7fb16e7cb000-7fb16e7ce000 ---p 00000000 00:00 0 
7fb16e7ce000-7fb16e8cc000 rw-p 00000000 00:00 0 
7fb16e8cc000-7fb16e8cd000 ---p 00000000 00:00 0 
7fb16e8cd000-7fb16e8d0000 ---p 00000000 00:00 0 
7fb16e8d0000-7fb16e9ce000 rw-p 00000000 00:00 0 
7fb16e9ce000-7fb16e9cf000 ---p 00000000 00:00 0 
7fb16e9cf000-7fb16e9d2000 ---p 00000000 00:00 0 
7fb16e9d2000-7fb16ead0000 rw-p 00000000 00:00 0 
7fb16ead0000-7fb16ead3000 ---p 00000000 00:00 0 
7fb16ead3000-7fb16ebd1000 rw-p 00000000 00:00 0 
7fb16ebd1000-7fb16ebd4000 ---p 00000000 00:00 0 
7fb16ebd4000-7fb16ecd2000 rw-p 00000000 00:00 0 
7fb16ecd2000-7fb16ecd5000 ---p 00000000 00:00 0 
7fb16ecd5000-7fb16edd3000 rw-p 00000000 00:00 0 
7fb16edd3000-7fb16edd4000 ---p 00000000 00:00 0 
7fb16edd4000-7fb16f7de000 rw-p 00000000 00:00 0 
7fb16f7de000-7fb16f9ae000 r--s 01f56000 fd:02 271058817                  /usr/lib/jvm/java-1.8-openjdk/jre/lib/rt.jar
7fb16f9ae000-7fb174624000 rw-p 00000000 00:00 0 
7fb174624000-7fb174625000 ---p 00000000 00:00 0 
7fb174625000-7fb174726000 rw-p 00000000 00:00 0 
7fb174726000-7fb174727000 ---p 00000000 00:00 0 
7fb174727000-7fb17492f000 rw-p 00000000 00:00 0 
7fb17492f000-7fb174ad3000 ---p 00000000 00:00 0 
7fb174ad3000-7fb174bda000 rw-p 00000000 00:00 0 
7fb174bda000-7fb174d7d000 ---p 00000000 00:00 0 
7fb174d7d000-7fb174eea000 rw-p 00000000 00:00 0 
7fb174eea000-7fb175294000 ---p 00000000 00:00 0 
7fb175294000-7fb1757f4000 rwxp 00000000 00:00 0 
7fb1757f4000-7fb184294000 ---p 00000000 00:00 0 
7fb184294000-7fb18449b000 r-xp 00000000 fd:02 271058761                  /usr/lib/jvm/java-1.8-openjdk/jre/lib/amd64/libzip.so
7fb18449b000-7fb18449c000 r--p 00007000 fd:02 271058761                  /usr/lib/jvm/java-1.8-openjdk/jre/lib/amd64/libzip.so
7fb18449c000-7fb18449d000 rw-p 00008000 fd:02 271058761                  /usr/lib/jvm/java-1.8-openjdk/jre/lib/amd64/libzip.so
7fb18449d000-7fb1846c8000 r-xp 00000000 fd:02 271058742                  /usr/lib/jvm/java-1.8-openjdk/jre/lib/amd64/libjava.so
7fb1846c8000-7fb1846c9000 r--p 0002b000 fd:02 271058742                  /usr/lib/jvm/java-1.8-openjdk/jre/lib/amd64/libjava.so
7fb1846c9000-7fb1846ca000 rw-p 0002c000 fd:02 271058742                  /usr/lib/jvm/java-1.8-openjdk/jre/lib/amd64/libjava.so
7fb1846ca000-7fb1846cb000 rw-p 00000000 00:00 0 
7fb1846cb000-7fb1848d7000 r-xp 00000000 fd:02 271058760                  /usr/lib/jvm/java-1.8-openjdk/jre/lib/amd64/libverify.so
7fb1848d7000-7fb1848d9000 r--p 0000c000 fd:02 271058760                  /usr/lib/jvm/java-1.8-openjdk/jre/lib/amd64/libverify.so
7fb1848d9000-7fb1848da000 rw-p 0000e000 fd:02 271058760                  /usr/lib/jvm/java-1.8-openjdk/jre/lib/amd64/libverify.so
7fb1848da000-7fb184aea000 r-xp 00000000 fd:02 271058918                  /usr/lib/libgcc_s.so.1
7fb184aea000-7fb184aeb000 r--p 00010000 fd:02 271058918                  /usr/lib/libgcc_s.so.1
7fb184aeb000-7fb184aec000 rw-p 00011000 fd:02 271058918                  /usr/lib/libgcc_s.so.1
7fb184aec000-7fb184e2d000 r-xp 00000000 fd:02 271059041                  /usr/lib/libstdc++.so.6.0.22
7fb184e2d000-7fb184e3b000 r--p 00141000 fd:02 271059041                  /usr/lib/libstdc++.so.6.0.22
7fb184e3b000-7fb184e3c000 rw-p 0014f000 fd:02 271059041                  /usr/lib/libstdc++.so.6.0.22
7fb184e3c000-7fb184e3f000 rw-p 00000000 00:00 0 
7fb184e3f000-7fb185813000 r-xp 00000000 fd:02 271058765                  /usr/lib/jvm/java-1.8-openjdk/jre/lib/amd64/server/libjvm.so
7fb185813000-7fb1858a9000 r--p 007d4000 fd:02 271058765                  /usr/lib/jvm/java-1.8-openjdk/jre/lib/amd64/server/libjvm.so
7fb1858a9000-7fb1858d1000 rw-p 0086a000 fd:02 271058765                  /usr/lib/jvm/java-1.8-openjdk/jre/lib/amd64/server/libjvm.so
7fb1858d1000-7fb185902000 rw-p 00000000 00:00 0 
7fb185902000-7fb185b17000 r-xp 00000000 fd:02 164495947                  /lib/libz.so.1.2.11
7fb185b17000-7fb185b18000 r--p 00015000 fd:02 164495947                  /lib/libz.so.1.2.11
7fb185b18000-7fb185b19000 rw-p 00016000 fd:02 164495947                  /lib/libz.so.1.2.11
7fb185b19000-7fb185d25000 r-xp 00000000 fd:02 271058726                  /usr/lib/jvm/java-1.8-openjdk/jre/lib/amd64/jli/libjli.so
7fb185d25000-7fb185d26000 r--p 0000c000 fd:02 271058726                  /usr/lib/jvm/java-1.8-openjdk/jre/lib/amd64/jli/libjli.so
7fb185d26000-7fb185d27000 rw-p 0000d000 fd:02 271058726                  /usr/lib/jvm/java-1.8-openjdk/jre/lib/amd64/jli/libjli.so
7fb185d27000-7fb185db4000 r-xp 00000000 fd:02 270991733                  /lib/ld-musl-x86_64.so.1
7fb185db4000-7fb185db5000 r--s 00003000 fd:02 271910909                  /home/user/.m2/repository/com/github/joshelser/dropwizard-metrics-hadoop-metrics2-reporter/0.1.2/dropwizard-metrics-hadoop-metrics2-reporter-0.1.2.jar
7fb185db5000-7fb185db6000 r--s 00006000 fd:02 107087797                  /home/user/.m2/repository/org/apache/ratis/ratis-metrics/0.5.0-201fc85-SNAPSHOT/ratis-metrics-0.5.0-201fc85-SNAPSHOT.jar
7fb185db6000-7fb185db8000 r--s 0000c000 fd:02 107027429                  /home/user/.m2/repository/org/apache/ratis/ratis-client/0.5.0-201fc85-SNAPSHOT/ratis-client-0.5.0-201fc85-SNAPSHOT.jar
7fb185db8000-7fb185dbd000 r--s 0003a000 fd:02 107027427                  /home/user/.m2/repository/org/apache/ratis/ratis-common/0.5.0-201fc85-SNAPSHOT/ratis-common-0.5.0-201fc85-SNAPSHOT.jar
7fb185dbd000-7fb185dc2000 r--s 00053000 fd:02 107027423                  /home/user/.m2/repository/org/apache/ratis/ratis-server/0.5.0-201fc85-SNAPSHOT/ratis-server-0.5.0-201fc85-SNAPSHOT.jar
7fb185dc2000-7fb185dc5000 r--s 000fd000 fd:02 272237121                  /home/user/.m2/repository/org/fusesource/leveldbjni/leveldbjni-all/1.8/leveldbjni-all-1.8.jar
7fb185dc5000-7fb185dc7000 r--s 00005000 fd:02 271975437                  /home/user/.m2/repository/javax/annotation/javax.annotation-api/1.2/javax.annotation-api-1.2.jar
7fb185dc7000-7fb185dc9000 r--s 00002000 fd:02 272171768                  /home/user/.m2/repository/org/apache/maven/surefire/surefire-logger-api/3.0.0-M1/surefire-logger-api-3.0.0-M1.jar
7fb185dc9000-7fb185dce000 r--s 00027000 fd:02 272171750                  /home/user/.m2/repository/org/apache/maven/surefire/surefire-api/3.0.0-M1/surefire-api-3.0.0-M1.jar
7fb185dce000-7fb185dd4000 r--s 00047000 fd:02 272171759                  /home/user/.m2/repository/org/apache/maven/surefire/surefire-booter/3.0.0-M1/surefire-booter-3.0.0-M1.jar
7fb185dd4000-7fb185dd5000 r--s 00004000 fd:05 13502725                   /workdir/hadoop-hdds/server-scm/target/surefire/surefirebooter2545486894779197425.jar
7fb185dd5000-7fb185dd6000 r--s 00000000 fd:02 164495883                  /etc/localtime
7fb185dd6000-7fb185ea7000 rw-p 00000000 00:00 0 
7fb185ea7000-7fb185eaf000 rw-s 00000000 fd:02 106958443                  /tmp/hsperfdata_jenkins1000/8789
7fb185eaf000-7fb185eb0000 rw-p 00000000 00:00 0 
7fb185eb0000-7fb185eb1000 r--p 00000000 00:00 0 
7fb185eb1000-7fb185eb3000 ---p 00000000 00:00 0 
7fb185eb3000-7fb185eb6000 ---p 00000000 00:00 0 
7fb185eb6000-7fb185fb4000 rw-p 00000000 00:00 0 
7fb185fb4000-7fb185fb5000 r--p 0008d000 fd:02 270991733                  /lib/ld-musl-x86_64.so.1
7fb185fb5000-7fb185fb6000 rw-p 0008e000 fd:02 270991733                  /lib/ld-musl-x86_64.so.1
7fb185fb6000-7fb185fb9000 rw-p 00000000 00:00 0 
7fff452e4000-7fff45306000 rw-p 00000000 00:00 0                          [stack]
7fff45328000-7fff4532a000 r-xp 00000000 00:00 0                          [vdso]
ffffffffff600000-ffffffffff601000 r-xp 00000000 00:00 0                  [vsyscall]

VM Arguments:
jvm_args: -Xmx2048m -XX:+HeapDumpOnOutOfMemoryError 
java_command: /workdir/hadoop-hdds/server-scm/target/surefire/surefirebooter2545486894779197425.jar /workdir/hadoop-hdds/server-scm/target/surefire 2019-10-15T02-49-57_698-jvmRun1 surefire6144923365867024790tmp surefire_672237573211694134754tmp
java_class_path (initial): /workdir/hadoop-hdds/server-scm/target/surefire/surefirebooter2545486894779197425.jar
Launcher Type: SUN_STANDARD

Environment Variables:
PATH=/usr/local/sbin:/usr/local/bin:/usr/sbin:/usr/bin:/sbin:/bin:/opt/findbugs/bin:/opt/blockade/bin
LD_LIBRARY_PATH=/usr/lib/jvm/java-1.8-openjdk/jre/lib/amd64/server:/usr/lib/jvm/java-1.8-openjdk/jre/lib/amd64:/usr/lib/jvm/java-1.8-openjdk/jre/../lib/amd64:/workdir/hadoop-hdds/server-scm/target/native/target/usr/local/lib:/workdir/hadoop-hdds/server-scm/../../hadoop-common-project/hadoop-common/target/native/target/usr/local/lib
DYLD_LIBRARY_PATH=${env.DYLD_LIBRARY_PATH}:/workdir/hadoop-hdds/server-scm/target/native/target/usr/local/lib:/workdir/hadoop-hdds/server-scm/../../hadoop-common-project/hadoop-common/target/native/target/usr/local/lib

Signal Handlers:
SIGSEGV: [libjvm.so+0x600fd2], sa_mask[0]=11111111011111111101111111111110, sa_flags=SA_RESTART|SA_SIGINFO
SIGBUS: [libjvm.so+0x600fd2], sa_mask[0]=11111111011111111101111111111110, sa_flags=SA_RESTART|SA_SIGINFO
SIGFPE: [libjvm.so+0x539502], sa_mask[0]=11111111011111111101111111111110, sa_flags=SA_RESTART|SA_SIGINFO
SIGPIPE: [libjvm.so+0x539502], sa_mask[0]=11111111011111111101111111111110, sa_flags=SA_RESTART|SA_SIGINFO
SIGXFSZ: [libjvm.so+0x539502], sa_mask[0]=11111111011111111101111111111110, sa_flags=SA_RESTART|SA_SIGINFO
SIGILL: [libjvm.so+0x539502], sa_mask[0]=11111111011111111101111111111110, sa_flags=SA_RESTART|SA_SIGINFO
SIGUSR1: SIG_DFL, sa_mask[0]=00000000000000000000000000000000, sa_flags=none
SIGUSR2: [libjvm.so+0x5396a1], sa_mask[0]=00100000000000000000000000000000, sa_flags=SA_RESTART|SA_SIGINFO
SIGHUP: [libjvm.so+0x53b719], sa_mask[0]=11111111011111111101111111111110, sa_flags=SA_RESTART|SA_SIGINFO
SIGINT: [libjvm.so+0x53b719], sa_mask[0]=11111111011111111101111111111110, sa_flags=SA_RESTART|SA_SIGINFO
SIGTERM: [libjvm.so+0x53b719], sa_mask[0]=11111111011111111101111111111110, sa_flags=SA_RESTART|SA_SIGINFO
SIGQUIT: [libjvm.so+0x53b719], sa_mask[0]=11111111011111111101111111111110, sa_flags=SA_RESTART|SA_SIGINFO


---------------  S Y S T E M  ---------------

OS:NAME="Alpine Linux"
ID=alpine
VERSION_ID=3.8.2
PRETTY_NAME="Alpine Linux v3.8"
HOME_URL="http://alpinelinux.org"
BUG_REPORT_URL="http://bugs.alpinelinux.org"

uname:Linux 3.10.0-957.12.2.el7.x86_64 #1 SMP Tue May 14 21:24:32 UTC 2019 x86_64
libc:glibc 2.9 NPTL 
rlimit: STACK 8192k, CORE infinity, NPROC 1048576, NOFILE 1048576, AS infinity
load average:7.93 8.00 6.07

/proc/meminfo:
MemTotal:       263864160 kB
MemFree:          715304 kB
MemAvailable:   246062608 kB
Buffers:         4593336 kB
Cached:         235170240 kB
SwapCached:            0 kB
Active:         118320244 kB
Inactive:       131330536 kB
Active(anon):   12626404 kB
Inactive(anon):  1605436 kB
Active(file):   105693840 kB
Inactive(file): 129725100 kB
Unevictable:       13856 kB
Mlocked:           13856 kB
SwapTotal:             0 kB
SwapFree:              0 kB
Dirty:            730988 kB
Writeback:            16 kB
AnonPages:       9901780 kB
Mapped:           306664 kB
Shmem:           4340720 kB
Slab:           11737308 kB
SReclaimable:   10812456 kB
SUnreclaim:       924852 kB
KernelStack:       59040 kB
PageTables:        43148 kB
NFS_Unstable:          0 kB
Bounce:                0 kB
WritebackTmp:          0 kB
CommitLimit:    131932080 kB
Committed_AS:   37182564 kB
VmallocTotal:   34359738367 kB
VmallocUsed:      735544 kB
VmallocChunk:   34224635352 kB
HardwareCorrupted:     0 kB
AnonHugePages:   3735552 kB
CmaTotal:              0 kB
CmaFree:               0 kB
HugePages_Total:       0
HugePages_Free:        0
HugePages_Rsvd:        0
HugePages_Surp:        0
Hugepagesize:       2048 kB
DirectMap4k:      367336 kB
DirectMap2M:    26787840 kB
DirectMap1G:    243269632 kB

container (cgroup) information:
container_type: cgroupv1
cpu_cpuset_cpus: 0-31
cpu_memory_nodes: 0-1
active_processor_count: 2
cpu_quota: -1
cpu_period: 100000
cpu_shares: 2048
memory_limit_in_bytes: -1
memory_and_swap_limit_in_bytes: -1
memory_soft_limit_in_bytes: -1
memory_usage_in_bytes: 5582684160
memory_max_usage_in_bytes: 6249824256


CPU:total 32 (initial active 2) (8 cores per cpu, 2 threads per core) family 6 model 63 stepping 2, cmov, cx8, fxsr, mmx, sse, sse2, sse3, ssse3, sse4.1, sse4.2, popcnt, avx, avx2, aes, clmul, erms, lzcnt, ht, tsc, tscinvbit, bmi1, bmi2

/proc/cpuinfo:
processor	: 0
vendor_id	: GenuineIntel
cpu family	: 6
model		: 63
model name	: Intel(R) Xeon(R) CPU E5-2630 v3 @ 2.40GHz
stepping	: 2
microcode	: 0x43
cpu MHz		: 2296.728
cache size	: 20480 KB
physical id	: 0
siblings	: 16
core id		: 0
cpu cores	: 8
apicid		: 0
initial apicid	: 0
fpu		: yes
fpu_exception	: yes
cpuid level	: 15
wp		: yes
flags		: fpu vme de pse tsc msr pae mce cx8 apic sep mtrr pge mca cmov pat pse36 clflush dts acpi mmx fxsr sse sse2 ss ht tm pbe syscall nx pdpe1gb rdtscp lm constant_tsc arch_perfmon pebs bts rep_good nopl xtopology nonstop_tsc aperfmperf eagerfpu pni pclmulqdq dtes64 monitor ds_cpl vmx smx est tm2 ssse3 sdbg fma cx16 xtpr pdcm pcid dca sse4_1 sse4_2 x2apic movbe popcnt tsc_deadline_timer aes xsave avx f16c rdrand lahf_lm abm epb intel_ppin ssbd ibrs ibpb stibp tpr_shadow vnmi flexpriority ept vpid fsgsbase tsc_adjust bmi1 avx2 smep bmi2 erms invpcid cqm xsaveopt cqm_llc cqm_occup_llc dtherm ida arat pln pts md_clear spec_ctrl intel_stibp flush_l1d
bogomips	: 4788.55
clflush size	: 64
cache_alignment	: 64
address sizes	: 46 bits physical, 48 bits virtual
power management:

processor	: 1
vendor_id	: GenuineIntel
cpu family	: 6
model		: 63
model name	: Intel(R) Xeon(R) CPU E5-2630 v3 @ 2.40GHz
stepping	: 2
microcode	: 0x43
cpu MHz		: 1289.208
cache size	: 20480 KB
physical id	: 0
siblings	: 16
core id		: 1
cpu cores	: 8
apicid		: 2
initial apicid	: 2
fpu		: yes
fpu_exception	: yes
cpuid level	: 15
wp		: yes
flags		: fpu vme de pse tsc msr pae mce cx8 apic sep mtrr pge mca cmov pat pse36 clflush dts acpi mmx fxsr sse sse2 ss ht tm pbe syscall nx pdpe1gb rdtscp lm constant_tsc arch_perfmon pebs bts rep_good nopl xtopology nonstop_tsc aperfmperf eagerfpu pni pclmulqdq dtes64 monitor ds_cpl vmx smx est tm2 ssse3 sdbg fma cx16 xtpr pdcm pcid dca sse4_1 sse4_2 x2apic movbe popcnt tsc_deadline_timer aes xsave avx f16c rdrand lahf_lm abm epb intel_ppin ssbd ibrs ibpb stibp tpr_shadow vnmi flexpriority ept vpid fsgsbase tsc_adjust bmi1 avx2 smep bmi2 erms invpcid cqm xsaveopt cqm_llc cqm_occup_llc dtherm ida arat pln pts md_clear spec_ctrl intel_stibp flush_l1d
bogomips	: 4788.55
clflush size	: 64
cache_alignment	: 64
address sizes	: 46 bits physical, 48 bits virtual
power management:

processor	: 2
vendor_id	: GenuineIntel
cpu family	: 6
model		: 63
model name	: Intel(R) Xeon(R) CPU E5-2630 v3 @ 2.40GHz
stepping	: 2
microcode	: 0x43
cpu MHz		: 1295.214
cache size	: 20480 KB
physical id	: 0
siblings	: 16
core id		: 2
cpu cores	: 8
apicid		: 4
initial apicid	: 4
fpu		: yes
fpu_exception	: yes
cpuid level	: 15
wp		: yes
flags		: fpu vme de pse tsc msr pae mce cx8 apic sep mtrr pge mca cmov pat pse36 clflush dts acpi mmx fxsr sse sse2 ss ht tm pbe syscall nx pdpe1gb rdtscp lm constant_tsc arch_perfmon pebs bts rep_good nopl xtopology nonstop_tsc aperfmperf eagerfpu pni pclmulqdq dtes64 monitor ds_cpl vmx smx est tm2 ssse3 sdbg fma cx16 xtpr pdcm pcid dca sse4_1 sse4_2 x2apic movbe popcnt tsc_deadline_timer aes xsave avx f16c rdrand lahf_lm abm epb intel_ppin ssbd ibrs ibpb stibp tpr_shadow vnmi flexpriority ept vpid fsgsbase tsc_adjust bmi1 avx2 smep bmi2 erms invpcid cqm xsaveopt cqm_llc cqm_occup_llc dtherm ida arat pln pts md_clear spec_ctrl intel_stibp flush_l1d
bogomips	: 4788.55
clflush size	: 64
cache_alignment	: 64
address sizes	: 46 bits physical, 48 bits virtual
power management:

processor	: 3
vendor_id	: GenuineIntel
cpu family	: 6
model		: 63
model name	: Intel(R) Xeon(R) CPU E5-2630 v3 @ 2.40GHz
stepping	: 2
microcode	: 0x43
cpu MHz		: 1200.000
cache size	: 20480 KB
physical id	: 0
siblings	: 16
core id		: 3
cpu cores	: 8
apicid		: 6
initial apicid	: 6
fpu		: yes
fpu_exception	: yes
cpuid level	: 15
wp		: yes
flags		: fpu vme de pse tsc msr pae mce cx8 apic sep mtrr pge mca cmov pat pse36 clflush dts acpi mmx fxsr sse sse2 ss ht tm pbe syscall nx pdpe1gb rdtscp lm constant_tsc arch_perfmon pebs bts rep_good nopl xtopology nonstop_tsc aperfmperf eagerfpu pni pclmulqdq dtes64 monitor ds_cpl vmx smx est tm2 ssse3 sdbg fma cx16 xtpr pdcm pcid dca sse4_1 sse4_2 x2apic movbe popcnt tsc_deadline_timer aes xsave avx f16c rdrand lahf_lm abm epb intel_ppin ssbd ibrs ibpb stibp tpr_shadow vnmi flexpriority ept vpid fsgsbase tsc_adjust bmi1 avx2 smep bmi2 erms invpcid cqm xsaveopt cqm_llc cqm_occup_llc dtherm ida arat pln pts md_clear spec_ctrl intel_stibp flush_l1d
bogomips	: 4788.55
clflush size	: 64
cache_alignment	: 64
address sizes	: 46 bits physical, 48 bits virtual
power management:

processor	: 4
vendor_id	: GenuineIntel
cpu family	: 6
model		: 63
model name	: Intel(R) Xeon(R) CPU E5-2630 v3 @ 2.40GHz
stepping	: 2
microcode	: 0x43
cpu MHz		: 1203.808
cache size	: 20480 KB
physical id	: 0
siblings	: 16
core id		: 4
cpu cores	: 8
apicid		: 8
initial apicid	: 8
fpu		: yes
fpu_exception	: yes
cpuid level	: 15
wp		: yes
flags		: fpu vme de pse tsc msr pae mce cx8 apic sep mtrr pge mca cmov pat pse36 clflush dts acpi mmx fxsr sse sse2 ss ht tm pbe syscall nx pdpe1gb rdtscp lm constant_tsc arch_perfmon pebs bts rep_good nopl xtopology nonstop_tsc aperfmperf eagerfpu pni pclmulqdq dtes64 monitor ds_cpl vmx smx est tm2 ssse3 sdbg fma cx16 xtpr pdcm pcid dca sse4_1 sse4_2 x2apic movbe popcnt tsc_deadline_timer aes xsave avx f16c rdrand lahf_lm abm epb intel_ppin ssbd ibrs ibpb stibp tpr_shadow vnmi flexpriority ept vpid fsgsbase tsc_adjust bmi1 avx2 smep bmi2 erms invpcid cqm xsaveopt cqm_llc cqm_occup_llc dtherm ida arat pln pts md_clear spec_ctrl intel_stibp flush_l1d
bogomips	: 4788.55
clflush size	: 64
cache_alignment	: 64
address sizes	: 46 bits physical, 48 bits virtual
power management:

processor	: 5
vendor_id	: GenuineIntel
cpu family	: 6
model		: 63
model name	: Intel(R) Xeon(R) CPU E5-2630 v3 @ 2.40GHz
stepping	: 2
microcode	: 0x43
cpu MHz		: 1299.462
cache size	: 20480 KB
physical id	: 0
siblings	: 16
core id		: 5
cpu cores	: 8
apicid		: 10
initial apicid	: 10
fpu		: yes
fpu_exception	: yes
cpuid level	: 15
wp		: yes
flags		: fpu vme de pse tsc msr pae mce cx8 apic sep mtrr pge mca cmov pat pse36 clflush dts acpi mmx fxsr sse sse2 ss ht tm pbe syscall nx pdpe1gb rdtscp lm constant_tsc arch_perfmon pebs bts rep_good nopl xtopology nonstop_tsc aperfmperf eagerfpu pni pclmulqdq dtes64 monitor ds_cpl vmx smx est tm2 ssse3 sdbg fma cx16 xtpr pdcm pcid dca sse4_1 sse4_2 x2apic movbe popcnt tsc_deadline_timer aes xsave avx f16c rdrand lahf_lm abm epb intel_ppin ssbd ibrs ibpb stibp tpr_shadow vnmi flexpriority ept vpid fsgsbase tsc_adjust bmi1 avx2 smep bmi2 erms invpcid cqm xsaveopt cqm_llc cqm_occup_llc dtherm ida arat pln pts md_clear spec_ctrl intel_stibp flush_l1d
bogomips	: 4788.55
clflush size	: 64
cache_alignment	: 64
address sizes	: 46 bits physical, 48 bits virtual
power management:

processor	: 6
vendor_id	: GenuineIntel
cpu family	: 6
model		: 63
model name	: Intel(R) Xeon(R) CPU E5-2630 v3 @ 2.40GHz
stepping	: 2
microcode	: 0x43
cpu MHz		: 1295.507
cache size	: 20480 KB
physical id	: 0
siblings	: 16
core id		: 6
cpu cores	: 8
apicid		: 12
initial apicid	: 12
fpu		: yes
fpu_exception	: yes
cpuid level	: 15
wp		: yes
flags		: fpu vme de pse tsc msr pae mce cx8 apic sep mtrr pge mca cmov pat pse36 clflush dts acpi mmx fxsr sse sse2 ss ht tm pbe syscall nx pdpe1gb rdtscp lm constant_tsc arch_perfmon pebs bts rep_good nopl xtopology nonstop_tsc aperfmperf eagerfpu pni pclmulqdq dtes64 monitor ds_cpl vmx smx est tm2 ssse3 sdbg fma cx16 xtpr pdcm pcid dca sse4_1 sse4_2 x2apic movbe popcnt tsc_deadline_timer aes xsave avx f16c rdrand lahf_lm abm epb intel_ppin ssbd ibrs ibpb stibp tpr_shadow vnmi flexpriority ept vpid fsgsbase tsc_adjust bmi1 avx2 smep bmi2 erms invpcid cqm xsaveopt cqm_llc cqm_occup_llc dtherm ida arat pln pts md_clear spec_ctrl intel_stibp flush_l1d
bogomips	: 4788.55
clflush size	: 64
cache_alignment	: 64
address sizes	: 46 bits physical, 48 bits virtual
power management:

processor	: 7
vendor_id	: GenuineIntel
cpu family	: 6
model		: 63
model name	: Intel(R) Xeon(R) CPU E5-2630 v3 @ 2.40GHz
stepping	: 2
microcode	: 0x43
cpu MHz		: 1781.542
cache size	: 20480 KB
physical id	: 0
siblings	: 16
core id		: 7
cpu cores	: 8
apicid		: 14
initial apicid	: 14
fpu		: yes
fpu_exception	: yes
cpuid level	: 15
wp		: yes
flags		: fpu vme de pse tsc msr pae mce cx8 apic sep mtrr pge mca cmov pat pse36 clflush dts acpi mmx fxsr sse sse2 ss ht tm pbe syscall nx pdpe1gb rdtscp lm constant_tsc arch_perfmon pebs bts rep_good nopl xtopology nonstop_tsc aperfmperf eagerfpu pni pclmulqdq dtes64 monitor ds_cpl vmx smx est tm2 ssse3 sdbg fma cx16 xtpr pdcm pcid dca sse4_1 sse4_2 x2apic movbe popcnt tsc_deadline_timer aes xsave avx f16c rdrand lahf_lm abm epb intel_ppin ssbd ibrs ibpb stibp tpr_shadow vnmi flexpriority ept vpid fsgsbase tsc_adjust bmi1 avx2 smep bmi2 erms invpcid cqm xsaveopt cqm_llc cqm_occup_llc dtherm ida arat pln pts md_clear spec_ctrl intel_stibp flush_l1d
bogomips	: 4788.55
clflush size	: 64
cache_alignment	: 64
address sizes	: 46 bits physical, 48 bits virtual
power management:

processor	: 8
vendor_id	: GenuineIntel
cpu family	: 6
model		: 63
model name	: Intel(R) Xeon(R) CPU E5-2630 v3 @ 2.40GHz
stepping	: 2
microcode	: 0x43
cpu MHz		: 1373.437
cache size	: 20480 KB
physical id	: 1
siblings	: 16
core id		: 0
cpu cores	: 8
apicid		: 16
initial apicid	: 16
fpu		: yes
fpu_exception	: yes
cpuid level	: 15
wp		: yes
flags		: fpu vme de pse tsc msr pae mce cx8 apic sep mtrr pge mca cmov pat pse36 clflush dts acpi mmx fxsr sse sse2 ss ht tm pbe syscall nx pdpe1gb rdtscp lm constant_tsc arch_perfmon pebs bts rep_good nopl xtopology nonstop_tsc aperfmperf eagerfpu pni pclmulqdq dtes64 monitor ds_cpl vmx smx est tm2 ssse3 sdbg fma cx16 xtpr pdcm pcid dca sse4_1 sse4_2 x2apic movbe popcnt tsc_deadline_timer aes xsave avx f16c rdrand lahf_lm abm epb intel_ppin ssbd ibrs ibpb stibp tpr_shadow vnmi flexpriority ept vpid fsgsbase tsc_adjust bmi1 avx2 smep bmi2 erms invpcid cqm xsaveopt cqm_llc cqm_occup_llc dtherm ida arat pln pts md_clear spec_ctrl intel_stibp flush_l1d
bogomips	: 4794.34
clflush size	: 64
cache_alignment	: 64
address sizes	: 46 bits physical, 48 bits virtual
power management:

processor	: 9
vendor_id	: GenuineIntel
cpu family	: 6
model		: 63
model name	: Intel(R) Xeon(R) CPU E5-2630 v3 @ 2.40GHz
stepping	: 2
microcode	: 0x43
cpu MHz		: 1500.000
cache size	: 20480 KB
physical id	: 1
siblings	: 16
core id		: 1
cpu cores	: 8
apicid		: 18
initial apicid	: 18
fpu		: yes
fpu_exception	: yes
cpuid level	: 15
wp		: yes
flags		: fpu vme de pse tsc msr pae mce cx8 apic sep mtrr pge mca cmov pat pse36 clflush dts acpi mmx fxsr sse sse2 ss ht tm pbe syscall nx pdpe1gb rdtscp lm constant_tsc arch_perfmon pebs bts rep_good nopl xtopology nonstop_tsc aperfmperf eagerfpu pni pclmulqdq dtes64 monitor ds_cpl vmx smx est tm2 ssse3 sdbg fma cx16 xtpr pdcm pcid dca sse4_1 sse4_2 x2apic movbe popcnt tsc_deadline_timer aes xsave avx f16c rdrand lahf_lm abm epb intel_ppin ssbd ibrs ibpb stibp tpr_shadow vnmi flexpriority ept vpid fsgsbase tsc_adjust bmi1 avx2 smep bmi2 erms invpcid cqm xsaveopt cqm_llc cqm_occup_llc dtherm ida arat pln pts md_clear spec_ctrl intel_stibp flush_l1d
bogomips	: 4794.34
clflush size	: 64
cache_alignment	: 64
address sizes	: 46 bits physical, 48 bits virtual
power management:

processor	: 10
vendor_id	: GenuineIntel
cpu family	: 6
model		: 63
model name	: Intel(R) Xeon(R) CPU E5-2630 v3 @ 2.40GHz
stepping	: 2
microcode	: 0x43
cpu MHz		: 1659.960
cache size	: 20480 KB
physical id	: 1
siblings	: 16
core id		: 2
cpu cores	: 8
apicid		: 20
initial apicid	: 20
fpu		: yes
fpu_exception	: yes
cpuid level	: 15
wp		: yes
flags		: fpu vme de pse tsc msr pae mce cx8 apic sep mtrr pge mca cmov pat pse36 clflush dts acpi mmx fxsr sse sse2 ss ht tm pbe syscall nx pdpe1gb rdtscp lm constant_tsc arch_perfmon pebs bts rep_good nopl xtopology nonstop_tsc aperfmperf eagerfpu pni pclmulqdq dtes64 monitor ds_cpl vmx smx est tm2 ssse3 sdbg fma cx16 xtpr pdcm pcid dca sse4_1 sse4_2 x2apic movbe popcnt tsc_deadline_timer aes xsave avx f16c rdrand lahf_lm abm epb intel_ppin ssbd ibrs ibpb stibp tpr_shadow vnmi flexpriority ept vpid fsgsbase tsc_adjust bmi1 avx2 smep bmi2 erms invpcid cqm xsaveopt cqm_llc cqm_occup_llc dtherm ida arat pln pts md_clear spec_ctrl intel_stibp flush_l1d
bogomips	: 4794.34
clflush size	: 64
cache_alignment	: 64
address sizes	: 46 bits physical, 48 bits virtual
power management:

processor	: 11
vendor_id	: GenuineIntel
cpu family	: 6
model		: 63
model name	: Intel(R) Xeon(R) CPU E5-2630 v3 @ 2.40GHz
stepping	: 2
microcode	: 0x43
cpu MHz		: 2399.853
cache size	: 20480 KB
physical id	: 1
siblings	: 16
core id		: 3
cpu cores	: 8
apicid		: 22
initial apicid	: 22
fpu		: yes
fpu_exception	: yes
cpuid level	: 15
wp		: yes
flags		: fpu vme de pse tsc msr pae mce cx8 apic sep mtrr pge mca cmov pat pse36 clflush dts acpi mmx fxsr sse sse2 ss ht tm pbe syscall nx pdpe1gb rdtscp lm constant_tsc arch_perfmon pebs bts rep_good nopl xtopology nonstop_tsc aperfmperf eagerfpu pni pclmulqdq dtes64 monitor ds_cpl vmx smx est tm2 ssse3 sdbg fma cx16 xtpr pdcm pcid dca sse4_1 sse4_2 x2apic movbe popcnt tsc_deadline_timer aes xsave avx f16c rdrand lahf_lm abm epb intel_ppin ssbd ibrs ibpb stibp tpr_shadow vnmi flexpriority ept vpid fsgsbase tsc_adjust bmi1 avx2 smep bmi2 erms invpcid cqm xsaveopt cqm_llc cqm_occup_llc dtherm ida arat pln pts md_clear spec_ctrl intel_stibp flush_l1d
bogomips	: 4794.34
clflush size	: 64
cache_alignment	: 64
address sizes	: 46 bits physical, 48 bits virtual
power management:

processor	: 12
vendor_id	: GenuineIntel
cpu family	: 6
model		: 63
model name	: Intel(R) Xeon(R) CPU E5-2630 v3 @ 2.40GHz
stepping	: 2
microcode	: 0x43
cpu MHz		: 2665.869
cache size	: 20480 KB
physical id	: 1
siblings	: 16
core id		: 4
cpu cores	: 8
apicid		: 24
initial apicid	: 24
fpu		: yes
fpu_exception	: yes
cpuid level	: 15
wp		: yes
flags		: fpu vme de pse tsc msr pae mce cx8 apic sep mtrr pge mca cmov pat pse36 clflush dts acpi mmx fxsr sse sse2 ss ht tm pbe syscall nx pdpe1gb rdtscp lm constant_tsc arch_perfmon pebs bts rep_good nopl xtopology nonstop_tsc aperfmperf eagerfpu pni pclmulqdq dtes64 monitor ds_cpl vmx smx est tm2 ssse3 sdbg fma cx16 xtpr pdcm pcid dca sse4_1 sse4_2 x2apic movbe popcnt tsc_deadline_timer aes xsave avx f16c rdrand lahf_lm abm epb intel_ppin ssbd ibrs ibpb stibp tpr_shadow vnmi flexpriority ept vpid fsgsbase tsc_adjust bmi1 avx2 smep bmi2 erms invpcid cqm xsaveopt cqm_llc cqm_occup_llc dtherm ida arat pln pts md_clear spec_ctrl intel_stibp flush_l1d
bogomips	: 4794.34
clflush size	: 64
cache_alignment	: 64
address sizes	: 46 bits physical, 48 bits virtual
power management:

processor	: 13
vendor_id	: GenuineIntel
cpu family	: 6
model		: 63
model name	: Intel(R) Xeon(R) CPU E5-2630 v3 @ 2.40GHz
stepping	: 2
microcode	: 0x43
cpu MHz		: 2599.951
cache size	: 20480 KB
physical id	: 1
siblings	: 16
core id		: 5
cpu cores	: 8
apicid		: 26
initial apicid	: 26
fpu		: yes
fpu_exception	: yes
cpuid level	: 15
wp		: yes
flags		: fpu vme de pse tsc msr pae mce cx8 apic sep mtrr pge mca cmov pat pse36 clflush dts acpi mmx fxsr sse sse2 ss ht tm pbe syscall nx pdpe1gb rdtscp lm constant_tsc arch_perfmon pebs bts rep_good nopl xtopology nonstop_tsc aperfmperf eagerfpu pni pclmulqdq dtes64 monitor ds_cpl vmx smx est tm2 ssse3 sdbg fma cx16 xtpr pdcm pcid dca sse4_1 sse4_2 x2apic movbe popcnt tsc_deadline_timer aes xsave avx f16c rdrand lahf_lm abm epb intel_ppin ssbd ibrs ibpb stibp tpr_shadow vnmi flexpriority ept vpid fsgsbase tsc_adjust bmi1 avx2 smep bmi2 erms invpcid cqm xsaveopt cqm_llc cqm_occup_llc dtherm ida arat pln pts md_clear spec_ctrl intel_stibp flush_l1d
bogomips	: 4794.34
clflush size	: 64
cache_alignment	: 64
address sizes	: 46 bits physical, 48 bits virtual
power management:

processor	: 14
vendor_id	: GenuineIntel
cpu family	: 6
model		: 63
model name	: Intel(R) Xeon(R) CPU E5-2630 v3 @ 2.40GHz
stepping	: 2
microcode	: 0x43
cpu MHz		: 1638.134
cache size	: 20480 KB
physical id	: 1
siblings	: 16
core id		: 6
cpu cores	: 8
apicid		: 28
initial apicid	: 28
fpu		: yes
fpu_exception	: yes
cpuid level	: 15
wp		: yes
flags		: fpu vme de pse tsc msr pae mce cx8 apic sep mtrr pge mca cmov pat pse36 clflush dts acpi mmx fxsr sse sse2 ss ht tm pbe syscall nx pdpe1gb rdtscp lm constant_tsc arch_perfmon pebs bts rep_good nopl xtopology nonstop_tsc aperfmperf eagerfpu pni pclmulqdq dtes64 monitor ds_cpl vmx smx est tm2 ssse3 sdbg fma cx16 xtpr pdcm pcid dca sse4_1 sse4_2 x2apic movbe popcnt tsc_deadline_timer aes xsave avx f16c rdrand lahf_lm abm epb intel_ppin ssbd ibrs ibpb stibp tpr_shadow vnmi flexpriority ept vpid fsgsbase tsc_adjust bmi1 avx2 smep bmi2 erms invpcid cqm xsaveopt cqm_llc cqm_occup_llc dtherm ida arat pln pts md_clear spec_ctrl intel_stibp flush_l1d
bogomips	: 4794.34
clflush size	: 64
cache_alignment	: 64
address sizes	: 46 bits physical, 48 bits virtual
power management:

processor	: 15
vendor_id	: GenuineIntel
cpu family	: 6
model		: 63
model name	: Intel(R) Xeon(R) CPU E5-2630 v3 @ 2.40GHz
stepping	: 2
microcode	: 0x43
cpu MHz		: 2396.777
cache size	: 20480 KB
physical id	: 1
siblings	: 16
core id		: 7
cpu cores	: 8
apicid		: 30
initial apicid	: 30
fpu		: yes
fpu_exception	: yes
cpuid level	: 15
wp		: yes
flags		: fpu vme de pse tsc msr pae mce cx8 apic sep mtrr pge mca cmov pat pse36 clflush dts acpi mmx fxsr sse sse2 ss ht tm pbe syscall nx pdpe1gb rdtscp lm constant_tsc arch_perfmon pebs bts rep_good nopl xtopology nonstop_tsc aperfmperf eagerfpu pni pclmulqdq dtes64 monitor ds_cpl vmx smx est tm2 ssse3 sdbg fma cx16 xtpr pdcm pcid dca sse4_1 sse4_2 x2apic movbe popcnt tsc_deadline_timer aes xsave avx f16c rdrand lahf_lm abm epb intel_ppin ssbd ibrs ibpb stibp tpr_shadow vnmi flexpriority ept vpid fsgsbase tsc_adjust bmi1 avx2 smep bmi2 erms invpcid cqm xsaveopt cqm_llc cqm_occup_llc dtherm ida arat pln pts md_clear spec_ctrl intel_stibp flush_l1d
bogomips	: 4794.34
clflush size	: 64
cache_alignment	: 64
address sizes	: 46 bits physical, 48 bits virtual
power management:

processor	: 16
vendor_id	: GenuineIntel
cpu family	: 6
model		: 63
model name	: Intel(R) Xeon(R) CPU E5-2630 v3 @ 2.40GHz
stepping	: 2
microcode	: 0x43
cpu MHz		: 1882.470
cache size	: 20480 KB
physical id	: 0
siblings	: 16
core id		: 0
cpu cores	: 8
apicid		: 1
initial apicid	: 1
fpu		: yes
fpu_exception	: yes
cpuid level	: 15
wp		: yes
flags		: fpu vme de pse tsc msr pae mce cx8 apic sep mtrr pge mca cmov pat pse36 clflush dts acpi mmx fxsr sse sse2 ss ht tm pbe syscall nx pdpe1gb rdtscp lm constant_tsc arch_perfmon pebs bts rep_good nopl xtopology nonstop_tsc aperfmperf eagerfpu pni pclmulqdq dtes64 monitor ds_cpl vmx smx est tm2 ssse3 sdbg fma cx16 xtpr pdcm pcid dca sse4_1 sse4_2 x2apic movbe popcnt tsc_deadline_timer aes xsave avx f16c rdrand lahf_lm abm epb intel_ppin ssbd ibrs ibpb stibp tpr_shadow vnmi flexpriority ept vpid fsgsbase tsc_adjust bmi1 avx2 smep bmi2 erms invpcid cqm xsaveopt cqm_llc cqm_occup_llc dtherm ida arat pln pts md_clear spec_ctrl intel_stibp flush_l1d
bogomips	: 4788.55
clflush size	: 64
cache_alignment	: 64
address sizes	: 46 bits physical, 48 bits virtual
power management:

processor	: 17
vendor_id	: GenuineIntel
cpu family	: 6
model		: 63
model name	: Intel(R) Xeon(R) CPU E5-2630 v3 @ 2.40GHz
stepping	: 2
microcode	: 0x43
cpu MHz		: 1299.316
cache size	: 20480 KB
physical id	: 0
siblings	: 16
core id		: 1
cpu cores	: 8
apicid		: 3
initial apicid	: 3
fpu		: yes
fpu_exception	: yes
cpuid level	: 15
wp		: yes
flags		: fpu vme de pse tsc msr pae mce cx8 apic sep mtrr pge mca cmov pat pse36 clflush dts acpi mmx fxsr sse sse2 ss ht tm pbe syscall nx pdpe1gb rdtscp lm constant_tsc arch_perfmon pebs bts rep_good nopl xtopology nonstop_tsc aperfmperf eagerfpu pni pclmulqdq dtes64 monitor ds_cpl vmx smx est tm2 ssse3 sdbg fma cx16 xtpr pdcm pcid dca sse4_1 sse4_2 x2apic movbe popcnt tsc_deadline_timer aes xsave avx f16c rdrand lahf_lm abm epb intel_ppin ssbd ibrs ibpb stibp tpr_shadow vnmi flexpriority ept vpid fsgsbase tsc_adjust bmi1 avx2 smep bmi2 erms invpcid cqm xsaveopt cqm_llc cqm_occup_llc dtherm ida arat pln pts md_clear spec_ctrl intel_stibp flush_l1d
bogomips	: 4788.55
clflush size	: 64
cache_alignment	: 64
address sizes	: 46 bits physical, 48 bits virtual
power management:

processor	: 18
vendor_id	: GenuineIntel
cpu family	: 6
model		: 63
model name	: Intel(R) Xeon(R) CPU E5-2630 v3 @ 2.40GHz
stepping	: 2
microcode	: 0x43
cpu MHz		: 1225.341
cache size	: 20480 KB
physical id	: 0
siblings	: 16
core id		: 2
cpu cores	: 8
apicid		: 5
initial apicid	: 5
fpu		: yes
fpu_exception	: yes
cpuid level	: 15
wp		: yes
flags		: fpu vme de pse tsc msr pae mce cx8 apic sep mtrr pge mca cmov pat pse36 clflush dts acpi mmx fxsr sse sse2 ss ht tm pbe syscall nx pdpe1gb rdtscp lm constant_tsc arch_perfmon pebs bts rep_good nopl xtopology nonstop_tsc aperfmperf eagerfpu pni pclmulqdq dtes64 monitor ds_cpl vmx smx est tm2 ssse3 sdbg fma cx16 xtpr pdcm pcid dca sse4_1 sse4_2 x2apic movbe popcnt tsc_deadline_timer aes xsave avx f16c rdrand lahf_lm abm epb intel_ppin ssbd ibrs ibpb stibp tpr_shadow vnmi flexpriority ept vpid fsgsbase tsc_adjust bmi1 avx2 smep bmi2 erms invpcid cqm xsaveopt cqm_llc cqm_occup_llc dtherm ida arat pln pts md_clear spec_ctrl intel_stibp flush_l1d
bogomips	: 4788.55
clflush size	: 64
cache_alignment	: 64
address sizes	: 46 bits physical, 48 bits virtual
power management:

processor	: 19
vendor_id	: GenuineIntel
cpu family	: 6
model		: 63
model name	: Intel(R) Xeon(R) CPU E5-2630 v3 @ 2.40GHz
stepping	: 2
microcode	: 0x43
cpu MHz		: 1244.531
cache size	: 20480 KB
physical id	: 0
siblings	: 16
core id		: 3
cpu cores	: 8
apicid		: 7
initial apicid	: 7
fpu		: yes
fpu_exception	: yes
cpuid level	: 15
wp		: yes
flags		: fpu vme de pse tsc msr pae mce cx8 apic sep mtrr pge mca cmov pat pse36 clflush dts acpi mmx fxsr sse sse2 ss ht tm pbe syscall nx pdpe1gb rdtscp lm constant_tsc arch_perfmon pebs bts rep_good nopl xtopology nonstop_tsc aperfmperf eagerfpu pni pclmulqdq dtes64 monitor ds_cpl vmx smx est tm2 ssse3 sdbg fma cx16 xtpr pdcm pcid dca sse4_1 sse4_2 x2apic movbe popcnt tsc_deadline_timer aes xsave avx f16c rdrand lahf_lm abm epb intel_ppin ssbd ibrs ibpb stibp tpr_shadow vnmi flexpriority ept vpid fsgsbase tsc_adjust bmi1 avx2 smep bmi2 erms invpcid cqm xsaveopt cqm_llc cqm_occup_llc dtherm ida arat pln pts md_clear spec_ctrl intel_stibp flush_l1d
bogomips	: 4788.55
clflush size	: 64
cache_alignment	: 64
address sizes	: 46 bits physical, 48 bits virtual
power management:

processor	: 20
vendor_id	: GenuineIntel
cpu family	: 6
model		: 63
model name	: Intel(R) Xeon(R) CPU E5-2630 v3 @ 2.40GHz
stepping	: 2
microcode	: 0x43
cpu MHz		: 1264.306
cache size	: 20480 KB
physical id	: 0
siblings	: 16
core id		: 4
cpu cores	: 8
apicid		: 9
initial apicid	: 9
fpu		: yes
fpu_exception	: yes
cpuid level	: 15
wp		: yes
flags		: fpu vme de pse tsc msr pae mce cx8 apic sep mtrr pge mca cmov pat pse36 clflush dts acpi mmx fxsr sse sse2 ss ht tm pbe syscall nx pdpe1gb rdtscp lm constant_tsc arch_perfmon pebs bts rep_good nopl xtopology nonstop_tsc aperfmperf eagerfpu pni pclmulqdq dtes64 monitor ds_cpl vmx smx est tm2 ssse3 sdbg fma cx16 xtpr pdcm pcid dca sse4_1 sse4_2 x2apic movbe popcnt tsc_deadline_timer aes xsave avx f16c rdrand lahf_lm abm epb intel_ppin ssbd ibrs ibpb stibp tpr_shadow vnmi flexpriority ept vpid fsgsbase tsc_adjust bmi1 avx2 smep bmi2 erms invpcid cqm xsaveopt cqm_llc cqm_occup_llc dtherm ida arat pln pts md_clear spec_ctrl intel_stibp flush_l1d
bogomips	: 4788.55
clflush size	: 64
cache_alignment	: 64
address sizes	: 46 bits physical, 48 bits virtual
power management:

processor	: 21
vendor_id	: GenuineIntel
cpu family	: 6
model		: 63
model name	: Intel(R) Xeon(R) CPU E5-2630 v3 @ 2.40GHz
stepping	: 2
microcode	: 0x43
cpu MHz		: 1221.679
cache size	: 20480 KB
physical id	: 0
siblings	: 16
core id		: 5
cpu cores	: 8
apicid		: 11
initial apicid	: 11
fpu		: yes
fpu_exception	: yes
cpuid level	: 15
wp		: yes
flags		: fpu vme de pse tsc msr pae mce cx8 apic sep mtrr pge mca cmov pat pse36 clflush dts acpi mmx fxsr sse sse2 ss ht tm pbe syscall nx pdpe1gb rdtscp lm constant_tsc arch_perfmon pebs bts rep_good nopl xtopology nonstop_tsc aperfmperf eagerfpu pni pclmulqdq dtes64 monitor ds_cpl vmx smx est tm2 ssse3 sdbg fma cx16 xtpr pdcm pcid dca sse4_1 sse4_2 x2apic movbe popcnt tsc_deadline_timer aes xsave avx f16c rdrand lahf_lm abm epb intel_ppin ssbd ibrs ibpb stibp tpr_shadow vnmi flexpriority ept vpid fsgsbase tsc_adjust bmi1 avx2 smep bmi2 erms invpcid cqm xsaveopt cqm_llc cqm_occup_llc dtherm ida arat pln pts md_clear spec_ctrl intel_stibp flush_l1d
bogomips	: 4788.55
clflush size	: 64
cache_alignment	: 64
address sizes	: 46 bits physical, 48 bits virtual
power management:

processor	: 22
vendor_id	: GenuineIntel
cpu family	: 6
model		: 63
model name	: Intel(R) Xeon(R) CPU E5-2630 v3 @ 2.40GHz
stepping	: 2
microcode	: 0x43
cpu MHz		: 1218.896
cache size	: 20480 KB
physical id	: 0
siblings	: 16
core id		: 6
cpu cores	: 8
apicid		: 13
initial apicid	: 13
fpu		: yes
fpu_exception	: yes
cpuid level	: 15
wp		: yes
flags		: fpu vme de pse tsc msr pae mce cx8 apic sep mtrr pge mca cmov pat pse36 clflush dts acpi mmx fxsr sse sse2 ss ht tm pbe syscall nx pdpe1gb rdtscp lm constant_tsc arch_perfmon pebs bts rep_good nopl xtopology nonstop_tsc aperfmperf eagerfpu pni pclmulqdq dtes64 monitor ds_cpl vmx smx est tm2 ssse3 sdbg fma cx16 xtpr pdcm pcid dca sse4_1 sse4_2 x2apic movbe popcnt tsc_deadline_timer aes xsave avx f16c rdrand lahf_lm abm epb intel_ppin ssbd ibrs ibpb stibp tpr_shadow vnmi flexpriority ept vpid fsgsbase tsc_adjust bmi1 avx2 smep bmi2 erms invpcid cqm xsaveopt cqm_llc cqm_occup_llc dtherm ida arat pln pts md_clear spec_ctrl intel_stibp flush_l1d
bogomips	: 4788.55
clflush size	: 64
cache_alignment	: 64
address sizes	: 46 bits physical, 48 bits virtual
power management:

processor	: 23
vendor_id	: GenuineIntel
cpu family	: 6
model		: 63
model name	: Intel(R) Xeon(R) CPU E5-2630 v3 @ 2.40GHz
stepping	: 2
microcode	: 0x43
cpu MHz		: 1799.853
cache size	: 20480 KB
physical id	: 0
siblings	: 16
core id		: 7
cpu cores	: 8
apicid		: 15
initial apicid	: 15
fpu		: yes
fpu_exception	: yes
cpuid level	: 15
wp		: yes
flags		: fpu vme de pse tsc msr pae mce cx8 apic sep mtrr pge mca cmov pat pse36 clflush dts acpi mmx fxsr sse sse2 ss ht tm pbe syscall nx pdpe1gb rdtscp lm constant_tsc arch_perfmon pebs bts rep_good nopl xtopology nonstop_tsc aperfmperf eagerfpu pni pclmulqdq dtes64 monitor ds_cpl vmx smx est tm2 ssse3 sdbg fma cx16 xtpr pdcm pcid dca sse4_1 sse4_2 x2apic movbe popcnt tsc_deadline_timer aes xsave avx f16c rdrand lahf_lm abm epb intel_ppin ssbd ibrs ibpb stibp tpr_shadow vnmi flexpriority ept vpid fsgsbase tsc_adjust bmi1 avx2 smep bmi2 erms invpcid cqm xsaveopt cqm_llc cqm_occup_llc dtherm ida arat pln pts md_clear spec_ctrl intel_stibp flush_l1d
bogomips	: 4788.55
clflush size	: 64
cache_alignment	: 64
address sizes	: 46 bits physical, 48 bits virtual
power management:

processor	: 24
vendor_id	: GenuineIntel
cpu family	: 6
model		: 63
model name	: Intel(R) Xeon(R) CPU E5-2630 v3 @ 2.40GHz
stepping	: 2
microcode	: 0x43
cpu MHz		: 1387.207
cache size	: 20480 KB
physical id	: 1
siblings	: 16
core id		: 0
cpu cores	: 8
apicid		: 17
initial apicid	: 17
fpu		: yes
fpu_exception	: yes
cpuid level	: 15
wp		: yes
flags		: fpu vme de pse tsc msr pae mce cx8 apic sep mtrr pge mca cmov pat pse36 clflush dts acpi mmx fxsr sse sse2 ss ht tm pbe syscall nx pdpe1gb rdtscp lm constant_tsc arch_perfmon pebs bts rep_good nopl xtopology nonstop_tsc aperfmperf eagerfpu pni pclmulqdq dtes64 monitor ds_cpl vmx smx est tm2 ssse3 sdbg fma cx16 xtpr pdcm pcid dca sse4_1 sse4_2 x2apic movbe popcnt tsc_deadline_timer aes xsave avx f16c rdrand lahf_lm abm epb intel_ppin ssbd ibrs ibpb stibp tpr_shadow vnmi flexpriority ept vpid fsgsbase tsc_adjust bmi1 avx2 smep bmi2 erms invpcid cqm xsaveopt cqm_llc cqm_occup_llc dtherm ida arat pln pts md_clear spec_ctrl intel_stibp flush_l1d
bogomips	: 4794.34
clflush size	: 64
cache_alignment	: 64
address sizes	: 46 bits physical, 48 bits virtual
power management:

processor	: 25
vendor_id	: GenuineIntel
cpu family	: 6
model		: 63
model name	: Intel(R) Xeon(R) CPU E5-2630 v3 @ 2.40GHz
stepping	: 2
microcode	: 0x43
cpu MHz		: 1518.310
cache size	: 20480 KB
physical id	: 1
siblings	: 16
core id		: 1
cpu cores	: 8
apicid		: 19
initial apicid	: 19
fpu		: yes
fpu_exception	: yes
cpuid level	: 15
wp		: yes
flags		: fpu vme de pse tsc msr pae mce cx8 apic sep mtrr pge mca cmov pat pse36 clflush dts acpi mmx fxsr sse sse2 ss ht tm pbe syscall nx pdpe1gb rdtscp lm constant_tsc arch_perfmon pebs bts rep_good nopl xtopology nonstop_tsc aperfmperf eagerfpu pni pclmulqdq dtes64 monitor ds_cpl vmx smx est tm2 ssse3 sdbg fma cx16 xtpr pdcm pcid dca sse4_1 sse4_2 x2apic movbe popcnt tsc_deadline_timer aes xsave avx f16c rdrand lahf_lm abm epb intel_ppin ssbd ibrs ibpb stibp tpr_shadow vnmi flexpriority ept vpid fsgsbase tsc_adjust bmi1 avx2 smep bmi2 erms invpcid cqm xsaveopt cqm_llc cqm_occup_llc dtherm ida arat pln pts md_clear spec_ctrl intel_stibp flush_l1d
bogomips	: 4794.34
clflush size	: 64
cache_alignment	: 64
address sizes	: 46 bits physical, 48 bits virtual
power management:

processor	: 26
vendor_id	: GenuineIntel
cpu family	: 6
model		: 63
model name	: Intel(R) Xeon(R) CPU E5-2630 v3 @ 2.40GHz
stepping	: 2
microcode	: 0x43
cpu MHz		: 1610.888
cache size	: 20480 KB
physical id	: 1
siblings	: 16
core id		: 2
cpu cores	: 8
apicid		: 21
initial apicid	: 21
fpu		: yes
fpu_exception	: yes
cpuid level	: 15
wp		: yes
flags		: fpu vme de pse tsc msr pae mce cx8 apic sep mtrr pge mca cmov pat pse36 clflush dts acpi mmx fxsr sse sse2 ss ht tm pbe syscall nx pdpe1gb rdtscp lm constant_tsc arch_perfmon pebs bts rep_good nopl xtopology nonstop_tsc aperfmperf eagerfpu pni pclmulqdq dtes64 monitor ds_cpl vmx smx est tm2 ssse3 sdbg fma cx16 xtpr pdcm pcid dca sse4_1 sse4_2 x2apic movbe popcnt tsc_deadline_timer aes xsave avx f16c rdrand lahf_lm abm epb intel_ppin ssbd ibrs ibpb stibp tpr_shadow vnmi flexpriority ept vpid fsgsbase tsc_adjust bmi1 avx2 smep bmi2 erms invpcid cqm xsaveopt cqm_llc cqm_occup_llc dtherm ida arat pln pts md_clear spec_ctrl intel_stibp flush_l1d
bogomips	: 4794.34
clflush size	: 64
cache_alignment	: 64
address sizes	: 46 bits physical, 48 bits virtual
power management:

processor	: 27
vendor_id	: GenuineIntel
cpu family	: 6
model		: 63
model name	: Intel(R) Xeon(R) CPU E5-2630 v3 @ 2.40GHz
stepping	: 2
microcode	: 0x43
cpu MHz		: 2399.853
cache size	: 20480 KB
physical id	: 1
siblings	: 16
core id		: 3
cpu cores	: 8
apicid		: 23
initial apicid	: 23
fpu		: yes
fpu_exception	: yes
cpuid level	: 15
wp		: yes
flags		: fpu vme de pse tsc msr pae mce cx8 apic sep mtrr pge mca cmov pat pse36 clflush dts acpi mmx fxsr sse sse2 ss ht tm pbe syscall nx pdpe1gb rdtscp lm constant_tsc arch_perfmon pebs bts rep_good nopl xtopology nonstop_tsc aperfmperf eagerfpu pni pclmulqdq dtes64 monitor ds_cpl vmx smx est tm2 ssse3 sdbg fma cx16 xtpr pdcm pcid dca sse4_1 sse4_2 x2apic movbe popcnt tsc_deadline_timer aes xsave avx f16c rdrand lahf_lm abm epb intel_ppin ssbd ibrs ibpb stibp tpr_shadow vnmi flexpriority ept vpid fsgsbase tsc_adjust bmi1 avx2 smep bmi2 erms invpcid cqm xsaveopt cqm_llc cqm_occup_llc dtherm ida arat pln pts md_clear spec_ctrl intel_stibp flush_l1d
bogomips	: 4794.34
clflush size	: 64
cache_alignment	: 64
address sizes	: 46 bits physical, 48 bits virtual
power management:

processor	: 28
vendor_id	: GenuineIntel
cpu family	: 6
model		: 63
model name	: Intel(R) Xeon(R) CPU E5-2630 v3 @ 2.40GHz
stepping	: 2
microcode	: 0x43
cpu MHz		: 2610.937
cache size	: 20480 KB
physical id	: 1
siblings	: 16
core id		: 4
cpu cores	: 8
apicid		: 25
initial apicid	: 25
fpu		: yes
fpu_exception	: yes
cpuid level	: 15
wp		: yes
flags		: fpu vme de pse tsc msr pae mce cx8 apic sep mtrr pge mca cmov pat pse36 clflush dts acpi mmx fxsr sse sse2 ss ht tm pbe syscall nx pdpe1gb rdtscp lm constant_tsc arch_perfmon pebs bts rep_good nopl xtopology nonstop_tsc aperfmperf eagerfpu pni pclmulqdq dtes64 monitor ds_cpl vmx smx est tm2 ssse3 sdbg fma cx16 xtpr pdcm pcid dca sse4_1 sse4_2 x2apic movbe popcnt tsc_deadline_timer aes xsave avx f16c rdrand lahf_lm abm epb intel_ppin ssbd ibrs ibpb stibp tpr_shadow vnmi flexpriority ept vpid fsgsbase tsc_adjust bmi1 avx2 smep bmi2 erms invpcid cqm xsaveopt cqm_llc cqm_occup_llc dtherm ida arat pln pts md_clear spec_ctrl intel_stibp flush_l1d
bogomips	: 4794.34
clflush size	: 64
cache_alignment	: 64
address sizes	: 46 bits physical, 48 bits virtual
power management:

processor	: 29
vendor_id	: GenuineIntel
cpu family	: 6
model		: 63
model name	: Intel(R) Xeon(R) CPU E5-2630 v3 @ 2.40GHz
stepping	: 2
microcode	: 0x43
cpu MHz		: 2603.320
cache size	: 20480 KB
physical id	: 1
siblings	: 16
core id		: 5
cpu cores	: 8
apicid		: 27
initial apicid	: 27
fpu		: yes
fpu_exception	: yes
cpuid level	: 15
wp		: yes
flags		: fpu vme de pse tsc msr pae mce cx8 apic sep mtrr pge mca cmov pat pse36 clflush dts acpi mmx fxsr sse sse2 ss ht tm pbe syscall nx pdpe1gb rdtscp lm constant_tsc arch_perfmon pebs bts rep_good nopl xtopology nonstop_tsc aperfmperf eagerfpu pni pclmulqdq dtes64 monitor ds_cpl vmx smx est tm2 ssse3 sdbg fma cx16 xtpr pdcm pcid dca sse4_1 sse4_2 x2apic movbe popcnt tsc_deadline_timer aes xsave avx f16c rdrand lahf_lm abm epb intel_ppin ssbd ibrs ibpb stibp tpr_shadow vnmi flexpriority ept vpid fsgsbase tsc_adjust bmi1 avx2 smep bmi2 erms invpcid cqm xsaveopt cqm_llc cqm_occup_llc dtherm ida arat pln pts md_clear spec_ctrl intel_stibp flush_l1d
bogomips	: 4794.34
clflush size	: 64
cache_alignment	: 64
address sizes	: 46 bits physical, 48 bits virtual
power management:

processor	: 30
vendor_id	: GenuineIntel
cpu family	: 6
model		: 63
model name	: Intel(R) Xeon(R) CPU E5-2630 v3 @ 2.40GHz
stepping	: 2
microcode	: 0x43
cpu MHz		: 1659.082
cache size	: 20480 KB
physical id	: 1
siblings	: 16
core id		: 6
cpu cores	: 8
apicid		: 29
initial apicid	: 29
fpu		: yes
fpu_exception	: yes
cpuid level	: 15
wp		: yes
flags		: fpu vme de pse tsc msr pae mce cx8 apic sep mtrr pge mca cmov pat pse36 clflush dts acpi mmx fxsr sse sse2 ss ht tm pbe syscall nx pdpe1gb rdtscp lm constant_tsc arch_perfmon pebs bts rep_good nopl xtopology nonstop_tsc aperfmperf eagerfpu pni pclmulqdq dtes64 monitor ds_cpl vmx smx est tm2 ssse3 sdbg fma cx16 xtpr pdcm pcid dca sse4_1 sse4_2 x2apic movbe popcnt tsc_deadline_timer aes xsave avx f16c rdrand lahf_lm abm epb intel_ppin ssbd ibrs ibpb stibp tpr_shadow vnmi flexpriority ept vpid fsgsbase tsc_adjust bmi1 avx2 smep bmi2 erms invpcid cqm xsaveopt cqm_llc cqm_occup_llc dtherm ida arat pln pts md_clear spec_ctrl intel_stibp flush_l1d
bogomips	: 4794.34
clflush size	: 64
cache_alignment	: 64
address sizes	: 46 bits physical, 48 bits virtual
power management:

processor	: 31
vendor_id	: GenuineIntel
cpu family	: 6
model		: 63
model name	: Intel(R) Xeon(R) CPU E5-2630 v3 @ 2.40GHz
stepping	: 2
microcode	: 0x43
cpu MHz		: 2385.205
cache size	: 20480 KB
physical id	: 1
siblings	: 16
core id		: 7
cpu cores	: 8
apicid		: 31
initial apicid	: 31
fpu		: yes
fpu_exception	: yes
cpuid level	: 15
wp		: yes
flags		: fpu vme de pse tsc msr pae mce cx8 apic sep mtrr pge mca cmov pat pse36 clflush dts acpi mmx fxsr sse sse2 ss ht tm pbe syscall nx pdpe1gb rdtscp lm constant_tsc arch_perfmon pebs bts rep_good nopl xtopology nonstop_tsc aperfmperf eagerfpu pni pclmulqdq dtes64 monitor ds_cpl vmx smx est tm2 ssse3 sdbg fma cx16 xtpr pdcm pcid dca sse4_1 sse4_2 x2apic movbe popcnt tsc_deadline_timer aes xsave avx f16c rdrand lahf_lm abm epb intel_ppin ssbd ibrs ibpb stibp tpr_shadow vnmi flexpriority ept vpid fsgsbase tsc_adjust bmi1 avx2 smep bmi2 erms invpcid cqm xsaveopt cqm_llc cqm_occup_llc dtherm ida arat pln pts md_clear spec_ctrl intel_stibp flush_l1d
bogomips	: 4794.34
clflush size	: 64
cache_alignment	: 64
address sizes	: 46 bits physical, 48 bits virtual
power management:



Memory: 4k page, physical 263864160k(714132k free), swap 0k(0k free)

vm_info: OpenJDK 64-Bit Server VM (25.212-b04) for linux-amd64 JRE (1.8.0_212-b04), built on Aug 12 2019 13:15:31 by "buildozer" with gcc 6.4.0

time: Tue Oct 15 03:01:27 2019
timezone: UTC
elapsed time: 25 seconds (0d 0h 0m 25s)

