#
# A fatal error has been detected by the Java Runtime Environment:
#
#  SIGSEGV (0xb) at pc=0x00007f47facfc810, pid=6033, tid=0x00007f47df2abae0
#
# JRE version: OpenJDK Runtime Environment (8.0_212-b04) (build 1.8.0_212-b04)
# Java VM: OpenJDK 64-Bit Server VM (25.212-b04 mixed mode linux-amd64 compressed oops)
# Derivative: IcedTea 3.12.0
# Distribution: Custom build (Mon Aug 12 12:56:32 UTC 2019)
# Problematic frame:
# C  [ld-musl-x86_64.so.1+0x53810]  pthread_setname_np+0x5e
#
# Core dump written. Default location: /workdir/hadoop-hdds/server-scm/core or core.6033
#
# If you would like to submit a bug report, please include
# instructions on how to reproduce the bug and visit:
#   https://icedtea.classpath.org/bugzilla
#

---------------  T H R E A D  ---------------

Current thread is native thread

siginfo: si_signo: 11 (SIGSEGV), si_code: 1 (SEGV_MAPERR), si_addr: 0x0000000000000038

Registers:
RAX=0x00007f47df2abae0, RBX=0x0000000000000022, RCX=0x0000000000000000, RDX=0x0000000000000000
RSP=0x00007f47df2ab680, RBP=0x0000000000000000, RSI=0x0000000000000000, RDI=0xfeff73725e73726f
R8 =0x0000000000000000, R9 =0x8080808080808080, R10=0xfefefefefefefeff, R11=0x0000000000000212
R12=0x0000565549a58a58, R13=0x000000000000000e, R14=0x00007f47df2abae0, R15=0x00007f47faf35ae8
RIP=0x00007f47facfc810, EFLAGS=0x0000000000010202, CSGSFS=0x0000000000000033, ERR=0x0000000000000004
  TRAPNO=0x000000000000000e

Top of Stack: (sp=0x00007f47df2ab680)
0x00007f47df2ab680:   0000000000000000 0000000000000000
0x00007f47df2ab690:   0000000000000000 0000000000000000
0x00007f47df2ab6a0:   0000000000000000 0000000000000000
0x00007f47df2ab6b0:   0000000000000000 0000565549c2ef80
0x00007f47df2ab6c0:   00007f47df2ab710 0000000000000000
0x00007f47df2ab6d0:   0000565549c2efc0 00007f47dec0eec9
0x00007f47df2ab6e0:   0000000000000000 000056554998a5a0
0x00007f47df2ab6f0:   0000000000000000 00007f47df2ab760
0x00007f47df2ab700:   00007f47df2abae0 00007f47faf35ae8
0x00007f47df2ab710:   0000000000000000 00007f47f9b2cf41
0x00007f47df2ab720:   0000000000000000 00007f47df2abae0
0x00007f47df2ab730:   0000000000000000 00007f47facfb6c2
0x00007f47df2ab740:   0000000000000000 0000000000000000
0x00007f47df2ab750:   0000000000017000 00007f47facfd5b1
0x00007f47df2ab760:   0000000000000002 00007f47df2abac0
0x00007f47df2ab770:   00007f47df2ab790 0000000000000000
0x00007f47df2ab780:   0000000000000000 0000000000000000
0x00007f47df2ab790:   0000000000000002 0000000000000000
0x00007f47df2ab7a0:   0000000000000000 0000000000000000
0x00007f47df2ab7b0:   0000000000000000 0000000000000000
0x00007f47df2ab7c0:   0000000000000000 0000000000000000
0x00007f47df2ab7d0:   0000000000000000 0000000000000000
0x00007f47df2ab7e0:   0000000000000000 0000000000000000
0x00007f47df2ab7f0:   0000000000000000 0000000000000000
0x00007f47df2ab800:   0000000000000000 0000000000000000
0x00007f47df2ab810:   0000000000000000 0000000000000000
0x00007f47df2ab820:   0000000000000000 0000000000000000
0x00007f47df2ab830:   0000000000000000 0000000000000000
0x00007f47df2ab840:   0000000000000000 0000000000000000
0x00007f47df2ab850:   0000000000000000 0000000000000000
0x00007f47df2ab860:   0000000000000000 0000000000000000
0x00007f47df2ab870:   0000000000000000 0000000000000000 

Instructions: (pc=0x00007f47facfc810)
0x00007f47facfc7f0:   31 d2 31 c0 4c 89 e6 bf 0f 00 00 00 e8 65 d8 fc
0x00007f47facfc800:   ff 85 c0 89 c3 74 7e e8 25 a7 fc ff 8b 18 eb 75
0x00007f47facfc810:   8b 4d 38 48 8d 5c 24 0e 48 8d 15 f2 92 03 00 be
0x00007f47facfc820:   22 00 00 00 31 c0 48 89 df e8 35 68 ff ff 48 8d 

Register to memory mapping:

RAX=0x00007f47df2abae0 is an unknown value
RBX=0x0000000000000022 is an unknown value
RCX=0x0000000000000000 is an unknown value
RDX=0x0000000000000000 is an unknown value
RSP=0x00007f47df2ab680 is an unknown value
RBP=0x0000000000000000 is an unknown value
RSI=0x0000000000000000 is an unknown value
RDI=0xfeff73725e73726f is an unknown value
R8 =0x0000000000000000 is an unknown value
R9 =0x8080808080808080 is an unknown value
R10=0xfefefefefefefeff is an unknown value
R11=0x0000000000000212 is an unknown value
R12=0x0000565549a58a58 is an unknown value
R13=0x000000000000000e is an unknown value
R14=0x00007f47df2abae0 is an unknown value
R15=0x00007f47faf35ae8: __utc+0x1fff68 in /lib/ld-musl-x86_64.so.1 at 0x00007f47faca9000


Stack: [0x00007f47df297000,0x00007f47df2ab760],  sp=0x00007f47df2ab680,  free space=81k
Native frames: (J=compiled Java code, j=interpreted, Vv=VM code, C=native code)
C  [ld-musl-x86_64.so.1+0x53810]  pthread_setname_np+0x5e

[error occurred during error reporting (printing native stack), id 0xb]


---------------  P R O C E S S  ---------------

VM state:not at safepoint (normal execution)

VM Mutex/Monitor currently owned by a thread: None

heap address: 0x0000000080000000, size: 2048 MB, Compressed Oops mode: 32-bit
Narrow klass base: 0x0000000000000000, Narrow klass shift: 3
Compressed class space size: 1073741824 Address: 0x0000000100000000

Heap:
 PSYoungGen      total 611840K, used 441772K [0x00000000d5580000, 0x0000000100000000, 0x0000000100000000)
  eden space 524800K, 80% used [0x00000000d5580000,0x00000000ef246f88,0x00000000f5600000)
  from space 87040K, 21% used [0x00000000fab00000,0x00000000fbda4390,0x0000000100000000)
  to   space 87040K, 0% used [0x00000000f5600000,0x00000000f5600000,0x00000000fab00000)
 ParOldGen       total 903680K, used 12060K [0x0000000080000000, 0x00000000b7280000, 0x00000000d5580000)
  object space 903680K, 1% used [0x0000000080000000,0x0000000080bc70a8,0x00000000b7280000)
 Metaspace       used 33157K, capacity 33802K, committed 33920K, reserved 1079296K
  class space    used 3738K, capacity 3894K, committed 3968K, reserved 1048576K

Card table byte_map: [0x00007f47e9a55000,0x00007f47e9e56000] byte_map_base: 0x00007f47e9655000

Marking Bits: (ParMarkBitMap*) 0x00007f47fa867200
 Begin Bits: [0x00007f47e55a6000, 0x00007f47e75a6000)
 End Bits:   [0x00007f47e75a6000, 0x00007f47e95a6000)

Polling page: 0x00007f47fae32000

CodeCache: size=245760Kb used=11330Kb max_used=11342Kb free=234429Kb
 bounds [0x00007f47ea216000, 0x00007f47ead46000, 0x00007f47f9216000]
 total_blobs=4939 nmethods=4390 adapters=462
 compilation: enabled

Compilation events (10 events):
Event: 26.032 Thread 0x00005655488be000 4782       4       java.util.concurrent.ConcurrentHashMap::containsKey (14 bytes)
Event: 26.032 Thread 0x00005655488cb000 4786       2       org.slf4j.helpers.FormattingTuple::<init> (20 bytes)
Event: 26.032 Thread 0x00005655488cb000 nmethod 4786 0x00007f47ea640450 code [0x00007f47ea6405a0, 0x00007f47ea640730]
Event: 26.032 Thread 0x00005655488cb000 4783       3       java.io.Reader::<init> (15 bytes)
Event: 26.032 Thread 0x00005655488cb000 nmethod 4783 0x00007f47ea72b150 code [0x00007f47ea72b2c0, 0x00007f47ea72b490]
Event: 26.032 Thread 0x00005655488cb000 4784       3       com.ctc.wstx.io.StreamBootstrapper::getNextAfterWs (122 bytes)
Event: 26.033 Thread 0x00005655488cb000 nmethod 4784 0x00007f47ead1f9d0 code [0x00007f47ead1fbc0, 0x00007f47ead20638]
Event: 26.038 Thread 0x00005655488be000 nmethod 4782 0x00007f47ead38390 code [0x00007f47ead38500, 0x00007f47ead387f8]
Event: 26.041 Thread 0x00005655488be000 4787       4       java.util.AbstractList$Itr::hasNext (20 bytes)
Event: 26.042 Thread 0x00005655488be000 nmethod 4787 0x00007f47ea679290 code [0x00007f47ea6793e0, 0x00007f47ea6794b8]

GC Heap History (6 events):
Event: 2.020 GC heap before
{Heap before GC invocations=1 (full 0):
 PSYoungGen      total 611840K, used 209921K [0x00000000d5580000, 0x0000000100000000, 0x0000000100000000)
  eden space 524800K, 40% used [0x00000000d5580000,0x00000000e22805a8,0x00000000f5600000)
  from space 87040K, 0% used [0x00000000fab00000,0x00000000fab00000,0x0000000100000000)
  to   space 87040K, 0% used [0x00000000f5600000,0x00000000f5600000,0x00000000fab00000)
 ParOldGen       total 1398272K, used 0K [0x0000000080000000, 0x00000000d5580000, 0x00000000d5580000)
  object space 1398272K, 0% used [0x0000000080000000,0x0000000080000000,0x00000000d5580000)
 Metaspace       used 20801K, capacity 21054K, committed 21248K, reserved 1069056K
  class space    used 2364K, capacity 2484K, committed 2560K, reserved 1048576K
Event: 2.055 GC heap after
Heap after GC invocations=1 (full 0):
 PSYoungGen      total 611840K, used 12570K [0x00000000d5580000, 0x0000000100000000, 0x0000000100000000)
  eden space 524800K, 0% used [0x00000000d5580000,0x00000000d5580000,0x00000000f5600000)
  from space 87040K, 14% used [0x00000000f5600000,0x00000000f6246af0,0x00000000fab00000)
  to   space 87040K, 0% used [0x00000000fab00000,0x00000000fab00000,0x0000000100000000)
 ParOldGen       total 1398272K, used 80K [0x0000000080000000, 0x00000000d5580000, 0x00000000d5580000)
  object space 1398272K, 0% used [0x0000000080000000,0x0000000080014010,0x00000000d5580000)
 Metaspace       used 20801K, capacity 21054K, committed 21248K, reserved 1069056K
  class space    used 2364K, capacity 2484K, committed 2560K, reserved 1048576K
}
Event: 2.055 GC heap before
{Heap before GC invocations=2 (full 1):
 PSYoungGen      total 611840K, used 12570K [0x00000000d5580000, 0x0000000100000000, 0x0000000100000000)
  eden space 524800K, 0% used [0x00000000d5580000,0x00000000d5580000,0x00000000f5600000)
  from space 87040K, 14% used [0x00000000f5600000,0x00000000f6246af0,0x00000000fab00000)
  to   space 87040K, 0% used [0x00000000fab00000,0x00000000fab00000,0x0000000100000000)
 ParOldGen       total 1398272K, used 80K [0x0000000080000000, 0x00000000d5580000, 0x00000000d5580000)
  object space 1398272K, 0% used [0x0000000080000000,0x0000000080014010,0x00000000d5580000)
 Metaspace       used 20801K, capacity 21054K, committed 21248K, reserved 1069056K
  class space    used 2364K, capacity 2484K, committed 2560K, reserved 1048576K
Event: 2.139 GC heap after
Heap after GC invocations=2 (full 1):
 PSYoungGen      total 611840K, used 0K [0x00000000d5580000, 0x0000000100000000, 0x0000000100000000)
  eden space 524800K, 0% used [0x00000000d5580000,0x00000000d5580000,0x00000000f5600000)
  from space 87040K, 0% used [0x00000000f5600000,0x00000000f5600000,0x00000000fab00000)
  to   space 87040K, 0% used [0x00000000fab00000,0x00000000fab00000,0x0000000100000000)
 ParOldGen       total 903680K, used 12052K [0x0000000080000000, 0x00000000b7280000, 0x00000000d5580000)
  object space 903680K, 1% used [0x0000000080000000,0x0000000080bc50a8,0x00000000b7280000)
 Metaspace       used 20801K, capacity 21054K, committed 21248K, reserved 1069056K
  class space    used 2364K, capacity 2484K, committed 2560K, reserved 1048576K
}
Event: 16.420 GC heap before
{Heap before GC invocations=3 (full 1):
 PSYoungGen      total 611840K, used 524800K [0x00000000d5580000, 0x0000000100000000, 0x0000000100000000)
  eden space 524800K, 100% used [0x00000000d5580000,0x00000000f5600000,0x00000000f5600000)
  from space 87040K, 0% used [0x00000000f5600000,0x00000000f5600000,0x00000000fab00000)
  to   space 87040K, 0% used [0x00000000fab00000,0x00000000fab00000,0x0000000100000000)
 ParOldGen       total 903680K, used 12052K [0x0000000080000000, 0x00000000b7280000, 0x00000000d5580000)
  object space 903680K, 1% used [0x0000000080000000,0x0000000080bc50a8,0x00000000b7280000)
 Metaspace       used 32771K, capacity 33392K, committed 33664K, reserved 1079296K
  class space    used 3736K, capacity 3891K, committed 3968K, reserved 1048576K
Event: 16.451 GC heap after
Heap after GC invocations=3 (full 1):
 PSYoungGen      total 611840K, used 19088K [0x00000000d5580000, 0x0000000100000000, 0x0000000100000000)
  eden space 524800K, 0% used [0x00000000d5580000,0x00000000d5580000,0x00000000f5600000)
  from space 87040K, 21% used [0x00000000fab00000,0x00000000fbda4390,0x0000000100000000)
  to   space 87040K, 0% used [0x00000000f5600000,0x00000000f5600000,0x00000000fab00000)
 ParOldGen       total 903680K, used 12060K [0x0000000080000000, 0x00000000b7280000, 0x00000000d5580000)
  object space 903680K, 1% used [0x0000000080000000,0x0000000080bc70a8,0x00000000b7280000)
 Metaspace       used 32771K, capacity 33392K, committed 33664K, reserved 1079296K
  class space    used 3736K, capacity 3891K, committed 3968K, reserved 1048576K
}

Deoptimization events (10 events):
Event: 21.895 Thread 0x0000565548777800 Uncommon trap: reason=class_check action=maybe_recompile pc=0x00007f47eaa351a0 method=java.util.regex.Pattern$CharProperty.study(Ljava/util/regex/Pattern$TreeInfo;)Z @ 25
Event: 21.981 Thread 0x0000565548777800 Uncommon trap: reason=unstable_if action=reinterpret pc=0x00007f47eabb8f9c method=java.util.regex.Matcher.replaceAll(Ljava/lang/String;)Ljava/lang/String; @ 11
Event: 21.985 Thread 0x0000565548777800 Uncommon trap: reason=unstable_if action=reinterpret pc=0x00007f47eaabb63c method=sun.security.provider.SecureRandom.engineNextBytes([B)V @ 12
Event: 21.985 Thread 0x0000565548777800 Uncommon trap: reason=bimorphic action=maybe_recompile pc=0x00007f47ea7d28c4 method=java.util.Hashtable.get(Ljava/lang/Object;)Ljava/lang/Object; @ 45
Event: 21.987 Thread 0x0000565548777800 Uncommon trap: reason=unstable_if action=reinterpret pc=0x00007f47eabe22fc method=java.util.regex.Pattern.atom()Ljava/util/regex/Pattern$Node; @ 354
Event: 21.993 Thread 0x0000565548777800 Uncommon trap: reason=class_check action=maybe_recompile pc=0x00007f47ea913b10 method=java.util.stream.ReduceOps$3ReducingSink.accept(Ljava/lang/Object;)V @ 9
Event: 21.994 Thread 0x0000565548777800 Uncommon trap: reason=null_check action=make_not_entrant pc=0x00007f47eacaae0c method=org.apache.hadoop.hdds.scm.net.InnerNodeImpl.add(Lorg/apache/hadoop/hdds/scm/net/Node;)Z @ 129
Event: 21.994 Thread 0x0000565548777800 Uncommon trap: reason=unstable_if action=reinterpret pc=0x00007f47eac97c40 method=org.apache.hadoop.hdds.scm.net.NodeImpl.getPath()Ljava/lang/String; @ 9
Event: 21.995 Thread 0x0000565549b11000 Uncommon trap: reason=bimorphic action=maybe_recompile pc=0x00007f47ea94f004 method=java.util.stream.ReferencePipeline$2$1.accept(Ljava/lang/Object;)V @ 21
Event: 21.997 Thread 0x000056554b36f800 Uncommon trap: reason=unstable_if action=reinterpret pc=0x00007f47eac01f44 method=org.apache.ratis.thirdparty.io.netty.util.concurrent.AbstractScheduledEventExecutor.pollScheduledTask(J)Ljava/lang/Runnable; @ 27

Classes redefined (0 events):
No events

Internal exceptions (10 events):
Event: 21.987 Thread 0x0000565548777800 Exception <a 'sun/nio/fs/UnixException'> (0x00000000ed150eb8) thrown at [/home/buildozer/aports/community/openjdk8/src/icedtea-3.12.0/openjdk/hotspot/src/share/vm/prims/jni.cpp, line 710]
Event: 21.987 Thread 0x0000565548777800 Exception <a 'sun/nio/fs/UnixException'> (0x00000000ed151780) thrown at [/home/buildozer/aports/community/openjdk8/src/icedtea-3.12.0/openjdk/hotspot/src/share/vm/prims/jni.cpp, line 710]
Event: 21.987 Thread 0x0000565548777800 Exception <a 'sun/nio/fs/UnixException'> (0x00000000ed151ec8) thrown at [/home/buildozer/aports/community/openjdk8/src/icedtea-3.12.0/openjdk/hotspot/src/share/vm/prims/jni.cpp, line 710]
Event: 21.987 Thread 0x0000565548777800 Exception <a 'sun/nio/fs/UnixException'> (0x00000000ed1527a8) thrown at [/home/buildozer/aports/community/openjdk8/src/icedtea-3.12.0/openjdk/hotspot/src/share/vm/prims/jni.cpp, line 710]
Event: 21.994 Thread 0x0000565548777800 Implicit null exception at 0x00007f47eaca93af to 0x00007f47eacaadf2
Event: 21.997 Thread 0x000056554b36f800 Implicit null exception at 0x00007f47eac01e13 to 0x00007f47eac01f35
Event: 21.999 Thread 0x000056554a729000 Exception <a 'java/net/ConnectException'> (0x00000000ee38a290) thrown at [/home/buildozer/aports/community/openjdk8/src/icedtea-3.12.0/openjdk/hotspot/src/share/vm/prims/jni.cpp, line 710]
Event: 22.003 Thread 0x000056554b36f800 Exception <a 'java/net/ConnectException'> (0x00000000ee0be8c8) thrown at [/home/buildozer/aports/community/openjdk8/src/icedtea-3.12.0/openjdk/hotspot/src/share/vm/prims/jni.cpp, line 710]
Event: 22.004 Thread 0x000056554a98a000 Exception <a 'java/net/ConnectException'> (0x00000000ee478ba8) thrown at [/home/buildozer/aports/community/openjdk8/src/icedtea-3.12.0/openjdk/hotspot/src/share/vm/prims/jni.cpp, line 710]
Event: 22.004 Thread 0x000056554b36f800 Exception <a 'java/net/ConnectException'> (0x00000000ee0cd600) thrown at [/home/buildozer/aports/community/openjdk8/src/icedtea-3.12.0/openjdk/hotspot/src/share/vm/prims/jni.cpp, line 710]

Events (10 events):
Event: 26.006 Thread 0x0000565549dfe000 Thread exited: 0x0000565549dfe000
Event: 26.006 Executing VM operation: RevokeBias
Event: 26.006 Executing VM operation: RevokeBias done
Event: 26.006 Thread 0x0000565549b11000 Thread exited: 0x0000565549b11000
Event: 26.006 Executing VM operation: RevokeBias
Event: 26.006 Executing VM operation: RevokeBias done
Event: 26.007 Thread 0x000056554a56e000 Thread exited: 0x000056554a56e000
Event: 26.007 Executing VM operation: RevokeBias
Event: 26.007 Executing VM operation: RevokeBias done
Event: 26.007 Thread 0x000056554a56f000 Thread exited: 0x000056554a56f000


Dynamic libraries:
80000000-b7280000 rw-p 00000000 00:00 0 
b7280000-d5580000 ---p 00000000 00:00 0 
d5580000-1003e0000 rw-p 00000000 00:00 0 
1003e0000-140000000 ---p 00000000 00:00 0 
565546fb9000-565546fba000 r-xp 00000000 fd:02 271058712                  /usr/lib/jvm/java-1.8-openjdk/jre/bin/java
5655471b9000-5655471ba000 r--p 00000000 fd:02 271058712                  /usr/lib/jvm/java-1.8-openjdk/jre/bin/java
5655471ba000-5655471bb000 rw-p 00001000 fd:02 271058712                  /usr/lib/jvm/java-1.8-openjdk/jre/bin/java
565548760000-56554b6f2000 rw-p 00000000 00:00 0                          [heap]
7f47db42d000-7f47db56d000 rw-p 00000000 00:00 0 
7f47db56d000-7f47db62d000 ---p 00000000 00:00 0 
7f47dc138000-7f47dc13b000 ---p 00000000 00:00 0 
7f47dc13b000-7f47dc239000 rw-p 00000000 00:00 0 
7f47dc33a000-7f47dc53a000 rw-p 00000000 00:00 0 
7f47dc53a000-7f47dc53d000 ---p 00000000 00:00 0 
7f47dc53d000-7f47dc63b000 rw-p 00000000 00:00 0 
7f47dc73c000-7f47dc73f000 ---p 00000000 00:00 0 
7f47dc73f000-7f47dca3d000 rw-p 00000000 00:00 0 
7f47dca3d000-7f47dcc3d000 rw-p 00000000 00:00 0 
7f47dcc3d000-7f47dcc40000 ---p 00000000 00:00 0 
7f47dcc40000-7f47dcd3e000 rw-p 00000000 00:00 0 
7f47dcd3e000-7f47dcd41000 ---p 00000000 00:00 0 
7f47dcd41000-7f47dce3f000 rw-p 00000000 00:00 0 
7f47dce3f000-7f47dce42000 ---p 00000000 00:00 0 
7f47dce42000-7f47dcf40000 rw-p 00000000 00:00 0 
7f47dd041000-7f47dd241000 rw-p 00000000 00:00 0 
7f47dd288000-7f47dd28b000 ---p 00000000 00:00 0 
7f47dd28b000-7f47dd389000 rw-p 00000000 00:00 0 
7f47dd389000-7f47dd38c000 ---p 00000000 00:00 0 
7f47dd38c000-7f47dd48a000 rw-p 00000000 00:00 0 
7f47dd48a000-7f47dd48d000 ---p 00000000 00:00 0 
7f47dd48d000-7f47dd58b000 rw-p 00000000 00:00 0 
7f47dd58b000-7f47dd58e000 ---p 00000000 00:00 0 
7f47dd58e000-7f47dd68c000 rw-p 00000000 00:00 0 
7f47dd68c000-7f47dd68f000 ---p 00000000 00:00 0 
7f47dd68f000-7f47dd78d000 rw-p 00000000 00:00 0 
7f47dd78d000-7f47dd790000 ---p 00000000 00:00 0 
7f47dd790000-7f47dd88e000 rw-p 00000000 00:00 0 
7f47dd98f000-7f47ddb8f000 rw-p 00000000 00:00 0 
7f47ddb8f000-7f47ddbaa000 r--s 001d6000 fd:02 271058784                  /usr/lib/jvm/java-1.8-openjdk/jre/lib/ext/nashorn.jar
7f47ddbaa000-7f47dddaa000 rw-p 00000000 00:00 0 
7f47dddaa000-7f47ddfaa000 r-xp 00000000 fd:02 271058741                  /usr/lib/jvm/java-1.8-openjdk/jre/lib/amd64/libjaas_unix.so
7f47ddfaa000-7f47ddfab000 r--p 00000000 fd:02 271058741                  /usr/lib/jvm/java-1.8-openjdk/jre/lib/amd64/libjaas_unix.so
7f47ddfab000-7f47ddfac000 rw-p 00001000 fd:02 271058741                  /usr/lib/jvm/java-1.8-openjdk/jre/lib/amd64/libjaas_unix.so
7f47de01f000-7f47de21f000 rw-p 00000000 00:00 0 
7f47de320000-7f47de520000 rw-p 00000000 00:00 0 
7f47de520000-7f47de78f000 rw-p 00000000 00:00 0 
7f47de78f000-7f47de9b5000 r-xp 00000000 fd:02 271125988                  /usr/glibc-compat/lib/ld-2.28.so
7f47de9b5000-7f47de9b6000 r--p 00026000 fd:02 271125988                  /usr/glibc-compat/lib/ld-2.28.so
7f47de9b6000-7f47de9b7000 rw-p 00027000 fd:02 271125988                  /usr/glibc-compat/lib/ld-2.28.so
7f47de9b7000-7f47de9b8000 rw-p 00000000 00:00 0 
7f47de9b8000-7f47df250000 r-xp 00000000 fd:02 53675841                   /tmp/librocksdbjni351442405846146531.so
7f47df250000-7f47df261000 r--p 00698000 fd:02 53675841                   /tmp/librocksdbjni351442405846146531.so
7f47df261000-7f47df26a000 rw-p 006a9000 fd:02 53675841                   /tmp/librocksdbjni351442405846146531.so
7f47df26a000-7f47df270000 rw-p 00000000 00:00 0 
7f47df295000-7f47df297000 ---p 00000000 00:00 0 
7f47df297000-7f47df2ac000 rw-p 00000000 00:00 0 
7f47df2ac000-7f47df2ae000 ---p 00000000 00:00 0 
7f47df2ae000-7f47df2c3000 rw-p 00000000 00:00 0 
7f47df2c3000-7f47df2c5000 ---p 00000000 00:00 0 
7f47df2c5000-7f47df2da000 rw-p 00000000 00:00 0 
7f47df2da000-7f47df2dc000 ---p 00000000 00:00 0 
7f47df2dc000-7f47df2f1000 rw-p 00000000 00:00 0 
7f47df2f1000-7f47df2f3000 ---p 00000000 00:00 0 
7f47df2f3000-7f47df308000 rw-p 00000000 00:00 0 
7f47df308000-7f47df30a000 ---p 00000000 00:00 0 
7f47df30a000-7f47df31f000 rw-p 00000000 00:00 0 
7f47df31f000-7f47df321000 ---p 00000000 00:00 0 
7f47df321000-7f47df536000 rw-p 00000000 00:00 0 
7f47df536000-7f47df747000 r-xp 00000000 fd:02 271058755                  /usr/lib/jvm/java-1.8-openjdk/jre/lib/amd64/libnio.so
7f47df747000-7f47df748000 r--p 00011000 fd:02 271058755                  /usr/lib/jvm/java-1.8-openjdk/jre/lib/amd64/libnio.so
7f47df748000-7f47df749000 rw-p 00012000 fd:02 271058755                  /usr/lib/jvm/java-1.8-openjdk/jre/lib/amd64/libnio.so
7f47df749000-7f47e274a000 rw-p 00000000 00:00 0 
7f47e274a000-7f47e2960000 r-xp 00000000 fd:02 271058754                  /usr/lib/jvm/java-1.8-openjdk/jre/lib/amd64/libnet.so
7f47e2960000-7f47e2961000 r--p 00016000 fd:02 271058754                  /usr/lib/jvm/java-1.8-openjdk/jre/lib/amd64/libnet.so
7f47e2961000-7f47e2962000 rw-p 00017000 fd:02 271058754                  /usr/lib/jvm/java-1.8-openjdk/jre/lib/amd64/libnet.so
7f47e2962000-7f47e2b62000 rw-p 00000000 00:00 0 
7f47e2b62000-7f47e2b65000 ---p 00000000 00:00 0 
7f47e2b65000-7f47e2b9c000 rw-p 00000000 00:00 0 
7f47e2ba9000-7f47e2bab000 ---p 00000000 00:00 0 
7f47e2bab000-7f47e2bc0000 rw-p 00000000 00:00 0 
7f47e2bc0000-7f47e2bc2000 ---p 00000000 00:00 0 
7f47e2bc2000-7f47e2bd7000 rw-p 00000000 00:00 0 
7f47e2bd7000-7f47e2bdb000 r--s 00058000 fd:02 271058803                  /usr/lib/jvm/java-1.8-openjdk/jre/lib/jsse.jar
7f47e2bdb000-7f47e2bde000 r--s 00025000 fd:02 272171717                  /home/user/.m2/repository/org/apache/maven/shared/maven-shared-utils/3.1.0/maven-shared-utils-3.1.0.jar
7f47e2bde000-7f47e2bdf000 r--s 00006000 fd:02 54134759                   /home/user/.m2/repository/org/apache/maven/surefire/common-junit4/3.0.0-M1/common-junit4-3.0.0-M1.jar
7f47e2bdf000-7f47e2be0000 r--s 00002000 fd:02 54134757                   /home/user/.m2/repository/org/apache/maven/surefire/common-junit3/3.0.0-M1/common-junit3-3.0.0-M1.jar
7f47e2be0000-7f47e2be1000 r--s 00007000 fd:02 54134761                   /home/user/.m2/repository/org/apache/maven/surefire/common-java5/3.0.0-M1/common-java5-3.0.0-M1.jar
7f47e2be1000-7f47e2be3000 r--s 00003000 fd:02 54134716                   /home/user/.m2/repository/org/apache/maven/surefire/surefire-junit4/3.0.0-M1/surefire-junit4-3.0.0-M1.jar
7f47e2be3000-7f47e2be9000 r--s 00036000 fd:02 271975651                  /home/user/.m2/repository/junit/junit/4.11/junit-4.11.jar
7f47e2be9000-7f47e2c0a000 r--s 00172000 fd:02 271911060                  /home/user/.m2/repository/com/google/guava/guava/11.0.2/guava-11.0.2.jar
7f47e2c0a000-7f47e2c12000 r--s 0007b000 fd:02 271911176                  /home/user/.m2/repository/com/google/protobuf/protobuf-java/2.5.0/protobuf-java-2.5.0.jar
7f47e2c12000-7f47e2c17000 r--s 0003c000 fd:02 271975044                  /home/user/.m2/repository/info/picocli/picocli/3.9.6/picocli-3.9.6.jar
7f47e2c17000-7f47e2c4b000 r--s 0051e000 fd:02 272105710                  /home/user/.m2/repository/org/apache/hadoop/hadoop-hdfs/3.2.0/hadoop-hdfs-3.2.0-tests.jar
7f47e2c4b000-7f47e2c76000 r--s 00297000 fd:02 272105686                  /home/user/.m2/repository/org/apache/hadoop/hadoop-common/3.2.0/hadoop-common-3.2.0-tests.jar
7f47e2c76000-7f47e2c79000 r--s 0000e000 fd:02 271910698                  /home/user/.m2/repository/com/fasterxml/jackson/core/jackson-annotations/2.9.9/jackson-annotations-2.9.9.jar
7f47e2c79000-7f47e2cbe000 r--s 00486000 fd:02 272105722                  /home/user/.m2/repository/org/apache/hadoop/hadoop-hdfs-client/3.2.0/hadoop-hdfs-client-3.2.0.jar
7f47e2cbe000-7f47e2cd7000 r--s 0012c000 fd:02 271975206                  /home/user/.m2/repository/io/netty/netty/3.10.5.Final/netty-3.10.5.Final.jar
7f47e2cd7000-7f47e2cd8000 r--s 00005000 fd:02 271974764                  /home/user/.m2/repository/commons-daemon/commons-daemon/1.0.13/commons-daemon-1.0.13.jar
7f47e2cd8000-7f47e2cda000 r--s 00008000 fd:02 272237041                  /home/user/.m2/repository/org/eclipse/jetty/jetty-util-ajax/9.3.25.v20180904/jetty-util-ajax-9.3.25.v20180904.jar
7f47e2cda000-7f47e2d22000 r--s 00557000 fd:02 272105713                  /home/user/.m2/repository/org/apache/hadoop/hadoop-hdfs/3.2.0/hadoop-hdfs-3.2.0.jar
7f47e2d22000-7f47e2d27000 r--s 00047000 fd:02 271975004                  /home/user/.m2/repository/dnsjava/dnsjava/2.1.7/dnsjava-2.1.7.jar
7f47e2d27000-7f47e2d2d000 r--s 00078000 fd:02 271910872                  /home/user/.m2/repository/com/fasterxml/woodstox/woodstox-core/5.0.3/woodstox-core-5.0.3.jar
7f47e2d2d000-7f47e2d31000 r--s 00024000 fd:02 272236926                  /home/user/.m2/repository/org/codehaus/woodstox/stax2-api/3.1.4/stax2-api-3.1.4.jar
7f47e2d31000-7f47e2d35000 r--s 0004c000 fd:02 271910715                  /home/user/.m2/repository/com/fasterxml/jackson/core/jackson-core/2.9.9/jackson-core-2.9.9.jar
7f47e2d35000-7f47e2d48000 r--s 00137000 fd:02 271910732                  /home/user/.m2/repository/com/fasterxml/jackson/core/jackson-databind/2.9.9/jackson-databind-2.9.9.jar
7f47e2d48000-7f47e2d4a000 r--s 00006000 fd:02 272106121                  /home/user/.m2/repository/org/apache/kerby/kerby-xdr/1.0.1/kerby-xdr-1.0.1.jar
7f47e2d4a000-7f47e2d4b000 r--s 00004000 fd:02 272106025                  /home/user/.m2/repository/org/apache/kerby/kerb-identity/1.0.1/kerb-identity-1.0.1.jar
7f47e2d4b000-7f47e2d4e000 r--s 00012000 fd:02 272106034                  /home/user/.m2/repository/org/apache/kerby/kerb-server/1.0.1/kerb-server-1.0.1.jar
7f47e2d4e000-7f47e2d51000 r--s 00011000 fd:02 272105980                  /home/user/.m2/repository/org/apache/kerby/kerb-admin/1.0.1/kerb-admin-1.0.1.jar
7f47e2d51000-7f47e2d52000 r--s 00004000 fd:02 272106130                  /home/user/.m2/repository/org/apache/kerby/token-provider/1.0.1/token-provider-1.0.1.jar
7f47e2d52000-7f47e2d53000 r--s 00008000 fd:02 272106052                  /home/user/.m2/repository/org/apache/kerby/kerb-util/1.0.1/kerb-util-1.0.1.jar
7f47e2d53000-7f47e2d57000 r--s 00019000 fd:02 272106016                  /home/user/.m2/repository/org/apache/kerby/kerb-crypto/1.0.1/kerb-crypto-1.0.1.jar
7f47e2d57000-7f47e2d59000 r--s 0000e000 fd:02 272105998                  /home/user/.m2/repository/org/apache/kerby/kerb-common/1.0.1/kerb-common-1.0.1.jar
7f47e2d59000-7f47e2d5a000 r--s 00009000 fd:02 272106112                  /home/user/.m2/repository/org/apache/kerby/kerby-util/1.0.1/kerby-util-1.0.1.jar
7f47e2d5a000-7f47e2d5c000 r--s 00017000 fd:02 272106067                  /home/user/.m2/repository/org/apache/kerby/kerby-asn1/1.0.1/kerby-asn1-1.0.1.jar
7f47e2d5c000-7f47e2d63000 r--s 0002b000 fd:02 272106097                  /home/user/.m2/repository/org/apache/kerby/kerby-pkix/1.0.1/kerby-pkix-1.0.1.jar
7f47e2d63000-7f47e2d6a000 r--s 00031000 fd:02 272106007                  /home/user/.m2/repository/org/apache/kerby/kerb-core/1.0.1/kerb-core-1.0.1.jar
7f47e2d6a000-7f47e2d6c000 r--s 00006000 fd:02 272106082                  /home/user/.m2/repository/org/apache/kerby/kerby-config/1.0.1/kerby-config-1.0.1.jar
7f47e2d6c000-7f47e2d6f000 r--s 00019000 fd:02 272105989                  /home/user/.m2/repository/org/apache/kerby/kerb-client/1.0.1/kerb-client-1.0.1.jar
7f47e2d6f000-7f47e2d70000 r--s 00004000 fd:02 272106043                  /home/user/.m2/repository/org/apache/kerby/kerb-simplekdc/1.0.1/kerb-simplekdc-1.0.1.jar
7f47e2d70000-7f47e2d74000 r--s 00014000 fd:02 272302194                  /home/user/.m2/repository/org/tukaani/xz/1.0/xz-1.0.jar
7f47e2d74000-7f47e2d79000 r--s 00036000 fd:02 271976107                  /home/user/.m2/repository/org/apache/commons/commons-compress/1.4.1/commons-compress-1.4.1.jar
7f47e2d79000-7f47e2d7a000 r--s 00004000 fd:02 272172348                  /home/user/.m2/repository/org/apache/yetus/audience-annotations/0.5.0/audience-annotations-0.5.0.jar
7f47e2d7a000-7f47e2d7c000 r--s 00014000 fd:02 271975607                  /home/user/.m2/repository/jline/jline/0.9.94/jline-0.9.94.jar
7f47e2d7c000-7f47e2d89000 r--s 000d1000 fd:02 272172364                  /home/user/.m2/repository/org/apache/zookeeper/zookeeper/3.4.13/zookeeper-3.4.13.jar
7f47e2d89000-7f47e2da3000 r--s 00155000 fd:02 272105852                  /home/user/.m2/repository/org/apache/htrace/htrace-core4/4.1.0-incubating/htrace-core4-4.1.0-incubating.jar
7f47e2da3000-7f47e2da6000 r--s 00006000 fd:02 271910984                  /home/user/.m2/repository/com/google/code/findbugs/jsr305/3.0.0/jsr305-3.0.0.jar
7f47e2da6000-7f47e2dae000 r--s 0003e000 fd:02 272105615                  /home/user/.m2/repository/org/apache/curator/curator-recipes/2.12.0/curator-recipes-2.12.0.jar
7f47e2dae000-7f47e2de5000 r--s 00219000 fd:02 272105597                  /home/user/.m2/repository/org/apache/curator/curator-client/2.12.0/curator-client-2.12.0.jar
7f47e2de5000-7f47e2dea000 r--s 00040000 fd:02 271911244                  /home/user/.m2/repository/com/jcraft/jsch/0.1.54/jsch-0.1.54.jar
7f47e2dea000-7f47e2df0000 r--s 0002c000 fd:02 272105606                  /home/user/.m2/repository/org/apache/curator/curator-framework/2.12.0/curator-framework-2.12.0.jar
7f47e2df0000-7f47e2df2000 r--s 00006000 fd:02 271975839                  /home/user/.m2/repository/net/minidev/accessors-smart/1.2/accessors-smart-1.2.jar
7f47e2df2000-7f47e2df5000 r--s 0001b000 fd:02 271975848                  /home/user/.m2/repository/net/minidev/json-smart/2.3/json-smart-2.3.jar
7f47e2df5000-7f47e2df7000 r--s 00000000 fd:02 271910920                  /home/user/.m2/repository/com/github/stephenc/jcip/jcip-annotations/1.0-1/jcip-annotations-1.0-1.jar
7f47e2df7000-7f47e2dfd000 r--s 00044000 fd:02 271911290                  /home/user/.m2/repository/com/nimbusds/nimbus-jose-jwt/4.41.1/nimbus-jose-jwt-4.41.1.jar
7f47e2dfd000-7f47e2dff000 r--s 00020000 fd:02 272105668                  /home/user/.m2/repository/org/apache/hadoop/hadoop-auth/3.2.0/hadoop-auth-3.2.0.jar
7f47e2dff000-7f47e2e04000 r--s 0002a000 fd:02 271910994                  /home/user/.m2/repository/com/google/code/gson/gson/2.2.4/gson-2.2.4.jar
7f47e2e04000-7f47e2e06000 r--s 0001e000 fd:02 271911218                  /home/user/.m2/repository/com/google/re2j/re2j/1.1/re2j-1.1.jar
7f47e2e06000-7f47e2e08000 r--s 00130000 fd:02 272302229                  /home/user/.m2/repository/org/xerial/snappy/snappy-java/1.0.5/snappy-java-1.0.5.jar
7f47e2e08000-7f47e2e0a000 r--s 00006000 fd:02 271974570                  /home/user/.m2/repository/com/thoughtworks/paranamer/paranamer/2.3/paranamer-2.3.jar
7f47e2e0a000-7f47e2e13000 r--s 00062000 fd:02 271976069                  /home/user/.m2/repository/org/apache/avro/avro/1.7.7/avro-1.7.7.jar
7f47e2e13000-7f47e2e14000 r--s 00002000 fd:02 272238091                  /home/user/.m2/repository/org/slf4j/slf4j-log4j12/1.7.25/slf4j-log4j12-1.7.25.jar
7f47e2e14000-7f47e2e18000 r--s 00029000 fd:02 272105581                  /home/user/.m2/repository/org/apache/commons/commons-text/1.4/commons-text-1.4.jar
7f47e2e18000-7f47e2e20000 r--s 00072000 fd:02 271976156                  /home/user/.m2/repository/org/apache/commons/commons-lang3/3.7/commons-lang3-3.7.jar
7f47e2e20000-7f47e2e2c000 r--s 0008b000 fd:02 271976124                  /home/user/.m2/repository/org/apache/commons/commons-configuration2/2.1.1/commons-configuration2-2.1.1.jar
7f47e2e2c000-7f47e2e31000 r--s 00038000 fd:02 271974623                  /home/user/.m2/repository/commons-beanutils/commons-beanutils/1.9.4/commons-beanutils-1.9.4.jar
7f47e2e31000-7f47e2e3a000 r--s 0006f000 fd:02 271975687                  /home/user/.m2/repository/log4j/log4j/1.2.17/log4j-1.2.17.jar
7f47e2e3a000-7f47e2e3c000 r--s 0000e000 fd:02 271974931                  /home/user/.m2/repository/commons-logging/commons-logging/1.1.3/commons-logging-1.1.3.jar
7f47e2e3c000-7f47e2e4c000 r--s 0009c000 fd:02 271974503                  /home/user/.m2/repository/com/sun/jersey/jersey-server/1.19/jersey-server-1.19.jar
7f47e2e4c000-7f47e2e4d000 r--s 00006000 fd:02 272172535                  /home/user/.m2/repository/org/codehaus/jackson/jackson-xc/1.9.13/jackson-xc-1.9.13.jar
7f47e2e4d000-7f47e2e4e000 r--s 00004000 fd:02 272172517                  /home/user/.m2/repository/org/codehaus/jackson/jackson-jaxrs/1.9.13/jackson-jaxrs-1.9.13.jar
7f47e2e4e000-7f47e2e5c000 r--s 000b1000 fd:02 272172526                  /home/user/.m2/repository/org/codehaus/jackson/jackson-mapper-asl/1.9.13/jackson-mapper-asl-1.9.13.jar
7f47e2e5c000-7f47e2e60000 r--s 00035000 fd:02 272172508                  /home/user/.m2/repository/org/codehaus/jackson/jackson-core-asl/1.9.13/jackson-core-asl-1.9.13.jar
7f47e2e60000-7f47e2e63000 r--s 00016000 fd:02 271975563                  /home/user/.m2/repository/javax/xml/bind/jaxb-api/2.2.11/jaxb-api-2.2.11.jar
7f47e2e63000-7f47e2e76000 r--s 000c7000 fd:02 271974538                  /home/user/.m2/repository/com/sun/xml/bind/jaxb-impl/2.2.3-1/jaxb-impl-2.2.3-1.jar
7f47e2e76000-7f47e2e78000 r--s 0000f000 fd:02 272172545                  /home/user/.m2/repository/org/codehaus/jettison/jettison/1.1/jettison-1.1.jar
7f47e2e78000-7f47e2e7c000 r--s 00025000 fd:02 271974488                  /home/user/.m2/repository/com/sun/jersey/jersey-json/1.19/jersey-json-1.19.jar
7f47e2e7c000-7f47e2e80000 r--s 0001c000 fd:02 271974512                  /home/user/.m2/repository/com/sun/jersey/jersey-servlet/1.19/jersey-servlet-1.19.jar
7f47e2e80000-7f47e2e82000 r--s 0000a000 fd:02 271975552                  /home/user/.m2/repository/javax/ws/rs/jsr311-api/1.1.1/jsr311-api-1.1.1.jar
7f47e2e82000-7f47e2e8c000 r--s 00061000 fd:02 271974479                  /home/user/.m2/repository/com/sun/jersey/jersey-core/1.19/jersey-core-1.19.jar
7f47e2e8c000-7f47e2e8f000 r--s 00016000 fd:02 271975508                  /home/user/.m2/repository/javax/servlet/jsp/jsp-api/2.1/jsp-api-2.1.jar
7f47e2e8f000-7f47e2e90000 r--s 0000c000 fd:02 272237059                  /home/user/.m2/repository/org/eclipse/jetty/jetty-xml/9.3.25.v20180904/jetty-xml-9.3.25.v20180904.jar
7f47e2e90000-7f47e2e93000 r--s 0001a000 fd:02 272237050                  /home/user/.m2/repository/org/eclipse/jetty/jetty-webapp/9.3.25.v20180904/jetty-webapp-9.3.25.v20180904.jar
7f47e2e93000-7f47e2e96000 r--s 00015000 fd:02 272237005                  /home/user/.m2/repository/org/eclipse/jetty/jetty-security/9.3.25.v20180904/jetty-security-9.3.25.v20180904.jar
7f47e2e96000-7f47e2e99000 r--s 0001b000 fd:02 272237023                  /home/user/.m2/repository/org/eclipse/jetty/jetty-servlet/9.3.25.v20180904/jetty-servlet-9.3.25.v20180904.jar
7f47e2e99000-7f47e2ea0000 r--s 00069000 fd:02 272237032                  /home/user/.m2/repository/org/eclipse/jetty/jetty-util/9.3.25.v20180904/jetty-util-9.3.25.v20180904.jar
7f47e2ea0000-7f47e2ea4000 r--s 0001b000 fd:02 272236979                  /home/user/.m2/repository/org/eclipse/jetty/jetty-io/9.3.25.v20180904/jetty-io-9.3.25.v20180904.jar
7f47e2ea4000-7f47e2ea7000 r--s 00022000 fd:02 272236970                  /home/user/.m2/repository/org/eclipse/jetty/jetty-http/9.3.25.v20180904/jetty-http-9.3.25.v20180904.jar
7f47e2ea7000-7f47e2eaf000 r--s 00078000 fd:02 272237014                  /home/user/.m2/repository/org/eclipse/jetty/jetty-server/9.3.25.v20180904/jetty-server-9.3.25.v20180904.jar
7f47e2eaf000-7f47e2eb2000 r--s 00015000 fd:02 271975498                  /home/user/.m2/repository/javax/servlet/javax.servlet-api/3.1.0/javax.servlet-api-3.1.0.jar
7f47e2eb2000-7f47e2ebf000 r--s 00083000 fd:02 271974744                  /home/user/.m2/repository/commons-collections/commons-collections/3.2.2/commons-collections-3.2.2.jar
7f47e2ebf000-7f47e2ec5000 r--s 00046000 fd:02 271974956                  /home/user/.m2/repository/commons-net/commons-net/3.6/commons-net-3.6.jar
7f47e2ec5000-7f47e2ec9000 r--s 0002f000 fd:02 271974854                  /home/user/.m2/repository/commons-io/commons-io/2.5/commons-io-2.5.jar
7f47e2ec9000-7f47e2ed0000 r--s 0004b000 fd:02 271974676                  /home/user/.m2/repository/commons-codec/commons-codec/1.11/commons-codec-1.11.jar
7f47e2ed0000-7f47e2ed7000 r--s 00049000 fd:02 272105929                  /home/user/.m2/repository/org/apache/httpcomponents/httpcore/4.4.4/httpcore-4.4.4.jar
7f47e2ed7000-7f47e2ee4000 r--s 000a7000 fd:02 272105876                  /home/user/.m2/repository/org/apache/httpcomponents/httpclient/4.5.2/httpclient-4.5.2.jar
7f47e2ee4000-7f47e2ee6000 r--s 00009000 fd:02 271974658                  /home/user/.m2/repository/commons-cli/commons-cli/1.2/commons-cli-1.2.jar
7f47e2ee6000-7f47e2f5f000 r--s 007c0000 fd:02 271058845                  /usr/lib/jvm/java-1.8-openjdk/lib/tools.jar
7f47e2f5f000-7f47e2f60000 r--s 0000e000 fd:02 272105659                  /home/user/.m2/repository/org/apache/hadoop/hadoop-annotations/3.2.0/hadoop-annotations-3.2.0.jar
7f47e2f60000-7f47e2f9e000 r--s 003aa000 fd:02 272105689                  /home/user/.m2/repository/org/apache/hadoop/hadoop-common/3.2.0/hadoop-common-3.2.0.jar
7f47e2f9e000-7f47e2fa0000 r--s 00002000 fd:02 54135270                   /home/user/.m2/repository/com/github/spotbugs/spotbugs-annotations/3.1.12/spotbugs-annotations-3.1.12.jar
7f47e2fa0000-7f47e2fa5000 r--s 00041000 fd:02 271974890                  /home/user/.m2/repository/commons-lang/commons-lang/2.6/commons-lang-2.6.jar
7f47e2fa5000-7f47e2fab000 r--s 00033000 fd:02 271975587                  /home/user/.m2/repository/jaxen/jaxen/1.1.6/jaxen-1.1.6.jar
7f47e2fab000-7f47e2fb0000 r--s 0004b000 fd:02 54135266                   /home/user/.m2/repository/org/dom4j/dom4j/2.1.1/dom4j-2.1.1.jar
7f47e2fb0000-7f47e2fb1000 r--s 00000000 fd:02 271975829                  /home/user/.m2/repository/net/jcip/jcip-annotations/1.0/jcip-annotations-1.0.jar
7f47e2fb1000-7f47e2fbc000 r--s 0009d000 fd:02 54135264                   /home/user/.m2/repository/org/apache/bcel/bcel/6.3/bcel-6.3.jar
7f47e2fbc000-7f47e2fbd000 r--s 00013000 fd:02 54135258                   /home/user/.m2/repository/org/ow2/asm/asm-util/7.0/asm-util-7.0.jar
7f47e2fbd000-7f47e2fbf000 r--s 0000b000 fd:02 54135260                   /home/user/.m2/repository/org/ow2/asm/asm-tree/7.0/asm-tree-7.0.jar
7f47e2fbf000-7f47e2fc1000 r--s 00012000 fd:02 54135262                   /home/user/.m2/repository/org/ow2/asm/asm-commons/7.0/asm-commons-7.0.jar
7f47e2fc1000-7f47e2fc3000 r--s 00007000 fd:02 54135256                   /home/user/.m2/repository/org/ow2/asm/asm-analysis/7.0/asm-analysis-7.0.jar
7f47e2fc3000-7f47e2fc5000 r--s 0000c000 fd:02 272237755                  /home/user/.m2/repository/org/ow2/asm/asm/5.0.4/asm-5.0.4.jar
7f47e2fc5000-7f47e2fed000 r--s 00316000 fd:02 54135254                   /home/user/.m2/repository/com/github/spotbugs/spotbugs/3.1.12/spotbugs-3.1.12.jar
7f47e2fed000-7f47e3045000 r--s 003a7000 fd:02 272172430                  /home/user/.m2/repository/org/bouncycastle/bcprov-jdk15on/1.60/bcprov-jdk15on-1.60.jar
7f47e3045000-7f47e304b000 r--s 00045000 fd:02 272237385                  /home/user/.m2/repository/org/hamcrest/hamcrest-all/1.3/hamcrest-all-1.3.jar
7f47e304b000-7f47e3068000 r--s 0013e000 fd:02 272237576                  /home/user/.m2/repository/org/mockito/mockito-all/1.8.5/mockito-all-1.8.5.jar
7f47e3068000-7f47e3069000 r--s 00007000 fd:02 272237693                  /home/user/.m2/repository/org/openjdk/jmh/jmh-generator-annprocess/1.19/jmh-generator-annprocess-1.19.jar
7f47e3069000-7f47e3086000 r--s 0016a000 fd:02 271976165                  /home/user/.m2/repository/org/apache/commons/commons-math3/3.1.1/commons-math3-3.1.1.jar
7f47e3086000-7f47e3088000 r--s 0000e000 fd:02 271975865                  /home/user/.m2/repository/net/sf/jopt-simple/jopt-simple/4.6/jopt-simple-4.6.jar
7f47e3088000-7f47e3091000 r--s 00072000 fd:02 272237684                  /home/user/.m2/repository/org/openjdk/jmh/jmh-core/1.19/jmh-core-1.19.jar
7f47e3091000-7f47e30a8000 r--s 00115000 fd:02 272172389                  /home/user/.m2/repository/org/assertj/assertj-core/3.8.0/assertj-core-3.8.0.jar
7f47e30a8000-7f47e30aa000 r--s 00009000 fd:02 272238065                  /home/user/.m2/repository/org/slf4j/slf4j-api/1.7.25/slf4j-api-1.7.25.jar
7f47e30aa000-7f47e30ae000 r--s 0001e000 fd:02 271975056                  /home/user/.m2/repository/io/dropwizard/metrics/metrics-core/3.2.4/metrics-core-3.2.4.jar
7f47e30ae000-7f47e30b0000 r--s 00009000 fd:02 272237394                  /home/user/.m2/repository/org/hamcrest/hamcrest-core/1.3/hamcrest-core-1.3.jar
7f47e30b0000-7f47e30d7000 r--s 00205000 fd:02 271975215                  /home/user/.m2/repository/io/netty/netty-all/4.0.52.Final/netty-all-4.0.52.Final.jar
7f47e30d7000-7f47e30dd000 r--s 0003c000 fd:02 272302258                  /home/user/.m2/repository/org/yaml/snakeyaml/1.16/snakeyaml-1.16.jar
7f47e30dd000-7f47e30de000 r--s 00002000 fd:02 271975390                  /home/user/.m2/repository/io/opentracing/opentracing-noop/0.31.0/opentracing-noop-0.31.0.jar
7f47e30de000-7f47e30e0000 r--s 00002000 fd:02 271975381                  /home/user/.m2/repository/io/opentracing/opentracing-api/0.31.0/opentracing-api-0.31.0.jar
7f47e30e0000-7f47e30e1000 r--s 00001000 fd:02 271975399                  /home/user/.m2/repository/io/opentracing/opentracing-util/0.31.0/opentracing-util-0.31.0.jar
7f47e30e1000-7f47e30e2000 r--s 00001000 fd:02 271975366                  /home/user/.m2/repository/io/opentracing/contrib/opentracing-tracerresolver/0.1.5/opentracing-tracerresolver-0.1.5.jar
7f47e30e2000-7f47e30e3000 r--s 00000000 fd:02 271975196                  /home/user/.m2/repository/io/jaegertracing/jaeger-tracerresolver/0.34.0/jaeger-tracerresolver-0.34.0.jar
7f47e30e3000-7f47e30e7000 r--s 0001c000 fd:02 271975178                  /home/user/.m2/repository/io/jaegertracing/jaeger-core/0.34.0/jaeger-core-0.34.0.jar
7f47e30e7000-7f47e30e8000 r--s 00013000 fd:02 271974427                  /home/user/.m2/repository/com/squareup/okio/okio/1.13.0/okio-1.13.0.jar
7f47e30e8000-7f47e30ee000 r--s 0005e000 fd:02 271974411                  /home/user/.m2/repository/com/squareup/okhttp3/okhttp/3.9.0/okhttp-3.9.0.jar
7f47e30ee000-7f47e30f4000 r--s 00037000 fd:02 272172129                  /home/user/.m2/repository/org/apache/thrift/libthrift/0.12.0/libthrift-0.12.0.jar
7f47e30f4000-7f47e3102000 r--s 0009e000 fd:02 271975187                  /home/user/.m2/repository/io/jaegertracing/jaeger-thrift/0.34.0/jaeger-thrift-0.34.0.jar
7f47e3102000-7f47e3103000 r--s 00000000 fd:02 271975169                  /home/user/.m2/repository/io/jaegertracing/jaeger-client/0.34.0/jaeger-client-0.34.0.jar
7f47e3103000-7f47e3107000 r--s 00020000 fd:02 271974790                  /home/user/.m2/repository/commons-digester/commons-digester/1.8.1/commons-digester-1.8.1.jar
7f47e3107000-7f47e310b000 r--s 0002a000 fd:02 271974982                  /home/user/.m2/repository/commons-validator/commons-validator/1.6/commons-validator-1.6.jar
7f47e310b000-7f47e311e000 r--s 000b0000 fd:02 272172421                  /home/user/.m2/repository/org/bouncycastle/bcpkix-jdk15on/1.60/bcpkix-jdk15on-1.60.jar
7f47e311e000-7f47e3121000 r--s 0001d000 fd:02 272105572                  /home/user/.m2/repository/org/apache/commons/commons-pool2/2.6.0/commons-pool2-2.6.0.jar
7f47e3121000-7f47e3124000 r--s 00012000 fd:02 271911270                  /home/user/.m2/repository/com/lmax/disruptor/3.4.2/disruptor-3.4.2.jar
7f47e3124000-7f47e3144000 r--s 00167000 fd:02 272106156                  /home/user/.m2/repository/org/apache/logging/log4j/log4j-core/2.11.0/log4j-core-2.11.0.jar
7f47e3144000-7f47e314a000 r--s 0003b000 fd:02 272106147                  /home/user/.m2/repository/org/apache/logging/log4j/log4j-api/2.11.0/log4j-api-2.11.0.jar
7f47e314a000-7f47e314f000 r--s 00c4f000 fd:02 272238024                  /home/user/.m2/repository/org/rocksdb/rocksdbjni/6.0.1/rocksdbjni-6.0.1.jar
7f47e314f000-7f47e3151000 r--s 00019000 fd:02 54134939                   /home/user/.m2/repository/org/apache/ratis/ratis-grpc/0.5.0-201fc85-SNAPSHOT/ratis-grpc-0.5.0-201fc85-SNAPSHOT.jar
7f47e3151000-7f47e3153000 r--s 00007000 fd:02 54134938                   /home/user/.m2/repository/org/apache/ratis/ratis-netty/0.5.0-201fc85-SNAPSHOT/ratis-netty-0.5.0-201fc85-SNAPSHOT.jar
7f47e3153000-7f47e3155000 r--s 00009000 fd:02 271975034                  /home/user/.m2/repository/info/ganglia/gmetric4j/gmetric4j/1.0.7/gmetric4j-1.0.7.jar
7f47e3155000-7f47e3156000 r--s 00002000 fd:02 271975065                  /home/user/.m2/repository/io/dropwizard/metrics/metrics-ganglia/3.2.5/metrics-ganglia-3.2.5.jar
7f47e3156000-7f47e3158000 r--s 00008000 fd:02 271975074                  /home/user/.m2/repository/io/dropwizard/metrics/metrics-jvm/3.2.5/metrics-jvm-3.2.5.jar
7f47e3158000-7f47e3166000 r--s 0010d000 fd:02 54134916                   /home/user/.m2/repository/org/apache/ratis/ratis-proto/0.5.0-201fc85-SNAPSHOT/ratis-proto-0.5.0-201fc85-SNAPSHOT.jar
7f47e3166000-7f47e3240000 r--s 00cc8000 fd:02 272172079                  /home/user/.m2/repository/org/apache/ratis/ratis-thirdparty-misc/0.2.0/ratis-thirdparty-misc-0.2.0.jar
7f47e3240000-7f47e3243000 ---p 00000000 00:00 0 
7f47e3243000-7f47e3341000 rw-p 00000000 00:00 0 
7f47e3341000-7f47e3548000 r-xp 00000000 fd:02 271058752                  /usr/lib/jvm/java-1.8-openjdk/jre/lib/amd64/libmanagement.so
7f47e3548000-7f47e3549000 r--p 00007000 fd:02 271058752                  /usr/lib/jvm/java-1.8-openjdk/jre/lib/amd64/libmanagement.so
7f47e3549000-7f47e354a000 rw-p 00008000 fd:02 271058752                  /usr/lib/jvm/java-1.8-openjdk/jre/lib/amd64/libmanagement.so
7f47e354a000-7f47e354d000 ---p 00000000 00:00 0 
7f47e354d000-7f47e364b000 rw-p 00000000 00:00 0 
7f47e364b000-7f47e364c000 ---p 00000000 00:00 0 
7f47e364c000-7f47e374d000 rw-p 00000000 00:00 0 
7f47e374d000-7f47e3750000 ---p 00000000 00:00 0 
7f47e3750000-7f47e384e000 rw-p 00000000 00:00 0 
7f47e384e000-7f47e384f000 ---p 00000000 00:00 0 
7f47e384f000-7f47e3852000 ---p 00000000 00:00 0 
7f47e3852000-7f47e3950000 rw-p 00000000 00:00 0 
7f47e3950000-7f47e3951000 ---p 00000000 00:00 0 
7f47e3951000-7f47e3954000 ---p 00000000 00:00 0 
7f47e3954000-7f47e3a52000 rw-p 00000000 00:00 0 
7f47e3a52000-7f47e3a55000 ---p 00000000 00:00 0 
7f47e3a55000-7f47e3b53000 rw-p 00000000 00:00 0 
7f47e3b53000-7f47e3b56000 ---p 00000000 00:00 0 
7f47e3b56000-7f47e3c54000 rw-p 00000000 00:00 0 
7f47e3c54000-7f47e3c57000 ---p 00000000 00:00 0 
7f47e3c57000-7f47e3d55000 rw-p 00000000 00:00 0 
7f47e3d55000-7f47e3d56000 ---p 00000000 00:00 0 
7f47e3d56000-7f47e4760000 rw-p 00000000 00:00 0 
7f47e4760000-7f47e4930000 r--s 01f56000 fd:02 271058817                  /usr/lib/jvm/java-1.8-openjdk/jre/lib/rt.jar
7f47e4930000-7f47e95a6000 rw-p 00000000 00:00 0 
7f47e95a6000-7f47e95a7000 ---p 00000000 00:00 0 
7f47e95a7000-7f47e96a8000 rw-p 00000000 00:00 0 
7f47e96a8000-7f47e96a9000 ---p 00000000 00:00 0 
7f47e96a9000-7f47e9964000 rw-p 00000000 00:00 0 
7f47e9964000-7f47e9a55000 ---p 00000000 00:00 0 
7f47e9a55000-7f47e9c0f000 rw-p 00000000 00:00 0 
7f47e9c0f000-7f47e9cff000 ---p 00000000 00:00 0 
7f47e9cff000-7f47e9e83000 rw-p 00000000 00:00 0 
7f47e9e83000-7f47ea216000 ---p 00000000 00:00 0 
7f47ea216000-7f47ead46000 rwxp 00000000 00:00 0 
7f47ead46000-7f47f9216000 ---p 00000000 00:00 0 
7f47f9216000-7f47f941d000 r-xp 00000000 fd:02 271058761                  /usr/lib/jvm/java-1.8-openjdk/jre/lib/amd64/libzip.so
7f47f941d000-7f47f941e000 r--p 00007000 fd:02 271058761                  /usr/lib/jvm/java-1.8-openjdk/jre/lib/amd64/libzip.so
7f47f941e000-7f47f941f000 rw-p 00008000 fd:02 271058761                  /usr/lib/jvm/java-1.8-openjdk/jre/lib/amd64/libzip.so
7f47f941f000-7f47f964a000 r-xp 00000000 fd:02 271058742                  /usr/lib/jvm/java-1.8-openjdk/jre/lib/amd64/libjava.so
7f47f964a000-7f47f964b000 r--p 0002b000 fd:02 271058742                  /usr/lib/jvm/java-1.8-openjdk/jre/lib/amd64/libjava.so
7f47f964b000-7f47f964c000 rw-p 0002c000 fd:02 271058742                  /usr/lib/jvm/java-1.8-openjdk/jre/lib/amd64/libjava.so
7f47f964c000-7f47f964d000 rw-p 00000000 00:00 0 
7f47f964d000-7f47f9859000 r-xp 00000000 fd:02 271058760                  /usr/lib/jvm/java-1.8-openjdk/jre/lib/amd64/libverify.so
7f47f9859000-7f47f985b000 r--p 0000c000 fd:02 271058760                  /usr/lib/jvm/java-1.8-openjdk/jre/lib/amd64/libverify.so
7f47f985b000-7f47f985c000 rw-p 0000e000 fd:02 271058760                  /usr/lib/jvm/java-1.8-openjdk/jre/lib/amd64/libverify.so
7f47f985c000-7f47f9a6c000 r-xp 00000000 fd:02 271058918                  /usr/lib/libgcc_s.so.1
7f47f9a6c000-7f47f9a6d000 r--p 00010000 fd:02 271058918                  /usr/lib/libgcc_s.so.1
7f47f9a6d000-7f47f9a6e000 rw-p 00011000 fd:02 271058918                  /usr/lib/libgcc_s.so.1
7f47f9a6e000-7f47f9daf000 r-xp 00000000 fd:02 271059041                  /usr/lib/libstdc++.so.6.0.22
7f47f9daf000-7f47f9dbd000 r--p 00141000 fd:02 271059041                  /usr/lib/libstdc++.so.6.0.22
7f47f9dbd000-7f47f9dbe000 rw-p 0014f000 fd:02 271059041                  /usr/lib/libstdc++.so.6.0.22
7f47f9dbe000-7f47f9dc1000 rw-p 00000000 00:00 0 
7f47f9dc1000-7f47fa795000 r-xp 00000000 fd:02 271058765                  /usr/lib/jvm/java-1.8-openjdk/jre/lib/amd64/server/libjvm.so
7f47fa795000-7f47fa82b000 r--p 007d4000 fd:02 271058765                  /usr/lib/jvm/java-1.8-openjdk/jre/lib/amd64/server/libjvm.so
7f47fa82b000-7f47fa853000 rw-p 0086a000 fd:02 271058765                  /usr/lib/jvm/java-1.8-openjdk/jre/lib/amd64/server/libjvm.so
7f47fa853000-7f47fa884000 rw-p 00000000 00:00 0 
7f47fa884000-7f47faa99000 r-xp 00000000 fd:02 164495947                  /lib/libz.so.1.2.11
7f47faa99000-7f47faa9a000 r--p 00015000 fd:02 164495947                  /lib/libz.so.1.2.11
7f47faa9a000-7f47faa9b000 rw-p 00016000 fd:02 164495947                  /lib/libz.so.1.2.11
7f47faa9b000-7f47faca7000 r-xp 00000000 fd:02 271058726                  /usr/lib/jvm/java-1.8-openjdk/jre/lib/amd64/jli/libjli.so
7f47faca7000-7f47faca8000 r--p 0000c000 fd:02 271058726                  /usr/lib/jvm/java-1.8-openjdk/jre/lib/amd64/jli/libjli.so
7f47faca8000-7f47faca9000 rw-p 0000d000 fd:02 271058726                  /usr/lib/jvm/java-1.8-openjdk/jre/lib/amd64/jli/libjli.so
7f47faca9000-7f47fad36000 r-xp 00000000 fd:02 270991733                  /lib/ld-musl-x86_64.so.1
7f47fad36000-7f47fad37000 r--s 00003000 fd:02 271910909                  /home/user/.m2/repository/com/github/joshelser/dropwizard-metrics-hadoop-metrics2-reporter/0.1.2/dropwizard-metrics-hadoop-metrics2-reporter-0.1.2.jar
7f47fad37000-7f47fad38000 r--s 00006000 fd:02 54134937                   /home/user/.m2/repository/org/apache/ratis/ratis-metrics/0.5.0-201fc85-SNAPSHOT/ratis-metrics-0.5.0-201fc85-SNAPSHOT.jar
7f47fad38000-7f47fad3a000 r--s 0000c000 fd:02 54134936                   /home/user/.m2/repository/org/apache/ratis/ratis-client/0.5.0-201fc85-SNAPSHOT/ratis-client-0.5.0-201fc85-SNAPSHOT.jar
7f47fad3a000-7f47fad3f000 r--s 0003a000 fd:02 54134935                   /home/user/.m2/repository/org/apache/ratis/ratis-common/0.5.0-201fc85-SNAPSHOT/ratis-common-0.5.0-201fc85-SNAPSHOT.jar
7f47fad3f000-7f47fad44000 r--s 00053000 fd:02 54134907                   /home/user/.m2/repository/org/apache/ratis/ratis-server/0.5.0-201fc85-SNAPSHOT/ratis-server-0.5.0-201fc85-SNAPSHOT.jar
7f47fad44000-7f47fad47000 r--s 000fd000 fd:02 272237121                  /home/user/.m2/repository/org/fusesource/leveldbjni/leveldbjni-all/1.8/leveldbjni-all-1.8.jar
7f47fad47000-7f47fad49000 r--s 00005000 fd:02 271975437                  /home/user/.m2/repository/javax/annotation/javax.annotation-api/1.2/javax.annotation-api-1.2.jar
7f47fad49000-7f47fad4b000 r--s 00002000 fd:02 272171768                  /home/user/.m2/repository/org/apache/maven/surefire/surefire-logger-api/3.0.0-M1/surefire-logger-api-3.0.0-M1.jar
7f47fad4b000-7f47fad50000 r--s 00027000 fd:02 272171750                  /home/user/.m2/repository/org/apache/maven/surefire/surefire-api/3.0.0-M1/surefire-api-3.0.0-M1.jar
7f47fad50000-7f47fad56000 r--s 00047000 fd:02 272171759                  /home/user/.m2/repository/org/apache/maven/surefire/surefire-booter/3.0.0-M1/surefire-booter-3.0.0-M1.jar
7f47fad56000-7f47fad57000 r--s 00004000 fd:05 9569175                    /workdir/hadoop-hdds/server-scm/target/surefire/surefirebooter4778685365839252298.jar
7f47fad57000-7f47fad58000 r--s 00000000 fd:02 164495883                  /etc/localtime
7f47fad58000-7f47fae29000 rw-p 00000000 00:00 0 
7f47fae29000-7f47fae31000 rw-s 00000000 fd:02 54135554                   /tmp/hsperfdata_jenkins1000/6033
7f47fae31000-7f47fae32000 rw-p 00000000 00:00 0 
7f47fae32000-7f47fae33000 r--p 00000000 00:00 0 
7f47fae33000-7f47fae35000 ---p 00000000 00:00 0 
7f47fae35000-7f47fae38000 ---p 00000000 00:00 0 
7f47fae38000-7f47faf36000 rw-p 00000000 00:00 0 
7f47faf36000-7f47faf37000 r--p 0008d000 fd:02 270991733                  /lib/ld-musl-x86_64.so.1
7f47faf37000-7f47faf38000 rw-p 0008e000 fd:02 270991733                  /lib/ld-musl-x86_64.so.1
7f47faf38000-7f47faf3b000 rw-p 00000000 00:00 0 
7fffb6a99000-7fffb6abb000 rw-p 00000000 00:00 0                          [stack]
7fffb6b41000-7fffb6b43000 r-xp 00000000 00:00 0                          [vdso]
ffffffffff600000-ffffffffff601000 r-xp 00000000 00:00 0                  [vsyscall]

VM Arguments:
jvm_args: -Xmx2048m -XX:+HeapDumpOnOutOfMemoryError 
java_command: /workdir/hadoop-hdds/server-scm/target/surefire/surefirebooter4778685365839252298.jar /workdir/hadoop-hdds/server-scm/target/surefire 2019-10-04T23-38-56_279-jvmRun1 surefire2860351020457082552tmp surefire_508079636703249599448tmp
java_class_path (initial): /workdir/hadoop-hdds/server-scm/target/surefire/surefirebooter4778685365839252298.jar
Launcher Type: SUN_STANDARD

Environment Variables:
PATH=/usr/local/sbin:/usr/local/bin:/usr/sbin:/usr/bin:/sbin:/bin:/opt/findbugs/bin:/opt/blockade/bin
LD_LIBRARY_PATH=/usr/lib/jvm/java-1.8-openjdk/jre/lib/amd64/server:/usr/lib/jvm/java-1.8-openjdk/jre/lib/amd64:/usr/lib/jvm/java-1.8-openjdk/jre/../lib/amd64:/workdir/hadoop-hdds/server-scm/target/native/target/usr/local/lib:/workdir/hadoop-hdds/server-scm/../../hadoop-common-project/hadoop-common/target/native/target/usr/local/lib
DYLD_LIBRARY_PATH=${env.DYLD_LIBRARY_PATH}:/workdir/hadoop-hdds/server-scm/target/native/target/usr/local/lib:/workdir/hadoop-hdds/server-scm/../../hadoop-common-project/hadoop-common/target/native/target/usr/local/lib

Signal Handlers:
SIGSEGV: [libjvm.so+0x600fd2], sa_mask[0]=11111111011111111101111111111110, sa_flags=SA_RESTART|SA_SIGINFO
SIGBUS: [libjvm.so+0x600fd2], sa_mask[0]=11111111011111111101111111111110, sa_flags=SA_RESTART|SA_SIGINFO
SIGFPE: [libjvm.so+0x539502], sa_mask[0]=11111111011111111101111111111110, sa_flags=SA_RESTART|SA_SIGINFO
SIGPIPE: [libjvm.so+0x539502], sa_mask[0]=11111111011111111101111111111110, sa_flags=SA_RESTART|SA_SIGINFO
SIGXFSZ: [libjvm.so+0x539502], sa_mask[0]=11111111011111111101111111111110, sa_flags=SA_RESTART|SA_SIGINFO
SIGILL: [libjvm.so+0x539502], sa_mask[0]=11111111011111111101111111111110, sa_flags=SA_RESTART|SA_SIGINFO
SIGUSR1: SIG_DFL, sa_mask[0]=00000000000000000000000000000000, sa_flags=none
SIGUSR2: [libjvm.so+0x5396a1], sa_mask[0]=00100000000000000000000000000000, sa_flags=SA_RESTART|SA_SIGINFO
SIGHUP: [libjvm.so+0x53b719], sa_mask[0]=11111111011111111101111111111110, sa_flags=SA_RESTART|SA_SIGINFO
SIGINT: [libjvm.so+0x53b719], sa_mask[0]=11111111011111111101111111111110, sa_flags=SA_RESTART|SA_SIGINFO
SIGTERM: [libjvm.so+0x53b719], sa_mask[0]=11111111011111111101111111111110, sa_flags=SA_RESTART|SA_SIGINFO
SIGQUIT: [libjvm.so+0x53b719], sa_mask[0]=11111111011111111101111111111110, sa_flags=SA_RESTART|SA_SIGINFO


---------------  S Y S T E M  ---------------

OS:NAME="Alpine Linux"
ID=alpine
VERSION_ID=3.8.2
PRETTY_NAME="Alpine Linux v3.8"
HOME_URL="http://alpinelinux.org"
BUG_REPORT_URL="http://bugs.alpinelinux.org"

uname:Linux 3.10.0-957.12.2.el7.x86_64 #1 SMP Tue May 14 21:24:32 UTC 2019 x86_64
libc:glibc 2.9 NPTL 
rlimit: STACK 8192k, CORE infinity, NPROC 1048576, NOFILE 1048576, AS infinity
load average:3.99 2.84 2.00

/proc/meminfo:
MemTotal:       263864160 kB
MemFree:         1548424 kB
MemAvailable:   240991928 kB
Buffers:        20591960 kB
Cached:         204806948 kB
SwapCached:            0 kB
Active:         135610092 kB
Inactive:       104463084 kB
Active(anon):   17512244 kB
Inactive(anon):  1517544 kB
Active(file):   118097848 kB
Inactive(file): 102945540 kB
Unevictable:       13856 kB
Mlocked:           13856 kB
SwapTotal:             0 kB
SwapFree:              0 kB
Dirty:           3093956 kB
Writeback:             0 kB
AnonPages:      14688796 kB
Mapped:           280676 kB
Shmem:           4351372 kB
Slab:           20467348 kB
SReclaimable:   19284320 kB
SUnreclaim:      1183028 kB
KernelStack:       50448 kB
PageTables:        50888 kB
NFS_Unstable:          0 kB
Bounce:                0 kB
WritebackTmp:          0 kB
CommitLimit:    131932080 kB
Committed_AS:   36998360 kB
VmallocTotal:   34359738367 kB
VmallocUsed:      727364 kB
VmallocChunk:   34224635352 kB
HardwareCorrupted:     0 kB
AnonHugePages:   2357248 kB
CmaTotal:              0 kB
CmaFree:               0 kB
HugePages_Total:       0
HugePages_Free:        0
HugePages_Rsvd:        0
HugePages_Surp:        0
Hugepagesize:       2048 kB
DirectMap4k:      367336 kB
DirectMap2M:    26787840 kB
DirectMap1G:    243269632 kB

container (cgroup) information:
container_type: cgroupv1
cpu_cpuset_cpus: 0-31
cpu_memory_nodes: 0-1
active_processor_count: 2
cpu_quota: -1
cpu_period: 100000
cpu_shares: 2048
memory_limit_in_bytes: -1
memory_and_swap_limit_in_bytes: -1
memory_soft_limit_in_bytes: -1
memory_usage_in_bytes: 4699095040
memory_max_usage_in_bytes: 4708057088


CPU:total 32 (initial active 2) (8 cores per cpu, 2 threads per core) family 6 model 63 stepping 2, cmov, cx8, fxsr, mmx, sse, sse2, sse3, ssse3, sse4.1, sse4.2, popcnt, avx, avx2, aes, clmul, erms, lzcnt, ht, tsc, tscinvbit, bmi1, bmi2

/proc/cpuinfo:
processor	: 0
vendor_id	: GenuineIntel
cpu family	: 6
model		: 63
model name	: Intel(R) Xeon(R) CPU E5-2630 v3 @ 2.40GHz
stepping	: 2
microcode	: 0x43
cpu MHz		: 2599.951
cache size	: 20480 KB
physical id	: 0
siblings	: 16
core id		: 0
cpu cores	: 8
apicid		: 0
initial apicid	: 0
fpu		: yes
fpu_exception	: yes
cpuid level	: 15
wp		: yes
flags		: fpu vme de pse tsc msr pae mce cx8 apic sep mtrr pge mca cmov pat pse36 clflush dts acpi mmx fxsr sse sse2 ss ht tm pbe syscall nx pdpe1gb rdtscp lm constant_tsc arch_perfmon pebs bts rep_good nopl xtopology nonstop_tsc aperfmperf eagerfpu pni pclmulqdq dtes64 monitor ds_cpl vmx smx est tm2 ssse3 sdbg fma cx16 xtpr pdcm pcid dca sse4_1 sse4_2 x2apic movbe popcnt tsc_deadline_timer aes xsave avx f16c rdrand lahf_lm abm epb intel_ppin ssbd ibrs ibpb stibp tpr_shadow vnmi flexpriority ept vpid fsgsbase tsc_adjust bmi1 avx2 smep bmi2 erms invpcid cqm xsaveopt cqm_llc cqm_occup_llc dtherm ida arat pln pts md_clear spec_ctrl intel_stibp flush_l1d
bogomips	: 4788.55
clflush size	: 64
cache_alignment	: 64
address sizes	: 46 bits physical, 48 bits virtual
power management:

processor	: 1
vendor_id	: GenuineIntel
cpu family	: 6
model		: 63
model name	: Intel(R) Xeon(R) CPU E5-2630 v3 @ 2.40GHz
stepping	: 2
microcode	: 0x43
cpu MHz		: 1711.083
cache size	: 20480 KB
physical id	: 0
siblings	: 16
core id		: 1
cpu cores	: 8
apicid		: 2
initial apicid	: 2
fpu		: yes
fpu_exception	: yes
cpuid level	: 15
wp		: yes
flags		: fpu vme de pse tsc msr pae mce cx8 apic sep mtrr pge mca cmov pat pse36 clflush dts acpi mmx fxsr sse sse2 ss ht tm pbe syscall nx pdpe1gb rdtscp lm constant_tsc arch_perfmon pebs bts rep_good nopl xtopology nonstop_tsc aperfmperf eagerfpu pni pclmulqdq dtes64 monitor ds_cpl vmx smx est tm2 ssse3 sdbg fma cx16 xtpr pdcm pcid dca sse4_1 sse4_2 x2apic movbe popcnt tsc_deadline_timer aes xsave avx f16c rdrand lahf_lm abm epb intel_ppin ssbd ibrs ibpb stibp tpr_shadow vnmi flexpriority ept vpid fsgsbase tsc_adjust bmi1 avx2 smep bmi2 erms invpcid cqm xsaveopt cqm_llc cqm_occup_llc dtherm ida arat pln pts md_clear spec_ctrl intel_stibp flush_l1d
bogomips	: 4788.55
clflush size	: 64
cache_alignment	: 64
address sizes	: 46 bits physical, 48 bits virtual
power management:

processor	: 2
vendor_id	: GenuineIntel
cpu family	: 6
model		: 63
model name	: Intel(R) Xeon(R) CPU E5-2630 v3 @ 2.40GHz
stepping	: 2
microcode	: 0x43
cpu MHz		: 1646.044
cache size	: 20480 KB
physical id	: 0
siblings	: 16
core id		: 2
cpu cores	: 8
apicid		: 4
initial apicid	: 4
fpu		: yes
fpu_exception	: yes
cpuid level	: 15
wp		: yes
flags		: fpu vme de pse tsc msr pae mce cx8 apic sep mtrr pge mca cmov pat pse36 clflush dts acpi mmx fxsr sse sse2 ss ht tm pbe syscall nx pdpe1gb rdtscp lm constant_tsc arch_perfmon pebs bts rep_good nopl xtopology nonstop_tsc aperfmperf eagerfpu pni pclmulqdq dtes64 monitor ds_cpl vmx smx est tm2 ssse3 sdbg fma cx16 xtpr pdcm pcid dca sse4_1 sse4_2 x2apic movbe popcnt tsc_deadline_timer aes xsave avx f16c rdrand lahf_lm abm epb intel_ppin ssbd ibrs ibpb stibp tpr_shadow vnmi flexpriority ept vpid fsgsbase tsc_adjust bmi1 avx2 smep bmi2 erms invpcid cqm xsaveopt cqm_llc cqm_occup_llc dtherm ida arat pln pts md_clear spec_ctrl intel_stibp flush_l1d
bogomips	: 4788.55
clflush size	: 64
cache_alignment	: 64
address sizes	: 46 bits physical, 48 bits virtual
power management:

processor	: 3
vendor_id	: GenuineIntel
cpu family	: 6
model		: 63
model name	: Intel(R) Xeon(R) CPU E5-2630 v3 @ 2.40GHz
stepping	: 2
microcode	: 0x43
cpu MHz		: 1599.902
cache size	: 20480 KB
physical id	: 0
siblings	: 16
core id		: 3
cpu cores	: 8
apicid		: 6
initial apicid	: 6
fpu		: yes
fpu_exception	: yes
cpuid level	: 15
wp		: yes
flags		: fpu vme de pse tsc msr pae mce cx8 apic sep mtrr pge mca cmov pat pse36 clflush dts acpi mmx fxsr sse sse2 ss ht tm pbe syscall nx pdpe1gb rdtscp lm constant_tsc arch_perfmon pebs bts rep_good nopl xtopology nonstop_tsc aperfmperf eagerfpu pni pclmulqdq dtes64 monitor ds_cpl vmx smx est tm2 ssse3 sdbg fma cx16 xtpr pdcm pcid dca sse4_1 sse4_2 x2apic movbe popcnt tsc_deadline_timer aes xsave avx f16c rdrand lahf_lm abm epb intel_ppin ssbd ibrs ibpb stibp tpr_shadow vnmi flexpriority ept vpid fsgsbase tsc_adjust bmi1 avx2 smep bmi2 erms invpcid cqm xsaveopt cqm_llc cqm_occup_llc dtherm ida arat pln pts md_clear spec_ctrl intel_stibp flush_l1d
bogomips	: 4788.55
clflush size	: 64
cache_alignment	: 64
address sizes	: 46 bits physical, 48 bits virtual
power management:

processor	: 4
vendor_id	: GenuineIntel
cpu family	: 6
model		: 63
model name	: Intel(R) Xeon(R) CPU E5-2630 v3 @ 2.40GHz
stepping	: 2
microcode	: 0x43
cpu MHz		: 2399.853
cache size	: 20480 KB
physical id	: 0
siblings	: 16
core id		: 4
cpu cores	: 8
apicid		: 8
initial apicid	: 8
fpu		: yes
fpu_exception	: yes
cpuid level	: 15
wp		: yes
flags		: fpu vme de pse tsc msr pae mce cx8 apic sep mtrr pge mca cmov pat pse36 clflush dts acpi mmx fxsr sse sse2 ss ht tm pbe syscall nx pdpe1gb rdtscp lm constant_tsc arch_perfmon pebs bts rep_good nopl xtopology nonstop_tsc aperfmperf eagerfpu pni pclmulqdq dtes64 monitor ds_cpl vmx smx est tm2 ssse3 sdbg fma cx16 xtpr pdcm pcid dca sse4_1 sse4_2 x2apic movbe popcnt tsc_deadline_timer aes xsave avx f16c rdrand lahf_lm abm epb intel_ppin ssbd ibrs ibpb stibp tpr_shadow vnmi flexpriority ept vpid fsgsbase tsc_adjust bmi1 avx2 smep bmi2 erms invpcid cqm xsaveopt cqm_llc cqm_occup_llc dtherm ida arat pln pts md_clear spec_ctrl intel_stibp flush_l1d
bogomips	: 4788.55
clflush size	: 64
cache_alignment	: 64
address sizes	: 46 bits physical, 48 bits virtual
power management:

processor	: 5
vendor_id	: GenuineIntel
cpu family	: 6
model		: 63
model name	: Intel(R) Xeon(R) CPU E5-2630 v3 @ 2.40GHz
stepping	: 2
microcode	: 0x43
cpu MHz		: 2399.853
cache size	: 20480 KB
physical id	: 0
siblings	: 16
core id		: 5
cpu cores	: 8
apicid		: 10
initial apicid	: 10
fpu		: yes
fpu_exception	: yes
cpuid level	: 15
wp		: yes
flags		: fpu vme de pse tsc msr pae mce cx8 apic sep mtrr pge mca cmov pat pse36 clflush dts acpi mmx fxsr sse sse2 ss ht tm pbe syscall nx pdpe1gb rdtscp lm constant_tsc arch_perfmon pebs bts rep_good nopl xtopology nonstop_tsc aperfmperf eagerfpu pni pclmulqdq dtes64 monitor ds_cpl vmx smx est tm2 ssse3 sdbg fma cx16 xtpr pdcm pcid dca sse4_1 sse4_2 x2apic movbe popcnt tsc_deadline_timer aes xsave avx f16c rdrand lahf_lm abm epb intel_ppin ssbd ibrs ibpb stibp tpr_shadow vnmi flexpriority ept vpid fsgsbase tsc_adjust bmi1 avx2 smep bmi2 erms invpcid cqm xsaveopt cqm_llc cqm_occup_llc dtherm ida arat pln pts md_clear spec_ctrl intel_stibp flush_l1d
bogomips	: 4788.55
clflush size	: 64
cache_alignment	: 64
address sizes	: 46 bits physical, 48 bits virtual
power management:

processor	: 6
vendor_id	: GenuineIntel
cpu family	: 6
model		: 63
model name	: Intel(R) Xeon(R) CPU E5-2630 v3 @ 2.40GHz
stepping	: 2
microcode	: 0x43
cpu MHz		: 1597.558
cache size	: 20480 KB
physical id	: 0
siblings	: 16
core id		: 6
cpu cores	: 8
apicid		: 12
initial apicid	: 12
fpu		: yes
fpu_exception	: yes
cpuid level	: 15
wp		: yes
flags		: fpu vme de pse tsc msr pae mce cx8 apic sep mtrr pge mca cmov pat pse36 clflush dts acpi mmx fxsr sse sse2 ss ht tm pbe syscall nx pdpe1gb rdtscp lm constant_tsc arch_perfmon pebs bts rep_good nopl xtopology nonstop_tsc aperfmperf eagerfpu pni pclmulqdq dtes64 monitor ds_cpl vmx smx est tm2 ssse3 sdbg fma cx16 xtpr pdcm pcid dca sse4_1 sse4_2 x2apic movbe popcnt tsc_deadline_timer aes xsave avx f16c rdrand lahf_lm abm epb intel_ppin ssbd ibrs ibpb stibp tpr_shadow vnmi flexpriority ept vpid fsgsbase tsc_adjust bmi1 avx2 smep bmi2 erms invpcid cqm xsaveopt cqm_llc cqm_occup_llc dtherm ida arat pln pts md_clear spec_ctrl intel_stibp flush_l1d
bogomips	: 4788.55
clflush size	: 64
cache_alignment	: 64
address sizes	: 46 bits physical, 48 bits virtual
power management:

processor	: 7
vendor_id	: GenuineIntel
cpu family	: 6
model		: 63
model name	: Intel(R) Xeon(R) CPU E5-2630 v3 @ 2.40GHz
stepping	: 2
microcode	: 0x43
cpu MHz		: 1802.929
cache size	: 20480 KB
physical id	: 0
siblings	: 16
core id		: 7
cpu cores	: 8
apicid		: 14
initial apicid	: 14
fpu		: yes
fpu_exception	: yes
cpuid level	: 15
wp		: yes
flags		: fpu vme de pse tsc msr pae mce cx8 apic sep mtrr pge mca cmov pat pse36 clflush dts acpi mmx fxsr sse sse2 ss ht tm pbe syscall nx pdpe1gb rdtscp lm constant_tsc arch_perfmon pebs bts rep_good nopl xtopology nonstop_tsc aperfmperf eagerfpu pni pclmulqdq dtes64 monitor ds_cpl vmx smx est tm2 ssse3 sdbg fma cx16 xtpr pdcm pcid dca sse4_1 sse4_2 x2apic movbe popcnt tsc_deadline_timer aes xsave avx f16c rdrand lahf_lm abm epb intel_ppin ssbd ibrs ibpb stibp tpr_shadow vnmi flexpriority ept vpid fsgsbase tsc_adjust bmi1 avx2 smep bmi2 erms invpcid cqm xsaveopt cqm_llc cqm_occup_llc dtherm ida arat pln pts md_clear spec_ctrl intel_stibp flush_l1d
bogomips	: 4788.55
clflush size	: 64
cache_alignment	: 64
address sizes	: 46 bits physical, 48 bits virtual
power management:

processor	: 8
vendor_id	: GenuineIntel
cpu family	: 6
model		: 63
model name	: Intel(R) Xeon(R) CPU E5-2630 v3 @ 2.40GHz
stepping	: 2
microcode	: 0x43
cpu MHz		: 1499.267
cache size	: 20480 KB
physical id	: 1
siblings	: 16
core id		: 0
cpu cores	: 8
apicid		: 16
initial apicid	: 16
fpu		: yes
fpu_exception	: yes
cpuid level	: 15
wp		: yes
flags		: fpu vme de pse tsc msr pae mce cx8 apic sep mtrr pge mca cmov pat pse36 clflush dts acpi mmx fxsr sse sse2 ss ht tm pbe syscall nx pdpe1gb rdtscp lm constant_tsc arch_perfmon pebs bts rep_good nopl xtopology nonstop_tsc aperfmperf eagerfpu pni pclmulqdq dtes64 monitor ds_cpl vmx smx est tm2 ssse3 sdbg fma cx16 xtpr pdcm pcid dca sse4_1 sse4_2 x2apic movbe popcnt tsc_deadline_timer aes xsave avx f16c rdrand lahf_lm abm epb intel_ppin ssbd ibrs ibpb stibp tpr_shadow vnmi flexpriority ept vpid fsgsbase tsc_adjust bmi1 avx2 smep bmi2 erms invpcid cqm xsaveopt cqm_llc cqm_occup_llc dtherm ida arat pln pts md_clear spec_ctrl intel_stibp flush_l1d
bogomips	: 4794.34
clflush size	: 64
cache_alignment	: 64
address sizes	: 46 bits physical, 48 bits virtual
power management:

processor	: 9
vendor_id	: GenuineIntel
cpu family	: 6
model		: 63
model name	: Intel(R) Xeon(R) CPU E5-2630 v3 @ 2.40GHz
stepping	: 2
microcode	: 0x43
cpu MHz		: 1499.853
cache size	: 20480 KB
physical id	: 1
siblings	: 16
core id		: 1
cpu cores	: 8
apicid		: 18
initial apicid	: 18
fpu		: yes
fpu_exception	: yes
cpuid level	: 15
wp		: yes
flags		: fpu vme de pse tsc msr pae mce cx8 apic sep mtrr pge mca cmov pat pse36 clflush dts acpi mmx fxsr sse sse2 ss ht tm pbe syscall nx pdpe1gb rdtscp lm constant_tsc arch_perfmon pebs bts rep_good nopl xtopology nonstop_tsc aperfmperf eagerfpu pni pclmulqdq dtes64 monitor ds_cpl vmx smx est tm2 ssse3 sdbg fma cx16 xtpr pdcm pcid dca sse4_1 sse4_2 x2apic movbe popcnt tsc_deadline_timer aes xsave avx f16c rdrand lahf_lm abm epb intel_ppin ssbd ibrs ibpb stibp tpr_shadow vnmi flexpriority ept vpid fsgsbase tsc_adjust bmi1 avx2 smep bmi2 erms invpcid cqm xsaveopt cqm_llc cqm_occup_llc dtherm ida arat pln pts md_clear spec_ctrl intel_stibp flush_l1d
bogomips	: 4794.34
clflush size	: 64
cache_alignment	: 64
address sizes	: 46 bits physical, 48 bits virtual
power management:

processor	: 10
vendor_id	: GenuineIntel
cpu family	: 6
model		: 63
model name	: Intel(R) Xeon(R) CPU E5-2630 v3 @ 2.40GHz
stepping	: 2
microcode	: 0x43
cpu MHz		: 1795.605
cache size	: 20480 KB
physical id	: 1
siblings	: 16
core id		: 2
cpu cores	: 8
apicid		: 20
initial apicid	: 20
fpu		: yes
fpu_exception	: yes
cpuid level	: 15
wp		: yes
flags		: fpu vme de pse tsc msr pae mce cx8 apic sep mtrr pge mca cmov pat pse36 clflush dts acpi mmx fxsr sse sse2 ss ht tm pbe syscall nx pdpe1gb rdtscp lm constant_tsc arch_perfmon pebs bts rep_good nopl xtopology nonstop_tsc aperfmperf eagerfpu pni pclmulqdq dtes64 monitor ds_cpl vmx smx est tm2 ssse3 sdbg fma cx16 xtpr pdcm pcid dca sse4_1 sse4_2 x2apic movbe popcnt tsc_deadline_timer aes xsave avx f16c rdrand lahf_lm abm epb intel_ppin ssbd ibrs ibpb stibp tpr_shadow vnmi flexpriority ept vpid fsgsbase tsc_adjust bmi1 avx2 smep bmi2 erms invpcid cqm xsaveopt cqm_llc cqm_occup_llc dtherm ida arat pln pts md_clear spec_ctrl intel_stibp flush_l1d
bogomips	: 4794.34
clflush size	: 64
cache_alignment	: 64
address sizes	: 46 bits physical, 48 bits virtual
power management:

processor	: 11
vendor_id	: GenuineIntel
cpu family	: 6
model		: 63
model name	: Intel(R) Xeon(R) CPU E5-2630 v3 @ 2.40GHz
stepping	: 2
microcode	: 0x43
cpu MHz		: 2333.203
cache size	: 20480 KB
physical id	: 1
siblings	: 16
core id		: 3
cpu cores	: 8
apicid		: 22
initial apicid	: 22
fpu		: yes
fpu_exception	: yes
cpuid level	: 15
wp		: yes
flags		: fpu vme de pse tsc msr pae mce cx8 apic sep mtrr pge mca cmov pat pse36 clflush dts acpi mmx fxsr sse sse2 ss ht tm pbe syscall nx pdpe1gb rdtscp lm constant_tsc arch_perfmon pebs bts rep_good nopl xtopology nonstop_tsc aperfmperf eagerfpu pni pclmulqdq dtes64 monitor ds_cpl vmx smx est tm2 ssse3 sdbg fma cx16 xtpr pdcm pcid dca sse4_1 sse4_2 x2apic movbe popcnt tsc_deadline_timer aes xsave avx f16c rdrand lahf_lm abm epb intel_ppin ssbd ibrs ibpb stibp tpr_shadow vnmi flexpriority ept vpid fsgsbase tsc_adjust bmi1 avx2 smep bmi2 erms invpcid cqm xsaveopt cqm_llc cqm_occup_llc dtherm ida arat pln pts md_clear spec_ctrl intel_stibp flush_l1d
bogomips	: 4794.34
clflush size	: 64
cache_alignment	: 64
address sizes	: 46 bits physical, 48 bits virtual
power management:

processor	: 12
vendor_id	: GenuineIntel
cpu family	: 6
model		: 63
model name	: Intel(R) Xeon(R) CPU E5-2630 v3 @ 2.40GHz
stepping	: 2
microcode	: 0x43
cpu MHz		: 1632.275
cache size	: 20480 KB
physical id	: 1
siblings	: 16
core id		: 4
cpu cores	: 8
apicid		: 24
initial apicid	: 24
fpu		: yes
fpu_exception	: yes
cpuid level	: 15
wp		: yes
flags		: fpu vme de pse tsc msr pae mce cx8 apic sep mtrr pge mca cmov pat pse36 clflush dts acpi mmx fxsr sse sse2 ss ht tm pbe syscall nx pdpe1gb rdtscp lm constant_tsc arch_perfmon pebs bts rep_good nopl xtopology nonstop_tsc aperfmperf eagerfpu pni pclmulqdq dtes64 monitor ds_cpl vmx smx est tm2 ssse3 sdbg fma cx16 xtpr pdcm pcid dca sse4_1 sse4_2 x2apic movbe popcnt tsc_deadline_timer aes xsave avx f16c rdrand lahf_lm abm epb intel_ppin ssbd ibrs ibpb stibp tpr_shadow vnmi flexpriority ept vpid fsgsbase tsc_adjust bmi1 avx2 smep bmi2 erms invpcid cqm xsaveopt cqm_llc cqm_occup_llc dtherm ida arat pln pts md_clear spec_ctrl intel_stibp flush_l1d
bogomips	: 4794.34
clflush size	: 64
cache_alignment	: 64
address sizes	: 46 bits physical, 48 bits virtual
power management:

processor	: 13
vendor_id	: GenuineIntel
cpu family	: 6
model		: 63
model name	: Intel(R) Xeon(R) CPU E5-2630 v3 @ 2.40GHz
stepping	: 2
microcode	: 0x43
cpu MHz		: 1699.951
cache size	: 20480 KB
physical id	: 1
siblings	: 16
core id		: 5
cpu cores	: 8
apicid		: 26
initial apicid	: 26
fpu		: yes
fpu_exception	: yes
cpuid level	: 15
wp		: yes
flags		: fpu vme de pse tsc msr pae mce cx8 apic sep mtrr pge mca cmov pat pse36 clflush dts acpi mmx fxsr sse sse2 ss ht tm pbe syscall nx pdpe1gb rdtscp lm constant_tsc arch_perfmon pebs bts rep_good nopl xtopology nonstop_tsc aperfmperf eagerfpu pni pclmulqdq dtes64 monitor ds_cpl vmx smx est tm2 ssse3 sdbg fma cx16 xtpr pdcm pcid dca sse4_1 sse4_2 x2apic movbe popcnt tsc_deadline_timer aes xsave avx f16c rdrand lahf_lm abm epb intel_ppin ssbd ibrs ibpb stibp tpr_shadow vnmi flexpriority ept vpid fsgsbase tsc_adjust bmi1 avx2 smep bmi2 erms invpcid cqm xsaveopt cqm_llc cqm_occup_llc dtherm ida arat pln pts md_clear spec_ctrl intel_stibp flush_l1d
bogomips	: 4794.34
clflush size	: 64
cache_alignment	: 64
address sizes	: 46 bits physical, 48 bits virtual
power management:

processor	: 14
vendor_id	: GenuineIntel
cpu family	: 6
model		: 63
model name	: Intel(R) Xeon(R) CPU E5-2630 v3 @ 2.40GHz
stepping	: 2
microcode	: 0x43
cpu MHz		: 1488.574
cache size	: 20480 KB
physical id	: 1
siblings	: 16
core id		: 6
cpu cores	: 8
apicid		: 28
initial apicid	: 28
fpu		: yes
fpu_exception	: yes
cpuid level	: 15
wp		: yes
flags		: fpu vme de pse tsc msr pae mce cx8 apic sep mtrr pge mca cmov pat pse36 clflush dts acpi mmx fxsr sse sse2 ss ht tm pbe syscall nx pdpe1gb rdtscp lm constant_tsc arch_perfmon pebs bts rep_good nopl xtopology nonstop_tsc aperfmperf eagerfpu pni pclmulqdq dtes64 monitor ds_cpl vmx smx est tm2 ssse3 sdbg fma cx16 xtpr pdcm pcid dca sse4_1 sse4_2 x2apic movbe popcnt tsc_deadline_timer aes xsave avx f16c rdrand lahf_lm abm epb intel_ppin ssbd ibrs ibpb stibp tpr_shadow vnmi flexpriority ept vpid fsgsbase tsc_adjust bmi1 avx2 smep bmi2 erms invpcid cqm xsaveopt cqm_llc cqm_occup_llc dtherm ida arat pln pts md_clear spec_ctrl intel_stibp flush_l1d
bogomips	: 4794.34
clflush size	: 64
cache_alignment	: 64
address sizes	: 46 bits physical, 48 bits virtual
power management:

processor	: 15
vendor_id	: GenuineIntel
cpu family	: 6
model		: 63
model name	: Intel(R) Xeon(R) CPU E5-2630 v3 @ 2.40GHz
stepping	: 2
microcode	: 0x43
cpu MHz		: 1697.900
cache size	: 20480 KB
physical id	: 1
siblings	: 16
core id		: 7
cpu cores	: 8
apicid		: 30
initial apicid	: 30
fpu		: yes
fpu_exception	: yes
cpuid level	: 15
wp		: yes
flags		: fpu vme de pse tsc msr pae mce cx8 apic sep mtrr pge mca cmov pat pse36 clflush dts acpi mmx fxsr sse sse2 ss ht tm pbe syscall nx pdpe1gb rdtscp lm constant_tsc arch_perfmon pebs bts rep_good nopl xtopology nonstop_tsc aperfmperf eagerfpu pni pclmulqdq dtes64 monitor ds_cpl vmx smx est tm2 ssse3 sdbg fma cx16 xtpr pdcm pcid dca sse4_1 sse4_2 x2apic movbe popcnt tsc_deadline_timer aes xsave avx f16c rdrand lahf_lm abm epb intel_ppin ssbd ibrs ibpb stibp tpr_shadow vnmi flexpriority ept vpid fsgsbase tsc_adjust bmi1 avx2 smep bmi2 erms invpcid cqm xsaveopt cqm_llc cqm_occup_llc dtherm ida arat pln pts md_clear spec_ctrl intel_stibp flush_l1d
bogomips	: 4794.34
clflush size	: 64
cache_alignment	: 64
address sizes	: 46 bits physical, 48 bits virtual
power management:

processor	: 16
vendor_id	: GenuineIntel
cpu family	: 6
model		: 63
model name	: Intel(R) Xeon(R) CPU E5-2630 v3 @ 2.40GHz
stepping	: 2
microcode	: 0x43
cpu MHz		: 2599.804
cache size	: 20480 KB
physical id	: 0
siblings	: 16
core id		: 0
cpu cores	: 8
apicid		: 1
initial apicid	: 1
fpu		: yes
fpu_exception	: yes
cpuid level	: 15
wp		: yes
flags		: fpu vme de pse tsc msr pae mce cx8 apic sep mtrr pge mca cmov pat pse36 clflush dts acpi mmx fxsr sse sse2 ss ht tm pbe syscall nx pdpe1gb rdtscp lm constant_tsc arch_perfmon pebs bts rep_good nopl xtopology nonstop_tsc aperfmperf eagerfpu pni pclmulqdq dtes64 monitor ds_cpl vmx smx est tm2 ssse3 sdbg fma cx16 xtpr pdcm pcid dca sse4_1 sse4_2 x2apic movbe popcnt tsc_deadline_timer aes xsave avx f16c rdrand lahf_lm abm epb intel_ppin ssbd ibrs ibpb stibp tpr_shadow vnmi flexpriority ept vpid fsgsbase tsc_adjust bmi1 avx2 smep bmi2 erms invpcid cqm xsaveopt cqm_llc cqm_occup_llc dtherm ida arat pln pts md_clear spec_ctrl intel_stibp flush_l1d
bogomips	: 4788.55
clflush size	: 64
cache_alignment	: 64
address sizes	: 46 bits physical, 48 bits virtual
power management:

processor	: 17
vendor_id	: GenuineIntel
cpu family	: 6
model		: 63
model name	: Intel(R) Xeon(R) CPU E5-2630 v3 @ 2.40GHz
stepping	: 2
microcode	: 0x43
cpu MHz		: 1693.066
cache size	: 20480 KB
physical id	: 0
siblings	: 16
core id		: 1
cpu cores	: 8
apicid		: 3
initial apicid	: 3
fpu		: yes
fpu_exception	: yes
cpuid level	: 15
wp		: yes
flags		: fpu vme de pse tsc msr pae mce cx8 apic sep mtrr pge mca cmov pat pse36 clflush dts acpi mmx fxsr sse sse2 ss ht tm pbe syscall nx pdpe1gb rdtscp lm constant_tsc arch_perfmon pebs bts rep_good nopl xtopology nonstop_tsc aperfmperf eagerfpu pni pclmulqdq dtes64 monitor ds_cpl vmx smx est tm2 ssse3 sdbg fma cx16 xtpr pdcm pcid dca sse4_1 sse4_2 x2apic movbe popcnt tsc_deadline_timer aes xsave avx f16c rdrand lahf_lm abm epb intel_ppin ssbd ibrs ibpb stibp tpr_shadow vnmi flexpriority ept vpid fsgsbase tsc_adjust bmi1 avx2 smep bmi2 erms invpcid cqm xsaveopt cqm_llc cqm_occup_llc dtherm ida arat pln pts md_clear spec_ctrl intel_stibp flush_l1d
bogomips	: 4788.55
clflush size	: 64
cache_alignment	: 64
address sizes	: 46 bits physical, 48 bits virtual
power management:

processor	: 18
vendor_id	: GenuineIntel
cpu family	: 6
model		: 63
model name	: Intel(R) Xeon(R) CPU E5-2630 v3 @ 2.40GHz
stepping	: 2
microcode	: 0x43
cpu MHz		: 1594.482
cache size	: 20480 KB
physical id	: 0
siblings	: 16
core id		: 2
cpu cores	: 8
apicid		: 5
initial apicid	: 5
fpu		: yes
fpu_exception	: yes
cpuid level	: 15
wp		: yes
flags		: fpu vme de pse tsc msr pae mce cx8 apic sep mtrr pge mca cmov pat pse36 clflush dts acpi mmx fxsr sse sse2 ss ht tm pbe syscall nx pdpe1gb rdtscp lm constant_tsc arch_perfmon pebs bts rep_good nopl xtopology nonstop_tsc aperfmperf eagerfpu pni pclmulqdq dtes64 monitor ds_cpl vmx smx est tm2 ssse3 sdbg fma cx16 xtpr pdcm pcid dca sse4_1 sse4_2 x2apic movbe popcnt tsc_deadline_timer aes xsave avx f16c rdrand lahf_lm abm epb intel_ppin ssbd ibrs ibpb stibp tpr_shadow vnmi flexpriority ept vpid fsgsbase tsc_adjust bmi1 avx2 smep bmi2 erms invpcid cqm xsaveopt cqm_llc cqm_occup_llc dtherm ida arat pln pts md_clear spec_ctrl intel_stibp flush_l1d
bogomips	: 4788.55
clflush size	: 64
cache_alignment	: 64
address sizes	: 46 bits physical, 48 bits virtual
power management:

processor	: 19
vendor_id	: GenuineIntel
cpu family	: 6
model		: 63
model name	: Intel(R) Xeon(R) CPU E5-2630 v3 @ 2.40GHz
stepping	: 2
microcode	: 0x43
cpu MHz		: 1594.335
cache size	: 20480 KB
physical id	: 0
siblings	: 16
core id		: 3
cpu cores	: 8
apicid		: 7
initial apicid	: 7
fpu		: yes
fpu_exception	: yes
cpuid level	: 15
wp		: yes
flags		: fpu vme de pse tsc msr pae mce cx8 apic sep mtrr pge mca cmov pat pse36 clflush dts acpi mmx fxsr sse sse2 ss ht tm pbe syscall nx pdpe1gb rdtscp lm constant_tsc arch_perfmon pebs bts rep_good nopl xtopology nonstop_tsc aperfmperf eagerfpu pni pclmulqdq dtes64 monitor ds_cpl vmx smx est tm2 ssse3 sdbg fma cx16 xtpr pdcm pcid dca sse4_1 sse4_2 x2apic movbe popcnt tsc_deadline_timer aes xsave avx f16c rdrand lahf_lm abm epb intel_ppin ssbd ibrs ibpb stibp tpr_shadow vnmi flexpriority ept vpid fsgsbase tsc_adjust bmi1 avx2 smep bmi2 erms invpcid cqm xsaveopt cqm_llc cqm_occup_llc dtherm ida arat pln pts md_clear spec_ctrl intel_stibp flush_l1d
bogomips	: 4788.55
clflush size	: 64
cache_alignment	: 64
address sizes	: 46 bits physical, 48 bits virtual
power management:

processor	: 20
vendor_id	: GenuineIntel
cpu family	: 6
model		: 63
model name	: Intel(R) Xeon(R) CPU E5-2630 v3 @ 2.40GHz
stepping	: 2
microcode	: 0x43
cpu MHz		: 2399.853
cache size	: 20480 KB
physical id	: 0
siblings	: 16
core id		: 4
cpu cores	: 8
apicid		: 9
initial apicid	: 9
fpu		: yes
fpu_exception	: yes
cpuid level	: 15
wp		: yes
flags		: fpu vme de pse tsc msr pae mce cx8 apic sep mtrr pge mca cmov pat pse36 clflush dts acpi mmx fxsr sse sse2 ss ht tm pbe syscall nx pdpe1gb rdtscp lm constant_tsc arch_perfmon pebs bts rep_good nopl xtopology nonstop_tsc aperfmperf eagerfpu pni pclmulqdq dtes64 monitor ds_cpl vmx smx est tm2 ssse3 sdbg fma cx16 xtpr pdcm pcid dca sse4_1 sse4_2 x2apic movbe popcnt tsc_deadline_timer aes xsave avx f16c rdrand lahf_lm abm epb intel_ppin ssbd ibrs ibpb stibp tpr_shadow vnmi flexpriority ept vpid fsgsbase tsc_adjust bmi1 avx2 smep bmi2 erms invpcid cqm xsaveopt cqm_llc cqm_occup_llc dtherm ida arat pln pts md_clear spec_ctrl intel_stibp flush_l1d
bogomips	: 4788.55
clflush size	: 64
cache_alignment	: 64
address sizes	: 46 bits physical, 48 bits virtual
power management:

processor	: 21
vendor_id	: GenuineIntel
cpu family	: 6
model		: 63
model name	: Intel(R) Xeon(R) CPU E5-2630 v3 @ 2.40GHz
stepping	: 2
microcode	: 0x43
cpu MHz		: 2399.853
cache size	: 20480 KB
physical id	: 0
siblings	: 16
core id		: 5
cpu cores	: 8
apicid		: 11
initial apicid	: 11
fpu		: yes
fpu_exception	: yes
cpuid level	: 15
wp		: yes
flags		: fpu vme de pse tsc msr pae mce cx8 apic sep mtrr pge mca cmov pat pse36 clflush dts acpi mmx fxsr sse sse2 ss ht tm pbe syscall nx pdpe1gb rdtscp lm constant_tsc arch_perfmon pebs bts rep_good nopl xtopology nonstop_tsc aperfmperf eagerfpu pni pclmulqdq dtes64 monitor ds_cpl vmx smx est tm2 ssse3 sdbg fma cx16 xtpr pdcm pcid dca sse4_1 sse4_2 x2apic movbe popcnt tsc_deadline_timer aes xsave avx f16c rdrand lahf_lm abm epb intel_ppin ssbd ibrs ibpb stibp tpr_shadow vnmi flexpriority ept vpid fsgsbase tsc_adjust bmi1 avx2 smep bmi2 erms invpcid cqm xsaveopt cqm_llc cqm_occup_llc dtherm ida arat pln pts md_clear spec_ctrl intel_stibp flush_l1d
bogomips	: 4788.55
clflush size	: 64
cache_alignment	: 64
address sizes	: 46 bits physical, 48 bits virtual
power management:

processor	: 22
vendor_id	: GenuineIntel
cpu family	: 6
model		: 63
model name	: Intel(R) Xeon(R) CPU E5-2630 v3 @ 2.40GHz
stepping	: 2
microcode	: 0x43
cpu MHz		: 1522.705
cache size	: 20480 KB
physical id	: 0
siblings	: 16
core id		: 6
cpu cores	: 8
apicid		: 13
initial apicid	: 13
fpu		: yes
fpu_exception	: yes
cpuid level	: 15
wp		: yes
flags		: fpu vme de pse tsc msr pae mce cx8 apic sep mtrr pge mca cmov pat pse36 clflush dts acpi mmx fxsr sse sse2 ss ht tm pbe syscall nx pdpe1gb rdtscp lm constant_tsc arch_perfmon pebs bts rep_good nopl xtopology nonstop_tsc aperfmperf eagerfpu pni pclmulqdq dtes64 monitor ds_cpl vmx smx est tm2 ssse3 sdbg fma cx16 xtpr pdcm pcid dca sse4_1 sse4_2 x2apic movbe popcnt tsc_deadline_timer aes xsave avx f16c rdrand lahf_lm abm epb intel_ppin ssbd ibrs ibpb stibp tpr_shadow vnmi flexpriority ept vpid fsgsbase tsc_adjust bmi1 avx2 smep bmi2 erms invpcid cqm xsaveopt cqm_llc cqm_occup_llc dtherm ida arat pln pts md_clear spec_ctrl intel_stibp flush_l1d
bogomips	: 4788.55
clflush size	: 64
cache_alignment	: 64
address sizes	: 46 bits physical, 48 bits virtual
power management:

processor	: 23
vendor_id	: GenuineIntel
cpu family	: 6
model		: 63
model name	: Intel(R) Xeon(R) CPU E5-2630 v3 @ 2.40GHz
stepping	: 2
microcode	: 0x43
cpu MHz		: 1794.580
cache size	: 20480 KB
physical id	: 0
siblings	: 16
core id		: 7
cpu cores	: 8
apicid		: 15
initial apicid	: 15
fpu		: yes
fpu_exception	: yes
cpuid level	: 15
wp		: yes
flags		: fpu vme de pse tsc msr pae mce cx8 apic sep mtrr pge mca cmov pat pse36 clflush dts acpi mmx fxsr sse sse2 ss ht tm pbe syscall nx pdpe1gb rdtscp lm constant_tsc arch_perfmon pebs bts rep_good nopl xtopology nonstop_tsc aperfmperf eagerfpu pni pclmulqdq dtes64 monitor ds_cpl vmx smx est tm2 ssse3 sdbg fma cx16 xtpr pdcm pcid dca sse4_1 sse4_2 x2apic movbe popcnt tsc_deadline_timer aes xsave avx f16c rdrand lahf_lm abm epb intel_ppin ssbd ibrs ibpb stibp tpr_shadow vnmi flexpriority ept vpid fsgsbase tsc_adjust bmi1 avx2 smep bmi2 erms invpcid cqm xsaveopt cqm_llc cqm_occup_llc dtherm ida arat pln pts md_clear spec_ctrl intel_stibp flush_l1d
bogomips	: 4788.55
clflush size	: 64
cache_alignment	: 64
address sizes	: 46 bits physical, 48 bits virtual
power management:

processor	: 24
vendor_id	: GenuineIntel
cpu family	: 6
model		: 63
model name	: Intel(R) Xeon(R) CPU E5-2630 v3 @ 2.40GHz
stepping	: 2
microcode	: 0x43
cpu MHz		: 1599.902
cache size	: 20480 KB
physical id	: 1
siblings	: 16
core id		: 0
cpu cores	: 8
apicid		: 17
initial apicid	: 17
fpu		: yes
fpu_exception	: yes
cpuid level	: 15
wp		: yes
flags		: fpu vme de pse tsc msr pae mce cx8 apic sep mtrr pge mca cmov pat pse36 clflush dts acpi mmx fxsr sse sse2 ss ht tm pbe syscall nx pdpe1gb rdtscp lm constant_tsc arch_perfmon pebs bts rep_good nopl xtopology nonstop_tsc aperfmperf eagerfpu pni pclmulqdq dtes64 monitor ds_cpl vmx smx est tm2 ssse3 sdbg fma cx16 xtpr pdcm pcid dca sse4_1 sse4_2 x2apic movbe popcnt tsc_deadline_timer aes xsave avx f16c rdrand lahf_lm abm epb intel_ppin ssbd ibrs ibpb stibp tpr_shadow vnmi flexpriority ept vpid fsgsbase tsc_adjust bmi1 avx2 smep bmi2 erms invpcid cqm xsaveopt cqm_llc cqm_occup_llc dtherm ida arat pln pts md_clear spec_ctrl intel_stibp flush_l1d
bogomips	: 4794.34
clflush size	: 64
cache_alignment	: 64
address sizes	: 46 bits physical, 48 bits virtual
power management:

processor	: 25
vendor_id	: GenuineIntel
cpu family	: 6
model		: 63
model name	: Intel(R) Xeon(R) CPU E5-2630 v3 @ 2.40GHz
stepping	: 2
microcode	: 0x43
cpu MHz		: 1543.066
cache size	: 20480 KB
physical id	: 1
siblings	: 16
core id		: 1
cpu cores	: 8
apicid		: 19
initial apicid	: 19
fpu		: yes
fpu_exception	: yes
cpuid level	: 15
wp		: yes
flags		: fpu vme de pse tsc msr pae mce cx8 apic sep mtrr pge mca cmov pat pse36 clflush dts acpi mmx fxsr sse sse2 ss ht tm pbe syscall nx pdpe1gb rdtscp lm constant_tsc arch_perfmon pebs bts rep_good nopl xtopology nonstop_tsc aperfmperf eagerfpu pni pclmulqdq dtes64 monitor ds_cpl vmx smx est tm2 ssse3 sdbg fma cx16 xtpr pdcm pcid dca sse4_1 sse4_2 x2apic movbe popcnt tsc_deadline_timer aes xsave avx f16c rdrand lahf_lm abm epb intel_ppin ssbd ibrs ibpb stibp tpr_shadow vnmi flexpriority ept vpid fsgsbase tsc_adjust bmi1 avx2 smep bmi2 erms invpcid cqm xsaveopt cqm_llc cqm_occup_llc dtherm ida arat pln pts md_clear spec_ctrl intel_stibp flush_l1d
bogomips	: 4794.34
clflush size	: 64
cache_alignment	: 64
address sizes	: 46 bits physical, 48 bits virtual
power management:

processor	: 26
vendor_id	: GenuineIntel
cpu family	: 6
model		: 63
model name	: Intel(R) Xeon(R) CPU E5-2630 v3 @ 2.40GHz
stepping	: 2
microcode	: 0x43
cpu MHz		: 1805.859
cache size	: 20480 KB
physical id	: 1
siblings	: 16
core id		: 2
cpu cores	: 8
apicid		: 21
initial apicid	: 21
fpu		: yes
fpu_exception	: yes
cpuid level	: 15
wp		: yes
flags		: fpu vme de pse tsc msr pae mce cx8 apic sep mtrr pge mca cmov pat pse36 clflush dts acpi mmx fxsr sse sse2 ss ht tm pbe syscall nx pdpe1gb rdtscp lm constant_tsc arch_perfmon pebs bts rep_good nopl xtopology nonstop_tsc aperfmperf eagerfpu pni pclmulqdq dtes64 monitor ds_cpl vmx smx est tm2 ssse3 sdbg fma cx16 xtpr pdcm pcid dca sse4_1 sse4_2 x2apic movbe popcnt tsc_deadline_timer aes xsave avx f16c rdrand lahf_lm abm epb intel_ppin ssbd ibrs ibpb stibp tpr_shadow vnmi flexpriority ept vpid fsgsbase tsc_adjust bmi1 avx2 smep bmi2 erms invpcid cqm xsaveopt cqm_llc cqm_occup_llc dtherm ida arat pln pts md_clear spec_ctrl intel_stibp flush_l1d
bogomips	: 4794.34
clflush size	: 64
cache_alignment	: 64
address sizes	: 46 bits physical, 48 bits virtual
power management:

processor	: 27
vendor_id	: GenuineIntel
cpu family	: 6
model		: 63
model name	: Intel(R) Xeon(R) CPU E5-2630 v3 @ 2.40GHz
stepping	: 2
microcode	: 0x43
cpu MHz		: 1743.896
cache size	: 20480 KB
physical id	: 1
siblings	: 16
core id		: 3
cpu cores	: 8
apicid		: 23
initial apicid	: 23
fpu		: yes
fpu_exception	: yes
cpuid level	: 15
wp		: yes
flags		: fpu vme de pse tsc msr pae mce cx8 apic sep mtrr pge mca cmov pat pse36 clflush dts acpi mmx fxsr sse sse2 ss ht tm pbe syscall nx pdpe1gb rdtscp lm constant_tsc arch_perfmon pebs bts rep_good nopl xtopology nonstop_tsc aperfmperf eagerfpu pni pclmulqdq dtes64 monitor ds_cpl vmx smx est tm2 ssse3 sdbg fma cx16 xtpr pdcm pcid dca sse4_1 sse4_2 x2apic movbe popcnt tsc_deadline_timer aes xsave avx f16c rdrand lahf_lm abm epb intel_ppin ssbd ibrs ibpb stibp tpr_shadow vnmi flexpriority ept vpid fsgsbase tsc_adjust bmi1 avx2 smep bmi2 erms invpcid cqm xsaveopt cqm_llc cqm_occup_llc dtherm ida arat pln pts md_clear spec_ctrl intel_stibp flush_l1d
bogomips	: 4794.34
clflush size	: 64
cache_alignment	: 64
address sizes	: 46 bits physical, 48 bits virtual
power management:

processor	: 28
vendor_id	: GenuineIntel
cpu family	: 6
model		: 63
model name	: Intel(R) Xeon(R) CPU E5-2630 v3 @ 2.40GHz
stepping	: 2
microcode	: 0x43
cpu MHz		: 1696.289
cache size	: 20480 KB
physical id	: 1
siblings	: 16
core id		: 4
cpu cores	: 8
apicid		: 25
initial apicid	: 25
fpu		: yes
fpu_exception	: yes
cpuid level	: 15
wp		: yes
flags		: fpu vme de pse tsc msr pae mce cx8 apic sep mtrr pge mca cmov pat pse36 clflush dts acpi mmx fxsr sse sse2 ss ht tm pbe syscall nx pdpe1gb rdtscp lm constant_tsc arch_perfmon pebs bts rep_good nopl xtopology nonstop_tsc aperfmperf eagerfpu pni pclmulqdq dtes64 monitor ds_cpl vmx smx est tm2 ssse3 sdbg fma cx16 xtpr pdcm pcid dca sse4_1 sse4_2 x2apic movbe popcnt tsc_deadline_timer aes xsave avx f16c rdrand lahf_lm abm epb intel_ppin ssbd ibrs ibpb stibp tpr_shadow vnmi flexpriority ept vpid fsgsbase tsc_adjust bmi1 avx2 smep bmi2 erms invpcid cqm xsaveopt cqm_llc cqm_occup_llc dtherm ida arat pln pts md_clear spec_ctrl intel_stibp flush_l1d
bogomips	: 4794.34
clflush size	: 64
cache_alignment	: 64
address sizes	: 46 bits physical, 48 bits virtual
power management:

processor	: 29
vendor_id	: GenuineIntel
cpu family	: 6
model		: 63
model name	: Intel(R) Xeon(R) CPU E5-2630 v3 @ 2.40GHz
stepping	: 2
microcode	: 0x43
cpu MHz		: 1598.730
cache size	: 20480 KB
physical id	: 1
siblings	: 16
core id		: 5
cpu cores	: 8
apicid		: 27
initial apicid	: 27
fpu		: yes
fpu_exception	: yes
cpuid level	: 15
wp		: yes
flags		: fpu vme de pse tsc msr pae mce cx8 apic sep mtrr pge mca cmov pat pse36 clflush dts acpi mmx fxsr sse sse2 ss ht tm pbe syscall nx pdpe1gb rdtscp lm constant_tsc arch_perfmon pebs bts rep_good nopl xtopology nonstop_tsc aperfmperf eagerfpu pni pclmulqdq dtes64 monitor ds_cpl vmx smx est tm2 ssse3 sdbg fma cx16 xtpr pdcm pcid dca sse4_1 sse4_2 x2apic movbe popcnt tsc_deadline_timer aes xsave avx f16c rdrand lahf_lm abm epb intel_ppin ssbd ibrs ibpb stibp tpr_shadow vnmi flexpriority ept vpid fsgsbase tsc_adjust bmi1 avx2 smep bmi2 erms invpcid cqm xsaveopt cqm_llc cqm_occup_llc dtherm ida arat pln pts md_clear spec_ctrl intel_stibp flush_l1d
bogomips	: 4794.34
clflush size	: 64
cache_alignment	: 64
address sizes	: 46 bits physical, 48 bits virtual
power management:

processor	: 30
vendor_id	: GenuineIntel
cpu family	: 6
model		: 63
model name	: Intel(R) Xeon(R) CPU E5-2630 v3 @ 2.40GHz
stepping	: 2
microcode	: 0x43
cpu MHz		: 1357.470
cache size	: 20480 KB
physical id	: 1
siblings	: 16
core id		: 6
cpu cores	: 8
apicid		: 29
initial apicid	: 29
fpu		: yes
fpu_exception	: yes
cpuid level	: 15
wp		: yes
flags		: fpu vme de pse tsc msr pae mce cx8 apic sep mtrr pge mca cmov pat pse36 clflush dts acpi mmx fxsr sse sse2 ss ht tm pbe syscall nx pdpe1gb rdtscp lm constant_tsc arch_perfmon pebs bts rep_good nopl xtopology nonstop_tsc aperfmperf eagerfpu pni pclmulqdq dtes64 monitor ds_cpl vmx smx est tm2 ssse3 sdbg fma cx16 xtpr pdcm pcid dca sse4_1 sse4_2 x2apic movbe popcnt tsc_deadline_timer aes xsave avx f16c rdrand lahf_lm abm epb intel_ppin ssbd ibrs ibpb stibp tpr_shadow vnmi flexpriority ept vpid fsgsbase tsc_adjust bmi1 avx2 smep bmi2 erms invpcid cqm xsaveopt cqm_llc cqm_occup_llc dtherm ida arat pln pts md_clear spec_ctrl intel_stibp flush_l1d
bogomips	: 4794.34
clflush size	: 64
cache_alignment	: 64
address sizes	: 46 bits physical, 48 bits virtual
power management:

processor	: 31
vendor_id	: GenuineIntel
cpu family	: 6
model		: 63
model name	: Intel(R) Xeon(R) CPU E5-2630 v3 @ 2.40GHz
stepping	: 2
microcode	: 0x43
cpu MHz		: 1643.408
cache size	: 20480 KB
physical id	: 1
siblings	: 16
core id		: 7
cpu cores	: 8
apicid		: 31
initial apicid	: 31
fpu		: yes
fpu_exception	: yes
cpuid level	: 15
wp		: yes
flags		: fpu vme de pse tsc msr pae mce cx8 apic sep mtrr pge mca cmov pat pse36 clflush dts acpi mmx fxsr sse sse2 ss ht tm pbe syscall nx pdpe1gb rdtscp lm constant_tsc arch_perfmon pebs bts rep_good nopl xtopology nonstop_tsc aperfmperf eagerfpu pni pclmulqdq dtes64 monitor ds_cpl vmx smx est tm2 ssse3 sdbg fma cx16 xtpr pdcm pcid dca sse4_1 sse4_2 x2apic movbe popcnt tsc_deadline_timer aes xsave avx f16c rdrand lahf_lm abm epb intel_ppin ssbd ibrs ibpb stibp tpr_shadow vnmi flexpriority ept vpid fsgsbase tsc_adjust bmi1 avx2 smep bmi2 erms invpcid cqm xsaveopt cqm_llc cqm_occup_llc dtherm ida arat pln pts md_clear spec_ctrl intel_stibp flush_l1d
bogomips	: 4794.34
clflush size	: 64
cache_alignment	: 64
address sizes	: 46 bits physical, 48 bits virtual
power management:



Memory: 4k page, physical 263864160k(1547692k free), swap 0k(0k free)

vm_info: OpenJDK 64-Bit Server VM (25.212-b04) for linux-amd64 JRE (1.8.0_212-b04), built on Aug 12 2019 13:15:31 by "buildozer" with gcc 6.4.0

time: Fri Oct  4 23:44:25 2019
timezone: UTC
elapsed time: 26 seconds (0d 0h 0m 26s)

