rm: cannot remove '/workdir/hadoop-ozone/dist/target/ozone-0.5.0-SNAPSHOT/compose/result/*': No such file or directory
Executing test in /workdir/hadoop-ozone/dist/target/ozone-0.5.0-SNAPSHOT/compose/ozone-mr/hadoop27
Removing network hadoop27_default
Network hadoop27_default not found.
Creating network "hadoop27_default" with the default driver
Pulling scm (apache/ozone-runner:20190717-1)...
20190717-1: Pulling from apache/ozone-runner
Digest: sha256:00bb9519e6d236c50761dcc9c668ce7f04a74f160b916bf3baeaa26232389a69
Status: Downloaded newer image for apache/ozone-runner:20190717-1
Pulling nm (flokkr/hadoop:2.7.7)...
2.7.7: Pulling from flokkr/hadoop
Digest: sha256:594a1cc971f4e91218132f2027617859d4624a55bda01bc43ec07545022ac6c9
Status: Downloaded newer image for flokkr/hadoop:2.7.7
Creating hadoop27_s3g_1 ... 
Creating hadoop27_om_1  ... 
Creating hadoop27_datanode_1 ... 
Creating hadoop27_datanode_2 ... 
Creating hadoop27_nm_1       ... 
Creating hadoop27_datanode_3 ... 
Creating hadoop27_scm_1      ... 
Creating hadoop27_rm_1       ... 
Creating hadoop27_s3g_1      ... done
Creating hadoop27_om_1       ... done
Creating hadoop27_datanode_2 ... done
Creating hadoop27_nm_1       ... done
Creating hadoop27_rm_1       ... done
Creating hadoop27_datanode_3 ... done
Creating hadoop27_scm_1      ... done
Creating hadoop27_datanode_1 ... done
2 datanode is up and healthy (until now)
3 datanodes are up and registered to the scm
==============================================================================
hadoop27-createmrenv :: Create directories required for MR test               
==============================================================================
Create test volume, bucket and key                                    | PASS |
------------------------------------------------------------------------------
Create user dir for hadoop                                            | PASS |
------------------------------------------------------------------------------
hadoop27-createmrenv :: Create directories required for MR test       | PASS |
2 critical tests, 2 passed, 0 failed
2 tests total, 2 passed, 0 failed
==============================================================================
Output:  /tmp/smoketest/hadoop27/result/robot-hadoop27-hadoop27-createmrenv-scm.xml
fetch http://dl-cdn.alpinelinux.org/alpine/v3.8/main/x86_64/APKINDEX.tar.gz
fetch http://dl-cdn.alpinelinux.org/alpine/v3.8/community/x86_64/APKINDEX.tar.gz
(1/7) Installing libbz2 (1.0.6-r7)
(2/7) Installing libffi (3.2.1-r4)
(3/7) Installing gdbm (1.13-r1)
(4/7) Installing sqlite-libs (3.25.3-r2)
(5/7) Installing python2 (2.7.15-r2)
(6/7) Installing py-setuptools (39.1.0-r0)
(7/7) Installing py2-pip (10.0.1-r0)
Executing busybox-1.28.4-r0.trigger
Executing glibc-bin-2.27-r0.trigger
OK: 93 MiB in 45 packages
Collecting robotframework
  Downloading https://files.pythonhosted.org/packages/22/0f/1b9ffa0c4e59789b50e6034866e823b7d4a5c7eaedad7bfd0bba42f2aa9d/robotframework-3.1.2-py2.py3-none-any.whl (602kB)
Installing collected packages: robotframework
Successfully installed robotframework-3.1.2
You are using pip version 10.0.1, however version 19.3.1 is available.
You should consider upgrading via the 'pip install --upgrade pip' command.
==============================================================================
hadoop27-hadoopo3fs :: Test ozone fs with hadoopfs                            
==============================================================================
Test hadoop dfs                                                       | PASS |
------------------------------------------------------------------------------
hadoop27-hadoopo3fs :: Test ozone fs with hadoopfs                    | PASS |
1 critical test, 1 passed, 0 failed
1 test total, 1 passed, 0 failed
==============================================================================
Output:  /tmp/smoketest/hadoop27/result/robot-hadoop27-hadoop27-hadoopo3fs-rm.xml
==============================================================================
hadoop27-mapreduce :: Execute MR jobs                                         
==============================================================================
Execute PI calculation                                                | PASS |
------------------------------------------------------------------------------
Execute WordCount                                                     | PASS |
------------------------------------------------------------------------------
hadoop27-mapreduce :: Execute MR jobs                                 | PASS |
2 critical tests, 2 passed, 0 failed
2 tests total, 2 passed, 0 failed
==============================================================================
Output:  /tmp/smoketest/hadoop27/result/robot-hadoop27-hadoop27-mapreduce-rm.xml
Connection pool is full, discarding connection: 0.0.0.0
Connection pool is full, discarding connection: 0.0.0.0
Connection pool is full, discarding connection: 0.0.0.0
Connection pool is full, discarding connection: 0.0.0.0
Stopping hadoop27_datanode_1 ... 
Stopping hadoop27_datanode_3 ... 
Stopping hadoop27_scm_1      ... 
Stopping hadoop27_rm_1       ... 
Stopping hadoop27_nm_1       ... 
Stopping hadoop27_datanode_2 ... 
Stopping hadoop27_om_1       ... 
Stopping hadoop27_s3g_1      ... 
Stopping hadoop27_nm_1       ... done
Stopping hadoop27_s3g_1      ... done
Stopping hadoop27_datanode_1 ... done
Stopping hadoop27_datanode_3 ... done
Stopping hadoop27_rm_1       ... done
Stopping hadoop27_datanode_2 ... done
Stopping hadoop27_om_1       ... done
Stopping hadoop27_scm_1      ... done
Removing hadoop27_datanode_1 ... 
Removing hadoop27_datanode_3 ... 
Removing hadoop27_scm_1      ... 
Removing hadoop27_rm_1       ... 
Removing hadoop27_nm_1       ... 
Removing hadoop27_datanode_2 ... 
Removing hadoop27_om_1       ... 
Removing hadoop27_s3g_1      ... 
Removing hadoop27_scm_1      ... done
Removing hadoop27_rm_1       ... done
Removing hadoop27_datanode_3 ... done
Removing hadoop27_nm_1       ... done
Removing hadoop27_om_1       ... done
Removing hadoop27_datanode_1 ... done
Removing hadoop27_datanode_2 ... done
Removing hadoop27_s3g_1      ... done
Removing network hadoop27_default
Log:     /workdir/hadoop-ozone/dist/target/ozone-0.5.0-SNAPSHOT/compose/ozone-mr/hadoop27/result/log.html
Report:  /workdir/hadoop-ozone/dist/target/ozone-0.5.0-SNAPSHOT/compose/ozone-mr/hadoop27/result/report.html
Executing test in /workdir/hadoop-ozone/dist/target/ozone-0.5.0-SNAPSHOT/compose/ozone-mr/hadoop31
Removing network hadoop31_default
Network hadoop31_default not found.
Creating network "hadoop31_default" with the default driver
Pulling nm (flokkr/hadoop:3.1.2)...
3.1.2: Pulling from flokkr/hadoop
Digest: sha256:aaed24f2f15ef520340c98c99c96c62056e018fdfe4591b8dfdfa8fd50636dc1
Status: Downloaded newer image for flokkr/hadoop:3.1.2
Creating hadoop31_om_1 ... 
Creating hadoop31_scm_1 ... 
Creating hadoop31_nm_1  ... 
Creating hadoop31_rm_1  ... 
Creating hadoop31_s3g_1 ... 
Creating hadoop31_datanode_1 ... 
Creating hadoop31_datanode_2 ... 
Creating hadoop31_datanode_3 ... 
Creating hadoop31_om_1       ... done
Creating hadoop31_scm_1      ... done
Creating hadoop31_s3g_1      ... done
Creating hadoop31_datanode_1 ... done
Creating hadoop31_datanode_2 ... done
Creating hadoop31_rm_1       ... done
Creating hadoop31_datanode_3 ... done
Creating hadoop31_nm_1       ... done
0 datanode is up and healthy (until now)
3 datanodes are up and registered to the scm
==============================================================================
hadoop31-createmrenv :: Create directories required for MR test               
==============================================================================
Create test volume, bucket and key                                    | PASS |
------------------------------------------------------------------------------
Create user dir for hadoop                                            | PASS |
------------------------------------------------------------------------------
hadoop31-createmrenv :: Create directories required for MR test       | PASS |
2 critical tests, 2 passed, 0 failed
2 tests total, 2 passed, 0 failed
==============================================================================
Output:  /tmp/smoketest/hadoop31/result/robot-hadoop31-hadoop31-createmrenv-scm.xml
fetch http://dl-cdn.alpinelinux.org/alpine/v3.8/main/x86_64/APKINDEX.tar.gz
fetch http://dl-cdn.alpinelinux.org/alpine/v3.8/community/x86_64/APKINDEX.tar.gz
(1/7) Installing libbz2 (1.0.6-r7)
(2/7) Installing libffi (3.2.1-r4)
(3/7) Installing gdbm (1.13-r1)
(4/7) Installing sqlite-libs (3.25.3-r2)
(5/7) Installing python2 (2.7.15-r2)
(6/7) Installing py-setuptools (39.1.0-r0)
(7/7) Installing py2-pip (10.0.1-r0)
Executing busybox-1.28.4-r0.trigger
Executing glibc-bin-2.27-r0.trigger
OK: 93 MiB in 45 packages
Collecting robotframework
  Downloading https://files.pythonhosted.org/packages/22/0f/1b9ffa0c4e59789b50e6034866e823b7d4a5c7eaedad7bfd0bba42f2aa9d/robotframework-3.1.2-py2.py3-none-any.whl (602kB)
Installing collected packages: robotframework
Successfully installed robotframework-3.1.2
You are using pip version 10.0.1, however version 19.3.1 is available.
You should consider upgrading via the 'pip install --upgrade pip' command.
==============================================================================
hadoop31-hadoopo3fs :: Test ozone fs with hadoopfs                            
==============================================================================
Test hadoop dfs                                                       | PASS |
------------------------------------------------------------------------------
hadoop31-hadoopo3fs :: Test ozone fs with hadoopfs                    | PASS |
1 critical test, 1 passed, 0 failed
1 test total, 1 passed, 0 failed
==============================================================================
Output:  /tmp/smoketest/hadoop31/result/robot-hadoop31-hadoop31-hadoopo3fs-rm.xml
==============================================================================
hadoop31-mapreduce :: Execute MR jobs                                         
==============================================================================
Execute PI calculation                                                | PASS |
------------------------------------------------------------------------------
Execute WordCount                                                     | PASS |
------------------------------------------------------------------------------
hadoop31-mapreduce :: Execute MR jobs                                 | PASS |
2 critical tests, 2 passed, 0 failed
2 tests total, 2 passed, 0 failed
==============================================================================
Output:  /tmp/smoketest/hadoop31/result/robot-hadoop31-hadoop31-mapreduce-rm.xml
Connection pool is full, discarding connection: 0.0.0.0
Stopping hadoop31_datanode_3 ... 
Stopping hadoop31_datanode_2 ... 
Stopping hadoop31_nm_1       ... 
Stopping hadoop31_datanode_1 ... 
Stopping hadoop31_rm_1       ... 
Stopping hadoop31_s3g_1      ... 
Stopping hadoop31_om_1       ... 
Stopping hadoop31_scm_1      ... 
Stopping hadoop31_nm_1       ... done
Stopping hadoop31_rm_1       ... done
Stopping hadoop31_scm_1      ... done
Stopping hadoop31_datanode_2 ... done
Stopping hadoop31_om_1       ... done
Stopping hadoop31_datanode_3 ... done
Stopping hadoop31_s3g_1      ... done
Stopping hadoop31_datanode_1 ... done
Removing hadoop31_datanode_3 ... 
Removing hadoop31_datanode_2 ... 
Removing hadoop31_nm_1       ... 
Removing hadoop31_datanode_1 ... 
Removing hadoop31_rm_1       ... 
Removing hadoop31_s3g_1      ... 
Removing hadoop31_om_1       ... 
Removing hadoop31_scm_1      ... 
Removing hadoop31_datanode_2 ... done
Removing hadoop31_nm_1       ... done
Removing hadoop31_datanode_3 ... done
Removing hadoop31_scm_1      ... done
Removing hadoop31_rm_1       ... done
Removing hadoop31_om_1       ... done
Removing hadoop31_s3g_1      ... done
Removing hadoop31_datanode_1 ... done
Removing network hadoop31_default
Log:     /workdir/hadoop-ozone/dist/target/ozone-0.5.0-SNAPSHOT/compose/ozone-mr/hadoop31/result/log.html
Report:  /workdir/hadoop-ozone/dist/target/ozone-0.5.0-SNAPSHOT/compose/ozone-mr/hadoop31/result/report.html
Executing test in /workdir/hadoop-ozone/dist/target/ozone-0.5.0-SNAPSHOT/compose/ozone-mr/hadoop32
Removing network hadoop32_default
Network hadoop32_default not found.
Creating network "hadoop32_default" with the default driver
Pulling nm (apache/hadoop:3)...
3: Pulling from apache/hadoop
Digest: sha256:5cba355fd83de1bcce907abaa7f8ac3cfbc2ab74a09785ecdc892392883344f6
Status: Downloaded newer image for apache/hadoop:3
Creating hadoop32_nm_1 ... 
Creating hadoop32_rm_1 ... 
Creating hadoop32_s3g_1 ... 
Creating hadoop32_scm_1 ... 
Creating hadoop32_om_1  ... 
Creating hadoop32_datanode_1 ... 
Creating hadoop32_datanode_2 ... 
Creating hadoop32_datanode_3 ... 
Creating hadoop32_s3g_1      ... done
Creating hadoop32_datanode_1 ... done
Creating hadoop32_om_1       ... done
Creating hadoop32_datanode_3 ... done
Creating hadoop32_scm_1      ... done
Creating hadoop32_rm_1       ... done
Creating hadoop32_nm_1       ... done
Creating hadoop32_datanode_2 ... done
0 datanode is up and healthy (until now)
3 datanodes are up and registered to the scm
==============================================================================
hadoop32-createmrenv :: Create directories required for MR test               
==============================================================================
Create test volume, bucket and key                                    | PASS |
------------------------------------------------------------------------------
Create user dir for hadoop                                            Couldn't connect to Docker daemon at http://0.0.0.0:2375 - is it running?

If it's at a non-standard location, specify the URL with the DOCKER_HOST environment variable.
must specify at least one container source
Couldn't connect to Docker daemon at http://0.0.0.0:2375 - is it running?

If it's at a non-standard location, specify the URL with the DOCKER_HOST environment variable.
Couldn't connect to Docker daemon at http://0.0.0.0:2375 - is it running?

If it's at a non-standard location, specify the URL with the DOCKER_HOST environment variable.
Couldn't connect to Docker daemon at http://0.0.0.0:2375 - is it running?

If it's at a non-standard location, specify the URL with the DOCKER_HOST environment variable.
must specify at least one container source
Couldn't connect to Docker daemon at http://0.0.0.0:2375 - is it running?

If it's at a non-standard location, specify the URL with the DOCKER_HOST environment variable.
Couldn't connect to Docker daemon at http://0.0.0.0:2375 - is it running?

If it's at a non-standard location, specify the URL with the DOCKER_HOST environment variable.
Couldn't connect to Docker daemon at http://0.0.0.0:2375 - is it running?

If it's at a non-standard location, specify the URL with the DOCKER_HOST environment variable.
must specify at least one container source
Couldn't connect to Docker daemon at http://0.0.0.0:2375 - is it running?

If it's at a non-standard location, specify the URL with the DOCKER_HOST environment variable.
ERROR: Test execution of /workdir/hadoop-ozone/dist/target/ozone-0.5.0-SNAPSHOT/compose/ozone-mr/hadoop32 is FAILED!!!!
cp: cannot stat '/workdir/hadoop-ozone/dist/target/ozone-0.5.0-SNAPSHOT/compose/ozone-mr/hadoop32/result/robot-*.xml': No such file or directory
Executing test in /workdir/hadoop-ozone/dist/target/ozone-0.5.0-SNAPSHOT/compose/ozone-recon
Couldn't connect to Docker daemon at http://0.0.0.0:2375 - is it running?

If it's at a non-standard location, specify the URL with the DOCKER_HOST environment variable.
ERROR: Test execution of /workdir/hadoop-ozone/dist/target/ozone-0.5.0-SNAPSHOT/compose/ozone-recon is FAILED!!!!
cp: cannot stat '/workdir/hadoop-ozone/dist/target/ozone-0.5.0-SNAPSHOT/compose/ozone-recon/result/robot-*.xml': No such file or directory
cp: cannot stat '/workdir/hadoop-ozone/dist/target/ozone-0.5.0-SNAPSHOT/compose/ozone-recon/result/docker-*.log': No such file or directory
Executing test in /workdir/hadoop-ozone/dist/target/ozone-0.5.0-SNAPSHOT/compose/ozone-topology
Couldn't connect to Docker daemon at http://0.0.0.0:2375 - is it running?

If it's at a non-standard location, specify the URL with the DOCKER_HOST environment variable.
ERROR: Test execution of /workdir/hadoop-ozone/dist/target/ozone-0.5.0-SNAPSHOT/compose/ozone-topology is FAILED!!!!
cp: cannot stat '/workdir/hadoop-ozone/dist/target/ozone-0.5.0-SNAPSHOT/compose/ozone-topology/result/robot-*.xml': No such file or directory
cp: cannot stat '/workdir/hadoop-ozone/dist/target/ozone-0.5.0-SNAPSHOT/compose/ozone-topology/result/docker-*.log': No such file or directory
Executing test in /workdir/hadoop-ozone/dist/target/ozone-0.5.0-SNAPSHOT/compose/ozone
Couldn't connect to Docker daemon at http://0.0.0.0:2375 - is it running?

If it's at a non-standard location, specify the URL with the DOCKER_HOST environment variable.
ERROR: Test execution of /workdir/hadoop-ozone/dist/target/ozone-0.5.0-SNAPSHOT/compose/ozone is FAILED!!!!
cp: cannot stat '/workdir/hadoop-ozone/dist/target/ozone-0.5.0-SNAPSHOT/compose/ozone/result/robot-*.xml': No such file or directory
cp: cannot stat '/workdir/hadoop-ozone/dist/target/ozone-0.5.0-SNAPSHOT/compose/ozone/result/docker-*.log': No such file or directory
Executing test in /workdir/hadoop-ozone/dist/target/ozone-0.5.0-SNAPSHOT/compose/ozoneperf
Couldn't connect to Docker daemon at http://0.0.0.0:2375 - is it running?

If it's at a non-standard location, specify the URL with the DOCKER_HOST environment variable.
ERROR: Test execution of /workdir/hadoop-ozone/dist/target/ozone-0.5.0-SNAPSHOT/compose/ozoneperf is FAILED!!!!
cp: cannot stat '/workdir/hadoop-ozone/dist/target/ozone-0.5.0-SNAPSHOT/compose/ozoneperf/result/robot-*.xml': No such file or directory
cp: cannot stat '/workdir/hadoop-ozone/dist/target/ozone-0.5.0-SNAPSHOT/compose/ozoneperf/result/docker-*.log': No such file or directory
Executing test in /workdir/hadoop-ozone/dist/target/ozone-0.5.0-SNAPSHOT/compose/ozones3-haproxy
Couldn't connect to Docker daemon at http://0.0.0.0:2375 - is it running?

If it's at a non-standard location, specify the URL with the DOCKER_HOST environment variable.
ERROR: Test execution of /workdir/hadoop-ozone/dist/target/ozone-0.5.0-SNAPSHOT/compose/ozones3-haproxy is FAILED!!!!
cp: cannot stat '/workdir/hadoop-ozone/dist/target/ozone-0.5.0-SNAPSHOT/compose/ozones3-haproxy/result/robot-*.xml': No such file or directory
cp: cannot stat '/workdir/hadoop-ozone/dist/target/ozone-0.5.0-SNAPSHOT/compose/ozones3-haproxy/result/docker-*.log': No such file or directory
Executing test in /workdir/hadoop-ozone/dist/target/ozone-0.5.0-SNAPSHOT/compose/ozones3
Couldn't connect to Docker daemon at http://0.0.0.0:2375 - is it running?

If it's at a non-standard location, specify the URL with the DOCKER_HOST environment variable.
ERROR: Test execution of /workdir/hadoop-ozone/dist/target/ozone-0.5.0-SNAPSHOT/compose/ozones3 is FAILED!!!!
cp: cannot stat '/workdir/hadoop-ozone/dist/target/ozone-0.5.0-SNAPSHOT/compose/ozones3/result/robot-*.xml': No such file or directory
cp: cannot stat '/workdir/hadoop-ozone/dist/target/ozone-0.5.0-SNAPSHOT/compose/ozones3/result/docker-*.log': No such file or directory
Executing test in /workdir/hadoop-ozone/dist/target/ozone-0.5.0-SNAPSHOT/compose/ozonesecure-mr
Couldn't connect to Docker daemon at http://0.0.0.0:2375 - is it running?

If it's at a non-standard location, specify the URL with the DOCKER_HOST environment variable.
ERROR: Test execution of /workdir/hadoop-ozone/dist/target/ozone-0.5.0-SNAPSHOT/compose/ozonesecure-mr is FAILED!!!!
cp: cannot stat '/workdir/hadoop-ozone/dist/target/ozone-0.5.0-SNAPSHOT/compose/ozonesecure-mr/result/robot-*.xml': No such file or directory
cp: cannot stat '/workdir/hadoop-ozone/dist/target/ozone-0.5.0-SNAPSHOT/compose/ozonesecure-mr/result/docker-*.log': No such file or directory
Executing test in /workdir/hadoop-ozone/dist/target/ozone-0.5.0-SNAPSHOT/compose/ozonesecure
Couldn't connect to Docker daemon at http://0.0.0.0:2375 - is it running?

If it's at a non-standard location, specify the URL with the DOCKER_HOST environment variable.
ERROR: Test execution of /workdir/hadoop-ozone/dist/target/ozone-0.5.0-SNAPSHOT/compose/ozonesecure is FAILED!!!!
cp: cannot stat '/workdir/hadoop-ozone/dist/target/ozone-0.5.0-SNAPSHOT/compose/ozonesecure/result/robot-*.xml': No such file or directory
cp: cannot stat '/workdir/hadoop-ozone/dist/target/ozone-0.5.0-SNAPSHOT/compose/ozonesecure/result/docker-*.log': No such file or directory
Log:     /workdir/hadoop-ozone/dist/target/ozone-0.5.0-SNAPSHOT/compose/result/log.html
Report:  /workdir/hadoop-ozone/dist/target/ozone-0.5.0-SNAPSHOT/compose/result/report.html
