#
# A fatal error has been detected by the Java Runtime Environment:
#
#  SIGSEGV (0xb) at pc=0x00007f36a3e7f810, pid=1767, tid=0x00007f3687543ae0
#
# JRE version: OpenJDK Runtime Environment (8.0_212-b04) (build 1.8.0_212-b04)
# Java VM: OpenJDK 64-Bit Server VM (25.212-b04 mixed mode linux-amd64 compressed oops)
# Derivative: IcedTea 3.12.0
# Distribution: Custom build (Mon Aug 12 12:56:32 UTC 2019)
# Problematic frame:
# C  [ld-musl-x86_64.so.1+0x53810]  pthread_setname_np+0x5e
#
# Core dump written. Default location: /workdir/hadoop-hdds/common/core or core.1767
#
# If you would like to submit a bug report, please include
# instructions on how to reproduce the bug and visit:
#   https://icedtea.classpath.org/bugzilla
#

---------------  T H R E A D  ---------------

Current thread is native thread

siginfo: si_signo: 11 (SIGSEGV), si_code: 1 (SEGV_MAPERR), si_addr: 0x0000000000000038

Registers:
RAX=0x00007f3687543ae0, RBX=0x0000000000000022, RCX=0x0000000000000000, RDX=0x0000000000000000
RSP=0x00007f3687543680, RBP=0x0000000000000000, RSI=0x0000000000000000, RDI=0xfeff73725e73726f
R8 =0x0000000000000000, R9 =0x8080808080808080, R10=0xfefefefefefefeff, R11=0x0000000000000212
R12=0x000055b33dc29dd8, R13=0x000000000000000e, R14=0x00007f3687543ae0, R15=0x00007f36a40b8ae8
RIP=0x00007f36a3e7f810, EFLAGS=0x0000000000010202, CSGSFS=0x0000000000000033, ERR=0x0000000000000004
  TRAPNO=0x000000000000000e

Top of Stack: (sp=0x00007f3687543680)
0x00007f3687543680:   0000000000000000 0000000000000000
0x00007f3687543690:   0000000000000000 0000000000000000
0x00007f36875436a0:   0000000000000000 0000000000000000
0x00007f36875436b0:   0000000000000000 000055b33dc29d00
0x00007f36875436c0:   00007f3687543710 0000000000000000
0x00007f36875436d0:   000055b33dc29d40 00007f3687e77ec9
0x00007f36875436e0:   0000000000000000 000055b33dc29e00
0x00007f36875436f0:   0000000000000000 00007f3687543760
0x00007f3687543700:   00007f3687543ae0 00007f36a40b8ae8
0x00007f3687543710:   0000000000000000 00007f36a2caff41
0x00007f3687543720:   0000000000000000 00007f3687543ae0
0x00007f3687543730:   0000000000000000 00007f36a3e7e6c2
0x00007f3687543740:   0000000000000000 0000000000000000
0x00007f3687543750:   0000000000017000 00007f36a3e805b1
0x00007f3687543760:   0000000000000002 00007f3687543ac0
0x00007f3687543770:   00007f3687543790 0000000000000000
0x00007f3687543780:   0000000000000000 0000000000000000
0x00007f3687543790:   0000000000000002 0000000000000000
0x00007f36875437a0:   0000000000000000 0000000000000000
0x00007f36875437b0:   0000000000000000 0000000000000000
0x00007f36875437c0:   0000000000000000 0000000000000000
0x00007f36875437d0:   0000000000000000 0000000000000000
0x00007f36875437e0:   0000000000000000 0000000000000000
0x00007f36875437f0:   0000000000000000 0000000000000000
0x00007f3687543800:   0000000000000000 0000000000000000
0x00007f3687543810:   0000000000000000 0000000000000000
0x00007f3687543820:   0000000000000000 0000000000000000
0x00007f3687543830:   0000000000000000 0000000000000000
0x00007f3687543840:   0000000000000000 0000000000000000
0x00007f3687543850:   0000000000000000 0000000000000000
0x00007f3687543860:   0000000000000000 0000000000000000
0x00007f3687543870:   0000000000000000 0000000000000000 

Instructions: (pc=0x00007f36a3e7f810)
0x00007f36a3e7f7f0:   31 d2 31 c0 4c 89 e6 bf 0f 00 00 00 e8 65 d8 fc
0x00007f36a3e7f800:   ff 85 c0 89 c3 74 7e e8 25 a7 fc ff 8b 18 eb 75
0x00007f36a3e7f810:   8b 4d 38 48 8d 5c 24 0e 48 8d 15 f2 92 03 00 be
0x00007f36a3e7f820:   22 00 00 00 31 c0 48 89 df e8 35 68 ff ff 48 8d 

Register to memory mapping:

RAX=0x00007f3687543ae0 is an unknown value
RBX=0x0000000000000022 is an unknown value
RCX=0x0000000000000000 is an unknown value
RDX=0x0000000000000000 is an unknown value
RSP=0x00007f3687543680 is an unknown value
RBP=0x0000000000000000 is an unknown value
RSI=0x0000000000000000 is an unknown value
RDI=0xfeff73725e73726f is an unknown value
R8 =0x0000000000000000 is an unknown value
R9 =0x8080808080808080 is an unknown value
R10=0xfefefefefefefeff is an unknown value
R11=0x0000000000000212 is an unknown value
R12=0x000055b33dc29dd8 is an unknown value
R13=0x000000000000000e is an unknown value
R14=0x00007f3687543ae0 is an unknown value
R15=0x00007f36a40b8ae8: __utc+0x1fff68 in /lib/ld-musl-x86_64.so.1 at 0x00007f36a3e2c000


Stack: [0x00007f368752f000,0x00007f3687543760],  sp=0x00007f3687543680,  free space=81k
Native frames: (J=compiled Java code, j=interpreted, Vv=VM code, C=native code)
C  [ld-musl-x86_64.so.1+0x53810]  pthread_setname_np+0x5e

[error occurred during error reporting (printing native stack), id 0xb]


---------------  P R O C E S S  ---------------

VM state:not at safepoint (normal execution)

VM Mutex/Monitor currently owned by a thread: None

heap address: 0x0000000080000000, size: 2048 MB, Compressed Oops mode: 32-bit
Narrow klass base: 0x0000000000000000, Narrow klass shift: 3
Compressed class space size: 1073741824 Address: 0x0000000100000000

Heap:
 PSYoungGen      total 611840K, used 136449K [0x00000000d5580000, 0x0000000100000000, 0x0000000100000000)
  eden space 524800K, 26% used [0x00000000d5580000,0x00000000ddac06a8,0x00000000f5600000)
  from space 87040K, 0% used [0x00000000fab00000,0x00000000fab00000,0x0000000100000000)
  to   space 87040K, 0% used [0x00000000f5600000,0x00000000f5600000,0x00000000fab00000)
 ParOldGen       total 1398272K, used 0K [0x0000000080000000, 0x00000000d5580000, 0x00000000d5580000)
  object space 1398272K, 0% used [0x0000000080000000,0x0000000080000000,0x00000000d5580000)
 Metaspace       used 11673K, capacity 11892K, committed 12160K, reserved 1060864K
  class space    used 1235K, capacity 1312K, committed 1408K, reserved 1048576K

Card table byte_map: [0x00007f3692bd8000,0x00007f3692fd9000] byte_map_base: 0x00007f36927d8000

Marking Bits: (ParMarkBitMap*) 0x00007f36a39ea200
 Begin Bits: [0x00007f368e729000, 0x00007f3690729000)
 End Bits:   [0x00007f3690729000, 0x00007f3692729000)

Polling page: 0x00007f36a3fb5000

CodeCache: size=245760Kb used=4162Kb max_used=4174Kb free=241597Kb
 bounds [0x00007f3693399000, 0x00007f36937b9000, 0x00007f36a2399000]
 total_blobs=1538 nmethods=1156 adapters=296
 compilation: enabled

Compilation events (10 events):
Event: 2.652 Thread 0x000055b33caae000 1153       1       com.ctc.wstx.api.CommonConfig::returnNullForDefaultNamespace (5 bytes)
Event: 2.652 Thread 0x000055b33caae000 nmethod 1153 0x00007f36937a5790 code [0x00007f36937a58e0, 0x00007f36937a59f0]
Event: 2.652 Thread 0x000055b33caa1000 1154       4       java.util.AbstractCollection::toArray (147 bytes)
Event: 2.653 Thread 0x000055b33caae000 1156       3       com.ctc.wstx.util.TextBuffer::recycle (93 bytes)
Event: 2.653 Thread 0x000055b33caae000 nmethod 1156 0x00007f36937a8d90 code [0x00007f36937a8fa0, 0x00007f36937a9b48]
Event: 2.653 Thread 0x000055b33caae000 1157       3       com.ctc.wstx.io.StreamBootstrapper::checkKeyword (34 bytes)
Event: 2.653 Thread 0x000055b33caae000 nmethod 1157 0x00007f36937aa010 code [0x00007f36937aa1a0, 0x00007f36937aa588]
Event: 2.653 Thread 0x000055b33caae000 1155       1       com.ctc.wstx.util.SymbolTable::isDirty (5 bytes)
Event: 2.654 Thread 0x000055b33caae000 nmethod 1155 0x00007f36937a54d0 code [0x00007f36937a5620, 0x00007f36937a5730]
Event: 2.667 Thread 0x000055b33caa1000 nmethod 1154 0x00007f36937adad0 code [0x00007f36937adc80, 0x00007f36937ae498]

GC Heap History (0 events):
No events

Deoptimization events (4 events):
Event: 0.398 Thread 0x000055b33c95a800 Uncommon trap: reason=unstable_if action=reinterpret pc=0x00007f36935474c4 method=java.lang.AbstractStringBuilder.append(Ljava/lang/String;)Ljava/lang/AbstractStringBuilder; @ 1
Event: 0.605 Thread 0x000055b33c95a800 Uncommon trap: reason=unstable_if action=reinterpret pc=0x00007f36934b95d4 method=java.lang.String.indexOf([CII[CIII)I @ 3
Event: 0.756 Thread 0x000055b33c95a800 Uncommon trap: reason=unstable_if action=reinterpret pc=0x00007f369369df74 method=com.ctc.wstx.sr.BasicStreamReader.readIndentation(CI)I @ 132
Event: 1.457 Thread 0x000055b33c95a800 Uncommon trap: reason=unstable_if action=reinterpret pc=0x00007f36936e763c method=java.util.ArrayList.clear()V @ 17

Classes redefined (0 events):
No events

Internal exceptions (10 events):
Event: 0.278 Thread 0x000055b33c95a800 Exception <a 'java/lang/NoSuchMethodError': org.junit.runner.Description.createSuiteDescription(Ljava/lang/String;)Lorg/junit/runner/Description;> (0x00000000d7fb05b0) thrown at [/home/buildozer/aports/community/openjdk8/src/icedtea-3.12.0/openjdk/hotspot
Event: 0.307 Thread 0x000055b33cd54000 Exception <a 'java/security/PrivilegedActionException'> (0x00000000d75e4af8) thrown at [/home/buildozer/aports/community/openjdk8/src/icedtea-3.12.0/openjdk/hotspot/src/share/vm/prims/jvm.cpp, line 1512]
Event: 0.307 Thread 0x000055b33cd54000 Exception <a 'java/security/PrivilegedActionException'> (0x00000000d75e4ef0) thrown at [/home/buildozer/aports/community/openjdk8/src/icedtea-3.12.0/openjdk/hotspot/src/share/vm/prims/jvm.cpp, line 1512]
Event: 0.308 Thread 0x000055b33cd54000 Exception <a 'java/security/PrivilegedActionException'> (0x00000000d75e71f8) thrown at [/home/buildozer/aports/community/openjdk8/src/icedtea-3.12.0/openjdk/hotspot/src/share/vm/prims/jvm.cpp, line 1512]
Event: 0.308 Thread 0x000055b33cd54000 Exception <a 'java/security/PrivilegedActionException'> (0x00000000d75e75f0) thrown at [/home/buildozer/aports/community/openjdk8/src/icedtea-3.12.0/openjdk/hotspot/src/share/vm/prims/jvm.cpp, line 1512]
Event: 0.308 Thread 0x000055b33cd54000 Exception <a 'java/security/PrivilegedActionException'> (0x00000000d75e8450) thrown at [/home/buildozer/aports/community/openjdk8/src/icedtea-3.12.0/openjdk/hotspot/src/share/vm/prims/jvm.cpp, line 1512]
Event: 0.308 Thread 0x000055b33cd54000 Exception <a 'java/security/PrivilegedActionException'> (0x00000000d75e8848) thrown at [/home/buildozer/aports/community/openjdk8/src/icedtea-3.12.0/openjdk/hotspot/src/share/vm/prims/jvm.cpp, line 1512]
Event: 0.397 Thread 0x000055b33c95a800 Implicit null exception at 0x00007f36935470f6 to 0x00007f36935474ad
Event: 0.604 Thread 0x000055b33c95a800 Exception <a 'java/io/FileNotFoundException'> (0x00000000da4c1ee0) thrown at [/home/buildozer/aports/community/openjdk8/src/icedtea-3.12.0/openjdk/hotspot/src/share/vm/prims/jni.cpp, line 710]
Event: 1.873 Thread 0x000055b33c95a800 Exception <a 'java/lang/reflect/InvocationTargetException'> (0x00000000dc1d6978) thrown at [/home/buildozer/aports/community/openjdk8/src/icedtea-3.12.0/openjdk/hotspot/src/share/vm/runtime/reflection.cpp, line 1092]

Events (10 events):
Event: 2.473 loading class sun/reflect/Label$PatchInfo
Event: 2.473 loading class sun/reflect/Label$PatchInfo done
Event: 2.473 loading class sun/reflect/MethodAccessorGenerator$1
Event: 2.473 loading class sun/reflect/MethodAccessorGenerator$1 done
Event: 2.473 loading class sun/reflect/ClassDefiner
Event: 2.473 loading class sun/reflect/ClassDefiner done
Event: 2.474 loading class sun/reflect/ClassDefiner$1
Event: 2.474 loading class sun/reflect/ClassDefiner$1 done
Event: 2.474 loading class sun/reflect/BootstrapConstructorAccessorImpl
Event: 2.474 loading class sun/reflect/BootstrapConstructorAccessorImpl done


Dynamic libraries:
80000000-100160000 rw-p 00000000 00:00 0 
100160000-140000000 ---p 00000000 00:00 0 
55b33c2de000-55b33c2df000 r-xp 00000000 fd:03 288293715                  /usr/lib/jvm/java-1.8-openjdk/jre/bin/java
55b33c4de000-55b33c4df000 r--p 00000000 fd:03 288293715                  /usr/lib/jvm/java-1.8-openjdk/jre/bin/java
55b33c4df000-55b33c4e0000 rw-p 00001000 fd:03 288293715                  /usr/lib/jvm/java-1.8-openjdk/jre/bin/java
55b33c943000-55b33dc8b000 rw-p 00000000 00:00 0                          [heap]
7f36874e8000-7f36874ea000 ---p 00000000 00:00 0 
7f36874ea000-7f36874ff000 rw-p 00000000 00:00 0 
7f36874ff000-7f3687501000 ---p 00000000 00:00 0 
7f3687501000-7f3687516000 rw-p 00000000 00:00 0 
7f3687516000-7f3687518000 ---p 00000000 00:00 0 
7f3687518000-7f368752d000 rw-p 00000000 00:00 0 
7f368752d000-7f368752f000 ---p 00000000 00:00 0 
7f368752f000-7f3687544000 rw-p 00000000 00:00 0 
7f3687544000-7f3687546000 ---p 00000000 00:00 0 
7f3687546000-7f36875db000 rw-p 00000000 00:00 0 
7f36875db000-7f368775b000 ---p 00000000 00:00 0 
7f368775b000-7f368775d000 ---p 00000000 00:00 0 
7f368775d000-7f3687772000 rw-p 00000000 00:00 0 
7f3687772000-7f3687774000 ---p 00000000 00:00 0 
7f3687774000-7f36879f8000 rw-p 00000000 00:00 0 
7f36879f8000-7f3687c1e000 r-xp 00000000 fd:03 288424149                  /usr/glibc-compat/lib/ld-2.28.so
7f3687c1e000-7f3687c1f000 r--p 00026000 fd:03 288424149                  /usr/glibc-compat/lib/ld-2.28.so
7f3687c1f000-7f3687c20000 rw-p 00027000 fd:03 288424149                  /usr/glibc-compat/lib/ld-2.28.so
7f3687c20000-7f3687c21000 rw-p 00000000 00:00 0 
7f3687c21000-7f36884b9000 r-xp 00000000 fd:03 248272445                  /tmp/librocksdbjni8896705355607617796.so
7f36884b9000-7f36884ca000 r--p 00698000 fd:03 248272445                  /tmp/librocksdbjni8896705355607617796.so
7f36884ca000-7f36884d3000 rw-p 006a9000 fd:03 248272445                  /tmp/librocksdbjni8896705355607617796.so
7f36884d3000-7f36884d9000 rw-p 00000000 00:00 0 
7f36884d9000-7f36884e9000 rw-s 00000000 fd:05 6293499                    /workdir/hadoop-hdds/common/target/test-dir/TestMetadataStore-leveldb-batchWrite/000003.log
7f36884e9000-7f3688743000 r-xp 00000000 fd:03 248272444                  /tmp/libleveldbjni-64-1-485398380468723794.8
7f3688743000-7f3688746000 rw-p 0005a000 fd:03 248272444                  /tmp/libleveldbjni-64-1-485398380468723794.8
7f3688746000-7f3688957000 r-xp 00000000 fd:03 288293758                  /usr/lib/jvm/java-1.8-openjdk/jre/lib/amd64/libnio.so
7f3688957000-7f3688958000 r--p 00011000 fd:03 288293758                  /usr/lib/jvm/java-1.8-openjdk/jre/lib/amd64/libnio.so
7f3688958000-7f3688959000 rw-p 00012000 fd:03 288293758                  /usr/lib/jvm/java-1.8-openjdk/jre/lib/amd64/libnio.so
7f3688959000-7f368b95a000 rw-p 00000000 00:00 0 
7f368b95a000-7f368bb70000 r-xp 00000000 fd:03 288293757                  /usr/lib/jvm/java-1.8-openjdk/jre/lib/amd64/libnet.so
7f368bb70000-7f368bb71000 r--p 00016000 fd:03 288293757                  /usr/lib/jvm/java-1.8-openjdk/jre/lib/amd64/libnet.so
7f368bb71000-7f368bb72000 rw-p 00017000 fd:03 288293757                  /usr/lib/jvm/java-1.8-openjdk/jre/lib/amd64/libnet.so
7f368bb72000-7f368bd72000 rw-p 00000000 00:00 0 
7f368bd7c000-7f368bd8c000 rw-s 00000000 fd:05 6293500                    /workdir/hadoop-hdds/common/target/test-dir/TestMetadataStore-leveldb-batchWrite/MANIFEST-000002
7f368bd95000-7f368bd97000 ---p 00000000 00:00 0 
7f368bd97000-7f368bdac000 rw-p 00000000 00:00 0 
7f368bdac000-7f368bdb0000 r--s 00058000 fd:03 288293809                  /usr/lib/jvm/java-1.8-openjdk/jre/lib/jsse.jar
7f368bdb0000-7f368bdb3000 r--s 00025000 fd:03 289472870                  /home/user/.m2/repository/org/apache/maven/shared/maven-shared-utils/3.1.0/maven-shared-utils-3.1.0.jar
7f368bdb3000-7f368bdb6000 ---p 00000000 00:00 0 
7f368bdb6000-7f368bded000 rw-p 00000000 00:00 0 
7f368bded000-7f368bdee000 r--s 00006000 fd:03 249702724                  /home/user/.m2/repository/org/apache/maven/surefire/common-junit4/3.0.0-M1/common-junit4-3.0.0-M1.jar
7f368bdee000-7f368bdef000 r--s 00002000 fd:03 249834600                  /home/user/.m2/repository/org/apache/maven/surefire/common-junit3/3.0.0-M1/common-junit3-3.0.0-M1.jar
7f368bdef000-7f368bdf0000 r--s 00007000 fd:03 249961208                  /home/user/.m2/repository/org/apache/maven/surefire/common-java5/3.0.0-M1/common-java5-3.0.0-M1.jar
7f368bdf0000-7f368bdf2000 r--s 00003000 fd:03 249437949                  /home/user/.m2/repository/org/apache/maven/surefire/surefire-junit4/3.0.0-M1/surefire-junit4-3.0.0-M1.jar
7f368bdf2000-7f368bdf4000 r--s 00009000 fd:03 289538500                  /home/user/.m2/repository/org/hamcrest/hamcrest-core/1.3/hamcrest-core-1.3.jar
7f368bdf4000-7f368bdfa000 r--s 00036000 fd:03 289342394                  /home/user/.m2/repository/junit/junit/4.11/junit-4.11.jar
7f368bdfa000-7f368be1b000 r--s 00172000 fd:03 289277429                  /home/user/.m2/repository/com/google/guava/guava/11.0.2/guava-11.0.2.jar
7f368be1b000-7f368be23000 r--s 0007b000 fd:03 289277605                  /home/user/.m2/repository/com/google/protobuf/protobuf-java/2.5.0/protobuf-java-2.5.0.jar
7f368be23000-7f368be28000 r--s 0003c000 fd:03 289341716                  /home/user/.m2/repository/info/picocli/picocli/3.9.6/picocli-3.9.6.jar
7f368be28000-7f368be5c000 r--s 0051e000 fd:03 289343246                  /home/user/.m2/repository/org/apache/hadoop/hadoop-hdfs/3.2.0/hadoop-hdfs-3.2.0-tests.jar
7f368be5c000-7f368be5f000 r--s 0000e000 fd:03 289276955                  /home/user/.m2/repository/com/fasterxml/jackson/core/jackson-annotations/2.9.9/jackson-annotations-2.9.9.jar
7f368be5f000-7f368bea4000 r--s 00486000 fd:03 289343289                  /home/user/.m2/repository/org/apache/hadoop/hadoop-hdfs-client/3.2.0/hadoop-hdfs-client-3.2.0.jar
7f368bea4000-7f368becb000 r--s 00205000 fd:03 289341952                  /home/user/.m2/repository/io/netty/netty-all/4.0.52.Final/netty-all-4.0.52.Final.jar
7f368becb000-7f368bee4000 r--s 0012c000 fd:03 289341930                  /home/user/.m2/repository/io/netty/netty/3.10.5.Final/netty-3.10.5.Final.jar
7f368bee4000-7f368bee5000 r--s 00005000 fd:03 289278122                  /home/user/.m2/repository/commons-daemon/commons-daemon/1.0.13/commons-daemon-1.0.13.jar
7f368bee5000-7f368bee7000 r--s 00008000 fd:03 289538147                  /home/user/.m2/repository/org/eclipse/jetty/jetty-util-ajax/9.3.25.v20180904/jetty-util-ajax-9.3.25.v20180904.jar
7f368bee7000-7f368bf2f000 r--s 00557000 fd:03 289343266                  /home/user/.m2/repository/org/apache/hadoop/hadoop-hdfs/3.2.0/hadoop-hdfs-3.2.0.jar
7f368bf2f000-7f368bf6d000 r--s 003aa000 fd:03 289343222                  /home/user/.m2/repository/org/apache/hadoop/hadoop-common/3.2.0/hadoop-common-3.2.0.jar
7f368bf6d000-7f368bf73000 r--s 0003c000 fd:03 289539776                  /home/user/.m2/repository/org/yaml/snakeyaml/1.16/snakeyaml-1.16.jar
7f368bf73000-7f368bf74000 r--s 00002000 fd:03 289342131                  /home/user/.m2/repository/io/opentracing/opentracing-noop/0.31.0/opentracing-noop-0.31.0.jar
7f368bf74000-7f368bf76000 r--s 00002000 fd:03 289342122                  /home/user/.m2/repository/io/opentracing/opentracing-api/0.31.0/opentracing-api-0.31.0.jar
7f368bf76000-7f368bf77000 r--s 00001000 fd:03 289342140                  /home/user/.m2/repository/io/opentracing/opentracing-util/0.31.0/opentracing-util-0.31.0.jar
7f368bf77000-7f368bf78000 r--s 00001000 fd:03 289342107                  /home/user/.m2/repository/io/opentracing/contrib/opentracing-tracerresolver/0.1.5/opentracing-tracerresolver-0.1.5.jar
7f368bf78000-7f368bf79000 r--s 00000000 fd:03 289341920                  /home/user/.m2/repository/io/jaegertracing/jaeger-tracerresolver/0.34.0/jaeger-tracerresolver-0.34.0.jar
7f368bf79000-7f368bf7d000 r--s 0001c000 fd:03 289341902                  /home/user/.m2/repository/io/jaegertracing/jaeger-core/0.34.0/jaeger-core-0.34.0.jar
7f368bf7d000-7f368bf7e000 r--s 00013000 fd:03 289277772                  /home/user/.m2/repository/com/squareup/okio/okio/1.13.0/okio-1.13.0.jar
7f368bf7e000-7f368bf84000 r--s 0005e000 fd:03 289277756                  /home/user/.m2/repository/com/squareup/okhttp3/okhttp/3.9.0/okhttp-3.9.0.jar
7f368bf84000-7f368bf8a000 r--s 00037000 fd:03 289473296                  /home/user/.m2/repository/org/apache/thrift/libthrift/0.12.0/libthrift-0.12.0.jar
7f368bf8a000-7f368bf98000 r--s 0009e000 fd:03 289341911                  /home/user/.m2/repository/io/jaegertracing/jaeger-thrift/0.34.0/jaeger-thrift-0.34.0.jar
7f368bf98000-7f368bf99000 r--s 00000000 fd:03 289341893                  /home/user/.m2/repository/io/jaegertracing/jaeger-client/0.34.0/jaeger-client-0.34.0.jar
7f368bf99000-7f368bf9c000 r--s 00011000 fd:03 289538679                  /home/user/.m2/repository/org/junit/platform/junit-platform-commons/1.3.1/junit-platform-commons-1.3.1.jar
7f368bf9c000-7f368bf9d000 r--s 00001000 fd:03 289538866                  /home/user/.m2/repository/org/opentest4j/opentest4j/1.1.1/opentest4j-1.1.1.jar
7f368bf9d000-7f368bf9e000 r--s 00000000 fd:03 289473596                  /home/user/.m2/repository/org/apiguardian/apiguardian-api/1.0.0/apiguardian-api-1.0.0.jar
7f368bf9e000-7f368bfa2000 r--s 00019000 fd:03 289538669                  /home/user/.m2/repository/org/junit/jupiter/junit-jupiter-api/5.3.1/junit-jupiter-api-5.3.1.jar
7f368bfa2000-7f368bfa6000 r--s 00020000 fd:03 289341445                  /home/user/.m2/repository/commons-digester/commons-digester/1.8.1/commons-digester-1.8.1.jar
7f368bfa6000-7f368bfaa000 r--s 0002a000 fd:03 289341654                  /home/user/.m2/repository/commons-validator/commons-validator/1.6/commons-validator-1.6.jar
7f368bfaa000-7f368c002000 r--s 003a7000 fd:03 289473706                  /home/user/.m2/repository/org/bouncycastle/bcprov-jdk15on/1.60/bcprov-jdk15on-1.60.jar
7f368c002000-7f368c015000 r--s 000b0000 fd:03 289473697                  /home/user/.m2/repository/org/bouncycastle/bcpkix-jdk15on/1.60/bcpkix-jdk15on-1.60.jar
7f368c015000-7f368c018000 r--s 0001d000 fd:03 289343105                  /home/user/.m2/repository/org/apache/commons/commons-pool2/2.6.0/commons-pool2-2.6.0.jar
7f368c018000-7f368c01b000 r--s 00012000 fd:03 289277701                  /home/user/.m2/repository/com/lmax/disruptor/3.4.2/disruptor-3.4.2.jar
7f368c01b000-7f368c03b000 r--s 00167000 fd:03 289407316                  /home/user/.m2/repository/org/apache/logging/log4j/log4j-core/2.11.0/log4j-core-2.11.0.jar
7f368c03b000-7f368c041000 r--s 0003b000 fd:03 289407307                  /home/user/.m2/repository/org/apache/logging/log4j/log4j-api/2.11.0/log4j-api-2.11.0.jar
7f368c041000-7f368c046000 r--s 00047000 fd:03 289341676                  /home/user/.m2/repository/dnsjava/dnsjava/2.1.7/dnsjava-2.1.7.jar
7f368c046000-7f368c04c000 r--s 00078000 fd:03 289277132                  /home/user/.m2/repository/com/fasterxml/woodstox/woodstox-core/5.0.3/woodstox-core-5.0.3.jar
7f368c04c000-7f368c050000 r--s 00024000 fd:03 289474668                  /home/user/.m2/repository/org/codehaus/woodstox/stax2-api/3.1.4/stax2-api-3.1.4.jar
7f368c050000-7f368c054000 r--s 0004c000 fd:03 289276975                  /home/user/.m2/repository/com/fasterxml/jackson/core/jackson-core/2.9.9/jackson-core-2.9.9.jar
7f368c054000-7f368c067000 r--s 00137000 fd:03 289276992                  /home/user/.m2/repository/com/fasterxml/jackson/core/jackson-databind/2.9.9/jackson-databind-2.9.9.jar
7f368c067000-7f368c069000 r--s 00006000 fd:03 289407281                  /home/user/.m2/repository/org/apache/kerby/kerby-xdr/1.0.1/kerby-xdr-1.0.1.jar
7f368c069000-7f368c06a000 r--s 00004000 fd:03 289407185                  /home/user/.m2/repository/org/apache/kerby/kerb-identity/1.0.1/kerb-identity-1.0.1.jar
7f368c06a000-7f368c06d000 r--s 00012000 fd:03 289407194                  /home/user/.m2/repository/org/apache/kerby/kerb-server/1.0.1/kerb-server-1.0.1.jar
7f368c06d000-7f368c070000 r--s 00011000 fd:03 289407140                  /home/user/.m2/repository/org/apache/kerby/kerb-admin/1.0.1/kerb-admin-1.0.1.jar
7f368c070000-7f368c071000 r--s 00004000 fd:03 289407290                  /home/user/.m2/repository/org/apache/kerby/token-provider/1.0.1/token-provider-1.0.1.jar
7f368c071000-7f368c072000 r--s 00008000 fd:03 289407212                  /home/user/.m2/repository/org/apache/kerby/kerb-util/1.0.1/kerb-util-1.0.1.jar
7f368c072000-7f368c076000 r--s 00019000 fd:03 289407176                  /home/user/.m2/repository/org/apache/kerby/kerb-crypto/1.0.1/kerb-crypto-1.0.1.jar
7f368c076000-7f368c078000 r--s 0000e000 fd:03 289407158                  /home/user/.m2/repository/org/apache/kerby/kerb-common/1.0.1/kerb-common-1.0.1.jar
7f368c078000-7f368c079000 r--s 00009000 fd:03 289407272                  /home/user/.m2/repository/org/apache/kerby/kerby-util/1.0.1/kerby-util-1.0.1.jar
7f368c079000-7f368c07b000 r--s 00017000 fd:03 289407227                  /home/user/.m2/repository/org/apache/kerby/kerby-asn1/1.0.1/kerby-asn1-1.0.1.jar
7f368c07b000-7f368c082000 r--s 0002b000 fd:03 289407257                  /home/user/.m2/repository/org/apache/kerby/kerby-pkix/1.0.1/kerby-pkix-1.0.1.jar
7f368c082000-7f368c089000 r--s 00031000 fd:03 289407167                  /home/user/.m2/repository/org/apache/kerby/kerb-core/1.0.1/kerb-core-1.0.1.jar
7f368c089000-7f368c08b000 r--s 00006000 fd:03 289407242                  /home/user/.m2/repository/org/apache/kerby/kerby-config/1.0.1/kerby-config-1.0.1.jar
7f368c08b000-7f368c08e000 r--s 00019000 fd:03 289407149                  /home/user/.m2/repository/org/apache/kerby/kerb-client/1.0.1/kerb-client-1.0.1.jar
7f368c08e000-7f368c08f000 r--s 00004000 fd:03 289407203                  /home/user/.m2/repository/org/apache/kerby/kerb-simplekdc/1.0.1/kerb-simplekdc-1.0.1.jar
7f368c08f000-7f368c093000 r--s 00014000 fd:03 289539694                  /home/user/.m2/repository/org/tukaani/xz/1.0/xz-1.0.jar
7f368c093000-7f368c098000 r--s 00036000 fd:03 289342918                  /home/user/.m2/repository/org/apache/commons/commons-compress/1.4.1/commons-compress-1.4.1.jar
7f368c098000-7f368c099000 r--s 00004000 fd:03 289473565                  /home/user/.m2/repository/org/apache/yetus/audience-annotations/0.5.0/audience-annotations-0.5.0.jar
7f368c099000-7f368c09b000 r--s 00014000 fd:03 289342350                  /home/user/.m2/repository/jline/jline/0.9.94/jline-0.9.94.jar
7f368c09b000-7f368c0a8000 r--s 000d1000 fd:03 289473581                  /home/user/.m2/repository/org/apache/zookeeper/zookeeper/3.4.13/zookeeper-3.4.13.jar
7f368c0a8000-7f368c0c2000 r--s 00155000 fd:03 289406985                  /home/user/.m2/repository/org/apache/htrace/htrace-core4/4.1.0-incubating/htrace-core4-4.1.0-incubating.jar
7f368c0c2000-7f368c0c5000 r--s 00006000 fd:03 289277327                  /home/user/.m2/repository/com/google/code/findbugs/jsr305/3.0.0/jsr305-3.0.0.jar
7f368c0c5000-7f368c0cd000 r--s 0003e000 fd:03 289343148                  /home/user/.m2/repository/org/apache/curator/curator-recipes/2.12.0/curator-recipes-2.12.0.jar
7f368c0cd000-7f368c104000 r--s 00219000 fd:03 289343130                  /home/user/.m2/repository/org/apache/curator/curator-client/2.12.0/curator-client-2.12.0.jar
7f368c104000-7f368c109000 r--s 00040000 fd:03 289277675                  /home/user/.m2/repository/com/jcraft/jsch/0.1.54/jsch-0.1.54.jar
7f368c109000-7f368c10f000 r--s 0002c000 fd:03 289343139                  /home/user/.m2/repository/org/apache/curator/curator-framework/2.12.0/curator-framework-2.12.0.jar
7f368c10f000-7f368c111000 r--s 0000c000 fd:03 289538914                  /home/user/.m2/repository/org/ow2/asm/asm/5.0.4/asm-5.0.4.jar
7f368c111000-7f368c113000 r--s 00006000 fd:03 289342649                  /home/user/.m2/repository/net/minidev/accessors-smart/1.2/accessors-smart-1.2.jar
7f368c113000-7f368c116000 r--s 0001b000 fd:03 289342658                  /home/user/.m2/repository/net/minidev/json-smart/2.3/json-smart-2.3.jar
7f368c116000-7f368c118000 r--s 00000000 fd:03 289277229                  /home/user/.m2/repository/com/github/stephenc/jcip/jcip-annotations/1.0-1/jcip-annotations-1.0-1.jar
7f368c118000-7f368c11e000 r--s 00044000 fd:03 289277721                  /home/user/.m2/repository/com/nimbusds/nimbus-jose-jwt/4.41.1/nimbus-jose-jwt-4.41.1.jar
7f368c11e000-7f368c120000 r--s 00020000 fd:03 289343201                  /home/user/.m2/repository/org/apache/hadoop/hadoop-auth/3.2.0/hadoop-auth-3.2.0.jar
7f368c120000-7f368c125000 r--s 0002a000 fd:03 289277337                  /home/user/.m2/repository/com/google/code/gson/gson/2.2.4/gson-2.2.4.jar
7f368c125000-7f368c127000 r--s 0001e000 fd:03 289277649                  /home/user/.m2/repository/com/google/re2j/re2j/1.1/re2j-1.1.jar
7f368c127000-7f368c129000 r--s 00130000 fd:03 289539729                  /home/user/.m2/repository/org/xerial/snappy/snappy-java/1.0.5/snappy-java-1.0.5.jar
7f368c129000-7f368c12b000 r--s 00006000 fd:03 289277917                  /home/user/.m2/repository/com/thoughtworks/paranamer/paranamer/2.3/paranamer-2.3.jar
7f368c12b000-7f368c134000 r--s 00062000 fd:03 289342880                  /home/user/.m2/repository/org/apache/avro/avro/1.7.7/avro-1.7.7.jar
7f368c134000-7f368c135000 r--s 00002000 fd:03 289539292                  /home/user/.m2/repository/org/slf4j/slf4j-log4j12/1.7.25/slf4j-log4j12-1.7.25.jar
7f368c135000-7f368c139000 r--s 00029000 fd:03 289343114                  /home/user/.m2/repository/org/apache/commons/commons-text/1.4/commons-text-1.4.jar
7f368c139000-7f368c141000 r--s 00072000 fd:03 289342967                  /home/user/.m2/repository/org/apache/commons/commons-lang3/3.7/commons-lang3-3.7.jar
7f368c141000-7f368c14d000 r--s 0008b000 fd:03 289342935                  /home/user/.m2/repository/org/apache/commons/commons-configuration2/2.1.1/commons-configuration2-2.1.1.jar
7f368c14d000-7f368c152000 r--s 00038000 fd:03 289277972                  /home/user/.m2/repository/commons-beanutils/commons-beanutils/1.9.4/commons-beanutils-1.9.4.jar
7f368c152000-7f368c15b000 r--s 0006f000 fd:03 289342446                  /home/user/.m2/repository/log4j/log4j/1.2.17/log4j-1.2.17.jar
7f368c15b000-7f368c15d000 r--s 0000e000 fd:03 289341603                  /home/user/.m2/repository/commons-logging/commons-logging/1.1.3/commons-logging-1.1.3.jar
7f368c15d000-7f368c16d000 r--s 0009c000 fd:03 289277848                  /home/user/.m2/repository/com/sun/jersey/jersey-server/1.19/jersey-server-1.19.jar
7f368c16d000-7f368c16e000 r--s 00006000 fd:03 289473829                  /home/user/.m2/repository/org/codehaus/jackson/jackson-xc/1.9.13/jackson-xc-1.9.13.jar
7f368c16e000-7f368c16f000 r--s 00004000 fd:03 289473811                  /home/user/.m2/repository/org/codehaus/jackson/jackson-jaxrs/1.9.13/jackson-jaxrs-1.9.13.jar
7f368c16f000-7f368c17d000 r--s 000b1000 fd:03 289473820                  /home/user/.m2/repository/org/codehaus/jackson/jackson-mapper-asl/1.9.13/jackson-mapper-asl-1.9.13.jar
7f368c17d000-7f368c181000 r--s 00035000 fd:03 289473802                  /home/user/.m2/repository/org/codehaus/jackson/jackson-core-asl/1.9.13/jackson-core-asl-1.9.13.jar
7f368c181000-7f368c184000 r--s 00016000 fd:03 289342306                  /home/user/.m2/repository/javax/xml/bind/jaxb-api/2.2.11/jaxb-api-2.2.11.jar
7f368c184000-7f368c197000 r--s 000c7000 fd:03 289277883                  /home/user/.m2/repository/com/sun/xml/bind/jaxb-impl/2.2.3-1/jaxb-impl-2.2.3-1.jar
7f368c197000-7f368c199000 r--s 0000f000 fd:03 289473839                  /home/user/.m2/repository/org/codehaus/jettison/jettison/1.1/jettison-1.1.jar
7f368c199000-7f368c19d000 r--s 00025000 fd:03 289277833                  /home/user/.m2/repository/com/sun/jersey/jersey-json/1.19/jersey-json-1.19.jar
7f368c19d000-7f368c1a1000 r--s 0001c000 fd:03 289277857                  /home/user/.m2/repository/com/sun/jersey/jersey-servlet/1.19/jersey-servlet-1.19.jar
7f368c1a1000-7f368c1a3000 r--s 0000a000 fd:03 289342295                  /home/user/.m2/repository/javax/ws/rs/jsr311-api/1.1.1/jsr311-api-1.1.1.jar
7f368c1a3000-7f368c1ad000 r--s 00061000 fd:03 289277824                  /home/user/.m2/repository/com/sun/jersey/jersey-core/1.19/jersey-core-1.19.jar
7f368c1ad000-7f368c1b0000 r--s 00016000 fd:03 289342251                  /home/user/.m2/repository/javax/servlet/jsp/jsp-api/2.1/jsp-api-2.1.jar
7f368c1b0000-7f368c1b1000 r--s 0000c000 fd:03 289538165                  /home/user/.m2/repository/org/eclipse/jetty/jetty-xml/9.3.25.v20180904/jetty-xml-9.3.25.v20180904.jar
7f368c1b1000-7f368c1b4000 r--s 0001a000 fd:03 289538156                  /home/user/.m2/repository/org/eclipse/jetty/jetty-webapp/9.3.25.v20180904/jetty-webapp-9.3.25.v20180904.jar
7f368c1b4000-7f368c1b7000 r--s 00015000 fd:03 289538111                  /home/user/.m2/repository/org/eclipse/jetty/jetty-security/9.3.25.v20180904/jetty-security-9.3.25.v20180904.jar
7f368c1b7000-7f368c1ba000 r--s 0001b000 fd:03 289538129                  /home/user/.m2/repository/org/eclipse/jetty/jetty-servlet/9.3.25.v20180904/jetty-servlet-9.3.25.v20180904.jar
7f368c1ba000-7f368c1c1000 r--s 00069000 fd:03 289538138                  /home/user/.m2/repository/org/eclipse/jetty/jetty-util/9.3.25.v20180904/jetty-util-9.3.25.v20180904.jar
7f368c1c1000-7f368c1c5000 r--s 0001b000 fd:03 289538085                  /home/user/.m2/repository/org/eclipse/jetty/jetty-io/9.3.25.v20180904/jetty-io-9.3.25.v20180904.jar
7f368c1c5000-7f368c1c8000 r--s 00022000 fd:03 289538076                  /home/user/.m2/repository/org/eclipse/jetty/jetty-http/9.3.25.v20180904/jetty-http-9.3.25.v20180904.jar
7f368c1c8000-7f368c1d0000 r--s 00078000 fd:03 289538120                  /home/user/.m2/repository/org/eclipse/jetty/jetty-server/9.3.25.v20180904/jetty-server-9.3.25.v20180904.jar
7f368c1d0000-7f368c1d3000 r--s 00015000 fd:03 289342241                  /home/user/.m2/repository/javax/servlet/javax.servlet-api/3.1.0/javax.servlet-api-3.1.0.jar
7f368c1d3000-7f368c1e0000 r--s 00083000 fd:03 289278100                  /home/user/.m2/repository/commons-collections/commons-collections/3.2.2/commons-collections-3.2.2.jar
7f368c1e0000-7f368c1e6000 r--s 00046000 fd:03 289341628                  /home/user/.m2/repository/commons-net/commons-net/3.6/commons-net-3.6.jar
7f368c1e6000-7f368c1ea000 r--s 0002f000 fd:03 289341511                  /home/user/.m2/repository/commons-io/commons-io/2.5/commons-io-2.5.jar
7f368c1ea000-7f368c1f1000 r--s 0004b000 fd:03 289278030                  /home/user/.m2/repository/commons-codec/commons-codec/1.11/commons-codec-1.11.jar
7f368c1f1000-7f368c1f8000 r--s 00049000 fd:03 289407081                  /home/user/.m2/repository/org/apache/httpcomponents/httpcore/4.4.4/httpcore-4.4.4.jar
7f368c1f8000-7f368c205000 r--s 000a7000 fd:03 289407023                  /home/user/.m2/repository/org/apache/httpcomponents/httpclient/4.5.2/httpclient-4.5.2.jar
7f368c205000-7f368c222000 r--s 0016a000 fd:03 289342976                  /home/user/.m2/repository/org/apache/commons/commons-math3/3.1.1/commons-math3-3.1.1.jar
7f368c222000-7f368c224000 r--s 00009000 fd:03 289278010                  /home/user/.m2/repository/commons-cli/commons-cli/1.2/commons-cli-1.2.jar
7f368c224000-7f368c29d000 r--s 007c0000 fd:03 288293932                  /usr/lib/jvm/java-1.8-openjdk/lib/tools.jar
7f368c29d000-7f368c29e000 r--s 0000e000 fd:03 289343192                  /home/user/.m2/repository/org/apache/hadoop/hadoop-annotations/3.2.0/hadoop-annotations-3.2.0.jar
7f368c29e000-7f368c2c9000 r--s 00297000 fd:03 289343219                  /home/user/.m2/repository/org/apache/hadoop/hadoop-common/3.2.0/hadoop-common-3.2.0-tests.jar
7f368c2c9000-7f368c2ce000 r--s 00c4f000 fd:03 289539197                  /home/user/.m2/repository/org/rocksdb/rocksdbjni/6.0.1/rocksdbjni-6.0.1.jar
7f368c2ce000-7f368c2d0000 r--s 00002000 fd:03 289277365                  /home/user/.m2/repository/com/google/errorprone/error_prone_annotations/2.2.0/error_prone_annotations-2.2.0.jar
7f368c2d0000-7f368c2d2000 r--s 00019000 fd:03 251206340                  /home/user/.m2/repository/org/apache/ratis/ratis-grpc/0.5.0-201fc85-SNAPSHOT/ratis-grpc-0.5.0-201fc85-SNAPSHOT.jar
7f368c2d2000-7f368c2d4000 r--s 00007000 fd:03 251076606                  /home/user/.m2/repository/org/apache/ratis/ratis-netty/0.5.0-201fc85-SNAPSHOT/ratis-netty-0.5.0-201fc85-SNAPSHOT.jar
7f368c2d4000-7f368c2d6000 r--s 00009000 fd:03 289341706                  /home/user/.m2/repository/info/ganglia/gmetric4j/gmetric4j/1.0.7/gmetric4j-1.0.7.jar
7f368c2d6000-7f368c2d7000 r--s 00002000 fd:03 289341737                  /home/user/.m2/repository/io/dropwizard/metrics/metrics-ganglia/3.2.5/metrics-ganglia-3.2.5.jar
7f368c2d7000-7f368c2d9000 r--s 00008000 fd:03 289341746                  /home/user/.m2/repository/io/dropwizard/metrics/metrics-jvm/3.2.5/metrics-jvm-3.2.5.jar
7f368c2d9000-7f368c2da000 r--s 00003000 fd:03 289277218                  /home/user/.m2/repository/com/github/joshelser/dropwizard-metrics-hadoop-metrics2-reporter/0.1.2/dropwizard-metrics-hadoop-metrics2-reporter-0.1.2.jar
7f368c2da000-7f368c2db000 r--s 00006000 fd:03 250945743                  /home/user/.m2/repository/org/apache/ratis/ratis-metrics/0.5.0-201fc85-SNAPSHOT/ratis-metrics-0.5.0-201fc85-SNAPSHOT.jar
7f368c2db000-7f368c2e9000 r--s 0010d000 fd:03 250486417                  /home/user/.m2/repository/org/apache/ratis/ratis-proto/0.5.0-201fc85-SNAPSHOT/ratis-proto-0.5.0-201fc85-SNAPSHOT.jar
7f368c2e9000-7f368c3c3000 r--s 00cc8000 fd:03 289473232                  /home/user/.m2/repository/org/apache/ratis/ratis-thirdparty-misc/0.2.0/ratis-thirdparty-misc-0.2.0.jar
7f368c3c3000-7f368c3c6000 ---p 00000000 00:00 0 
7f368c3c6000-7f368c4c4000 rw-p 00000000 00:00 0 
7f368c4c4000-7f368c6cb000 r-xp 00000000 fd:03 288293755                  /usr/lib/jvm/java-1.8-openjdk/jre/lib/amd64/libmanagement.so
7f368c6cb000-7f368c6cc000 r--p 00007000 fd:03 288293755                  /usr/lib/jvm/java-1.8-openjdk/jre/lib/amd64/libmanagement.so
7f368c6cc000-7f368c6cd000 rw-p 00008000 fd:03 288293755                  /usr/lib/jvm/java-1.8-openjdk/jre/lib/amd64/libmanagement.so
7f368c6cd000-7f368c6d0000 ---p 00000000 00:00 0 
7f368c6d0000-7f368c7ce000 rw-p 00000000 00:00 0 
7f368c7ce000-7f368c7cf000 ---p 00000000 00:00 0 
7f368c7cf000-7f368c8d0000 rw-p 00000000 00:00 0 
7f368c8d0000-7f368c8d3000 ---p 00000000 00:00 0 
7f368c8d3000-7f368c9d1000 rw-p 00000000 00:00 0 
7f368c9d1000-7f368c9d2000 ---p 00000000 00:00 0 
7f368c9d2000-7f368c9d5000 ---p 00000000 00:00 0 
7f368c9d5000-7f368cad3000 rw-p 00000000 00:00 0 
7f368cad3000-7f368cad4000 ---p 00000000 00:00 0 
7f368cad4000-7f368cad7000 ---p 00000000 00:00 0 
7f368cad7000-7f368cbd5000 rw-p 00000000 00:00 0 
7f368cbd5000-7f368cbd8000 ---p 00000000 00:00 0 
7f368cbd8000-7f368ccd6000 rw-p 00000000 00:00 0 
7f368ccd6000-7f368ccd9000 ---p 00000000 00:00 0 
7f368ccd9000-7f368cdd7000 rw-p 00000000 00:00 0 
7f368cdd7000-7f368cdda000 ---p 00000000 00:00 0 
7f368cdda000-7f368ced8000 rw-p 00000000 00:00 0 
7f368ced8000-7f368ced9000 ---p 00000000 00:00 0 
7f368ced9000-7f368d8e3000 rw-p 00000000 00:00 0 
7f368d8e3000-7f368dab3000 r--s 01f56000 fd:03 288293825                  /usr/lib/jvm/java-1.8-openjdk/jre/lib/rt.jar
7f368dab3000-7f3692729000 rw-p 00000000 00:00 0 
7f3692729000-7f369272a000 ---p 00000000 00:00 0 
7f369272a000-7f369282b000 rw-p 00000000 00:00 0 
7f369282b000-7f369282c000 ---p 00000000 00:00 0 
7f369282c000-7f3692fea000 rw-p 00000000 00:00 0 
7f3692fea000-7f3693399000 ---p 00000000 00:00 0 
7f3693399000-7f36937b9000 rwxp 00000000 00:00 0 
7f36937b9000-7f36a2399000 ---p 00000000 00:00 0 
7f36a2399000-7f36a25a0000 r-xp 00000000 fd:03 288293764                  /usr/lib/jvm/java-1.8-openjdk/jre/lib/amd64/libzip.so
7f36a25a0000-7f36a25a1000 r--p 00007000 fd:03 288293764                  /usr/lib/jvm/java-1.8-openjdk/jre/lib/amd64/libzip.so
7f36a25a1000-7f36a25a2000 rw-p 00008000 fd:03 288293764                  /usr/lib/jvm/java-1.8-openjdk/jre/lib/amd64/libzip.so
7f36a25a2000-7f36a27cd000 r-xp 00000000 fd:03 288293745                  /usr/lib/jvm/java-1.8-openjdk/jre/lib/amd64/libjava.so
7f36a27cd000-7f36a27ce000 r--p 0002b000 fd:03 288293745                  /usr/lib/jvm/java-1.8-openjdk/jre/lib/amd64/libjava.so
7f36a27ce000-7f36a27cf000 rw-p 0002c000 fd:03 288293745                  /usr/lib/jvm/java-1.8-openjdk/jre/lib/amd64/libjava.so
7f36a27cf000-7f36a27d0000 rw-p 00000000 00:00 0 
7f36a27d0000-7f36a29dc000 r-xp 00000000 fd:03 288293763                  /usr/lib/jvm/java-1.8-openjdk/jre/lib/amd64/libverify.so
7f36a29dc000-7f36a29de000 r--p 0000c000 fd:03 288293763                  /usr/lib/jvm/java-1.8-openjdk/jre/lib/amd64/libverify.so
7f36a29de000-7f36a29df000 rw-p 0000e000 fd:03 288293763                  /usr/lib/jvm/java-1.8-openjdk/jre/lib/amd64/libverify.so
7f36a29df000-7f36a2bef000 r-xp 00000000 fd:03 288294014                  /usr/lib/libgcc_s.so.1
7f36a2bef000-7f36a2bf0000 r--p 00010000 fd:03 288294014                  /usr/lib/libgcc_s.so.1
7f36a2bf0000-7f36a2bf1000 rw-p 00011000 fd:03 288294014                  /usr/lib/libgcc_s.so.1
7f36a2bf1000-7f36a2f32000 r-xp 00000000 fd:03 288294289                  /usr/lib/libstdc++.so.6.0.22
7f36a2f32000-7f36a2f40000 r--p 00141000 fd:03 288294289                  /usr/lib/libstdc++.so.6.0.22
7f36a2f40000-7f36a2f41000 rw-p 0014f000 fd:03 288294289                  /usr/lib/libstdc++.so.6.0.22
7f36a2f41000-7f36a2f44000 rw-p 00000000 00:00 0 
7f36a2f44000-7f36a3918000 r-xp 00000000 fd:03 288293768                  /usr/lib/jvm/java-1.8-openjdk/jre/lib/amd64/server/libjvm.so
7f36a3918000-7f36a39ae000 r--p 007d4000 fd:03 288293768                  /usr/lib/jvm/java-1.8-openjdk/jre/lib/amd64/server/libjvm.so
7f36a39ae000-7f36a39d6000 rw-p 0086a000 fd:03 288293768                  /usr/lib/jvm/java-1.8-openjdk/jre/lib/amd64/server/libjvm.so
7f36a39d6000-7f36a3a07000 rw-p 00000000 00:00 0 
7f36a3a07000-7f36a3c1c000 r-xp 00000000 fd:03 132383751                  /lib/libz.so.1.2.11
7f36a3c1c000-7f36a3c1d000 r--p 00015000 fd:03 132383751                  /lib/libz.so.1.2.11
7f36a3c1d000-7f36a3c1e000 rw-p 00016000 fd:03 132383751                  /lib/libz.so.1.2.11
7f36a3c1e000-7f36a3e2a000 r-xp 00000000 fd:03 288293729                  /usr/lib/jvm/java-1.8-openjdk/jre/lib/amd64/jli/libjli.so
7f36a3e2a000-7f36a3e2b000 r--p 0000c000 fd:03 288293729                  /usr/lib/jvm/java-1.8-openjdk/jre/lib/amd64/jli/libjli.so
7f36a3e2b000-7f36a3e2c000 rw-p 0000d000 fd:03 288293729                  /usr/lib/jvm/java-1.8-openjdk/jre/lib/amd64/jli/libjli.so
7f36a3e2c000-7f36a3eb9000 r-xp 00000000 fd:03 288227753                  /lib/ld-musl-x86_64.so.1
7f36a3eb9000-7f36a3ebb000 r--s 00009000 fd:03 289539259                  /home/user/.m2/repository/org/slf4j/slf4j-api/1.7.25/slf4j-api-1.7.25.jar
7f36a3ebb000-7f36a3ebd000 r--s 0000c000 fd:03 250813547                  /home/user/.m2/repository/org/apache/ratis/ratis-client/0.5.0-201fc85-SNAPSHOT/ratis-client-0.5.0-201fc85-SNAPSHOT.jar
7f36a3ebd000-7f36a3ec2000 r--s 0003a000 fd:03 250683394                  /home/user/.m2/repository/org/apache/ratis/ratis-common/0.5.0-201fc85-SNAPSHOT/ratis-common-0.5.0-201fc85-SNAPSHOT.jar
7f36a3ec2000-7f36a3ec7000 r--s 00053000 fd:03 250157154                  /home/user/.m2/repository/org/apache/ratis/ratis-server/0.5.0-201fc85-SNAPSHOT/ratis-server-0.5.0-201fc85-SNAPSHOT.jar
7f36a3ec7000-7f36a3eca000 r--s 000fd000 fd:03 289538227                  /home/user/.m2/repository/org/fusesource/leveldbjni/leveldbjni-all/1.8/leveldbjni-all-1.8.jar
7f36a3eca000-7f36a3ecc000 r--s 00005000 fd:03 289342180                  /home/user/.m2/repository/javax/annotation/javax.annotation-api/1.2/javax.annotation-api-1.2.jar
7f36a3ecc000-7f36a3ece000 r--s 00002000 fd:03 289472921                  /home/user/.m2/repository/org/apache/maven/surefire/surefire-logger-api/3.0.0-M1/surefire-logger-api-3.0.0-M1.jar
7f36a3ece000-7f36a3ed3000 r--s 00027000 fd:03 289472903                  /home/user/.m2/repository/org/apache/maven/surefire/surefire-api/3.0.0-M1/surefire-api-3.0.0-M1.jar
7f36a3ed3000-7f36a3ed9000 r--s 00047000 fd:03 289472912                  /home/user/.m2/repository/org/apache/maven/surefire/surefire-booter/3.0.0-M1/surefire-booter-3.0.0-M1.jar
7f36a3ed9000-7f36a3eda000 r--s 00003000 fd:05 6293486                    /workdir/hadoop-hdds/common/target/surefire/surefirebooter5615161640426618857.jar
7f36a3eda000-7f36a3edb000 r--s 00000000 fd:03 132383687                  /etc/localtime
7f36a3edb000-7f36a3fac000 rw-p 00000000 00:00 0 
7f36a3fac000-7f36a3fb4000 rw-s 00000000 fd:03 248272443                  /tmp/hsperfdata_jenkins1000/1767
7f36a3fb4000-7f36a3fb5000 rw-p 00000000 00:00 0 
7f36a3fb5000-7f36a3fb6000 r--p 00000000 00:00 0 
7f36a3fb6000-7f36a3fb8000 ---p 00000000 00:00 0 
7f36a3fb8000-7f36a3fbb000 ---p 00000000 00:00 0 
7f36a3fbb000-7f36a40b9000 rw-p 00000000 00:00 0 
7f36a40b9000-7f36a40ba000 r--p 0008d000 fd:03 288227753                  /lib/ld-musl-x86_64.so.1
7f36a40ba000-7f36a40bb000 rw-p 0008e000 fd:03 288227753                  /lib/ld-musl-x86_64.so.1
7f36a40bb000-7f36a40be000 rw-p 00000000 00:00 0 
7ffe88942000-7ffe88964000 rw-p 00000000 00:00 0                          [stack]
7ffe889de000-7ffe889e0000 r-xp 00000000 00:00 0                          [vdso]
ffffffffff600000-ffffffffff601000 r-xp 00000000 00:00 0                  [vsyscall]

VM Arguments:
jvm_args: -Xmx2048m -XX:+HeapDumpOnOutOfMemoryError 
java_command: /workdir/hadoop-hdds/common/target/surefire/surefirebooter5615161640426618857.jar /workdir/hadoop-hdds/common/target/surefire 2019-10-14T14-16-18_494-jvmRun1 surefire1507450324966895563tmp surefire_254978410505957504390tmp
java_class_path (initial): /workdir/hadoop-hdds/common/target/surefire/surefirebooter5615161640426618857.jar
Launcher Type: SUN_STANDARD

Environment Variables:
PATH=/usr/local/sbin:/usr/local/bin:/usr/sbin:/usr/bin:/sbin:/bin:/opt/findbugs/bin:/opt/blockade/bin
LD_LIBRARY_PATH=/usr/lib/jvm/java-1.8-openjdk/jre/lib/amd64/server:/usr/lib/jvm/java-1.8-openjdk/jre/lib/amd64:/usr/lib/jvm/java-1.8-openjdk/jre/../lib/amd64:/workdir/hadoop-hdds/common/target/native/target/usr/local/lib:/workdir/hadoop-hdds/common/../../hadoop-common-project/hadoop-common/target/native/target/usr/local/lib
DYLD_LIBRARY_PATH=${env.DYLD_LIBRARY_PATH}:/workdir/hadoop-hdds/common/target/native/target/usr/local/lib:/workdir/hadoop-hdds/common/../../hadoop-common-project/hadoop-common/target/native/target/usr/local/lib

Signal Handlers:
SIGSEGV: [libjvm.so+0x600fd2], sa_mask[0]=11111111011111111101111111111110, sa_flags=SA_RESTART|SA_SIGINFO
SIGBUS: [libjvm.so+0x600fd2], sa_mask[0]=11111111011111111101111111111110, sa_flags=SA_RESTART|SA_SIGINFO
SIGFPE: [libjvm.so+0x539502], sa_mask[0]=11111111011111111101111111111110, sa_flags=SA_RESTART|SA_SIGINFO
SIGPIPE: [libjvm.so+0x539502], sa_mask[0]=11111111011111111101111111111110, sa_flags=SA_RESTART|SA_SIGINFO
SIGXFSZ: [libjvm.so+0x539502], sa_mask[0]=11111111011111111101111111111110, sa_flags=SA_RESTART|SA_SIGINFO
SIGILL: [libjvm.so+0x539502], sa_mask[0]=11111111011111111101111111111110, sa_flags=SA_RESTART|SA_SIGINFO
SIGUSR1: SIG_DFL, sa_mask[0]=00000000000000000000000000000000, sa_flags=none
SIGUSR2: [libjvm.so+0x5396a1], sa_mask[0]=00100000000000000000000000000000, sa_flags=SA_RESTART|SA_SIGINFO
SIGHUP: [libjvm.so+0x53b719], sa_mask[0]=11111111011111111101111111111110, sa_flags=SA_RESTART|SA_SIGINFO
SIGINT: [libjvm.so+0x53b719], sa_mask[0]=11111111011111111101111111111110, sa_flags=SA_RESTART|SA_SIGINFO
SIGTERM: [libjvm.so+0x53b719], sa_mask[0]=11111111011111111101111111111110, sa_flags=SA_RESTART|SA_SIGINFO
SIGQUIT: [libjvm.so+0x53b719], sa_mask[0]=11111111011111111101111111111110, sa_flags=SA_RESTART|SA_SIGINFO


---------------  S Y S T E M  ---------------

OS:NAME="Alpine Linux"
ID=alpine
VERSION_ID=3.8.2
PRETTY_NAME="Alpine Linux v3.8"
HOME_URL="http://alpinelinux.org"
BUG_REPORT_URL="http://bugs.alpinelinux.org"

uname:Linux 3.10.0-957.12.2.el7.x86_64 #1 SMP Tue May 14 21:24:32 UTC 2019 x86_64
libc:glibc 2.9 NPTL 
rlimit: STACK 8192k, CORE infinity, NPROC 1048576, NOFILE 1048576, AS infinity
load average:7.96 8.81 8.44

/proc/meminfo:
MemTotal:       263864176 kB
MemFree:          779456 kB
MemAvailable:   127841620 kB
Buffers:        17593828 kB
Cached:         93850588 kB
SwapCached:            0 kB
Active:         210299716 kB
Inactive:       27248412 kB
Active(anon):   128950956 kB
Inactive(anon):  1950956 kB
Active(file):   81348760 kB
Inactive(file): 25297456 kB
Unevictable:       13856 kB
Mlocked:           13856 kB
SwapTotal:             0 kB
SwapFree:              0 kB
Dirty:             65368 kB
Writeback:             4 kB
AnonPages:      126116732 kB
Mapped:           323976 kB
Shmem:           4794640 kB
Slab:           22902824 kB
SReclaimable:   21300040 kB
SUnreclaim:      1602784 kB
KernelStack:      506224 kB
PageTables:       350580 kB
NFS_Unstable:          0 kB
Bounce:                0 kB
WritebackTmp:          0 kB
CommitLimit:    131932088 kB
Committed_AS:   183310492 kB
VmallocTotal:   34359738367 kB
VmallocUsed:      752032 kB
VmallocChunk:   34224619976 kB
HardwareCorrupted:     0 kB
AnonHugePages:   4392960 kB
CmaTotal:              0 kB
CmaFree:               0 kB
HugePages_Total:       0
HugePages_Free:        0
HugePages_Rsvd:        0
HugePages_Surp:        0
Hugepagesize:       2048 kB
DirectMap4k:      324344 kB
DirectMap2M:    10053632 kB
DirectMap1G:    260046848 kB

container (cgroup) information:
container_type: cgroupv1
cpu_cpuset_cpus: 0-31
cpu_memory_nodes: 0-1
active_processor_count: 2
cpu_quota: -1
cpu_period: 100000
cpu_shares: 2048
memory_limit_in_bytes: -1
memory_and_swap_limit_in_bytes: -1
memory_soft_limit_in_bytes: -1
memory_usage_in_bytes: 6215778304
memory_max_usage_in_bytes: 6654435328


CPU:total 32 (initial active 2) (8 cores per cpu, 2 threads per core) family 6 model 63 stepping 2, cmov, cx8, fxsr, mmx, sse, sse2, sse3, ssse3, sse4.1, sse4.2, popcnt, avx, avx2, aes, clmul, erms, lzcnt, ht, tsc, tscinvbit, bmi1, bmi2

/proc/cpuinfo:
processor	: 0
vendor_id	: GenuineIntel
cpu family	: 6
model		: 63
model name	: Intel(R) Xeon(R) CPU E5-2630 v3 @ 2.40GHz
stepping	: 2
microcode	: 0x43
cpu MHz		: 2672.900
cache size	: 20480 KB
physical id	: 0
siblings	: 16
core id		: 0
cpu cores	: 8
apicid		: 0
initial apicid	: 0
fpu		: yes
fpu_exception	: yes
cpuid level	: 15
wp		: yes
flags		: fpu vme de pse tsc msr pae mce cx8 apic sep mtrr pge mca cmov pat pse36 clflush dts acpi mmx fxsr sse sse2 ss ht tm pbe syscall nx pdpe1gb rdtscp lm constant_tsc arch_perfmon pebs bts rep_good nopl xtopology nonstop_tsc aperfmperf eagerfpu pni pclmulqdq dtes64 monitor ds_cpl vmx smx est tm2 ssse3 sdbg fma cx16 xtpr pdcm pcid dca sse4_1 sse4_2 x2apic movbe popcnt tsc_deadline_timer aes xsave avx f16c rdrand lahf_lm abm epb intel_ppin ssbd ibrs ibpb stibp tpr_shadow vnmi flexpriority ept vpid fsgsbase tsc_adjust bmi1 avx2 smep bmi2 erms invpcid cqm xsaveopt cqm_llc cqm_occup_llc dtherm ida arat pln pts md_clear spec_ctrl intel_stibp flush_l1d
bogomips	: 4788.52
clflush size	: 64
cache_alignment	: 64
address sizes	: 46 bits physical, 48 bits virtual
power management:

processor	: 1
vendor_id	: GenuineIntel
cpu family	: 6
model		: 63
model name	: Intel(R) Xeon(R) CPU E5-2630 v3 @ 2.40GHz
stepping	: 2
microcode	: 0x43
cpu MHz		: 2643.017
cache size	: 20480 KB
physical id	: 0
siblings	: 16
core id		: 1
cpu cores	: 8
apicid		: 2
initial apicid	: 2
fpu		: yes
fpu_exception	: yes
cpuid level	: 15
wp		: yes
flags		: fpu vme de pse tsc msr pae mce cx8 apic sep mtrr pge mca cmov pat pse36 clflush dts acpi mmx fxsr sse sse2 ss ht tm pbe syscall nx pdpe1gb rdtscp lm constant_tsc arch_perfmon pebs bts rep_good nopl xtopology nonstop_tsc aperfmperf eagerfpu pni pclmulqdq dtes64 monitor ds_cpl vmx smx est tm2 ssse3 sdbg fma cx16 xtpr pdcm pcid dca sse4_1 sse4_2 x2apic movbe popcnt tsc_deadline_timer aes xsave avx f16c rdrand lahf_lm abm epb intel_ppin ssbd ibrs ibpb stibp tpr_shadow vnmi flexpriority ept vpid fsgsbase tsc_adjust bmi1 avx2 smep bmi2 erms invpcid cqm xsaveopt cqm_llc cqm_occup_llc dtherm ida arat pln pts md_clear spec_ctrl intel_stibp flush_l1d
bogomips	: 4788.52
clflush size	: 64
cache_alignment	: 64
address sizes	: 46 bits physical, 48 bits virtual
power management:

processor	: 2
vendor_id	: GenuineIntel
cpu family	: 6
model		: 63
model name	: Intel(R) Xeon(R) CPU E5-2630 v3 @ 2.40GHz
stepping	: 2
microcode	: 0x43
cpu MHz		: 2197.998
cache size	: 20480 KB
physical id	: 0
siblings	: 16
core id		: 2
cpu cores	: 8
apicid		: 4
initial apicid	: 4
fpu		: yes
fpu_exception	: yes
cpuid level	: 15
wp		: yes
flags		: fpu vme de pse tsc msr pae mce cx8 apic sep mtrr pge mca cmov pat pse36 clflush dts acpi mmx fxsr sse sse2 ss ht tm pbe syscall nx pdpe1gb rdtscp lm constant_tsc arch_perfmon pebs bts rep_good nopl xtopology nonstop_tsc aperfmperf eagerfpu pni pclmulqdq dtes64 monitor ds_cpl vmx smx est tm2 ssse3 sdbg fma cx16 xtpr pdcm pcid dca sse4_1 sse4_2 x2apic movbe popcnt tsc_deadline_timer aes xsave avx f16c rdrand lahf_lm abm epb intel_ppin ssbd ibrs ibpb stibp tpr_shadow vnmi flexpriority ept vpid fsgsbase tsc_adjust bmi1 avx2 smep bmi2 erms invpcid cqm xsaveopt cqm_llc cqm_occup_llc dtherm ida arat pln pts md_clear spec_ctrl intel_stibp flush_l1d
bogomips	: 4788.52
clflush size	: 64
cache_alignment	: 64
address sizes	: 46 bits physical, 48 bits virtual
power management:

processor	: 3
vendor_id	: GenuineIntel
cpu family	: 6
model		: 63
model name	: Intel(R) Xeon(R) CPU E5-2630 v3 @ 2.40GHz
stepping	: 2
microcode	: 0x43
cpu MHz		: 2658.544
cache size	: 20480 KB
physical id	: 0
siblings	: 16
core id		: 3
cpu cores	: 8
apicid		: 6
initial apicid	: 6
fpu		: yes
fpu_exception	: yes
cpuid level	: 15
wp		: yes
flags		: fpu vme de pse tsc msr pae mce cx8 apic sep mtrr pge mca cmov pat pse36 clflush dts acpi mmx fxsr sse sse2 ss ht tm pbe syscall nx pdpe1gb rdtscp lm constant_tsc arch_perfmon pebs bts rep_good nopl xtopology nonstop_tsc aperfmperf eagerfpu pni pclmulqdq dtes64 monitor ds_cpl vmx smx est tm2 ssse3 sdbg fma cx16 xtpr pdcm pcid dca sse4_1 sse4_2 x2apic movbe popcnt tsc_deadline_timer aes xsave avx f16c rdrand lahf_lm abm epb intel_ppin ssbd ibrs ibpb stibp tpr_shadow vnmi flexpriority ept vpid fsgsbase tsc_adjust bmi1 avx2 smep bmi2 erms invpcid cqm xsaveopt cqm_llc cqm_occup_llc dtherm ida arat pln pts md_clear spec_ctrl intel_stibp flush_l1d
bogomips	: 4788.52
clflush size	: 64
cache_alignment	: 64
address sizes	: 46 bits physical, 48 bits virtual
power management:

processor	: 4
vendor_id	: GenuineIntel
cpu family	: 6
model		: 63
model name	: Intel(R) Xeon(R) CPU E5-2630 v3 @ 2.40GHz
stepping	: 2
microcode	: 0x43
cpu MHz		: 2133.105
cache size	: 20480 KB
physical id	: 0
siblings	: 16
core id		: 4
cpu cores	: 8
apicid		: 8
initial apicid	: 8
fpu		: yes
fpu_exception	: yes
cpuid level	: 15
wp		: yes
flags		: fpu vme de pse tsc msr pae mce cx8 apic sep mtrr pge mca cmov pat pse36 clflush dts acpi mmx fxsr sse sse2 ss ht tm pbe syscall nx pdpe1gb rdtscp lm constant_tsc arch_perfmon pebs bts rep_good nopl xtopology nonstop_tsc aperfmperf eagerfpu pni pclmulqdq dtes64 monitor ds_cpl vmx smx est tm2 ssse3 sdbg fma cx16 xtpr pdcm pcid dca sse4_1 sse4_2 x2apic movbe popcnt tsc_deadline_timer aes xsave avx f16c rdrand lahf_lm abm epb intel_ppin ssbd ibrs ibpb stibp tpr_shadow vnmi flexpriority ept vpid fsgsbase tsc_adjust bmi1 avx2 smep bmi2 erms invpcid cqm xsaveopt cqm_llc cqm_occup_llc dtherm ida arat pln pts md_clear spec_ctrl intel_stibp flush_l1d
bogomips	: 4788.52
clflush size	: 64
cache_alignment	: 64
address sizes	: 46 bits physical, 48 bits virtual
power management:

processor	: 5
vendor_id	: GenuineIntel
cpu family	: 6
model		: 63
model name	: Intel(R) Xeon(R) CPU E5-2630 v3 @ 2.40GHz
stepping	: 2
microcode	: 0x43
cpu MHz		: 2620.019
cache size	: 20480 KB
physical id	: 0
siblings	: 16
core id		: 5
cpu cores	: 8
apicid		: 10
initial apicid	: 10
fpu		: yes
fpu_exception	: yes
cpuid level	: 15
wp		: yes
flags		: fpu vme de pse tsc msr pae mce cx8 apic sep mtrr pge mca cmov pat pse36 clflush dts acpi mmx fxsr sse sse2 ss ht tm pbe syscall nx pdpe1gb rdtscp lm constant_tsc arch_perfmon pebs bts rep_good nopl xtopology nonstop_tsc aperfmperf eagerfpu pni pclmulqdq dtes64 monitor ds_cpl vmx smx est tm2 ssse3 sdbg fma cx16 xtpr pdcm pcid dca sse4_1 sse4_2 x2apic movbe popcnt tsc_deadline_timer aes xsave avx f16c rdrand lahf_lm abm epb intel_ppin ssbd ibrs ibpb stibp tpr_shadow vnmi flexpriority ept vpid fsgsbase tsc_adjust bmi1 avx2 smep bmi2 erms invpcid cqm xsaveopt cqm_llc cqm_occup_llc dtherm ida arat pln pts md_clear spec_ctrl intel_stibp flush_l1d
bogomips	: 4788.52
clflush size	: 64
cache_alignment	: 64
address sizes	: 46 bits physical, 48 bits virtual
power management:

processor	: 6
vendor_id	: GenuineIntel
cpu family	: 6
model		: 63
model name	: Intel(R) Xeon(R) CPU E5-2630 v3 @ 2.40GHz
stepping	: 2
microcode	: 0x43
cpu MHz		: 2620.751
cache size	: 20480 KB
physical id	: 0
siblings	: 16
core id		: 6
cpu cores	: 8
apicid		: 12
initial apicid	: 12
fpu		: yes
fpu_exception	: yes
cpuid level	: 15
wp		: yes
flags		: fpu vme de pse tsc msr pae mce cx8 apic sep mtrr pge mca cmov pat pse36 clflush dts acpi mmx fxsr sse sse2 ss ht tm pbe syscall nx pdpe1gb rdtscp lm constant_tsc arch_perfmon pebs bts rep_good nopl xtopology nonstop_tsc aperfmperf eagerfpu pni pclmulqdq dtes64 monitor ds_cpl vmx smx est tm2 ssse3 sdbg fma cx16 xtpr pdcm pcid dca sse4_1 sse4_2 x2apic movbe popcnt tsc_deadline_timer aes xsave avx f16c rdrand lahf_lm abm epb intel_ppin ssbd ibrs ibpb stibp tpr_shadow vnmi flexpriority ept vpid fsgsbase tsc_adjust bmi1 avx2 smep bmi2 erms invpcid cqm xsaveopt cqm_llc cqm_occup_llc dtherm ida arat pln pts md_clear spec_ctrl intel_stibp flush_l1d
bogomips	: 4788.52
clflush size	: 64
cache_alignment	: 64
address sizes	: 46 bits physical, 48 bits virtual
power management:

processor	: 7
vendor_id	: GenuineIntel
cpu family	: 6
model		: 63
model name	: Intel(R) Xeon(R) CPU E5-2630 v3 @ 2.40GHz
stepping	: 2
microcode	: 0x43
cpu MHz		: 2413.916
cache size	: 20480 KB
physical id	: 0
siblings	: 16
core id		: 7
cpu cores	: 8
apicid		: 14
initial apicid	: 14
fpu		: yes
fpu_exception	: yes
cpuid level	: 15
wp		: yes
flags		: fpu vme de pse tsc msr pae mce cx8 apic sep mtrr pge mca cmov pat pse36 clflush dts acpi mmx fxsr sse sse2 ss ht tm pbe syscall nx pdpe1gb rdtscp lm constant_tsc arch_perfmon pebs bts rep_good nopl xtopology nonstop_tsc aperfmperf eagerfpu pni pclmulqdq dtes64 monitor ds_cpl vmx smx est tm2 ssse3 sdbg fma cx16 xtpr pdcm pcid dca sse4_1 sse4_2 x2apic movbe popcnt tsc_deadline_timer aes xsave avx f16c rdrand lahf_lm abm epb intel_ppin ssbd ibrs ibpb stibp tpr_shadow vnmi flexpriority ept vpid fsgsbase tsc_adjust bmi1 avx2 smep bmi2 erms invpcid cqm xsaveopt cqm_llc cqm_occup_llc dtherm ida arat pln pts md_clear spec_ctrl intel_stibp flush_l1d
bogomips	: 4788.52
clflush size	: 64
cache_alignment	: 64
address sizes	: 46 bits physical, 48 bits virtual
power management:

processor	: 8
vendor_id	: GenuineIntel
cpu family	: 6
model		: 63
model name	: Intel(R) Xeon(R) CPU E5-2630 v3 @ 2.40GHz
stepping	: 2
microcode	: 0x43
cpu MHz		: 2702.783
cache size	: 20480 KB
physical id	: 1
siblings	: 16
core id		: 0
cpu cores	: 8
apicid		: 16
initial apicid	: 16
fpu		: yes
fpu_exception	: yes
cpuid level	: 15
wp		: yes
flags		: fpu vme de pse tsc msr pae mce cx8 apic sep mtrr pge mca cmov pat pse36 clflush dts acpi mmx fxsr sse sse2 ss ht tm pbe syscall nx pdpe1gb rdtscp lm constant_tsc arch_perfmon pebs bts rep_good nopl xtopology nonstop_tsc aperfmperf eagerfpu pni pclmulqdq dtes64 monitor ds_cpl vmx smx est tm2 ssse3 sdbg fma cx16 xtpr pdcm pcid dca sse4_1 sse4_2 x2apic movbe popcnt tsc_deadline_timer aes xsave avx f16c rdrand lahf_lm abm epb intel_ppin ssbd ibrs ibpb stibp tpr_shadow vnmi flexpriority ept vpid fsgsbase tsc_adjust bmi1 avx2 smep bmi2 erms invpcid cqm xsaveopt cqm_llc cqm_occup_llc dtherm ida arat pln pts md_clear spec_ctrl intel_stibp flush_l1d
bogomips	: 4794.04
clflush size	: 64
cache_alignment	: 64
address sizes	: 46 bits physical, 48 bits virtual
power management:

processor	: 9
vendor_id	: GenuineIntel
cpu family	: 6
model		: 63
model name	: Intel(R) Xeon(R) CPU E5-2630 v3 @ 2.40GHz
stepping	: 2
microcode	: 0x43
cpu MHz		: 1390.429
cache size	: 20480 KB
physical id	: 1
siblings	: 16
core id		: 1
cpu cores	: 8
apicid		: 18
initial apicid	: 18
fpu		: yes
fpu_exception	: yes
cpuid level	: 15
wp		: yes
flags		: fpu vme de pse tsc msr pae mce cx8 apic sep mtrr pge mca cmov pat pse36 clflush dts acpi mmx fxsr sse sse2 ss ht tm pbe syscall nx pdpe1gb rdtscp lm constant_tsc arch_perfmon pebs bts rep_good nopl xtopology nonstop_tsc aperfmperf eagerfpu pni pclmulqdq dtes64 monitor ds_cpl vmx smx est tm2 ssse3 sdbg fma cx16 xtpr pdcm pcid dca sse4_1 sse4_2 x2apic movbe popcnt tsc_deadline_timer aes xsave avx f16c rdrand lahf_lm abm epb intel_ppin ssbd ibrs ibpb stibp tpr_shadow vnmi flexpriority ept vpid fsgsbase tsc_adjust bmi1 avx2 smep bmi2 erms invpcid cqm xsaveopt cqm_llc cqm_occup_llc dtherm ida arat pln pts md_clear spec_ctrl intel_stibp flush_l1d
bogomips	: 4794.04
clflush size	: 64
cache_alignment	: 64
address sizes	: 46 bits physical, 48 bits virtual
power management:

processor	: 10
vendor_id	: GenuineIntel
cpu family	: 6
model		: 63
model name	: Intel(R) Xeon(R) CPU E5-2630 v3 @ 2.40GHz
stepping	: 2
microcode	: 0x43
cpu MHz		: 2661.474
cache size	: 20480 KB
physical id	: 1
siblings	: 16
core id		: 2
cpu cores	: 8
apicid		: 20
initial apicid	: 20
fpu		: yes
fpu_exception	: yes
cpuid level	: 15
wp		: yes
flags		: fpu vme de pse tsc msr pae mce cx8 apic sep mtrr pge mca cmov pat pse36 clflush dts acpi mmx fxsr sse sse2 ss ht tm pbe syscall nx pdpe1gb rdtscp lm constant_tsc arch_perfmon pebs bts rep_good nopl xtopology nonstop_tsc aperfmperf eagerfpu pni pclmulqdq dtes64 monitor ds_cpl vmx smx est tm2 ssse3 sdbg fma cx16 xtpr pdcm pcid dca sse4_1 sse4_2 x2apic movbe popcnt tsc_deadline_timer aes xsave avx f16c rdrand lahf_lm abm epb intel_ppin ssbd ibrs ibpb stibp tpr_shadow vnmi flexpriority ept vpid fsgsbase tsc_adjust bmi1 avx2 smep bmi2 erms invpcid cqm xsaveopt cqm_llc cqm_occup_llc dtherm ida arat pln pts md_clear spec_ctrl intel_stibp flush_l1d
bogomips	: 4794.04
clflush size	: 64
cache_alignment	: 64
address sizes	: 46 bits physical, 48 bits virtual
power management:

processor	: 11
vendor_id	: GenuineIntel
cpu family	: 6
model		: 63
model name	: Intel(R) Xeon(R) CPU E5-2630 v3 @ 2.40GHz
stepping	: 2
microcode	: 0x43
cpu MHz		: 1989.550
cache size	: 20480 KB
physical id	: 1
siblings	: 16
core id		: 3
cpu cores	: 8
apicid		: 22
initial apicid	: 22
fpu		: yes
fpu_exception	: yes
cpuid level	: 15
wp		: yes
flags		: fpu vme de pse tsc msr pae mce cx8 apic sep mtrr pge mca cmov pat pse36 clflush dts acpi mmx fxsr sse sse2 ss ht tm pbe syscall nx pdpe1gb rdtscp lm constant_tsc arch_perfmon pebs bts rep_good nopl xtopology nonstop_tsc aperfmperf eagerfpu pni pclmulqdq dtes64 monitor ds_cpl vmx smx est tm2 ssse3 sdbg fma cx16 xtpr pdcm pcid dca sse4_1 sse4_2 x2apic movbe popcnt tsc_deadline_timer aes xsave avx f16c rdrand lahf_lm abm epb intel_ppin ssbd ibrs ibpb stibp tpr_shadow vnmi flexpriority ept vpid fsgsbase tsc_adjust bmi1 avx2 smep bmi2 erms invpcid cqm xsaveopt cqm_llc cqm_occup_llc dtherm ida arat pln pts md_clear spec_ctrl intel_stibp flush_l1d
bogomips	: 4794.04
clflush size	: 64
cache_alignment	: 64
address sizes	: 46 bits physical, 48 bits virtual
power management:

processor	: 12
vendor_id	: GenuineIntel
cpu family	: 6
model		: 63
model name	: Intel(R) Xeon(R) CPU E5-2630 v3 @ 2.40GHz
stepping	: 2
microcode	: 0x43
cpu MHz		: 2206.054
cache size	: 20480 KB
physical id	: 1
siblings	: 16
core id		: 4
cpu cores	: 8
apicid		: 24
initial apicid	: 24
fpu		: yes
fpu_exception	: yes
cpuid level	: 15
wp		: yes
flags		: fpu vme de pse tsc msr pae mce cx8 apic sep mtrr pge mca cmov pat pse36 clflush dts acpi mmx fxsr sse sse2 ss ht tm pbe syscall nx pdpe1gb rdtscp lm constant_tsc arch_perfmon pebs bts rep_good nopl xtopology nonstop_tsc aperfmperf eagerfpu pni pclmulqdq dtes64 monitor ds_cpl vmx smx est tm2 ssse3 sdbg fma cx16 xtpr pdcm pcid dca sse4_1 sse4_2 x2apic movbe popcnt tsc_deadline_timer aes xsave avx f16c rdrand lahf_lm abm epb intel_ppin ssbd ibrs ibpb stibp tpr_shadow vnmi flexpriority ept vpid fsgsbase tsc_adjust bmi1 avx2 smep bmi2 erms invpcid cqm xsaveopt cqm_llc cqm_occup_llc dtherm ida arat pln pts md_clear spec_ctrl intel_stibp flush_l1d
bogomips	: 4794.04
clflush size	: 64
cache_alignment	: 64
address sizes	: 46 bits physical, 48 bits virtual
power management:

processor	: 13
vendor_id	: GenuineIntel
cpu family	: 6
model		: 63
model name	: Intel(R) Xeon(R) CPU E5-2630 v3 @ 2.40GHz
stepping	: 2
microcode	: 0x43
cpu MHz		: 2400.000
cache size	: 20480 KB
physical id	: 1
siblings	: 16
core id		: 5
cpu cores	: 8
apicid		: 26
initial apicid	: 26
fpu		: yes
fpu_exception	: yes
cpuid level	: 15
wp		: yes
flags		: fpu vme de pse tsc msr pae mce cx8 apic sep mtrr pge mca cmov pat pse36 clflush dts acpi mmx fxsr sse sse2 ss ht tm pbe syscall nx pdpe1gb rdtscp lm constant_tsc arch_perfmon pebs bts rep_good nopl xtopology nonstop_tsc aperfmperf eagerfpu pni pclmulqdq dtes64 monitor ds_cpl vmx smx est tm2 ssse3 sdbg fma cx16 xtpr pdcm pcid dca sse4_1 sse4_2 x2apic movbe popcnt tsc_deadline_timer aes xsave avx f16c rdrand lahf_lm abm epb intel_ppin ssbd ibrs ibpb stibp tpr_shadow vnmi flexpriority ept vpid fsgsbase tsc_adjust bmi1 avx2 smep bmi2 erms invpcid cqm xsaveopt cqm_llc cqm_occup_llc dtherm ida arat pln pts md_clear spec_ctrl intel_stibp flush_l1d
bogomips	: 4794.04
clflush size	: 64
cache_alignment	: 64
address sizes	: 46 bits physical, 48 bits virtual
power management:

processor	: 14
vendor_id	: GenuineIntel
cpu family	: 6
model		: 63
model name	: Intel(R) Xeon(R) CPU E5-2630 v3 @ 2.40GHz
stepping	: 2
microcode	: 0x43
cpu MHz		: 1835.888
cache size	: 20480 KB
physical id	: 1
siblings	: 16
core id		: 6
cpu cores	: 8
apicid		: 28
initial apicid	: 28
fpu		: yes
fpu_exception	: yes
cpuid level	: 15
wp		: yes
flags		: fpu vme de pse tsc msr pae mce cx8 apic sep mtrr pge mca cmov pat pse36 clflush dts acpi mmx fxsr sse sse2 ss ht tm pbe syscall nx pdpe1gb rdtscp lm constant_tsc arch_perfmon pebs bts rep_good nopl xtopology nonstop_tsc aperfmperf eagerfpu pni pclmulqdq dtes64 monitor ds_cpl vmx smx est tm2 ssse3 sdbg fma cx16 xtpr pdcm pcid dca sse4_1 sse4_2 x2apic movbe popcnt tsc_deadline_timer aes xsave avx f16c rdrand lahf_lm abm epb intel_ppin ssbd ibrs ibpb stibp tpr_shadow vnmi flexpriority ept vpid fsgsbase tsc_adjust bmi1 avx2 smep bmi2 erms invpcid cqm xsaveopt cqm_llc cqm_occup_llc dtherm ida arat pln pts md_clear spec_ctrl intel_stibp flush_l1d
bogomips	: 4794.04
clflush size	: 64
cache_alignment	: 64
address sizes	: 46 bits physical, 48 bits virtual
power management:

processor	: 15
vendor_id	: GenuineIntel
cpu family	: 6
model		: 63
model name	: Intel(R) Xeon(R) CPU E5-2630 v3 @ 2.40GHz
stepping	: 2
microcode	: 0x43
cpu MHz		: 2400.000
cache size	: 20480 KB
physical id	: 1
siblings	: 16
core id		: 7
cpu cores	: 8
apicid		: 30
initial apicid	: 30
fpu		: yes
fpu_exception	: yes
cpuid level	: 15
wp		: yes
flags		: fpu vme de pse tsc msr pae mce cx8 apic sep mtrr pge mca cmov pat pse36 clflush dts acpi mmx fxsr sse sse2 ss ht tm pbe syscall nx pdpe1gb rdtscp lm constant_tsc arch_perfmon pebs bts rep_good nopl xtopology nonstop_tsc aperfmperf eagerfpu pni pclmulqdq dtes64 monitor ds_cpl vmx smx est tm2 ssse3 sdbg fma cx16 xtpr pdcm pcid dca sse4_1 sse4_2 x2apic movbe popcnt tsc_deadline_timer aes xsave avx f16c rdrand lahf_lm abm epb intel_ppin ssbd ibrs ibpb stibp tpr_shadow vnmi flexpriority ept vpid fsgsbase tsc_adjust bmi1 avx2 smep bmi2 erms invpcid cqm xsaveopt cqm_llc cqm_occup_llc dtherm ida arat pln pts md_clear spec_ctrl intel_stibp flush_l1d
bogomips	: 4794.04
clflush size	: 64
cache_alignment	: 64
address sizes	: 46 bits physical, 48 bits virtual
power management:

processor	: 16
vendor_id	: GenuineIntel
cpu family	: 6
model		: 63
model name	: Intel(R) Xeon(R) CPU E5-2630 v3 @ 2.40GHz
stepping	: 2
microcode	: 0x43
cpu MHz		: 2645.507
cache size	: 20480 KB
physical id	: 0
siblings	: 16
core id		: 0
cpu cores	: 8
apicid		: 1
initial apicid	: 1
fpu		: yes
fpu_exception	: yes
cpuid level	: 15
wp		: yes
flags		: fpu vme de pse tsc msr pae mce cx8 apic sep mtrr pge mca cmov pat pse36 clflush dts acpi mmx fxsr sse sse2 ss ht tm pbe syscall nx pdpe1gb rdtscp lm constant_tsc arch_perfmon pebs bts rep_good nopl xtopology nonstop_tsc aperfmperf eagerfpu pni pclmulqdq dtes64 monitor ds_cpl vmx smx est tm2 ssse3 sdbg fma cx16 xtpr pdcm pcid dca sse4_1 sse4_2 x2apic movbe popcnt tsc_deadline_timer aes xsave avx f16c rdrand lahf_lm abm epb intel_ppin ssbd ibrs ibpb stibp tpr_shadow vnmi flexpriority ept vpid fsgsbase tsc_adjust bmi1 avx2 smep bmi2 erms invpcid cqm xsaveopt cqm_llc cqm_occup_llc dtherm ida arat pln pts md_clear spec_ctrl intel_stibp flush_l1d
bogomips	: 4788.52
clflush size	: 64
cache_alignment	: 64
address sizes	: 46 bits physical, 48 bits virtual
power management:

processor	: 17
vendor_id	: GenuineIntel
cpu family	: 6
model		: 63
model name	: Intel(R) Xeon(R) CPU E5-2630 v3 @ 2.40GHz
stepping	: 2
microcode	: 0x43
cpu MHz		: 2696.923
cache size	: 20480 KB
physical id	: 0
siblings	: 16
core id		: 1
cpu cores	: 8
apicid		: 3
initial apicid	: 3
fpu		: yes
fpu_exception	: yes
cpuid level	: 15
wp		: yes
flags		: fpu vme de pse tsc msr pae mce cx8 apic sep mtrr pge mca cmov pat pse36 clflush dts acpi mmx fxsr sse sse2 ss ht tm pbe syscall nx pdpe1gb rdtscp lm constant_tsc arch_perfmon pebs bts rep_good nopl xtopology nonstop_tsc aperfmperf eagerfpu pni pclmulqdq dtes64 monitor ds_cpl vmx smx est tm2 ssse3 sdbg fma cx16 xtpr pdcm pcid dca sse4_1 sse4_2 x2apic movbe popcnt tsc_deadline_timer aes xsave avx f16c rdrand lahf_lm abm epb intel_ppin ssbd ibrs ibpb stibp tpr_shadow vnmi flexpriority ept vpid fsgsbase tsc_adjust bmi1 avx2 smep bmi2 erms invpcid cqm xsaveopt cqm_llc cqm_occup_llc dtherm ida arat pln pts md_clear spec_ctrl intel_stibp flush_l1d
bogomips	: 4788.52
clflush size	: 64
cache_alignment	: 64
address sizes	: 46 bits physical, 48 bits virtual
power management:

processor	: 18
vendor_id	: GenuineIntel
cpu family	: 6
model		: 63
model name	: Intel(R) Xeon(R) CPU E5-2630 v3 @ 2.40GHz
stepping	: 2
microcode	: 0x43
cpu MHz		: 2253.222
cache size	: 20480 KB
physical id	: 0
siblings	: 16
core id		: 2
cpu cores	: 8
apicid		: 5
initial apicid	: 5
fpu		: yes
fpu_exception	: yes
cpuid level	: 15
wp		: yes
flags		: fpu vme de pse tsc msr pae mce cx8 apic sep mtrr pge mca cmov pat pse36 clflush dts acpi mmx fxsr sse sse2 ss ht tm pbe syscall nx pdpe1gb rdtscp lm constant_tsc arch_perfmon pebs bts rep_good nopl xtopology nonstop_tsc aperfmperf eagerfpu pni pclmulqdq dtes64 monitor ds_cpl vmx smx est tm2 ssse3 sdbg fma cx16 xtpr pdcm pcid dca sse4_1 sse4_2 x2apic movbe popcnt tsc_deadline_timer aes xsave avx f16c rdrand lahf_lm abm epb intel_ppin ssbd ibrs ibpb stibp tpr_shadow vnmi flexpriority ept vpid fsgsbase tsc_adjust bmi1 avx2 smep bmi2 erms invpcid cqm xsaveopt cqm_llc cqm_occup_llc dtherm ida arat pln pts md_clear spec_ctrl intel_stibp flush_l1d
bogomips	: 4788.52
clflush size	: 64
cache_alignment	: 64
address sizes	: 46 bits physical, 48 bits virtual
power management:

processor	: 19
vendor_id	: GenuineIntel
cpu family	: 6
model		: 63
model name	: Intel(R) Xeon(R) CPU E5-2630 v3 @ 2.40GHz
stepping	: 2
microcode	: 0x43
cpu MHz		: 2675.683
cache size	: 20480 KB
physical id	: 0
siblings	: 16
core id		: 3
cpu cores	: 8
apicid		: 7
initial apicid	: 7
fpu		: yes
fpu_exception	: yes
cpuid level	: 15
wp		: yes
flags		: fpu vme de pse tsc msr pae mce cx8 apic sep mtrr pge mca cmov pat pse36 clflush dts acpi mmx fxsr sse sse2 ss ht tm pbe syscall nx pdpe1gb rdtscp lm constant_tsc arch_perfmon pebs bts rep_good nopl xtopology nonstop_tsc aperfmperf eagerfpu pni pclmulqdq dtes64 monitor ds_cpl vmx smx est tm2 ssse3 sdbg fma cx16 xtpr pdcm pcid dca sse4_1 sse4_2 x2apic movbe popcnt tsc_deadline_timer aes xsave avx f16c rdrand lahf_lm abm epb intel_ppin ssbd ibrs ibpb stibp tpr_shadow vnmi flexpriority ept vpid fsgsbase tsc_adjust bmi1 avx2 smep bmi2 erms invpcid cqm xsaveopt cqm_llc cqm_occup_llc dtherm ida arat pln pts md_clear spec_ctrl intel_stibp flush_l1d
bogomips	: 4788.52
clflush size	: 64
cache_alignment	: 64
address sizes	: 46 bits physical, 48 bits virtual
power management:

processor	: 20
vendor_id	: GenuineIntel
cpu family	: 6
model		: 63
model name	: Intel(R) Xeon(R) CPU E5-2630 v3 @ 2.40GHz
stepping	: 2
microcode	: 0x43
cpu MHz		: 2166.943
cache size	: 20480 KB
physical id	: 0
siblings	: 16
core id		: 4
cpu cores	: 8
apicid		: 9
initial apicid	: 9
fpu		: yes
fpu_exception	: yes
cpuid level	: 15
wp		: yes
flags		: fpu vme de pse tsc msr pae mce cx8 apic sep mtrr pge mca cmov pat pse36 clflush dts acpi mmx fxsr sse sse2 ss ht tm pbe syscall nx pdpe1gb rdtscp lm constant_tsc arch_perfmon pebs bts rep_good nopl xtopology nonstop_tsc aperfmperf eagerfpu pni pclmulqdq dtes64 monitor ds_cpl vmx smx est tm2 ssse3 sdbg fma cx16 xtpr pdcm pcid dca sse4_1 sse4_2 x2apic movbe popcnt tsc_deadline_timer aes xsave avx f16c rdrand lahf_lm abm epb intel_ppin ssbd ibrs ibpb stibp tpr_shadow vnmi flexpriority ept vpid fsgsbase tsc_adjust bmi1 avx2 smep bmi2 erms invpcid cqm xsaveopt cqm_llc cqm_occup_llc dtherm ida arat pln pts md_clear spec_ctrl intel_stibp flush_l1d
bogomips	: 4788.52
clflush size	: 64
cache_alignment	: 64
address sizes	: 46 bits physical, 48 bits virtual
power management:

processor	: 21
vendor_id	: GenuineIntel
cpu family	: 6
model		: 63
model name	: Intel(R) Xeon(R) CPU E5-2630 v3 @ 2.40GHz
stepping	: 2
microcode	: 0x43
cpu MHz		: 2603.173
cache size	: 20480 KB
physical id	: 0
siblings	: 16
core id		: 5
cpu cores	: 8
apicid		: 11
initial apicid	: 11
fpu		: yes
fpu_exception	: yes
cpuid level	: 15
wp		: yes
flags		: fpu vme de pse tsc msr pae mce cx8 apic sep mtrr pge mca cmov pat pse36 clflush dts acpi mmx fxsr sse sse2 ss ht tm pbe syscall nx pdpe1gb rdtscp lm constant_tsc arch_perfmon pebs bts rep_good nopl xtopology nonstop_tsc aperfmperf eagerfpu pni pclmulqdq dtes64 monitor ds_cpl vmx smx est tm2 ssse3 sdbg fma cx16 xtpr pdcm pcid dca sse4_1 sse4_2 x2apic movbe popcnt tsc_deadline_timer aes xsave avx f16c rdrand lahf_lm abm epb intel_ppin ssbd ibrs ibpb stibp tpr_shadow vnmi flexpriority ept vpid fsgsbase tsc_adjust bmi1 avx2 smep bmi2 erms invpcid cqm xsaveopt cqm_llc cqm_occup_llc dtherm ida arat pln pts md_clear spec_ctrl intel_stibp flush_l1d
bogomips	: 4788.52
clflush size	: 64
cache_alignment	: 64
address sizes	: 46 bits physical, 48 bits virtual
power management:

processor	: 22
vendor_id	: GenuineIntel
cpu family	: 6
model		: 63
model name	: Intel(R) Xeon(R) CPU E5-2630 v3 @ 2.40GHz
stepping	: 2
microcode	: 0x43
cpu MHz		: 2655.322
cache size	: 20480 KB
physical id	: 0
siblings	: 16
core id		: 6
cpu cores	: 8
apicid		: 13
initial apicid	: 13
fpu		: yes
fpu_exception	: yes
cpuid level	: 15
wp		: yes
flags		: fpu vme de pse tsc msr pae mce cx8 apic sep mtrr pge mca cmov pat pse36 clflush dts acpi mmx fxsr sse sse2 ss ht tm pbe syscall nx pdpe1gb rdtscp lm constant_tsc arch_perfmon pebs bts rep_good nopl xtopology nonstop_tsc aperfmperf eagerfpu pni pclmulqdq dtes64 monitor ds_cpl vmx smx est tm2 ssse3 sdbg fma cx16 xtpr pdcm pcid dca sse4_1 sse4_2 x2apic movbe popcnt tsc_deadline_timer aes xsave avx f16c rdrand lahf_lm abm epb intel_ppin ssbd ibrs ibpb stibp tpr_shadow vnmi flexpriority ept vpid fsgsbase tsc_adjust bmi1 avx2 smep bmi2 erms invpcid cqm xsaveopt cqm_llc cqm_occup_llc dtherm ida arat pln pts md_clear spec_ctrl intel_stibp flush_l1d
bogomips	: 4788.52
clflush size	: 64
cache_alignment	: 64
address sizes	: 46 bits physical, 48 bits virtual
power management:

processor	: 23
vendor_id	: GenuineIntel
cpu family	: 6
model		: 63
model name	: Intel(R) Xeon(R) CPU E5-2630 v3 @ 2.40GHz
stepping	: 2
microcode	: 0x43
cpu MHz		: 2486.132
cache size	: 20480 KB
physical id	: 0
siblings	: 16
core id		: 7
cpu cores	: 8
apicid		: 15
initial apicid	: 15
fpu		: yes
fpu_exception	: yes
cpuid level	: 15
wp		: yes
flags		: fpu vme de pse tsc msr pae mce cx8 apic sep mtrr pge mca cmov pat pse36 clflush dts acpi mmx fxsr sse sse2 ss ht tm pbe syscall nx pdpe1gb rdtscp lm constant_tsc arch_perfmon pebs bts rep_good nopl xtopology nonstop_tsc aperfmperf eagerfpu pni pclmulqdq dtes64 monitor ds_cpl vmx smx est tm2 ssse3 sdbg fma cx16 xtpr pdcm pcid dca sse4_1 sse4_2 x2apic movbe popcnt tsc_deadline_timer aes xsave avx f16c rdrand lahf_lm abm epb intel_ppin ssbd ibrs ibpb stibp tpr_shadow vnmi flexpriority ept vpid fsgsbase tsc_adjust bmi1 avx2 smep bmi2 erms invpcid cqm xsaveopt cqm_llc cqm_occup_llc dtherm ida arat pln pts md_clear spec_ctrl intel_stibp flush_l1d
bogomips	: 4788.52
clflush size	: 64
cache_alignment	: 64
address sizes	: 46 bits physical, 48 bits virtual
power management:

processor	: 24
vendor_id	: GenuineIntel
cpu family	: 6
model		: 63
model name	: Intel(R) Xeon(R) CPU E5-2630 v3 @ 2.40GHz
stepping	: 2
microcode	: 0x43
cpu MHz		: 2734.423
cache size	: 20480 KB
physical id	: 1
siblings	: 16
core id		: 0
cpu cores	: 8
apicid		: 17
initial apicid	: 17
fpu		: yes
fpu_exception	: yes
cpuid level	: 15
wp		: yes
flags		: fpu vme de pse tsc msr pae mce cx8 apic sep mtrr pge mca cmov pat pse36 clflush dts acpi mmx fxsr sse sse2 ss ht tm pbe syscall nx pdpe1gb rdtscp lm constant_tsc arch_perfmon pebs bts rep_good nopl xtopology nonstop_tsc aperfmperf eagerfpu pni pclmulqdq dtes64 monitor ds_cpl vmx smx est tm2 ssse3 sdbg fma cx16 xtpr pdcm pcid dca sse4_1 sse4_2 x2apic movbe popcnt tsc_deadline_timer aes xsave avx f16c rdrand lahf_lm abm epb intel_ppin ssbd ibrs ibpb stibp tpr_shadow vnmi flexpriority ept vpid fsgsbase tsc_adjust bmi1 avx2 smep bmi2 erms invpcid cqm xsaveopt cqm_llc cqm_occup_llc dtherm ida arat pln pts md_clear spec_ctrl intel_stibp flush_l1d
bogomips	: 4794.04
clflush size	: 64
cache_alignment	: 64
address sizes	: 46 bits physical, 48 bits virtual
power management:

processor	: 25
vendor_id	: GenuineIntel
cpu family	: 6
model		: 63
model name	: Intel(R) Xeon(R) CPU E5-2630 v3 @ 2.40GHz
stepping	: 2
microcode	: 0x43
cpu MHz		: 1599.609
cache size	: 20480 KB
physical id	: 1
siblings	: 16
core id		: 1
cpu cores	: 8
apicid		: 19
initial apicid	: 19
fpu		: yes
fpu_exception	: yes
cpuid level	: 15
wp		: yes
flags		: fpu vme de pse tsc msr pae mce cx8 apic sep mtrr pge mca cmov pat pse36 clflush dts acpi mmx fxsr sse sse2 ss ht tm pbe syscall nx pdpe1gb rdtscp lm constant_tsc arch_perfmon pebs bts rep_good nopl xtopology nonstop_tsc aperfmperf eagerfpu pni pclmulqdq dtes64 monitor ds_cpl vmx smx est tm2 ssse3 sdbg fma cx16 xtpr pdcm pcid dca sse4_1 sse4_2 x2apic movbe popcnt tsc_deadline_timer aes xsave avx f16c rdrand lahf_lm abm epb intel_ppin ssbd ibrs ibpb stibp tpr_shadow vnmi flexpriority ept vpid fsgsbase tsc_adjust bmi1 avx2 smep bmi2 erms invpcid cqm xsaveopt cqm_llc cqm_occup_llc dtherm ida arat pln pts md_clear spec_ctrl intel_stibp flush_l1d
bogomips	: 4794.04
clflush size	: 64
cache_alignment	: 64
address sizes	: 46 bits physical, 48 bits virtual
power management:

processor	: 26
vendor_id	: GenuineIntel
cpu family	: 6
model		: 63
model name	: Intel(R) Xeon(R) CPU E5-2630 v3 @ 2.40GHz
stepping	: 2
microcode	: 0x43
cpu MHz		: 2695.166
cache size	: 20480 KB
physical id	: 1
siblings	: 16
core id		: 2
cpu cores	: 8
apicid		: 21
initial apicid	: 21
fpu		: yes
fpu_exception	: yes
cpuid level	: 15
wp		: yes
flags		: fpu vme de pse tsc msr pae mce cx8 apic sep mtrr pge mca cmov pat pse36 clflush dts acpi mmx fxsr sse sse2 ss ht tm pbe syscall nx pdpe1gb rdtscp lm constant_tsc arch_perfmon pebs bts rep_good nopl xtopology nonstop_tsc aperfmperf eagerfpu pni pclmulqdq dtes64 monitor ds_cpl vmx smx est tm2 ssse3 sdbg fma cx16 xtpr pdcm pcid dca sse4_1 sse4_2 x2apic movbe popcnt tsc_deadline_timer aes xsave avx f16c rdrand lahf_lm abm epb intel_ppin ssbd ibrs ibpb stibp tpr_shadow vnmi flexpriority ept vpid fsgsbase tsc_adjust bmi1 avx2 smep bmi2 erms invpcid cqm xsaveopt cqm_llc cqm_occup_llc dtherm ida arat pln pts md_clear spec_ctrl intel_stibp flush_l1d
bogomips	: 4794.04
clflush size	: 64
cache_alignment	: 64
address sizes	: 46 bits physical, 48 bits virtual
power management:

processor	: 27
vendor_id	: GenuineIntel
cpu family	: 6
model		: 63
model name	: Intel(R) Xeon(R) CPU E5-2630 v3 @ 2.40GHz
stepping	: 2
microcode	: 0x43
cpu MHz		: 1612.500
cache size	: 20480 KB
physical id	: 1
siblings	: 16
core id		: 3
cpu cores	: 8
apicid		: 23
initial apicid	: 23
fpu		: yes
fpu_exception	: yes
cpuid level	: 15
wp		: yes
flags		: fpu vme de pse tsc msr pae mce cx8 apic sep mtrr pge mca cmov pat pse36 clflush dts acpi mmx fxsr sse sse2 ss ht tm pbe syscall nx pdpe1gb rdtscp lm constant_tsc arch_perfmon pebs bts rep_good nopl xtopology nonstop_tsc aperfmperf eagerfpu pni pclmulqdq dtes64 monitor ds_cpl vmx smx est tm2 ssse3 sdbg fma cx16 xtpr pdcm pcid dca sse4_1 sse4_2 x2apic movbe popcnt tsc_deadline_timer aes xsave avx f16c rdrand lahf_lm abm epb intel_ppin ssbd ibrs ibpb stibp tpr_shadow vnmi flexpriority ept vpid fsgsbase tsc_adjust bmi1 avx2 smep bmi2 erms invpcid cqm xsaveopt cqm_llc cqm_occup_llc dtherm ida arat pln pts md_clear spec_ctrl intel_stibp flush_l1d
bogomips	: 4794.04
clflush size	: 64
cache_alignment	: 64
address sizes	: 46 bits physical, 48 bits virtual
power management:

processor	: 28
vendor_id	: GenuineIntel
cpu family	: 6
model		: 63
model name	: Intel(R) Xeon(R) CPU E5-2630 v3 @ 2.40GHz
stepping	: 2
microcode	: 0x43
cpu MHz		: 2474.414
cache size	: 20480 KB
physical id	: 1
siblings	: 16
core id		: 4
cpu cores	: 8
apicid		: 25
initial apicid	: 25
fpu		: yes
fpu_exception	: yes
cpuid level	: 15
wp		: yes
flags		: fpu vme de pse tsc msr pae mce cx8 apic sep mtrr pge mca cmov pat pse36 clflush dts acpi mmx fxsr sse sse2 ss ht tm pbe syscall nx pdpe1gb rdtscp lm constant_tsc arch_perfmon pebs bts rep_good nopl xtopology nonstop_tsc aperfmperf eagerfpu pni pclmulqdq dtes64 monitor ds_cpl vmx smx est tm2 ssse3 sdbg fma cx16 xtpr pdcm pcid dca sse4_1 sse4_2 x2apic movbe popcnt tsc_deadline_timer aes xsave avx f16c rdrand lahf_lm abm epb intel_ppin ssbd ibrs ibpb stibp tpr_shadow vnmi flexpriority ept vpid fsgsbase tsc_adjust bmi1 avx2 smep bmi2 erms invpcid cqm xsaveopt cqm_llc cqm_occup_llc dtherm ida arat pln pts md_clear spec_ctrl intel_stibp flush_l1d
bogomips	: 4794.04
clflush size	: 64
cache_alignment	: 64
address sizes	: 46 bits physical, 48 bits virtual
power management:

processor	: 29
vendor_id	: GenuineIntel
cpu family	: 6
model		: 63
model name	: Intel(R) Xeon(R) CPU E5-2630 v3 @ 2.40GHz
stepping	: 2
microcode	: 0x43
cpu MHz		: 2401.464
cache size	: 20480 KB
physical id	: 1
siblings	: 16
core id		: 5
cpu cores	: 8
apicid		: 27
initial apicid	: 27
fpu		: yes
fpu_exception	: yes
cpuid level	: 15
wp		: yes
flags		: fpu vme de pse tsc msr pae mce cx8 apic sep mtrr pge mca cmov pat pse36 clflush dts acpi mmx fxsr sse sse2 ss ht tm pbe syscall nx pdpe1gb rdtscp lm constant_tsc arch_perfmon pebs bts rep_good nopl xtopology nonstop_tsc aperfmperf eagerfpu pni pclmulqdq dtes64 monitor ds_cpl vmx smx est tm2 ssse3 sdbg fma cx16 xtpr pdcm pcid dca sse4_1 sse4_2 x2apic movbe popcnt tsc_deadline_timer aes xsave avx f16c rdrand lahf_lm abm epb intel_ppin ssbd ibrs ibpb stibp tpr_shadow vnmi flexpriority ept vpid fsgsbase tsc_adjust bmi1 avx2 smep bmi2 erms invpcid cqm xsaveopt cqm_llc cqm_occup_llc dtherm ida arat pln pts md_clear spec_ctrl intel_stibp flush_l1d
bogomips	: 4794.04
clflush size	: 64
cache_alignment	: 64
address sizes	: 46 bits physical, 48 bits virtual
power management:

processor	: 30
vendor_id	: GenuineIntel
cpu family	: 6
model		: 63
model name	: Intel(R) Xeon(R) CPU E5-2630 v3 @ 2.40GHz
stepping	: 2
microcode	: 0x43
cpu MHz		: 2683.007
cache size	: 20480 KB
physical id	: 1
siblings	: 16
core id		: 6
cpu cores	: 8
apicid		: 29
initial apicid	: 29
fpu		: yes
fpu_exception	: yes
cpuid level	: 15
wp		: yes
flags		: fpu vme de pse tsc msr pae mce cx8 apic sep mtrr pge mca cmov pat pse36 clflush dts acpi mmx fxsr sse sse2 ss ht tm pbe syscall nx pdpe1gb rdtscp lm constant_tsc arch_perfmon pebs bts rep_good nopl xtopology nonstop_tsc aperfmperf eagerfpu pni pclmulqdq dtes64 monitor ds_cpl vmx smx est tm2 ssse3 sdbg fma cx16 xtpr pdcm pcid dca sse4_1 sse4_2 x2apic movbe popcnt tsc_deadline_timer aes xsave avx f16c rdrand lahf_lm abm epb intel_ppin ssbd ibrs ibpb stibp tpr_shadow vnmi flexpriority ept vpid fsgsbase tsc_adjust bmi1 avx2 smep bmi2 erms invpcid cqm xsaveopt cqm_llc cqm_occup_llc dtherm ida arat pln pts md_clear spec_ctrl intel_stibp flush_l1d
bogomips	: 4794.04
clflush size	: 64
cache_alignment	: 64
address sizes	: 46 bits physical, 48 bits virtual
power management:

processor	: 31
vendor_id	: GenuineIntel
cpu family	: 6
model		: 63
model name	: Intel(R) Xeon(R) CPU E5-2630 v3 @ 2.40GHz
stepping	: 2
microcode	: 0x43
cpu MHz		: 2402.929
cache size	: 20480 KB
physical id	: 1
siblings	: 16
core id		: 7
cpu cores	: 8
apicid		: 31
initial apicid	: 31
fpu		: yes
fpu_exception	: yes
cpuid level	: 15
wp		: yes
flags		: fpu vme de pse tsc msr pae mce cx8 apic sep mtrr pge mca cmov pat pse36 clflush dts acpi mmx fxsr sse sse2 ss ht tm pbe syscall nx pdpe1gb rdtscp lm constant_tsc arch_perfmon pebs bts rep_good nopl xtopology nonstop_tsc aperfmperf eagerfpu pni pclmulqdq dtes64 monitor ds_cpl vmx smx est tm2 ssse3 sdbg fma cx16 xtpr pdcm pcid dca sse4_1 sse4_2 x2apic movbe popcnt tsc_deadline_timer aes xsave avx f16c rdrand lahf_lm abm epb intel_ppin ssbd ibrs ibpb stibp tpr_shadow vnmi flexpriority ept vpid fsgsbase tsc_adjust bmi1 avx2 smep bmi2 erms invpcid cqm xsaveopt cqm_llc cqm_occup_llc dtherm ida arat pln pts md_clear spec_ctrl intel_stibp flush_l1d
bogomips	: 4794.04
clflush size	: 64
cache_alignment	: 64
address sizes	: 46 bits physical, 48 bits virtual
power management:



Memory: 4k page, physical 263864176k(779456k free), swap 0k(0k free)

vm_info: OpenJDK 64-Bit Server VM (25.212-b04) for linux-amd64 JRE (1.8.0_212-b04), built on Aug 12 2019 13:15:31 by "buildozer" with gcc 6.4.0

time: Mon Oct 14 14:18:38 2019
timezone: UTC
elapsed time: 2 seconds (0d 0h 0m 2s)

