#
# A fatal error has been detected by the Java Runtime Environment:
#
#  SIGSEGV (0xb) at pc=0x00007ff00758f810, pid=9428, tid=0x00007fefebaa0ae0
#
# JRE version: OpenJDK Runtime Environment (8.0_212-b04) (build 1.8.0_212-b04)
# Java VM: OpenJDK 64-Bit Server VM (25.212-b04 mixed mode linux-amd64 compressed oops)
# Derivative: IcedTea 3.12.0
# Distribution: Custom build (Mon Aug 12 12:56:32 UTC 2019)
# Problematic frame:
# C  [ld-musl-x86_64.so.1+0x53810]  pthread_setname_np+0x5e
#
# Core dump written. Default location: /workdir/hadoop-hdds/server-scm/core or core.9428
#
# If you would like to submit a bug report, please include
# instructions on how to reproduce the bug and visit:
#   https://icedtea.classpath.org/bugzilla
#

---------------  T H R E A D  ---------------

Current thread is native thread

siginfo: si_signo: 11 (SIGSEGV), si_code: 1 (SEGV_MAPERR), si_addr: 0x0000000000000038

Registers:
RAX=0x00007fefebaa0ae0, RBX=0x0000000000000022, RCX=0x0000000000000000, RDX=0x0000000000000000
RSP=0x00007fefebaa0680, RBP=0x0000000000000000, RSI=0x0000000000000000, RDI=0xfeff73725e73726f
R8 =0x0000000000000000, R9 =0x8080808080808080, R10=0xfefefefefefefeff, R11=0x0000000000000212
R12=0x000055f2f12484b8, R13=0x000000000000000e, R14=0x00007fefebaa0ae0, R15=0x00007ff0077c8ae8
RIP=0x00007ff00758f810, EFLAGS=0x0000000000010202, CSGSFS=0x0000000000000033, ERR=0x0000000000000004
  TRAPNO=0x000000000000000e

Top of Stack: (sp=0x00007fefebaa0680)
0x00007fefebaa0680:   0000000000000000 0000000000000000
0x00007fefebaa0690:   0000000000000000 0000000000000000
0x00007fefebaa06a0:   0000000000000000 0000000000000000
0x00007fefebaa06b0:   0000000000000000 000055f2f12482c0
0x00007fefebaa06c0:   00007fefebaa0710 0000000000000000
0x00007fefebaa06d0:   000055f2f1248300 00007fefeb2b9ec9
0x00007fefebaa06e0:   0000000000000000 000055f2f189f5a0
0x00007fefebaa06f0:   0000000000000000 00007fefebaa0760
0x00007fefebaa0700:   00007fefebaa0ae0 00007ff0077c8ae8
0x00007fefebaa0710:   0000000000000000 00007ff0063bff41
0x00007fefebaa0720:   0000000000000000 00007fefebaa0ae0
0x00007fefebaa0730:   0000000000000000 00007ff00758e6c2
0x00007fefebaa0740:   0000000000000000 0000000000000000
0x00007fefebaa0750:   0000000000017000 00007ff0075905b1
0x00007fefebaa0760:   0000000000000002 00007fefebaa0ac0
0x00007fefebaa0770:   00007fefebaa0790 0000000000000000
0x00007fefebaa0780:   0000000000000000 0000000000000000
0x00007fefebaa0790:   0000000000000002 0000000000000000
0x00007fefebaa07a0:   0000000000000000 0000000000000000
0x00007fefebaa07b0:   0000000000000000 0000000000000000
0x00007fefebaa07c0:   0000000000000000 0000000000000000
0x00007fefebaa07d0:   0000000000000000 0000000000000000
0x00007fefebaa07e0:   0000000000000000 0000000000000000
0x00007fefebaa07f0:   0000000000000000 0000000000000000
0x00007fefebaa0800:   0000000000000000 0000000000000000
0x00007fefebaa0810:   0000000000000000 0000000000000000
0x00007fefebaa0820:   0000000000000000 0000000000000000
0x00007fefebaa0830:   0000000000000000 0000000000000000
0x00007fefebaa0840:   0000000000000000 0000000000000000
0x00007fefebaa0850:   0000000000000000 0000000000000000
0x00007fefebaa0860:   0000000000000000 0000000000000000
0x00007fefebaa0870:   0000000000000000 0000000000000000 

Instructions: (pc=0x00007ff00758f810)
0x00007ff00758f7f0:   31 d2 31 c0 4c 89 e6 bf 0f 00 00 00 e8 65 d8 fc
0x00007ff00758f800:   ff 85 c0 89 c3 74 7e e8 25 a7 fc ff 8b 18 eb 75
0x00007ff00758f810:   8b 4d 38 48 8d 5c 24 0e 48 8d 15 f2 92 03 00 be
0x00007ff00758f820:   22 00 00 00 31 c0 48 89 df e8 35 68 ff ff 48 8d 

Register to memory mapping:

RAX=0x00007fefebaa0ae0 is an unknown value
RBX=0x0000000000000022 is an unknown value
RCX=0x0000000000000000 is an unknown value
RDX=0x0000000000000000 is an unknown value
RSP=0x00007fefebaa0680 is an unknown value
RBP=0x0000000000000000 is an unknown value
RSI=0x0000000000000000 is an unknown value
RDI=0xfeff73725e73726f is an unknown value
R8 =0x0000000000000000 is an unknown value
R9 =0x8080808080808080 is an unknown value
R10=0xfefefefefefefeff is an unknown value
R11=0x0000000000000212 is an unknown value
R12=0x000055f2f12484b8 is an unknown value
R13=0x000000000000000e is an unknown value
R14=0x00007fefebaa0ae0 is an unknown value
R15=0x00007ff0077c8ae8: __utc+0x1fff68 in /lib/ld-musl-x86_64.so.1 at 0x00007ff00753c000


Stack: [0x00007fefeba8c000,0x00007fefebaa0760],  sp=0x00007fefebaa0680,  free space=81k
Native frames: (J=compiled Java code, j=interpreted, Vv=VM code, C=native code)
C  [ld-musl-x86_64.so.1+0x53810]  pthread_setname_np+0x5e

[error occurred during error reporting (printing native stack), id 0xb]


---------------  P R O C E S S  ---------------

VM state:not at safepoint (normal execution)

VM Mutex/Monitor currently owned by a thread:  ([mutex/lock_event])
[0x000055f2efed5b20] MethodCompileQueue_lock - owner thread: 0x0000000000000000

heap address: 0x0000000080000000, size: 2048 MB, Compressed Oops mode: 32-bit
Narrow klass base: 0x0000000000000000, Narrow klass shift: 3
Compressed class space size: 1073741824 Address: 0x0000000100000000

Heap:
 PSYoungGen      total 611840K, used 278154K [0x00000000d5580000, 0x0000000100000000, 0x0000000100000000)
  eden space 524800K, 53% used [0x00000000d5580000,0x00000000e6522940,0x00000000f5600000)
  from space 87040K, 0% used [0x00000000f5600000,0x00000000f5600000,0x00000000fab00000)
  to   space 87040K, 0% used [0x00000000fab00000,0x00000000fab00000,0x0000000100000000)
 ParOldGen       total 900608K, used 11914K [0x0000000080000000, 0x00000000b6f80000, 0x00000000d5580000)
  object space 900608K, 1% used [0x0000000080000000,0x0000000080ba2bb8,0x00000000b6f80000)
 Metaspace       used 26635K, capacity 27034K, committed 27520K, reserved 1073152K
  class space    used 2993K, capacity 3120K, committed 3200K, reserved 1048576K

Card table byte_map: [0x00007feff62e8000,0x00007feff66e9000] byte_map_base: 0x00007feff5ee8000

Marking Bits: (ParMarkBitMap*) 0x00007ff0070fa200
 Begin Bits: [0x00007feff1e39000, 0x00007feff3e39000)
 End Bits:   [0x00007feff3e39000, 0x00007feff5e39000)

Polling page: 0x00007ff0076c5000

CodeCache: size=245760Kb used=5819Kb max_used=5833Kb free=239940Kb
 bounds [0x00007feff6aa9000, 0x00007feff7069000, 0x00007ff005aa9000]
 total_blobs=2338 nmethods=1830 adapters=421
 compilation: enabled

Compilation events (10 events):
Event: 6.509 Thread 0x000055f2f002a000 1846       3       com.sun.org.apache.xerces.internal.dom.DeferredDocumentImpl::setChunkValue (80 bytes)
Event: 6.510 Thread 0x000055f2f002a000 nmethod 1846 0x00007feff6c20290 code [0x00007feff6c20480, 0x00007feff6c20ee8]
Event: 6.510 Thread 0x000055f2f002a000 1850       3       com.sun.org.apache.xerces.internal.dom.ChildNode::getParentNode (16 bytes)
Event: 6.511 Thread 0x000055f2f002a000 nmethod 1850 0x00007feff6c0ae90 code [0x00007feff6c0b000, 0x00007feff6c0b2f0]
Event: 6.511 Thread 0x000055f2f002a000 1847       1       com.sun.org.apache.xerces.internal.util.XMLAttributesImpl::getLength (5 bytes)
Event: 6.511 Thread 0x000055f2f002a000 nmethod 1847 0x00007feff6bf8150 code [0x00007feff6bf82a0, 0x00007feff6bf83b0]
Event: 6.511 Thread 0x000055f2f002a000 1843       3       com.sun.org.apache.xerces.internal.util.FeatureState::isExceptional (8 bytes)
Event: 6.511 Thread 0x000055f2f002a000 nmethod 1843 0x00007feff6c0aa90 code [0x00007feff6c0ac00, 0x00007feff6c0adf0]
Event: 6.717 Thread 0x000055f2f001a000 1851       4       java.util.HashMap::put (13 bytes)
Event: 6.729 Thread 0x000055f2f001a000 nmethod 1851 0x00007feff6c08590 code [0x00007feff6c08760, 0x00007feff6c08ee8]

GC Heap History (4 events):
Event: 2.587 GC heap before
{Heap before GC invocations=1 (full 0):
 PSYoungGen      total 611840K, used 199425K [0x00000000d5580000, 0x0000000100000000, 0x0000000100000000)
  eden space 524800K, 38% used [0x00000000d5580000,0x00000000e18406a0,0x00000000f5600000)
  from space 87040K, 0% used [0x00000000fab00000,0x00000000fab00000,0x0000000100000000)
  to   space 87040K, 0% used [0x00000000f5600000,0x00000000f5600000,0x00000000fab00000)
 ParOldGen       total 1398272K, used 0K [0x0000000080000000, 0x00000000d5580000, 0x00000000d5580000)
  object space 1398272K, 0% used [0x0000000080000000,0x0000000080000000,0x00000000d5580000)
 Metaspace       used 20756K, capacity 20984K, committed 21248K, reserved 1069056K
  class space    used 2349K, capacity 2443K, committed 2560K, reserved 1048576K
Event: 2.625 GC heap after
Heap after GC invocations=1 (full 0):
 PSYoungGen      total 611840K, used 12350K [0x00000000d5580000, 0x0000000100000000, 0x0000000100000000)
  eden space 524800K, 0% used [0x00000000d5580000,0x00000000d5580000,0x00000000f5600000)
  from space 87040K, 14% used [0x00000000f5600000,0x00000000f620f988,0x00000000fab00000)
  to   space 87040K, 0% used [0x00000000fab00000,0x00000000fab00000,0x0000000100000000)
 ParOldGen       total 1398272K, used 80K [0x0000000080000000, 0x00000000d5580000, 0x00000000d5580000)
  object space 1398272K, 0% used [0x0000000080000000,0x0000000080014010,0x00000000d5580000)
 Metaspace       used 20756K, capacity 20984K, committed 21248K, reserved 1069056K
  class space    used 2349K, capacity 2443K, committed 2560K, reserved 1048576K
}
Event: 2.625 GC heap before
{Heap before GC invocations=2 (full 1):
 PSYoungGen      total 611840K, used 12350K [0x00000000d5580000, 0x0000000100000000, 0x0000000100000000)
  eden space 524800K, 0% used [0x00000000d5580000,0x00000000d5580000,0x00000000f5600000)
  from space 87040K, 14% used [0x00000000f5600000,0x00000000f620f988,0x00000000fab00000)
  to   space 87040K, 0% used [0x00000000fab00000,0x00000000fab00000,0x0000000100000000)
 ParOldGen       total 1398272K, used 80K [0x0000000080000000, 0x00000000d5580000, 0x00000000d5580000)
  object space 1398272K, 0% used [0x0000000080000000,0x0000000080014010,0x00000000d5580000)
 Metaspace       used 20756K, capacity 20984K, committed 21248K, reserved 1069056K
  class space    used 2349K, capacity 2443K, committed 2560K, reserved 1048576K
Event: 2.712 GC heap after
Heap after GC invocations=2 (full 1):
 PSYoungGen      total 611840K, used 0K [0x00000000d5580000, 0x0000000100000000, 0x0000000100000000)
  eden space 524800K, 0% used [0x00000000d5580000,0x00000000d5580000,0x00000000f5600000)
  from space 87040K, 0% used [0x00000000f5600000,0x00000000f5600000,0x00000000fab00000)
  to   space 87040K, 0% used [0x00000000fab00000,0x00000000fab00000,0x0000000100000000)
 ParOldGen       total 900608K, used 11914K [0x0000000080000000, 0x00000000b6f80000, 0x00000000d5580000)
  object space 900608K, 1% used [0x0000000080000000,0x0000000080ba2bb8,0x00000000b6f80000)
 Metaspace       used 20756K, capacity 20984K, committed 21248K, reserved 1069056K
  class space    used 2349K, capacity 2443K, committed 2560K, reserved 1048576K
}

Deoptimization events (10 events):
Event: 2.945 Thread 0x000055f2efed6800 Uncommon trap: reason=unstable_if action=reinterpret pc=0x00007feff6d1d81c method=sun.net.www.ParseUtil.encodePath(Ljava/lang/String;Z)Ljava/lang/String; @ 109
Event: 3.007 Thread 0x000055f2efed6800 Uncommon trap: reason=unstable_if action=reinterpret pc=0x00007feff6d6d098 method=java.net.URL.<init>(Ljava/net/URL;Ljava/lang/String;Ljava/net/URLStreamHandler;)V @ 347
Event: 3.088 Thread 0x000055f2f1b05000 Uncommon trap: reason=unstable_if action=reinterpret pc=0x00007feff6c976bc method=java.lang.AbstractStringBuilder.append(Ljava/lang/String;)Ljava/lang/AbstractStringBuilder; @ 1
Event: 3.090 Thread 0x000055f2f1b05000 Uncommon trap: reason=unstable_if action=reinterpret pc=0x00007feff6c42440 method=java.lang.AbstractStringBuilder.append(Ljava/lang/String;)Ljava/lang/AbstractStringBuilder; @ 1
Event: 3.373 Thread 0x000055f2f1b05000 Uncommon trap: reason=class_check action=maybe_recompile pc=0x00007feff6e80340 method=java.util.concurrent.ConcurrentHashMap.putVal(Ljava/lang/Object;Ljava/lang/Object;Z)Ljava/lang/Object; @ 192
Event: 3.408 Thread 0x000055f2f1b05000 Uncommon trap: reason=class_check action=maybe_recompile pc=0x00007feff6e80340 method=java.util.concurrent.ConcurrentHashMap.putVal(Ljava/lang/Object;Ljava/lang/Object;Z)Ljava/lang/Object; @ 192
Event: 3.419 Thread 0x000055f2f1b05000 Uncommon trap: reason=class_check action=maybe_recompile pc=0x00007feff6e80340 method=java.util.concurrent.ConcurrentHashMap.putVal(Ljava/lang/Object;Ljava/lang/Object;Z)Ljava/lang/Object; @ 192
Event: 3.433 Thread 0x000055f2f1b05000 Uncommon trap: reason=class_check action=maybe_recompile pc=0x00007feff6e80340 method=java.util.concurrent.ConcurrentHashMap.putVal(Ljava/lang/Object;Ljava/lang/Object;Z)Ljava/lang/Object; @ 192
Event: 4.838 Thread 0x000055f2efed6800 Uncommon trap: reason=class_check action=maybe_recompile pc=0x00007feff6e3a6c4 method=java.util.HashMap.putVal(ILjava/lang/Object;Ljava/lang/Object;ZZ)Ljava/lang/Object; @ 203
Event: 4.838 Thread 0x000055f2efed6800 Uncommon trap: reason=class_check action=maybe_recompile pc=0x00007feff6e3a6c4 method=java.util.HashMap.putVal(ILjava/lang/Object;Ljava/lang/Object;ZZ)Ljava/lang/Object; @ 203

Classes redefined (0 events):
No events

Internal exceptions (10 events):
Event: 6.047 Thread 0x000055f2efed6800 Exception <a 'java/net/UnknownHostException'> (0x00000000e4a1e020) thrown at [/home/buildozer/aports/community/openjdk8/src/icedtea-3.12.0/openjdk/hotspot/src/share/vm/prims/jni.cpp, line 737]
Event: 6.049 Thread 0x000055f2efed6800 Exception <a 'java/io/FileNotFoundException'> (0x00000000e4a31198) thrown at [/home/buildozer/aports/community/openjdk8/src/icedtea-3.12.0/openjdk/hotspot/src/share/vm/prims/jni.cpp, line 710]
Event: 6.051 Thread 0x000055f2efed6800 Exception <a 'sun/nio/fs/UnixException'> (0x00000000e4a38cb8) thrown at [/home/buildozer/aports/community/openjdk8/src/icedtea-3.12.0/openjdk/hotspot/src/share/vm/prims/jni.cpp, line 710]
Event: 6.051 Thread 0x000055f2efed6800 Exception <a 'sun/nio/fs/UnixException'> (0x00000000e4a39430) thrown at [/home/buildozer/aports/community/openjdk8/src/icedtea-3.12.0/openjdk/hotspot/src/share/vm/prims/jni.cpp, line 710]
Event: 6.051 Thread 0x000055f2efed6800 Exception <a 'sun/nio/fs/UnixException'> (0x00000000e4a39b08) thrown at [/home/buildozer/aports/community/openjdk8/src/icedtea-3.12.0/openjdk/hotspot/src/share/vm/prims/jni.cpp, line 710]
Event: 6.051 Thread 0x000055f2efed6800 Exception <a 'sun/nio/fs/UnixException'> (0x00000000e4a3a318) thrown at [/home/buildozer/aports/community/openjdk8/src/icedtea-3.12.0/openjdk/hotspot/src/share/vm/prims/jni.cpp, line 710]
Event: 6.051 Thread 0x000055f2efed6800 Exception <a 'sun/nio/fs/UnixException'> (0x00000000e4a3d8e0) thrown at [/home/buildozer/aports/community/openjdk8/src/icedtea-3.12.0/openjdk/hotspot/src/share/vm/prims/jni.cpp, line 710]
Event: 6.051 Thread 0x000055f2efed6800 Exception <a 'sun/nio/fs/UnixException'> (0x00000000e4a3e1a8) thrown at [/home/buildozer/aports/community/openjdk8/src/icedtea-3.12.0/openjdk/hotspot/src/share/vm/prims/jni.cpp, line 710]
Event: 6.051 Thread 0x000055f2efed6800 Exception <a 'sun/nio/fs/UnixException'> (0x00000000e4a3e8f0) thrown at [/home/buildozer/aports/community/openjdk8/src/icedtea-3.12.0/openjdk/hotspot/src/share/vm/prims/jni.cpp, line 710]
Event: 6.052 Thread 0x000055f2efed6800 Exception <a 'sun/nio/fs/UnixException'> (0x00000000e4a3f1d0) thrown at [/home/buildozer/aports/community/openjdk8/src/icedtea-3.12.0/openjdk/hotspot/src/share/vm/prims/jni.cpp, line 710]

Events (10 events):
Event: 6.443 Executing VM operation: RevokeBias
Event: 6.443 Executing VM operation: RevokeBias done
Event: 6.443 Executing VM operation: RevokeBias
Event: 6.443 Executing VM operation: RevokeBias done
Event: 6.443 Executing VM operation: RevokeBias
Event: 6.443 Executing VM operation: RevokeBias done
Event: 6.444 Thread 0x000055f2f002a000 flushing nmethod 0x00007feff6bbc510
Event: 6.505 Thread 0x000055f2f002a000 flushing nmethod 0x00007feff6bf8150
Event: 6.505 Thread 0x000055f2f002a000 flushing nmethod 0x00007feff6c07b50
Event: 6.505 Thread 0x000055f2f002a000 flushing nmethod 0x00007feff6c200d0


Dynamic libraries:
80000000-b6f80000 rw-p 00000000 00:00 0 
b6f80000-d5580000 ---p 00000000 00:00 0 
d5580000-100320000 rw-p 00000000 00:00 0 
100320000-140000000 ---p 00000000 00:00 0 
55f2ef7cd000-55f2ef7ce000 r-xp 00000000 fd:03 165024577                  /usr/lib/jvm/java-1.8-openjdk/jre/bin/java
55f2ef9cd000-55f2ef9ce000 r--p 00000000 fd:03 165024577                  /usr/lib/jvm/java-1.8-openjdk/jre/bin/java
55f2ef9ce000-55f2ef9cf000 rw-p 00001000 fd:03 165024577                  /usr/lib/jvm/java-1.8-openjdk/jre/bin/java
55f2efebf000-55f2f1dc9000 rw-p 00000000 00:00 0                          [heap]
7fefe664a000-7fefe664d000 ---p 00000000 00:00 0 
7fefe664d000-7fefe674b000 rw-p 00000000 00:00 0 
7fefe674b000-7fefe674e000 ---p 00000000 00:00 0 
7fefe674e000-7fefe684c000 rw-p 00000000 00:00 0 
7fefe684c000-7fefe684f000 ---p 00000000 00:00 0 
7fefe684f000-7fefe694d000 rw-p 00000000 00:00 0 
7fefe694d000-7fefe6950000 ---p 00000000 00:00 0 
7fefe6950000-7fefe6a4e000 rw-p 00000000 00:00 0 
7fefe6c50000-7fefe6c53000 ---p 00000000 00:00 0 
7fefe6c53000-7fefe6d51000 rw-p 00000000 00:00 0 
7fefe6e52000-7fefe6e55000 ---p 00000000 00:00 0 
7fefe6e55000-7fefe6f53000 rw-p 00000000 00:00 0 
7fefe6f53000-7fefe6f56000 ---p 00000000 00:00 0 
7fefe6f56000-7fefe7054000 rw-p 00000000 00:00 0 
7fefe7054000-7fefe7057000 ---p 00000000 00:00 0 
7fefe7057000-7fefe7155000 rw-p 00000000 00:00 0 
7fefe7155000-7fefe7158000 ---p 00000000 00:00 0 
7fefe7158000-7fefe7256000 rw-p 00000000 00:00 0 
7fefe7256000-7fefe7259000 ---p 00000000 00:00 0 
7fefe7259000-7fefe7357000 rw-p 00000000 00:00 0 
7fefe7357000-7fefe735a000 ---p 00000000 00:00 0 
7fefe735a000-7fefe7458000 rw-p 00000000 00:00 0 
7fefe7458000-7fefe745b000 ---p 00000000 00:00 0 
7fefe745b000-7fefe7559000 rw-p 00000000 00:00 0 
7fefe7559000-7fefe755c000 ---p 00000000 00:00 0 
7fefe755c000-7fefe765a000 rw-p 00000000 00:00 0 
7fefe765a000-7fefe765d000 ---p 00000000 00:00 0 
7fefe765d000-7fefe775b000 rw-p 00000000 00:00 0 
7fefe775b000-7fefe775e000 ---p 00000000 00:00 0 
7fefe775e000-7fefe785c000 rw-p 00000000 00:00 0 
7fefe785c000-7fefe785f000 ---p 00000000 00:00 0 
7fefe785f000-7fefe795d000 rw-p 00000000 00:00 0 
7fefe795d000-7fefe7960000 ---p 00000000 00:00 0 
7fefe7960000-7fefe7a5e000 rw-p 00000000 00:00 0 
7fefe7a5e000-7fefe7a61000 ---p 00000000 00:00 0 
7fefe7a61000-7fefe7b5f000 rw-p 00000000 00:00 0 
7fefe7b5f000-7fefe7b62000 ---p 00000000 00:00 0 
7fefe7b62000-7fefe7c60000 rw-p 00000000 00:00 0 
7fefe7c60000-7fefe7c63000 ---p 00000000 00:00 0 
7fefe7c63000-7fefe7d61000 rw-p 00000000 00:00 0 
7fefe7d61000-7fefe7d64000 ---p 00000000 00:00 0 
7fefe7d64000-7fefe7e62000 rw-p 00000000 00:00 0 
7fefe7e62000-7fefe7e65000 ---p 00000000 00:00 0 
7fefe7e65000-7fefe7f63000 rw-p 00000000 00:00 0 
7fefe7f63000-7fefe7f66000 ---p 00000000 00:00 0 
7fefe7f66000-7fefe8064000 rw-p 00000000 00:00 0 
7fefe8064000-7fefe8067000 ---p 00000000 00:00 0 
7fefe8067000-7fefe8165000 rw-p 00000000 00:00 0 
7fefe8165000-7fefe8168000 ---p 00000000 00:00 0 
7fefe8168000-7fefe8266000 rw-p 00000000 00:00 0 
7fefe8360000-7fefe8363000 ---p 00000000 00:00 0 
7fefe8363000-7fefe8461000 rw-p 00000000 00:00 0 
7fefe8461000-7fefe8464000 ---p 00000000 00:00 0 
7fefe8464000-7fefe8562000 rw-p 00000000 00:00 0 
7fefe8562000-7fefe8565000 ---p 00000000 00:00 0 
7fefe8565000-7fefe8663000 rw-p 00000000 00:00 0 
7fefe8663000-7fefe8666000 ---p 00000000 00:00 0 
7fefe8666000-7fefe8764000 rw-p 00000000 00:00 0 
7fefe8764000-7fefe8767000 ---p 00000000 00:00 0 
7fefe8767000-7fefe8865000 rw-p 00000000 00:00 0 
7fefe8865000-7fefe8868000 ---p 00000000 00:00 0 
7fefe8868000-7fefe8966000 rw-p 00000000 00:00 0 
7fefe8966000-7fefe8969000 ---p 00000000 00:00 0 
7fefe8969000-7fefe8c27000 rw-p 00000000 00:00 0 
7fefe8c27000-7fefe8c67000 ---p 00000000 00:00 0 
7fefe8d61000-7fefe8d64000 ---p 00000000 00:00 0 
7fefe8d64000-7fefe8e62000 rw-p 00000000 00:00 0 
7fefe8e62000-7fefe8e65000 ---p 00000000 00:00 0 
7fefe8e65000-7fefe8f63000 rw-p 00000000 00:00 0 
7fefe8f63000-7fefe8f66000 ---p 00000000 00:00 0 
7fefe8f66000-7fefe9064000 rw-p 00000000 00:00 0 
7fefe9064000-7fefe9067000 ---p 00000000 00:00 0 
7fefe9067000-7fefe9165000 rw-p 00000000 00:00 0 
7fefe9266000-7fefe9269000 ---p 00000000 00:00 0 
7fefe9269000-7fefe9367000 rw-p 00000000 00:00 0 
7fefe9367000-7fefe936a000 ---p 00000000 00:00 0 
7fefe936a000-7fefe9468000 rw-p 00000000 00:00 0 
7fefe9468000-7fefe946b000 ---p 00000000 00:00 0 
7fefe946b000-7fefe9569000 rw-p 00000000 00:00 0 
7fefe9569000-7fefe956c000 ---p 00000000 00:00 0 
7fefe956c000-7fefe966a000 rw-p 00000000 00:00 0 
7fefe966a000-7fefe966d000 ---p 00000000 00:00 0 
7fefe966d000-7fefe976b000 rw-p 00000000 00:00 0 
7fefe976b000-7fefe976e000 ---p 00000000 00:00 0 
7fefe976e000-7fefe986c000 rw-p 00000000 00:00 0 
7fefe98c2000-7fefe98c5000 ---p 00000000 00:00 0 
7fefe98c5000-7fefe9bc3000 rw-p 00000000 00:00 0 
7fefe9bc3000-7fefe9bc6000 ---p 00000000 00:00 0 
7fefe9bc6000-7fefe9cc4000 rw-p 00000000 00:00 0 
7fefe9cc4000-7fefe9cc7000 ---p 00000000 00:00 0 
7fefe9cc7000-7fefe9dc5000 rw-p 00000000 00:00 0 
7fefe9dc5000-7fefe9dc8000 ---p 00000000 00:00 0 
7fefe9dc8000-7fefe9ec6000 rw-p 00000000 00:00 0 
7fefe9ec6000-7fefe9ec9000 ---p 00000000 00:00 0 
7fefe9ec9000-7fefe9fc7000 rw-p 00000000 00:00 0 
7fefe9fc7000-7fefe9fca000 ---p 00000000 00:00 0 
7fefe9fca000-7fefea0c8000 rw-p 00000000 00:00 0 
7fefea0c8000-7fefea0cb000 ---p 00000000 00:00 0 
7fefea0cb000-7fefea3c9000 rw-p 00000000 00:00 0 
7fefea3c9000-7fefea5c9000 rw-p 00000000 00:00 0 
7fefea5c9000-7fefea7c9000 r-xp 00000000 fd:03 165024606                  /usr/lib/jvm/java-1.8-openjdk/jre/lib/amd64/libjaas_unix.so
7fefea7c9000-7fefea7ca000 r--p 00000000 fd:03 165024606                  /usr/lib/jvm/java-1.8-openjdk/jre/lib/amd64/libjaas_unix.so
7fefea7ca000-7fefea7cb000 rw-p 00001000 fd:03 165024606                  /usr/lib/jvm/java-1.8-openjdk/jre/lib/amd64/libjaas_unix.so
7fefea7cb000-7fefea9cb000 rw-p 00000000 00:00 0 
7fefea9cb000-7fefeabcb000 rw-p 00000000 00:00 0 
7fefeabcb000-7fefeae3a000 rw-p 00000000 00:00 0 
7fefeae3a000-7fefeb060000 r-xp 00000000 fd:03 165089593                  /usr/glibc-compat/lib/ld-2.28.so
7fefeb060000-7fefeb061000 r--p 00026000 fd:03 165089593                  /usr/glibc-compat/lib/ld-2.28.so
7fefeb061000-7fefeb062000 rw-p 00027000 fd:03 165089593                  /usr/glibc-compat/lib/ld-2.28.so
7fefeb062000-7fefeb063000 rw-p 00000000 00:00 0 
7fefeb063000-7fefeb8fb000 r-xp 00000000 fd:03 264183429                  /tmp/librocksdbjni7485302611082908114.so
7fefeb8fb000-7fefeb90c000 r--p 00698000 fd:03 264183429                  /tmp/librocksdbjni7485302611082908114.so
7fefeb90c000-7fefeb915000 rw-p 006a9000 fd:03 264183429                  /tmp/librocksdbjni7485302611082908114.so
7fefeb915000-7fefeb91b000 rw-p 00000000 00:00 0 
7fefeba6f000-7fefeba8a000 r--s 001d6000 fd:03 165024650                  /usr/lib/jvm/java-1.8-openjdk/jre/lib/ext/nashorn.jar
7fefeba8a000-7fefeba8c000 ---p 00000000 00:00 0 
7fefeba8c000-7fefebaa1000 rw-p 00000000 00:00 0 
7fefebaa1000-7fefebaa3000 ---p 00000000 00:00 0 
7fefebaa3000-7fefebab8000 rw-p 00000000 00:00 0 
7fefebab8000-7fefebaba000 ---p 00000000 00:00 0 
7fefebaba000-7fefebacf000 rw-p 00000000 00:00 0 
7fefebacf000-7fefebad1000 ---p 00000000 00:00 0 
7fefebad1000-7fefebae6000 rw-p 00000000 00:00 0 
7fefebae6000-7fefebae8000 ---p 00000000 00:00 0 
7fefebae8000-7fefebafd000 rw-p 00000000 00:00 0 
7fefebafd000-7fefebaff000 ---p 00000000 00:00 0 
7fefebaff000-7fefebb14000 rw-p 00000000 00:00 0 
7fefebb14000-7fefebb16000 ---p 00000000 00:00 0 
7fefebb16000-7fefebb2b000 rw-p 00000000 00:00 0 
7fefebb2b000-7fefebb2d000 ---p 00000000 00:00 0 
7fefebb2d000-7fefebb42000 rw-p 00000000 00:00 0 
7fefebb42000-7fefebb44000 ---p 00000000 00:00 0 
7fefebb44000-7fefebb59000 rw-p 00000000 00:00 0 
7fefebb59000-7fefebb5b000 ---p 00000000 00:00 0 
7fefebb5b000-7fefebb70000 rw-p 00000000 00:00 0 
7fefebb70000-7fefebb72000 ---p 00000000 00:00 0 
7fefebb72000-7fefebd87000 rw-p 00000000 00:00 0 
7fefebd97000-7fefebd99000 ---p 00000000 00:00 0 
7fefebd99000-7fefebdae000 rw-p 00000000 00:00 0 
7fefebdae000-7fefebdb0000 ---p 00000000 00:00 0 
7fefebdb0000-7fefebfc5000 rw-p 00000000 00:00 0 
7fefebfc5000-7fefec1d6000 r-xp 00000000 fd:03 165024621                  /usr/lib/jvm/java-1.8-openjdk/jre/lib/amd64/libnio.so
7fefec1d6000-7fefec1d7000 r--p 00011000 fd:03 165024621                  /usr/lib/jvm/java-1.8-openjdk/jre/lib/amd64/libnio.so
7fefec1d7000-7fefec1d8000 rw-p 00012000 fd:03 165024621                  /usr/lib/jvm/java-1.8-openjdk/jre/lib/amd64/libnio.so
7fefec1d8000-7fefef1d9000 rw-p 00000000 00:00 0 
7fefef1d9000-7fefef3ef000 r-xp 00000000 fd:03 165024620                  /usr/lib/jvm/java-1.8-openjdk/jre/lib/amd64/libnet.so
7fefef3ef000-7fefef3f0000 r--p 00016000 fd:03 165024620                  /usr/lib/jvm/java-1.8-openjdk/jre/lib/amd64/libnet.so
7fefef3f0000-7fefef3f1000 rw-p 00017000 fd:03 165024620                  /usr/lib/jvm/java-1.8-openjdk/jre/lib/amd64/libnet.so
7fefef3f1000-7fefef3f5000 r--s 00058000 fd:03 165024669                  /usr/lib/jvm/java-1.8-openjdk/jre/lib/jsse.jar
7fefef406000-7fefef408000 ---p 00000000 00:00 0 
7fefef408000-7fefef41d000 rw-p 00000000 00:00 0 
7fefef41d000-7fefef41f000 ---p 00000000 00:00 0 
7fefef41f000-7fefef434000 rw-p 00000000 00:00 0 
7fefef434000-7fefef437000 r--s 00025000 fd:03 165872768                  /home/user/.m2/repository/org/apache/maven/shared/maven-shared-utils/3.1.0/maven-shared-utils-3.1.0.jar
7fefef437000-7fefef43a000 ---p 00000000 00:00 0 
7fefef43a000-7fefef471000 rw-p 00000000 00:00 0 
7fefef471000-7fefef472000 r--s 00006000 fd:03 265360315                  /home/user/.m2/repository/org/apache/maven/surefire/common-junit4/3.0.0-M1/common-junit4-3.0.0-M1.jar
7fefef472000-7fefef473000 r--s 00002000 fd:03 265360317                  /home/user/.m2/repository/org/apache/maven/surefire/common-junit3/3.0.0-M1/common-junit3-3.0.0-M1.jar
7fefef473000-7fefef474000 r--s 00007000 fd:03 265360308                  /home/user/.m2/repository/org/apache/maven/surefire/common-java5/3.0.0-M1/common-java5-3.0.0-M1.jar
7fefef474000-7fefef476000 r--s 00003000 fd:03 265360266                  /home/user/.m2/repository/org/apache/maven/surefire/surefire-junit4/3.0.0-M1/surefire-junit4-3.0.0-M1.jar
7fefef476000-7fefef47c000 r--s 00036000 fd:03 165806297                  /home/user/.m2/repository/junit/junit/4.11/junit-4.11.jar
7fefef47c000-7fefef49d000 r--s 00172000 fd:03 165741699                  /home/user/.m2/repository/com/google/guava/guava/11.0.2/guava-11.0.2.jar
7fefef49d000-7fefef4a5000 r--s 0007b000 fd:03 165741815                  /home/user/.m2/repository/com/google/protobuf/protobuf-java/2.5.0/protobuf-java-2.5.0.jar
7fefef4a5000-7fefef4aa000 r--s 0003c000 fd:03 165742597                  /home/user/.m2/repository/info/picocli/picocli/3.9.6/picocli-3.9.6.jar
7fefef4aa000-7fefef4de000 r--s 0051e000 fd:03 165807070                  /home/user/.m2/repository/org/apache/hadoop/hadoop-hdfs/3.2.0/hadoop-hdfs-3.2.0-tests.jar
7fefef4de000-7fefef509000 r--s 00297000 fd:03 165807046                  /home/user/.m2/repository/org/apache/hadoop/hadoop-common/3.2.0/hadoop-common-3.2.0-tests.jar
7fefef509000-7fefef50c000 r--s 0000e000 fd:03 165741337                  /home/user/.m2/repository/com/fasterxml/jackson/core/jackson-annotations/2.9.9/jackson-annotations-2.9.9.jar
7fefef50c000-7fefef551000 r--s 00486000 fd:03 165807082                  /home/user/.m2/repository/org/apache/hadoop/hadoop-hdfs-client/3.2.0/hadoop-hdfs-client-3.2.0.jar
7fefef551000-7fefef56a000 r--s 0012c000 fd:03 165742759                  /home/user/.m2/repository/io/netty/netty/3.10.5.Final/netty-3.10.5.Final.jar
7fefef56a000-7fefef56b000 r--s 00005000 fd:03 165742317                  /home/user/.m2/repository/commons-daemon/commons-daemon/1.0.13/commons-daemon-1.0.13.jar
7fefef56b000-7fefef56d000 r--s 00008000 fd:03 165937458                  /home/user/.m2/repository/org/eclipse/jetty/jetty-util-ajax/9.3.25.v20180904/jetty-util-ajax-9.3.25.v20180904.jar
7fefef56d000-7fefef5b5000 r--s 00557000 fd:03 165807073                  /home/user/.m2/repository/org/apache/hadoop/hadoop-hdfs/3.2.0/hadoop-hdfs-3.2.0.jar
7fefef5b5000-7fefef5ba000 r--s 00047000 fd:03 165742557                  /home/user/.m2/repository/dnsjava/dnsjava/2.1.7/dnsjava-2.1.7.jar
7fefef5ba000-7fefef5c0000 r--s 00078000 fd:03 165741511                  /home/user/.m2/repository/com/fasterxml/woodstox/woodstox-core/5.0.3/woodstox-core-5.0.3.jar
7fefef5c0000-7fefef5c4000 r--s 00024000 fd:03 165937343                  /home/user/.m2/repository/org/codehaus/woodstox/stax2-api/3.1.4/stax2-api-3.1.4.jar
7fefef5c4000-7fefef5c8000 r--s 0004c000 fd:03 165741354                  /home/user/.m2/repository/com/fasterxml/jackson/core/jackson-core/2.9.9/jackson-core-2.9.9.jar
7fefef5c8000-7fefef5db000 r--s 00137000 fd:03 165741371                  /home/user/.m2/repository/com/fasterxml/jackson/core/jackson-databind/2.9.9/jackson-databind-2.9.9.jar
7fefef5db000-7fefef5dd000 r--s 00006000 fd:03 165807481                  /home/user/.m2/repository/org/apache/kerby/kerby-xdr/1.0.1/kerby-xdr-1.0.1.jar
7fefef5dd000-7fefef5de000 r--s 00004000 fd:03 165807385                  /home/user/.m2/repository/org/apache/kerby/kerb-identity/1.0.1/kerb-identity-1.0.1.jar
7fefef5de000-7fefef5e1000 r--s 00012000 fd:03 165807394                  /home/user/.m2/repository/org/apache/kerby/kerb-server/1.0.1/kerb-server-1.0.1.jar
7fefef5e1000-7fefef5e4000 r--s 00011000 fd:03 165807340                  /home/user/.m2/repository/org/apache/kerby/kerb-admin/1.0.1/kerb-admin-1.0.1.jar
7fefef5e4000-7fefef5e5000 r--s 00004000 fd:03 165807490                  /home/user/.m2/repository/org/apache/kerby/token-provider/1.0.1/token-provider-1.0.1.jar
7fefef5e5000-7fefef5e6000 r--s 00008000 fd:03 165807412                  /home/user/.m2/repository/org/apache/kerby/kerb-util/1.0.1/kerb-util-1.0.1.jar
7fefef5e6000-7fefef5ea000 r--s 00019000 fd:03 165807376                  /home/user/.m2/repository/org/apache/kerby/kerb-crypto/1.0.1/kerb-crypto-1.0.1.jar
7fefef5ea000-7fefef5ec000 r--s 0000e000 fd:03 165807358                  /home/user/.m2/repository/org/apache/kerby/kerb-common/1.0.1/kerb-common-1.0.1.jar
7fefef5ec000-7fefef5ed000 r--s 00009000 fd:03 165807472                  /home/user/.m2/repository/org/apache/kerby/kerby-util/1.0.1/kerby-util-1.0.1.jar
7fefef5ed000-7fefef5ef000 r--s 00017000 fd:03 165807427                  /home/user/.m2/repository/org/apache/kerby/kerby-asn1/1.0.1/kerby-asn1-1.0.1.jar
7fefef5ef000-7fefef5f6000 r--s 0002b000 fd:03 165807457                  /home/user/.m2/repository/org/apache/kerby/kerby-pkix/1.0.1/kerby-pkix-1.0.1.jar
7fefef5f6000-7fefef5fd000 r--s 00031000 fd:03 165807367                  /home/user/.m2/repository/org/apache/kerby/kerb-core/1.0.1/kerb-core-1.0.1.jar
7fefef5fd000-7fefef5ff000 r--s 00006000 fd:03 165807442                  /home/user/.m2/repository/org/apache/kerby/kerby-config/1.0.1/kerby-config-1.0.1.jar
7fefef5ff000-7fefef602000 r--s 00019000 fd:03 165807349                  /home/user/.m2/repository/org/apache/kerby/kerb-client/1.0.1/kerb-client-1.0.1.jar
7fefef602000-7fefef603000 r--s 00004000 fd:03 165807403                  /home/user/.m2/repository/org/apache/kerby/kerb-simplekdc/1.0.1/kerb-simplekdc-1.0.1.jar
7fefef603000-7fefef607000 r--s 00014000 fd:03 165938869                  /home/user/.m2/repository/org/tukaani/xz/1.0/xz-1.0.jar
7fefef607000-7fefef60c000 r--s 00036000 fd:03 165806753                  /home/user/.m2/repository/org/apache/commons/commons-compress/1.4.1/commons-compress-1.4.1.jar
7fefef60c000-7fefef60d000 r--s 00004000 fd:03 165873399                  /home/user/.m2/repository/org/apache/yetus/audience-annotations/0.5.0/audience-annotations-0.5.0.jar
7fefef60d000-7fefef60f000 r--s 00014000 fd:03 165806253                  /home/user/.m2/repository/jline/jline/0.9.94/jline-0.9.94.jar
7fefef60f000-7fefef61c000 r--s 000d1000 fd:03 165873415                  /home/user/.m2/repository/org/apache/zookeeper/zookeeper/3.4.13/zookeeper-3.4.13.jar
7fefef61c000-7fefef636000 r--s 00155000 fd:03 165807212                  /home/user/.m2/repository/org/apache/htrace/htrace-core4/4.1.0-incubating/htrace-core4-4.1.0-incubating.jar
7fefef636000-7fefef639000 r--s 00006000 fd:03 165741623                  /home/user/.m2/repository/com/google/code/findbugs/jsr305/3.0.0/jsr305-3.0.0.jar
7fefef639000-7fefef641000 r--s 0003e000 fd:03 165806975                  /home/user/.m2/repository/org/apache/curator/curator-recipes/2.12.0/curator-recipes-2.12.0.jar
7fefef641000-7fefef678000 r--s 00219000 fd:03 165806957                  /home/user/.m2/repository/org/apache/curator/curator-client/2.12.0/curator-client-2.12.0.jar
7fefef678000-7fefef67d000 r--s 00040000 fd:03 165741883                  /home/user/.m2/repository/com/jcraft/jsch/0.1.54/jsch-0.1.54.jar
7fefef67d000-7fefef683000 r--s 0002c000 fd:03 165806966                  /home/user/.m2/repository/org/apache/curator/curator-framework/2.12.0/curator-framework-2.12.0.jar
7fefef683000-7fefef685000 r--s 00006000 fd:03 165806485                  /home/user/.m2/repository/net/minidev/accessors-smart/1.2/accessors-smart-1.2.jar
7fefef685000-7fefef688000 r--s 0001b000 fd:03 165806494                  /home/user/.m2/repository/net/minidev/json-smart/2.3/json-smart-2.3.jar
7fefef688000-7fefef68a000 r--s 00000000 fd:03 165741559                  /home/user/.m2/repository/com/github/stephenc/jcip/jcip-annotations/1.0-1/jcip-annotations-1.0-1.jar
7fefef68a000-7fefef690000 r--s 00044000 fd:03 165741929                  /home/user/.m2/repository/com/nimbusds/nimbus-jose-jwt/4.41.1/nimbus-jose-jwt-4.41.1.jar
7fefef690000-7fefef692000 r--s 00020000 fd:03 165807028                  /home/user/.m2/repository/org/apache/hadoop/hadoop-auth/3.2.0/hadoop-auth-3.2.0.jar
7fefef692000-7fefef697000 r--s 0002a000 fd:03 165741633                  /home/user/.m2/repository/com/google/code/gson/gson/2.2.4/gson-2.2.4.jar
7fefef697000-7fefef699000 r--s 0001e000 fd:03 165741857                  /home/user/.m2/repository/com/google/re2j/re2j/1.1/re2j-1.1.jar
7fefef699000-7fefef69b000 r--s 00130000 fd:03 165938904                  /home/user/.m2/repository/org/xerial/snappy/snappy-java/1.0.5/snappy-java-1.0.5.jar
7fefef69b000-7fefef69d000 r--s 00006000 fd:03 165742123                  /home/user/.m2/repository/com/thoughtworks/paranamer/paranamer/2.3/paranamer-2.3.jar
7fefef69d000-7fefef6a6000 r--s 00062000 fd:03 165806715                  /home/user/.m2/repository/org/apache/avro/avro/1.7.7/avro-1.7.7.jar
7fefef6a6000-7fefef6a7000 r--s 00002000 fd:03 165938508                  /home/user/.m2/repository/org/slf4j/slf4j-log4j12/1.7.25/slf4j-log4j12-1.7.25.jar
7fefef6a7000-7fefef6ab000 r--s 00029000 fd:03 165806941                  /home/user/.m2/repository/org/apache/commons/commons-text/1.4/commons-text-1.4.jar
7fefef6ab000-7fefef6b3000 r--s 00072000 fd:03 165806802                  /home/user/.m2/repository/org/apache/commons/commons-lang3/3.7/commons-lang3-3.7.jar
7fefef6b3000-7fefef6bf000 r--s 0008b000 fd:03 165806770                  /home/user/.m2/repository/org/apache/commons/commons-configuration2/2.1.1/commons-configuration2-2.1.1.jar
7fefef6bf000-7fefef6c4000 r--s 00038000 fd:03 165742176                  /home/user/.m2/repository/commons-beanutils/commons-beanutils/1.9.4/commons-beanutils-1.9.4.jar
7fefef6c4000-7fefef6cd000 r--s 0006f000 fd:03 165806333                  /home/user/.m2/repository/log4j/log4j/1.2.17/log4j-1.2.17.jar
7fefef6cd000-7fefef6cf000 r--s 0000e000 fd:03 165742484                  /home/user/.m2/repository/commons-logging/commons-logging/1.1.3/commons-logging-1.1.3.jar
7fefef6cf000-7fefef6df000 r--s 0009c000 fd:03 165742056                  /home/user/.m2/repository/com/sun/jersey/jersey-server/1.19/jersey-server-1.19.jar
7fefef6df000-7fefef6e0000 r--s 00006000 fd:03 165873586                  /home/user/.m2/repository/org/codehaus/jackson/jackson-xc/1.9.13/jackson-xc-1.9.13.jar
7fefef6e0000-7fefef6e1000 r--s 00004000 fd:03 165873568                  /home/user/.m2/repository/org/codehaus/jackson/jackson-jaxrs/1.9.13/jackson-jaxrs-1.9.13.jar
7fefef6e1000-7fefef6ef000 r--s 000b1000 fd:03 165873577                  /home/user/.m2/repository/org/codehaus/jackson/jackson-mapper-asl/1.9.13/jackson-mapper-asl-1.9.13.jar
7fefef6ef000-7fefef6f3000 r--s 00035000 fd:03 165873559                  /home/user/.m2/repository/org/codehaus/jackson/jackson-core-asl/1.9.13/jackson-core-asl-1.9.13.jar
7fefef6f3000-7fefef6f6000 r--s 00016000 fd:03 165806209                  /home/user/.m2/repository/javax/xml/bind/jaxb-api/2.2.11/jaxb-api-2.2.11.jar
7fefef6f6000-7fefef709000 r--s 000c7000 fd:03 165742091                  /home/user/.m2/repository/com/sun/xml/bind/jaxb-impl/2.2.3-1/jaxb-impl-2.2.3-1.jar
7fefef709000-7fefef70b000 r--s 0000f000 fd:03 165873596                  /home/user/.m2/repository/org/codehaus/jettison/jettison/1.1/jettison-1.1.jar
7fefef70b000-7fefef70f000 r--s 00025000 fd:03 165742041                  /home/user/.m2/repository/com/sun/jersey/jersey-json/1.19/jersey-json-1.19.jar
7fefef70f000-7fefef713000 r--s 0001c000 fd:03 165742065                  /home/user/.m2/repository/com/sun/jersey/jersey-servlet/1.19/jersey-servlet-1.19.jar
7fefef713000-7fefef715000 r--s 0000a000 fd:03 165806198                  /home/user/.m2/repository/javax/ws/rs/jsr311-api/1.1.1/jsr311-api-1.1.1.jar
7fefef715000-7fefef71f000 r--s 00061000 fd:03 165742032                  /home/user/.m2/repository/com/sun/jersey/jersey-core/1.19/jersey-core-1.19.jar
7fefef71f000-7fefef722000 r--s 00016000 fd:03 165806154                  /home/user/.m2/repository/javax/servlet/jsp/jsp-api/2.1/jsp-api-2.1.jar
7fefef722000-7fefef723000 r--s 0000c000 fd:03 165937476                  /home/user/.m2/repository/org/eclipse/jetty/jetty-xml/9.3.25.v20180904/jetty-xml-9.3.25.v20180904.jar
7fefef723000-7fefef726000 r--s 0001a000 fd:03 165937467                  /home/user/.m2/repository/org/eclipse/jetty/jetty-webapp/9.3.25.v20180904/jetty-webapp-9.3.25.v20180904.jar
7fefef726000-7fefef729000 r--s 00015000 fd:03 165937422                  /home/user/.m2/repository/org/eclipse/jetty/jetty-security/9.3.25.v20180904/jetty-security-9.3.25.v20180904.jar
7fefef729000-7fefef72c000 r--s 0001b000 fd:03 165937440                  /home/user/.m2/repository/org/eclipse/jetty/jetty-servlet/9.3.25.v20180904/jetty-servlet-9.3.25.v20180904.jar
7fefef72c000-7fefef733000 r--s 00069000 fd:03 165937449                  /home/user/.m2/repository/org/eclipse/jetty/jetty-util/9.3.25.v20180904/jetty-util-9.3.25.v20180904.jar
7fefef733000-7fefef737000 r--s 0001b000 fd:03 165937396                  /home/user/.m2/repository/org/eclipse/jetty/jetty-io/9.3.25.v20180904/jetty-io-9.3.25.v20180904.jar
7fefef737000-7fefef73a000 r--s 00022000 fd:03 165937387                  /home/user/.m2/repository/org/eclipse/jetty/jetty-http/9.3.25.v20180904/jetty-http-9.3.25.v20180904.jar
7fefef73a000-7fefef742000 r--s 00078000 fd:03 165937431                  /home/user/.m2/repository/org/eclipse/jetty/jetty-server/9.3.25.v20180904/jetty-server-9.3.25.v20180904.jar
7fefef742000-7fefef745000 r--s 00015000 fd:03 165806144                  /home/user/.m2/repository/javax/servlet/javax.servlet-api/3.1.0/javax.servlet-api-3.1.0.jar
7fefef745000-7fefef752000 r--s 00083000 fd:03 165742297                  /home/user/.m2/repository/commons-collections/commons-collections/3.2.2/commons-collections-3.2.2.jar
7fefef752000-7fefef758000 r--s 00046000 fd:03 165742509                  /home/user/.m2/repository/commons-net/commons-net/3.6/commons-net-3.6.jar
7fefef758000-7fefef75c000 r--s 0002f000 fd:03 165742407                  /home/user/.m2/repository/commons-io/commons-io/2.5/commons-io-2.5.jar
7fefef75c000-7fefef763000 r--s 0004b000 fd:03 165742229                  /home/user/.m2/repository/commons-codec/commons-codec/1.11/commons-codec-1.11.jar
7fefef763000-7fefef76a000 r--s 00049000 fd:03 165807289                  /home/user/.m2/repository/org/apache/httpcomponents/httpcore/4.4.4/httpcore-4.4.4.jar
7fefef76a000-7fefef777000 r--s 000a7000 fd:03 165807236                  /home/user/.m2/repository/org/apache/httpcomponents/httpclient/4.5.2/httpclient-4.5.2.jar
7fefef777000-7fefef779000 r--s 00009000 fd:03 165742211                  /home/user/.m2/repository/commons-cli/commons-cli/1.2/commons-cli-1.2.jar
7fefef779000-7fefef7f2000 r--s 007c0000 fd:03 165024711                  /usr/lib/jvm/java-1.8-openjdk/lib/tools.jar
7fefef7f2000-7fefef7f3000 r--s 0000e000 fd:03 165807019                  /home/user/.m2/repository/org/apache/hadoop/hadoop-annotations/3.2.0/hadoop-annotations-3.2.0.jar
7fefef7f3000-7fefef831000 r--s 003aa000 fd:03 165807049                  /home/user/.m2/repository/org/apache/hadoop/hadoop-common/3.2.0/hadoop-common-3.2.0.jar
7fefef831000-7fefef833000 r--s 00002000 fd:03 265361136                  /home/user/.m2/repository/com/github/spotbugs/spotbugs-annotations/3.1.12/spotbugs-annotations-3.1.12.jar
7fefef833000-7fefef838000 r--s 00041000 fd:03 165742443                  /home/user/.m2/repository/commons-lang/commons-lang/2.6/commons-lang-2.6.jar
7fefef838000-7fefef83e000 r--s 00033000 fd:03 165806233                  /home/user/.m2/repository/jaxen/jaxen/1.1.6/jaxen-1.1.6.jar
7fefef83e000-7fefef843000 r--s 0004b000 fd:03 265361132                  /home/user/.m2/repository/org/dom4j/dom4j/2.1.1/dom4j-2.1.1.jar
7fefef843000-7fefef844000 r--s 00000000 fd:03 165806475                  /home/user/.m2/repository/net/jcip/jcip-annotations/1.0/jcip-annotations-1.0.jar
7fefef844000-7fefef84f000 r--s 0009d000 fd:03 265361131                  /home/user/.m2/repository/org/apache/bcel/bcel/6.3/bcel-6.3.jar
7fefef84f000-7fefef850000 r--s 00013000 fd:03 265361126                  /home/user/.m2/repository/org/ow2/asm/asm-util/7.0/asm-util-7.0.jar
7fefef850000-7fefef852000 r--s 0000b000 fd:03 265361128                  /home/user/.m2/repository/org/ow2/asm/asm-tree/7.0/asm-tree-7.0.jar
7fefef852000-7fefef854000 r--s 00012000 fd:03 265361122                  /home/user/.m2/repository/org/ow2/asm/asm-commons/7.0/asm-commons-7.0.jar
7fefef854000-7fefef856000 r--s 00007000 fd:03 265361124                  /home/user/.m2/repository/org/ow2/asm/asm-analysis/7.0/asm-analysis-7.0.jar
7fefef856000-7fefef858000 r--s 0000c000 fd:03 165938172                  /home/user/.m2/repository/org/ow2/asm/asm/5.0.4/asm-5.0.4.jar
7fefef858000-7fefef880000 r--s 00316000 fd:03 265361120                  /home/user/.m2/repository/com/github/spotbugs/spotbugs/3.1.12/spotbugs-3.1.12.jar
7fefef880000-7fefef8d8000 r--s 003a7000 fd:03 165873481                  /home/user/.m2/repository/org/bouncycastle/bcprov-jdk15on/1.60/bcprov-jdk15on-1.60.jar
7fefef8d8000-7fefef8de000 r--s 00045000 fd:03 165937802                  /home/user/.m2/repository/org/hamcrest/hamcrest-all/1.3/hamcrest-all-1.3.jar
7fefef8de000-7fefef8fb000 r--s 0013e000 fd:03 165937993                  /home/user/.m2/repository/org/mockito/mockito-all/1.8.5/mockito-all-1.8.5.jar
7fefef8fb000-7fefef8fc000 r--s 00007000 fd:03 165938110                  /home/user/.m2/repository/org/openjdk/jmh/jmh-generator-annprocess/1.19/jmh-generator-annprocess-1.19.jar
7fefef8fc000-7fefef919000 r--s 0016a000 fd:03 165806811                  /home/user/.m2/repository/org/apache/commons/commons-math3/3.1.1/commons-math3-3.1.1.jar
7fefef919000-7fefef91b000 r--s 0000e000 fd:03 165806511                  /home/user/.m2/repository/net/sf/jopt-simple/jopt-simple/4.6/jopt-simple-4.6.jar
7fefef91b000-7fefef924000 r--s 00072000 fd:03 165938101                  /home/user/.m2/repository/org/openjdk/jmh/jmh-core/1.19/jmh-core-1.19.jar
7fefef924000-7fefef93b000 r--s 00115000 fd:03 165873440                  /home/user/.m2/repository/org/assertj/assertj-core/3.8.0/assertj-core-3.8.0.jar
7fefef93b000-7fefef93d000 r--s 00009000 fd:03 165938482                  /home/user/.m2/repository/org/slf4j/slf4j-api/1.7.25/slf4j-api-1.7.25.jar
7fefef93d000-7fefef941000 r--s 0001e000 fd:03 165742609                  /home/user/.m2/repository/io/dropwizard/metrics/metrics-core/3.2.4/metrics-core-3.2.4.jar
7fefef941000-7fefef943000 r--s 00009000 fd:03 165937811                  /home/user/.m2/repository/org/hamcrest/hamcrest-core/1.3/hamcrest-core-1.3.jar
7fefef943000-7fefef96a000 r--s 00205000 fd:03 165742768                  /home/user/.m2/repository/io/netty/netty-all/4.0.52.Final/netty-all-4.0.52.Final.jar
7fefef96a000-7fefef970000 r--s 0003c000 fd:03 165938933                  /home/user/.m2/repository/org/yaml/snakeyaml/1.16/snakeyaml-1.16.jar
7fefef970000-7fefef971000 r--s 00002000 fd:03 165742943                  /home/user/.m2/repository/io/opentracing/opentracing-noop/0.31.0/opentracing-noop-0.31.0.jar
7fefef971000-7fefef973000 r--s 00002000 fd:03 165742934                  /home/user/.m2/repository/io/opentracing/opentracing-api/0.31.0/opentracing-api-0.31.0.jar
7fefef973000-7fefef974000 r--s 00001000 fd:03 165742952                  /home/user/.m2/repository/io/opentracing/opentracing-util/0.31.0/opentracing-util-0.31.0.jar
7fefef974000-7fefef975000 r--s 00001000 fd:03 165742919                  /home/user/.m2/repository/io/opentracing/contrib/opentracing-tracerresolver/0.1.5/opentracing-tracerresolver-0.1.5.jar
7fefef975000-7fefef976000 r--s 00000000 fd:03 165742749                  /home/user/.m2/repository/io/jaegertracing/jaeger-tracerresolver/0.34.0/jaeger-tracerresolver-0.34.0.jar
7fefef976000-7fefef97a000 r--s 0001c000 fd:03 165742731                  /home/user/.m2/repository/io/jaegertracing/jaeger-core/0.34.0/jaeger-core-0.34.0.jar
7fefef97a000-7fefef97b000 r--s 00013000 fd:03 165741980                  /home/user/.m2/repository/com/squareup/okio/okio/1.13.0/okio-1.13.0.jar
7fefef97b000-7fefef981000 r--s 0005e000 fd:03 165741964                  /home/user/.m2/repository/com/squareup/okhttp3/okhttp/3.9.0/okhttp-3.9.0.jar
7fefef981000-7fefef987000 r--s 00037000 fd:03 165873180                  /home/user/.m2/repository/org/apache/thrift/libthrift/0.12.0/libthrift-0.12.0.jar
7fefef987000-7fefef995000 r--s 0009e000 fd:03 165742740                  /home/user/.m2/repository/io/jaegertracing/jaeger-thrift/0.34.0/jaeger-thrift-0.34.0.jar
7fefef995000-7fefef996000 r--s 00000000 fd:03 165742722                  /home/user/.m2/repository/io/jaegertracing/jaeger-client/0.34.0/jaeger-client-0.34.0.jar
7fefef996000-7fefef99a000 r--s 00020000 fd:03 165742343                  /home/user/.m2/repository/commons-digester/commons-digester/1.8.1/commons-digester-1.8.1.jar
7fefef99a000-7fefef99e000 r--s 0002a000 fd:03 165742535                  /home/user/.m2/repository/commons-validator/commons-validator/1.6/commons-validator-1.6.jar
7fefef99e000-7fefef9b1000 r--s 000b0000 fd:03 165873472                  /home/user/.m2/repository/org/bouncycastle/bcpkix-jdk15on/1.60/bcpkix-jdk15on-1.60.jar
7fefef9b1000-7fefef9b4000 r--s 0001d000 fd:03 165806932                  /home/user/.m2/repository/org/apache/commons/commons-pool2/2.6.0/commons-pool2-2.6.0.jar
7fefef9b4000-7fefef9b7000 r--s 00012000 fd:03 165741909                  /home/user/.m2/repository/com/lmax/disruptor/3.4.2/disruptor-3.4.2.jar
7fefef9b7000-7fefef9d7000 r--s 00167000 fd:03 165807516                  /home/user/.m2/repository/org/apache/logging/log4j/log4j-core/2.11.0/log4j-core-2.11.0.jar
7fefef9d7000-7fefef9dd000 r--s 0003b000 fd:03 165807507                  /home/user/.m2/repository/org/apache/logging/log4j/log4j-api/2.11.0/log4j-api-2.11.0.jar
7fefef9dd000-7fefef9e2000 r--s 00c4f000 fd:03 165938441                  /home/user/.m2/repository/org/rocksdb/rocksdbjni/6.0.1/rocksdbjni-6.0.1.jar
7fefef9e2000-7fefef9e4000 r--s 00019000 fd:03 265360629                  /home/user/.m2/repository/org/apache/ratis/ratis-grpc/0.5.0-201fc85-SNAPSHOT/ratis-grpc-0.5.0-201fc85-SNAPSHOT.jar
7fefef9e4000-7fefef9e6000 r--s 00007000 fd:03 265360628                  /home/user/.m2/repository/org/apache/ratis/ratis-netty/0.5.0-201fc85-SNAPSHOT/ratis-netty-0.5.0-201fc85-SNAPSHOT.jar
7fefef9e6000-7fefef9e8000 r--s 00009000 fd:03 165742587                  /home/user/.m2/repository/info/ganglia/gmetric4j/gmetric4j/1.0.7/gmetric4j-1.0.7.jar
7fefef9e8000-7fefef9e9000 r--s 00002000 fd:03 165742618                  /home/user/.m2/repository/io/dropwizard/metrics/metrics-ganglia/3.2.5/metrics-ganglia-3.2.5.jar
7fefef9e9000-7fefef9eb000 r--s 00008000 fd:03 165742627                  /home/user/.m2/repository/io/dropwizard/metrics/metrics-jvm/3.2.5/metrics-jvm-3.2.5.jar
7fefef9eb000-7fefef9f9000 r--s 0010d000 fd:03 265360613                  /home/user/.m2/repository/org/apache/ratis/ratis-proto/0.5.0-201fc85-SNAPSHOT/ratis-proto-0.5.0-201fc85-SNAPSHOT.jar
7fefef9f9000-7fefefad3000 r--s 00cc8000 fd:03 165873130                  /home/user/.m2/repository/org/apache/ratis/ratis-thirdparty-misc/0.2.0/ratis-thirdparty-misc-0.2.0.jar
7fefefad3000-7fefefad6000 ---p 00000000 00:00 0 
7fefefad6000-7fefefbd4000 rw-p 00000000 00:00 0 
7fefefbd4000-7fefefddb000 r-xp 00000000 fd:03 165024618                  /usr/lib/jvm/java-1.8-openjdk/jre/lib/amd64/libmanagement.so
7fefefddb000-7fefefddc000 r--p 00007000 fd:03 165024618                  /usr/lib/jvm/java-1.8-openjdk/jre/lib/amd64/libmanagement.so
7fefefddc000-7fefefddd000 rw-p 00008000 fd:03 165024618                  /usr/lib/jvm/java-1.8-openjdk/jre/lib/amd64/libmanagement.so
7fefefddd000-7fefefde0000 ---p 00000000 00:00 0 
7fefefde0000-7fefefede000 rw-p 00000000 00:00 0 
7fefefede000-7fefefedf000 ---p 00000000 00:00 0 
7fefefedf000-7fefeffe0000 rw-p 00000000 00:00 0 
7fefeffe0000-7fefeffe3000 ---p 00000000 00:00 0 
7fefeffe3000-7feff00e1000 rw-p 00000000 00:00 0 
7feff00e1000-7feff00e2000 ---p 00000000 00:00 0 
7feff00e2000-7feff00e5000 ---p 00000000 00:00 0 
7feff00e5000-7feff01e3000 rw-p 00000000 00:00 0 
7feff01e3000-7feff01e4000 ---p 00000000 00:00 0 
7feff01e4000-7feff01e7000 ---p 00000000 00:00 0 
7feff01e7000-7feff02e5000 rw-p 00000000 00:00 0 
7feff02e5000-7feff02e8000 ---p 00000000 00:00 0 
7feff02e8000-7feff03e6000 rw-p 00000000 00:00 0 
7feff03e6000-7feff03e9000 ---p 00000000 00:00 0 
7feff03e9000-7feff04e7000 rw-p 00000000 00:00 0 
7feff04e7000-7feff04ea000 ---p 00000000 00:00 0 
7feff04ea000-7feff05e8000 rw-p 00000000 00:00 0 
7feff05e8000-7feff05e9000 ---p 00000000 00:00 0 
7feff05e9000-7feff0ff3000 rw-p 00000000 00:00 0 
7feff0ff3000-7feff11c3000 r--s 01f56000 fd:03 165024683                  /usr/lib/jvm/java-1.8-openjdk/jre/lib/rt.jar
7feff11c3000-7feff5e39000 rw-p 00000000 00:00 0 
7feff5e39000-7feff5e3a000 ---p 00000000 00:00 0 
7feff5e3a000-7feff5f3b000 rw-p 00000000 00:00 0 
7feff5f3b000-7feff5f3c000 ---p 00000000 00:00 0 
7feff5f3c000-7feff61f5000 rw-p 00000000 00:00 0 
7feff61f5000-7feff62e8000 ---p 00000000 00:00 0 
7feff62e8000-7feff64a0000 rw-p 00000000 00:00 0 
7feff64a0000-7feff6592000 ---p 00000000 00:00 0 
7feff6592000-7feff6700000 rw-p 00000000 00:00 0 
7feff6700000-7feff6aa9000 ---p 00000000 00:00 0 
7feff6aa9000-7feff7069000 rwxp 00000000 00:00 0 
7feff7069000-7ff005aa9000 ---p 00000000 00:00 0 
7ff005aa9000-7ff005cb0000 r-xp 00000000 fd:03 165024627                  /usr/lib/jvm/java-1.8-openjdk/jre/lib/amd64/libzip.so
7ff005cb0000-7ff005cb1000 r--p 00007000 fd:03 165024627                  /usr/lib/jvm/java-1.8-openjdk/jre/lib/amd64/libzip.so
7ff005cb1000-7ff005cb2000 rw-p 00008000 fd:03 165024627                  /usr/lib/jvm/java-1.8-openjdk/jre/lib/amd64/libzip.so
7ff005cb2000-7ff005edd000 r-xp 00000000 fd:03 165024607                  /usr/lib/jvm/java-1.8-openjdk/jre/lib/amd64/libjava.so
7ff005edd000-7ff005ede000 r--p 0002b000 fd:03 165024607                  /usr/lib/jvm/java-1.8-openjdk/jre/lib/amd64/libjava.so
7ff005ede000-7ff005edf000 rw-p 0002c000 fd:03 165024607                  /usr/lib/jvm/java-1.8-openjdk/jre/lib/amd64/libjava.so
7ff005edf000-7ff005ee0000 rw-p 00000000 00:00 0 
7ff005ee0000-7ff0060ec000 r-xp 00000000 fd:03 165024626                  /usr/lib/jvm/java-1.8-openjdk/jre/lib/amd64/libverify.so
7ff0060ec000-7ff0060ee000 r--p 0000c000 fd:03 165024626                  /usr/lib/jvm/java-1.8-openjdk/jre/lib/amd64/libverify.so
7ff0060ee000-7ff0060ef000 rw-p 0000e000 fd:03 165024626                  /usr/lib/jvm/java-1.8-openjdk/jre/lib/amd64/libverify.so
7ff0060ef000-7ff0062ff000 r-xp 00000000 fd:03 165024784                  /usr/lib/libgcc_s.so.1
7ff0062ff000-7ff006300000 r--p 00010000 fd:03 165024784                  /usr/lib/libgcc_s.so.1
7ff006300000-7ff006301000 rw-p 00011000 fd:03 165024784                  /usr/lib/libgcc_s.so.1
7ff006301000-7ff006642000 r-xp 00000000 fd:03 165024907                  /usr/lib/libstdc++.so.6.0.22
7ff006642000-7ff006650000 r--p 00141000 fd:03 165024907                  /usr/lib/libstdc++.so.6.0.22
7ff006650000-7ff006651000 rw-p 0014f000 fd:03 165024907                  /usr/lib/libstdc++.so.6.0.22
7ff006651000-7ff006654000 rw-p 00000000 00:00 0 
7ff006654000-7ff007028000 r-xp 00000000 fd:03 165024631                  /usr/lib/jvm/java-1.8-openjdk/jre/lib/amd64/server/libjvm.so
7ff007028000-7ff0070be000 r--p 007d4000 fd:03 165024631                  /usr/lib/jvm/java-1.8-openjdk/jre/lib/amd64/server/libjvm.so
7ff0070be000-7ff0070e6000 rw-p 0086a000 fd:03 165024631                  /usr/lib/jvm/java-1.8-openjdk/jre/lib/amd64/server/libjvm.so
7ff0070e6000-7ff007117000 rw-p 00000000 00:00 0 
7ff007117000-7ff00732c000 r-xp 00000000 fd:03 30540833                   /lib/libz.so.1.2.11
7ff00732c000-7ff00732d000 r--p 00015000 fd:03 30540833                   /lib/libz.so.1.2.11
7ff00732d000-7ff00732e000 rw-p 00016000 fd:03 30540833                   /lib/libz.so.1.2.11
7ff00732e000-7ff00753a000 r-xp 00000000 fd:03 165024591                  /usr/lib/jvm/java-1.8-openjdk/jre/lib/amd64/jli/libjli.so
7ff00753a000-7ff00753b000 r--p 0000c000 fd:03 165024591                  /usr/lib/jvm/java-1.8-openjdk/jre/lib/amd64/jli/libjli.so
7ff00753b000-7ff00753c000 rw-p 0000d000 fd:03 165024591                  /usr/lib/jvm/java-1.8-openjdk/jre/lib/amd64/jli/libjli.so
7ff00753c000-7ff0075c9000 r-xp 00000000 fd:03 164956642                  /lib/ld-musl-x86_64.so.1
7ff0075c9000-7ff0075ca000 r--s 00003000 fd:03 165741548                  /home/user/.m2/repository/com/github/joshelser/dropwizard-metrics-hadoop-metrics2-reporter/0.1.2/dropwizard-metrics-hadoop-metrics2-reporter-0.1.2.jar
7ff0075ca000-7ff0075cb000 r--s 00006000 fd:03 265360627                  /home/user/.m2/repository/org/apache/ratis/ratis-metrics/0.5.0-201fc85-SNAPSHOT/ratis-metrics-0.5.0-201fc85-SNAPSHOT.jar
7ff0075cb000-7ff0075cd000 r--s 0000c000 fd:03 265360626                  /home/user/.m2/repository/org/apache/ratis/ratis-client/0.5.0-201fc85-SNAPSHOT/ratis-client-0.5.0-201fc85-SNAPSHOT.jar
7ff0075cd000-7ff0075d2000 r--s 0003a000 fd:03 265360617                  /home/user/.m2/repository/org/apache/ratis/ratis-common/0.5.0-201fc85-SNAPSHOT/ratis-common-0.5.0-201fc85-SNAPSHOT.jar
7ff0075d2000-7ff0075d7000 r--s 00053000 fd:03 265360611                  /home/user/.m2/repository/org/apache/ratis/ratis-server/0.5.0-201fc85-SNAPSHOT/ratis-server-0.5.0-201fc85-SNAPSHOT.jar
7ff0075d7000-7ff0075da000 r--s 000fd000 fd:03 165937538                  /home/user/.m2/repository/org/fusesource/leveldbjni/leveldbjni-all/1.8/leveldbjni-all-1.8.jar
7ff0075da000-7ff0075dc000 r--s 00005000 fd:03 165806083                  /home/user/.m2/repository/javax/annotation/javax.annotation-api/1.2/javax.annotation-api-1.2.jar
7ff0075dc000-7ff0075de000 r--s 00002000 fd:03 165872819                  /home/user/.m2/repository/org/apache/maven/surefire/surefire-logger-api/3.0.0-M1/surefire-logger-api-3.0.0-M1.jar
7ff0075de000-7ff0075e3000 r--s 00027000 fd:03 165872801                  /home/user/.m2/repository/org/apache/maven/surefire/surefire-api/3.0.0-M1/surefire-api-3.0.0-M1.jar
7ff0075e3000-7ff0075e9000 r--s 00047000 fd:03 165872810                  /home/user/.m2/repository/org/apache/maven/surefire/surefire-booter/3.0.0-M1/surefire-booter-3.0.0-M1.jar
7ff0075e9000-7ff0075ea000 r--s 00004000 fd:05 62929841                   /workdir/hadoop-hdds/server-scm/target/surefire/surefirebooter465555200971774396.jar
7ff0075ea000-7ff0075eb000 r--s 00000000 fd:03 30540769                   /etc/localtime
7ff0075eb000-7ff0076bc000 rw-p 00000000 00:00 0 
7ff0076bc000-7ff0076c4000 rw-s 00000000 fd:03 264183416                  /tmp/hsperfdata_jenkins1000/9428
7ff0076c4000-7ff0076c5000 rw-p 00000000 00:00 0 
7ff0076c5000-7ff0076c6000 r--p 00000000 00:00 0 
7ff0076c6000-7ff0076c8000 ---p 00000000 00:00 0 
7ff0076c8000-7ff0076cb000 ---p 00000000 00:00 0 
7ff0076cb000-7ff0077c9000 rw-p 00000000 00:00 0 
7ff0077c9000-7ff0077ca000 r--p 0008d000 fd:03 164956642                  /lib/ld-musl-x86_64.so.1
7ff0077ca000-7ff0077cb000 rw-p 0008e000 fd:03 164956642                  /lib/ld-musl-x86_64.so.1
7ff0077cb000-7ff0077ce000 rw-p 00000000 00:00 0 
7ffce2da6000-7ffce2dc8000 rw-p 00000000 00:00 0                          [stack]
7ffce2dd1000-7ffce2dd3000 r-xp 00000000 00:00 0                          [vdso]
ffffffffff600000-ffffffffff601000 r-xp 00000000 00:00 0                  [vsyscall]

VM Arguments:
jvm_args: -Xmx2048m -XX:+HeapDumpOnOutOfMemoryError 
java_command: /workdir/hadoop-hdds/server-scm/target/surefire/surefirebooter465555200971774396.jar /workdir/hadoop-hdds/server-scm/target/surefire 2019-10-13T08-44-12_576-jvmRun1 surefire727334960465071263tmp surefire_80715344520876494527tmp
java_class_path (initial): /workdir/hadoop-hdds/server-scm/target/surefire/surefirebooter465555200971774396.jar
Launcher Type: SUN_STANDARD

Environment Variables:
PATH=/usr/local/sbin:/usr/local/bin:/usr/sbin:/usr/bin:/sbin:/bin:/opt/findbugs/bin:/opt/blockade/bin
LD_LIBRARY_PATH=/usr/lib/jvm/java-1.8-openjdk/jre/lib/amd64/server:/usr/lib/jvm/java-1.8-openjdk/jre/lib/amd64:/usr/lib/jvm/java-1.8-openjdk/jre/../lib/amd64:/workdir/hadoop-hdds/server-scm/target/native/target/usr/local/lib:/workdir/hadoop-hdds/server-scm/../../hadoop-common-project/hadoop-common/target/native/target/usr/local/lib
DYLD_LIBRARY_PATH=${env.DYLD_LIBRARY_PATH}:/workdir/hadoop-hdds/server-scm/target/native/target/usr/local/lib:/workdir/hadoop-hdds/server-scm/../../hadoop-common-project/hadoop-common/target/native/target/usr/local/lib

Signal Handlers:
SIGSEGV: [libjvm.so+0x600fd2], sa_mask[0]=11111111011111111101111111111110, sa_flags=SA_RESTART|SA_SIGINFO
SIGBUS: [libjvm.so+0x600fd2], sa_mask[0]=11111111011111111101111111111110, sa_flags=SA_RESTART|SA_SIGINFO
SIGFPE: [libjvm.so+0x539502], sa_mask[0]=11111111011111111101111111111110, sa_flags=SA_RESTART|SA_SIGINFO
SIGPIPE: [libjvm.so+0x539502], sa_mask[0]=11111111011111111101111111111110, sa_flags=SA_RESTART|SA_SIGINFO
SIGXFSZ: [libjvm.so+0x539502], sa_mask[0]=11111111011111111101111111111110, sa_flags=SA_RESTART|SA_SIGINFO
SIGILL: [libjvm.so+0x539502], sa_mask[0]=11111111011111111101111111111110, sa_flags=SA_RESTART|SA_SIGINFO
SIGUSR1: SIG_DFL, sa_mask[0]=00000000000000000000000000000000, sa_flags=none
SIGUSR2: [libjvm.so+0x5396a1], sa_mask[0]=00100000000000000000000000000000, sa_flags=SA_RESTART|SA_SIGINFO
SIGHUP: [libjvm.so+0x53b719], sa_mask[0]=11111111011111111101111111111110, sa_flags=SA_RESTART|SA_SIGINFO
SIGINT: [libjvm.so+0x53b719], sa_mask[0]=11111111011111111101111111111110, sa_flags=SA_RESTART|SA_SIGINFO
SIGTERM: [libjvm.so+0x53b719], sa_mask[0]=11111111011111111101111111111110, sa_flags=SA_RESTART|SA_SIGINFO
SIGQUIT: [libjvm.so+0x53b719], sa_mask[0]=11111111011111111101111111111110, sa_flags=SA_RESTART|SA_SIGINFO


---------------  S Y S T E M  ---------------

OS:NAME="Alpine Linux"
ID=alpine
VERSION_ID=3.8.2
PRETTY_NAME="Alpine Linux v3.8"
HOME_URL="http://alpinelinux.org"
BUG_REPORT_URL="http://bugs.alpinelinux.org"

uname:Linux 3.10.0-957.12.2.el7.x86_64 #1 SMP Tue May 14 21:24:32 UTC 2019 x86_64
libc:glibc 2.9 NPTL 
rlimit: STACK 8192k, CORE infinity, NPROC 1048576, NOFILE 1048576, AS infinity
load average:82.57 41.82 19.49

/proc/meminfo:
MemTotal:       263864180 kB
MemFree:        11656796 kB
MemAvailable:   243297296 kB
Buffers:         3616756 kB
Cached:         221844024 kB
SwapCached:            0 kB
Active:         140150584 kB
Inactive:       96690772 kB
Active(anon):   14122312 kB
Inactive(anon):  2703200 kB
Active(file):   126028272 kB
Inactive(file): 93987572 kB
Unevictable:           0 kB
Mlocked:               0 kB
SwapTotal:             0 kB
SwapFree:              0 kB
Dirty:            190932 kB
Writeback:             4 kB
AnonPages:      11383148 kB
Mapped:           273308 kB
Shmem:           5442680 kB
Slab:           13567196 kB
SReclaimable:   12508836 kB
SUnreclaim:      1058360 kB
KernelStack:       61424 kB
PageTables:        68768 kB
NFS_Unstable:          0 kB
Bounce:                0 kB
WritebackTmp:          0 kB
CommitLimit:    131932088 kB
Committed_AS:   45044468 kB
VmallocTotal:   34359738367 kB
VmallocUsed:      756204 kB
VmallocChunk:   34224590620 kB
HardwareCorrupted:     0 kB
AnonHugePages:   4368384 kB
CmaTotal:              0 kB
CmaFree:               0 kB
HugePages_Total:       0
HugePages_Free:        0
HugePages_Rsvd:        0
HugePages_Surp:        0
Hugepagesize:       2048 kB
DirectMap4k:      473848 kB
DirectMap2M:    50798592 kB
DirectMap1G:    219152384 kB

container (cgroup) information:
container_type: cgroupv1
cpu_cpuset_cpus: 0-31
cpu_memory_nodes: 0-1
active_processor_count: 2
cpu_quota: -1
cpu_period: 100000
cpu_shares: 2048
memory_limit_in_bytes: -1
memory_and_swap_limit_in_bytes: -1
memory_soft_limit_in_bytes: -1
memory_usage_in_bytes: 5118504960
memory_max_usage_in_bytes: 6075342848


CPU:total 32 (initial active 2) (8 cores per cpu, 2 threads per core) family 6 model 63 stepping 2, cmov, cx8, fxsr, mmx, sse, sse2, sse3, ssse3, sse4.1, sse4.2, popcnt, avx, avx2, aes, clmul, erms, lzcnt, ht, tsc, tscinvbit, bmi1, bmi2

/proc/cpuinfo:
processor	: 0
vendor_id	: GenuineIntel
cpu family	: 6
model		: 63
model name	: Intel(R) Xeon(R) CPU E5-2630 v3 @ 2.40GHz
stepping	: 2
microcode	: 0x43
cpu MHz		: 1516.992
cache size	: 20480 KB
physical id	: 0
siblings	: 16
core id		: 0
cpu cores	: 8
apicid		: 0
initial apicid	: 0
fpu		: yes
fpu_exception	: yes
cpuid level	: 15
wp		: yes
flags		: fpu vme de pse tsc msr pae mce cx8 apic sep mtrr pge mca cmov pat pse36 clflush dts acpi mmx fxsr sse sse2 ss ht tm pbe syscall nx pdpe1gb rdtscp lm constant_tsc arch_perfmon pebs bts rep_good nopl xtopology nonstop_tsc aperfmperf eagerfpu pni pclmulqdq dtes64 monitor ds_cpl vmx smx est tm2 ssse3 sdbg fma cx16 xtpr pdcm pcid dca sse4_1 sse4_2 x2apic movbe popcnt tsc_deadline_timer aes xsave avx f16c rdrand lahf_lm abm epb intel_ppin ssbd ibrs ibpb stibp tpr_shadow vnmi flexpriority ept vpid fsgsbase tsc_adjust bmi1 avx2 smep bmi2 erms invpcid cqm xsaveopt cqm_llc cqm_occup_llc dtherm ida arat pln pts md_clear spec_ctrl intel_stibp flush_l1d
bogomips	: 4788.16
clflush size	: 64
cache_alignment	: 64
address sizes	: 46 bits physical, 48 bits virtual
power management:

processor	: 1
vendor_id	: GenuineIntel
cpu family	: 6
model		: 63
model name	: Intel(R) Xeon(R) CPU E5-2630 v3 @ 2.40GHz
stepping	: 2
microcode	: 0x43
cpu MHz		: 2397.802
cache size	: 20480 KB
physical id	: 0
siblings	: 16
core id		: 1
cpu cores	: 8
apicid		: 2
initial apicid	: 2
fpu		: yes
fpu_exception	: yes
cpuid level	: 15
wp		: yes
flags		: fpu vme de pse tsc msr pae mce cx8 apic sep mtrr pge mca cmov pat pse36 clflush dts acpi mmx fxsr sse sse2 ss ht tm pbe syscall nx pdpe1gb rdtscp lm constant_tsc arch_perfmon pebs bts rep_good nopl xtopology nonstop_tsc aperfmperf eagerfpu pni pclmulqdq dtes64 monitor ds_cpl vmx smx est tm2 ssse3 sdbg fma cx16 xtpr pdcm pcid dca sse4_1 sse4_2 x2apic movbe popcnt tsc_deadline_timer aes xsave avx f16c rdrand lahf_lm abm epb intel_ppin ssbd ibrs ibpb stibp tpr_shadow vnmi flexpriority ept vpid fsgsbase tsc_adjust bmi1 avx2 smep bmi2 erms invpcid cqm xsaveopt cqm_llc cqm_occup_llc dtherm ida arat pln pts md_clear spec_ctrl intel_stibp flush_l1d
bogomips	: 4788.16
clflush size	: 64
cache_alignment	: 64
address sizes	: 46 bits physical, 48 bits virtual
power management:

processor	: 2
vendor_id	: GenuineIntel
cpu family	: 6
model		: 63
model name	: Intel(R) Xeon(R) CPU E5-2630 v3 @ 2.40GHz
stepping	: 2
microcode	: 0x43
cpu MHz		: 2399.853
cache size	: 20480 KB
physical id	: 0
siblings	: 16
core id		: 2
cpu cores	: 8
apicid		: 4
initial apicid	: 4
fpu		: yes
fpu_exception	: yes
cpuid level	: 15
wp		: yes
flags		: fpu vme de pse tsc msr pae mce cx8 apic sep mtrr pge mca cmov pat pse36 clflush dts acpi mmx fxsr sse sse2 ss ht tm pbe syscall nx pdpe1gb rdtscp lm constant_tsc arch_perfmon pebs bts rep_good nopl xtopology nonstop_tsc aperfmperf eagerfpu pni pclmulqdq dtes64 monitor ds_cpl vmx smx est tm2 ssse3 sdbg fma cx16 xtpr pdcm pcid dca sse4_1 sse4_2 x2apic movbe popcnt tsc_deadline_timer aes xsave avx f16c rdrand lahf_lm abm epb intel_ppin ssbd ibrs ibpb stibp tpr_shadow vnmi flexpriority ept vpid fsgsbase tsc_adjust bmi1 avx2 smep bmi2 erms invpcid cqm xsaveopt cqm_llc cqm_occup_llc dtherm ida arat pln pts md_clear spec_ctrl intel_stibp flush_l1d
bogomips	: 4788.16
clflush size	: 64
cache_alignment	: 64
address sizes	: 46 bits physical, 48 bits virtual
power management:

processor	: 3
vendor_id	: GenuineIntel
cpu family	: 6
model		: 63
model name	: Intel(R) Xeon(R) CPU E5-2630 v3 @ 2.40GHz
stepping	: 2
microcode	: 0x43
cpu MHz		: 2400.000
cache size	: 20480 KB
physical id	: 0
siblings	: 16
core id		: 3
cpu cores	: 8
apicid		: 6
initial apicid	: 6
fpu		: yes
fpu_exception	: yes
cpuid level	: 15
wp		: yes
flags		: fpu vme de pse tsc msr pae mce cx8 apic sep mtrr pge mca cmov pat pse36 clflush dts acpi mmx fxsr sse sse2 ss ht tm pbe syscall nx pdpe1gb rdtscp lm constant_tsc arch_perfmon pebs bts rep_good nopl xtopology nonstop_tsc aperfmperf eagerfpu pni pclmulqdq dtes64 monitor ds_cpl vmx smx est tm2 ssse3 sdbg fma cx16 xtpr pdcm pcid dca sse4_1 sse4_2 x2apic movbe popcnt tsc_deadline_timer aes xsave avx f16c rdrand lahf_lm abm epb intel_ppin ssbd ibrs ibpb stibp tpr_shadow vnmi flexpriority ept vpid fsgsbase tsc_adjust bmi1 avx2 smep bmi2 erms invpcid cqm xsaveopt cqm_llc cqm_occup_llc dtherm ida arat pln pts md_clear spec_ctrl intel_stibp flush_l1d
bogomips	: 4788.16
clflush size	: 64
cache_alignment	: 64
address sizes	: 46 bits physical, 48 bits virtual
power management:

processor	: 4
vendor_id	: GenuineIntel
cpu family	: 6
model		: 63
model name	: Intel(R) Xeon(R) CPU E5-2630 v3 @ 2.40GHz
stepping	: 2
microcode	: 0x43
cpu MHz		: 1893.750
cache size	: 20480 KB
physical id	: 0
siblings	: 16
core id		: 4
cpu cores	: 8
apicid		: 8
initial apicid	: 8
fpu		: yes
fpu_exception	: yes
cpuid level	: 15
wp		: yes
flags		: fpu vme de pse tsc msr pae mce cx8 apic sep mtrr pge mca cmov pat pse36 clflush dts acpi mmx fxsr sse sse2 ss ht tm pbe syscall nx pdpe1gb rdtscp lm constant_tsc arch_perfmon pebs bts rep_good nopl xtopology nonstop_tsc aperfmperf eagerfpu pni pclmulqdq dtes64 monitor ds_cpl vmx smx est tm2 ssse3 sdbg fma cx16 xtpr pdcm pcid dca sse4_1 sse4_2 x2apic movbe popcnt tsc_deadline_timer aes xsave avx f16c rdrand lahf_lm abm epb intel_ppin ssbd ibrs ibpb stibp tpr_shadow vnmi flexpriority ept vpid fsgsbase tsc_adjust bmi1 avx2 smep bmi2 erms invpcid cqm xsaveopt cqm_llc cqm_occup_llc dtherm ida arat pln pts md_clear spec_ctrl intel_stibp flush_l1d
bogomips	: 4788.16
clflush size	: 64
cache_alignment	: 64
address sizes	: 46 bits physical, 48 bits virtual
power management:

processor	: 5
vendor_id	: GenuineIntel
cpu family	: 6
model		: 63
model name	: Intel(R) Xeon(R) CPU E5-2630 v3 @ 2.40GHz
stepping	: 2
microcode	: 0x43
cpu MHz		: 1599.462
cache size	: 20480 KB
physical id	: 0
siblings	: 16
core id		: 5
cpu cores	: 8
apicid		: 10
initial apicid	: 10
fpu		: yes
fpu_exception	: yes
cpuid level	: 15
wp		: yes
flags		: fpu vme de pse tsc msr pae mce cx8 apic sep mtrr pge mca cmov pat pse36 clflush dts acpi mmx fxsr sse sse2 ss ht tm pbe syscall nx pdpe1gb rdtscp lm constant_tsc arch_perfmon pebs bts rep_good nopl xtopology nonstop_tsc aperfmperf eagerfpu pni pclmulqdq dtes64 monitor ds_cpl vmx smx est tm2 ssse3 sdbg fma cx16 xtpr pdcm pcid dca sse4_1 sse4_2 x2apic movbe popcnt tsc_deadline_timer aes xsave avx f16c rdrand lahf_lm abm epb intel_ppin ssbd ibrs ibpb stibp tpr_shadow vnmi flexpriority ept vpid fsgsbase tsc_adjust bmi1 avx2 smep bmi2 erms invpcid cqm xsaveopt cqm_llc cqm_occup_llc dtherm ida arat pln pts md_clear spec_ctrl intel_stibp flush_l1d
bogomips	: 4788.16
clflush size	: 64
cache_alignment	: 64
address sizes	: 46 bits physical, 48 bits virtual
power management:

processor	: 6
vendor_id	: GenuineIntel
cpu family	: 6
model		: 63
model name	: Intel(R) Xeon(R) CPU E5-2630 v3 @ 2.40GHz
stepping	: 2
microcode	: 0x43
cpu MHz		: 1567.822
cache size	: 20480 KB
physical id	: 0
siblings	: 16
core id		: 6
cpu cores	: 8
apicid		: 12
initial apicid	: 12
fpu		: yes
fpu_exception	: yes
cpuid level	: 15
wp		: yes
flags		: fpu vme de pse tsc msr pae mce cx8 apic sep mtrr pge mca cmov pat pse36 clflush dts acpi mmx fxsr sse sse2 ss ht tm pbe syscall nx pdpe1gb rdtscp lm constant_tsc arch_perfmon pebs bts rep_good nopl xtopology nonstop_tsc aperfmperf eagerfpu pni pclmulqdq dtes64 monitor ds_cpl vmx smx est tm2 ssse3 sdbg fma cx16 xtpr pdcm pcid dca sse4_1 sse4_2 x2apic movbe popcnt tsc_deadline_timer aes xsave avx f16c rdrand lahf_lm abm epb intel_ppin ssbd ibrs ibpb stibp tpr_shadow vnmi flexpriority ept vpid fsgsbase tsc_adjust bmi1 avx2 smep bmi2 erms invpcid cqm xsaveopt cqm_llc cqm_occup_llc dtherm ida arat pln pts md_clear spec_ctrl intel_stibp flush_l1d
bogomips	: 4788.16
clflush size	: 64
cache_alignment	: 64
address sizes	: 46 bits physical, 48 bits virtual
power management:

processor	: 7
vendor_id	: GenuineIntel
cpu family	: 6
model		: 63
model name	: Intel(R) Xeon(R) CPU E5-2630 v3 @ 2.40GHz
stepping	: 2
microcode	: 0x43
cpu MHz		: 1609.863
cache size	: 20480 KB
physical id	: 0
siblings	: 16
core id		: 7
cpu cores	: 8
apicid		: 14
initial apicid	: 14
fpu		: yes
fpu_exception	: yes
cpuid level	: 15
wp		: yes
flags		: fpu vme de pse tsc msr pae mce cx8 apic sep mtrr pge mca cmov pat pse36 clflush dts acpi mmx fxsr sse sse2 ss ht tm pbe syscall nx pdpe1gb rdtscp lm constant_tsc arch_perfmon pebs bts rep_good nopl xtopology nonstop_tsc aperfmperf eagerfpu pni pclmulqdq dtes64 monitor ds_cpl vmx smx est tm2 ssse3 sdbg fma cx16 xtpr pdcm pcid dca sse4_1 sse4_2 x2apic movbe popcnt tsc_deadline_timer aes xsave avx f16c rdrand lahf_lm abm epb intel_ppin ssbd ibrs ibpb stibp tpr_shadow vnmi flexpriority ept vpid fsgsbase tsc_adjust bmi1 avx2 smep bmi2 erms invpcid cqm xsaveopt cqm_llc cqm_occup_llc dtherm ida arat pln pts md_clear spec_ctrl intel_stibp flush_l1d
bogomips	: 4788.16
clflush size	: 64
cache_alignment	: 64
address sizes	: 46 bits physical, 48 bits virtual
power management:

processor	: 8
vendor_id	: GenuineIntel
cpu family	: 6
model		: 63
model name	: Intel(R) Xeon(R) CPU E5-2630 v3 @ 2.40GHz
stepping	: 2
microcode	: 0x43
cpu MHz		: 1281.738
cache size	: 20480 KB
physical id	: 1
siblings	: 16
core id		: 0
cpu cores	: 8
apicid		: 16
initial apicid	: 16
fpu		: yes
fpu_exception	: yes
cpuid level	: 15
wp		: yes
flags		: fpu vme de pse tsc msr pae mce cx8 apic sep mtrr pge mca cmov pat pse36 clflush dts acpi mmx fxsr sse sse2 ss ht tm pbe syscall nx pdpe1gb rdtscp lm constant_tsc arch_perfmon pebs bts rep_good nopl xtopology nonstop_tsc aperfmperf eagerfpu pni pclmulqdq dtes64 monitor ds_cpl vmx smx est tm2 ssse3 sdbg fma cx16 xtpr pdcm pcid dca sse4_1 sse4_2 x2apic movbe popcnt tsc_deadline_timer aes xsave avx f16c rdrand lahf_lm abm epb intel_ppin ssbd ibrs ibpb stibp tpr_shadow vnmi flexpriority ept vpid fsgsbase tsc_adjust bmi1 avx2 smep bmi2 erms invpcid cqm xsaveopt cqm_llc cqm_occup_llc dtherm ida arat pln pts md_clear spec_ctrl intel_stibp flush_l1d
bogomips	: 4793.27
clflush size	: 64
cache_alignment	: 64
address sizes	: 46 bits physical, 48 bits virtual
power management:

processor	: 9
vendor_id	: GenuineIntel
cpu family	: 6
model		: 63
model name	: Intel(R) Xeon(R) CPU E5-2630 v3 @ 2.40GHz
stepping	: 2
microcode	: 0x43
cpu MHz		: 1499.267
cache size	: 20480 KB
physical id	: 1
siblings	: 16
core id		: 1
cpu cores	: 8
apicid		: 18
initial apicid	: 18
fpu		: yes
fpu_exception	: yes
cpuid level	: 15
wp		: yes
flags		: fpu vme de pse tsc msr pae mce cx8 apic sep mtrr pge mca cmov pat pse36 clflush dts acpi mmx fxsr sse sse2 ss ht tm pbe syscall nx pdpe1gb rdtscp lm constant_tsc arch_perfmon pebs bts rep_good nopl xtopology nonstop_tsc aperfmperf eagerfpu pni pclmulqdq dtes64 monitor ds_cpl vmx smx est tm2 ssse3 sdbg fma cx16 xtpr pdcm pcid dca sse4_1 sse4_2 x2apic movbe popcnt tsc_deadline_timer aes xsave avx f16c rdrand lahf_lm abm epb intel_ppin ssbd ibrs ibpb stibp tpr_shadow vnmi flexpriority ept vpid fsgsbase tsc_adjust bmi1 avx2 smep bmi2 erms invpcid cqm xsaveopt cqm_llc cqm_occup_llc dtherm ida arat pln pts md_clear spec_ctrl intel_stibp flush_l1d
bogomips	: 4793.27
clflush size	: 64
cache_alignment	: 64
address sizes	: 46 bits physical, 48 bits virtual
power management:

processor	: 10
vendor_id	: GenuineIntel
cpu family	: 6
model		: 63
model name	: Intel(R) Xeon(R) CPU E5-2630 v3 @ 2.40GHz
stepping	: 2
microcode	: 0x43
cpu MHz		: 1399.951
cache size	: 20480 KB
physical id	: 1
siblings	: 16
core id		: 2
cpu cores	: 8
apicid		: 20
initial apicid	: 20
fpu		: yes
fpu_exception	: yes
cpuid level	: 15
wp		: yes
flags		: fpu vme de pse tsc msr pae mce cx8 apic sep mtrr pge mca cmov pat pse36 clflush dts acpi mmx fxsr sse sse2 ss ht tm pbe syscall nx pdpe1gb rdtscp lm constant_tsc arch_perfmon pebs bts rep_good nopl xtopology nonstop_tsc aperfmperf eagerfpu pni pclmulqdq dtes64 monitor ds_cpl vmx smx est tm2 ssse3 sdbg fma cx16 xtpr pdcm pcid dca sse4_1 sse4_2 x2apic movbe popcnt tsc_deadline_timer aes xsave avx f16c rdrand lahf_lm abm epb intel_ppin ssbd ibrs ibpb stibp tpr_shadow vnmi flexpriority ept vpid fsgsbase tsc_adjust bmi1 avx2 smep bmi2 erms invpcid cqm xsaveopt cqm_llc cqm_occup_llc dtherm ida arat pln pts md_clear spec_ctrl intel_stibp flush_l1d
bogomips	: 4793.27
clflush size	: 64
cache_alignment	: 64
address sizes	: 46 bits physical, 48 bits virtual
power management:

processor	: 11
vendor_id	: GenuineIntel
cpu family	: 6
model		: 63
model name	: Intel(R) Xeon(R) CPU E5-2630 v3 @ 2.40GHz
stepping	: 2
microcode	: 0x43
cpu MHz		: 1491.796
cache size	: 20480 KB
physical id	: 1
siblings	: 16
core id		: 3
cpu cores	: 8
apicid		: 22
initial apicid	: 22
fpu		: yes
fpu_exception	: yes
cpuid level	: 15
wp		: yes
flags		: fpu vme de pse tsc msr pae mce cx8 apic sep mtrr pge mca cmov pat pse36 clflush dts acpi mmx fxsr sse sse2 ss ht tm pbe syscall nx pdpe1gb rdtscp lm constant_tsc arch_perfmon pebs bts rep_good nopl xtopology nonstop_tsc aperfmperf eagerfpu pni pclmulqdq dtes64 monitor ds_cpl vmx smx est tm2 ssse3 sdbg fma cx16 xtpr pdcm pcid dca sse4_1 sse4_2 x2apic movbe popcnt tsc_deadline_timer aes xsave avx f16c rdrand lahf_lm abm epb intel_ppin ssbd ibrs ibpb stibp tpr_shadow vnmi flexpriority ept vpid fsgsbase tsc_adjust bmi1 avx2 smep bmi2 erms invpcid cqm xsaveopt cqm_llc cqm_occup_llc dtherm ida arat pln pts md_clear spec_ctrl intel_stibp flush_l1d
bogomips	: 4793.27
clflush size	: 64
cache_alignment	: 64
address sizes	: 46 bits physical, 48 bits virtual
power management:

processor	: 12
vendor_id	: GenuineIntel
cpu family	: 6
model		: 63
model name	: Intel(R) Xeon(R) CPU E5-2630 v3 @ 2.40GHz
stepping	: 2
microcode	: 0x43
cpu MHz		: 1399.218
cache size	: 20480 KB
physical id	: 1
siblings	: 16
core id		: 4
cpu cores	: 8
apicid		: 24
initial apicid	: 24
fpu		: yes
fpu_exception	: yes
cpuid level	: 15
wp		: yes
flags		: fpu vme de pse tsc msr pae mce cx8 apic sep mtrr pge mca cmov pat pse36 clflush dts acpi mmx fxsr sse sse2 ss ht tm pbe syscall nx pdpe1gb rdtscp lm constant_tsc arch_perfmon pebs bts rep_good nopl xtopology nonstop_tsc aperfmperf eagerfpu pni pclmulqdq dtes64 monitor ds_cpl vmx smx est tm2 ssse3 sdbg fma cx16 xtpr pdcm pcid dca sse4_1 sse4_2 x2apic movbe popcnt tsc_deadline_timer aes xsave avx f16c rdrand lahf_lm abm epb intel_ppin ssbd ibrs ibpb stibp tpr_shadow vnmi flexpriority ept vpid fsgsbase tsc_adjust bmi1 avx2 smep bmi2 erms invpcid cqm xsaveopt cqm_llc cqm_occup_llc dtherm ida arat pln pts md_clear spec_ctrl intel_stibp flush_l1d
bogomips	: 4793.27
clflush size	: 64
cache_alignment	: 64
address sizes	: 46 bits physical, 48 bits virtual
power management:

processor	: 13
vendor_id	: GenuineIntel
cpu family	: 6
model		: 63
model name	: Intel(R) Xeon(R) CPU E5-2630 v3 @ 2.40GHz
stepping	: 2
microcode	: 0x43
cpu MHz		: 1403.466
cache size	: 20480 KB
physical id	: 1
siblings	: 16
core id		: 5
cpu cores	: 8
apicid		: 26
initial apicid	: 26
fpu		: yes
fpu_exception	: yes
cpuid level	: 15
wp		: yes
flags		: fpu vme de pse tsc msr pae mce cx8 apic sep mtrr pge mca cmov pat pse36 clflush dts acpi mmx fxsr sse sse2 ss ht tm pbe syscall nx pdpe1gb rdtscp lm constant_tsc arch_perfmon pebs bts rep_good nopl xtopology nonstop_tsc aperfmperf eagerfpu pni pclmulqdq dtes64 monitor ds_cpl vmx smx est tm2 ssse3 sdbg fma cx16 xtpr pdcm pcid dca sse4_1 sse4_2 x2apic movbe popcnt tsc_deadline_timer aes xsave avx f16c rdrand lahf_lm abm epb intel_ppin ssbd ibrs ibpb stibp tpr_shadow vnmi flexpriority ept vpid fsgsbase tsc_adjust bmi1 avx2 smep bmi2 erms invpcid cqm xsaveopt cqm_llc cqm_occup_llc dtherm ida arat pln pts md_clear spec_ctrl intel_stibp flush_l1d
bogomips	: 4793.27
clflush size	: 64
cache_alignment	: 64
address sizes	: 46 bits physical, 48 bits virtual
power management:

processor	: 14
vendor_id	: GenuineIntel
cpu family	: 6
model		: 63
model name	: Intel(R) Xeon(R) CPU E5-2630 v3 @ 2.40GHz
stepping	: 2
microcode	: 0x43
cpu MHz		: 1656.005
cache size	: 20480 KB
physical id	: 1
siblings	: 16
core id		: 6
cpu cores	: 8
apicid		: 28
initial apicid	: 28
fpu		: yes
fpu_exception	: yes
cpuid level	: 15
wp		: yes
flags		: fpu vme de pse tsc msr pae mce cx8 apic sep mtrr pge mca cmov pat pse36 clflush dts acpi mmx fxsr sse sse2 ss ht tm pbe syscall nx pdpe1gb rdtscp lm constant_tsc arch_perfmon pebs bts rep_good nopl xtopology nonstop_tsc aperfmperf eagerfpu pni pclmulqdq dtes64 monitor ds_cpl vmx smx est tm2 ssse3 sdbg fma cx16 xtpr pdcm pcid dca sse4_1 sse4_2 x2apic movbe popcnt tsc_deadline_timer aes xsave avx f16c rdrand lahf_lm abm epb intel_ppin ssbd ibrs ibpb stibp tpr_shadow vnmi flexpriority ept vpid fsgsbase tsc_adjust bmi1 avx2 smep bmi2 erms invpcid cqm xsaveopt cqm_llc cqm_occup_llc dtherm ida arat pln pts md_clear spec_ctrl intel_stibp flush_l1d
bogomips	: 4793.27
clflush size	: 64
cache_alignment	: 64
address sizes	: 46 bits physical, 48 bits virtual
power management:

processor	: 15
vendor_id	: GenuineIntel
cpu family	: 6
model		: 63
model name	: Intel(R) Xeon(R) CPU E5-2630 v3 @ 2.40GHz
stepping	: 2
microcode	: 0x43
cpu MHz		: 1499.707
cache size	: 20480 KB
physical id	: 1
siblings	: 16
core id		: 7
cpu cores	: 8
apicid		: 30
initial apicid	: 30
fpu		: yes
fpu_exception	: yes
cpuid level	: 15
wp		: yes
flags		: fpu vme de pse tsc msr pae mce cx8 apic sep mtrr pge mca cmov pat pse36 clflush dts acpi mmx fxsr sse sse2 ss ht tm pbe syscall nx pdpe1gb rdtscp lm constant_tsc arch_perfmon pebs bts rep_good nopl xtopology nonstop_tsc aperfmperf eagerfpu pni pclmulqdq dtes64 monitor ds_cpl vmx smx est tm2 ssse3 sdbg fma cx16 xtpr pdcm pcid dca sse4_1 sse4_2 x2apic movbe popcnt tsc_deadline_timer aes xsave avx f16c rdrand lahf_lm abm epb intel_ppin ssbd ibrs ibpb stibp tpr_shadow vnmi flexpriority ept vpid fsgsbase tsc_adjust bmi1 avx2 smep bmi2 erms invpcid cqm xsaveopt cqm_llc cqm_occup_llc dtherm ida arat pln pts md_clear spec_ctrl intel_stibp flush_l1d
bogomips	: 4793.27
clflush size	: 64
cache_alignment	: 64
address sizes	: 46 bits physical, 48 bits virtual
power management:

processor	: 16
vendor_id	: GenuineIntel
cpu family	: 6
model		: 63
model name	: Intel(R) Xeon(R) CPU E5-2630 v3 @ 2.40GHz
stepping	: 2
microcode	: 0x43
cpu MHz		: 1564.160
cache size	: 20480 KB
physical id	: 0
siblings	: 16
core id		: 0
cpu cores	: 8
apicid		: 1
initial apicid	: 1
fpu		: yes
fpu_exception	: yes
cpuid level	: 15
wp		: yes
flags		: fpu vme de pse tsc msr pae mce cx8 apic sep mtrr pge mca cmov pat pse36 clflush dts acpi mmx fxsr sse sse2 ss ht tm pbe syscall nx pdpe1gb rdtscp lm constant_tsc arch_perfmon pebs bts rep_good nopl xtopology nonstop_tsc aperfmperf eagerfpu pni pclmulqdq dtes64 monitor ds_cpl vmx smx est tm2 ssse3 sdbg fma cx16 xtpr pdcm pcid dca sse4_1 sse4_2 x2apic movbe popcnt tsc_deadline_timer aes xsave avx f16c rdrand lahf_lm abm epb intel_ppin ssbd ibrs ibpb stibp tpr_shadow vnmi flexpriority ept vpid fsgsbase tsc_adjust bmi1 avx2 smep bmi2 erms invpcid cqm xsaveopt cqm_llc cqm_occup_llc dtherm ida arat pln pts md_clear spec_ctrl intel_stibp flush_l1d
bogomips	: 4788.16
clflush size	: 64
cache_alignment	: 64
address sizes	: 46 bits physical, 48 bits virtual
power management:

processor	: 17
vendor_id	: GenuineIntel
cpu family	: 6
model		: 63
model name	: Intel(R) Xeon(R) CPU E5-2630 v3 @ 2.40GHz
stepping	: 2
microcode	: 0x43
cpu MHz		: 2400.000
cache size	: 20480 KB
physical id	: 0
siblings	: 16
core id		: 1
cpu cores	: 8
apicid		: 3
initial apicid	: 3
fpu		: yes
fpu_exception	: yes
cpuid level	: 15
wp		: yes
flags		: fpu vme de pse tsc msr pae mce cx8 apic sep mtrr pge mca cmov pat pse36 clflush dts acpi mmx fxsr sse sse2 ss ht tm pbe syscall nx pdpe1gb rdtscp lm constant_tsc arch_perfmon pebs bts rep_good nopl xtopology nonstop_tsc aperfmperf eagerfpu pni pclmulqdq dtes64 monitor ds_cpl vmx smx est tm2 ssse3 sdbg fma cx16 xtpr pdcm pcid dca sse4_1 sse4_2 x2apic movbe popcnt tsc_deadline_timer aes xsave avx f16c rdrand lahf_lm abm epb intel_ppin ssbd ibrs ibpb stibp tpr_shadow vnmi flexpriority ept vpid fsgsbase tsc_adjust bmi1 avx2 smep bmi2 erms invpcid cqm xsaveopt cqm_llc cqm_occup_llc dtherm ida arat pln pts md_clear spec_ctrl intel_stibp flush_l1d
bogomips	: 4788.16
clflush size	: 64
cache_alignment	: 64
address sizes	: 46 bits physical, 48 bits virtual
power management:

processor	: 18
vendor_id	: GenuineIntel
cpu family	: 6
model		: 63
model name	: Intel(R) Xeon(R) CPU E5-2630 v3 @ 2.40GHz
stepping	: 2
microcode	: 0x43
cpu MHz		: 2399.853
cache size	: 20480 KB
physical id	: 0
siblings	: 16
core id		: 2
cpu cores	: 8
apicid		: 5
initial apicid	: 5
fpu		: yes
fpu_exception	: yes
cpuid level	: 15
wp		: yes
flags		: fpu vme de pse tsc msr pae mce cx8 apic sep mtrr pge mca cmov pat pse36 clflush dts acpi mmx fxsr sse sse2 ss ht tm pbe syscall nx pdpe1gb rdtscp lm constant_tsc arch_perfmon pebs bts rep_good nopl xtopology nonstop_tsc aperfmperf eagerfpu pni pclmulqdq dtes64 monitor ds_cpl vmx smx est tm2 ssse3 sdbg fma cx16 xtpr pdcm pcid dca sse4_1 sse4_2 x2apic movbe popcnt tsc_deadline_timer aes xsave avx f16c rdrand lahf_lm abm epb intel_ppin ssbd ibrs ibpb stibp tpr_shadow vnmi flexpriority ept vpid fsgsbase tsc_adjust bmi1 avx2 smep bmi2 erms invpcid cqm xsaveopt cqm_llc cqm_occup_llc dtherm ida arat pln pts md_clear spec_ctrl intel_stibp flush_l1d
bogomips	: 4788.16
clflush size	: 64
cache_alignment	: 64
address sizes	: 46 bits physical, 48 bits virtual
power management:

processor	: 19
vendor_id	: GenuineIntel
cpu family	: 6
model		: 63
model name	: Intel(R) Xeon(R) CPU E5-2630 v3 @ 2.40GHz
stepping	: 2
microcode	: 0x43
cpu MHz		: 2400.146
cache size	: 20480 KB
physical id	: 0
siblings	: 16
core id		: 3
cpu cores	: 8
apicid		: 7
initial apicid	: 7
fpu		: yes
fpu_exception	: yes
cpuid level	: 15
wp		: yes
flags		: fpu vme de pse tsc msr pae mce cx8 apic sep mtrr pge mca cmov pat pse36 clflush dts acpi mmx fxsr sse sse2 ss ht tm pbe syscall nx pdpe1gb rdtscp lm constant_tsc arch_perfmon pebs bts rep_good nopl xtopology nonstop_tsc aperfmperf eagerfpu pni pclmulqdq dtes64 monitor ds_cpl vmx smx est tm2 ssse3 sdbg fma cx16 xtpr pdcm pcid dca sse4_1 sse4_2 x2apic movbe popcnt tsc_deadline_timer aes xsave avx f16c rdrand lahf_lm abm epb intel_ppin ssbd ibrs ibpb stibp tpr_shadow vnmi flexpriority ept vpid fsgsbase tsc_adjust bmi1 avx2 smep bmi2 erms invpcid cqm xsaveopt cqm_llc cqm_occup_llc dtherm ida arat pln pts md_clear spec_ctrl intel_stibp flush_l1d
bogomips	: 4788.16
clflush size	: 64
cache_alignment	: 64
address sizes	: 46 bits physical, 48 bits virtual
power management:

processor	: 20
vendor_id	: GenuineIntel
cpu family	: 6
model		: 63
model name	: Intel(R) Xeon(R) CPU E5-2630 v3 @ 2.40GHz
stepping	: 2
microcode	: 0x43
cpu MHz		: 1855.078
cache size	: 20480 KB
physical id	: 0
siblings	: 16
core id		: 4
cpu cores	: 8
apicid		: 9
initial apicid	: 9
fpu		: yes
fpu_exception	: yes
cpuid level	: 15
wp		: yes
flags		: fpu vme de pse tsc msr pae mce cx8 apic sep mtrr pge mca cmov pat pse36 clflush dts acpi mmx fxsr sse sse2 ss ht tm pbe syscall nx pdpe1gb rdtscp lm constant_tsc arch_perfmon pebs bts rep_good nopl xtopology nonstop_tsc aperfmperf eagerfpu pni pclmulqdq dtes64 monitor ds_cpl vmx smx est tm2 ssse3 sdbg fma cx16 xtpr pdcm pcid dca sse4_1 sse4_2 x2apic movbe popcnt tsc_deadline_timer aes xsave avx f16c rdrand lahf_lm abm epb intel_ppin ssbd ibrs ibpb stibp tpr_shadow vnmi flexpriority ept vpid fsgsbase tsc_adjust bmi1 avx2 smep bmi2 erms invpcid cqm xsaveopt cqm_llc cqm_occup_llc dtherm ida arat pln pts md_clear spec_ctrl intel_stibp flush_l1d
bogomips	: 4788.16
clflush size	: 64
cache_alignment	: 64
address sizes	: 46 bits physical, 48 bits virtual
power management:

processor	: 21
vendor_id	: GenuineIntel
cpu family	: 6
model		: 63
model name	: Intel(R) Xeon(R) CPU E5-2630 v3 @ 2.40GHz
stepping	: 2
microcode	: 0x43
cpu MHz		: 1404.345
cache size	: 20480 KB
physical id	: 0
siblings	: 16
core id		: 5
cpu cores	: 8
apicid		: 11
initial apicid	: 11
fpu		: yes
fpu_exception	: yes
cpuid level	: 15
wp		: yes
flags		: fpu vme de pse tsc msr pae mce cx8 apic sep mtrr pge mca cmov pat pse36 clflush dts acpi mmx fxsr sse sse2 ss ht tm pbe syscall nx pdpe1gb rdtscp lm constant_tsc arch_perfmon pebs bts rep_good nopl xtopology nonstop_tsc aperfmperf eagerfpu pni pclmulqdq dtes64 monitor ds_cpl vmx smx est tm2 ssse3 sdbg fma cx16 xtpr pdcm pcid dca sse4_1 sse4_2 x2apic movbe popcnt tsc_deadline_timer aes xsave avx f16c rdrand lahf_lm abm epb intel_ppin ssbd ibrs ibpb stibp tpr_shadow vnmi flexpriority ept vpid fsgsbase tsc_adjust bmi1 avx2 smep bmi2 erms invpcid cqm xsaveopt cqm_llc cqm_occup_llc dtherm ida arat pln pts md_clear spec_ctrl intel_stibp flush_l1d
bogomips	: 4788.16
clflush size	: 64
cache_alignment	: 64
address sizes	: 46 bits physical, 48 bits virtual
power management:

processor	: 22
vendor_id	: GenuineIntel
cpu family	: 6
model		: 63
model name	: Intel(R) Xeon(R) CPU E5-2630 v3 @ 2.40GHz
stepping	: 2
microcode	: 0x43
cpu MHz		: 1580.859
cache size	: 20480 KB
physical id	: 0
siblings	: 16
core id		: 6
cpu cores	: 8
apicid		: 13
initial apicid	: 13
fpu		: yes
fpu_exception	: yes
cpuid level	: 15
wp		: yes
flags		: fpu vme de pse tsc msr pae mce cx8 apic sep mtrr pge mca cmov pat pse36 clflush dts acpi mmx fxsr sse sse2 ss ht tm pbe syscall nx pdpe1gb rdtscp lm constant_tsc arch_perfmon pebs bts rep_good nopl xtopology nonstop_tsc aperfmperf eagerfpu pni pclmulqdq dtes64 monitor ds_cpl vmx smx est tm2 ssse3 sdbg fma cx16 xtpr pdcm pcid dca sse4_1 sse4_2 x2apic movbe popcnt tsc_deadline_timer aes xsave avx f16c rdrand lahf_lm abm epb intel_ppin ssbd ibrs ibpb stibp tpr_shadow vnmi flexpriority ept vpid fsgsbase tsc_adjust bmi1 avx2 smep bmi2 erms invpcid cqm xsaveopt cqm_llc cqm_occup_llc dtherm ida arat pln pts md_clear spec_ctrl intel_stibp flush_l1d
bogomips	: 4788.16
clflush size	: 64
cache_alignment	: 64
address sizes	: 46 bits physical, 48 bits virtual
power management:

processor	: 23
vendor_id	: GenuineIntel
cpu family	: 6
model		: 63
model name	: Intel(R) Xeon(R) CPU E5-2630 v3 @ 2.40GHz
stepping	: 2
microcode	: 0x43
cpu MHz		: 1681.933
cache size	: 20480 KB
physical id	: 0
siblings	: 16
core id		: 7
cpu cores	: 8
apicid		: 15
initial apicid	: 15
fpu		: yes
fpu_exception	: yes
cpuid level	: 15
wp		: yes
flags		: fpu vme de pse tsc msr pae mce cx8 apic sep mtrr pge mca cmov pat pse36 clflush dts acpi mmx fxsr sse sse2 ss ht tm pbe syscall nx pdpe1gb rdtscp lm constant_tsc arch_perfmon pebs bts rep_good nopl xtopology nonstop_tsc aperfmperf eagerfpu pni pclmulqdq dtes64 monitor ds_cpl vmx smx est tm2 ssse3 sdbg fma cx16 xtpr pdcm pcid dca sse4_1 sse4_2 x2apic movbe popcnt tsc_deadline_timer aes xsave avx f16c rdrand lahf_lm abm epb intel_ppin ssbd ibrs ibpb stibp tpr_shadow vnmi flexpriority ept vpid fsgsbase tsc_adjust bmi1 avx2 smep bmi2 erms invpcid cqm xsaveopt cqm_llc cqm_occup_llc dtherm ida arat pln pts md_clear spec_ctrl intel_stibp flush_l1d
bogomips	: 4788.16
clflush size	: 64
cache_alignment	: 64
address sizes	: 46 bits physical, 48 bits virtual
power management:

processor	: 24
vendor_id	: GenuineIntel
cpu family	: 6
model		: 63
model name	: Intel(R) Xeon(R) CPU E5-2630 v3 @ 2.40GHz
stepping	: 2
microcode	: 0x43
cpu MHz		: 1278.662
cache size	: 20480 KB
physical id	: 1
siblings	: 16
core id		: 0
cpu cores	: 8
apicid		: 17
initial apicid	: 17
fpu		: yes
fpu_exception	: yes
cpuid level	: 15
wp		: yes
flags		: fpu vme de pse tsc msr pae mce cx8 apic sep mtrr pge mca cmov pat pse36 clflush dts acpi mmx fxsr sse sse2 ss ht tm pbe syscall nx pdpe1gb rdtscp lm constant_tsc arch_perfmon pebs bts rep_good nopl xtopology nonstop_tsc aperfmperf eagerfpu pni pclmulqdq dtes64 monitor ds_cpl vmx smx est tm2 ssse3 sdbg fma cx16 xtpr pdcm pcid dca sse4_1 sse4_2 x2apic movbe popcnt tsc_deadline_timer aes xsave avx f16c rdrand lahf_lm abm epb intel_ppin ssbd ibrs ibpb stibp tpr_shadow vnmi flexpriority ept vpid fsgsbase tsc_adjust bmi1 avx2 smep bmi2 erms invpcid cqm xsaveopt cqm_llc cqm_occup_llc dtherm ida arat pln pts md_clear spec_ctrl intel_stibp flush_l1d
bogomips	: 4793.27
clflush size	: 64
cache_alignment	: 64
address sizes	: 46 bits physical, 48 bits virtual
power management:

processor	: 25
vendor_id	: GenuineIntel
cpu family	: 6
model		: 63
model name	: Intel(R) Xeon(R) CPU E5-2630 v3 @ 2.40GHz
stepping	: 2
microcode	: 0x43
cpu MHz		: 1491.064
cache size	: 20480 KB
physical id	: 1
siblings	: 16
core id		: 1
cpu cores	: 8
apicid		: 19
initial apicid	: 19
fpu		: yes
fpu_exception	: yes
cpuid level	: 15
wp		: yes
flags		: fpu vme de pse tsc msr pae mce cx8 apic sep mtrr pge mca cmov pat pse36 clflush dts acpi mmx fxsr sse sse2 ss ht tm pbe syscall nx pdpe1gb rdtscp lm constant_tsc arch_perfmon pebs bts rep_good nopl xtopology nonstop_tsc aperfmperf eagerfpu pni pclmulqdq dtes64 monitor ds_cpl vmx smx est tm2 ssse3 sdbg fma cx16 xtpr pdcm pcid dca sse4_1 sse4_2 x2apic movbe popcnt tsc_deadline_timer aes xsave avx f16c rdrand lahf_lm abm epb intel_ppin ssbd ibrs ibpb stibp tpr_shadow vnmi flexpriority ept vpid fsgsbase tsc_adjust bmi1 avx2 smep bmi2 erms invpcid cqm xsaveopt cqm_llc cqm_occup_llc dtherm ida arat pln pts md_clear spec_ctrl intel_stibp flush_l1d
bogomips	: 4793.27
clflush size	: 64
cache_alignment	: 64
address sizes	: 46 bits physical, 48 bits virtual
power management:

processor	: 26
vendor_id	: GenuineIntel
cpu family	: 6
model		: 63
model name	: Intel(R) Xeon(R) CPU E5-2630 v3 @ 2.40GHz
stepping	: 2
microcode	: 0x43
cpu MHz		: 1302.832
cache size	: 20480 KB
physical id	: 1
siblings	: 16
core id		: 2
cpu cores	: 8
apicid		: 21
initial apicid	: 21
fpu		: yes
fpu_exception	: yes
cpuid level	: 15
wp		: yes
flags		: fpu vme de pse tsc msr pae mce cx8 apic sep mtrr pge mca cmov pat pse36 clflush dts acpi mmx fxsr sse sse2 ss ht tm pbe syscall nx pdpe1gb rdtscp lm constant_tsc arch_perfmon pebs bts rep_good nopl xtopology nonstop_tsc aperfmperf eagerfpu pni pclmulqdq dtes64 monitor ds_cpl vmx smx est tm2 ssse3 sdbg fma cx16 xtpr pdcm pcid dca sse4_1 sse4_2 x2apic movbe popcnt tsc_deadline_timer aes xsave avx f16c rdrand lahf_lm abm epb intel_ppin ssbd ibrs ibpb stibp tpr_shadow vnmi flexpriority ept vpid fsgsbase tsc_adjust bmi1 avx2 smep bmi2 erms invpcid cqm xsaveopt cqm_llc cqm_occup_llc dtherm ida arat pln pts md_clear spec_ctrl intel_stibp flush_l1d
bogomips	: 4793.27
clflush size	: 64
cache_alignment	: 64
address sizes	: 46 bits physical, 48 bits virtual
power management:

processor	: 27
vendor_id	: GenuineIntel
cpu family	: 6
model		: 63
model name	: Intel(R) Xeon(R) CPU E5-2630 v3 @ 2.40GHz
stepping	: 2
microcode	: 0x43
cpu MHz		: 1599.902
cache size	: 20480 KB
physical id	: 1
siblings	: 16
core id		: 3
cpu cores	: 8
apicid		: 23
initial apicid	: 23
fpu		: yes
fpu_exception	: yes
cpuid level	: 15
wp		: yes
flags		: fpu vme de pse tsc msr pae mce cx8 apic sep mtrr pge mca cmov pat pse36 clflush dts acpi mmx fxsr sse sse2 ss ht tm pbe syscall nx pdpe1gb rdtscp lm constant_tsc arch_perfmon pebs bts rep_good nopl xtopology nonstop_tsc aperfmperf eagerfpu pni pclmulqdq dtes64 monitor ds_cpl vmx smx est tm2 ssse3 sdbg fma cx16 xtpr pdcm pcid dca sse4_1 sse4_2 x2apic movbe popcnt tsc_deadline_timer aes xsave avx f16c rdrand lahf_lm abm epb intel_ppin ssbd ibrs ibpb stibp tpr_shadow vnmi flexpriority ept vpid fsgsbase tsc_adjust bmi1 avx2 smep bmi2 erms invpcid cqm xsaveopt cqm_llc cqm_occup_llc dtherm ida arat pln pts md_clear spec_ctrl intel_stibp flush_l1d
bogomips	: 4793.27
clflush size	: 64
cache_alignment	: 64
address sizes	: 46 bits physical, 48 bits virtual
power management:

processor	: 28
vendor_id	: GenuineIntel
cpu family	: 6
model		: 63
model name	: Intel(R) Xeon(R) CPU E5-2630 v3 @ 2.40GHz
stepping	: 2
microcode	: 0x43
cpu MHz		: 1246.142
cache size	: 20480 KB
physical id	: 1
siblings	: 16
core id		: 4
cpu cores	: 8
apicid		: 25
initial apicid	: 25
fpu		: yes
fpu_exception	: yes
cpuid level	: 15
wp		: yes
flags		: fpu vme de pse tsc msr pae mce cx8 apic sep mtrr pge mca cmov pat pse36 clflush dts acpi mmx fxsr sse sse2 ss ht tm pbe syscall nx pdpe1gb rdtscp lm constant_tsc arch_perfmon pebs bts rep_good nopl xtopology nonstop_tsc aperfmperf eagerfpu pni pclmulqdq dtes64 monitor ds_cpl vmx smx est tm2 ssse3 sdbg fma cx16 xtpr pdcm pcid dca sse4_1 sse4_2 x2apic movbe popcnt tsc_deadline_timer aes xsave avx f16c rdrand lahf_lm abm epb intel_ppin ssbd ibrs ibpb stibp tpr_shadow vnmi flexpriority ept vpid fsgsbase tsc_adjust bmi1 avx2 smep bmi2 erms invpcid cqm xsaveopt cqm_llc cqm_occup_llc dtherm ida arat pln pts md_clear spec_ctrl intel_stibp flush_l1d
bogomips	: 4793.27
clflush size	: 64
cache_alignment	: 64
address sizes	: 46 bits physical, 48 bits virtual
power management:

processor	: 29
vendor_id	: GenuineIntel
cpu family	: 6
model		: 63
model name	: Intel(R) Xeon(R) CPU E5-2630 v3 @ 2.40GHz
stepping	: 2
microcode	: 0x43
cpu MHz		: 1208.789
cache size	: 20480 KB
physical id	: 1
siblings	: 16
core id		: 5
cpu cores	: 8
apicid		: 27
initial apicid	: 27
fpu		: yes
fpu_exception	: yes
cpuid level	: 15
wp		: yes
flags		: fpu vme de pse tsc msr pae mce cx8 apic sep mtrr pge mca cmov pat pse36 clflush dts acpi mmx fxsr sse sse2 ss ht tm pbe syscall nx pdpe1gb rdtscp lm constant_tsc arch_perfmon pebs bts rep_good nopl xtopology nonstop_tsc aperfmperf eagerfpu pni pclmulqdq dtes64 monitor ds_cpl vmx smx est tm2 ssse3 sdbg fma cx16 xtpr pdcm pcid dca sse4_1 sse4_2 x2apic movbe popcnt tsc_deadline_timer aes xsave avx f16c rdrand lahf_lm abm epb intel_ppin ssbd ibrs ibpb stibp tpr_shadow vnmi flexpriority ept vpid fsgsbase tsc_adjust bmi1 avx2 smep bmi2 erms invpcid cqm xsaveopt cqm_llc cqm_occup_llc dtherm ida arat pln pts md_clear spec_ctrl intel_stibp flush_l1d
bogomips	: 4793.27
clflush size	: 64
cache_alignment	: 64
address sizes	: 46 bits physical, 48 bits virtual
power management:

processor	: 30
vendor_id	: GenuineIntel
cpu family	: 6
model		: 63
model name	: Intel(R) Xeon(R) CPU E5-2630 v3 @ 2.40GHz
stepping	: 2
microcode	: 0x43
cpu MHz		: 1695.703
cache size	: 20480 KB
physical id	: 1
siblings	: 16
core id		: 6
cpu cores	: 8
apicid		: 29
initial apicid	: 29
fpu		: yes
fpu_exception	: yes
cpuid level	: 15
wp		: yes
flags		: fpu vme de pse tsc msr pae mce cx8 apic sep mtrr pge mca cmov pat pse36 clflush dts acpi mmx fxsr sse sse2 ss ht tm pbe syscall nx pdpe1gb rdtscp lm constant_tsc arch_perfmon pebs bts rep_good nopl xtopology nonstop_tsc aperfmperf eagerfpu pni pclmulqdq dtes64 monitor ds_cpl vmx smx est tm2 ssse3 sdbg fma cx16 xtpr pdcm pcid dca sse4_1 sse4_2 x2apic movbe popcnt tsc_deadline_timer aes xsave avx f16c rdrand lahf_lm abm epb intel_ppin ssbd ibrs ibpb stibp tpr_shadow vnmi flexpriority ept vpid fsgsbase tsc_adjust bmi1 avx2 smep bmi2 erms invpcid cqm xsaveopt cqm_llc cqm_occup_llc dtherm ida arat pln pts md_clear spec_ctrl intel_stibp flush_l1d
bogomips	: 4793.27
clflush size	: 64
cache_alignment	: 64
address sizes	: 46 bits physical, 48 bits virtual
power management:

processor	: 31
vendor_id	: GenuineIntel
cpu family	: 6
model		: 63
model name	: Intel(R) Xeon(R) CPU E5-2630 v3 @ 2.40GHz
stepping	: 2
microcode	: 0x43
cpu MHz		: 1400.683
cache size	: 20480 KB
physical id	: 1
siblings	: 16
core id		: 7
cpu cores	: 8
apicid		: 31
initial apicid	: 31
fpu		: yes
fpu_exception	: yes
cpuid level	: 15
wp		: yes
flags		: fpu vme de pse tsc msr pae mce cx8 apic sep mtrr pge mca cmov pat pse36 clflush dts acpi mmx fxsr sse sse2 ss ht tm pbe syscall nx pdpe1gb rdtscp lm constant_tsc arch_perfmon pebs bts rep_good nopl xtopology nonstop_tsc aperfmperf eagerfpu pni pclmulqdq dtes64 monitor ds_cpl vmx smx est tm2 ssse3 sdbg fma cx16 xtpr pdcm pcid dca sse4_1 sse4_2 x2apic movbe popcnt tsc_deadline_timer aes xsave avx f16c rdrand lahf_lm abm epb intel_ppin ssbd ibrs ibpb stibp tpr_shadow vnmi flexpriority ept vpid fsgsbase tsc_adjust bmi1 avx2 smep bmi2 erms invpcid cqm xsaveopt cqm_llc cqm_occup_llc dtherm ida arat pln pts md_clear spec_ctrl intel_stibp flush_l1d
bogomips	: 4793.27
clflush size	: 64
cache_alignment	: 64
address sizes	: 46 bits physical, 48 bits virtual
power management:



Memory: 4k page, physical 263864180k(11656680k free), swap 0k(0k free)

vm_info: OpenJDK 64-Bit Server VM (25.212-b04) for linux-amd64 JRE (1.8.0_212-b04), built on Aug 12 2019 13:15:31 by "buildozer" with gcc 6.4.0

time: Sun Oct 13 08:55:07 2019
timezone: UTC
elapsed time: 6 seconds (0d 0h 0m 6s)

