#
# A fatal error has been detected by the Java Runtime Environment:
#
#  SIGSEGV (0xb) at pc=0x00007fe52d1b7810, pid=13540, tid=0x00007fe510730ae0
#
# JRE version: OpenJDK Runtime Environment (8.0_212-b04) (build 1.8.0_212-b04)
# Java VM: OpenJDK 64-Bit Server VM (25.212-b04 mixed mode linux-amd64 compressed oops)
# Derivative: IcedTea 3.12.0
# Distribution: Custom build (Mon Aug 12 12:56:32 UTC 2019)
# Problematic frame:
# C  [ld-musl-x86_64.so.1+0x53810]  pthread_setname_np+0x5e
#
# Core dump written. Default location: /workdir/hadoop-ozone/ozone-manager/core or core.13540
#
# If you would like to submit a bug report, please include
# instructions on how to reproduce the bug and visit:
#   https://icedtea.classpath.org/bugzilla
#

---------------  T H R E A D  ---------------

Current thread is native thread

siginfo: si_signo: 11 (SIGSEGV), si_code: 1 (SEGV_MAPERR), si_addr: 0x0000000000000038

Registers:
RAX=0x00007fe510730ae0, RBX=0x0000000000000022, RCX=0x0000000000000000, RDX=0x0000000000000000
RSP=0x00007fe510730680, RBP=0x0000000000000000, RSI=0x0000000000000000, RDI=0xfeff73725e73726f
R8 =0x0000000000000000, R9 =0x8080808080808080, R10=0xfefefefefefefeff, R11=0x0000000000000212
R12=0x0000561d847f98d8, R13=0x000000000000000e, R14=0x00007fe510730ae0, R15=0x00007fe52d3f0ae8
RIP=0x00007fe52d1b7810, EFLAGS=0x0000000000010202, CSGSFS=0x0000000000000033, ERR=0x0000000000000004
  TRAPNO=0x000000000000000e

Top of Stack: (sp=0x00007fe510730680)
0x00007fe510730680:   0000000000000000 0000000000000000
0x00007fe510730690:   0000000000000000 0000000000000000
0x00007fe5107306a0:   0000000000000000 0000000000000000
0x00007fe5107306b0:   0000000000000000 0000561d84ee92e0
0x00007fe5107306c0:   00007fe510730710 0000000000000000
0x00007fe5107306d0:   0000561d84ee9320 00007fe50fddfec9
0x00007fe5107306e0:   0000000000000000 0000561d84e60bc0
0x00007fe5107306f0:   0000000000000000 00007fe510730760
0x00007fe510730700:   00007fe510730ae0 00007fe52d3f0ae8
0x00007fe510730710:   0000000000000000 00007fe52bfe7f41
0x00007fe510730720:   0000000000000000 00007fe510730ae0
0x00007fe510730730:   0000000000000000 00007fe52d1b66c2
0x00007fe510730740:   0000000000000000 0000000000000000
0x00007fe510730750:   0000000000017000 00007fe52d1b85b1
0x00007fe510730760:   0000000000000002 00007fe510730ac0
0x00007fe510730770:   00007fe510730790 0000000000000000
0x00007fe510730780:   0000000000000000 0000000000000000
0x00007fe510730790:   0000000000000002 0000000000000000
0x00007fe5107307a0:   0000000000000000 0000000000000000
0x00007fe5107307b0:   0000000000000000 0000000000000000
0x00007fe5107307c0:   0000000000000000 0000000000000000
0x00007fe5107307d0:   0000000000000000 0000000000000000
0x00007fe5107307e0:   0000000000000000 0000000000000000
0x00007fe5107307f0:   0000000000000000 0000000000000000
0x00007fe510730800:   0000000000000000 0000000000000000
0x00007fe510730810:   0000000000000000 0000000000000000
0x00007fe510730820:   0000000000000000 0000000000000000
0x00007fe510730830:   0000000000000000 0000000000000000
0x00007fe510730840:   0000000000000000 0000000000000000
0x00007fe510730850:   0000000000000000 0000000000000000
0x00007fe510730860:   0000000000000000 0000000000000000
0x00007fe510730870:   0000000000000000 0000000000000000 

Instructions: (pc=0x00007fe52d1b7810)
0x00007fe52d1b77f0:   31 d2 31 c0 4c 89 e6 bf 0f 00 00 00 e8 65 d8 fc
0x00007fe52d1b7800:   ff 85 c0 89 c3 74 7e e8 25 a7 fc ff 8b 18 eb 75
0x00007fe52d1b7810:   8b 4d 38 48 8d 5c 24 0e 48 8d 15 f2 92 03 00 be
0x00007fe52d1b7820:   22 00 00 00 31 c0 48 89 df e8 35 68 ff ff 48 8d 

Register to memory mapping:

RAX=0x00007fe510730ae0 is an unknown value
RBX=0x0000000000000022 is an unknown value
RCX=0x0000000000000000 is an unknown value
RDX=0x0000000000000000 is an unknown value
RSP=0x00007fe510730680 is an unknown value
RBP=0x0000000000000000 is an unknown value
RSI=0x0000000000000000 is an unknown value
RDI=0xfeff73725e73726f is an unknown value
R8 =0x0000000000000000 is an unknown value
R9 =0x8080808080808080 is an unknown value
R10=0xfefefefefefefeff is an unknown value
R11=0x0000000000000212 is an unknown value
R12=0x0000561d847f98d8 is an unknown value
R13=0x000000000000000e is an unknown value
R14=0x00007fe510730ae0 is an unknown value
R15=0x00007fe52d3f0ae8: __utc+0x1fff68 in /lib/ld-musl-x86_64.so.1 at 0x00007fe52d164000


Stack: [0x00007fe51071c000,0x00007fe510730760],  sp=0x00007fe510730680,  free space=81k
Native frames: (J=compiled Java code, j=interpreted, Vv=VM code, C=native code)
C  [ld-musl-x86_64.so.1+0x53810]  pthread_setname_np+0x5e

[error occurred during error reporting (printing native stack), id 0xb]


---------------  P R O C E S S  ---------------

VM state:not at safepoint (normal execution)

VM Mutex/Monitor currently owned by a thread: None

heap address: 0x0000000080000000, size: 2048 MB, Compressed Oops mode: 32-bit
Narrow klass base: 0x0000000000000000, Narrow klass shift: 3
Compressed class space size: 1073741824 Address: 0x0000000100000000

Heap:
 PSYoungGen      total 611840K, used 116729K [0x00000000d5580000, 0x0000000100000000, 0x0000000100000000)
  eden space 524800K, 22% used [0x00000000d5580000,0x00000000dc77e598,0x00000000f5600000)
  from space 87040K, 0% used [0x00000000f5600000,0x00000000f5600000,0x00000000fab00000)
  to   space 87040K, 0% used [0x00000000fab00000,0x00000000fab00000,0x0000000100000000)
 ParOldGen       total 856576K, used 14487K [0x0000000080000000, 0x00000000b4480000, 0x00000000d5580000)
  object space 856576K, 1% used [0x0000000080000000,0x0000000080e25fd8,0x00000000b4480000)
 Metaspace       used 29388K, capacity 29628K, committed 30080K, reserved 1075200K
  class space    used 3556K, capacity 3661K, committed 3712K, reserved 1048576K

Card table byte_map: [0x00007fe51bf10000,0x00007fe51c311000] byte_map_base: 0x00007fe51bb10000

Marking Bits: (ParMarkBitMap*) 0x00007fe52cd22200
 Begin Bits: [0x00007fe517a61000, 0x00007fe519a61000)
 End Bits:   [0x00007fe519a61000, 0x00007fe51ba61000)

Polling page: 0x00007fe52d2ed000

CodeCache: size=245760Kb used=7848Kb max_used=7859Kb free=237911Kb
 bounds [0x00007fe51c6d1000, 0x00007fe51ce91000, 0x00007fe52b6d1000]
 total_blobs=3291 nmethods=2788 adapters=417
 compilation: enabled

Compilation events (10 events):
Event: 5.140 Thread 0x0000561d83c91000 nmethod 2846 0x00007fe51ce7c190 code [0x00007fe51ce7c300, 0x00007fe51ce7c630]
Event: 5.140 Thread 0x0000561d83c91000 2842       3       java.lang.reflect.Field::get (51 bytes)
Event: 5.140 Thread 0x0000561d83c91000 nmethod 2842 0x00007fe51ce7c790 code [0x00007fe51ce7c960, 0x00007fe51ce7cf88]
Event: 5.173 Thread 0x0000561d83c89800 nmethod 2865 0x00007fe51ce810d0 code [0x00007fe51ce81400, 0x00007fe51ce82670]
Event: 5.173 Thread 0x0000561d83c89800 2862       4       com.ctc.wstx.io.WstxInputData::isNameStartChar (59 bytes)
Event: 5.174 Thread 0x0000561d83c89800 nmethod 2862 0x00007fe51ce64350 code [0x00007fe51ce644a0, 0x00007fe51ce64538]
Event: 5.174 Thread 0x0000561d83c89800 2868       4       java.io.File::getName (42 bytes)
Event: 5.185 Thread 0x0000561d83c89800 nmethod 2868 0x00007fe51ce7d450 code [0x00007fe51ce7d5e0, 0x00007fe51ce7db48]
Event: 5.185 Thread 0x0000561d83c89800 2861       4       com.ctc.wstx.sr.InputElementStack::resolveAndValidateElement (491 bytes)
Event: 5.187 Thread 0x0000561d83c89800 nmethod 2861 0x00007fe51ce83ad0 code [0x00007fe51ce83c40, 0x00007fe51ce83de8]

GC Heap History (4 events):
Event: 2.506 GC heap before
{Heap before GC invocations=1 (full 0):
 PSYoungGen      total 611840K, used 304499K [0x00000000d5580000, 0x0000000100000000, 0x0000000100000000)
  eden space 524800K, 58% used [0x00000000d5580000,0x00000000e7edcde8,0x00000000f5600000)
  from space 87040K, 0% used [0x00000000fab00000,0x00000000fab00000,0x0000000100000000)
  to   space 87040K, 0% used [0x00000000f5600000,0x00000000f5600000,0x00000000fab00000)
 ParOldGen       total 1398272K, used 0K [0x0000000080000000, 0x00000000d5580000, 0x00000000d5580000)
  object space 1398272K, 0% used [0x0000000080000000,0x0000000080000000,0x00000000d5580000)
 Metaspace       used 20915K, capacity 21100K, committed 21296K, reserved 1069056K
  class space    used 2603K, capacity 2673K, committed 2688K, reserved 1048576K
Event: 2.562 GC heap after
Heap after GC invocations=1 (full 0):
 PSYoungGen      total 611840K, used 15196K [0x00000000d5580000, 0x0000000100000000, 0x0000000100000000)
  eden space 524800K, 0% used [0x00000000d5580000,0x00000000d5580000,0x00000000f5600000)
  from space 87040K, 17% used [0x00000000f5600000,0x00000000f64d7150,0x00000000fab00000)
  to   space 87040K, 0% used [0x00000000fab00000,0x00000000fab00000,0x0000000100000000)
 ParOldGen       total 1398272K, used 16K [0x0000000080000000, 0x00000000d5580000, 0x00000000d5580000)
  object space 1398272K, 0% used [0x0000000080000000,0x0000000080004000,0x00000000d5580000)
 Metaspace       used 20915K, capacity 21100K, committed 21296K, reserved 1069056K
  class space    used 2603K, capacity 2673K, committed 2688K, reserved 1048576K
}
Event: 2.562 GC heap before
{Heap before GC invocations=2 (full 1):
 PSYoungGen      total 611840K, used 15196K [0x00000000d5580000, 0x0000000100000000, 0x0000000100000000)
  eden space 524800K, 0% used [0x00000000d5580000,0x00000000d5580000,0x00000000f5600000)
  from space 87040K, 17% used [0x00000000f5600000,0x00000000f64d7150,0x00000000fab00000)
  to   space 87040K, 0% used [0x00000000fab00000,0x00000000fab00000,0x0000000100000000)
 ParOldGen       total 1398272K, used 16K [0x0000000080000000, 0x00000000d5580000, 0x00000000d5580000)
  object space 1398272K, 0% used [0x0000000080000000,0x0000000080004000,0x00000000d5580000)
 Metaspace       used 20915K, capacity 21100K, committed 21296K, reserved 1069056K
  class space    used 2603K, capacity 2673K, committed 2688K, reserved 1048576K
Event: 2.648 GC heap after
Heap after GC invocations=2 (full 1):
 PSYoungGen      total 611840K, used 0K [0x00000000d5580000, 0x0000000100000000, 0x0000000100000000)
  eden space 524800K, 0% used [0x00000000d5580000,0x00000000d5580000,0x00000000f5600000)
  from space 87040K, 0% used [0x00000000f5600000,0x00000000f5600000,0x00000000fab00000)
  to   space 87040K, 0% used [0x00000000fab00000,0x00000000fab00000,0x0000000100000000)
 ParOldGen       total 856576K, used 14487K [0x0000000080000000, 0x00000000b4480000, 0x00000000d5580000)
  object space 856576K, 1% used [0x0000000080000000,0x0000000080e25fd8,0x00000000b4480000)
 Metaspace       used 20911K, capacity 21094K, committed 21296K, reserved 1069056K
  class space    used 2603K, capacity 2672K, committed 2688K, reserved 1048576K
}

Deoptimization events (10 events):
Event: 1.032 Thread 0x0000561d83b3d800 Uncommon trap: reason=unstable_if action=reinterpret pc=0x00007fe51c8efb5c method=sun.misc.URLClassPath.getLoader(I)Lsun/misc/URLClassPath$Loader; @ 79
Event: 1.389 Thread 0x0000561d83b3d800 Uncommon trap: reason=range_check action=make_not_entrant pc=0x00007fe51ca00f80 method=sun.reflect.generics.parser.SignatureParser.current()C @ 34
Event: 1.732 Thread 0x0000561d83b3d800 Uncommon trap: reason=null_assert action=make_not_entrant pc=0x00007fe51cad8b94 method=net.bytebuddy.description.type.TypeDefinition$Sort.describe(Ljava/lang/reflect/Type;Lnet/bytebuddy/description/type/TypeDescription$Generic$AnnotationReader;)Lnet/byteb
Event: 3.109 Thread 0x0000561d83b3d800 Uncommon trap: reason=bimorphic action=maybe_recompile pc=0x00007fe51cd2cd1c method=java.lang.ThreadLocal.get()Ljava/lang/Object; @ 6
Event: 3.109 Thread 0x0000561d83b3d800 Uncommon trap: reason=bimorphic action=maybe_recompile pc=0x00007fe51cd2cd1c method=java.lang.ThreadLocal.get()Ljava/lang/Object; @ 6
Event: 3.109 Thread 0x0000561d83b3d800 Uncommon trap: reason=bimorphic action=maybe_recompile pc=0x00007fe51cd2cd1c method=java.lang.ThreadLocal.get()Ljava/lang/Object; @ 6
Event: 3.109 Thread 0x0000561d83b3d800 Uncommon trap: reason=bimorphic action=maybe_recompile pc=0x00007fe51cd2cd1c method=java.lang.ThreadLocal.get()Ljava/lang/Object; @ 6
Event: 3.110 Thread 0x0000561d83b3d800 Uncommon trap: reason=unstable_if action=reinterpret pc=0x00007fe51cd3216c method=java.lang.ThreadLocal$ThreadLocalMap.getEntry(Ljava/lang/ThreadLocal;)Ljava/lang/ThreadLocal$ThreadLocalMap$Entry; @ 29
Event: 4.532 Thread 0x0000561d83b3d800 Uncommon trap: reason=unstable_if action=reinterpret pc=0x00007fe51ce20a7c method=com.ctc.wstx.sr.BasicStreamReader.readIndentation(CI)I @ 141
Event: 5.115 Thread 0x0000561d83b3d800 Uncommon trap: reason=unstable_if action=reinterpret pc=0x00007fe51ce566c4 method=com.ctc.wstx.sr.BasicStreamReader.handleStartElem(C)V @ 166

Classes redefined (10 events):
Event: 1.753 Thread 0x0000561d83c40000 redefined class name=java.lang.AutoCloseable, count=1
Event: 1.754 Thread 0x0000561d83c40000 redefined class name=org.apache.hadoop.ozone.om.OMMXBean, count=1
Event: 1.756 Thread 0x0000561d83c40000 redefined class name=org.apache.hadoop.hdds.server.ServiceRuntimeInfo, count=1
Event: 1.757 Thread 0x0000561d83c40000 redefined class name=org.apache.hadoop.ozone.om.protocol.OzoneManagerServerProtocol, count=1
Event: 1.758 Thread 0x0000561d83c40000 redefined class name=org.apache.hadoop.ozone.om.protocol.OzoneManagerSecurityProtocol, count=1
Event: 1.759 Thread 0x0000561d83c40000 redefined class name=org.apache.hadoop.hdds.server.ServiceRuntimeInfoImpl, count=1
Event: 1.760 Thread 0x0000561d83c40000 redefined class name=org.apache.hadoop.ozone.om.OzoneManager, count=2
Event: 1.761 Thread 0x0000561d83c40000 redefined class name=org.apache.hadoop.ozone.om.protocol.OzoneManagerProtocol, count=1
Event: 1.766 Thread 0x0000561d83c40000 redefined class name=java.lang.Object, count=1
Event: 3.776 Thread 0x0000561d83c40000 redefined class name=org.apache.hadoop.ozone.audit.AuditLogger, count=2

Internal exceptions (10 events):
Event: 3.690 Thread 0x0000561d83b3d800 Exception <a 'java/lang/ArrayIndexOutOfBoundsException'> (0x00000000d95f14f0) thrown at [/home/buildozer/aports/community/openjdk8/src/icedtea-3.12.0/openjdk/hotspot/src/share/vm/runtime/sharedRuntime.cpp, line 613]
Event: 3.692 Thread 0x0000561d83b3d800 Exception <a 'java/lang/ArrayIndexOutOfBoundsException'> (0x00000000d95f70c8) thrown at [/home/buildozer/aports/community/openjdk8/src/icedtea-3.12.0/openjdk/hotspot/src/share/vm/runtime/sharedRuntime.cpp, line 613]
Event: 3.692 Thread 0x0000561d83b3d800 Exception <a 'java/lang/ArrayIndexOutOfBoundsException'> (0x00000000d95fb4f0) thrown at [/home/buildozer/aports/community/openjdk8/src/icedtea-3.12.0/openjdk/hotspot/src/share/vm/runtime/sharedRuntime.cpp, line 613]
Event: 3.694 Thread 0x0000561d83b3d800 Exception <a 'java/lang/ArrayIndexOutOfBoundsException'> (0x00000000d9603310) thrown at [/home/buildozer/aports/community/openjdk8/src/icedtea-3.12.0/openjdk/hotspot/src/share/vm/runtime/sharedRuntime.cpp, line 613]
Event: 3.694 Thread 0x0000561d83b3d800 Exception <a 'java/lang/ArrayIndexOutOfBoundsException'> (0x00000000d9606910) thrown at [/home/buildozer/aports/community/openjdk8/src/icedtea-3.12.0/openjdk/hotspot/src/share/vm/runtime/sharedRuntime.cpp, line 613]
Event: 3.694 Thread 0x0000561d83b3d800 Exception <a 'java/lang/ArrayIndexOutOfBoundsException'> (0x00000000d9608938) thrown at [/home/buildozer/aports/community/openjdk8/src/icedtea-3.12.0/openjdk/hotspot/src/share/vm/runtime/sharedRuntime.cpp, line 613]
Event: 3.695 Thread 0x0000561d83b3d800 Exception <a 'java/lang/ArrayIndexOutOfBoundsException'> (0x00000000d960f140) thrown at [/home/buildozer/aports/community/openjdk8/src/icedtea-3.12.0/openjdk/hotspot/src/share/vm/runtime/sharedRuntime.cpp, line 613]
Event: 3.696 Thread 0x0000561d83b3d800 Exception <a 'java/lang/ArrayIndexOutOfBoundsException'> (0x00000000d9611690) thrown at [/home/buildozer/aports/community/openjdk8/src/icedtea-3.12.0/openjdk/hotspot/src/share/vm/runtime/sharedRuntime.cpp, line 613]
Event: 3.697 Thread 0x0000561d83b3d800 Exception <a 'java/lang/ArrayIndexOutOfBoundsException'> (0x00000000d9619140) thrown at [/home/buildozer/aports/community/openjdk8/src/icedtea-3.12.0/openjdk/hotspot/src/share/vm/runtime/sharedRuntime.cpp, line 613]
Event: 3.697 Thread 0x0000561d83b3d800 Exception <a 'java/lang/ArrayIndexOutOfBoundsException'> (0x00000000d961bce8) thrown at [/home/buildozer/aports/community/openjdk8/src/icedtea-3.12.0/openjdk/hotspot/src/share/vm/runtime/sharedRuntime.cpp, line 613]

Events (10 events):
Event: 5.445 Executing VM operation: RevokeBias
Event: 5.445 Executing VM operation: RevokeBias done
Event: 5.445 Executing VM operation: RevokeBias
Event: 5.445 Executing VM operation: RevokeBias done
Event: 5.446 Executing VM operation: RevokeBias
Event: 5.446 Executing VM operation: RevokeBias done
Event: 5.446 Executing VM operation: RevokeBias
Event: 5.446 Executing VM operation: RevokeBias done
Event: 5.446 Executing VM operation: RevokeBias
Event: 5.446 Executing VM operation: RevokeBias done


Dynamic libraries:
80000000-b4480000 rw-p 00000000 00:00 0 
b4480000-d5580000 ---p 00000000 00:00 0 
d5580000-1003a0000 rw-p 00000000 00:00 0 
1003a0000-140000000 ---p 00000000 00:00 0 
561d82561000-561d82562000 r-xp 00000000 fd:02 64628941                   /usr/lib/jvm/java-1.8-openjdk/jre/bin/java
561d82761000-561d82762000 r--p 00000000 fd:02 64628941                   /usr/lib/jvm/java-1.8-openjdk/jre/bin/java
561d82762000-561d82763000 rw-p 00001000 fd:02 64628941                   /usr/lib/jvm/java-1.8-openjdk/jre/bin/java
561d83b26000-561d86440000 rw-p 00000000 00:00 0                          [heap]
7fe50f51a000-7fe50f6da000 rw-p 00000000 00:00 0 
7fe50f6da000-7fe50f71a000 ---p 00000000 00:00 0 
7fe50f71a000-7fe50f91a000 rw-p 00000000 00:00 0 
7fe50f91a000-7fe50fb89000 rw-p 00000000 00:00 0 
7fe50fb89000-7fe510421000 r-xp 00000000 fd:02 24778967                   /tmp/librocksdbjni4642528270291918775.so
7fe510421000-7fe510432000 r--p 00698000 fd:02 24778967                   /tmp/librocksdbjni4642528270291918775.so
7fe510432000-7fe51043b000 rw-p 006a9000 fd:02 24778967                   /tmp/librocksdbjni4642528270291918775.so
7fe51043b000-7fe510641000 rw-p 00000000 00:00 0 
7fe51071a000-7fe51071c000 ---p 00000000 00:00 0 
7fe51071c000-7fe510731000 rw-p 00000000 00:00 0 
7fe510731000-7fe510733000 ---p 00000000 00:00 0 
7fe510733000-7fe510748000 rw-p 00000000 00:00 0 
7fe510748000-7fe51074a000 ---p 00000000 00:00 0 
7fe51074a000-7fe51075f000 rw-p 00000000 00:00 0 
7fe51075f000-7fe510761000 ---p 00000000 00:00 0 
7fe510761000-7fe510776000 rw-p 00000000 00:00 0 
7fe510776000-7fe510778000 ---p 00000000 00:00 0 
7fe510778000-7fe51078d000 rw-p 00000000 00:00 0 
7fe51078d000-7fe51078f000 ---p 00000000 00:00 0 
7fe51078f000-7fe5107a4000 rw-p 00000000 00:00 0 
7fe5107a4000-7fe5107a6000 ---p 00000000 00:00 0 
7fe5107a6000-7fe5107bb000 rw-p 00000000 00:00 0 
7fe5107bb000-7fe5107bd000 ---p 00000000 00:00 0 
7fe5107bd000-7fe5107d2000 rw-p 00000000 00:00 0 
7fe5107d2000-7fe5109f8000 r-xp 00000000 fd:02 64689225                   /usr/glibc-compat/lib/ld-2.28.so
7fe5109f8000-7fe5109f9000 r--p 00026000 fd:02 64689225                   /usr/glibc-compat/lib/ld-2.28.so
7fe5109f9000-7fe5109fa000 rw-p 00027000 fd:02 64689225                   /usr/glibc-compat/lib/ld-2.28.so
7fe5109fa000-7fe510bfb000 rw-p 00000000 00:00 0 
7fe510c02000-7fe510c04000 ---p 00000000 00:00 0 
7fe510c04000-7fe510c19000 rw-p 00000000 00:00 0 
7fe510c19000-7fe510c1b000 ---p 00000000 00:00 0 
7fe510c1b000-7fe510e30000 rw-p 00000000 00:00 0 
7fe510e30000-7fe511030000 rw-p 00000000 00:00 0 
7fe511030000-7fe511230000 rw-p 00000000 00:00 0 
7fe511230000-7fe511430000 rw-p 00000000 00:00 0 
7fe511436000-7fe511438000 ---p 00000000 00:00 0 
7fe511438000-7fe51144d000 rw-p 00000000 00:00 0 
7fe51144d000-7fe511468000 r--s 001d6000 fd:02 64629013                   /usr/lib/jvm/java-1.8-openjdk/jre/lib/ext/nashorn.jar
7fe511474000-7fe511476000 ---p 00000000 00:00 0 
7fe511476000-7fe51148b000 rw-p 00000000 00:00 0 
7fe51148b000-7fe51148d000 ---p 00000000 00:00 0 
7fe51148d000-7fe5114a2000 rw-p 00000000 00:00 0 
7fe5114a2000-7fe5114a4000 ---p 00000000 00:00 0 
7fe5114a4000-7fe5114b9000 rw-p 00000000 00:00 0 
7fe5114b9000-7fe5114bb000 ---p 00000000 00:00 0 
7fe5114bb000-7fe5114d0000 rw-p 00000000 00:00 0 
7fe5114d0000-7fe5114d2000 ---p 00000000 00:00 0 
7fe5114d2000-7fe5114e7000 rw-p 00000000 00:00 0 
7fe5114f8000-7fe5114fa000 ---p 00000000 00:00 0 
7fe5114fa000-7fe51150f000 rw-p 00000000 00:00 0 
7fe51150f000-7fe511511000 ---p 00000000 00:00 0 
7fe511511000-7fe511726000 rw-p 00000000 00:00 0 
7fe511726000-7fe511727000 r--s 00000000 fd:02 24778966                   /tmp/mockitoboot6863598421389451534.jar
7fe511728000-7fe511931000 r-xp 00000000 fd:02 64628964                   /usr/lib/jvm/java-1.8-openjdk/jre/lib/amd64/libinstrument.so
7fe511931000-7fe511932000 r--p 00009000 fd:02 64628964                   /usr/lib/jvm/java-1.8-openjdk/jre/lib/amd64/libinstrument.so
7fe511932000-7fe511933000 rw-p 0000a000 fd:02 64628964                   /usr/lib/jvm/java-1.8-openjdk/jre/lib/amd64/libinstrument.so
7fe511933000-7fe511936000 ---p 00000000 00:00 0 
7fe511936000-7fe511a34000 rw-p 00000000 00:00 0 
7fe511a34000-7fe511c36000 r-xp 00000000 fd:02 64628957                   /usr/lib/jvm/java-1.8-openjdk/jre/lib/amd64/libattach.so
7fe511c36000-7fe511c37000 r--p 00002000 fd:02 64628957                   /usr/lib/jvm/java-1.8-openjdk/jre/lib/amd64/libattach.so
7fe511c37000-7fe511c38000 rw-p 00003000 fd:02 64628957                   /usr/lib/jvm/java-1.8-openjdk/jre/lib/amd64/libattach.so
7fe511c38000-7fe511c3b000 r--s 00025000 fd:02 65145720                   /home/user/.m2/repository/org/apache/maven/shared/maven-shared-utils/3.1.0/maven-shared-utils-3.1.0.jar
7fe511c3b000-7fe511e4c000 r-xp 00000000 fd:02 64628984                   /usr/lib/jvm/java-1.8-openjdk/jre/lib/amd64/libnio.so
7fe511e4c000-7fe511e4d000 r--p 00011000 fd:02 64628984                   /usr/lib/jvm/java-1.8-openjdk/jre/lib/amd64/libnio.so
7fe511e4d000-7fe511e4e000 rw-p 00012000 fd:02 64628984                   /usr/lib/jvm/java-1.8-openjdk/jre/lib/amd64/libnio.so
7fe511e4e000-7fe514e4f000 rw-p 00000000 00:00 0 
7fe514e4f000-7fe515065000 r-xp 00000000 fd:02 64628983                   /usr/lib/jvm/java-1.8-openjdk/jre/lib/amd64/libnet.so
7fe515065000-7fe515066000 r--p 00016000 fd:02 64628983                   /usr/lib/jvm/java-1.8-openjdk/jre/lib/amd64/libnet.so
7fe515066000-7fe515067000 rw-p 00017000 fd:02 64628983                   /usr/lib/jvm/java-1.8-openjdk/jre/lib/amd64/libnet.so
7fe515067000-7fe51506b000 r--s 00058000 fd:02 64629032                   /usr/lib/jvm/java-1.8-openjdk/jre/lib/jsse.jar
7fe51506b000-7fe51506e000 ---p 00000000 00:00 0 
7fe51506e000-7fe5150a5000 rw-p 00000000 00:00 0 
7fe5150a5000-7fe5150a6000 r--s 00006000 fd:02 131737120                  /home/user/.m2/repository/org/apache/maven/surefire/common-junit4/3.0.0-M1/common-junit4-3.0.0-M1.jar
7fe5150a6000-7fe5150a7000 r--s 00002000 fd:02 131737118                  /home/user/.m2/repository/org/apache/maven/surefire/common-junit3/3.0.0-M1/common-junit3-3.0.0-M1.jar
7fe5150a7000-7fe5150a8000 r--s 00007000 fd:02 131737122                  /home/user/.m2/repository/org/apache/maven/surefire/common-java5/3.0.0-M1/common-java5-3.0.0-M1.jar
7fe5150a8000-7fe5150aa000 r--s 00003000 fd:02 131736497                  /home/user/.m2/repository/org/apache/maven/surefire/surefire-junit4/3.0.0-M1/surefire-junit4-3.0.0-M1.jar
7fe5150aa000-7fe5150b6000 r--s 000ae000 fd:02 65209185                   /home/user/.m2/repository/org/jmockit/jmockit/1.24/jmockit-1.24.jar
7fe5150b6000-7fe5150b8000 r--s 00009000 fd:02 65209076                   /home/user/.m2/repository/org/hamcrest/hamcrest-core/1.3/hamcrest-core-1.3.jar
7fe5150b8000-7fe5150be000 r--s 00036000 fd:02 65081146                   /home/user/.m2/repository/junit/junit/4.11/junit-4.11.jar
7fe5150be000-7fe5150c4000 r--s 00045000 fd:02 65209067                   /home/user/.m2/repository/org/hamcrest/hamcrest-all/1.3/hamcrest-all-1.3.jar
7fe5150c4000-7fe5150c8000 r--s 0001e000 fd:02 65080551                   /home/user/.m2/repository/io/dropwizard/metrics/metrics-core/3.2.4/metrics-core-3.2.4.jar
7fe5150c8000-7fe5150cd000 r--s 00047000 fd:02 65080499                   /home/user/.m2/repository/dnsjava/dnsjava/2.1.7/dnsjava-2.1.7.jar
7fe5150cd000-7fe5150d3000 r--s 00078000 fd:02 65079453                   /home/user/.m2/repository/com/fasterxml/woodstox/woodstox-core/5.0.3/woodstox-core-5.0.3.jar
7fe5150d3000-7fe5150d7000 r--s 00024000 fd:02 65208608                   /home/user/.m2/repository/org/codehaus/woodstox/stax2-api/3.1.4/stax2-api-3.1.4.jar
7fe5150d7000-7fe5150db000 r--s 0004c000 fd:02 65079296                   /home/user/.m2/repository/com/fasterxml/jackson/core/jackson-core/2.9.9/jackson-core-2.9.9.jar
7fe5150db000-7fe5150ee000 r--s 00137000 fd:02 65079313                   /home/user/.m2/repository/com/fasterxml/jackson/core/jackson-databind/2.9.9/jackson-databind-2.9.9.jar
7fe5150ee000-7fe5150f0000 r--s 00006000 fd:02 65143457                   /home/user/.m2/repository/org/apache/kerby/kerby-xdr/1.0.1/kerby-xdr-1.0.1.jar
7fe5150f0000-7fe5150f1000 r--s 00004000 fd:02 65143361                   /home/user/.m2/repository/org/apache/kerby/kerb-identity/1.0.1/kerb-identity-1.0.1.jar
7fe5150f1000-7fe5150f4000 r--s 00012000 fd:02 65143370                   /home/user/.m2/repository/org/apache/kerby/kerb-server/1.0.1/kerb-server-1.0.1.jar
7fe5150f4000-7fe5150f7000 r--s 00011000 fd:02 65143316                   /home/user/.m2/repository/org/apache/kerby/kerb-admin/1.0.1/kerb-admin-1.0.1.jar
7fe5150f7000-7fe5150f8000 r--s 00004000 fd:02 65143466                   /home/user/.m2/repository/org/apache/kerby/token-provider/1.0.1/token-provider-1.0.1.jar
7fe5150f8000-7fe5150f9000 r--s 00008000 fd:02 65143388                   /home/user/.m2/repository/org/apache/kerby/kerb-util/1.0.1/kerb-util-1.0.1.jar
7fe5150f9000-7fe5150fd000 r--s 00019000 fd:02 65143352                   /home/user/.m2/repository/org/apache/kerby/kerb-crypto/1.0.1/kerb-crypto-1.0.1.jar
7fe5150fd000-7fe5150ff000 r--s 0000e000 fd:02 65143334                   /home/user/.m2/repository/org/apache/kerby/kerb-common/1.0.1/kerb-common-1.0.1.jar
7fe5150ff000-7fe515100000 r--s 00009000 fd:02 65143448                   /home/user/.m2/repository/org/apache/kerby/kerby-util/1.0.1/kerby-util-1.0.1.jar
7fe515100000-7fe515102000 r--s 00017000 fd:02 65143403                   /home/user/.m2/repository/org/apache/kerby/kerby-asn1/1.0.1/kerby-asn1-1.0.1.jar
7fe515102000-7fe515109000 r--s 0002b000 fd:02 65143433                   /home/user/.m2/repository/org/apache/kerby/kerby-pkix/1.0.1/kerby-pkix-1.0.1.jar
7fe515109000-7fe515110000 r--s 00031000 fd:02 65143343                   /home/user/.m2/repository/org/apache/kerby/kerb-core/1.0.1/kerb-core-1.0.1.jar
7fe515110000-7fe515112000 r--s 00006000 fd:02 65143418                   /home/user/.m2/repository/org/apache/kerby/kerby-config/1.0.1/kerby-config-1.0.1.jar
7fe515112000-7fe515115000 r--s 00019000 fd:02 65143325                   /home/user/.m2/repository/org/apache/kerby/kerb-client/1.0.1/kerb-client-1.0.1.jar
7fe515115000-7fe515116000 r--s 00004000 fd:02 65143379                   /home/user/.m2/repository/org/apache/kerby/kerb-simplekdc/1.0.1/kerb-simplekdc-1.0.1.jar
7fe515116000-7fe515117000 r--s 00004000 fd:02 65146351                   /home/user/.m2/repository/org/apache/yetus/audience-annotations/0.5.0/audience-annotations-0.5.0.jar
7fe515117000-7fe515119000 r--s 00014000 fd:02 65081102                   /home/user/.m2/repository/jline/jline/0.9.94/jline-0.9.94.jar
7fe515119000-7fe515126000 r--s 000d1000 fd:02 65146367                   /home/user/.m2/repository/org/apache/zookeeper/zookeeper/3.4.13/zookeeper-3.4.13.jar
7fe515126000-7fe515140000 r--s 00155000 fd:02 65143188                   /home/user/.m2/repository/org/apache/htrace/htrace-core4/4.1.0-incubating/htrace-core4-4.1.0-incubating.jar
7fe515140000-7fe515143000 r--s 00006000 fd:02 65079565                   /home/user/.m2/repository/com/google/code/findbugs/jsr305/3.0.0/jsr305-3.0.0.jar
7fe515143000-7fe51514b000 r--s 0003e000 fd:02 65142951                   /home/user/.m2/repository/org/apache/curator/curator-recipes/2.12.0/curator-recipes-2.12.0.jar
7fe51514b000-7fe515182000 r--s 00219000 fd:02 65142933                   /home/user/.m2/repository/org/apache/curator/curator-client/2.12.0/curator-client-2.12.0.jar
7fe515182000-7fe515187000 r--s 00040000 fd:02 65079825                   /home/user/.m2/repository/com/jcraft/jsch/0.1.54/jsch-0.1.54.jar
7fe515187000-7fe51518d000 r--s 0002c000 fd:02 65142942                   /home/user/.m2/repository/org/apache/curator/curator-framework/2.12.0/curator-framework-2.12.0.jar
7fe51518d000-7fe51518f000 r--s 00006000 fd:02 65081334                   /home/user/.m2/repository/net/minidev/accessors-smart/1.2/accessors-smart-1.2.jar
7fe51518f000-7fe515192000 r--s 0001b000 fd:02 65081343                   /home/user/.m2/repository/net/minidev/json-smart/2.3/json-smart-2.3.jar
7fe515192000-7fe515194000 r--s 00000000 fd:02 65079501                   /home/user/.m2/repository/com/github/stephenc/jcip/jcip-annotations/1.0-1/jcip-annotations-1.0-1.jar
7fe515194000-7fe51519a000 r--s 00044000 fd:02 65079871                   /home/user/.m2/repository/com/nimbusds/nimbus-jose-jwt/4.41.1/nimbus-jose-jwt-4.41.1.jar
7fe51519a000-7fe51519c000 r--s 00020000 fd:02 65143004                   /home/user/.m2/repository/org/apache/hadoop/hadoop-auth/3.2.0/hadoop-auth-3.2.0.jar
7fe51519c000-7fe5151a1000 r--s 0002a000 fd:02 65079575                   /home/user/.m2/repository/com/google/code/gson/gson/2.2.4/gson-2.2.4.jar
7fe5151a1000-7fe5151a3000 r--s 0001e000 fd:02 65079799                   /home/user/.m2/repository/com/google/re2j/re2j/1.1/re2j-1.1.jar
7fe5151a3000-7fe5151a5000 r--s 00130000 fd:02 65210169                   /home/user/.m2/repository/org/xerial/snappy/snappy-java/1.0.5/snappy-java-1.0.5.jar
7fe5151a5000-7fe5151a7000 r--s 00006000 fd:02 65080065                   /home/user/.m2/repository/com/thoughtworks/paranamer/paranamer/2.3/paranamer-2.3.jar
7fe5151a7000-7fe5151b0000 r--s 00062000 fd:02 65081564                   /home/user/.m2/repository/org/apache/avro/avro/1.7.7/avro-1.7.7.jar
7fe5151b0000-7fe5151b1000 r--s 00002000 fd:02 65209773                   /home/user/.m2/repository/org/slf4j/slf4j-log4j12/1.7.25/slf4j-log4j12-1.7.25.jar
7fe5151b1000-7fe5151b5000 r--s 00029000 fd:02 65142917                   /home/user/.m2/repository/org/apache/commons/commons-text/1.4/commons-text-1.4.jar
7fe5151b5000-7fe5151bd000 r--s 00072000 fd:02 65081651                   /home/user/.m2/repository/org/apache/commons/commons-lang3/3.7/commons-lang3-3.7.jar
7fe5151bd000-7fe5151c9000 r--s 0008b000 fd:02 65081619                   /home/user/.m2/repository/org/apache/commons/commons-configuration2/2.1.1/commons-configuration2-2.1.1.jar
7fe5151c9000-7fe5151ce000 r--s 00038000 fd:02 65080118                   /home/user/.m2/repository/commons-beanutils/commons-beanutils/1.9.4/commons-beanutils-1.9.4.jar
7fe5151ce000-7fe5151d7000 r--s 0006f000 fd:02 65081182                   /home/user/.m2/repository/log4j/log4j/1.2.17/log4j-1.2.17.jar
7fe5151d7000-7fe5151d9000 r--s 0000e000 fd:02 65080426                   /home/user/.m2/repository/commons-logging/commons-logging/1.1.3/commons-logging-1.1.3.jar
7fe5151d9000-7fe5151e9000 r--s 0009c000 fd:02 65079998                   /home/user/.m2/repository/com/sun/jersey/jersey-server/1.19/jersey-server-1.19.jar
7fe5151e9000-7fe5151ea000 r--s 00006000 fd:02 65146538                   /home/user/.m2/repository/org/codehaus/jackson/jackson-xc/1.9.13/jackson-xc-1.9.13.jar
7fe5151ea000-7fe5151eb000 r--s 00004000 fd:02 65146520                   /home/user/.m2/repository/org/codehaus/jackson/jackson-jaxrs/1.9.13/jackson-jaxrs-1.9.13.jar
7fe5151eb000-7fe5151f9000 r--s 000b1000 fd:02 65146529                   /home/user/.m2/repository/org/codehaus/jackson/jackson-mapper-asl/1.9.13/jackson-mapper-asl-1.9.13.jar
7fe5151f9000-7fe5151fd000 r--s 00035000 fd:02 65146511                   /home/user/.m2/repository/org/codehaus/jackson/jackson-core-asl/1.9.13/jackson-core-asl-1.9.13.jar
7fe5151fd000-7fe51520f000 r--s 000d9000 fd:02 65080041                   /home/user/.m2/repository/com/sun/xml/bind/jaxb-impl/2.3.0.1/jaxb-impl-2.3.0.1.jar
7fe51520f000-7fe515211000 r--s 0000f000 fd:02 65146548                   /home/user/.m2/repository/org/codehaus/jettison/jettison/1.1/jettison-1.1.jar
7fe515211000-7fe515215000 r--s 00025000 fd:02 65079983                   /home/user/.m2/repository/com/sun/jersey/jersey-json/1.19/jersey-json-1.19.jar
7fe515215000-7fe515219000 r--s 0001c000 fd:02 65080007                   /home/user/.m2/repository/com/sun/jersey/jersey-servlet/1.19/jersey-servlet-1.19.jar
7fe515219000-7fe51521b000 r--s 0000a000 fd:02 65081047                   /home/user/.m2/repository/javax/ws/rs/jsr311-api/1.1.1/jsr311-api-1.1.1.jar
7fe51521b000-7fe515225000 r--s 00061000 fd:02 65079974                   /home/user/.m2/repository/com/sun/jersey/jersey-core/1.19/jersey-core-1.19.jar
7fe515225000-7fe515228000 r--s 00016000 fd:02 65081003                   /home/user/.m2/repository/javax/servlet/jsp/jsp-api/2.1/jsp-api-2.1.jar
7fe515228000-7fe515229000 r--s 0000c000 fd:02 65208741                   /home/user/.m2/repository/org/eclipse/jetty/jetty-xml/9.3.25.v20180904/jetty-xml-9.3.25.v20180904.jar
7fe515229000-7fe51522c000 r--s 0001a000 fd:02 65208732                   /home/user/.m2/repository/org/eclipse/jetty/jetty-webapp/9.3.25.v20180904/jetty-webapp-9.3.25.v20180904.jar
7fe51522c000-7fe51522f000 r--s 00015000 fd:02 65208687                   /home/user/.m2/repository/org/eclipse/jetty/jetty-security/9.3.25.v20180904/jetty-security-9.3.25.v20180904.jar
7fe51522f000-7fe515232000 r--s 0001b000 fd:02 65208705                   /home/user/.m2/repository/org/eclipse/jetty/jetty-servlet/9.3.25.v20180904/jetty-servlet-9.3.25.v20180904.jar
7fe515232000-7fe515239000 r--s 00069000 fd:02 65208714                   /home/user/.m2/repository/org/eclipse/jetty/jetty-util/9.3.25.v20180904/jetty-util-9.3.25.v20180904.jar
7fe515239000-7fe51523d000 r--s 0001b000 fd:02 65208661                   /home/user/.m2/repository/org/eclipse/jetty/jetty-io/9.3.25.v20180904/jetty-io-9.3.25.v20180904.jar
7fe51523d000-7fe515240000 r--s 00022000 fd:02 65208652                   /home/user/.m2/repository/org/eclipse/jetty/jetty-http/9.3.25.v20180904/jetty-http-9.3.25.v20180904.jar
7fe515240000-7fe515248000 r--s 00078000 fd:02 65208696                   /home/user/.m2/repository/org/eclipse/jetty/jetty-server/9.3.25.v20180904/jetty-server-9.3.25.v20180904.jar
7fe515248000-7fe51524b000 r--s 00015000 fd:02 65080993                   /home/user/.m2/repository/javax/servlet/javax.servlet-api/3.1.0/javax.servlet-api-3.1.0.jar
7fe51524b000-7fe515258000 r--s 00083000 fd:02 65080239                   /home/user/.m2/repository/commons-collections/commons-collections/3.2.2/commons-collections-3.2.2.jar
7fe515258000-7fe51525e000 r--s 00046000 fd:02 65080451                   /home/user/.m2/repository/commons-net/commons-net/3.6/commons-net-3.6.jar
7fe51525e000-7fe515262000 r--s 0002f000 fd:02 65080349                   /home/user/.m2/repository/commons-io/commons-io/2.5/commons-io-2.5.jar
7fe515262000-7fe515269000 r--s 0004b000 fd:02 65080171                   /home/user/.m2/repository/commons-codec/commons-codec/1.11/commons-codec-1.11.jar
7fe515269000-7fe515270000 r--s 00049000 fd:02 65143265                   /home/user/.m2/repository/org/apache/httpcomponents/httpcore/4.4.4/httpcore-4.4.4.jar
7fe515270000-7fe51527d000 r--s 000a7000 fd:02 65143212                   /home/user/.m2/repository/org/apache/httpcomponents/httpclient/4.5.2/httpclient-4.5.2.jar
7fe51527d000-7fe51529a000 r--s 0016a000 fd:02 65142787                   /home/user/.m2/repository/org/apache/commons/commons-math3/3.1.1/commons-math3-3.1.1.jar
7fe51529a000-7fe51529c000 r--s 00009000 fd:02 65080153                   /home/user/.m2/repository/commons-cli/commons-cli/1.2/commons-cli-1.2.jar
7fe51529c000-7fe515315000 r--s 007c0000 fd:02 64629074                   /usr/lib/jvm/java-1.8-openjdk/lib/tools.jar
7fe515315000-7fe515316000 r--s 0000e000 fd:02 65142995                   /home/user/.m2/repository/org/apache/hadoop/hadoop-annotations/3.2.0/hadoop-annotations-3.2.0.jar
7fe515316000-7fe515341000 r--s 00297000 fd:02 65143022                   /home/user/.m2/repository/org/apache/hadoop/hadoop-common/3.2.0/hadoop-common-3.2.0-tests.jar
7fe515341000-7fe515343000 r--s 00002000 fd:02 53687780                   /home/user/.m2/repository/com/github/spotbugs/spotbugs-annotations/3.1.12/spotbugs-annotations-3.1.12.jar
7fe515343000-7fe515345000 r--s 00009000 fd:02 65209747                   /home/user/.m2/repository/org/slf4j/slf4j-api/1.7.25/slf4j-api-1.7.25.jar
7fe515345000-7fe51534a000 r--s 00041000 fd:02 65080385                   /home/user/.m2/repository/commons-lang/commons-lang/2.6/commons-lang-2.6.jar
7fe51534a000-7fe515350000 r--s 00033000 fd:02 65081082                   /home/user/.m2/repository/jaxen/jaxen/1.1.6/jaxen-1.1.6.jar
7fe515350000-7fe515355000 r--s 0004b000 fd:02 149031884                  /home/user/.m2/repository/org/dom4j/dom4j/2.1.1/dom4j-2.1.1.jar
7fe515355000-7fe515356000 r--s 00000000 fd:02 65081324                   /home/user/.m2/repository/net/jcip/jcip-annotations/1.0/jcip-annotations-1.0.jar
7fe515356000-7fe515361000 r--s 0009d000 fd:02 148646119                  /home/user/.m2/repository/org/apache/bcel/bcel/6.3/bcel-6.3.jar
7fe515361000-7fe515362000 r--s 00013000 fd:02 53687783                   /home/user/.m2/repository/org/ow2/asm/asm-util/7.0/asm-util-7.0.jar
7fe515362000-7fe515364000 r--s 0000b000 fd:02 53687785                   /home/user/.m2/repository/org/ow2/asm/asm-tree/7.0/asm-tree-7.0.jar
7fe515364000-7fe515366000 r--s 00012000 fd:02 53687779                   /home/user/.m2/repository/org/ow2/asm/asm-commons/7.0/asm-commons-7.0.jar
7fe515366000-7fe515368000 r--s 00007000 fd:02 53687781                   /home/user/.m2/repository/org/ow2/asm/asm-analysis/7.0/asm-analysis-7.0.jar
7fe515368000-7fe51536a000 r--s 0000c000 fd:02 65209437                   /home/user/.m2/repository/org/ow2/asm/asm/5.0.4/asm-5.0.4.jar
7fe51536a000-7fe515392000 r--s 00316000 fd:02 53687777                   /home/user/.m2/repository/com/github/spotbugs/spotbugs/3.1.12/spotbugs-3.1.12.jar
7fe515392000-7fe515394000 r--s 00005000 fd:02 65209355                   /home/user/.m2/repository/org/objenesis/objenesis/1.0/objenesis-1.0.jar
7fe515394000-7fe515396000 r--s 00009000 fd:02 65081276                   /home/user/.m2/repository/net/bytebuddy/byte-buddy-agent/1.9.10/byte-buddy-agent-1.9.10.jar
7fe515396000-7fe5153dd000 r--s 002d9000 fd:02 65081243                   /home/user/.m2/repository/net/bytebuddy/byte-buddy/1.9.10/byte-buddy-1.9.10.jar
7fe5153dd000-7fe5153ee000 r--s 00080000 fd:02 65209291                   /home/user/.m2/repository/org/mockito/mockito-core/2.28.2/mockito-core-2.28.2.jar
7fe5153ee000-7fe515446000 r--s 003a7000 fd:02 65146433                   /home/user/.m2/repository/org/bouncycastle/bcprov-jdk15on/1.60/bcprov-jdk15on-1.60.jar
7fe515446000-7fe515467000 r--s 00172000 fd:02 65079641                   /home/user/.m2/repository/com/google/guava/guava/11.0.2/guava-11.0.2.jar
7fe515467000-7fe51546f000 r--s 0007b000 fd:02 65079757                   /home/user/.m2/repository/com/google/protobuf/protobuf-java/2.5.0/protobuf-java-2.5.0.jar
7fe51546f000-7fe515474000 r--s 0003c000 fd:02 65080539                   /home/user/.m2/repository/info/picocli/picocli/3.9.6/picocli-3.9.6.jar
7fe515474000-7fe515478000 r--s 006b9000 fd:02 65210178                   /home/user/.m2/repository/org/xerial/sqlite-jdbc/3.25.2/sqlite-jdbc-3.25.2.jar
7fe515478000-7fe51547e000 r--s 0003c000 fd:02 65210198                   /home/user/.m2/repository/org/yaml/snakeyaml/1.16/snakeyaml-1.16.jar
7fe51547e000-7fe51547f000 r--s 00002000 fd:02 65080885                   /home/user/.m2/repository/io/opentracing/opentracing-noop/0.31.0/opentracing-noop-0.31.0.jar
7fe51547f000-7fe515481000 r--s 00002000 fd:02 65080876                   /home/user/.m2/repository/io/opentracing/opentracing-api/0.31.0/opentracing-api-0.31.0.jar
7fe515481000-7fe515482000 r--s 00001000 fd:02 65080894                   /home/user/.m2/repository/io/opentracing/opentracing-util/0.31.0/opentracing-util-0.31.0.jar
7fe515482000-7fe515483000 r--s 00001000 fd:02 65080861                   /home/user/.m2/repository/io/opentracing/contrib/opentracing-tracerresolver/0.1.5/opentracing-tracerresolver-0.1.5.jar
7fe515483000-7fe515484000 r--s 00000000 fd:02 65080691                   /home/user/.m2/repository/io/jaegertracing/jaeger-tracerresolver/0.34.0/jaeger-tracerresolver-0.34.0.jar
7fe515484000-7fe515488000 r--s 0001c000 fd:02 65080673                   /home/user/.m2/repository/io/jaegertracing/jaeger-core/0.34.0/jaeger-core-0.34.0.jar
7fe515488000-7fe515489000 r--s 00013000 fd:02 65079922                   /home/user/.m2/repository/com/squareup/okio/okio/1.13.0/okio-1.13.0.jar
7fe515489000-7fe51548f000 r--s 0005e000 fd:02 65079906                   /home/user/.m2/repository/com/squareup/okhttp3/okhttp/3.9.0/okhttp-3.9.0.jar
7fe51548f000-7fe515495000 r--s 00037000 fd:02 65146132                   /home/user/.m2/repository/org/apache/thrift/libthrift/0.12.0/libthrift-0.12.0.jar
7fe515495000-7fe5154a3000 r--s 0009e000 fd:02 65080682                   /home/user/.m2/repository/io/jaegertracing/jaeger-thrift/0.34.0/jaeger-thrift-0.34.0.jar
7fe5154a3000-7fe5154a4000 r--s 00000000 fd:02 65080664                   /home/user/.m2/repository/io/jaegertracing/jaeger-client/0.34.0/jaeger-client-0.34.0.jar
7fe5154a4000-7fe5154a8000 r--s 00020000 fd:02 65080285                   /home/user/.m2/repository/commons-digester/commons-digester/1.8.1/commons-digester-1.8.1.jar
7fe5154a8000-7fe5154ac000 r--s 0002a000 fd:02 65080477                   /home/user/.m2/repository/commons-validator/commons-validator/1.6/commons-validator-1.6.jar
7fe5154ac000-7fe5154bf000 r--s 000b0000 fd:02 65146424                   /home/user/.m2/repository/org/bouncycastle/bcpkix-jdk15on/1.60/bcpkix-jdk15on-1.60.jar
7fe5154bf000-7fe5154c2000 r--s 0001d000 fd:02 65142908                   /home/user/.m2/repository/org/apache/commons/commons-pool2/2.6.0/commons-pool2-2.6.0.jar
7fe5154c2000-7fe5154c5000 r--s 00012000 fd:02 65079851                   /home/user/.m2/repository/com/lmax/disruptor/3.4.2/disruptor-3.4.2.jar
7fe5154c5000-7fe5154e5000 r--s 00167000 fd:02 65143492                   /home/user/.m2/repository/org/apache/logging/log4j/log4j-core/2.11.0/log4j-core-2.11.0.jar
7fe5154e5000-7fe5154eb000 r--s 0003b000 fd:02 65143483                   /home/user/.m2/repository/org/apache/logging/log4j/log4j-api/2.11.0/log4j-api-2.11.0.jar
7fe5154eb000-7fe5154f0000 r--s 00c4f000 fd:02 65209706                   /home/user/.m2/repository/org/rocksdb/rocksdbjni/6.0.1/rocksdbjni-6.0.1.jar
7fe5154f0000-7fe5154f2000 r--s 00019000 fd:02 22681879                   /home/user/.m2/repository/org/apache/ratis/ratis-grpc/0.5.0-201fc85-SNAPSHOT/ratis-grpc-0.5.0-201fc85-SNAPSHOT.jar
7fe5154f2000-7fe5154f4000 r--s 00007000 fd:02 22681878                   /home/user/.m2/repository/org/apache/ratis/ratis-netty/0.5.0-201fc85-SNAPSHOT/ratis-netty-0.5.0-201fc85-SNAPSHOT.jar
7fe5154f4000-7fe5154f6000 r--s 00009000 fd:02 65080529                   /home/user/.m2/repository/info/ganglia/gmetric4j/gmetric4j/1.0.7/gmetric4j-1.0.7.jar
7fe5154f6000-7fe5154f7000 r--s 00002000 fd:02 65080560                   /home/user/.m2/repository/io/dropwizard/metrics/metrics-ganglia/3.2.5/metrics-ganglia-3.2.5.jar
7fe5154f7000-7fe5154f9000 r--s 00008000 fd:02 65080569                   /home/user/.m2/repository/io/dropwizard/metrics/metrics-jvm/3.2.5/metrics-jvm-3.2.5.jar
7fe5154f9000-7fe5154fa000 r--s 00003000 fd:02 65079490                   /home/user/.m2/repository/com/github/joshelser/dropwizard-metrics-hadoop-metrics2-reporter/0.1.2/dropwizard-metrics-hadoop-metrics2-reporter-0.1.2.jar
7fe5154fa000-7fe5154fc000 r--s 0000c000 fd:02 13699269                   /home/user/.m2/repository/org/apache/ratis/ratis-client/0.5.0-201fc85-SNAPSHOT/ratis-client-0.5.0-201fc85-SNAPSHOT.jar
7fe5154fc000-7fe515501000 r--s 0003a000 fd:02 22681874                   /home/user/.m2/repository/org/apache/ratis/ratis-common/0.5.0-201fc85-SNAPSHOT/ratis-common-0.5.0-201fc85-SNAPSHOT.jar
7fe515501000-7fe51550f000 r--s 0010d000 fd:02 22681865                   /home/user/.m2/repository/org/apache/ratis/ratis-proto/0.5.0-201fc85-SNAPSHOT/ratis-proto-0.5.0-201fc85-SNAPSHOT.jar
7fe51550f000-7fe5155e9000 r--s 00cc8000 fd:02 65146082                   /home/user/.m2/repository/org/apache/ratis/ratis-thirdparty-misc/0.2.0/ratis-thirdparty-misc-0.2.0.jar
7fe5155e9000-7fe5155ee000 r--s 00053000 fd:02 131737137                  /home/user/.m2/repository/org/apache/ratis/ratis-server/0.5.0-201fc85-SNAPSHOT/ratis-server-0.5.0-201fc85-SNAPSHOT.jar
7fe5155ee000-7fe5155f0000 r--s 00005000 fd:02 65080932                   /home/user/.m2/repository/javax/annotation/javax.annotation-api/1.2/javax.annotation-api-1.2.jar
7fe5155f0000-7fe515635000 r--s 00486000 fd:02 65143058                   /home/user/.m2/repository/org/apache/hadoop/hadoop-hdfs-client/3.2.0/hadoop-hdfs-client-3.2.0.jar
7fe515635000-7fe51565c000 r--s 00205000 fd:02 65080710                   /home/user/.m2/repository/io/netty/netty-all/4.0.52.Final/netty-all-4.0.52.Final.jar
7fe51565c000-7fe515675000 r--s 0012c000 fd:02 65080701                   /home/user/.m2/repository/io/netty/netty/3.10.5.Final/netty-3.10.5.Final.jar
7fe515675000-7fe5156bd000 r--s 00557000 fd:02 65143049                   /home/user/.m2/repository/org/apache/hadoop/hadoop-hdfs/3.2.0/hadoop-hdfs-3.2.0.jar
7fe5156bd000-7fe5156fb000 r--s 003aa000 fd:02 65143025                   /home/user/.m2/repository/org/apache/hadoop/hadoop-common/3.2.0/hadoop-common-3.2.0.jar
7fe5156fb000-7fe5156fe000 ---p 00000000 00:00 0 
7fe5156fe000-7fe5157fc000 rw-p 00000000 00:00 0 
7fe5157fc000-7fe515a03000 r-xp 00000000 fd:02 64628981                   /usr/lib/jvm/java-1.8-openjdk/jre/lib/amd64/libmanagement.so
7fe515a03000-7fe515a04000 r--p 00007000 fd:02 64628981                   /usr/lib/jvm/java-1.8-openjdk/jre/lib/amd64/libmanagement.so
7fe515a04000-7fe515a05000 rw-p 00008000 fd:02 64628981                   /usr/lib/jvm/java-1.8-openjdk/jre/lib/amd64/libmanagement.so
7fe515a05000-7fe515a08000 ---p 00000000 00:00 0 
7fe515a08000-7fe515b06000 rw-p 00000000 00:00 0 
7fe515b06000-7fe515b07000 ---p 00000000 00:00 0 
7fe515b07000-7fe515c08000 rw-p 00000000 00:00 0 
7fe515c08000-7fe515c0b000 ---p 00000000 00:00 0 
7fe515c0b000-7fe515d09000 rw-p 00000000 00:00 0 
7fe515d09000-7fe515d0a000 ---p 00000000 00:00 0 
7fe515d0a000-7fe515d0d000 ---p 00000000 00:00 0 
7fe515d0d000-7fe515e0b000 rw-p 00000000 00:00 0 
7fe515e0b000-7fe515e0c000 ---p 00000000 00:00 0 
7fe515e0c000-7fe515e0f000 ---p 00000000 00:00 0 
7fe515e0f000-7fe515f0d000 rw-p 00000000 00:00 0 
7fe515f0d000-7fe515f10000 ---p 00000000 00:00 0 
7fe515f10000-7fe51600e000 rw-p 00000000 00:00 0 
7fe51600e000-7fe516011000 ---p 00000000 00:00 0 
7fe516011000-7fe51610f000 rw-p 00000000 00:00 0 
7fe51610f000-7fe516112000 ---p 00000000 00:00 0 
7fe516112000-7fe516210000 rw-p 00000000 00:00 0 
7fe516210000-7fe516211000 ---p 00000000 00:00 0 
7fe516211000-7fe516c1b000 rw-p 00000000 00:00 0 
7fe516c1b000-7fe516deb000 r--s 01f56000 fd:02 64629046                   /usr/lib/jvm/java-1.8-openjdk/jre/lib/rt.jar
7fe516deb000-7fe51ba61000 rw-p 00000000 00:00 0 
7fe51ba61000-7fe51ba62000 ---p 00000000 00:00 0 
7fe51ba62000-7fe51bb63000 rw-p 00000000 00:00 0 
7fe51bb63000-7fe51bb64000 ---p 00000000 00:00 0 
7fe51bb64000-7fe51be08000 rw-p 00000000 00:00 0 
7fe51be08000-7fe51bf10000 ---p 00000000 00:00 0 
7fe51bf10000-7fe51c0b3000 rw-p 00000000 00:00 0 
7fe51c0b3000-7fe51c1ba000 ---p 00000000 00:00 0 
7fe51c1ba000-7fe51c330000 rw-p 00000000 00:00 0 
7fe51c330000-7fe51c6d1000 ---p 00000000 00:00 0 
7fe51c6d1000-7fe51ce91000 rwxp 00000000 00:00 0 
7fe51ce91000-7fe52b6d1000 ---p 00000000 00:00 0 
7fe52b6d1000-7fe52b8d8000 r-xp 00000000 fd:02 64628990                   /usr/lib/jvm/java-1.8-openjdk/jre/lib/amd64/libzip.so
7fe52b8d8000-7fe52b8d9000 r--p 00007000 fd:02 64628990                   /usr/lib/jvm/java-1.8-openjdk/jre/lib/amd64/libzip.so
7fe52b8d9000-7fe52b8da000 rw-p 00008000 fd:02 64628990                   /usr/lib/jvm/java-1.8-openjdk/jre/lib/amd64/libzip.so
7fe52b8da000-7fe52bb05000 r-xp 00000000 fd:02 64628971                   /usr/lib/jvm/java-1.8-openjdk/jre/lib/amd64/libjava.so
7fe52bb05000-7fe52bb06000 r--p 0002b000 fd:02 64628971                   /usr/lib/jvm/java-1.8-openjdk/jre/lib/amd64/libjava.so
7fe52bb06000-7fe52bb07000 rw-p 0002c000 fd:02 64628971                   /usr/lib/jvm/java-1.8-openjdk/jre/lib/amd64/libjava.so
7fe52bb07000-7fe52bb08000 rw-p 00000000 00:00 0 
7fe52bb08000-7fe52bd14000 r-xp 00000000 fd:02 64628989                   /usr/lib/jvm/java-1.8-openjdk/jre/lib/amd64/libverify.so
7fe52bd14000-7fe52bd16000 r--p 0000c000 fd:02 64628989                   /usr/lib/jvm/java-1.8-openjdk/jre/lib/amd64/libverify.so
7fe52bd16000-7fe52bd17000 rw-p 0000e000 fd:02 64628989                   /usr/lib/jvm/java-1.8-openjdk/jre/lib/amd64/libverify.so
7fe52bd17000-7fe52bf27000 r-xp 00000000 fd:02 64629147                   /usr/lib/libgcc_s.so.1
7fe52bf27000-7fe52bf28000 r--p 00010000 fd:02 64629147                   /usr/lib/libgcc_s.so.1
7fe52bf28000-7fe52bf29000 rw-p 00011000 fd:02 64629147                   /usr/lib/libgcc_s.so.1
7fe52bf29000-7fe52c26a000 r-xp 00000000 fd:02 64629270                   /usr/lib/libstdc++.so.6.0.22
7fe52c26a000-7fe52c278000 r--p 00141000 fd:02 64629270                   /usr/lib/libstdc++.so.6.0.22
7fe52c278000-7fe52c279000 rw-p 0014f000 fd:02 64629270                   /usr/lib/libstdc++.so.6.0.22
7fe52c279000-7fe52c27c000 rw-p 00000000 00:00 0 
7fe52c27c000-7fe52cc50000 r-xp 00000000 fd:02 64628994                   /usr/lib/jvm/java-1.8-openjdk/jre/lib/amd64/server/libjvm.so
7fe52cc50000-7fe52cce6000 r--p 007d4000 fd:02 64628994                   /usr/lib/jvm/java-1.8-openjdk/jre/lib/amd64/server/libjvm.so
7fe52cce6000-7fe52cd0e000 rw-p 0086a000 fd:02 64628994                   /usr/lib/jvm/java-1.8-openjdk/jre/lib/amd64/server/libjvm.so
7fe52cd0e000-7fe52cd3f000 rw-p 00000000 00:00 0 
7fe52cd3f000-7fe52cf54000 r-xp 00000000 fd:02 102564881                  /lib/libz.so.1.2.11
7fe52cf54000-7fe52cf55000 r--p 00015000 fd:02 102564881                  /lib/libz.so.1.2.11
7fe52cf55000-7fe52cf56000 rw-p 00016000 fd:02 102564881                  /lib/libz.so.1.2.11
7fe52cf56000-7fe52d162000 r-xp 00000000 fd:02 64628955                   /usr/lib/jvm/java-1.8-openjdk/jre/lib/amd64/jli/libjli.so
7fe52d162000-7fe52d163000 r--p 0000c000 fd:02 64628955                   /usr/lib/jvm/java-1.8-openjdk/jre/lib/amd64/jli/libjli.so
7fe52d163000-7fe52d164000 rw-p 0000d000 fd:02 64628955                   /usr/lib/jvm/java-1.8-openjdk/jre/lib/amd64/jli/libjli.so
7fe52d164000-7fe52d1f1000 r-xp 00000000 fd:02 64623048                   /lib/ld-musl-x86_64.so.1
7fe52d1f1000-7fe52d1f2000 r--s 00006000 fd:02 22681877                   /home/user/.m2/repository/org/apache/ratis/ratis-metrics/0.5.0-201fc85-SNAPSHOT/ratis-metrics-0.5.0-201fc85-SNAPSHOT.jar
7fe52d1f2000-7fe52d1f5000 r--s 0000e000 fd:02 65079279                   /home/user/.m2/repository/com/fasterxml/jackson/core/jackson-annotations/2.9.9/jackson-annotations-2.9.9.jar
7fe52d1f5000-7fe52d1f8000 r--s 000fd000 fd:02 65208803                   /home/user/.m2/repository/org/fusesource/leveldbjni/leveldbjni-all/1.8/leveldbjni-all-1.8.jar
7fe52d1f8000-7fe52d1f9000 r--s 00005000 fd:02 65080259                   /home/user/.m2/repository/commons-daemon/commons-daemon/1.0.13/commons-daemon-1.0.13.jar
7fe52d1f9000-7fe52d1fb000 r--s 00008000 fd:02 65208723                   /home/user/.m2/repository/org/eclipse/jetty/jetty-util-ajax/9.3.25.v20180904/jetty-util-ajax-9.3.25.v20180904.jar
7fe52d1fb000-7fe52d1ff000 r--s 00014000 fd:02 65210134                   /home/user/.m2/repository/org/tukaani/xz/1.0/xz-1.0.jar
7fe52d1ff000-7fe52d204000 r--s 00036000 fd:02 65081602                   /home/user/.m2/repository/org/apache/commons/commons-compress/1.4.1/commons-compress-1.4.1.jar
7fe52d204000-7fe52d206000 r--s 00002000 fd:02 65145771                   /home/user/.m2/repository/org/apache/maven/surefire/surefire-logger-api/3.0.0-M1/surefire-logger-api-3.0.0-M1.jar
7fe52d206000-7fe52d20b000 r--s 00027000 fd:02 65145753                   /home/user/.m2/repository/org/apache/maven/surefire/surefire-api/3.0.0-M1/surefire-api-3.0.0-M1.jar
7fe52d20b000-7fe52d211000 r--s 00047000 fd:02 65145762                   /home/user/.m2/repository/org/apache/maven/surefire/surefire-booter/3.0.0-M1/surefire-booter-3.0.0-M1.jar
7fe52d211000-7fe52d212000 r--s 00004000 fd:04 37882511                   /workdir/hadoop-ozone/ozone-manager/target/surefire/surefirebooter1391799083685038610.jar
7fe52d212000-7fe52d213000 r--s 00000000 fd:02 102564817                  /etc/localtime
7fe52d213000-7fe52d2e4000 rw-p 00000000 00:00 0 
7fe52d2e4000-7fe52d2ec000 rw-s 00000000 fd:02 22681880                   /tmp/hsperfdata_jenkins1000/13540
7fe52d2ec000-7fe52d2ed000 rw-p 00000000 00:00 0 
7fe52d2ed000-7fe52d2ee000 r--p 00000000 00:00 0 
7fe52d2ee000-7fe52d2f0000 ---p 00000000 00:00 0 
7fe52d2f0000-7fe52d2f3000 ---p 00000000 00:00 0 
7fe52d2f3000-7fe52d3f1000 rw-p 00000000 00:00 0 
7fe52d3f1000-7fe52d3f2000 r--p 0008d000 fd:02 64623048                   /lib/ld-musl-x86_64.so.1
7fe52d3f2000-7fe52d3f3000 rw-p 0008e000 fd:02 64623048                   /lib/ld-musl-x86_64.so.1
7fe52d3f3000-7fe52d3f6000 rw-p 00000000 00:00 0 
7ffca0d15000-7ffca0d37000 rw-p 00000000 00:00 0                          [stack]
7ffca0d9f000-7ffca0da1000 r-xp 00000000 00:00 0                          [vdso]
ffffffffff600000-ffffffffff601000 r-xp 00000000 00:00 0                  [vsyscall]

VM Arguments:
jvm_args: -Xmx2048m -XX:+HeapDumpOnOutOfMemoryError 
java_command: /workdir/hadoop-ozone/ozone-manager/target/surefire/surefirebooter1391799083685038610.jar /workdir/hadoop-ozone/ozone-manager/target/surefire 2019-10-08T05-15-19_680-jvmRun1 surefire6112147795379347010tmp surefire_565473017794128313630tmp
java_class_path (initial): /workdir/hadoop-ozone/ozone-manager/target/surefire/surefirebooter1391799083685038610.jar
Launcher Type: SUN_STANDARD

Environment Variables:
PATH=/usr/local/sbin:/usr/local/bin:/usr/sbin:/usr/bin:/sbin:/bin:/opt/findbugs/bin:/opt/blockade/bin
LD_LIBRARY_PATH=/usr/lib/jvm/java-1.8-openjdk/jre/lib/amd64/server:/usr/lib/jvm/java-1.8-openjdk/jre/lib/amd64:/usr/lib/jvm/java-1.8-openjdk/jre/../lib/amd64:/workdir/hadoop-ozone/ozone-manager/target/native/target/usr/local/lib:/workdir/hadoop-ozone/ozone-manager/../../hadoop-common-project/hadoop-common/target/native/target/usr/local/lib
DYLD_LIBRARY_PATH=${env.DYLD_LIBRARY_PATH}:/workdir/hadoop-ozone/ozone-manager/target/native/target/usr/local/lib:/workdir/hadoop-ozone/ozone-manager/../../hadoop-common-project/hadoop-common/target/native/target/usr/local/lib

Signal Handlers:
SIGSEGV: [libjvm.so+0x600fd2], sa_mask[0]=11111111011111111101111111111110, sa_flags=SA_RESTART|SA_SIGINFO
SIGBUS: [libjvm.so+0x600fd2], sa_mask[0]=11111111011111111101111111111110, sa_flags=SA_RESTART|SA_SIGINFO
SIGFPE: [libjvm.so+0x539502], sa_mask[0]=11111111011111111101111111111110, sa_flags=SA_RESTART|SA_SIGINFO
SIGPIPE: [libjvm.so+0x539502], sa_mask[0]=11111111011111111101111111111110, sa_flags=SA_RESTART|SA_SIGINFO
SIGXFSZ: [libjvm.so+0x539502], sa_mask[0]=11111111011111111101111111111110, sa_flags=SA_RESTART|SA_SIGINFO
SIGILL: [libjvm.so+0x539502], sa_mask[0]=11111111011111111101111111111110, sa_flags=SA_RESTART|SA_SIGINFO
SIGUSR1: SIG_DFL, sa_mask[0]=00000000000000000000000000000000, sa_flags=none
SIGUSR2: [libjvm.so+0x5396a1], sa_mask[0]=00100000000000000000000000000000, sa_flags=SA_RESTART|SA_SIGINFO
SIGHUP: [libjvm.so+0x53b719], sa_mask[0]=11111111011111111101111111111110, sa_flags=SA_RESTART|SA_SIGINFO
SIGINT: [libjvm.so+0x53b719], sa_mask[0]=11111111011111111101111111111110, sa_flags=SA_RESTART|SA_SIGINFO
SIGTERM: [libjvm.so+0x53b719], sa_mask[0]=11111111011111111101111111111110, sa_flags=SA_RESTART|SA_SIGINFO
SIGQUIT: [libjvm.so+0x53b719], sa_mask[0]=11111111011111111101111111111110, sa_flags=SA_RESTART|SA_SIGINFO


---------------  S Y S T E M  ---------------

OS:NAME="Alpine Linux"
ID=alpine
VERSION_ID=3.8.2
PRETTY_NAME="Alpine Linux v3.8"
HOME_URL="http://alpinelinux.org"
BUG_REPORT_URL="http://bugs.alpinelinux.org"

uname:Linux 3.10.0-957.12.2.el7.x86_64 #1 SMP Tue May 14 21:24:32 UTC 2019 x86_64
libc:glibc 2.9 NPTL 
rlimit: STACK 8192k, CORE infinity, NPROC 1048576, NOFILE 1048576, AS infinity
load average:2.13 2.05 2.65

/proc/meminfo:
MemTotal:       263864160 kB
MemFree:         8759980 kB
MemAvailable:   249743728 kB
Buffers:        12353188 kB
Cached:         215796760 kB
SwapCached:            0 kB
Active:         131719136 kB
Inactive:       102597428 kB
Active(anon):    8853760 kB
Inactive(anon):  1743836 kB
Active(file):   122865376 kB
Inactive(file): 100853592 kB
Unevictable:       13856 kB
Mlocked:           13856 kB
SwapTotal:             0 kB
SwapFree:              0 kB
Dirty:              8896 kB
Writeback:             0 kB
AnonPages:       6182440 kB
Mapped:           237268 kB
Shmem:           4426864 kB
Slab:           19039936 kB
SReclaimable:   18148960 kB
SUnreclaim:       890976 kB
KernelStack:       35824 kB
PageTables:        25796 kB
NFS_Unstable:          0 kB
Bounce:                0 kB
WritebackTmp:          0 kB
CommitLimit:    131932080 kB
Committed_AS:   25293128 kB
VmallocTotal:   34359738367 kB
VmallocUsed:      711924 kB
VmallocChunk:   34224670720 kB
HardwareCorrupted:     0 kB
AnonHugePages:   3966976 kB
CmaTotal:              0 kB
CmaFree:               0 kB
HugePages_Total:       0
HugePages_Free:        0
HugePages_Rsvd:        0
HugePages_Surp:        0
Hugepagesize:       2048 kB
DirectMap4k:      494312 kB
DirectMap2M:    15126528 kB
DirectMap1G:    254803968 kB

container (cgroup) information:
container_type: cgroupv1
cpu_cpuset_cpus: 0-31
cpu_memory_nodes: 0-1
active_processor_count: 2
cpu_quota: -1
cpu_period: 100000
cpu_shares: 2048
memory_limit_in_bytes: -1
memory_and_swap_limit_in_bytes: -1
memory_soft_limit_in_bytes: -1
memory_usage_in_bytes: 5179723776
memory_max_usage_in_bytes: 5435789312


CPU:total 32 (initial active 2) (8 cores per cpu, 2 threads per core) family 6 model 63 stepping 2, cmov, cx8, fxsr, mmx, sse, sse2, sse3, ssse3, sse4.1, sse4.2, popcnt, avx, avx2, aes, clmul, erms, lzcnt, ht, tsc, tscinvbit, bmi1, bmi2

/proc/cpuinfo:
processor	: 0
vendor_id	: GenuineIntel
cpu family	: 6
model		: 63
model name	: Intel(R) Xeon(R) CPU E5-2630 v3 @ 2.40GHz
stepping	: 2
microcode	: 0x43
cpu MHz		: 1246.875
cache size	: 20480 KB
physical id	: 0
siblings	: 16
core id		: 0
cpu cores	: 8
apicid		: 0
initial apicid	: 0
fpu		: yes
fpu_exception	: yes
cpuid level	: 15
wp		: yes
flags		: fpu vme de pse tsc msr pae mce cx8 apic sep mtrr pge mca cmov pat pse36 clflush dts acpi mmx fxsr sse sse2 ss ht tm pbe syscall nx pdpe1gb rdtscp lm constant_tsc arch_perfmon pebs bts rep_good nopl xtopology nonstop_tsc aperfmperf eagerfpu pni pclmulqdq dtes64 monitor ds_cpl vmx smx est tm2 ssse3 sdbg fma cx16 xtpr pdcm pcid dca sse4_1 sse4_2 x2apic movbe popcnt tsc_deadline_timer aes xsave avx f16c rdrand lahf_lm abm epb intel_ppin ssbd ibrs ibpb stibp tpr_shadow vnmi flexpriority ept vpid fsgsbase tsc_adjust bmi1 avx2 smep bmi2 erms invpcid cqm xsaveopt cqm_llc cqm_occup_llc dtherm ida arat pln pts md_clear spec_ctrl intel_stibp flush_l1d
bogomips	: 4788.46
clflush size	: 64
cache_alignment	: 64
address sizes	: 46 bits physical, 48 bits virtual
power management:

processor	: 1
vendor_id	: GenuineIntel
cpu family	: 6
model		: 63
model name	: Intel(R) Xeon(R) CPU E5-2630 v3 @ 2.40GHz
stepping	: 2
microcode	: 0x43
cpu MHz		: 1200.000
cache size	: 20480 KB
physical id	: 0
siblings	: 16
core id		: 1
cpu cores	: 8
apicid		: 2
initial apicid	: 2
fpu		: yes
fpu_exception	: yes
cpuid level	: 15
wp		: yes
flags		: fpu vme de pse tsc msr pae mce cx8 apic sep mtrr pge mca cmov pat pse36 clflush dts acpi mmx fxsr sse sse2 ss ht tm pbe syscall nx pdpe1gb rdtscp lm constant_tsc arch_perfmon pebs bts rep_good nopl xtopology nonstop_tsc aperfmperf eagerfpu pni pclmulqdq dtes64 monitor ds_cpl vmx smx est tm2 ssse3 sdbg fma cx16 xtpr pdcm pcid dca sse4_1 sse4_2 x2apic movbe popcnt tsc_deadline_timer aes xsave avx f16c rdrand lahf_lm abm epb intel_ppin ssbd ibrs ibpb stibp tpr_shadow vnmi flexpriority ept vpid fsgsbase tsc_adjust bmi1 avx2 smep bmi2 erms invpcid cqm xsaveopt cqm_llc cqm_occup_llc dtherm ida arat pln pts md_clear spec_ctrl intel_stibp flush_l1d
bogomips	: 4788.46
clflush size	: 64
cache_alignment	: 64
address sizes	: 46 bits physical, 48 bits virtual
power management:

processor	: 2
vendor_id	: GenuineIntel
cpu family	: 6
model		: 63
model name	: Intel(R) Xeon(R) CPU E5-2630 v3 @ 2.40GHz
stepping	: 2
microcode	: 0x43
cpu MHz		: 1339.013
cache size	: 20480 KB
physical id	: 0
siblings	: 16
core id		: 2
cpu cores	: 8
apicid		: 4
initial apicid	: 4
fpu		: yes
fpu_exception	: yes
cpuid level	: 15
wp		: yes
flags		: fpu vme de pse tsc msr pae mce cx8 apic sep mtrr pge mca cmov pat pse36 clflush dts acpi mmx fxsr sse sse2 ss ht tm pbe syscall nx pdpe1gb rdtscp lm constant_tsc arch_perfmon pebs bts rep_good nopl xtopology nonstop_tsc aperfmperf eagerfpu pni pclmulqdq dtes64 monitor ds_cpl vmx smx est tm2 ssse3 sdbg fma cx16 xtpr pdcm pcid dca sse4_1 sse4_2 x2apic movbe popcnt tsc_deadline_timer aes xsave avx f16c rdrand lahf_lm abm epb intel_ppin ssbd ibrs ibpb stibp tpr_shadow vnmi flexpriority ept vpid fsgsbase tsc_adjust bmi1 avx2 smep bmi2 erms invpcid cqm xsaveopt cqm_llc cqm_occup_llc dtherm ida arat pln pts md_clear spec_ctrl intel_stibp flush_l1d
bogomips	: 4788.46
clflush size	: 64
cache_alignment	: 64
address sizes	: 46 bits physical, 48 bits virtual
power management:

processor	: 3
vendor_id	: GenuineIntel
cpu family	: 6
model		: 63
model name	: Intel(R) Xeon(R) CPU E5-2630 v3 @ 2.40GHz
stepping	: 2
microcode	: 0x43
cpu MHz		: 1373.876
cache size	: 20480 KB
physical id	: 0
siblings	: 16
core id		: 3
cpu cores	: 8
apicid		: 6
initial apicid	: 6
fpu		: yes
fpu_exception	: yes
cpuid level	: 15
wp		: yes
flags		: fpu vme de pse tsc msr pae mce cx8 apic sep mtrr pge mca cmov pat pse36 clflush dts acpi mmx fxsr sse sse2 ss ht tm pbe syscall nx pdpe1gb rdtscp lm constant_tsc arch_perfmon pebs bts rep_good nopl xtopology nonstop_tsc aperfmperf eagerfpu pni pclmulqdq dtes64 monitor ds_cpl vmx smx est tm2 ssse3 sdbg fma cx16 xtpr pdcm pcid dca sse4_1 sse4_2 x2apic movbe popcnt tsc_deadline_timer aes xsave avx f16c rdrand lahf_lm abm epb intel_ppin ssbd ibrs ibpb stibp tpr_shadow vnmi flexpriority ept vpid fsgsbase tsc_adjust bmi1 avx2 smep bmi2 erms invpcid cqm xsaveopt cqm_llc cqm_occup_llc dtherm ida arat pln pts md_clear spec_ctrl intel_stibp flush_l1d
bogomips	: 4788.46
clflush size	: 64
cache_alignment	: 64
address sizes	: 46 bits physical, 48 bits virtual
power management:

processor	: 4
vendor_id	: GenuineIntel
cpu family	: 6
model		: 63
model name	: Intel(R) Xeon(R) CPU E5-2630 v3 @ 2.40GHz
stepping	: 2
microcode	: 0x43
cpu MHz		: 1299.902
cache size	: 20480 KB
physical id	: 0
siblings	: 16
core id		: 4
cpu cores	: 8
apicid		: 8
initial apicid	: 8
fpu		: yes
fpu_exception	: yes
cpuid level	: 15
wp		: yes
flags		: fpu vme de pse tsc msr pae mce cx8 apic sep mtrr pge mca cmov pat pse36 clflush dts acpi mmx fxsr sse sse2 ss ht tm pbe syscall nx pdpe1gb rdtscp lm constant_tsc arch_perfmon pebs bts rep_good nopl xtopology nonstop_tsc aperfmperf eagerfpu pni pclmulqdq dtes64 monitor ds_cpl vmx smx est tm2 ssse3 sdbg fma cx16 xtpr pdcm pcid dca sse4_1 sse4_2 x2apic movbe popcnt tsc_deadline_timer aes xsave avx f16c rdrand lahf_lm abm epb intel_ppin ssbd ibrs ibpb stibp tpr_shadow vnmi flexpriority ept vpid fsgsbase tsc_adjust bmi1 avx2 smep bmi2 erms invpcid cqm xsaveopt cqm_llc cqm_occup_llc dtherm ida arat pln pts md_clear spec_ctrl intel_stibp flush_l1d
bogomips	: 4788.46
clflush size	: 64
cache_alignment	: 64
address sizes	: 46 bits physical, 48 bits virtual
power management:

processor	: 5
vendor_id	: GenuineIntel
cpu family	: 6
model		: 63
model name	: Intel(R) Xeon(R) CPU E5-2630 v3 @ 2.40GHz
stepping	: 2
microcode	: 0x43
cpu MHz		: 1200.000
cache size	: 20480 KB
physical id	: 0
siblings	: 16
core id		: 5
cpu cores	: 8
apicid		: 10
initial apicid	: 10
fpu		: yes
fpu_exception	: yes
cpuid level	: 15
wp		: yes
flags		: fpu vme de pse tsc msr pae mce cx8 apic sep mtrr pge mca cmov pat pse36 clflush dts acpi mmx fxsr sse sse2 ss ht tm pbe syscall nx pdpe1gb rdtscp lm constant_tsc arch_perfmon pebs bts rep_good nopl xtopology nonstop_tsc aperfmperf eagerfpu pni pclmulqdq dtes64 monitor ds_cpl vmx smx est tm2 ssse3 sdbg fma cx16 xtpr pdcm pcid dca sse4_1 sse4_2 x2apic movbe popcnt tsc_deadline_timer aes xsave avx f16c rdrand lahf_lm abm epb intel_ppin ssbd ibrs ibpb stibp tpr_shadow vnmi flexpriority ept vpid fsgsbase tsc_adjust bmi1 avx2 smep bmi2 erms invpcid cqm xsaveopt cqm_llc cqm_occup_llc dtherm ida arat pln pts md_clear spec_ctrl intel_stibp flush_l1d
bogomips	: 4788.46
clflush size	: 64
cache_alignment	: 64
address sizes	: 46 bits physical, 48 bits virtual
power management:

processor	: 6
vendor_id	: GenuineIntel
cpu family	: 6
model		: 63
model name	: Intel(R) Xeon(R) CPU E5-2630 v3 @ 2.40GHz
stepping	: 2
microcode	: 0x43
cpu MHz		: 1262.402
cache size	: 20480 KB
physical id	: 0
siblings	: 16
core id		: 6
cpu cores	: 8
apicid		: 12
initial apicid	: 12
fpu		: yes
fpu_exception	: yes
cpuid level	: 15
wp		: yes
flags		: fpu vme de pse tsc msr pae mce cx8 apic sep mtrr pge mca cmov pat pse36 clflush dts acpi mmx fxsr sse sse2 ss ht tm pbe syscall nx pdpe1gb rdtscp lm constant_tsc arch_perfmon pebs bts rep_good nopl xtopology nonstop_tsc aperfmperf eagerfpu pni pclmulqdq dtes64 monitor ds_cpl vmx smx est tm2 ssse3 sdbg fma cx16 xtpr pdcm pcid dca sse4_1 sse4_2 x2apic movbe popcnt tsc_deadline_timer aes xsave avx f16c rdrand lahf_lm abm epb intel_ppin ssbd ibrs ibpb stibp tpr_shadow vnmi flexpriority ept vpid fsgsbase tsc_adjust bmi1 avx2 smep bmi2 erms invpcid cqm xsaveopt cqm_llc cqm_occup_llc dtherm ida arat pln pts md_clear spec_ctrl intel_stibp flush_l1d
bogomips	: 4788.46
clflush size	: 64
cache_alignment	: 64
address sizes	: 46 bits physical, 48 bits virtual
power management:

processor	: 7
vendor_id	: GenuineIntel
cpu family	: 6
model		: 63
model name	: Intel(R) Xeon(R) CPU E5-2630 v3 @ 2.40GHz
stepping	: 2
microcode	: 0x43
cpu MHz		: 1200.146
cache size	: 20480 KB
physical id	: 0
siblings	: 16
core id		: 7
cpu cores	: 8
apicid		: 14
initial apicid	: 14
fpu		: yes
fpu_exception	: yes
cpuid level	: 15
wp		: yes
flags		: fpu vme de pse tsc msr pae mce cx8 apic sep mtrr pge mca cmov pat pse36 clflush dts acpi mmx fxsr sse sse2 ss ht tm pbe syscall nx pdpe1gb rdtscp lm constant_tsc arch_perfmon pebs bts rep_good nopl xtopology nonstop_tsc aperfmperf eagerfpu pni pclmulqdq dtes64 monitor ds_cpl vmx smx est tm2 ssse3 sdbg fma cx16 xtpr pdcm pcid dca sse4_1 sse4_2 x2apic movbe popcnt tsc_deadline_timer aes xsave avx f16c rdrand lahf_lm abm epb intel_ppin ssbd ibrs ibpb stibp tpr_shadow vnmi flexpriority ept vpid fsgsbase tsc_adjust bmi1 avx2 smep bmi2 erms invpcid cqm xsaveopt cqm_llc cqm_occup_llc dtherm ida arat pln pts md_clear spec_ctrl intel_stibp flush_l1d
bogomips	: 4788.46
clflush size	: 64
cache_alignment	: 64
address sizes	: 46 bits physical, 48 bits virtual
power management:

processor	: 8
vendor_id	: GenuineIntel
cpu family	: 6
model		: 63
model name	: Intel(R) Xeon(R) CPU E5-2630 v3 @ 2.40GHz
stepping	: 2
microcode	: 0x43
cpu MHz		: 1200.000
cache size	: 20480 KB
physical id	: 1
siblings	: 16
core id		: 0
cpu cores	: 8
apicid		: 16
initial apicid	: 16
fpu		: yes
fpu_exception	: yes
cpuid level	: 15
wp		: yes
flags		: fpu vme de pse tsc msr pae mce cx8 apic sep mtrr pge mca cmov pat pse36 clflush dts acpi mmx fxsr sse sse2 ss ht tm pbe syscall nx pdpe1gb rdtscp lm constant_tsc arch_perfmon pebs bts rep_good nopl xtopology nonstop_tsc aperfmperf eagerfpu pni pclmulqdq dtes64 monitor ds_cpl vmx smx est tm2 ssse3 sdbg fma cx16 xtpr pdcm pcid dca sse4_1 sse4_2 x2apic movbe popcnt tsc_deadline_timer aes xsave avx f16c rdrand lahf_lm abm epb intel_ppin ssbd ibrs ibpb stibp tpr_shadow vnmi flexpriority ept vpid fsgsbase tsc_adjust bmi1 avx2 smep bmi2 erms invpcid cqm xsaveopt cqm_llc cqm_occup_llc dtherm ida arat pln pts md_clear spec_ctrl intel_stibp flush_l1d
bogomips	: 4793.49
clflush size	: 64
cache_alignment	: 64
address sizes	: 46 bits physical, 48 bits virtual
power management:

processor	: 9
vendor_id	: GenuineIntel
cpu family	: 6
model		: 63
model name	: Intel(R) Xeon(R) CPU E5-2630 v3 @ 2.40GHz
stepping	: 2
microcode	: 0x43
cpu MHz		: 1333.886
cache size	: 20480 KB
physical id	: 1
siblings	: 16
core id		: 1
cpu cores	: 8
apicid		: 18
initial apicid	: 18
fpu		: yes
fpu_exception	: yes
cpuid level	: 15
wp		: yes
flags		: fpu vme de pse tsc msr pae mce cx8 apic sep mtrr pge mca cmov pat pse36 clflush dts acpi mmx fxsr sse sse2 ss ht tm pbe syscall nx pdpe1gb rdtscp lm constant_tsc arch_perfmon pebs bts rep_good nopl xtopology nonstop_tsc aperfmperf eagerfpu pni pclmulqdq dtes64 monitor ds_cpl vmx smx est tm2 ssse3 sdbg fma cx16 xtpr pdcm pcid dca sse4_1 sse4_2 x2apic movbe popcnt tsc_deadline_timer aes xsave avx f16c rdrand lahf_lm abm epb intel_ppin ssbd ibrs ibpb stibp tpr_shadow vnmi flexpriority ept vpid fsgsbase tsc_adjust bmi1 avx2 smep bmi2 erms invpcid cqm xsaveopt cqm_llc cqm_occup_llc dtherm ida arat pln pts md_clear spec_ctrl intel_stibp flush_l1d
bogomips	: 4793.49
clflush size	: 64
cache_alignment	: 64
address sizes	: 46 bits physical, 48 bits virtual
power management:

processor	: 10
vendor_id	: GenuineIntel
cpu family	: 6
model		: 63
model name	: Intel(R) Xeon(R) CPU E5-2630 v3 @ 2.40GHz
stepping	: 2
microcode	: 0x43
cpu MHz		: 1269.433
cache size	: 20480 KB
physical id	: 1
siblings	: 16
core id		: 2
cpu cores	: 8
apicid		: 20
initial apicid	: 20
fpu		: yes
fpu_exception	: yes
cpuid level	: 15
wp		: yes
flags		: fpu vme de pse tsc msr pae mce cx8 apic sep mtrr pge mca cmov pat pse36 clflush dts acpi mmx fxsr sse sse2 ss ht tm pbe syscall nx pdpe1gb rdtscp lm constant_tsc arch_perfmon pebs bts rep_good nopl xtopology nonstop_tsc aperfmperf eagerfpu pni pclmulqdq dtes64 monitor ds_cpl vmx smx est tm2 ssse3 sdbg fma cx16 xtpr pdcm pcid dca sse4_1 sse4_2 x2apic movbe popcnt tsc_deadline_timer aes xsave avx f16c rdrand lahf_lm abm epb intel_ppin ssbd ibrs ibpb stibp tpr_shadow vnmi flexpriority ept vpid fsgsbase tsc_adjust bmi1 avx2 smep bmi2 erms invpcid cqm xsaveopt cqm_llc cqm_occup_llc dtherm ida arat pln pts md_clear spec_ctrl intel_stibp flush_l1d
bogomips	: 4793.49
clflush size	: 64
cache_alignment	: 64
address sizes	: 46 bits physical, 48 bits virtual
power management:

processor	: 11
vendor_id	: GenuineIntel
cpu family	: 6
model		: 63
model name	: Intel(R) Xeon(R) CPU E5-2630 v3 @ 2.40GHz
stepping	: 2
microcode	: 0x43
cpu MHz		: 1200.000
cache size	: 20480 KB
physical id	: 1
siblings	: 16
core id		: 3
cpu cores	: 8
apicid		: 22
initial apicid	: 22
fpu		: yes
fpu_exception	: yes
cpuid level	: 15
wp		: yes
flags		: fpu vme de pse tsc msr pae mce cx8 apic sep mtrr pge mca cmov pat pse36 clflush dts acpi mmx fxsr sse sse2 ss ht tm pbe syscall nx pdpe1gb rdtscp lm constant_tsc arch_perfmon pebs bts rep_good nopl xtopology nonstop_tsc aperfmperf eagerfpu pni pclmulqdq dtes64 monitor ds_cpl vmx smx est tm2 ssse3 sdbg fma cx16 xtpr pdcm pcid dca sse4_1 sse4_2 x2apic movbe popcnt tsc_deadline_timer aes xsave avx f16c rdrand lahf_lm abm epb intel_ppin ssbd ibrs ibpb stibp tpr_shadow vnmi flexpriority ept vpid fsgsbase tsc_adjust bmi1 avx2 smep bmi2 erms invpcid cqm xsaveopt cqm_llc cqm_occup_llc dtherm ida arat pln pts md_clear spec_ctrl intel_stibp flush_l1d
bogomips	: 4793.49
clflush size	: 64
cache_alignment	: 64
address sizes	: 46 bits physical, 48 bits virtual
power management:

processor	: 12
vendor_id	: GenuineIntel
cpu family	: 6
model		: 63
model name	: Intel(R) Xeon(R) CPU E5-2630 v3 @ 2.40GHz
stepping	: 2
microcode	: 0x43
cpu MHz		: 1356.152
cache size	: 20480 KB
physical id	: 1
siblings	: 16
core id		: 4
cpu cores	: 8
apicid		: 24
initial apicid	: 24
fpu		: yes
fpu_exception	: yes
cpuid level	: 15
wp		: yes
flags		: fpu vme de pse tsc msr pae mce cx8 apic sep mtrr pge mca cmov pat pse36 clflush dts acpi mmx fxsr sse sse2 ss ht tm pbe syscall nx pdpe1gb rdtscp lm constant_tsc arch_perfmon pebs bts rep_good nopl xtopology nonstop_tsc aperfmperf eagerfpu pni pclmulqdq dtes64 monitor ds_cpl vmx smx est tm2 ssse3 sdbg fma cx16 xtpr pdcm pcid dca sse4_1 sse4_2 x2apic movbe popcnt tsc_deadline_timer aes xsave avx f16c rdrand lahf_lm abm epb intel_ppin ssbd ibrs ibpb stibp tpr_shadow vnmi flexpriority ept vpid fsgsbase tsc_adjust bmi1 avx2 smep bmi2 erms invpcid cqm xsaveopt cqm_llc cqm_occup_llc dtherm ida arat pln pts md_clear spec_ctrl intel_stibp flush_l1d
bogomips	: 4793.49
clflush size	: 64
cache_alignment	: 64
address sizes	: 46 bits physical, 48 bits virtual
power management:

processor	: 13
vendor_id	: GenuineIntel
cpu family	: 6
model		: 63
model name	: Intel(R) Xeon(R) CPU E5-2630 v3 @ 2.40GHz
stepping	: 2
microcode	: 0x43
cpu MHz		: 1241.894
cache size	: 20480 KB
physical id	: 1
siblings	: 16
core id		: 5
cpu cores	: 8
apicid		: 26
initial apicid	: 26
fpu		: yes
fpu_exception	: yes
cpuid level	: 15
wp		: yes
flags		: fpu vme de pse tsc msr pae mce cx8 apic sep mtrr pge mca cmov pat pse36 clflush dts acpi mmx fxsr sse sse2 ss ht tm pbe syscall nx pdpe1gb rdtscp lm constant_tsc arch_perfmon pebs bts rep_good nopl xtopology nonstop_tsc aperfmperf eagerfpu pni pclmulqdq dtes64 monitor ds_cpl vmx smx est tm2 ssse3 sdbg fma cx16 xtpr pdcm pcid dca sse4_1 sse4_2 x2apic movbe popcnt tsc_deadline_timer aes xsave avx f16c rdrand lahf_lm abm epb intel_ppin ssbd ibrs ibpb stibp tpr_shadow vnmi flexpriority ept vpid fsgsbase tsc_adjust bmi1 avx2 smep bmi2 erms invpcid cqm xsaveopt cqm_llc cqm_occup_llc dtherm ida arat pln pts md_clear spec_ctrl intel_stibp flush_l1d
bogomips	: 4793.49
clflush size	: 64
cache_alignment	: 64
address sizes	: 46 bits physical, 48 bits virtual
power management:

processor	: 14
vendor_id	: GenuineIntel
cpu family	: 6
model		: 63
model name	: Intel(R) Xeon(R) CPU E5-2630 v3 @ 2.40GHz
stepping	: 2
microcode	: 0x43
cpu MHz		: 1400.537
cache size	: 20480 KB
physical id	: 1
siblings	: 16
core id		: 6
cpu cores	: 8
apicid		: 28
initial apicid	: 28
fpu		: yes
fpu_exception	: yes
cpuid level	: 15
wp		: yes
flags		: fpu vme de pse tsc msr pae mce cx8 apic sep mtrr pge mca cmov pat pse36 clflush dts acpi mmx fxsr sse sse2 ss ht tm pbe syscall nx pdpe1gb rdtscp lm constant_tsc arch_perfmon pebs bts rep_good nopl xtopology nonstop_tsc aperfmperf eagerfpu pni pclmulqdq dtes64 monitor ds_cpl vmx smx est tm2 ssse3 sdbg fma cx16 xtpr pdcm pcid dca sse4_1 sse4_2 x2apic movbe popcnt tsc_deadline_timer aes xsave avx f16c rdrand lahf_lm abm epb intel_ppin ssbd ibrs ibpb stibp tpr_shadow vnmi flexpriority ept vpid fsgsbase tsc_adjust bmi1 avx2 smep bmi2 erms invpcid cqm xsaveopt cqm_llc cqm_occup_llc dtherm ida arat pln pts md_clear spec_ctrl intel_stibp flush_l1d
bogomips	: 4793.49
clflush size	: 64
cache_alignment	: 64
address sizes	: 46 bits physical, 48 bits virtual
power management:

processor	: 15
vendor_id	: GenuineIntel
cpu family	: 6
model		: 63
model name	: Intel(R) Xeon(R) CPU E5-2630 v3 @ 2.40GHz
stepping	: 2
microcode	: 0x43
cpu MHz		: 1199.853
cache size	: 20480 KB
physical id	: 1
siblings	: 16
core id		: 7
cpu cores	: 8
apicid		: 30
initial apicid	: 30
fpu		: yes
fpu_exception	: yes
cpuid level	: 15
wp		: yes
flags		: fpu vme de pse tsc msr pae mce cx8 apic sep mtrr pge mca cmov pat pse36 clflush dts acpi mmx fxsr sse sse2 ss ht tm pbe syscall nx pdpe1gb rdtscp lm constant_tsc arch_perfmon pebs bts rep_good nopl xtopology nonstop_tsc aperfmperf eagerfpu pni pclmulqdq dtes64 monitor ds_cpl vmx smx est tm2 ssse3 sdbg fma cx16 xtpr pdcm pcid dca sse4_1 sse4_2 x2apic movbe popcnt tsc_deadline_timer aes xsave avx f16c rdrand lahf_lm abm epb intel_ppin ssbd ibrs ibpb stibp tpr_shadow vnmi flexpriority ept vpid fsgsbase tsc_adjust bmi1 avx2 smep bmi2 erms invpcid cqm xsaveopt cqm_llc cqm_occup_llc dtherm ida arat pln pts md_clear spec_ctrl intel_stibp flush_l1d
bogomips	: 4793.49
clflush size	: 64
cache_alignment	: 64
address sizes	: 46 bits physical, 48 bits virtual
power management:

processor	: 16
vendor_id	: GenuineIntel
cpu family	: 6
model		: 63
model name	: Intel(R) Xeon(R) CPU E5-2630 v3 @ 2.40GHz
stepping	: 2
microcode	: 0x43
cpu MHz		: 1585.839
cache size	: 20480 KB
physical id	: 0
siblings	: 16
core id		: 0
cpu cores	: 8
apicid		: 1
initial apicid	: 1
fpu		: yes
fpu_exception	: yes
cpuid level	: 15
wp		: yes
flags		: fpu vme de pse tsc msr pae mce cx8 apic sep mtrr pge mca cmov pat pse36 clflush dts acpi mmx fxsr sse sse2 ss ht tm pbe syscall nx pdpe1gb rdtscp lm constant_tsc arch_perfmon pebs bts rep_good nopl xtopology nonstop_tsc aperfmperf eagerfpu pni pclmulqdq dtes64 monitor ds_cpl vmx smx est tm2 ssse3 sdbg fma cx16 xtpr pdcm pcid dca sse4_1 sse4_2 x2apic movbe popcnt tsc_deadline_timer aes xsave avx f16c rdrand lahf_lm abm epb intel_ppin ssbd ibrs ibpb stibp tpr_shadow vnmi flexpriority ept vpid fsgsbase tsc_adjust bmi1 avx2 smep bmi2 erms invpcid cqm xsaveopt cqm_llc cqm_occup_llc dtherm ida arat pln pts md_clear spec_ctrl intel_stibp flush_l1d
bogomips	: 4788.46
clflush size	: 64
cache_alignment	: 64
address sizes	: 46 bits physical, 48 bits virtual
power management:

processor	: 17
vendor_id	: GenuineIntel
cpu family	: 6
model		: 63
model name	: Intel(R) Xeon(R) CPU E5-2630 v3 @ 2.40GHz
stepping	: 2
microcode	: 0x43
cpu MHz		: 1200.585
cache size	: 20480 KB
physical id	: 0
siblings	: 16
core id		: 1
cpu cores	: 8
apicid		: 3
initial apicid	: 3
fpu		: yes
fpu_exception	: yes
cpuid level	: 15
wp		: yes
flags		: fpu vme de pse tsc msr pae mce cx8 apic sep mtrr pge mca cmov pat pse36 clflush dts acpi mmx fxsr sse sse2 ss ht tm pbe syscall nx pdpe1gb rdtscp lm constant_tsc arch_perfmon pebs bts rep_good nopl xtopology nonstop_tsc aperfmperf eagerfpu pni pclmulqdq dtes64 monitor ds_cpl vmx smx est tm2 ssse3 sdbg fma cx16 xtpr pdcm pcid dca sse4_1 sse4_2 x2apic movbe popcnt tsc_deadline_timer aes xsave avx f16c rdrand lahf_lm abm epb intel_ppin ssbd ibrs ibpb stibp tpr_shadow vnmi flexpriority ept vpid fsgsbase tsc_adjust bmi1 avx2 smep bmi2 erms invpcid cqm xsaveopt cqm_llc cqm_occup_llc dtherm ida arat pln pts md_clear spec_ctrl intel_stibp flush_l1d
bogomips	: 4788.46
clflush size	: 64
cache_alignment	: 64
address sizes	: 46 bits physical, 48 bits virtual
power management:

processor	: 18
vendor_id	: GenuineIntel
cpu family	: 6
model		: 63
model name	: Intel(R) Xeon(R) CPU E5-2630 v3 @ 2.40GHz
stepping	: 2
microcode	: 0x43
cpu MHz		: 1295.214
cache size	: 20480 KB
physical id	: 0
siblings	: 16
core id		: 2
cpu cores	: 8
apicid		: 5
initial apicid	: 5
fpu		: yes
fpu_exception	: yes
cpuid level	: 15
wp		: yes
flags		: fpu vme de pse tsc msr pae mce cx8 apic sep mtrr pge mca cmov pat pse36 clflush dts acpi mmx fxsr sse sse2 ss ht tm pbe syscall nx pdpe1gb rdtscp lm constant_tsc arch_perfmon pebs bts rep_good nopl xtopology nonstop_tsc aperfmperf eagerfpu pni pclmulqdq dtes64 monitor ds_cpl vmx smx est tm2 ssse3 sdbg fma cx16 xtpr pdcm pcid dca sse4_1 sse4_2 x2apic movbe popcnt tsc_deadline_timer aes xsave avx f16c rdrand lahf_lm abm epb intel_ppin ssbd ibrs ibpb stibp tpr_shadow vnmi flexpriority ept vpid fsgsbase tsc_adjust bmi1 avx2 smep bmi2 erms invpcid cqm xsaveopt cqm_llc cqm_occup_llc dtherm ida arat pln pts md_clear spec_ctrl intel_stibp flush_l1d
bogomips	: 4788.46
clflush size	: 64
cache_alignment	: 64
address sizes	: 46 bits physical, 48 bits virtual
power management:

processor	: 19
vendor_id	: GenuineIntel
cpu family	: 6
model		: 63
model name	: Intel(R) Xeon(R) CPU E5-2630 v3 @ 2.40GHz
stepping	: 2
microcode	: 0x43
cpu MHz		: 1498.095
cache size	: 20480 KB
physical id	: 0
siblings	: 16
core id		: 3
cpu cores	: 8
apicid		: 7
initial apicid	: 7
fpu		: yes
fpu_exception	: yes
cpuid level	: 15
wp		: yes
flags		: fpu vme de pse tsc msr pae mce cx8 apic sep mtrr pge mca cmov pat pse36 clflush dts acpi mmx fxsr sse sse2 ss ht tm pbe syscall nx pdpe1gb rdtscp lm constant_tsc arch_perfmon pebs bts rep_good nopl xtopology nonstop_tsc aperfmperf eagerfpu pni pclmulqdq dtes64 monitor ds_cpl vmx smx est tm2 ssse3 sdbg fma cx16 xtpr pdcm pcid dca sse4_1 sse4_2 x2apic movbe popcnt tsc_deadline_timer aes xsave avx f16c rdrand lahf_lm abm epb intel_ppin ssbd ibrs ibpb stibp tpr_shadow vnmi flexpriority ept vpid fsgsbase tsc_adjust bmi1 avx2 smep bmi2 erms invpcid cqm xsaveopt cqm_llc cqm_occup_llc dtherm ida arat pln pts md_clear spec_ctrl intel_stibp flush_l1d
bogomips	: 4788.46
clflush size	: 64
cache_alignment	: 64
address sizes	: 46 bits physical, 48 bits virtual
power management:

processor	: 20
vendor_id	: GenuineIntel
cpu family	: 6
model		: 63
model name	: Intel(R) Xeon(R) CPU E5-2630 v3 @ 2.40GHz
stepping	: 2
microcode	: 0x43
cpu MHz		: 1275.000
cache size	: 20480 KB
physical id	: 0
siblings	: 16
core id		: 4
cpu cores	: 8
apicid		: 9
initial apicid	: 9
fpu		: yes
fpu_exception	: yes
cpuid level	: 15
wp		: yes
flags		: fpu vme de pse tsc msr pae mce cx8 apic sep mtrr pge mca cmov pat pse36 clflush dts acpi mmx fxsr sse sse2 ss ht tm pbe syscall nx pdpe1gb rdtscp lm constant_tsc arch_perfmon pebs bts rep_good nopl xtopology nonstop_tsc aperfmperf eagerfpu pni pclmulqdq dtes64 monitor ds_cpl vmx smx est tm2 ssse3 sdbg fma cx16 xtpr pdcm pcid dca sse4_1 sse4_2 x2apic movbe popcnt tsc_deadline_timer aes xsave avx f16c rdrand lahf_lm abm epb intel_ppin ssbd ibrs ibpb stibp tpr_shadow vnmi flexpriority ept vpid fsgsbase tsc_adjust bmi1 avx2 smep bmi2 erms invpcid cqm xsaveopt cqm_llc cqm_occup_llc dtherm ida arat pln pts md_clear spec_ctrl intel_stibp flush_l1d
bogomips	: 4788.46
clflush size	: 64
cache_alignment	: 64
address sizes	: 46 bits physical, 48 bits virtual
power management:

processor	: 21
vendor_id	: GenuineIntel
cpu family	: 6
model		: 63
model name	: Intel(R) Xeon(R) CPU E5-2630 v3 @ 2.40GHz
stepping	: 2
microcode	: 0x43
cpu MHz		: 1366.992
cache size	: 20480 KB
physical id	: 0
siblings	: 16
core id		: 5
cpu cores	: 8
apicid		: 11
initial apicid	: 11
fpu		: yes
fpu_exception	: yes
cpuid level	: 15
wp		: yes
flags		: fpu vme de pse tsc msr pae mce cx8 apic sep mtrr pge mca cmov pat pse36 clflush dts acpi mmx fxsr sse sse2 ss ht tm pbe syscall nx pdpe1gb rdtscp lm constant_tsc arch_perfmon pebs bts rep_good nopl xtopology nonstop_tsc aperfmperf eagerfpu pni pclmulqdq dtes64 monitor ds_cpl vmx smx est tm2 ssse3 sdbg fma cx16 xtpr pdcm pcid dca sse4_1 sse4_2 x2apic movbe popcnt tsc_deadline_timer aes xsave avx f16c rdrand lahf_lm abm epb intel_ppin ssbd ibrs ibpb stibp tpr_shadow vnmi flexpriority ept vpid fsgsbase tsc_adjust bmi1 avx2 smep bmi2 erms invpcid cqm xsaveopt cqm_llc cqm_occup_llc dtherm ida arat pln pts md_clear spec_ctrl intel_stibp flush_l1d
bogomips	: 4788.46
clflush size	: 64
cache_alignment	: 64
address sizes	: 46 bits physical, 48 bits virtual
power management:

processor	: 22
vendor_id	: GenuineIntel
cpu family	: 6
model		: 63
model name	: Intel(R) Xeon(R) CPU E5-2630 v3 @ 2.40GHz
stepping	: 2
microcode	: 0x43
cpu MHz		: 1426.904
cache size	: 20480 KB
physical id	: 0
siblings	: 16
core id		: 6
cpu cores	: 8
apicid		: 13
initial apicid	: 13
fpu		: yes
fpu_exception	: yes
cpuid level	: 15
wp		: yes
flags		: fpu vme de pse tsc msr pae mce cx8 apic sep mtrr pge mca cmov pat pse36 clflush dts acpi mmx fxsr sse sse2 ss ht tm pbe syscall nx pdpe1gb rdtscp lm constant_tsc arch_perfmon pebs bts rep_good nopl xtopology nonstop_tsc aperfmperf eagerfpu pni pclmulqdq dtes64 monitor ds_cpl vmx smx est tm2 ssse3 sdbg fma cx16 xtpr pdcm pcid dca sse4_1 sse4_2 x2apic movbe popcnt tsc_deadline_timer aes xsave avx f16c rdrand lahf_lm abm epb intel_ppin ssbd ibrs ibpb stibp tpr_shadow vnmi flexpriority ept vpid fsgsbase tsc_adjust bmi1 avx2 smep bmi2 erms invpcid cqm xsaveopt cqm_llc cqm_occup_llc dtherm ida arat pln pts md_clear spec_ctrl intel_stibp flush_l1d
bogomips	: 4788.46
clflush size	: 64
cache_alignment	: 64
address sizes	: 46 bits physical, 48 bits virtual
power management:

processor	: 23
vendor_id	: GenuineIntel
cpu family	: 6
model		: 63
model name	: Intel(R) Xeon(R) CPU E5-2630 v3 @ 2.40GHz
stepping	: 2
microcode	: 0x43
cpu MHz		: 1200.292
cache size	: 20480 KB
physical id	: 0
siblings	: 16
core id		: 7
cpu cores	: 8
apicid		: 15
initial apicid	: 15
fpu		: yes
fpu_exception	: yes
cpuid level	: 15
wp		: yes
flags		: fpu vme de pse tsc msr pae mce cx8 apic sep mtrr pge mca cmov pat pse36 clflush dts acpi mmx fxsr sse sse2 ss ht tm pbe syscall nx pdpe1gb rdtscp lm constant_tsc arch_perfmon pebs bts rep_good nopl xtopology nonstop_tsc aperfmperf eagerfpu pni pclmulqdq dtes64 monitor ds_cpl vmx smx est tm2 ssse3 sdbg fma cx16 xtpr pdcm pcid dca sse4_1 sse4_2 x2apic movbe popcnt tsc_deadline_timer aes xsave avx f16c rdrand lahf_lm abm epb intel_ppin ssbd ibrs ibpb stibp tpr_shadow vnmi flexpriority ept vpid fsgsbase tsc_adjust bmi1 avx2 smep bmi2 erms invpcid cqm xsaveopt cqm_llc cqm_occup_llc dtherm ida arat pln pts md_clear spec_ctrl intel_stibp flush_l1d
bogomips	: 4788.46
clflush size	: 64
cache_alignment	: 64
address sizes	: 46 bits physical, 48 bits virtual
power management:

processor	: 24
vendor_id	: GenuineIntel
cpu family	: 6
model		: 63
model name	: Intel(R) Xeon(R) CPU E5-2630 v3 @ 2.40GHz
stepping	: 2
microcode	: 0x43
cpu MHz		: 1398.046
cache size	: 20480 KB
physical id	: 1
siblings	: 16
core id		: 0
cpu cores	: 8
apicid		: 17
initial apicid	: 17
fpu		: yes
fpu_exception	: yes
cpuid level	: 15
wp		: yes
flags		: fpu vme de pse tsc msr pae mce cx8 apic sep mtrr pge mca cmov pat pse36 clflush dts acpi mmx fxsr sse sse2 ss ht tm pbe syscall nx pdpe1gb rdtscp lm constant_tsc arch_perfmon pebs bts rep_good nopl xtopology nonstop_tsc aperfmperf eagerfpu pni pclmulqdq dtes64 monitor ds_cpl vmx smx est tm2 ssse3 sdbg fma cx16 xtpr pdcm pcid dca sse4_1 sse4_2 x2apic movbe popcnt tsc_deadline_timer aes xsave avx f16c rdrand lahf_lm abm epb intel_ppin ssbd ibrs ibpb stibp tpr_shadow vnmi flexpriority ept vpid fsgsbase tsc_adjust bmi1 avx2 smep bmi2 erms invpcid cqm xsaveopt cqm_llc cqm_occup_llc dtherm ida arat pln pts md_clear spec_ctrl intel_stibp flush_l1d
bogomips	: 4793.49
clflush size	: 64
cache_alignment	: 64
address sizes	: 46 bits physical, 48 bits virtual
power management:

processor	: 25
vendor_id	: GenuineIntel
cpu family	: 6
model		: 63
model name	: Intel(R) Xeon(R) CPU E5-2630 v3 @ 2.40GHz
stepping	: 2
microcode	: 0x43
cpu MHz		: 1687.353
cache size	: 20480 KB
physical id	: 1
siblings	: 16
core id		: 1
cpu cores	: 8
apicid		: 19
initial apicid	: 19
fpu		: yes
fpu_exception	: yes
cpuid level	: 15
wp		: yes
flags		: fpu vme de pse tsc msr pae mce cx8 apic sep mtrr pge mca cmov pat pse36 clflush dts acpi mmx fxsr sse sse2 ss ht tm pbe syscall nx pdpe1gb rdtscp lm constant_tsc arch_perfmon pebs bts rep_good nopl xtopology nonstop_tsc aperfmperf eagerfpu pni pclmulqdq dtes64 monitor ds_cpl vmx smx est tm2 ssse3 sdbg fma cx16 xtpr pdcm pcid dca sse4_1 sse4_2 x2apic movbe popcnt tsc_deadline_timer aes xsave avx f16c rdrand lahf_lm abm epb intel_ppin ssbd ibrs ibpb stibp tpr_shadow vnmi flexpriority ept vpid fsgsbase tsc_adjust bmi1 avx2 smep bmi2 erms invpcid cqm xsaveopt cqm_llc cqm_occup_llc dtherm ida arat pln pts md_clear spec_ctrl intel_stibp flush_l1d
bogomips	: 4793.49
clflush size	: 64
cache_alignment	: 64
address sizes	: 46 bits physical, 48 bits virtual
power management:

processor	: 26
vendor_id	: GenuineIntel
cpu family	: 6
model		: 63
model name	: Intel(R) Xeon(R) CPU E5-2630 v3 @ 2.40GHz
stepping	: 2
microcode	: 0x43
cpu MHz		: 1199.853
cache size	: 20480 KB
physical id	: 1
siblings	: 16
core id		: 2
cpu cores	: 8
apicid		: 21
initial apicid	: 21
fpu		: yes
fpu_exception	: yes
cpuid level	: 15
wp		: yes
flags		: fpu vme de pse tsc msr pae mce cx8 apic sep mtrr pge mca cmov pat pse36 clflush dts acpi mmx fxsr sse sse2 ss ht tm pbe syscall nx pdpe1gb rdtscp lm constant_tsc arch_perfmon pebs bts rep_good nopl xtopology nonstop_tsc aperfmperf eagerfpu pni pclmulqdq dtes64 monitor ds_cpl vmx smx est tm2 ssse3 sdbg fma cx16 xtpr pdcm pcid dca sse4_1 sse4_2 x2apic movbe popcnt tsc_deadline_timer aes xsave avx f16c rdrand lahf_lm abm epb intel_ppin ssbd ibrs ibpb stibp tpr_shadow vnmi flexpriority ept vpid fsgsbase tsc_adjust bmi1 avx2 smep bmi2 erms invpcid cqm xsaveopt cqm_llc cqm_occup_llc dtherm ida arat pln pts md_clear spec_ctrl intel_stibp flush_l1d
bogomips	: 4793.49
clflush size	: 64
cache_alignment	: 64
address sizes	: 46 bits physical, 48 bits virtual
power management:

processor	: 27
vendor_id	: GenuineIntel
cpu family	: 6
model		: 63
model name	: Intel(R) Xeon(R) CPU E5-2630 v3 @ 2.40GHz
stepping	: 2
microcode	: 0x43
cpu MHz		: 1498.974
cache size	: 20480 KB
physical id	: 1
siblings	: 16
core id		: 3
cpu cores	: 8
apicid		: 23
initial apicid	: 23
fpu		: yes
fpu_exception	: yes
cpuid level	: 15
wp		: yes
flags		: fpu vme de pse tsc msr pae mce cx8 apic sep mtrr pge mca cmov pat pse36 clflush dts acpi mmx fxsr sse sse2 ss ht tm pbe syscall nx pdpe1gb rdtscp lm constant_tsc arch_perfmon pebs bts rep_good nopl xtopology nonstop_tsc aperfmperf eagerfpu pni pclmulqdq dtes64 monitor ds_cpl vmx smx est tm2 ssse3 sdbg fma cx16 xtpr pdcm pcid dca sse4_1 sse4_2 x2apic movbe popcnt tsc_deadline_timer aes xsave avx f16c rdrand lahf_lm abm epb intel_ppin ssbd ibrs ibpb stibp tpr_shadow vnmi flexpriority ept vpid fsgsbase tsc_adjust bmi1 avx2 smep bmi2 erms invpcid cqm xsaveopt cqm_llc cqm_occup_llc dtherm ida arat pln pts md_clear spec_ctrl intel_stibp flush_l1d
bogomips	: 4793.49
clflush size	: 64
cache_alignment	: 64
address sizes	: 46 bits physical, 48 bits virtual
power management:

processor	: 28
vendor_id	: GenuineIntel
cpu family	: 6
model		: 63
model name	: Intel(R) Xeon(R) CPU E5-2630 v3 @ 2.40GHz
stepping	: 2
microcode	: 0x43
cpu MHz		: 1231.494
cache size	: 20480 KB
physical id	: 1
siblings	: 16
core id		: 4
cpu cores	: 8
apicid		: 25
initial apicid	: 25
fpu		: yes
fpu_exception	: yes
cpuid level	: 15
wp		: yes
flags		: fpu vme de pse tsc msr pae mce cx8 apic sep mtrr pge mca cmov pat pse36 clflush dts acpi mmx fxsr sse sse2 ss ht tm pbe syscall nx pdpe1gb rdtscp lm constant_tsc arch_perfmon pebs bts rep_good nopl xtopology nonstop_tsc aperfmperf eagerfpu pni pclmulqdq dtes64 monitor ds_cpl vmx smx est tm2 ssse3 sdbg fma cx16 xtpr pdcm pcid dca sse4_1 sse4_2 x2apic movbe popcnt tsc_deadline_timer aes xsave avx f16c rdrand lahf_lm abm epb intel_ppin ssbd ibrs ibpb stibp tpr_shadow vnmi flexpriority ept vpid fsgsbase tsc_adjust bmi1 avx2 smep bmi2 erms invpcid cqm xsaveopt cqm_llc cqm_occup_llc dtherm ida arat pln pts md_clear spec_ctrl intel_stibp flush_l1d
bogomips	: 4793.49
clflush size	: 64
cache_alignment	: 64
address sizes	: 46 bits physical, 48 bits virtual
power management:

processor	: 29
vendor_id	: GenuineIntel
cpu family	: 6
model		: 63
model name	: Intel(R) Xeon(R) CPU E5-2630 v3 @ 2.40GHz
stepping	: 2
microcode	: 0x43
cpu MHz		: 1289.648
cache size	: 20480 KB
physical id	: 1
siblings	: 16
core id		: 5
cpu cores	: 8
apicid		: 27
initial apicid	: 27
fpu		: yes
fpu_exception	: yes
cpuid level	: 15
wp		: yes
flags		: fpu vme de pse tsc msr pae mce cx8 apic sep mtrr pge mca cmov pat pse36 clflush dts acpi mmx fxsr sse sse2 ss ht tm pbe syscall nx pdpe1gb rdtscp lm constant_tsc arch_perfmon pebs bts rep_good nopl xtopology nonstop_tsc aperfmperf eagerfpu pni pclmulqdq dtes64 monitor ds_cpl vmx smx est tm2 ssse3 sdbg fma cx16 xtpr pdcm pcid dca sse4_1 sse4_2 x2apic movbe popcnt tsc_deadline_timer aes xsave avx f16c rdrand lahf_lm abm epb intel_ppin ssbd ibrs ibpb stibp tpr_shadow vnmi flexpriority ept vpid fsgsbase tsc_adjust bmi1 avx2 smep bmi2 erms invpcid cqm xsaveopt cqm_llc cqm_occup_llc dtherm ida arat pln pts md_clear spec_ctrl intel_stibp flush_l1d
bogomips	: 4793.49
clflush size	: 64
cache_alignment	: 64
address sizes	: 46 bits physical, 48 bits virtual
power management:

processor	: 30
vendor_id	: GenuineIntel
cpu family	: 6
model		: 63
model name	: Intel(R) Xeon(R) CPU E5-2630 v3 @ 2.40GHz
stepping	: 2
microcode	: 0x43
cpu MHz		: 1291.113
cache size	: 20480 KB
physical id	: 1
siblings	: 16
core id		: 6
cpu cores	: 8
apicid		: 29
initial apicid	: 29
fpu		: yes
fpu_exception	: yes
cpuid level	: 15
wp		: yes
flags		: fpu vme de pse tsc msr pae mce cx8 apic sep mtrr pge mca cmov pat pse36 clflush dts acpi mmx fxsr sse sse2 ss ht tm pbe syscall nx pdpe1gb rdtscp lm constant_tsc arch_perfmon pebs bts rep_good nopl xtopology nonstop_tsc aperfmperf eagerfpu pni pclmulqdq dtes64 monitor ds_cpl vmx smx est tm2 ssse3 sdbg fma cx16 xtpr pdcm pcid dca sse4_1 sse4_2 x2apic movbe popcnt tsc_deadline_timer aes xsave avx f16c rdrand lahf_lm abm epb intel_ppin ssbd ibrs ibpb stibp tpr_shadow vnmi flexpriority ept vpid fsgsbase tsc_adjust bmi1 avx2 smep bmi2 erms invpcid cqm xsaveopt cqm_llc cqm_occup_llc dtherm ida arat pln pts md_clear spec_ctrl intel_stibp flush_l1d
bogomips	: 4793.49
clflush size	: 64
cache_alignment	: 64
address sizes	: 46 bits physical, 48 bits virtual
power management:

processor	: 31
vendor_id	: GenuineIntel
cpu family	: 6
model		: 63
model name	: Intel(R) Xeon(R) CPU E5-2630 v3 @ 2.40GHz
stepping	: 2
microcode	: 0x43
cpu MHz		: 1390.576
cache size	: 20480 KB
physical id	: 1
siblings	: 16
core id		: 7
cpu cores	: 8
apicid		: 31
initial apicid	: 31
fpu		: yes
fpu_exception	: yes
cpuid level	: 15
wp		: yes
flags		: fpu vme de pse tsc msr pae mce cx8 apic sep mtrr pge mca cmov pat pse36 clflush dts acpi mmx fxsr sse sse2 ss ht tm pbe syscall nx pdpe1gb rdtscp lm constant_tsc arch_perfmon pebs bts rep_good nopl xtopology nonstop_tsc aperfmperf eagerfpu pni pclmulqdq dtes64 monitor ds_cpl vmx smx est tm2 ssse3 sdbg fma cx16 xtpr pdcm pcid dca sse4_1 sse4_2 x2apic movbe popcnt tsc_deadline_timer aes xsave avx f16c rdrand lahf_lm abm epb intel_ppin ssbd ibrs ibpb stibp tpr_shadow vnmi flexpriority ept vpid fsgsbase tsc_adjust bmi1 avx2 smep bmi2 erms invpcid cqm xsaveopt cqm_llc cqm_occup_llc dtherm ida arat pln pts md_clear spec_ctrl intel_stibp flush_l1d
bogomips	: 4793.49
clflush size	: 64
cache_alignment	: 64
address sizes	: 46 bits physical, 48 bits virtual
power management:



Memory: 4k page, physical 263864160k(8760368k free), swap 0k(0k free)

vm_info: OpenJDK 64-Bit Server VM (25.212-b04) for linux-amd64 JRE (1.8.0_212-b04), built on Aug 12 2019 13:15:31 by "buildozer" with gcc 6.4.0

time: Tue Oct  8 05:18:14 2019
timezone: UTC
elapsed time: 5 seconds (0d 0h 0m 5s)

