#
# A fatal error has been detected by the Java Runtime Environment:
#
#  SIGSEGV (0xb) at pc=0x00007fcc44fb7810, pid=8953, tid=0x00007fcc296fdae0
#
# JRE version: OpenJDK Runtime Environment (8.0_212-b04) (build 1.8.0_212-b04)
# Java VM: OpenJDK 64-Bit Server VM (25.212-b04 mixed mode linux-amd64 compressed oops)
# Derivative: IcedTea 3.12.0
# Distribution: Custom build (Mon Aug 12 12:56:32 UTC 2019)
# Problematic frame:
# C  [ld-musl-x86_64.so.1+0x53810]  pthread_setname_np+0x5e
#
# Core dump written. Default location: /workdir/hadoop-hdds/server-scm/core or core.8953
#
# If you would like to submit a bug report, please include
# instructions on how to reproduce the bug and visit:
#   https://icedtea.classpath.org/bugzilla
#

---------------  T H R E A D  ---------------

Current thread is native thread

siginfo: si_signo: 11 (SIGSEGV), si_code: 1 (SEGV_MAPERR), si_addr: 0x0000000000000038

Registers:
RAX=0x00007fcc296fdae0, RBX=0x0000000000000022, RCX=0x0000000000000000, RDX=0x0000000000000000
RSP=0x00007fcc296fd680, RBP=0x0000000000000000, RSI=0x0000000000000000, RDI=0xff73725e6f6c7463
R8 =0x0000000000000000, R9 =0x8080808080808080, R10=0xfefefefefefefeff, R11=0x0000000000000212
R12=0x00005642698fe4d8, R13=0x000000000000000f, R14=0x00007fcc296fdae0, R15=0x00007fcc451f0ae8
RIP=0x00007fcc44fb7810, EFLAGS=0x0000000000010202, CSGSFS=0x0000000000000033, ERR=0x0000000000000004
  TRAPNO=0x000000000000000e

Top of Stack: (sp=0x00007fcc296fd680)
0x00007fcc296fd680:   0000000000000000 0000000000000000
0x00007fcc296fd690:   0000000000000000 0000000000000000
0x00007fcc296fd6a0:   0000000000000000 0000000000000000
0x00007fcc296fd6b0:   0000000000000000 00005642698fb780
0x00007fcc296fd6c0:   00007fcc296fd710 0000000000000000
0x00007fcc296fd6d0:   00005642698fb7c0 00007fcc28e1fec9
0x00007fcc296fd6e0:   0000000000000000 00005642698fe500
0x00007fcc296fd6f0:   0000000000000000 00007fcc296fd760
0x00007fcc296fd700:   00007fcc296fdae0 00007fcc451f0ae8
0x00007fcc296fd710:   0000000000000000 00007fcc43de7f41
0x00007fcc296fd720:   0000000000000000 00007fcc296fdae0
0x00007fcc296fd730:   0000000000000000 00007fcc44fb66c2
0x00007fcc296fd740:   0000000000000000 0000000000000000
0x00007fcc296fd750:   0000000000017000 00007fcc44fb85b1
0x00007fcc296fd760:   0000000000000002 00007fcc296fdac0
0x00007fcc296fd770:   00007fcc296fd790 0000000000000000
0x00007fcc296fd780:   0000000000000000 0000000000000000
0x00007fcc296fd790:   0000000000000002 0000000000000000
0x00007fcc296fd7a0:   0000000000000000 0000000000000000
0x00007fcc296fd7b0:   0000000000000000 0000000000000000
0x00007fcc296fd7c0:   0000000000000000 0000000000000000
0x00007fcc296fd7d0:   0000000000000000 0000000000000000
0x00007fcc296fd7e0:   0000000000000000 0000000000000000
0x00007fcc296fd7f0:   0000000000000000 0000000000000000
0x00007fcc296fd800:   0000000000000000 0000000000000000
0x00007fcc296fd810:   0000000000000000 0000000000000000
0x00007fcc296fd820:   0000000000000000 0000000000000000
0x00007fcc296fd830:   0000000000000000 0000000000000000
0x00007fcc296fd840:   0000000000000000 0000000000000000
0x00007fcc296fd850:   0000000000000000 0000000000000000
0x00007fcc296fd860:   0000000000000000 0000000000000000
0x00007fcc296fd870:   0000000000000000 0000000000000000 

Instructions: (pc=0x00007fcc44fb7810)
0x00007fcc44fb77f0:   31 d2 31 c0 4c 89 e6 bf 0f 00 00 00 e8 65 d8 fc
0x00007fcc44fb7800:   ff 85 c0 89 c3 74 7e e8 25 a7 fc ff 8b 18 eb 75
0x00007fcc44fb7810:   8b 4d 38 48 8d 5c 24 0e 48 8d 15 f2 92 03 00 be
0x00007fcc44fb7820:   22 00 00 00 31 c0 48 89 df e8 35 68 ff ff 48 8d 

Register to memory mapping:

RAX=0x00007fcc296fdae0 is an unknown value
RBX=0x0000000000000022 is an unknown value
RCX=0x0000000000000000 is an unknown value
RDX=0x0000000000000000 is an unknown value
RSP=0x00007fcc296fd680 is an unknown value
RBP=0x0000000000000000 is an unknown value
RSI=0x0000000000000000 is an unknown value
RDI=0xff73725e6f6c7463 is an unknown value
R8 =0x0000000000000000 is an unknown value
R9 =0x8080808080808080 is an unknown value
R10=0xfefefefefefefeff is an unknown value
R11=0x0000000000000212 is an unknown value
R12=0x00005642698fe4d8 is an unknown value
R13=0x000000000000000f is an unknown value
R14=0x00007fcc296fdae0 is an unknown value
R15=0x00007fcc451f0ae8: __utc+0x1fff68 in /lib/ld-musl-x86_64.so.1 at 0x00007fcc44f64000


Stack: [0x00007fcc296e9000,0x00007fcc296fd760],  sp=0x00007fcc296fd680,  free space=81k
Native frames: (J=compiled Java code, j=interpreted, Vv=VM code, C=native code)
C  [ld-musl-x86_64.so.1+0x53810]  pthread_setname_np+0x5e

[error occurred during error reporting (printing native stack), id 0xb]


---------------  P R O C E S S  ---------------

VM state:not at safepoint (normal execution)

VM Mutex/Monitor currently owned by a thread: None

heap address: 0x0000000080000000, size: 2048 MB, Compressed Oops mode: 32-bit
Narrow klass base: 0x0000000000000000, Narrow klass shift: 3
Compressed class space size: 1073741824 Address: 0x0000000100000000

Heap:
 PSYoungGen      total 611840K, used 236163K [0x00000000d5580000, 0x0000000100000000, 0x0000000100000000)
  eden space 524800K, 45% used [0x00000000d5580000,0x00000000e3c20d60,0x00000000f5600000)
  from space 87040K, 0% used [0x00000000f5600000,0x00000000f5600000,0x00000000fab00000)
  to   space 87040K, 0% used [0x00000000fab00000,0x00000000fab00000,0x0000000100000000)
 ParOldGen       total 881152K, used 12030K [0x0000000080000000, 0x00000000b5c80000, 0x00000000d5580000)
  object space 881152K, 1% used [0x0000000080000000,0x0000000080bbf958,0x00000000b5c80000)
 Metaspace       used 27522K, capacity 27870K, committed 28416K, reserved 1075200K
  class space    used 3126K, capacity 3210K, committed 3328K, reserved 1048576K

Card table byte_map: [0x00007fcc33d10000,0x00007fcc34111000] byte_map_base: 0x00007fcc33910000

Marking Bits: (ParMarkBitMap*) 0x00007fcc44b22200
 Begin Bits: [0x00007fcc2f861000, 0x00007fcc31861000)
 End Bits:   [0x00007fcc31861000, 0x00007fcc33861000)

Polling page: 0x00007fcc450ed000

CodeCache: size=245760Kb used=6336Kb max_used=6336Kb free=239423Kb
 bounds [0x00007fcc344d1000, 0x00007fcc34b11000, 0x00007fcc434d1000]
 total_blobs=2539 nmethods=2035 adapters=418
 compilation: enabled

Compilation events (10 events):
Event: 14.810 Thread 0x00005642686ba000 2065       3       com.sun.org.apache.xerces.internal.dom.NodeImpl::needsSyncData (26 bytes)
Event: 14.810 Thread 0x00005642686ba000 nmethod 2065 0x00007fcc34af9ed0 code [0x00007fcc34afa040, 0x00007fcc34afa1f0]
Event: 14.810 Thread 0x00005642686ba000 2063   !   3       com.sun.org.apache.xerces.internal.impl.XMLDocumentFragmentScannerImpl$FragmentContentDriver::next (2346 bytes)
Event: 14.826 Thread 0x00005642686ba000 nmethod 2063 0x00007fcc34afa250 code [0x00007fcc34afac60, 0x00007fcc34b01af8]
Event: 14.826 Thread 0x00005642686ba000 2060       3       com.sun.org.apache.xerces.internal.util.XMLChar::isNameStart (22 bytes)
Event: 14.826 Thread 0x00005642686ba000 nmethod 2060 0x00007fcc34b05c50 code [0x00007fcc34b05dc0, 0x00007fcc34b05fb0]
Event: 14.826 Thread 0x00005642686ba000 2066       3       com.sun.org.apache.xerces.internal.dom.ChildNode::getParentNode (16 bytes)
Event: 14.827 Thread 0x00005642686ba000 nmethod 2066 0x00007fcc34b06090 code [0x00007fcc34b06200, 0x00007fcc34b064f0]
Event: 14.827 Thread 0x00005642686ba000 2064       1       com.sun.org.apache.xerces.internal.util.XMLAttributesImpl::getLength (5 bytes)
Event: 14.827 Thread 0x00005642686ba000 nmethod 2064 0x00007fcc34602c90 code [0x00007fcc34602de0, 0x00007fcc34602ef0]

GC Heap History (4 events):
Event: 2.336 GC heap before
{Heap before GC invocations=1 (full 0):
 PSYoungGen      total 611840K, used 199425K [0x00000000d5580000, 0x0000000100000000, 0x0000000100000000)
  eden space 524800K, 38% used [0x00000000d5580000,0x00000000e18407e0,0x00000000f5600000)
  from space 87040K, 0% used [0x00000000fab00000,0x00000000fab00000,0x0000000100000000)
  to   space 87040K, 0% used [0x00000000f5600000,0x00000000f5600000,0x00000000fab00000)
 ParOldGen       total 1398272K, used 0K [0x0000000080000000, 0x00000000d5580000, 0x00000000d5580000)
  object space 1398272K, 0% used [0x0000000080000000,0x0000000080000000,0x00000000d5580000)
 Metaspace       used 20794K, capacity 21016K, committed 21248K, reserved 1069056K
  class space    used 2362K, capacity 2475K, committed 2560K, reserved 1048576K
Event: 2.369 GC heap after
Heap after GC invocations=1 (full 0):
 PSYoungGen      total 611840K, used 12454K [0x00000000d5580000, 0x0000000100000000, 0x0000000100000000)
  eden space 524800K, 0% used [0x00000000d5580000,0x00000000d5580000,0x00000000f5600000)
  from space 87040K, 14% used [0x00000000f5600000,0x00000000f62299a8,0x00000000fab00000)
  to   space 87040K, 0% used [0x00000000fab00000,0x00000000fab00000,0x0000000100000000)
 ParOldGen       total 1398272K, used 72K [0x0000000080000000, 0x00000000d5580000, 0x00000000d5580000)
  object space 1398272K, 0% used [0x0000000080000000,0x0000000080012010,0x00000000d5580000)
 Metaspace       used 20794K, capacity 21016K, committed 21248K, reserved 1069056K
  class space    used 2362K, capacity 2475K, committed 2560K, reserved 1048576K
}
Event: 2.369 GC heap before
{Heap before GC invocations=2 (full 1):
 PSYoungGen      total 611840K, used 12454K [0x00000000d5580000, 0x0000000100000000, 0x0000000100000000)
  eden space 524800K, 0% used [0x00000000d5580000,0x00000000d5580000,0x00000000f5600000)
  from space 87040K, 14% used [0x00000000f5600000,0x00000000f62299a8,0x00000000fab00000)
  to   space 87040K, 0% used [0x00000000fab00000,0x00000000fab00000,0x0000000100000000)
 ParOldGen       total 1398272K, used 72K [0x0000000080000000, 0x00000000d5580000, 0x00000000d5580000)
  object space 1398272K, 0% used [0x0000000080000000,0x0000000080012010,0x00000000d5580000)
 Metaspace       used 20794K, capacity 21016K, committed 21248K, reserved 1069056K
  class space    used 2362K, capacity 2475K, committed 2560K, reserved 1048576K
Event: 2.434 GC heap after
Heap after GC invocations=2 (full 1):
 PSYoungGen      total 611840K, used 0K [0x00000000d5580000, 0x0000000100000000, 0x0000000100000000)
  eden space 524800K, 0% used [0x00000000d5580000,0x00000000d5580000,0x00000000f5600000)
  from space 87040K, 0% used [0x00000000f5600000,0x00000000f5600000,0x00000000fab00000)
  to   space 87040K, 0% used [0x00000000fab00000,0x00000000fab00000,0x0000000100000000)
 ParOldGen       total 881152K, used 12030K [0x0000000080000000, 0x00000000b5c80000, 0x00000000d5580000)
  object space 881152K, 1% used [0x0000000080000000,0x0000000080bbf958,0x00000000b5c80000)
 Metaspace       used 20794K, capacity 21016K, committed 21248K, reserved 1069056K
  class space    used 2362K, capacity 2475K, committed 2560K, reserved 1048576K
}

Deoptimization events (10 events):
Event: 1.563 Thread 0x0000564268566800 Uncommon trap: reason=range_check action=make_not_entrant pc=0x00007fcc3483e800 method=sun.reflect.generics.parser.SignatureParser.current()C @ 34
Event: 2.236 Thread 0x0000564268566800 Uncommon trap: reason=unstable_if action=reinterpret pc=0x00007fcc3477c3d0 method=sun.misc.MetaIndex.mayContain(Ljava/lang/String;)Z @ 38
Event: 2.434 Thread 0x0000564268960000 Uncommon trap: reason=unstable_if action=reinterpret pc=0x00007fcc34823184 method=java.lang.ref.SoftReference.get()Ljava/lang/Object; @ 17
Event: 2.609 Thread 0x0000564268566800 Uncommon trap: reason=unstable_if action=reinterpret pc=0x00007fcc34749e8c method=sun.net.www.ParseUtil.encodePath(Ljava/lang/String;Z)Ljava/lang/String; @ 109
Event: 2.609 Thread 0x0000564268566800 Uncommon trap: reason=unstable_if action=reinterpret pc=0x00007fcc3472fa1c method=sun.net.www.ParseUtil.encodePath(Ljava/lang/String;Z)Ljava/lang/String; @ 109
Event: 2.678 Thread 0x0000564268566800 Uncommon trap: reason=unstable_if action=reinterpret pc=0x00007fcc34779ad4 method=java.net.URL.<init>(Ljava/net/URL;Ljava/lang/String;Ljava/net/URLStreamHandler;)V @ 347
Event: 2.847 Thread 0x0000564268566800 Uncommon trap: reason=bimorphic action=maybe_recompile pc=0x00007fcc348514e8 method=java.util.HashMap.putVal(ILjava/lang/Object;Ljava/lang/Object;ZZ)Ljava/lang/Object; @ 203
Event: 4.511 Thread 0x0000564269a9b000 Uncommon trap: reason=unstable_if action=reinterpret pc=0x00007fcc34973f18 method=java.lang.ThreadLocal.get()Ljava/lang/Object; @ 11
Event: 4.544 Thread 0x0000564268566800 Uncommon trap: reason=unstable_if action=reinterpret pc=0x00007fcc34973110 method=java.lang.ThreadLocal.get()Ljava/lang/Object; @ 11
Event: 11.816 Thread 0x0000564268566800 Uncommon trap: reason=unstable_if action=reinterpret pc=0x00007fcc34ae3670 method=com.google.protobuf.CodedInputStream.readRawVarint32()I @ 6

Classes redefined (0 events):
No events

Internal exceptions (10 events):
Event: 11.731 Thread 0x0000564268566800 Exception <a 'java/net/UnknownHostException'> (0x00000000e0dc09e0) thrown at [/home/buildozer/aports/community/openjdk8/src/icedtea-3.12.0/openjdk/hotspot/src/share/vm/prims/jni.cpp, line 737]
Event: 11.738 Thread 0x0000564268566800 Exception <a 'java/io/FileNotFoundException'> (0x00000000e0dd3b60) thrown at [/home/buildozer/aports/community/openjdk8/src/icedtea-3.12.0/openjdk/hotspot/src/share/vm/prims/jni.cpp, line 710]
Event: 11.743 Thread 0x0000564268566800 Exception <a 'sun/nio/fs/UnixException'> (0x00000000e0ddb680) thrown at [/home/buildozer/aports/community/openjdk8/src/icedtea-3.12.0/openjdk/hotspot/src/share/vm/prims/jni.cpp, line 710]
Event: 11.743 Thread 0x0000564268566800 Exception <a 'sun/nio/fs/UnixException'> (0x00000000e0ddbdf8) thrown at [/home/buildozer/aports/community/openjdk8/src/icedtea-3.12.0/openjdk/hotspot/src/share/vm/prims/jni.cpp, line 710]
Event: 11.743 Thread 0x0000564268566800 Exception <a 'sun/nio/fs/UnixException'> (0x00000000e0ddc4d0) thrown at [/home/buildozer/aports/community/openjdk8/src/icedtea-3.12.0/openjdk/hotspot/src/share/vm/prims/jni.cpp, line 710]
Event: 11.743 Thread 0x0000564268566800 Exception <a 'sun/nio/fs/UnixException'> (0x00000000e0ddcce0) thrown at [/home/buildozer/aports/community/openjdk8/src/icedtea-3.12.0/openjdk/hotspot/src/share/vm/prims/jni.cpp, line 710]
Event: 11.744 Thread 0x0000564268566800 Exception <a 'sun/nio/fs/UnixException'> (0x00000000e0de02a8) thrown at [/home/buildozer/aports/community/openjdk8/src/icedtea-3.12.0/openjdk/hotspot/src/share/vm/prims/jni.cpp, line 710]
Event: 11.744 Thread 0x0000564268566800 Exception <a 'sun/nio/fs/UnixException'> (0x00000000e0de0b70) thrown at [/home/buildozer/aports/community/openjdk8/src/icedtea-3.12.0/openjdk/hotspot/src/share/vm/prims/jni.cpp, line 710]
Event: 11.744 Thread 0x0000564268566800 Exception <a 'sun/nio/fs/UnixException'> (0x00000000e0de12b8) thrown at [/home/buildozer/aports/community/openjdk8/src/icedtea-3.12.0/openjdk/hotspot/src/share/vm/prims/jni.cpp, line 710]
Event: 11.744 Thread 0x0000564268566800 Exception <a 'sun/nio/fs/UnixException'> (0x00000000e0de1b98) thrown at [/home/buildozer/aports/community/openjdk8/src/icedtea-3.12.0/openjdk/hotspot/src/share/vm/prims/jni.cpp, line 710]

Events (10 events):
Event: 14.522 Thread 0x00005642686ba000 flushing nmethod 0x00007fcc34639590
Event: 14.522 Thread 0x00005642686ba000 flushing nmethod 0x00007fcc34640b90
Event: 14.522 Thread 0x00005642686ba000 flushing nmethod 0x00007fcc3464add0
Event: 14.534 Executing VM operation: RevokeBias
Event: 14.534 Executing VM operation: RevokeBias done
Event: 14.534 Executing VM operation: RevokeBias
Event: 14.534 Executing VM operation: RevokeBias done
Event: 14.552 Thread 0x0000564268566800 DEOPT PACKING pc=0x00007fcc34895355 sp=0x00007fcc451ef090
Event: 14.552 Thread 0x0000564268566800 DEOPT UNPACKING pc=0x00007fcc345184c4 sp=0x00007fcc451eedb8 mode 0
Event: 14.810 Thread 0x0000564269331800 Thread added: 0x0000564269331800


Dynamic libraries:
80000000-b5c80000 rw-p 00000000 00:00 0 
b5c80000-d5580000 ---p 00000000 00:00 0 
d5580000-100340000 rw-p 00000000 00:00 0 
100340000-140000000 ---p 00000000 00:00 0 
564266ef8000-564266ef9000 r-xp 00000000 fd:03 165024577                  /usr/lib/jvm/java-1.8-openjdk/jre/bin/java
5642670f8000-5642670f9000 r--p 00000000 fd:03 165024577                  /usr/lib/jvm/java-1.8-openjdk/jre/bin/java
5642670f9000-5642670fa000 rw-p 00001000 fd:03 165024577                  /usr/lib/jvm/java-1.8-openjdk/jre/bin/java
56426854f000-56426a3d9000 rw-p 00000000 00:00 0                          [heap]
7fcc266d8000-7fcc266db000 ---p 00000000 00:00 0 
7fcc266db000-7fcc267d9000 rw-p 00000000 00:00 0 
7fcc268da000-7fcc2695a000 rw-p 00000000 00:00 0 
7fcc2695a000-7fcc26ada000 ---p 00000000 00:00 0 
7fcc26ada000-7fcc26add000 ---p 00000000 00:00 0 
7fcc26add000-7fcc26bdb000 rw-p 00000000 00:00 0 
7fcc26bdb000-7fcc26bde000 ---p 00000000 00:00 0 
7fcc26bde000-7fcc26cdc000 rw-p 00000000 00:00 0 
7fcc26ddd000-7fcc26de0000 ---p 00000000 00:00 0 
7fcc26de0000-7fcc26ede000 rw-p 00000000 00:00 0 
7fcc26ede000-7fcc26ee1000 ---p 00000000 00:00 0 
7fcc26ee1000-7fcc26fdf000 rw-p 00000000 00:00 0 
7fcc26fdf000-7fcc26fe2000 ---p 00000000 00:00 0 
7fcc26fe2000-7fcc272e0000 rw-p 00000000 00:00 0 
7fcc272e0000-7fcc274e0000 rw-p 00000000 00:00 0 
7fcc27527000-7fcc2752a000 ---p 00000000 00:00 0 
7fcc2752a000-7fcc27628000 rw-p 00000000 00:00 0 
7fcc27628000-7fcc2762b000 ---p 00000000 00:00 0 
7fcc2762b000-7fcc27729000 rw-p 00000000 00:00 0 
7fcc27729000-7fcc2772c000 ---p 00000000 00:00 0 
7fcc2772c000-7fcc2782a000 rw-p 00000000 00:00 0 
7fcc2782a000-7fcc2782d000 ---p 00000000 00:00 0 
7fcc2782d000-7fcc2792b000 rw-p 00000000 00:00 0 
7fcc2792b000-7fcc2792e000 ---p 00000000 00:00 0 
7fcc2792e000-7fcc27a2c000 rw-p 00000000 00:00 0 
7fcc27a2c000-7fcc27a2f000 ---p 00000000 00:00 0 
7fcc27a2f000-7fcc27b2d000 rw-p 00000000 00:00 0 
7fcc27c2e000-7fcc27e2e000 rw-p 00000000 00:00 0 
7fcc27e2e000-7fcc2802e000 rw-p 00000000 00:00 0 
7fcc2802e000-7fcc2822e000 r-xp 00000000 fd:03 165024606                  /usr/lib/jvm/java-1.8-openjdk/jre/lib/amd64/libjaas_unix.so
7fcc2822e000-7fcc2822f000 r--p 00000000 fd:03 165024606                  /usr/lib/jvm/java-1.8-openjdk/jre/lib/amd64/libjaas_unix.so
7fcc2822f000-7fcc28230000 rw-p 00001000 fd:03 165024606                  /usr/lib/jvm/java-1.8-openjdk/jre/lib/amd64/libjaas_unix.so
7fcc28230000-7fcc28430000 rw-p 00000000 00:00 0 
7fcc28430000-7fcc28433000 ---p 00000000 00:00 0 
7fcc28433000-7fcc28531000 rw-p 00000000 00:00 0 
7fcc28531000-7fcc28731000 rw-p 00000000 00:00 0 
7fcc28731000-7fcc289a0000 rw-p 00000000 00:00 0 
7fcc289a0000-7fcc28bc6000 r-xp 00000000 fd:03 165089593                  /usr/glibc-compat/lib/ld-2.28.so
7fcc28bc6000-7fcc28bc7000 r--p 00026000 fd:03 165089593                  /usr/glibc-compat/lib/ld-2.28.so
7fcc28bc7000-7fcc28bc8000 rw-p 00027000 fd:03 165089593                  /usr/glibc-compat/lib/ld-2.28.so
7fcc28bc8000-7fcc28bc9000 rw-p 00000000 00:00 0 
7fcc28bc9000-7fcc29461000 r-xp 00000000 fd:03 303371966                  /tmp/librocksdbjni6618035900637579382.so
7fcc29461000-7fcc29472000 r--p 00698000 fd:03 303371966                  /tmp/librocksdbjni6618035900637579382.so
7fcc29472000-7fcc2947b000 rw-p 006a9000 fd:03 303371966                  /tmp/librocksdbjni6618035900637579382.so
7fcc2947b000-7fcc29681000 rw-p 00000000 00:00 0 
7fcc296b5000-7fcc296d0000 r--s 001d6000 fd:03 165024650                  /usr/lib/jvm/java-1.8-openjdk/jre/lib/ext/nashorn.jar
7fcc296d0000-7fcc296d2000 ---p 00000000 00:00 0 
7fcc296d2000-7fcc296e7000 rw-p 00000000 00:00 0 
7fcc296e7000-7fcc296e9000 ---p 00000000 00:00 0 
7fcc296e9000-7fcc296fe000 rw-p 00000000 00:00 0 
7fcc296fe000-7fcc29700000 ---p 00000000 00:00 0 
7fcc29700000-7fcc29715000 rw-p 00000000 00:00 0 
7fcc29715000-7fcc29717000 ---p 00000000 00:00 0 
7fcc29717000-7fcc2972c000 rw-p 00000000 00:00 0 
7fcc2972c000-7fcc2972e000 ---p 00000000 00:00 0 
7fcc2972e000-7fcc29743000 rw-p 00000000 00:00 0 
7fcc29743000-7fcc29745000 ---p 00000000 00:00 0 
7fcc29745000-7fcc2975a000 rw-p 00000000 00:00 0 
7fcc2975a000-7fcc2975c000 ---p 00000000 00:00 0 
7fcc2975c000-7fcc29771000 rw-p 00000000 00:00 0 
7fcc29771000-7fcc29773000 ---p 00000000 00:00 0 
7fcc29773000-7fcc29788000 rw-p 00000000 00:00 0 
7fcc29788000-7fcc29999000 r-xp 00000000 fd:03 165024621                  /usr/lib/jvm/java-1.8-openjdk/jre/lib/amd64/libnio.so
7fcc29999000-7fcc2999a000 r--p 00011000 fd:03 165024621                  /usr/lib/jvm/java-1.8-openjdk/jre/lib/amd64/libnio.so
7fcc2999a000-7fcc2999b000 rw-p 00012000 fd:03 165024621                  /usr/lib/jvm/java-1.8-openjdk/jre/lib/amd64/libnio.so
7fcc2999b000-7fcc2c99c000 rw-p 00000000 00:00 0 
7fcc2c99c000-7fcc2cbb2000 r-xp 00000000 fd:03 165024620                  /usr/lib/jvm/java-1.8-openjdk/jre/lib/amd64/libnet.so
7fcc2cbb2000-7fcc2cbb3000 r--p 00016000 fd:03 165024620                  /usr/lib/jvm/java-1.8-openjdk/jre/lib/amd64/libnet.so
7fcc2cbb3000-7fcc2cbb4000 rw-p 00017000 fd:03 165024620                  /usr/lib/jvm/java-1.8-openjdk/jre/lib/amd64/libnet.so
7fcc2cbb6000-7fcc2cbb8000 ---p 00000000 00:00 0 
7fcc2cbb8000-7fcc2cbcd000 rw-p 00000000 00:00 0 
7fcc2cbcd000-7fcc2cbcf000 ---p 00000000 00:00 0 
7fcc2cbcf000-7fcc2cbe4000 rw-p 00000000 00:00 0 
7fcc2cbe4000-7fcc2cbe6000 ---p 00000000 00:00 0 
7fcc2cbe6000-7fcc2cbfb000 rw-p 00000000 00:00 0 
7fcc2cbfb000-7fcc2cbfd000 ---p 00000000 00:00 0 
7fcc2cbfd000-7fcc2cc12000 rw-p 00000000 00:00 0 
7fcc2cc12000-7fcc2cc16000 r--s 00058000 fd:03 165024669                  /usr/lib/jvm/java-1.8-openjdk/jre/lib/jsse.jar
7fcc2cc17000-7fcc2cc19000 ---p 00000000 00:00 0 
7fcc2cc19000-7fcc2cc2e000 rw-p 00000000 00:00 0 
7fcc2cc2e000-7fcc2cc30000 ---p 00000000 00:00 0 
7fcc2cc30000-7fcc2cc45000 rw-p 00000000 00:00 0 
7fcc2cc45000-7fcc2cc47000 ---p 00000000 00:00 0 
7fcc2cc47000-7fcc2ce5c000 rw-p 00000000 00:00 0 
7fcc2ce5c000-7fcc2ce5f000 r--s 00025000 fd:03 165872768                  /home/user/.m2/repository/org/apache/maven/shared/maven-shared-utils/3.1.0/maven-shared-utils-3.1.0.jar
7fcc2ce5f000-7fcc2ce62000 ---p 00000000 00:00 0 
7fcc2ce62000-7fcc2ce99000 rw-p 00000000 00:00 0 
7fcc2ce99000-7fcc2ce9a000 r--s 00006000 fd:03 303699198                  /home/user/.m2/repository/org/apache/maven/surefire/common-junit4/3.0.0-M1/common-junit4-3.0.0-M1.jar
7fcc2ce9a000-7fcc2ce9b000 r--s 00002000 fd:03 303699205                  /home/user/.m2/repository/org/apache/maven/surefire/common-junit3/3.0.0-M1/common-junit3-3.0.0-M1.jar
7fcc2ce9b000-7fcc2ce9c000 r--s 00007000 fd:03 303699200                  /home/user/.m2/repository/org/apache/maven/surefire/common-java5/3.0.0-M1/common-java5-3.0.0-M1.jar
7fcc2ce9c000-7fcc2ce9e000 r--s 00003000 fd:03 303699139                  /home/user/.m2/repository/org/apache/maven/surefire/surefire-junit4/3.0.0-M1/surefire-junit4-3.0.0-M1.jar
7fcc2ce9e000-7fcc2cea4000 r--s 00036000 fd:03 165806297                  /home/user/.m2/repository/junit/junit/4.11/junit-4.11.jar
7fcc2cea4000-7fcc2cec5000 r--s 00172000 fd:03 165741699                  /home/user/.m2/repository/com/google/guava/guava/11.0.2/guava-11.0.2.jar
7fcc2cec5000-7fcc2cecd000 r--s 0007b000 fd:03 165741815                  /home/user/.m2/repository/com/google/protobuf/protobuf-java/2.5.0/protobuf-java-2.5.0.jar
7fcc2cecd000-7fcc2ced2000 r--s 0003c000 fd:03 165742597                  /home/user/.m2/repository/info/picocli/picocli/3.9.6/picocli-3.9.6.jar
7fcc2ced2000-7fcc2cf06000 r--s 0051e000 fd:03 165807070                  /home/user/.m2/repository/org/apache/hadoop/hadoop-hdfs/3.2.0/hadoop-hdfs-3.2.0-tests.jar
7fcc2cf06000-7fcc2cf31000 r--s 00297000 fd:03 165807046                  /home/user/.m2/repository/org/apache/hadoop/hadoop-common/3.2.0/hadoop-common-3.2.0-tests.jar
7fcc2cf31000-7fcc2cf34000 r--s 0000e000 fd:03 165741337                  /home/user/.m2/repository/com/fasterxml/jackson/core/jackson-annotations/2.9.9/jackson-annotations-2.9.9.jar
7fcc2cf34000-7fcc2cf79000 r--s 00486000 fd:03 165807082                  /home/user/.m2/repository/org/apache/hadoop/hadoop-hdfs-client/3.2.0/hadoop-hdfs-client-3.2.0.jar
7fcc2cf79000-7fcc2cf92000 r--s 0012c000 fd:03 165742759                  /home/user/.m2/repository/io/netty/netty/3.10.5.Final/netty-3.10.5.Final.jar
7fcc2cf92000-7fcc2cf93000 r--s 00005000 fd:03 165742317                  /home/user/.m2/repository/commons-daemon/commons-daemon/1.0.13/commons-daemon-1.0.13.jar
7fcc2cf93000-7fcc2cf95000 r--s 00008000 fd:03 165937458                  /home/user/.m2/repository/org/eclipse/jetty/jetty-util-ajax/9.3.25.v20180904/jetty-util-ajax-9.3.25.v20180904.jar
7fcc2cf95000-7fcc2cfdd000 r--s 00557000 fd:03 165807073                  /home/user/.m2/repository/org/apache/hadoop/hadoop-hdfs/3.2.0/hadoop-hdfs-3.2.0.jar
7fcc2cfdd000-7fcc2cfe2000 r--s 00047000 fd:03 165742557                  /home/user/.m2/repository/dnsjava/dnsjava/2.1.7/dnsjava-2.1.7.jar
7fcc2cfe2000-7fcc2cfe8000 r--s 00078000 fd:03 165741511                  /home/user/.m2/repository/com/fasterxml/woodstox/woodstox-core/5.0.3/woodstox-core-5.0.3.jar
7fcc2cfe8000-7fcc2cfec000 r--s 00024000 fd:03 165937343                  /home/user/.m2/repository/org/codehaus/woodstox/stax2-api/3.1.4/stax2-api-3.1.4.jar
7fcc2cfec000-7fcc2cff0000 r--s 0004c000 fd:03 165741354                  /home/user/.m2/repository/com/fasterxml/jackson/core/jackson-core/2.9.9/jackson-core-2.9.9.jar
7fcc2cff0000-7fcc2d003000 r--s 00137000 fd:03 165741371                  /home/user/.m2/repository/com/fasterxml/jackson/core/jackson-databind/2.9.9/jackson-databind-2.9.9.jar
7fcc2d003000-7fcc2d005000 r--s 00006000 fd:03 165807481                  /home/user/.m2/repository/org/apache/kerby/kerby-xdr/1.0.1/kerby-xdr-1.0.1.jar
7fcc2d005000-7fcc2d006000 r--s 00004000 fd:03 165807385                  /home/user/.m2/repository/org/apache/kerby/kerb-identity/1.0.1/kerb-identity-1.0.1.jar
7fcc2d006000-7fcc2d009000 r--s 00012000 fd:03 165807394                  /home/user/.m2/repository/org/apache/kerby/kerb-server/1.0.1/kerb-server-1.0.1.jar
7fcc2d009000-7fcc2d00c000 r--s 00011000 fd:03 165807340                  /home/user/.m2/repository/org/apache/kerby/kerb-admin/1.0.1/kerb-admin-1.0.1.jar
7fcc2d00c000-7fcc2d00d000 r--s 00004000 fd:03 165807490                  /home/user/.m2/repository/org/apache/kerby/token-provider/1.0.1/token-provider-1.0.1.jar
7fcc2d00d000-7fcc2d00e000 r--s 00008000 fd:03 165807412                  /home/user/.m2/repository/org/apache/kerby/kerb-util/1.0.1/kerb-util-1.0.1.jar
7fcc2d00e000-7fcc2d012000 r--s 00019000 fd:03 165807376                  /home/user/.m2/repository/org/apache/kerby/kerb-crypto/1.0.1/kerb-crypto-1.0.1.jar
7fcc2d012000-7fcc2d014000 r--s 0000e000 fd:03 165807358                  /home/user/.m2/repository/org/apache/kerby/kerb-common/1.0.1/kerb-common-1.0.1.jar
7fcc2d014000-7fcc2d015000 r--s 00009000 fd:03 165807472                  /home/user/.m2/repository/org/apache/kerby/kerby-util/1.0.1/kerby-util-1.0.1.jar
7fcc2d015000-7fcc2d017000 r--s 00017000 fd:03 165807427                  /home/user/.m2/repository/org/apache/kerby/kerby-asn1/1.0.1/kerby-asn1-1.0.1.jar
7fcc2d017000-7fcc2d01e000 r--s 0002b000 fd:03 165807457                  /home/user/.m2/repository/org/apache/kerby/kerby-pkix/1.0.1/kerby-pkix-1.0.1.jar
7fcc2d01e000-7fcc2d025000 r--s 00031000 fd:03 165807367                  /home/user/.m2/repository/org/apache/kerby/kerb-core/1.0.1/kerb-core-1.0.1.jar
7fcc2d025000-7fcc2d027000 r--s 00006000 fd:03 165807442                  /home/user/.m2/repository/org/apache/kerby/kerby-config/1.0.1/kerby-config-1.0.1.jar
7fcc2d027000-7fcc2d02a000 r--s 00019000 fd:03 165807349                  /home/user/.m2/repository/org/apache/kerby/kerb-client/1.0.1/kerb-client-1.0.1.jar
7fcc2d02a000-7fcc2d02b000 r--s 00004000 fd:03 165807403                  /home/user/.m2/repository/org/apache/kerby/kerb-simplekdc/1.0.1/kerb-simplekdc-1.0.1.jar
7fcc2d02b000-7fcc2d02f000 r--s 00014000 fd:03 165938869                  /home/user/.m2/repository/org/tukaani/xz/1.0/xz-1.0.jar
7fcc2d02f000-7fcc2d034000 r--s 00036000 fd:03 165806753                  /home/user/.m2/repository/org/apache/commons/commons-compress/1.4.1/commons-compress-1.4.1.jar
7fcc2d034000-7fcc2d035000 r--s 00004000 fd:03 165873399                  /home/user/.m2/repository/org/apache/yetus/audience-annotations/0.5.0/audience-annotations-0.5.0.jar
7fcc2d035000-7fcc2d037000 r--s 00014000 fd:03 165806253                  /home/user/.m2/repository/jline/jline/0.9.94/jline-0.9.94.jar
7fcc2d037000-7fcc2d044000 r--s 000d1000 fd:03 165873415                  /home/user/.m2/repository/org/apache/zookeeper/zookeeper/3.4.13/zookeeper-3.4.13.jar
7fcc2d044000-7fcc2d05e000 r--s 00155000 fd:03 165807212                  /home/user/.m2/repository/org/apache/htrace/htrace-core4/4.1.0-incubating/htrace-core4-4.1.0-incubating.jar
7fcc2d05e000-7fcc2d061000 r--s 00006000 fd:03 165741623                  /home/user/.m2/repository/com/google/code/findbugs/jsr305/3.0.0/jsr305-3.0.0.jar
7fcc2d061000-7fcc2d069000 r--s 0003e000 fd:03 165806975                  /home/user/.m2/repository/org/apache/curator/curator-recipes/2.12.0/curator-recipes-2.12.0.jar
7fcc2d069000-7fcc2d0a0000 r--s 00219000 fd:03 165806957                  /home/user/.m2/repository/org/apache/curator/curator-client/2.12.0/curator-client-2.12.0.jar
7fcc2d0a0000-7fcc2d0a5000 r--s 00040000 fd:03 165741883                  /home/user/.m2/repository/com/jcraft/jsch/0.1.54/jsch-0.1.54.jar
7fcc2d0a5000-7fcc2d0ab000 r--s 0002c000 fd:03 165806966                  /home/user/.m2/repository/org/apache/curator/curator-framework/2.12.0/curator-framework-2.12.0.jar
7fcc2d0ab000-7fcc2d0ad000 r--s 00006000 fd:03 165806485                  /home/user/.m2/repository/net/minidev/accessors-smart/1.2/accessors-smart-1.2.jar
7fcc2d0ad000-7fcc2d0b0000 r--s 0001b000 fd:03 165806494                  /home/user/.m2/repository/net/minidev/json-smart/2.3/json-smart-2.3.jar
7fcc2d0b0000-7fcc2d0b2000 r--s 00000000 fd:03 165741559                  /home/user/.m2/repository/com/github/stephenc/jcip/jcip-annotations/1.0-1/jcip-annotations-1.0-1.jar
7fcc2d0b2000-7fcc2d0b8000 r--s 00044000 fd:03 165741929                  /home/user/.m2/repository/com/nimbusds/nimbus-jose-jwt/4.41.1/nimbus-jose-jwt-4.41.1.jar
7fcc2d0b8000-7fcc2d0ba000 r--s 00020000 fd:03 165807028                  /home/user/.m2/repository/org/apache/hadoop/hadoop-auth/3.2.0/hadoop-auth-3.2.0.jar
7fcc2d0ba000-7fcc2d0bf000 r--s 0002a000 fd:03 165741633                  /home/user/.m2/repository/com/google/code/gson/gson/2.2.4/gson-2.2.4.jar
7fcc2d0bf000-7fcc2d0c1000 r--s 0001e000 fd:03 165741857                  /home/user/.m2/repository/com/google/re2j/re2j/1.1/re2j-1.1.jar
7fcc2d0c1000-7fcc2d0c3000 r--s 00130000 fd:03 165938904                  /home/user/.m2/repository/org/xerial/snappy/snappy-java/1.0.5/snappy-java-1.0.5.jar
7fcc2d0c3000-7fcc2d0c5000 r--s 00006000 fd:03 165742123                  /home/user/.m2/repository/com/thoughtworks/paranamer/paranamer/2.3/paranamer-2.3.jar
7fcc2d0c5000-7fcc2d0ce000 r--s 00062000 fd:03 165806715                  /home/user/.m2/repository/org/apache/avro/avro/1.7.7/avro-1.7.7.jar
7fcc2d0ce000-7fcc2d0cf000 r--s 00002000 fd:03 165938508                  /home/user/.m2/repository/org/slf4j/slf4j-log4j12/1.7.25/slf4j-log4j12-1.7.25.jar
7fcc2d0cf000-7fcc2d0d3000 r--s 00029000 fd:03 165806941                  /home/user/.m2/repository/org/apache/commons/commons-text/1.4/commons-text-1.4.jar
7fcc2d0d3000-7fcc2d0db000 r--s 00072000 fd:03 165806802                  /home/user/.m2/repository/org/apache/commons/commons-lang3/3.7/commons-lang3-3.7.jar
7fcc2d0db000-7fcc2d0e7000 r--s 0008b000 fd:03 165806770                  /home/user/.m2/repository/org/apache/commons/commons-configuration2/2.1.1/commons-configuration2-2.1.1.jar
7fcc2d0e7000-7fcc2d0ec000 r--s 00038000 fd:03 165742176                  /home/user/.m2/repository/commons-beanutils/commons-beanutils/1.9.4/commons-beanutils-1.9.4.jar
7fcc2d0ec000-7fcc2d0f5000 r--s 0006f000 fd:03 165806333                  /home/user/.m2/repository/log4j/log4j/1.2.17/log4j-1.2.17.jar
7fcc2d0f5000-7fcc2d0f7000 r--s 0000e000 fd:03 165742484                  /home/user/.m2/repository/commons-logging/commons-logging/1.1.3/commons-logging-1.1.3.jar
7fcc2d0f7000-7fcc2d107000 r--s 0009c000 fd:03 165742056                  /home/user/.m2/repository/com/sun/jersey/jersey-server/1.19/jersey-server-1.19.jar
7fcc2d107000-7fcc2d108000 r--s 00006000 fd:03 165873586                  /home/user/.m2/repository/org/codehaus/jackson/jackson-xc/1.9.13/jackson-xc-1.9.13.jar
7fcc2d108000-7fcc2d109000 r--s 00004000 fd:03 165873568                  /home/user/.m2/repository/org/codehaus/jackson/jackson-jaxrs/1.9.13/jackson-jaxrs-1.9.13.jar
7fcc2d109000-7fcc2d117000 r--s 000b1000 fd:03 165873577                  /home/user/.m2/repository/org/codehaus/jackson/jackson-mapper-asl/1.9.13/jackson-mapper-asl-1.9.13.jar
7fcc2d117000-7fcc2d11b000 r--s 00035000 fd:03 165873559                  /home/user/.m2/repository/org/codehaus/jackson/jackson-core-asl/1.9.13/jackson-core-asl-1.9.13.jar
7fcc2d11b000-7fcc2d11e000 r--s 00016000 fd:03 165806209                  /home/user/.m2/repository/javax/xml/bind/jaxb-api/2.2.11/jaxb-api-2.2.11.jar
7fcc2d11e000-7fcc2d131000 r--s 000c7000 fd:03 165742091                  /home/user/.m2/repository/com/sun/xml/bind/jaxb-impl/2.2.3-1/jaxb-impl-2.2.3-1.jar
7fcc2d131000-7fcc2d133000 r--s 0000f000 fd:03 165873596                  /home/user/.m2/repository/org/codehaus/jettison/jettison/1.1/jettison-1.1.jar
7fcc2d133000-7fcc2d137000 r--s 00025000 fd:03 165742041                  /home/user/.m2/repository/com/sun/jersey/jersey-json/1.19/jersey-json-1.19.jar
7fcc2d137000-7fcc2d13b000 r--s 0001c000 fd:03 165742065                  /home/user/.m2/repository/com/sun/jersey/jersey-servlet/1.19/jersey-servlet-1.19.jar
7fcc2d13b000-7fcc2d13d000 r--s 0000a000 fd:03 165806198                  /home/user/.m2/repository/javax/ws/rs/jsr311-api/1.1.1/jsr311-api-1.1.1.jar
7fcc2d13d000-7fcc2d147000 r--s 00061000 fd:03 165742032                  /home/user/.m2/repository/com/sun/jersey/jersey-core/1.19/jersey-core-1.19.jar
7fcc2d147000-7fcc2d14a000 r--s 00016000 fd:03 165806154                  /home/user/.m2/repository/javax/servlet/jsp/jsp-api/2.1/jsp-api-2.1.jar
7fcc2d14a000-7fcc2d14b000 r--s 0000c000 fd:03 165937476                  /home/user/.m2/repository/org/eclipse/jetty/jetty-xml/9.3.25.v20180904/jetty-xml-9.3.25.v20180904.jar
7fcc2d14b000-7fcc2d14e000 r--s 0001a000 fd:03 165937467                  /home/user/.m2/repository/org/eclipse/jetty/jetty-webapp/9.3.25.v20180904/jetty-webapp-9.3.25.v20180904.jar
7fcc2d14e000-7fcc2d151000 r--s 00015000 fd:03 165937422                  /home/user/.m2/repository/org/eclipse/jetty/jetty-security/9.3.25.v20180904/jetty-security-9.3.25.v20180904.jar
7fcc2d151000-7fcc2d154000 r--s 0001b000 fd:03 165937440                  /home/user/.m2/repository/org/eclipse/jetty/jetty-servlet/9.3.25.v20180904/jetty-servlet-9.3.25.v20180904.jar
7fcc2d154000-7fcc2d15b000 r--s 00069000 fd:03 165937449                  /home/user/.m2/repository/org/eclipse/jetty/jetty-util/9.3.25.v20180904/jetty-util-9.3.25.v20180904.jar
7fcc2d15b000-7fcc2d15f000 r--s 0001b000 fd:03 165937396                  /home/user/.m2/repository/org/eclipse/jetty/jetty-io/9.3.25.v20180904/jetty-io-9.3.25.v20180904.jar
7fcc2d15f000-7fcc2d162000 r--s 00022000 fd:03 165937387                  /home/user/.m2/repository/org/eclipse/jetty/jetty-http/9.3.25.v20180904/jetty-http-9.3.25.v20180904.jar
7fcc2d162000-7fcc2d16a000 r--s 00078000 fd:03 165937431                  /home/user/.m2/repository/org/eclipse/jetty/jetty-server/9.3.25.v20180904/jetty-server-9.3.25.v20180904.jar
7fcc2d16a000-7fcc2d16d000 r--s 00015000 fd:03 165806144                  /home/user/.m2/repository/javax/servlet/javax.servlet-api/3.1.0/javax.servlet-api-3.1.0.jar
7fcc2d16d000-7fcc2d17a000 r--s 00083000 fd:03 165742297                  /home/user/.m2/repository/commons-collections/commons-collections/3.2.2/commons-collections-3.2.2.jar
7fcc2d17a000-7fcc2d180000 r--s 00046000 fd:03 165742509                  /home/user/.m2/repository/commons-net/commons-net/3.6/commons-net-3.6.jar
7fcc2d180000-7fcc2d184000 r--s 0002f000 fd:03 165742407                  /home/user/.m2/repository/commons-io/commons-io/2.5/commons-io-2.5.jar
7fcc2d184000-7fcc2d18b000 r--s 0004b000 fd:03 165742229                  /home/user/.m2/repository/commons-codec/commons-codec/1.11/commons-codec-1.11.jar
7fcc2d18b000-7fcc2d192000 r--s 00049000 fd:03 165807289                  /home/user/.m2/repository/org/apache/httpcomponents/httpcore/4.4.4/httpcore-4.4.4.jar
7fcc2d192000-7fcc2d19f000 r--s 000a7000 fd:03 165807236                  /home/user/.m2/repository/org/apache/httpcomponents/httpclient/4.5.2/httpclient-4.5.2.jar
7fcc2d19f000-7fcc2d1a1000 r--s 00009000 fd:03 165742211                  /home/user/.m2/repository/commons-cli/commons-cli/1.2/commons-cli-1.2.jar
7fcc2d1a1000-7fcc2d21a000 r--s 007c0000 fd:03 165024711                  /usr/lib/jvm/java-1.8-openjdk/lib/tools.jar
7fcc2d21a000-7fcc2d21b000 r--s 0000e000 fd:03 165807019                  /home/user/.m2/repository/org/apache/hadoop/hadoop-annotations/3.2.0/hadoop-annotations-3.2.0.jar
7fcc2d21b000-7fcc2d259000 r--s 003aa000 fd:03 165807049                  /home/user/.m2/repository/org/apache/hadoop/hadoop-common/3.2.0/hadoop-common-3.2.0.jar
7fcc2d259000-7fcc2d25b000 r--s 00002000 fd:03 303759581                  /home/user/.m2/repository/com/github/spotbugs/spotbugs-annotations/3.1.12/spotbugs-annotations-3.1.12.jar
7fcc2d25b000-7fcc2d260000 r--s 00041000 fd:03 165742443                  /home/user/.m2/repository/commons-lang/commons-lang/2.6/commons-lang-2.6.jar
7fcc2d260000-7fcc2d266000 r--s 00033000 fd:03 165806233                  /home/user/.m2/repository/jaxen/jaxen/1.1.6/jaxen-1.1.6.jar
7fcc2d266000-7fcc2d26b000 r--s 0004b000 fd:03 303759577                  /home/user/.m2/repository/org/dom4j/dom4j/2.1.1/dom4j-2.1.1.jar
7fcc2d26b000-7fcc2d26c000 r--s 00000000 fd:03 165806475                  /home/user/.m2/repository/net/jcip/jcip-annotations/1.0/jcip-annotations-1.0.jar
7fcc2d26c000-7fcc2d277000 r--s 0009d000 fd:03 303759568                  /home/user/.m2/repository/org/apache/bcel/bcel/6.3/bcel-6.3.jar
7fcc2d277000-7fcc2d278000 r--s 00013000 fd:03 303759571                  /home/user/.m2/repository/org/ow2/asm/asm-util/7.0/asm-util-7.0.jar
7fcc2d278000-7fcc2d27a000 r--s 0000b000 fd:03 303759573                  /home/user/.m2/repository/org/ow2/asm/asm-tree/7.0/asm-tree-7.0.jar
7fcc2d27a000-7fcc2d27c000 r--s 00012000 fd:03 303759567                  /home/user/.m2/repository/org/ow2/asm/asm-commons/7.0/asm-commons-7.0.jar
7fcc2d27c000-7fcc2d27e000 r--s 00007000 fd:03 303759569                  /home/user/.m2/repository/org/ow2/asm/asm-analysis/7.0/asm-analysis-7.0.jar
7fcc2d27e000-7fcc2d280000 r--s 0000c000 fd:03 165938172                  /home/user/.m2/repository/org/ow2/asm/asm/5.0.4/asm-5.0.4.jar
7fcc2d280000-7fcc2d2a8000 r--s 00316000 fd:03 303759565                  /home/user/.m2/repository/com/github/spotbugs/spotbugs/3.1.12/spotbugs-3.1.12.jar
7fcc2d2a8000-7fcc2d300000 r--s 003a7000 fd:03 165873481                  /home/user/.m2/repository/org/bouncycastle/bcprov-jdk15on/1.60/bcprov-jdk15on-1.60.jar
7fcc2d300000-7fcc2d306000 r--s 00045000 fd:03 165937802                  /home/user/.m2/repository/org/hamcrest/hamcrest-all/1.3/hamcrest-all-1.3.jar
7fcc2d306000-7fcc2d323000 r--s 0013e000 fd:03 165937993                  /home/user/.m2/repository/org/mockito/mockito-all/1.8.5/mockito-all-1.8.5.jar
7fcc2d323000-7fcc2d324000 r--s 00007000 fd:03 165938110                  /home/user/.m2/repository/org/openjdk/jmh/jmh-generator-annprocess/1.19/jmh-generator-annprocess-1.19.jar
7fcc2d324000-7fcc2d341000 r--s 0016a000 fd:03 165806811                  /home/user/.m2/repository/org/apache/commons/commons-math3/3.1.1/commons-math3-3.1.1.jar
7fcc2d341000-7fcc2d343000 r--s 0000e000 fd:03 165806511                  /home/user/.m2/repository/net/sf/jopt-simple/jopt-simple/4.6/jopt-simple-4.6.jar
7fcc2d343000-7fcc2d34c000 r--s 00072000 fd:03 165938101                  /home/user/.m2/repository/org/openjdk/jmh/jmh-core/1.19/jmh-core-1.19.jar
7fcc2d34c000-7fcc2d363000 r--s 00115000 fd:03 165873440                  /home/user/.m2/repository/org/assertj/assertj-core/3.8.0/assertj-core-3.8.0.jar
7fcc2d363000-7fcc2d365000 r--s 00009000 fd:03 165938482                  /home/user/.m2/repository/org/slf4j/slf4j-api/1.7.25/slf4j-api-1.7.25.jar
7fcc2d365000-7fcc2d369000 r--s 0001e000 fd:03 165742609                  /home/user/.m2/repository/io/dropwizard/metrics/metrics-core/3.2.4/metrics-core-3.2.4.jar
7fcc2d369000-7fcc2d36b000 r--s 00009000 fd:03 165937811                  /home/user/.m2/repository/org/hamcrest/hamcrest-core/1.3/hamcrest-core-1.3.jar
7fcc2d36b000-7fcc2d392000 r--s 00205000 fd:03 165742768                  /home/user/.m2/repository/io/netty/netty-all/4.0.52.Final/netty-all-4.0.52.Final.jar
7fcc2d392000-7fcc2d398000 r--s 0003c000 fd:03 165938933                  /home/user/.m2/repository/org/yaml/snakeyaml/1.16/snakeyaml-1.16.jar
7fcc2d398000-7fcc2d399000 r--s 00002000 fd:03 165742943                  /home/user/.m2/repository/io/opentracing/opentracing-noop/0.31.0/opentracing-noop-0.31.0.jar
7fcc2d399000-7fcc2d39b000 r--s 00002000 fd:03 165742934                  /home/user/.m2/repository/io/opentracing/opentracing-api/0.31.0/opentracing-api-0.31.0.jar
7fcc2d39b000-7fcc2d39c000 r--s 00001000 fd:03 165742952                  /home/user/.m2/repository/io/opentracing/opentracing-util/0.31.0/opentracing-util-0.31.0.jar
7fcc2d39c000-7fcc2d39d000 r--s 00001000 fd:03 165742919                  /home/user/.m2/repository/io/opentracing/contrib/opentracing-tracerresolver/0.1.5/opentracing-tracerresolver-0.1.5.jar
7fcc2d39d000-7fcc2d39e000 r--s 00000000 fd:03 165742749                  /home/user/.m2/repository/io/jaegertracing/jaeger-tracerresolver/0.34.0/jaeger-tracerresolver-0.34.0.jar
7fcc2d39e000-7fcc2d3a2000 r--s 0001c000 fd:03 165742731                  /home/user/.m2/repository/io/jaegertracing/jaeger-core/0.34.0/jaeger-core-0.34.0.jar
7fcc2d3a2000-7fcc2d3a3000 r--s 00013000 fd:03 165741980                  /home/user/.m2/repository/com/squareup/okio/okio/1.13.0/okio-1.13.0.jar
7fcc2d3a3000-7fcc2d3a9000 r--s 0005e000 fd:03 165741964                  /home/user/.m2/repository/com/squareup/okhttp3/okhttp/3.9.0/okhttp-3.9.0.jar
7fcc2d3a9000-7fcc2d3af000 r--s 00037000 fd:03 165873180                  /home/user/.m2/repository/org/apache/thrift/libthrift/0.12.0/libthrift-0.12.0.jar
7fcc2d3af000-7fcc2d3bd000 r--s 0009e000 fd:03 165742740                  /home/user/.m2/repository/io/jaegertracing/jaeger-thrift/0.34.0/jaeger-thrift-0.34.0.jar
7fcc2d3bd000-7fcc2d3be000 r--s 00000000 fd:03 165742722                  /home/user/.m2/repository/io/jaegertracing/jaeger-client/0.34.0/jaeger-client-0.34.0.jar
7fcc2d3be000-7fcc2d3c2000 r--s 00020000 fd:03 165742343                  /home/user/.m2/repository/commons-digester/commons-digester/1.8.1/commons-digester-1.8.1.jar
7fcc2d3c2000-7fcc2d3c6000 r--s 0002a000 fd:03 165742535                  /home/user/.m2/repository/commons-validator/commons-validator/1.6/commons-validator-1.6.jar
7fcc2d3c6000-7fcc2d3d9000 r--s 000b0000 fd:03 165873472                  /home/user/.m2/repository/org/bouncycastle/bcpkix-jdk15on/1.60/bcpkix-jdk15on-1.60.jar
7fcc2d3d9000-7fcc2d3dc000 r--s 0001d000 fd:03 165806932                  /home/user/.m2/repository/org/apache/commons/commons-pool2/2.6.0/commons-pool2-2.6.0.jar
7fcc2d3dc000-7fcc2d3df000 r--s 00012000 fd:03 165741909                  /home/user/.m2/repository/com/lmax/disruptor/3.4.2/disruptor-3.4.2.jar
7fcc2d3df000-7fcc2d3ff000 r--s 00167000 fd:03 165807516                  /home/user/.m2/repository/org/apache/logging/log4j/log4j-core/2.11.0/log4j-core-2.11.0.jar
7fcc2d3ff000-7fcc2d405000 r--s 0003b000 fd:03 165807507                  /home/user/.m2/repository/org/apache/logging/log4j/log4j-api/2.11.0/log4j-api-2.11.0.jar
7fcc2d405000-7fcc2d40a000 r--s 00c4f000 fd:03 165938441                  /home/user/.m2/repository/org/rocksdb/rocksdbjni/6.0.1/rocksdbjni-6.0.1.jar
7fcc2d40a000-7fcc2d40c000 r--s 00019000 fd:03 303699338                  /home/user/.m2/repository/org/apache/ratis/ratis-grpc/0.5.0-201fc85-SNAPSHOT/ratis-grpc-0.5.0-201fc85-SNAPSHOT.jar
7fcc2d40c000-7fcc2d40e000 r--s 00007000 fd:03 303699337                  /home/user/.m2/repository/org/apache/ratis/ratis-netty/0.5.0-201fc85-SNAPSHOT/ratis-netty-0.5.0-201fc85-SNAPSHOT.jar
7fcc2d40e000-7fcc2d410000 r--s 00009000 fd:03 165742587                  /home/user/.m2/repository/info/ganglia/gmetric4j/gmetric4j/1.0.7/gmetric4j-1.0.7.jar
7fcc2d410000-7fcc2d411000 r--s 00002000 fd:03 165742618                  /home/user/.m2/repository/io/dropwizard/metrics/metrics-ganglia/3.2.5/metrics-ganglia-3.2.5.jar
7fcc2d411000-7fcc2d413000 r--s 00008000 fd:03 165742627                  /home/user/.m2/repository/io/dropwizard/metrics/metrics-jvm/3.2.5/metrics-jvm-3.2.5.jar
7fcc2d413000-7fcc2d421000 r--s 0010d000 fd:03 303699320                  /home/user/.m2/repository/org/apache/ratis/ratis-proto/0.5.0-201fc85-SNAPSHOT/ratis-proto-0.5.0-201fc85-SNAPSHOT.jar
7fcc2d421000-7fcc2d4fb000 r--s 00cc8000 fd:03 165873130                  /home/user/.m2/repository/org/apache/ratis/ratis-thirdparty-misc/0.2.0/ratis-thirdparty-misc-0.2.0.jar
7fcc2d4fb000-7fcc2d4fe000 ---p 00000000 00:00 0 
7fcc2d4fe000-7fcc2d5fc000 rw-p 00000000 00:00 0 
7fcc2d5fc000-7fcc2d803000 r-xp 00000000 fd:03 165024618                  /usr/lib/jvm/java-1.8-openjdk/jre/lib/amd64/libmanagement.so
7fcc2d803000-7fcc2d804000 r--p 00007000 fd:03 165024618                  /usr/lib/jvm/java-1.8-openjdk/jre/lib/amd64/libmanagement.so
7fcc2d804000-7fcc2d805000 rw-p 00008000 fd:03 165024618                  /usr/lib/jvm/java-1.8-openjdk/jre/lib/amd64/libmanagement.so
7fcc2d805000-7fcc2d808000 ---p 00000000 00:00 0 
7fcc2d808000-7fcc2d906000 rw-p 00000000 00:00 0 
7fcc2d906000-7fcc2d907000 ---p 00000000 00:00 0 
7fcc2d907000-7fcc2da08000 rw-p 00000000 00:00 0 
7fcc2da08000-7fcc2da0b000 ---p 00000000 00:00 0 
7fcc2da0b000-7fcc2db09000 rw-p 00000000 00:00 0 
7fcc2db09000-7fcc2db0a000 ---p 00000000 00:00 0 
7fcc2db0a000-7fcc2db0d000 ---p 00000000 00:00 0 
7fcc2db0d000-7fcc2dc0b000 rw-p 00000000 00:00 0 
7fcc2dc0b000-7fcc2dc0c000 ---p 00000000 00:00 0 
7fcc2dc0c000-7fcc2dc0f000 ---p 00000000 00:00 0 
7fcc2dc0f000-7fcc2dd0d000 rw-p 00000000 00:00 0 
7fcc2dd0d000-7fcc2dd10000 ---p 00000000 00:00 0 
7fcc2dd10000-7fcc2de0e000 rw-p 00000000 00:00 0 
7fcc2de0e000-7fcc2de11000 ---p 00000000 00:00 0 
7fcc2de11000-7fcc2df0f000 rw-p 00000000 00:00 0 
7fcc2df0f000-7fcc2df12000 ---p 00000000 00:00 0 
7fcc2df12000-7fcc2e010000 rw-p 00000000 00:00 0 
7fcc2e010000-7fcc2e011000 ---p 00000000 00:00 0 
7fcc2e011000-7fcc2ea1b000 rw-p 00000000 00:00 0 
7fcc2ea1b000-7fcc2ebeb000 r--s 01f56000 fd:03 165024683                  /usr/lib/jvm/java-1.8-openjdk/jre/lib/rt.jar
7fcc2ebeb000-7fcc33861000 rw-p 00000000 00:00 0 
7fcc33861000-7fcc33862000 ---p 00000000 00:00 0 
7fcc33862000-7fcc33963000 rw-p 00000000 00:00 0 
7fcc33963000-7fcc33964000 ---p 00000000 00:00 0 
7fcc33964000-7fcc33c14000 rw-p 00000000 00:00 0 
7fcc33c14000-7fcc33d10000 ---p 00000000 00:00 0 
7fcc33d10000-7fcc33ebf000 rw-p 00000000 00:00 0 
7fcc33ebf000-7fcc33fba000 ---p 00000000 00:00 0 
7fcc33fba000-7fcc3412a000 rw-p 00000000 00:00 0 
7fcc3412a000-7fcc344d1000 ---p 00000000 00:00 0 
7fcc344d1000-7fcc34b11000 rwxp 00000000 00:00 0 
7fcc34b11000-7fcc434d1000 ---p 00000000 00:00 0 
7fcc434d1000-7fcc436d8000 r-xp 00000000 fd:03 165024627                  /usr/lib/jvm/java-1.8-openjdk/jre/lib/amd64/libzip.so
7fcc436d8000-7fcc436d9000 r--p 00007000 fd:03 165024627                  /usr/lib/jvm/java-1.8-openjdk/jre/lib/amd64/libzip.so
7fcc436d9000-7fcc436da000 rw-p 00008000 fd:03 165024627                  /usr/lib/jvm/java-1.8-openjdk/jre/lib/amd64/libzip.so
7fcc436da000-7fcc43905000 r-xp 00000000 fd:03 165024607                  /usr/lib/jvm/java-1.8-openjdk/jre/lib/amd64/libjava.so
7fcc43905000-7fcc43906000 r--p 0002b000 fd:03 165024607                  /usr/lib/jvm/java-1.8-openjdk/jre/lib/amd64/libjava.so
7fcc43906000-7fcc43907000 rw-p 0002c000 fd:03 165024607                  /usr/lib/jvm/java-1.8-openjdk/jre/lib/amd64/libjava.so
7fcc43907000-7fcc43908000 rw-p 00000000 00:00 0 
7fcc43908000-7fcc43b14000 r-xp 00000000 fd:03 165024626                  /usr/lib/jvm/java-1.8-openjdk/jre/lib/amd64/libverify.so
7fcc43b14000-7fcc43b16000 r--p 0000c000 fd:03 165024626                  /usr/lib/jvm/java-1.8-openjdk/jre/lib/amd64/libverify.so
7fcc43b16000-7fcc43b17000 rw-p 0000e000 fd:03 165024626                  /usr/lib/jvm/java-1.8-openjdk/jre/lib/amd64/libverify.so
7fcc43b17000-7fcc43d27000 r-xp 00000000 fd:03 165024784                  /usr/lib/libgcc_s.so.1
7fcc43d27000-7fcc43d28000 r--p 00010000 fd:03 165024784                  /usr/lib/libgcc_s.so.1
7fcc43d28000-7fcc43d29000 rw-p 00011000 fd:03 165024784                  /usr/lib/libgcc_s.so.1
7fcc43d29000-7fcc4406a000 r-xp 00000000 fd:03 165024907                  /usr/lib/libstdc++.so.6.0.22
7fcc4406a000-7fcc44078000 r--p 00141000 fd:03 165024907                  /usr/lib/libstdc++.so.6.0.22
7fcc44078000-7fcc44079000 rw-p 0014f000 fd:03 165024907                  /usr/lib/libstdc++.so.6.0.22
7fcc44079000-7fcc4407c000 rw-p 00000000 00:00 0 
7fcc4407c000-7fcc44a50000 r-xp 00000000 fd:03 165024631                  /usr/lib/jvm/java-1.8-openjdk/jre/lib/amd64/server/libjvm.so
7fcc44a50000-7fcc44ae6000 r--p 007d4000 fd:03 165024631                  /usr/lib/jvm/java-1.8-openjdk/jre/lib/amd64/server/libjvm.so
7fcc44ae6000-7fcc44b0e000 rw-p 0086a000 fd:03 165024631                  /usr/lib/jvm/java-1.8-openjdk/jre/lib/amd64/server/libjvm.so
7fcc44b0e000-7fcc44b3f000 rw-p 00000000 00:00 0 
7fcc44b3f000-7fcc44d54000 r-xp 00000000 fd:03 30540833                   /lib/libz.so.1.2.11
7fcc44d54000-7fcc44d55000 r--p 00015000 fd:03 30540833                   /lib/libz.so.1.2.11
7fcc44d55000-7fcc44d56000 rw-p 00016000 fd:03 30540833                   /lib/libz.so.1.2.11
7fcc44d56000-7fcc44f62000 r-xp 00000000 fd:03 165024591                  /usr/lib/jvm/java-1.8-openjdk/jre/lib/amd64/jli/libjli.so
7fcc44f62000-7fcc44f63000 r--p 0000c000 fd:03 165024591                  /usr/lib/jvm/java-1.8-openjdk/jre/lib/amd64/jli/libjli.so
7fcc44f63000-7fcc44f64000 rw-p 0000d000 fd:03 165024591                  /usr/lib/jvm/java-1.8-openjdk/jre/lib/amd64/jli/libjli.so
7fcc44f64000-7fcc44ff1000 r-xp 00000000 fd:03 164956642                  /lib/ld-musl-x86_64.so.1
7fcc44ff1000-7fcc44ff2000 r--s 00003000 fd:03 165741548                  /home/user/.m2/repository/com/github/joshelser/dropwizard-metrics-hadoop-metrics2-reporter/0.1.2/dropwizard-metrics-hadoop-metrics2-reporter-0.1.2.jar
7fcc44ff2000-7fcc44ff3000 r--s 00006000 fd:03 303699336                  /home/user/.m2/repository/org/apache/ratis/ratis-metrics/0.5.0-201fc85-SNAPSHOT/ratis-metrics-0.5.0-201fc85-SNAPSHOT.jar
7fcc44ff3000-7fcc44ff5000 r--s 0000c000 fd:03 303699335                  /home/user/.m2/repository/org/apache/ratis/ratis-client/0.5.0-201fc85-SNAPSHOT/ratis-client-0.5.0-201fc85-SNAPSHOT.jar
7fcc44ff5000-7fcc44ffa000 r--s 0003a000 fd:03 303699334                  /home/user/.m2/repository/org/apache/ratis/ratis-common/0.5.0-201fc85-SNAPSHOT/ratis-common-0.5.0-201fc85-SNAPSHOT.jar
7fcc44ffa000-7fcc44fff000 r--s 00053000 fd:03 303699318                  /home/user/.m2/repository/org/apache/ratis/ratis-server/0.5.0-201fc85-SNAPSHOT/ratis-server-0.5.0-201fc85-SNAPSHOT.jar
7fcc44fff000-7fcc45002000 r--s 000fd000 fd:03 165937538                  /home/user/.m2/repository/org/fusesource/leveldbjni/leveldbjni-all/1.8/leveldbjni-all-1.8.jar
7fcc45002000-7fcc45004000 r--s 00005000 fd:03 165806083                  /home/user/.m2/repository/javax/annotation/javax.annotation-api/1.2/javax.annotation-api-1.2.jar
7fcc45004000-7fcc45006000 r--s 00002000 fd:03 165872819                  /home/user/.m2/repository/org/apache/maven/surefire/surefire-logger-api/3.0.0-M1/surefire-logger-api-3.0.0-M1.jar
7fcc45006000-7fcc4500b000 r--s 00027000 fd:03 165872801                  /home/user/.m2/repository/org/apache/maven/surefire/surefire-api/3.0.0-M1/surefire-api-3.0.0-M1.jar
7fcc4500b000-7fcc45011000 r--s 00047000 fd:03 165872810                  /home/user/.m2/repository/org/apache/maven/surefire/surefire-booter/3.0.0-M1/surefire-booter-3.0.0-M1.jar
7fcc45011000-7fcc45012000 r--s 00004000 fd:05 54264775                   /workdir/hadoop-hdds/server-scm/target/surefire/surefirebooter2186681324237750892.jar
7fcc45012000-7fcc45013000 r--s 00000000 fd:03 30540769                   /etc/localtime
7fcc45013000-7fcc450e4000 rw-p 00000000 00:00 0 
7fcc450e4000-7fcc450ec000 rw-s 00000000 fd:03 303371965                  /tmp/hsperfdata_jenkins1000/8953
7fcc450ec000-7fcc450ed000 rw-p 00000000 00:00 0 
7fcc450ed000-7fcc450ee000 r--p 00000000 00:00 0 
7fcc450ee000-7fcc450f0000 ---p 00000000 00:00 0 
7fcc450f0000-7fcc450f3000 ---p 00000000 00:00 0 
7fcc450f3000-7fcc451f1000 rw-p 00000000 00:00 0 
7fcc451f1000-7fcc451f2000 r--p 0008d000 fd:03 164956642                  /lib/ld-musl-x86_64.so.1
7fcc451f2000-7fcc451f3000 rw-p 0008e000 fd:03 164956642                  /lib/ld-musl-x86_64.so.1
7fcc451f3000-7fcc451f6000 rw-p 00000000 00:00 0 
7ffd80bc2000-7ffd80be4000 rw-p 00000000 00:00 0                          [stack]
7ffd80bf2000-7ffd80bf4000 r-xp 00000000 00:00 0                          [vdso]
ffffffffff600000-ffffffffff601000 r-xp 00000000 00:00 0                  [vsyscall]

VM Arguments:
jvm_args: -Xmx2048m -XX:+HeapDumpOnOutOfMemoryError 
java_command: /workdir/hadoop-hdds/server-scm/target/surefire/surefirebooter2186681324237750892.jar /workdir/hadoop-hdds/server-scm/target/surefire 2019-10-08T10-49-17_445-jvmRun1 surefire7414168959868470904tmp surefire_794298520551446554255tmp
java_class_path (initial): /workdir/hadoop-hdds/server-scm/target/surefire/surefirebooter2186681324237750892.jar
Launcher Type: SUN_STANDARD

Environment Variables:
PATH=/usr/local/sbin:/usr/local/bin:/usr/sbin:/usr/bin:/sbin:/bin:/opt/findbugs/bin:/opt/blockade/bin
LD_LIBRARY_PATH=/usr/lib/jvm/java-1.8-openjdk/jre/lib/amd64/server:/usr/lib/jvm/java-1.8-openjdk/jre/lib/amd64:/usr/lib/jvm/java-1.8-openjdk/jre/../lib/amd64:/workdir/hadoop-hdds/server-scm/target/native/target/usr/local/lib:/workdir/hadoop-hdds/server-scm/../../hadoop-common-project/hadoop-common/target/native/target/usr/local/lib
DYLD_LIBRARY_PATH=${env.DYLD_LIBRARY_PATH}:/workdir/hadoop-hdds/server-scm/target/native/target/usr/local/lib:/workdir/hadoop-hdds/server-scm/../../hadoop-common-project/hadoop-common/target/native/target/usr/local/lib

Signal Handlers:
SIGSEGV: [libjvm.so+0x600fd2], sa_mask[0]=11111111011111111101111111111110, sa_flags=SA_RESTART|SA_SIGINFO
SIGBUS: [libjvm.so+0x600fd2], sa_mask[0]=11111111011111111101111111111110, sa_flags=SA_RESTART|SA_SIGINFO
SIGFPE: [libjvm.so+0x539502], sa_mask[0]=11111111011111111101111111111110, sa_flags=SA_RESTART|SA_SIGINFO
SIGPIPE: [libjvm.so+0x539502], sa_mask[0]=11111111011111111101111111111110, sa_flags=SA_RESTART|SA_SIGINFO
SIGXFSZ: [libjvm.so+0x539502], sa_mask[0]=11111111011111111101111111111110, sa_flags=SA_RESTART|SA_SIGINFO
SIGILL: [libjvm.so+0x539502], sa_mask[0]=11111111011111111101111111111110, sa_flags=SA_RESTART|SA_SIGINFO
SIGUSR1: SIG_DFL, sa_mask[0]=00000000000000000000000000000000, sa_flags=none
SIGUSR2: [libjvm.so+0x5396a1], sa_mask[0]=00100000000000000000000000000000, sa_flags=SA_RESTART|SA_SIGINFO
SIGHUP: [libjvm.so+0x53b719], sa_mask[0]=11111111011111111101111111111110, sa_flags=SA_RESTART|SA_SIGINFO
SIGINT: [libjvm.so+0x53b719], sa_mask[0]=11111111011111111101111111111110, sa_flags=SA_RESTART|SA_SIGINFO
SIGTERM: [libjvm.so+0x53b719], sa_mask[0]=11111111011111111101111111111110, sa_flags=SA_RESTART|SA_SIGINFO
SIGQUIT: [libjvm.so+0x53b719], sa_mask[0]=11111111011111111101111111111110, sa_flags=SA_RESTART|SA_SIGINFO


---------------  S Y S T E M  ---------------

OS:NAME="Alpine Linux"
ID=alpine
VERSION_ID=3.8.2
PRETTY_NAME="Alpine Linux v3.8"
HOME_URL="http://alpinelinux.org"
BUG_REPORT_URL="http://bugs.alpinelinux.org"

uname:Linux 3.10.0-957.12.2.el7.x86_64 #1 SMP Tue May 14 21:24:32 UTC 2019 x86_64
libc:glibc 2.9 NPTL 
rlimit: STACK 8192k, CORE infinity, NPROC 1048576, NOFILE 1048576, AS infinity
load average:1.47 2.93 2.81

/proc/meminfo:
MemTotal:       263864180 kB
MemFree:         2118112 kB
MemAvailable:   242682884 kB
Buffers:         5392648 kB
Cached:         225129816 kB
SwapCached:            0 kB
Active:         166630384 kB
Inactive:       75833788 kB
Active(anon):   14677184 kB
Inactive(anon):  2677212 kB
Active(file):   151953200 kB
Inactive(file): 73156576 kB
Unevictable:           0 kB
Mlocked:               0 kB
SwapTotal:             0 kB
SwapFree:              0 kB
Dirty:               796 kB
Writeback:             0 kB
AnonPages:      11941820 kB
Mapped:           294640 kB
Shmem:           5412648 kB
Slab:           17428720 kB
SReclaimable:   16339176 kB
SUnreclaim:      1089544 kB
KernelStack:       55008 kB
PageTables:        67020 kB
NFS_Unstable:          0 kB
Bounce:                0 kB
WritebackTmp:          0 kB
CommitLimit:    131932088 kB
Committed_AS:   44007112 kB
VmallocTotal:   34359738367 kB
VmallocUsed:      758536 kB
VmallocChunk:   34224590620 kB
HardwareCorrupted:     0 kB
AnonHugePages:   5851136 kB
CmaTotal:              0 kB
CmaFree:               0 kB
HugePages_Total:       0
HugePages_Free:        0
HugePages_Rsvd:        0
HugePages_Surp:        0
Hugepagesize:       2048 kB
DirectMap4k:      473848 kB
DirectMap2M:    50798592 kB
DirectMap1G:    219152384 kB

container (cgroup) information:
container_type: cgroupv1
cpu_cpuset_cpus: 0-31
cpu_memory_nodes: 0-1
active_processor_count: 2
cpu_quota: -1
cpu_period: 100000
cpu_shares: 2048
memory_limit_in_bytes: -1
memory_and_swap_limit_in_bytes: -1
memory_soft_limit_in_bytes: -1
memory_usage_in_bytes: 4814798848
memory_max_usage_in_bytes: 5259939840


CPU:total 32 (initial active 2) (8 cores per cpu, 2 threads per core) family 6 model 63 stepping 2, cmov, cx8, fxsr, mmx, sse, sse2, sse3, ssse3, sse4.1, sse4.2, popcnt, avx, avx2, aes, clmul, erms, lzcnt, ht, tsc, tscinvbit, bmi1, bmi2

/proc/cpuinfo:
processor	: 0
vendor_id	: GenuineIntel
cpu family	: 6
model		: 63
model name	: Intel(R) Xeon(R) CPU E5-2630 v3 @ 2.40GHz
stepping	: 2
microcode	: 0x43
cpu MHz		: 2222.900
cache size	: 20480 KB
physical id	: 0
siblings	: 16
core id		: 0
cpu cores	: 8
apicid		: 0
initial apicid	: 0
fpu		: yes
fpu_exception	: yes
cpuid level	: 15
wp		: yes
flags		: fpu vme de pse tsc msr pae mce cx8 apic sep mtrr pge mca cmov pat pse36 clflush dts acpi mmx fxsr sse sse2 ss ht tm pbe syscall nx pdpe1gb rdtscp lm constant_tsc arch_perfmon pebs bts rep_good nopl xtopology nonstop_tsc aperfmperf eagerfpu pni pclmulqdq dtes64 monitor ds_cpl vmx smx est tm2 ssse3 sdbg fma cx16 xtpr pdcm pcid dca sse4_1 sse4_2 x2apic movbe popcnt tsc_deadline_timer aes xsave avx f16c rdrand lahf_lm abm epb intel_ppin ssbd ibrs ibpb stibp tpr_shadow vnmi flexpriority ept vpid fsgsbase tsc_adjust bmi1 avx2 smep bmi2 erms invpcid cqm xsaveopt cqm_llc cqm_occup_llc dtherm ida arat pln pts md_clear spec_ctrl intel_stibp flush_l1d
bogomips	: 4788.16
clflush size	: 64
cache_alignment	: 64
address sizes	: 46 bits physical, 48 bits virtual
power management:

processor	: 1
vendor_id	: GenuineIntel
cpu family	: 6
model		: 63
model name	: Intel(R) Xeon(R) CPU E5-2630 v3 @ 2.40GHz
stepping	: 2
microcode	: 0x43
cpu MHz		: 1271.044
cache size	: 20480 KB
physical id	: 0
siblings	: 16
core id		: 1
cpu cores	: 8
apicid		: 2
initial apicid	: 2
fpu		: yes
fpu_exception	: yes
cpuid level	: 15
wp		: yes
flags		: fpu vme de pse tsc msr pae mce cx8 apic sep mtrr pge mca cmov pat pse36 clflush dts acpi mmx fxsr sse sse2 ss ht tm pbe syscall nx pdpe1gb rdtscp lm constant_tsc arch_perfmon pebs bts rep_good nopl xtopology nonstop_tsc aperfmperf eagerfpu pni pclmulqdq dtes64 monitor ds_cpl vmx smx est tm2 ssse3 sdbg fma cx16 xtpr pdcm pcid dca sse4_1 sse4_2 x2apic movbe popcnt tsc_deadline_timer aes xsave avx f16c rdrand lahf_lm abm epb intel_ppin ssbd ibrs ibpb stibp tpr_shadow vnmi flexpriority ept vpid fsgsbase tsc_adjust bmi1 avx2 smep bmi2 erms invpcid cqm xsaveopt cqm_llc cqm_occup_llc dtherm ida arat pln pts md_clear spec_ctrl intel_stibp flush_l1d
bogomips	: 4788.16
clflush size	: 64
cache_alignment	: 64
address sizes	: 46 bits physical, 48 bits virtual
power management:

processor	: 2
vendor_id	: GenuineIntel
cpu family	: 6
model		: 63
model name	: Intel(R) Xeon(R) CPU E5-2630 v3 @ 2.40GHz
stepping	: 2
microcode	: 0x43
cpu MHz		: 1200.439
cache size	: 20480 KB
physical id	: 0
siblings	: 16
core id		: 2
cpu cores	: 8
apicid		: 4
initial apicid	: 4
fpu		: yes
fpu_exception	: yes
cpuid level	: 15
wp		: yes
flags		: fpu vme de pse tsc msr pae mce cx8 apic sep mtrr pge mca cmov pat pse36 clflush dts acpi mmx fxsr sse sse2 ss ht tm pbe syscall nx pdpe1gb rdtscp lm constant_tsc arch_perfmon pebs bts rep_good nopl xtopology nonstop_tsc aperfmperf eagerfpu pni pclmulqdq dtes64 monitor ds_cpl vmx smx est tm2 ssse3 sdbg fma cx16 xtpr pdcm pcid dca sse4_1 sse4_2 x2apic movbe popcnt tsc_deadline_timer aes xsave avx f16c rdrand lahf_lm abm epb intel_ppin ssbd ibrs ibpb stibp tpr_shadow vnmi flexpriority ept vpid fsgsbase tsc_adjust bmi1 avx2 smep bmi2 erms invpcid cqm xsaveopt cqm_llc cqm_occup_llc dtherm ida arat pln pts md_clear spec_ctrl intel_stibp flush_l1d
bogomips	: 4788.16
clflush size	: 64
cache_alignment	: 64
address sizes	: 46 bits physical, 48 bits virtual
power management:

processor	: 3
vendor_id	: GenuineIntel
cpu family	: 6
model		: 63
model name	: Intel(R) Xeon(R) CPU E5-2630 v3 @ 2.40GHz
stepping	: 2
microcode	: 0x43
cpu MHz		: 1206.591
cache size	: 20480 KB
physical id	: 0
siblings	: 16
core id		: 3
cpu cores	: 8
apicid		: 6
initial apicid	: 6
fpu		: yes
fpu_exception	: yes
cpuid level	: 15
wp		: yes
flags		: fpu vme de pse tsc msr pae mce cx8 apic sep mtrr pge mca cmov pat pse36 clflush dts acpi mmx fxsr sse sse2 ss ht tm pbe syscall nx pdpe1gb rdtscp lm constant_tsc arch_perfmon pebs bts rep_good nopl xtopology nonstop_tsc aperfmperf eagerfpu pni pclmulqdq dtes64 monitor ds_cpl vmx smx est tm2 ssse3 sdbg fma cx16 xtpr pdcm pcid dca sse4_1 sse4_2 x2apic movbe popcnt tsc_deadline_timer aes xsave avx f16c rdrand lahf_lm abm epb intel_ppin ssbd ibrs ibpb stibp tpr_shadow vnmi flexpriority ept vpid fsgsbase tsc_adjust bmi1 avx2 smep bmi2 erms invpcid cqm xsaveopt cqm_llc cqm_occup_llc dtherm ida arat pln pts md_clear spec_ctrl intel_stibp flush_l1d
bogomips	: 4788.16
clflush size	: 64
cache_alignment	: 64
address sizes	: 46 bits physical, 48 bits virtual
power management:

processor	: 4
vendor_id	: GenuineIntel
cpu family	: 6
model		: 63
model name	: Intel(R) Xeon(R) CPU E5-2630 v3 @ 2.40GHz
stepping	: 2
microcode	: 0x43
cpu MHz		: 1284.521
cache size	: 20480 KB
physical id	: 0
siblings	: 16
core id		: 4
cpu cores	: 8
apicid		: 8
initial apicid	: 8
fpu		: yes
fpu_exception	: yes
cpuid level	: 15
wp		: yes
flags		: fpu vme de pse tsc msr pae mce cx8 apic sep mtrr pge mca cmov pat pse36 clflush dts acpi mmx fxsr sse sse2 ss ht tm pbe syscall nx pdpe1gb rdtscp lm constant_tsc arch_perfmon pebs bts rep_good nopl xtopology nonstop_tsc aperfmperf eagerfpu pni pclmulqdq dtes64 monitor ds_cpl vmx smx est tm2 ssse3 sdbg fma cx16 xtpr pdcm pcid dca sse4_1 sse4_2 x2apic movbe popcnt tsc_deadline_timer aes xsave avx f16c rdrand lahf_lm abm epb intel_ppin ssbd ibrs ibpb stibp tpr_shadow vnmi flexpriority ept vpid fsgsbase tsc_adjust bmi1 avx2 smep bmi2 erms invpcid cqm xsaveopt cqm_llc cqm_occup_llc dtherm ida arat pln pts md_clear spec_ctrl intel_stibp flush_l1d
bogomips	: 4788.16
clflush size	: 64
cache_alignment	: 64
address sizes	: 46 bits physical, 48 bits virtual
power management:

processor	: 5
vendor_id	: GenuineIntel
cpu family	: 6
model		: 63
model name	: Intel(R) Xeon(R) CPU E5-2630 v3 @ 2.40GHz
stepping	: 2
microcode	: 0x43
cpu MHz		: 2192.871
cache size	: 20480 KB
physical id	: 0
siblings	: 16
core id		: 5
cpu cores	: 8
apicid		: 10
initial apicid	: 10
fpu		: yes
fpu_exception	: yes
cpuid level	: 15
wp		: yes
flags		: fpu vme de pse tsc msr pae mce cx8 apic sep mtrr pge mca cmov pat pse36 clflush dts acpi mmx fxsr sse sse2 ss ht tm pbe syscall nx pdpe1gb rdtscp lm constant_tsc arch_perfmon pebs bts rep_good nopl xtopology nonstop_tsc aperfmperf eagerfpu pni pclmulqdq dtes64 monitor ds_cpl vmx smx est tm2 ssse3 sdbg fma cx16 xtpr pdcm pcid dca sse4_1 sse4_2 x2apic movbe popcnt tsc_deadline_timer aes xsave avx f16c rdrand lahf_lm abm epb intel_ppin ssbd ibrs ibpb stibp tpr_shadow vnmi flexpriority ept vpid fsgsbase tsc_adjust bmi1 avx2 smep bmi2 erms invpcid cqm xsaveopt cqm_llc cqm_occup_llc dtherm ida arat pln pts md_clear spec_ctrl intel_stibp flush_l1d
bogomips	: 4788.16
clflush size	: 64
cache_alignment	: 64
address sizes	: 46 bits physical, 48 bits virtual
power management:

processor	: 6
vendor_id	: GenuineIntel
cpu family	: 6
model		: 63
model name	: Intel(R) Xeon(R) CPU E5-2630 v3 @ 2.40GHz
stepping	: 2
microcode	: 0x43
cpu MHz		: 1200.000
cache size	: 20480 KB
physical id	: 0
siblings	: 16
core id		: 6
cpu cores	: 8
apicid		: 12
initial apicid	: 12
fpu		: yes
fpu_exception	: yes
cpuid level	: 15
wp		: yes
flags		: fpu vme de pse tsc msr pae mce cx8 apic sep mtrr pge mca cmov pat pse36 clflush dts acpi mmx fxsr sse sse2 ss ht tm pbe syscall nx pdpe1gb rdtscp lm constant_tsc arch_perfmon pebs bts rep_good nopl xtopology nonstop_tsc aperfmperf eagerfpu pni pclmulqdq dtes64 monitor ds_cpl vmx smx est tm2 ssse3 sdbg fma cx16 xtpr pdcm pcid dca sse4_1 sse4_2 x2apic movbe popcnt tsc_deadline_timer aes xsave avx f16c rdrand lahf_lm abm epb intel_ppin ssbd ibrs ibpb stibp tpr_shadow vnmi flexpriority ept vpid fsgsbase tsc_adjust bmi1 avx2 smep bmi2 erms invpcid cqm xsaveopt cqm_llc cqm_occup_llc dtherm ida arat pln pts md_clear spec_ctrl intel_stibp flush_l1d
bogomips	: 4788.16
clflush size	: 64
cache_alignment	: 64
address sizes	: 46 bits physical, 48 bits virtual
power management:

processor	: 7
vendor_id	: GenuineIntel
cpu family	: 6
model		: 63
model name	: Intel(R) Xeon(R) CPU E5-2630 v3 @ 2.40GHz
stepping	: 2
microcode	: 0x43
cpu MHz		: 1446.826
cache size	: 20480 KB
physical id	: 0
siblings	: 16
core id		: 7
cpu cores	: 8
apicid		: 14
initial apicid	: 14
fpu		: yes
fpu_exception	: yes
cpuid level	: 15
wp		: yes
flags		: fpu vme de pse tsc msr pae mce cx8 apic sep mtrr pge mca cmov pat pse36 clflush dts acpi mmx fxsr sse sse2 ss ht tm pbe syscall nx pdpe1gb rdtscp lm constant_tsc arch_perfmon pebs bts rep_good nopl xtopology nonstop_tsc aperfmperf eagerfpu pni pclmulqdq dtes64 monitor ds_cpl vmx smx est tm2 ssse3 sdbg fma cx16 xtpr pdcm pcid dca sse4_1 sse4_2 x2apic movbe popcnt tsc_deadline_timer aes xsave avx f16c rdrand lahf_lm abm epb intel_ppin ssbd ibrs ibpb stibp tpr_shadow vnmi flexpriority ept vpid fsgsbase tsc_adjust bmi1 avx2 smep bmi2 erms invpcid cqm xsaveopt cqm_llc cqm_occup_llc dtherm ida arat pln pts md_clear spec_ctrl intel_stibp flush_l1d
bogomips	: 4788.16
clflush size	: 64
cache_alignment	: 64
address sizes	: 46 bits physical, 48 bits virtual
power management:

processor	: 8
vendor_id	: GenuineIntel
cpu family	: 6
model		: 63
model name	: Intel(R) Xeon(R) CPU E5-2630 v3 @ 2.40GHz
stepping	: 2
microcode	: 0x43
cpu MHz		: 1299.902
cache size	: 20480 KB
physical id	: 1
siblings	: 16
core id		: 0
cpu cores	: 8
apicid		: 16
initial apicid	: 16
fpu		: yes
fpu_exception	: yes
cpuid level	: 15
wp		: yes
flags		: fpu vme de pse tsc msr pae mce cx8 apic sep mtrr pge mca cmov pat pse36 clflush dts acpi mmx fxsr sse sse2 ss ht tm pbe syscall nx pdpe1gb rdtscp lm constant_tsc arch_perfmon pebs bts rep_good nopl xtopology nonstop_tsc aperfmperf eagerfpu pni pclmulqdq dtes64 monitor ds_cpl vmx smx est tm2 ssse3 sdbg fma cx16 xtpr pdcm pcid dca sse4_1 sse4_2 x2apic movbe popcnt tsc_deadline_timer aes xsave avx f16c rdrand lahf_lm abm epb intel_ppin ssbd ibrs ibpb stibp tpr_shadow vnmi flexpriority ept vpid fsgsbase tsc_adjust bmi1 avx2 smep bmi2 erms invpcid cqm xsaveopt cqm_llc cqm_occup_llc dtherm ida arat pln pts md_clear spec_ctrl intel_stibp flush_l1d
bogomips	: 4793.27
clflush size	: 64
cache_alignment	: 64
address sizes	: 46 bits physical, 48 bits virtual
power management:

processor	: 9
vendor_id	: GenuineIntel
cpu family	: 6
model		: 63
model name	: Intel(R) Xeon(R) CPU E5-2630 v3 @ 2.40GHz
stepping	: 2
microcode	: 0x43
cpu MHz		: 1361.718
cache size	: 20480 KB
physical id	: 1
siblings	: 16
core id		: 1
cpu cores	: 8
apicid		: 18
initial apicid	: 18
fpu		: yes
fpu_exception	: yes
cpuid level	: 15
wp		: yes
flags		: fpu vme de pse tsc msr pae mce cx8 apic sep mtrr pge mca cmov pat pse36 clflush dts acpi mmx fxsr sse sse2 ss ht tm pbe syscall nx pdpe1gb rdtscp lm constant_tsc arch_perfmon pebs bts rep_good nopl xtopology nonstop_tsc aperfmperf eagerfpu pni pclmulqdq dtes64 monitor ds_cpl vmx smx est tm2 ssse3 sdbg fma cx16 xtpr pdcm pcid dca sse4_1 sse4_2 x2apic movbe popcnt tsc_deadline_timer aes xsave avx f16c rdrand lahf_lm abm epb intel_ppin ssbd ibrs ibpb stibp tpr_shadow vnmi flexpriority ept vpid fsgsbase tsc_adjust bmi1 avx2 smep bmi2 erms invpcid cqm xsaveopt cqm_llc cqm_occup_llc dtherm ida arat pln pts md_clear spec_ctrl intel_stibp flush_l1d
bogomips	: 4793.27
clflush size	: 64
cache_alignment	: 64
address sizes	: 46 bits physical, 48 bits virtual
power management:

processor	: 10
vendor_id	: GenuineIntel
cpu family	: 6
model		: 63
model name	: Intel(R) Xeon(R) CPU E5-2630 v3 @ 2.40GHz
stepping	: 2
microcode	: 0x43
cpu MHz		: 1394.677
cache size	: 20480 KB
physical id	: 1
siblings	: 16
core id		: 2
cpu cores	: 8
apicid		: 20
initial apicid	: 20
fpu		: yes
fpu_exception	: yes
cpuid level	: 15
wp		: yes
flags		: fpu vme de pse tsc msr pae mce cx8 apic sep mtrr pge mca cmov pat pse36 clflush dts acpi mmx fxsr sse sse2 ss ht tm pbe syscall nx pdpe1gb rdtscp lm constant_tsc arch_perfmon pebs bts rep_good nopl xtopology nonstop_tsc aperfmperf eagerfpu pni pclmulqdq dtes64 monitor ds_cpl vmx smx est tm2 ssse3 sdbg fma cx16 xtpr pdcm pcid dca sse4_1 sse4_2 x2apic movbe popcnt tsc_deadline_timer aes xsave avx f16c rdrand lahf_lm abm epb intel_ppin ssbd ibrs ibpb stibp tpr_shadow vnmi flexpriority ept vpid fsgsbase tsc_adjust bmi1 avx2 smep bmi2 erms invpcid cqm xsaveopt cqm_llc cqm_occup_llc dtherm ida arat pln pts md_clear spec_ctrl intel_stibp flush_l1d
bogomips	: 4793.27
clflush size	: 64
cache_alignment	: 64
address sizes	: 46 bits physical, 48 bits virtual
power management:

processor	: 11
vendor_id	: GenuineIntel
cpu family	: 6
model		: 63
model name	: Intel(R) Xeon(R) CPU E5-2630 v3 @ 2.40GHz
stepping	: 2
microcode	: 0x43
cpu MHz		: 1294.335
cache size	: 20480 KB
physical id	: 1
siblings	: 16
core id		: 3
cpu cores	: 8
apicid		: 22
initial apicid	: 22
fpu		: yes
fpu_exception	: yes
cpuid level	: 15
wp		: yes
flags		: fpu vme de pse tsc msr pae mce cx8 apic sep mtrr pge mca cmov pat pse36 clflush dts acpi mmx fxsr sse sse2 ss ht tm pbe syscall nx pdpe1gb rdtscp lm constant_tsc arch_perfmon pebs bts rep_good nopl xtopology nonstop_tsc aperfmperf eagerfpu pni pclmulqdq dtes64 monitor ds_cpl vmx smx est tm2 ssse3 sdbg fma cx16 xtpr pdcm pcid dca sse4_1 sse4_2 x2apic movbe popcnt tsc_deadline_timer aes xsave avx f16c rdrand lahf_lm abm epb intel_ppin ssbd ibrs ibpb stibp tpr_shadow vnmi flexpriority ept vpid fsgsbase tsc_adjust bmi1 avx2 smep bmi2 erms invpcid cqm xsaveopt cqm_llc cqm_occup_llc dtherm ida arat pln pts md_clear spec_ctrl intel_stibp flush_l1d
bogomips	: 4793.27
clflush size	: 64
cache_alignment	: 64
address sizes	: 46 bits physical, 48 bits virtual
power management:

processor	: 12
vendor_id	: GenuineIntel
cpu family	: 6
model		: 63
model name	: Intel(R) Xeon(R) CPU E5-2630 v3 @ 2.40GHz
stepping	: 2
microcode	: 0x43
cpu MHz		: 1370.214
cache size	: 20480 KB
physical id	: 1
siblings	: 16
core id		: 4
cpu cores	: 8
apicid		: 24
initial apicid	: 24
fpu		: yes
fpu_exception	: yes
cpuid level	: 15
wp		: yes
flags		: fpu vme de pse tsc msr pae mce cx8 apic sep mtrr pge mca cmov pat pse36 clflush dts acpi mmx fxsr sse sse2 ss ht tm pbe syscall nx pdpe1gb rdtscp lm constant_tsc arch_perfmon pebs bts rep_good nopl xtopology nonstop_tsc aperfmperf eagerfpu pni pclmulqdq dtes64 monitor ds_cpl vmx smx est tm2 ssse3 sdbg fma cx16 xtpr pdcm pcid dca sse4_1 sse4_2 x2apic movbe popcnt tsc_deadline_timer aes xsave avx f16c rdrand lahf_lm abm epb intel_ppin ssbd ibrs ibpb stibp tpr_shadow vnmi flexpriority ept vpid fsgsbase tsc_adjust bmi1 avx2 smep bmi2 erms invpcid cqm xsaveopt cqm_llc cqm_occup_llc dtherm ida arat pln pts md_clear spec_ctrl intel_stibp flush_l1d
bogomips	: 4793.27
clflush size	: 64
cache_alignment	: 64
address sizes	: 46 bits physical, 48 bits virtual
power management:

processor	: 13
vendor_id	: GenuineIntel
cpu family	: 6
model		: 63
model name	: Intel(R) Xeon(R) CPU E5-2630 v3 @ 2.40GHz
stepping	: 2
microcode	: 0x43
cpu MHz		: 1257.421
cache size	: 20480 KB
physical id	: 1
siblings	: 16
core id		: 5
cpu cores	: 8
apicid		: 26
initial apicid	: 26
fpu		: yes
fpu_exception	: yes
cpuid level	: 15
wp		: yes
flags		: fpu vme de pse tsc msr pae mce cx8 apic sep mtrr pge mca cmov pat pse36 clflush dts acpi mmx fxsr sse sse2 ss ht tm pbe syscall nx pdpe1gb rdtscp lm constant_tsc arch_perfmon pebs bts rep_good nopl xtopology nonstop_tsc aperfmperf eagerfpu pni pclmulqdq dtes64 monitor ds_cpl vmx smx est tm2 ssse3 sdbg fma cx16 xtpr pdcm pcid dca sse4_1 sse4_2 x2apic movbe popcnt tsc_deadline_timer aes xsave avx f16c rdrand lahf_lm abm epb intel_ppin ssbd ibrs ibpb stibp tpr_shadow vnmi flexpriority ept vpid fsgsbase tsc_adjust bmi1 avx2 smep bmi2 erms invpcid cqm xsaveopt cqm_llc cqm_occup_llc dtherm ida arat pln pts md_clear spec_ctrl intel_stibp flush_l1d
bogomips	: 4793.27
clflush size	: 64
cache_alignment	: 64
address sizes	: 46 bits physical, 48 bits virtual
power management:

processor	: 14
vendor_id	: GenuineIntel
cpu family	: 6
model		: 63
model name	: Intel(R) Xeon(R) CPU E5-2630 v3 @ 2.40GHz
stepping	: 2
microcode	: 0x43
cpu MHz		: 1592.724
cache size	: 20480 KB
physical id	: 1
siblings	: 16
core id		: 6
cpu cores	: 8
apicid		: 28
initial apicid	: 28
fpu		: yes
fpu_exception	: yes
cpuid level	: 15
wp		: yes
flags		: fpu vme de pse tsc msr pae mce cx8 apic sep mtrr pge mca cmov pat pse36 clflush dts acpi mmx fxsr sse sse2 ss ht tm pbe syscall nx pdpe1gb rdtscp lm constant_tsc arch_perfmon pebs bts rep_good nopl xtopology nonstop_tsc aperfmperf eagerfpu pni pclmulqdq dtes64 monitor ds_cpl vmx smx est tm2 ssse3 sdbg fma cx16 xtpr pdcm pcid dca sse4_1 sse4_2 x2apic movbe popcnt tsc_deadline_timer aes xsave avx f16c rdrand lahf_lm abm epb intel_ppin ssbd ibrs ibpb stibp tpr_shadow vnmi flexpriority ept vpid fsgsbase tsc_adjust bmi1 avx2 smep bmi2 erms invpcid cqm xsaveopt cqm_llc cqm_occup_llc dtherm ida arat pln pts md_clear spec_ctrl intel_stibp flush_l1d
bogomips	: 4793.27
clflush size	: 64
cache_alignment	: 64
address sizes	: 46 bits physical, 48 bits virtual
power management:

processor	: 15
vendor_id	: GenuineIntel
cpu family	: 6
model		: 63
model name	: Intel(R) Xeon(R) CPU E5-2630 v3 @ 2.40GHz
stepping	: 2
microcode	: 0x43
cpu MHz		: 1275.732
cache size	: 20480 KB
physical id	: 1
siblings	: 16
core id		: 7
cpu cores	: 8
apicid		: 30
initial apicid	: 30
fpu		: yes
fpu_exception	: yes
cpuid level	: 15
wp		: yes
flags		: fpu vme de pse tsc msr pae mce cx8 apic sep mtrr pge mca cmov pat pse36 clflush dts acpi mmx fxsr sse sse2 ss ht tm pbe syscall nx pdpe1gb rdtscp lm constant_tsc arch_perfmon pebs bts rep_good nopl xtopology nonstop_tsc aperfmperf eagerfpu pni pclmulqdq dtes64 monitor ds_cpl vmx smx est tm2 ssse3 sdbg fma cx16 xtpr pdcm pcid dca sse4_1 sse4_2 x2apic movbe popcnt tsc_deadline_timer aes xsave avx f16c rdrand lahf_lm abm epb intel_ppin ssbd ibrs ibpb stibp tpr_shadow vnmi flexpriority ept vpid fsgsbase tsc_adjust bmi1 avx2 smep bmi2 erms invpcid cqm xsaveopt cqm_llc cqm_occup_llc dtherm ida arat pln pts md_clear spec_ctrl intel_stibp flush_l1d
bogomips	: 4793.27
clflush size	: 64
cache_alignment	: 64
address sizes	: 46 bits physical, 48 bits virtual
power management:

processor	: 16
vendor_id	: GenuineIntel
cpu family	: 6
model		: 63
model name	: Intel(R) Xeon(R) CPU E5-2630 v3 @ 2.40GHz
stepping	: 2
microcode	: 0x43
cpu MHz		: 2143.798
cache size	: 20480 KB
physical id	: 0
siblings	: 16
core id		: 0
cpu cores	: 8
apicid		: 1
initial apicid	: 1
fpu		: yes
fpu_exception	: yes
cpuid level	: 15
wp		: yes
flags		: fpu vme de pse tsc msr pae mce cx8 apic sep mtrr pge mca cmov pat pse36 clflush dts acpi mmx fxsr sse sse2 ss ht tm pbe syscall nx pdpe1gb rdtscp lm constant_tsc arch_perfmon pebs bts rep_good nopl xtopology nonstop_tsc aperfmperf eagerfpu pni pclmulqdq dtes64 monitor ds_cpl vmx smx est tm2 ssse3 sdbg fma cx16 xtpr pdcm pcid dca sse4_1 sse4_2 x2apic movbe popcnt tsc_deadline_timer aes xsave avx f16c rdrand lahf_lm abm epb intel_ppin ssbd ibrs ibpb stibp tpr_shadow vnmi flexpriority ept vpid fsgsbase tsc_adjust bmi1 avx2 smep bmi2 erms invpcid cqm xsaveopt cqm_llc cqm_occup_llc dtherm ida arat pln pts md_clear spec_ctrl intel_stibp flush_l1d
bogomips	: 4788.16
clflush size	: 64
cache_alignment	: 64
address sizes	: 46 bits physical, 48 bits virtual
power management:

processor	: 17
vendor_id	: GenuineIntel
cpu family	: 6
model		: 63
model name	: Intel(R) Xeon(R) CPU E5-2630 v3 @ 2.40GHz
stepping	: 2
microcode	: 0x43
cpu MHz		: 1224.169
cache size	: 20480 KB
physical id	: 0
siblings	: 16
core id		: 1
cpu cores	: 8
apicid		: 3
initial apicid	: 3
fpu		: yes
fpu_exception	: yes
cpuid level	: 15
wp		: yes
flags		: fpu vme de pse tsc msr pae mce cx8 apic sep mtrr pge mca cmov pat pse36 clflush dts acpi mmx fxsr sse sse2 ss ht tm pbe syscall nx pdpe1gb rdtscp lm constant_tsc arch_perfmon pebs bts rep_good nopl xtopology nonstop_tsc aperfmperf eagerfpu pni pclmulqdq dtes64 monitor ds_cpl vmx smx est tm2 ssse3 sdbg fma cx16 xtpr pdcm pcid dca sse4_1 sse4_2 x2apic movbe popcnt tsc_deadline_timer aes xsave avx f16c rdrand lahf_lm abm epb intel_ppin ssbd ibrs ibpb stibp tpr_shadow vnmi flexpriority ept vpid fsgsbase tsc_adjust bmi1 avx2 smep bmi2 erms invpcid cqm xsaveopt cqm_llc cqm_occup_llc dtherm ida arat pln pts md_clear spec_ctrl intel_stibp flush_l1d
bogomips	: 4788.16
clflush size	: 64
cache_alignment	: 64
address sizes	: 46 bits physical, 48 bits virtual
power management:

processor	: 18
vendor_id	: GenuineIntel
cpu family	: 6
model		: 63
model name	: Intel(R) Xeon(R) CPU E5-2630 v3 @ 2.40GHz
stepping	: 2
microcode	: 0x43
cpu MHz		: 1200.000
cache size	: 20480 KB
physical id	: 0
siblings	: 16
core id		: 2
cpu cores	: 8
apicid		: 5
initial apicid	: 5
fpu		: yes
fpu_exception	: yes
cpuid level	: 15
wp		: yes
flags		: fpu vme de pse tsc msr pae mce cx8 apic sep mtrr pge mca cmov pat pse36 clflush dts acpi mmx fxsr sse sse2 ss ht tm pbe syscall nx pdpe1gb rdtscp lm constant_tsc arch_perfmon pebs bts rep_good nopl xtopology nonstop_tsc aperfmperf eagerfpu pni pclmulqdq dtes64 monitor ds_cpl vmx smx est tm2 ssse3 sdbg fma cx16 xtpr pdcm pcid dca sse4_1 sse4_2 x2apic movbe popcnt tsc_deadline_timer aes xsave avx f16c rdrand lahf_lm abm epb intel_ppin ssbd ibrs ibpb stibp tpr_shadow vnmi flexpriority ept vpid fsgsbase tsc_adjust bmi1 avx2 smep bmi2 erms invpcid cqm xsaveopt cqm_llc cqm_occup_llc dtherm ida arat pln pts md_clear spec_ctrl intel_stibp flush_l1d
bogomips	: 4788.16
clflush size	: 64
cache_alignment	: 64
address sizes	: 46 bits physical, 48 bits virtual
power management:

processor	: 19
vendor_id	: GenuineIntel
cpu family	: 6
model		: 63
model name	: Intel(R) Xeon(R) CPU E5-2630 v3 @ 2.40GHz
stepping	: 2
microcode	: 0x43
cpu MHz		: 1204.980
cache size	: 20480 KB
physical id	: 0
siblings	: 16
core id		: 3
cpu cores	: 8
apicid		: 7
initial apicid	: 7
fpu		: yes
fpu_exception	: yes
cpuid level	: 15
wp		: yes
flags		: fpu vme de pse tsc msr pae mce cx8 apic sep mtrr pge mca cmov pat pse36 clflush dts acpi mmx fxsr sse sse2 ss ht tm pbe syscall nx pdpe1gb rdtscp lm constant_tsc arch_perfmon pebs bts rep_good nopl xtopology nonstop_tsc aperfmperf eagerfpu pni pclmulqdq dtes64 monitor ds_cpl vmx smx est tm2 ssse3 sdbg fma cx16 xtpr pdcm pcid dca sse4_1 sse4_2 x2apic movbe popcnt tsc_deadline_timer aes xsave avx f16c rdrand lahf_lm abm epb intel_ppin ssbd ibrs ibpb stibp tpr_shadow vnmi flexpriority ept vpid fsgsbase tsc_adjust bmi1 avx2 smep bmi2 erms invpcid cqm xsaveopt cqm_llc cqm_occup_llc dtherm ida arat pln pts md_clear spec_ctrl intel_stibp flush_l1d
bogomips	: 4788.16
clflush size	: 64
cache_alignment	: 64
address sizes	: 46 bits physical, 48 bits virtual
power management:

processor	: 20
vendor_id	: GenuineIntel
cpu family	: 6
model		: 63
model name	: Intel(R) Xeon(R) CPU E5-2630 v3 @ 2.40GHz
stepping	: 2
microcode	: 0x43
cpu MHz		: 1217.285
cache size	: 20480 KB
physical id	: 0
siblings	: 16
core id		: 4
cpu cores	: 8
apicid		: 9
initial apicid	: 9
fpu		: yes
fpu_exception	: yes
cpuid level	: 15
wp		: yes
flags		: fpu vme de pse tsc msr pae mce cx8 apic sep mtrr pge mca cmov pat pse36 clflush dts acpi mmx fxsr sse sse2 ss ht tm pbe syscall nx pdpe1gb rdtscp lm constant_tsc arch_perfmon pebs bts rep_good nopl xtopology nonstop_tsc aperfmperf eagerfpu pni pclmulqdq dtes64 monitor ds_cpl vmx smx est tm2 ssse3 sdbg fma cx16 xtpr pdcm pcid dca sse4_1 sse4_2 x2apic movbe popcnt tsc_deadline_timer aes xsave avx f16c rdrand lahf_lm abm epb intel_ppin ssbd ibrs ibpb stibp tpr_shadow vnmi flexpriority ept vpid fsgsbase tsc_adjust bmi1 avx2 smep bmi2 erms invpcid cqm xsaveopt cqm_llc cqm_occup_llc dtherm ida arat pln pts md_clear spec_ctrl intel_stibp flush_l1d
bogomips	: 4788.16
clflush size	: 64
cache_alignment	: 64
address sizes	: 46 bits physical, 48 bits virtual
power management:

processor	: 21
vendor_id	: GenuineIntel
cpu family	: 6
model		: 63
model name	: Intel(R) Xeon(R) CPU E5-2630 v3 @ 2.40GHz
stepping	: 2
microcode	: 0x43
cpu MHz		: 1932.714
cache size	: 20480 KB
physical id	: 0
siblings	: 16
core id		: 5
cpu cores	: 8
apicid		: 11
initial apicid	: 11
fpu		: yes
fpu_exception	: yes
cpuid level	: 15
wp		: yes
flags		: fpu vme de pse tsc msr pae mce cx8 apic sep mtrr pge mca cmov pat pse36 clflush dts acpi mmx fxsr sse sse2 ss ht tm pbe syscall nx pdpe1gb rdtscp lm constant_tsc arch_perfmon pebs bts rep_good nopl xtopology nonstop_tsc aperfmperf eagerfpu pni pclmulqdq dtes64 monitor ds_cpl vmx smx est tm2 ssse3 sdbg fma cx16 xtpr pdcm pcid dca sse4_1 sse4_2 x2apic movbe popcnt tsc_deadline_timer aes xsave avx f16c rdrand lahf_lm abm epb intel_ppin ssbd ibrs ibpb stibp tpr_shadow vnmi flexpriority ept vpid fsgsbase tsc_adjust bmi1 avx2 smep bmi2 erms invpcid cqm xsaveopt cqm_llc cqm_occup_llc dtherm ida arat pln pts md_clear spec_ctrl intel_stibp flush_l1d
bogomips	: 4788.16
clflush size	: 64
cache_alignment	: 64
address sizes	: 46 bits physical, 48 bits virtual
power management:

processor	: 22
vendor_id	: GenuineIntel
cpu family	: 6
model		: 63
model name	: Intel(R) Xeon(R) CPU E5-2630 v3 @ 2.40GHz
stepping	: 2
microcode	: 0x43
cpu MHz		: 1254.052
cache size	: 20480 KB
physical id	: 0
siblings	: 16
core id		: 6
cpu cores	: 8
apicid		: 13
initial apicid	: 13
fpu		: yes
fpu_exception	: yes
cpuid level	: 15
wp		: yes
flags		: fpu vme de pse tsc msr pae mce cx8 apic sep mtrr pge mca cmov pat pse36 clflush dts acpi mmx fxsr sse sse2 ss ht tm pbe syscall nx pdpe1gb rdtscp lm constant_tsc arch_perfmon pebs bts rep_good nopl xtopology nonstop_tsc aperfmperf eagerfpu pni pclmulqdq dtes64 monitor ds_cpl vmx smx est tm2 ssse3 sdbg fma cx16 xtpr pdcm pcid dca sse4_1 sse4_2 x2apic movbe popcnt tsc_deadline_timer aes xsave avx f16c rdrand lahf_lm abm epb intel_ppin ssbd ibrs ibpb stibp tpr_shadow vnmi flexpriority ept vpid fsgsbase tsc_adjust bmi1 avx2 smep bmi2 erms invpcid cqm xsaveopt cqm_llc cqm_occup_llc dtherm ida arat pln pts md_clear spec_ctrl intel_stibp flush_l1d
bogomips	: 4788.16
clflush size	: 64
cache_alignment	: 64
address sizes	: 46 bits physical, 48 bits virtual
power management:

processor	: 23
vendor_id	: GenuineIntel
cpu family	: 6
model		: 63
model name	: Intel(R) Xeon(R) CPU E5-2630 v3 @ 2.40GHz
stepping	: 2
microcode	: 0x43
cpu MHz		: 1388.964
cache size	: 20480 KB
physical id	: 0
siblings	: 16
core id		: 7
cpu cores	: 8
apicid		: 15
initial apicid	: 15
fpu		: yes
fpu_exception	: yes
cpuid level	: 15
wp		: yes
flags		: fpu vme de pse tsc msr pae mce cx8 apic sep mtrr pge mca cmov pat pse36 clflush dts acpi mmx fxsr sse sse2 ss ht tm pbe syscall nx pdpe1gb rdtscp lm constant_tsc arch_perfmon pebs bts rep_good nopl xtopology nonstop_tsc aperfmperf eagerfpu pni pclmulqdq dtes64 monitor ds_cpl vmx smx est tm2 ssse3 sdbg fma cx16 xtpr pdcm pcid dca sse4_1 sse4_2 x2apic movbe popcnt tsc_deadline_timer aes xsave avx f16c rdrand lahf_lm abm epb intel_ppin ssbd ibrs ibpb stibp tpr_shadow vnmi flexpriority ept vpid fsgsbase tsc_adjust bmi1 avx2 smep bmi2 erms invpcid cqm xsaveopt cqm_llc cqm_occup_llc dtherm ida arat pln pts md_clear spec_ctrl intel_stibp flush_l1d
bogomips	: 4788.16
clflush size	: 64
cache_alignment	: 64
address sizes	: 46 bits physical, 48 bits virtual
power management:

processor	: 24
vendor_id	: GenuineIntel
cpu family	: 6
model		: 63
model name	: Intel(R) Xeon(R) CPU E5-2630 v3 @ 2.40GHz
stepping	: 2
microcode	: 0x43
cpu MHz		: 1293.310
cache size	: 20480 KB
physical id	: 1
siblings	: 16
core id		: 0
cpu cores	: 8
apicid		: 17
initial apicid	: 17
fpu		: yes
fpu_exception	: yes
cpuid level	: 15
wp		: yes
flags		: fpu vme de pse tsc msr pae mce cx8 apic sep mtrr pge mca cmov pat pse36 clflush dts acpi mmx fxsr sse sse2 ss ht tm pbe syscall nx pdpe1gb rdtscp lm constant_tsc arch_perfmon pebs bts rep_good nopl xtopology nonstop_tsc aperfmperf eagerfpu pni pclmulqdq dtes64 monitor ds_cpl vmx smx est tm2 ssse3 sdbg fma cx16 xtpr pdcm pcid dca sse4_1 sse4_2 x2apic movbe popcnt tsc_deadline_timer aes xsave avx f16c rdrand lahf_lm abm epb intel_ppin ssbd ibrs ibpb stibp tpr_shadow vnmi flexpriority ept vpid fsgsbase tsc_adjust bmi1 avx2 smep bmi2 erms invpcid cqm xsaveopt cqm_llc cqm_occup_llc dtherm ida arat pln pts md_clear spec_ctrl intel_stibp flush_l1d
bogomips	: 4793.27
clflush size	: 64
cache_alignment	: 64
address sizes	: 46 bits physical, 48 bits virtual
power management:

processor	: 25
vendor_id	: GenuineIntel
cpu family	: 6
model		: 63
model name	: Intel(R) Xeon(R) CPU E5-2630 v3 @ 2.40GHz
stepping	: 2
microcode	: 0x43
cpu MHz		: 1500.000
cache size	: 20480 KB
physical id	: 1
siblings	: 16
core id		: 1
cpu cores	: 8
apicid		: 19
initial apicid	: 19
fpu		: yes
fpu_exception	: yes
cpuid level	: 15
wp		: yes
flags		: fpu vme de pse tsc msr pae mce cx8 apic sep mtrr pge mca cmov pat pse36 clflush dts acpi mmx fxsr sse sse2 ss ht tm pbe syscall nx pdpe1gb rdtscp lm constant_tsc arch_perfmon pebs bts rep_good nopl xtopology nonstop_tsc aperfmperf eagerfpu pni pclmulqdq dtes64 monitor ds_cpl vmx smx est tm2 ssse3 sdbg fma cx16 xtpr pdcm pcid dca sse4_1 sse4_2 x2apic movbe popcnt tsc_deadline_timer aes xsave avx f16c rdrand lahf_lm abm epb intel_ppin ssbd ibrs ibpb stibp tpr_shadow vnmi flexpriority ept vpid fsgsbase tsc_adjust bmi1 avx2 smep bmi2 erms invpcid cqm xsaveopt cqm_llc cqm_occup_llc dtherm ida arat pln pts md_clear spec_ctrl intel_stibp flush_l1d
bogomips	: 4793.27
clflush size	: 64
cache_alignment	: 64
address sizes	: 46 bits physical, 48 bits virtual
power management:

processor	: 26
vendor_id	: GenuineIntel
cpu family	: 6
model		: 63
model name	: Intel(R) Xeon(R) CPU E5-2630 v3 @ 2.40GHz
stepping	: 2
microcode	: 0x43
cpu MHz		: 1202.490
cache size	: 20480 KB
physical id	: 1
siblings	: 16
core id		: 2
cpu cores	: 8
apicid		: 21
initial apicid	: 21
fpu		: yes
fpu_exception	: yes
cpuid level	: 15
wp		: yes
flags		: fpu vme de pse tsc msr pae mce cx8 apic sep mtrr pge mca cmov pat pse36 clflush dts acpi mmx fxsr sse sse2 ss ht tm pbe syscall nx pdpe1gb rdtscp lm constant_tsc arch_perfmon pebs bts rep_good nopl xtopology nonstop_tsc aperfmperf eagerfpu pni pclmulqdq dtes64 monitor ds_cpl vmx smx est tm2 ssse3 sdbg fma cx16 xtpr pdcm pcid dca sse4_1 sse4_2 x2apic movbe popcnt tsc_deadline_timer aes xsave avx f16c rdrand lahf_lm abm epb intel_ppin ssbd ibrs ibpb stibp tpr_shadow vnmi flexpriority ept vpid fsgsbase tsc_adjust bmi1 avx2 smep bmi2 erms invpcid cqm xsaveopt cqm_llc cqm_occup_llc dtherm ida arat pln pts md_clear spec_ctrl intel_stibp flush_l1d
bogomips	: 4793.27
clflush size	: 64
cache_alignment	: 64
address sizes	: 46 bits physical, 48 bits virtual
power management:

processor	: 27
vendor_id	: GenuineIntel
cpu family	: 6
model		: 63
model name	: Intel(R) Xeon(R) CPU E5-2630 v3 @ 2.40GHz
stepping	: 2
microcode	: 0x43
cpu MHz		: 1291.992
cache size	: 20480 KB
physical id	: 1
siblings	: 16
core id		: 3
cpu cores	: 8
apicid		: 23
initial apicid	: 23
fpu		: yes
fpu_exception	: yes
cpuid level	: 15
wp		: yes
flags		: fpu vme de pse tsc msr pae mce cx8 apic sep mtrr pge mca cmov pat pse36 clflush dts acpi mmx fxsr sse sse2 ss ht tm pbe syscall nx pdpe1gb rdtscp lm constant_tsc arch_perfmon pebs bts rep_good nopl xtopology nonstop_tsc aperfmperf eagerfpu pni pclmulqdq dtes64 monitor ds_cpl vmx smx est tm2 ssse3 sdbg fma cx16 xtpr pdcm pcid dca sse4_1 sse4_2 x2apic movbe popcnt tsc_deadline_timer aes xsave avx f16c rdrand lahf_lm abm epb intel_ppin ssbd ibrs ibpb stibp tpr_shadow vnmi flexpriority ept vpid fsgsbase tsc_adjust bmi1 avx2 smep bmi2 erms invpcid cqm xsaveopt cqm_llc cqm_occup_llc dtherm ida arat pln pts md_clear spec_ctrl intel_stibp flush_l1d
bogomips	: 4793.27
clflush size	: 64
cache_alignment	: 64
address sizes	: 46 bits physical, 48 bits virtual
power management:

processor	: 28
vendor_id	: GenuineIntel
cpu family	: 6
model		: 63
model name	: Intel(R) Xeon(R) CPU E5-2630 v3 @ 2.40GHz
stepping	: 2
microcode	: 0x43
cpu MHz		: 1394.238
cache size	: 20480 KB
physical id	: 1
siblings	: 16
core id		: 4
cpu cores	: 8
apicid		: 25
initial apicid	: 25
fpu		: yes
fpu_exception	: yes
cpuid level	: 15
wp		: yes
flags		: fpu vme de pse tsc msr pae mce cx8 apic sep mtrr pge mca cmov pat pse36 clflush dts acpi mmx fxsr sse sse2 ss ht tm pbe syscall nx pdpe1gb rdtscp lm constant_tsc arch_perfmon pebs bts rep_good nopl xtopology nonstop_tsc aperfmperf eagerfpu pni pclmulqdq dtes64 monitor ds_cpl vmx smx est tm2 ssse3 sdbg fma cx16 xtpr pdcm pcid dca sse4_1 sse4_2 x2apic movbe popcnt tsc_deadline_timer aes xsave avx f16c rdrand lahf_lm abm epb intel_ppin ssbd ibrs ibpb stibp tpr_shadow vnmi flexpriority ept vpid fsgsbase tsc_adjust bmi1 avx2 smep bmi2 erms invpcid cqm xsaveopt cqm_llc cqm_occup_llc dtherm ida arat pln pts md_clear spec_ctrl intel_stibp flush_l1d
bogomips	: 4793.27
clflush size	: 64
cache_alignment	: 64
address sizes	: 46 bits physical, 48 bits virtual
power management:

processor	: 29
vendor_id	: GenuineIntel
cpu family	: 6
model		: 63
model name	: Intel(R) Xeon(R) CPU E5-2630 v3 @ 2.40GHz
stepping	: 2
microcode	: 0x43
cpu MHz		: 1206.005
cache size	: 20480 KB
physical id	: 1
siblings	: 16
core id		: 5
cpu cores	: 8
apicid		: 27
initial apicid	: 27
fpu		: yes
fpu_exception	: yes
cpuid level	: 15
wp		: yes
flags		: fpu vme de pse tsc msr pae mce cx8 apic sep mtrr pge mca cmov pat pse36 clflush dts acpi mmx fxsr sse sse2 ss ht tm pbe syscall nx pdpe1gb rdtscp lm constant_tsc arch_perfmon pebs bts rep_good nopl xtopology nonstop_tsc aperfmperf eagerfpu pni pclmulqdq dtes64 monitor ds_cpl vmx smx est tm2 ssse3 sdbg fma cx16 xtpr pdcm pcid dca sse4_1 sse4_2 x2apic movbe popcnt tsc_deadline_timer aes xsave avx f16c rdrand lahf_lm abm epb intel_ppin ssbd ibrs ibpb stibp tpr_shadow vnmi flexpriority ept vpid fsgsbase tsc_adjust bmi1 avx2 smep bmi2 erms invpcid cqm xsaveopt cqm_llc cqm_occup_llc dtherm ida arat pln pts md_clear spec_ctrl intel_stibp flush_l1d
bogomips	: 4793.27
clflush size	: 64
cache_alignment	: 64
address sizes	: 46 bits physical, 48 bits virtual
power management:

processor	: 30
vendor_id	: GenuineIntel
cpu family	: 6
model		: 63
model name	: Intel(R) Xeon(R) CPU E5-2630 v3 @ 2.40GHz
stepping	: 2
microcode	: 0x43
cpu MHz		: 1696.289
cache size	: 20480 KB
physical id	: 1
siblings	: 16
core id		: 6
cpu cores	: 8
apicid		: 29
initial apicid	: 29
fpu		: yes
fpu_exception	: yes
cpuid level	: 15
wp		: yes
flags		: fpu vme de pse tsc msr pae mce cx8 apic sep mtrr pge mca cmov pat pse36 clflush dts acpi mmx fxsr sse sse2 ss ht tm pbe syscall nx pdpe1gb rdtscp lm constant_tsc arch_perfmon pebs bts rep_good nopl xtopology nonstop_tsc aperfmperf eagerfpu pni pclmulqdq dtes64 monitor ds_cpl vmx smx est tm2 ssse3 sdbg fma cx16 xtpr pdcm pcid dca sse4_1 sse4_2 x2apic movbe popcnt tsc_deadline_timer aes xsave avx f16c rdrand lahf_lm abm epb intel_ppin ssbd ibrs ibpb stibp tpr_shadow vnmi flexpriority ept vpid fsgsbase tsc_adjust bmi1 avx2 smep bmi2 erms invpcid cqm xsaveopt cqm_llc cqm_occup_llc dtherm ida arat pln pts md_clear spec_ctrl intel_stibp flush_l1d
bogomips	: 4793.27
clflush size	: 64
cache_alignment	: 64
address sizes	: 46 bits physical, 48 bits virtual
power management:

processor	: 31
vendor_id	: GenuineIntel
cpu family	: 6
model		: 63
model name	: Intel(R) Xeon(R) CPU E5-2630 v3 @ 2.40GHz
stepping	: 2
microcode	: 0x43
cpu MHz		: 1269.287
cache size	: 20480 KB
physical id	: 1
siblings	: 16
core id		: 7
cpu cores	: 8
apicid		: 31
initial apicid	: 31
fpu		: yes
fpu_exception	: yes
cpuid level	: 15
wp		: yes
flags		: fpu vme de pse tsc msr pae mce cx8 apic sep mtrr pge mca cmov pat pse36 clflush dts acpi mmx fxsr sse sse2 ss ht tm pbe syscall nx pdpe1gb rdtscp lm constant_tsc arch_perfmon pebs bts rep_good nopl xtopology nonstop_tsc aperfmperf eagerfpu pni pclmulqdq dtes64 monitor ds_cpl vmx smx est tm2 ssse3 sdbg fma cx16 xtpr pdcm pcid dca sse4_1 sse4_2 x2apic movbe popcnt tsc_deadline_timer aes xsave avx f16c rdrand lahf_lm abm epb intel_ppin ssbd ibrs ibpb stibp tpr_shadow vnmi flexpriority ept vpid fsgsbase tsc_adjust bmi1 avx2 smep bmi2 erms invpcid cqm xsaveopt cqm_llc cqm_occup_llc dtherm ida arat pln pts md_clear spec_ctrl intel_stibp flush_l1d
bogomips	: 4793.27
clflush size	: 64
cache_alignment	: 64
address sizes	: 46 bits physical, 48 bits virtual
power management:



Memory: 4k page, physical 263864180k(2118056k free), swap 0k(0k free)

vm_info: OpenJDK 64-Bit Server VM (25.212-b04) for linux-amd64 JRE (1.8.0_212-b04), built on Aug 12 2019 13:15:31 by "buildozer" with gcc 6.4.0

time: Tue Oct  8 10:58:22 2019
timezone: UTC
elapsed time: 15 seconds (0d 0h 0m 15s)

