#
# A fatal error has been detected by the Java Runtime Environment:
#
#  SIGSEGV (0xb) at pc=0x00007fc576744810, pid=1269, tid=0x00007fc55a33aae0
#
# JRE version: OpenJDK Runtime Environment (8.0_212-b04) (build 1.8.0_212-b04)
# Java VM: OpenJDK 64-Bit Server VM (25.212-b04 mixed mode linux-amd64 compressed oops)
# Derivative: IcedTea 3.12.0
# Distribution: Custom build (Mon Aug 12 12:56:32 UTC 2019)
# Problematic frame:
# C  [ld-musl-x86_64.so.1+0x53810]  pthread_setname_np+0x5e
#
# Core dump written. Default location: /workdir/hadoop-hdds/common/core or core.1269
#
# If you would like to submit a bug report, please include
# instructions on how to reproduce the bug and visit:
#   https://icedtea.classpath.org/bugzilla
#

---------------  T H R E A D  ---------------

Current thread is native thread

siginfo: si_signo: 11 (SIGSEGV), si_code: 1 (SEGV_MAPERR), si_addr: 0x0000000000000038

Registers:
RAX=0x00007fc55a33aae0, RBX=0x0000000000000022, RCX=0x0000000000000000, RDX=0x0000000000000000
RSP=0x00007fc55a33a680, RBP=0x0000000000000000, RSI=0x0000000000000000, RDI=0xff73725e6f6c7463
R8 =0x0000000000000000, R9 =0x8080808080808080, R10=0xfefefefefefefeff, R11=0x0000000000000212
R12=0x000055c323d7f7f8, R13=0x000000000000000f, R14=0x00007fc55a33aae0, R15=0x00007fc57697dae8
RIP=0x00007fc576744810, EFLAGS=0x0000000000010202, CSGSFS=0x0000000000000033, ERR=0x0000000000000004
  TRAPNO=0x000000000000000e

Top of Stack: (sp=0x00007fc55a33a680)
0x00007fc55a33a680:   0000000000000000 0000000000000000
0x00007fc55a33a690:   0000000000000000 0000000000000000
0x00007fc55a33a6a0:   0000000000000000 0000000000000000
0x00007fc55a33a6b0:   0000000000000000 000055c324b5fac0
0x00007fc55a33a6c0:   00007fc55a33a710 0000000000000000
0x00007fc55a33a6d0:   000055c324b5fb00 00007fc55abe6ec9
0x00007fc55a33a6e0:   0000000000000000 000055c323f08440
0x00007fc55a33a6f0:   0000000000000000 00007fc55a33a760
0x00007fc55a33a700:   00007fc55a33aae0 00007fc57697dae8
0x00007fc55a33a710:   0000000000000000 00007fc575574f41
0x00007fc55a33a720:   0000000000000000 00007fc55a33aae0
0x00007fc55a33a730:   0000000000000000 00007fc5767436c2
0x00007fc55a33a740:   0000000000000000 0000000000000000
0x00007fc55a33a750:   0000000000017000 00007fc5767455b1
0x00007fc55a33a760:   0000000000000002 00007fc55a33aac0
0x00007fc55a33a770:   00007fc55a33a790 0000000000000000
0x00007fc55a33a780:   0000000000000000 0000000000000000
0x00007fc55a33a790:   0000000000000002 0000000000000000
0x00007fc55a33a7a0:   0000000000000000 0000000000000000
0x00007fc55a33a7b0:   0000000000000000 0000000000000000
0x00007fc55a33a7c0:   0000000000000000 0000000000000000
0x00007fc55a33a7d0:   0000000000000000 0000000000000000
0x00007fc55a33a7e0:   0000000000000000 0000000000000000
0x00007fc55a33a7f0:   0000000000000000 0000000000000000
0x00007fc55a33a800:   0000000000000000 0000000000000000
0x00007fc55a33a810:   0000000000000000 0000000000000000
0x00007fc55a33a820:   0000000000000000 0000000000000000
0x00007fc55a33a830:   0000000000000000 0000000000000000
0x00007fc55a33a840:   0000000000000000 0000000000000000
0x00007fc55a33a850:   0000000000000000 0000000000000000
0x00007fc55a33a860:   0000000000000000 0000000000000000
0x00007fc55a33a870:   0000000000000000 0000000000000000 

Instructions: (pc=0x00007fc576744810)
0x00007fc5767447f0:   31 d2 31 c0 4c 89 e6 bf 0f 00 00 00 e8 65 d8 fc
0x00007fc576744800:   ff 85 c0 89 c3 74 7e e8 25 a7 fc ff 8b 18 eb 75
0x00007fc576744810:   8b 4d 38 48 8d 5c 24 0e 48 8d 15 f2 92 03 00 be
0x00007fc576744820:   22 00 00 00 31 c0 48 89 df e8 35 68 ff ff 48 8d 

Register to memory mapping:

RAX=0x00007fc55a33aae0 is an unknown value
RBX=0x0000000000000022 is an unknown value
RCX=0x0000000000000000 is an unknown value
RDX=0x0000000000000000 is an unknown value
RSP=0x00007fc55a33a680 is an unknown value
RBP=0x0000000000000000 is an unknown value
RSI=0x0000000000000000 is an unknown value
RDI=0xff73725e6f6c7463 is an unknown value
R8 =0x0000000000000000 is an unknown value
R9 =0x8080808080808080 is an unknown value
R10=0xfefefefefefefeff is an unknown value
R11=0x0000000000000212 is an unknown value
R12=0x000055c323d7f7f8 is an unknown value
R13=0x000000000000000f is an unknown value
R14=0x00007fc55a33aae0 is an unknown value
R15=0x00007fc57697dae8: __utc+0x1fff68 in /lib/ld-musl-x86_64.so.1 at 0x00007fc5766f1000


Stack: [0x00007fc55a326000,0x00007fc55a33a760],  sp=0x00007fc55a33a680,  free space=81k
Native frames: (J=compiled Java code, j=interpreted, Vv=VM code, C=native code)
C  [ld-musl-x86_64.so.1+0x53810]  pthread_setname_np+0x5e

[error occurred during error reporting (printing native stack), id 0xb]


---------------  P R O C E S S  ---------------

VM state:not at safepoint (normal execution)

VM Mutex/Monitor currently owned by a thread: None

heap address: 0x0000000080000000, size: 2048 MB, Compressed Oops mode: 32-bit
Narrow klass base: 0x0000000000000000, Narrow klass shift: 3
Compressed class space size: 1073741824 Address: 0x0000000100000000

Heap:
 PSYoungGen      total 611840K, used 83968K [0x00000000d5580000, 0x0000000100000000, 0x0000000100000000)
  eden space 524800K, 16% used [0x00000000d5580000,0x00000000da780098,0x00000000f5600000)
  from space 87040K, 0% used [0x00000000fab00000,0x00000000fab00000,0x0000000100000000)
  to   space 87040K, 0% used [0x00000000f5600000,0x00000000f5600000,0x00000000fab00000)
 ParOldGen       total 1398272K, used 0K [0x0000000080000000, 0x00000000d5580000, 0x00000000d5580000)
  object space 1398272K, 0% used [0x0000000080000000,0x0000000080000000,0x00000000d5580000)
 Metaspace       used 11444K, capacity 11662K, committed 11904K, reserved 1060864K
  class space    used 1221K, capacity 1289K, committed 1408K, reserved 1048576K

Card table byte_map: [0x00007fc56549d000,0x00007fc56589e000] byte_map_base: 0x00007fc56509d000

Marking Bits: (ParMarkBitMap*) 0x00007fc5762af200
 Begin Bits: [0x00007fc560fee000, 0x00007fc562fee000)
 End Bits:   [0x00007fc562fee000, 0x00007fc564fee000)

Polling page: 0x00007fc57687a000

CodeCache: size=245760Kb used=3303Kb max_used=3321Kb free=242456Kb
 bounds [0x00007fc565c5e000, 0x00007fc565fae000, 0x00007fc574c5e000]
 total_blobs=1309 nmethods=905 adapters=318
 compilation: enabled

Compilation events (10 events):
Event: 30.779 Thread 0x000055c323cb3000 nmethod 926 0x00007fc565d73050 code [0x00007fc565d73220, 0x00007fc565d73738]
Event: 30.780 Thread 0x000055c323cb3000  929       3       org.rocksdb.RocksDB::put (27 bytes)
Event: 30.780 Thread 0x000055c323cb3000 nmethod 929 0x00007fc565d5f250 code [0x00007fc565d5f3c0, 0x00007fc565d5f5a8]
Event: 30.784 Thread 0x000055c323cb3000  932       3       java.io.PrintStream::ensureOpen (18 bytes)
Event: 30.785 Thread 0x000055c323cb3000 nmethod 932 0x00007fc565db4710 code [0x00007fc565db4880, 0x00007fc565db4ac8]
Event: 30.788 Thread 0x000055c323cb3000  933       3       java.util.concurrent.atomic.AtomicBoolean::<init> (18 bytes)
Event: 30.789 Thread 0x000055c323cb3000 nmethod 933 0x00007fc565db42d0 code [0x00007fc565db4440, 0x00007fc565db4650]
Event: 30.822 Thread 0x000055c323cab800 nmethod 928% 0x00007fc565dd7ed0 code [0x00007fc565dd81a0, 0x00007fc565dd93e8]
Event: 30.822 Thread 0x000055c323cab800  931       4       java.lang.AbstractStringBuilder::appendCodePoint (80 bytes)
Event: 30.832 Thread 0x000055c323cab800 nmethod 931 0x00007fc565dd7190 code [0x00007fc565dd7300, 0x00007fc565dd79f8]

GC Heap History (0 events):
No events

Deoptimization events (4 events):
Event: 0.391 Thread 0x000055c323b5f800 Uncommon trap: reason=unstable_if action=reinterpret pc=0x00007fc565d7e294 method=java.lang.String.indexOf([CII[CIII)I @ 3
Event: 0.521 Thread 0x000055c323b5f800 Uncommon trap: reason=unstable_if action=reinterpret pc=0x00007fc565e22088 method=java.lang.AbstractStringBuilder.append(Ljava/lang/String;)Ljava/lang/AbstractStringBuilder; @ 1
Event: 1.967 Thread 0x000055c323b5f800 Uncommon trap: reason=unstable_if action=reinterpret pc=0x00007fc565e006a0 method=java.lang.CharacterData.of(I)Ljava/lang/CharacterData; @ 4
Event: 1.971 Thread 0x000055c323b5f800 Uncommon trap: reason=unstable_if action=reinterpret pc=0x00007fc565de6e5c method=sun.nio.cs.UTF_8$Encoder.encode([CII[B)I @ 33

Classes redefined (0 events):
No events

Internal exceptions (10 events):
Event: 1.925 Thread 0x000055c323b5f800 Exception <a 'java/lang/ArrayIndexOutOfBoundsException'> (0x00000000d9af6a28) thrown at [/home/buildozer/aports/community/openjdk8/src/icedtea-3.12.0/openjdk/hotspot/src/share/vm/runtime/sharedRuntime.cpp, line 613]
Event: 1.925 Thread 0x000055c323b5f800 Exception <a 'java/lang/ArrayIndexOutOfBoundsException'> (0x00000000d9af7988) thrown at [/home/buildozer/aports/community/openjdk8/src/icedtea-3.12.0/openjdk/hotspot/src/share/vm/runtime/sharedRuntime.cpp, line 613]
Event: 1.925 Thread 0x000055c323b5f800 Exception <a 'java/lang/ArrayIndexOutOfBoundsException'> (0x00000000d9af8b28) thrown at [/home/buildozer/aports/community/openjdk8/src/icedtea-3.12.0/openjdk/hotspot/src/share/vm/runtime/sharedRuntime.cpp, line 613]
Event: 1.927 Thread 0x000055c323b5f800 Exception <a 'java/lang/ArrayIndexOutOfBoundsException'> (0x00000000d9afa570) thrown at [/home/buildozer/aports/community/openjdk8/src/icedtea-3.12.0/openjdk/hotspot/src/share/vm/runtime/sharedRuntime.cpp, line 613]
Event: 1.933 Thread 0x000055c323b5f800 Exception <a 'java/lang/ArrayIndexOutOfBoundsException'> (0x00000000d9b218e0) thrown at [/home/buildozer/aports/community/openjdk8/src/icedtea-3.12.0/openjdk/hotspot/src/share/vm/runtime/sharedRuntime.cpp, line 613]
Event: 1.934 Thread 0x000055c323b5f800 Exception <a 'java/lang/ArrayIndexOutOfBoundsException'> (0x00000000d9b22d30) thrown at [/home/buildozer/aports/community/openjdk8/src/icedtea-3.12.0/openjdk/hotspot/src/share/vm/runtime/sharedRuntime.cpp, line 613]
Event: 1.934 Thread 0x000055c323b5f800 Exception <a 'java/lang/ArrayIndexOutOfBoundsException'> (0x00000000d9b24f68) thrown at [/home/buildozer/aports/community/openjdk8/src/icedtea-3.12.0/openjdk/hotspot/src/share/vm/runtime/sharedRuntime.cpp, line 613]
Event: 1.940 Thread 0x000055c323b5f800 Exception <a 'java/lang/ArrayIndexOutOfBoundsException'> (0x00000000d9b4ac30) thrown at [/home/buildozer/aports/community/openjdk8/src/icedtea-3.12.0/openjdk/hotspot/src/share/vm/runtime/sharedRuntime.cpp, line 613]
Event: 1.943 Thread 0x000055c323b5f800 Exception <a 'java/lang/ArrayIndexOutOfBoundsException'> (0x00000000d9b58ea0) thrown at [/home/buildozer/aports/community/openjdk8/src/icedtea-3.12.0/openjdk/hotspot/src/share/vm/runtime/sharedRuntime.cpp, line 613]
Event: 24.952 Thread 0x000055c323b5f800 Exception <a 'sun/nio/fs/UnixException'> (0x00000000d9e7e7b8) thrown at [/home/buildozer/aports/community/openjdk8/src/icedtea-3.12.0/openjdk/hotspot/src/share/vm/prims/jni.cpp, line 710]

Events (10 events):
Event: 30.775 Thread 0x000055c323cab800 flushing nmethod 0x00007fc565d72450
Event: 30.775 Thread 0x000055c323cab800 flushing nmethod 0x00007fc565d73050
Event: 30.775 Thread 0x000055c323cab800 flushing nmethod 0x00007fc565d73850
Event: 30.777 Thread 0x000055c323cb3000 flushing nmethod 0x00007fc565d99290
Event: 30.777 Thread 0x000055c323cb3000 flushing nmethod 0x00007fc565da32d0
Event: 30.777 Thread 0x000055c323cb3000 flushing nmethod 0x00007fc565da8a90
Event: 30.777 Thread 0x000055c323cb3000 flushing nmethod 0x00007fc565db4110
Event: 30.778 Thread 0x000055c323cb3000 flushing nmethod 0x00007fc565db9f10
Event: 30.779 Thread 0x000055c323cb3000 flushing nmethod 0x00007fc565dc4850
Event: 30.780 Thread 0x000055c323cb3000 flushing nmethod 0x00007fc565dd7190


Dynamic libraries:
80000000-100160000 rw-p 00000000 00:00 0 
100160000-140000000 ---p 00000000 00:00 0 
55c322cbc000-55c322cbd000 r-xp 00000000 fd:03 288293715                  /usr/lib/jvm/java-1.8-openjdk/jre/bin/java
55c322ebc000-55c322ebd000 r--p 00000000 fd:03 288293715                  /usr/lib/jvm/java-1.8-openjdk/jre/bin/java
55c322ebd000-55c322ebe000 rw-p 00001000 fd:03 288293715                  /usr/lib/jvm/java-1.8-openjdk/jre/bin/java
55c323b48000-55c324c7c000 rw-p 00000000 00:00 0                          [heap]
7fc559320000-7fc559c1e000 rw-p 00000000 00:00 0 
7fc559c1e000-7fc559dde000 ---p 00000000 00:00 0 
7fc559e0c000-7fc559e0e000 ---p 00000000 00:00 0 
7fc559e0e000-7fc55a30d000 rw-p 00000000 00:00 0 
7fc55a30d000-7fc55a30f000 ---p 00000000 00:00 0 
7fc55a30f000-7fc55a324000 rw-p 00000000 00:00 0 
7fc55a324000-7fc55a326000 ---p 00000000 00:00 0 
7fc55a326000-7fc55a33b000 rw-p 00000000 00:00 0 
7fc55a33b000-7fc55a33d000 ---p 00000000 00:00 0 
7fc55a33d000-7fc55a352000 rw-p 00000000 00:00 0 
7fc55a352000-7fc55a354000 ---p 00000000 00:00 0 
7fc55a354000-7fc55a369000 rw-p 00000000 00:00 0 
7fc55a369000-7fc55a36b000 ---p 00000000 00:00 0 
7fc55a36b000-7fc55a4f5000 rw-p 00000000 00:00 0 
7fc55a4f5000-7fc55a4f8000 r--s 00025000 fd:03 289472870                  /home/user/.m2/repository/org/apache/maven/shared/maven-shared-utils/3.1.0/maven-shared-utils-3.1.0.jar
7fc55a4f8000-7fc55a767000 rw-p 00000000 00:00 0 
7fc55a767000-7fc55a98d000 r-xp 00000000 fd:03 288424149                  /usr/glibc-compat/lib/ld-2.28.so
7fc55a98d000-7fc55a98e000 r--p 00026000 fd:03 288424149                  /usr/glibc-compat/lib/ld-2.28.so
7fc55a98e000-7fc55a98f000 rw-p 00027000 fd:03 288424149                  /usr/glibc-compat/lib/ld-2.28.so
7fc55a98f000-7fc55a990000 rw-p 00000000 00:00 0 
7fc55a990000-7fc55b228000 r-xp 00000000 fd:03 245771553                  /tmp/librocksdbjni7893706155942286562.so
7fc55b228000-7fc55b239000 r--p 00698000 fd:03 245771553                  /tmp/librocksdbjni7893706155942286562.so
7fc55b239000-7fc55b242000 rw-p 006a9000 fd:03 245771553                  /tmp/librocksdbjni7893706155942286562.so
7fc55b242000-7fc55b248000 rw-p 00000000 00:00 0 
7fc55b248000-7fc55b459000 r-xp 00000000 fd:03 288293758                  /usr/lib/jvm/java-1.8-openjdk/jre/lib/amd64/libnio.so
7fc55b459000-7fc55b45a000 r--p 00011000 fd:03 288293758                  /usr/lib/jvm/java-1.8-openjdk/jre/lib/amd64/libnio.so
7fc55b45a000-7fc55b45b000 rw-p 00012000 fd:03 288293758                  /usr/lib/jvm/java-1.8-openjdk/jre/lib/amd64/libnio.so
7fc55b45b000-7fc55e45c000 rw-p 00000000 00:00 0 
7fc55e45c000-7fc55e672000 r-xp 00000000 fd:03 288293757                  /usr/lib/jvm/java-1.8-openjdk/jre/lib/amd64/libnet.so
7fc55e672000-7fc55e673000 r--p 00016000 fd:03 288293757                  /usr/lib/jvm/java-1.8-openjdk/jre/lib/amd64/libnet.so
7fc55e673000-7fc55e674000 rw-p 00017000 fd:03 288293757                  /usr/lib/jvm/java-1.8-openjdk/jre/lib/amd64/libnet.so
7fc55e674000-7fc55e678000 r--s 00058000 fd:03 288293809                  /usr/lib/jvm/java-1.8-openjdk/jre/lib/jsse.jar
7fc55e678000-7fc55e67b000 ---p 00000000 00:00 0 
7fc55e67b000-7fc55e6b2000 rw-p 00000000 00:00 0 
7fc55e6b2000-7fc55e6b3000 r--s 00006000 fd:03 81796278                   /home/user/.m2/repository/org/apache/maven/surefire/common-junit4/3.0.0-M1/common-junit4-3.0.0-M1.jar
7fc55e6b3000-7fc55e6b4000 r--s 00002000 fd:03 81796275                   /home/user/.m2/repository/org/apache/maven/surefire/common-junit3/3.0.0-M1/common-junit3-3.0.0-M1.jar
7fc55e6b4000-7fc55e6b5000 r--s 00007000 fd:03 81796276                   /home/user/.m2/repository/org/apache/maven/surefire/common-java5/3.0.0-M1/common-java5-3.0.0-M1.jar
7fc55e6b5000-7fc55e6b7000 r--s 00003000 fd:03 81796207                   /home/user/.m2/repository/org/apache/maven/surefire/surefire-junit4/3.0.0-M1/surefire-junit4-3.0.0-M1.jar
7fc55e6b7000-7fc55e6b9000 r--s 00009000 fd:03 289538500                  /home/user/.m2/repository/org/hamcrest/hamcrest-core/1.3/hamcrest-core-1.3.jar
7fc55e6b9000-7fc55e6bf000 r--s 00036000 fd:03 289342394                  /home/user/.m2/repository/junit/junit/4.11/junit-4.11.jar
7fc55e6bf000-7fc55e6e0000 r--s 00172000 fd:03 289277429                  /home/user/.m2/repository/com/google/guava/guava/11.0.2/guava-11.0.2.jar
7fc55e6e0000-7fc55e6e8000 r--s 0007b000 fd:03 289277605                  /home/user/.m2/repository/com/google/protobuf/protobuf-java/2.5.0/protobuf-java-2.5.0.jar
7fc55e6e8000-7fc55e6ed000 r--s 0003c000 fd:03 289341716                  /home/user/.m2/repository/info/picocli/picocli/3.9.6/picocli-3.9.6.jar
7fc55e6ed000-7fc55e721000 r--s 0051e000 fd:03 289343246                  /home/user/.m2/repository/org/apache/hadoop/hadoop-hdfs/3.2.0/hadoop-hdfs-3.2.0-tests.jar
7fc55e721000-7fc55e724000 r--s 0000e000 fd:03 289276955                  /home/user/.m2/repository/com/fasterxml/jackson/core/jackson-annotations/2.9.9/jackson-annotations-2.9.9.jar
7fc55e724000-7fc55e769000 r--s 00486000 fd:03 289343289                  /home/user/.m2/repository/org/apache/hadoop/hadoop-hdfs-client/3.2.0/hadoop-hdfs-client-3.2.0.jar
7fc55e769000-7fc55e790000 r--s 00205000 fd:03 289341952                  /home/user/.m2/repository/io/netty/netty-all/4.0.52.Final/netty-all-4.0.52.Final.jar
7fc55e790000-7fc55e7a9000 r--s 0012c000 fd:03 289341930                  /home/user/.m2/repository/io/netty/netty/3.10.5.Final/netty-3.10.5.Final.jar
7fc55e7a9000-7fc55e7aa000 r--s 00005000 fd:03 289278122                  /home/user/.m2/repository/commons-daemon/commons-daemon/1.0.13/commons-daemon-1.0.13.jar
7fc55e7aa000-7fc55e7ac000 r--s 00008000 fd:03 289538147                  /home/user/.m2/repository/org/eclipse/jetty/jetty-util-ajax/9.3.25.v20180904/jetty-util-ajax-9.3.25.v20180904.jar
7fc55e7ac000-7fc55e7f4000 r--s 00557000 fd:03 289343266                  /home/user/.m2/repository/org/apache/hadoop/hadoop-hdfs/3.2.0/hadoop-hdfs-3.2.0.jar
7fc55e7f4000-7fc55e832000 r--s 003aa000 fd:03 289343222                  /home/user/.m2/repository/org/apache/hadoop/hadoop-common/3.2.0/hadoop-common-3.2.0.jar
7fc55e832000-7fc55e838000 r--s 0003c000 fd:03 289539776                  /home/user/.m2/repository/org/yaml/snakeyaml/1.16/snakeyaml-1.16.jar
7fc55e838000-7fc55e839000 r--s 00002000 fd:03 289342131                  /home/user/.m2/repository/io/opentracing/opentracing-noop/0.31.0/opentracing-noop-0.31.0.jar
7fc55e839000-7fc55e83b000 r--s 00002000 fd:03 289342122                  /home/user/.m2/repository/io/opentracing/opentracing-api/0.31.0/opentracing-api-0.31.0.jar
7fc55e83b000-7fc55e83c000 r--s 00001000 fd:03 289342140                  /home/user/.m2/repository/io/opentracing/opentracing-util/0.31.0/opentracing-util-0.31.0.jar
7fc55e83c000-7fc55e83d000 r--s 00001000 fd:03 289342107                  /home/user/.m2/repository/io/opentracing/contrib/opentracing-tracerresolver/0.1.5/opentracing-tracerresolver-0.1.5.jar
7fc55e83d000-7fc55e83e000 r--s 00000000 fd:03 289341920                  /home/user/.m2/repository/io/jaegertracing/jaeger-tracerresolver/0.34.0/jaeger-tracerresolver-0.34.0.jar
7fc55e83e000-7fc55e842000 r--s 0001c000 fd:03 289341902                  /home/user/.m2/repository/io/jaegertracing/jaeger-core/0.34.0/jaeger-core-0.34.0.jar
7fc55e842000-7fc55e843000 r--s 00013000 fd:03 289277772                  /home/user/.m2/repository/com/squareup/okio/okio/1.13.0/okio-1.13.0.jar
7fc55e843000-7fc55e849000 r--s 0005e000 fd:03 289277756                  /home/user/.m2/repository/com/squareup/okhttp3/okhttp/3.9.0/okhttp-3.9.0.jar
7fc55e849000-7fc55e84f000 r--s 00037000 fd:03 289473296                  /home/user/.m2/repository/org/apache/thrift/libthrift/0.12.0/libthrift-0.12.0.jar
7fc55e84f000-7fc55e85d000 r--s 0009e000 fd:03 289341911                  /home/user/.m2/repository/io/jaegertracing/jaeger-thrift/0.34.0/jaeger-thrift-0.34.0.jar
7fc55e85d000-7fc55e85e000 r--s 00000000 fd:03 289341893                  /home/user/.m2/repository/io/jaegertracing/jaeger-client/0.34.0/jaeger-client-0.34.0.jar
7fc55e85e000-7fc55e861000 r--s 00011000 fd:03 289538679                  /home/user/.m2/repository/org/junit/platform/junit-platform-commons/1.3.1/junit-platform-commons-1.3.1.jar
7fc55e861000-7fc55e862000 r--s 00001000 fd:03 289538866                  /home/user/.m2/repository/org/opentest4j/opentest4j/1.1.1/opentest4j-1.1.1.jar
7fc55e862000-7fc55e863000 r--s 00000000 fd:03 289473596                  /home/user/.m2/repository/org/apiguardian/apiguardian-api/1.0.0/apiguardian-api-1.0.0.jar
7fc55e863000-7fc55e867000 r--s 00019000 fd:03 289538669                  /home/user/.m2/repository/org/junit/jupiter/junit-jupiter-api/5.3.1/junit-jupiter-api-5.3.1.jar
7fc55e867000-7fc55e86b000 r--s 00020000 fd:03 289341445                  /home/user/.m2/repository/commons-digester/commons-digester/1.8.1/commons-digester-1.8.1.jar
7fc55e86b000-7fc55e86f000 r--s 0002a000 fd:03 289341654                  /home/user/.m2/repository/commons-validator/commons-validator/1.6/commons-validator-1.6.jar
7fc55e86f000-7fc55e8c7000 r--s 003a7000 fd:03 289473706                  /home/user/.m2/repository/org/bouncycastle/bcprov-jdk15on/1.60/bcprov-jdk15on-1.60.jar
7fc55e8c7000-7fc55e8da000 r--s 000b0000 fd:03 289473697                  /home/user/.m2/repository/org/bouncycastle/bcpkix-jdk15on/1.60/bcpkix-jdk15on-1.60.jar
7fc55e8da000-7fc55e8dd000 r--s 0001d000 fd:03 289343105                  /home/user/.m2/repository/org/apache/commons/commons-pool2/2.6.0/commons-pool2-2.6.0.jar
7fc55e8dd000-7fc55e8e0000 r--s 00012000 fd:03 289277701                  /home/user/.m2/repository/com/lmax/disruptor/3.4.2/disruptor-3.4.2.jar
7fc55e8e0000-7fc55e900000 r--s 00167000 fd:03 289407316                  /home/user/.m2/repository/org/apache/logging/log4j/log4j-core/2.11.0/log4j-core-2.11.0.jar
7fc55e900000-7fc55e906000 r--s 0003b000 fd:03 289407307                  /home/user/.m2/repository/org/apache/logging/log4j/log4j-api/2.11.0/log4j-api-2.11.0.jar
7fc55e906000-7fc55e90b000 r--s 00047000 fd:03 289341676                  /home/user/.m2/repository/dnsjava/dnsjava/2.1.7/dnsjava-2.1.7.jar
7fc55e90b000-7fc55e911000 r--s 00078000 fd:03 289277132                  /home/user/.m2/repository/com/fasterxml/woodstox/woodstox-core/5.0.3/woodstox-core-5.0.3.jar
7fc55e911000-7fc55e915000 r--s 00024000 fd:03 289474668                  /home/user/.m2/repository/org/codehaus/woodstox/stax2-api/3.1.4/stax2-api-3.1.4.jar
7fc55e915000-7fc55e919000 r--s 0004c000 fd:03 289276975                  /home/user/.m2/repository/com/fasterxml/jackson/core/jackson-core/2.9.9/jackson-core-2.9.9.jar
7fc55e919000-7fc55e92c000 r--s 00137000 fd:03 289276992                  /home/user/.m2/repository/com/fasterxml/jackson/core/jackson-databind/2.9.9/jackson-databind-2.9.9.jar
7fc55e92c000-7fc55e92e000 r--s 00006000 fd:03 289407281                  /home/user/.m2/repository/org/apache/kerby/kerby-xdr/1.0.1/kerby-xdr-1.0.1.jar
7fc55e92e000-7fc55e92f000 r--s 00004000 fd:03 289407185                  /home/user/.m2/repository/org/apache/kerby/kerb-identity/1.0.1/kerb-identity-1.0.1.jar
7fc55e92f000-7fc55e932000 r--s 00012000 fd:03 289407194                  /home/user/.m2/repository/org/apache/kerby/kerb-server/1.0.1/kerb-server-1.0.1.jar
7fc55e932000-7fc55e935000 r--s 00011000 fd:03 289407140                  /home/user/.m2/repository/org/apache/kerby/kerb-admin/1.0.1/kerb-admin-1.0.1.jar
7fc55e935000-7fc55e936000 r--s 00004000 fd:03 289407290                  /home/user/.m2/repository/org/apache/kerby/token-provider/1.0.1/token-provider-1.0.1.jar
7fc55e936000-7fc55e937000 r--s 00008000 fd:03 289407212                  /home/user/.m2/repository/org/apache/kerby/kerb-util/1.0.1/kerb-util-1.0.1.jar
7fc55e937000-7fc55e93b000 r--s 00019000 fd:03 289407176                  /home/user/.m2/repository/org/apache/kerby/kerb-crypto/1.0.1/kerb-crypto-1.0.1.jar
7fc55e93b000-7fc55e93d000 r--s 0000e000 fd:03 289407158                  /home/user/.m2/repository/org/apache/kerby/kerb-common/1.0.1/kerb-common-1.0.1.jar
7fc55e93d000-7fc55e93e000 r--s 00009000 fd:03 289407272                  /home/user/.m2/repository/org/apache/kerby/kerby-util/1.0.1/kerby-util-1.0.1.jar
7fc55e93e000-7fc55e940000 r--s 00017000 fd:03 289407227                  /home/user/.m2/repository/org/apache/kerby/kerby-asn1/1.0.1/kerby-asn1-1.0.1.jar
7fc55e940000-7fc55e947000 r--s 0002b000 fd:03 289407257                  /home/user/.m2/repository/org/apache/kerby/kerby-pkix/1.0.1/kerby-pkix-1.0.1.jar
7fc55e947000-7fc55e94e000 r--s 00031000 fd:03 289407167                  /home/user/.m2/repository/org/apache/kerby/kerb-core/1.0.1/kerb-core-1.0.1.jar
7fc55e94e000-7fc55e950000 r--s 00006000 fd:03 289407242                  /home/user/.m2/repository/org/apache/kerby/kerby-config/1.0.1/kerby-config-1.0.1.jar
7fc55e950000-7fc55e953000 r--s 00019000 fd:03 289407149                  /home/user/.m2/repository/org/apache/kerby/kerb-client/1.0.1/kerb-client-1.0.1.jar
7fc55e953000-7fc55e954000 r--s 00004000 fd:03 289407203                  /home/user/.m2/repository/org/apache/kerby/kerb-simplekdc/1.0.1/kerb-simplekdc-1.0.1.jar
7fc55e954000-7fc55e958000 r--s 00014000 fd:03 289539694                  /home/user/.m2/repository/org/tukaani/xz/1.0/xz-1.0.jar
7fc55e958000-7fc55e95d000 r--s 00036000 fd:03 289342918                  /home/user/.m2/repository/org/apache/commons/commons-compress/1.4.1/commons-compress-1.4.1.jar
7fc55e95d000-7fc55e95e000 r--s 00004000 fd:03 289473565                  /home/user/.m2/repository/org/apache/yetus/audience-annotations/0.5.0/audience-annotations-0.5.0.jar
7fc55e95e000-7fc55e960000 r--s 00014000 fd:03 289342350                  /home/user/.m2/repository/jline/jline/0.9.94/jline-0.9.94.jar
7fc55e960000-7fc55e96d000 r--s 000d1000 fd:03 289473581                  /home/user/.m2/repository/org/apache/zookeeper/zookeeper/3.4.13/zookeeper-3.4.13.jar
7fc55e96d000-7fc55e987000 r--s 00155000 fd:03 289406985                  /home/user/.m2/repository/org/apache/htrace/htrace-core4/4.1.0-incubating/htrace-core4-4.1.0-incubating.jar
7fc55e987000-7fc55e98a000 r--s 00006000 fd:03 289277327                  /home/user/.m2/repository/com/google/code/findbugs/jsr305/3.0.0/jsr305-3.0.0.jar
7fc55e98a000-7fc55e992000 r--s 0003e000 fd:03 289343148                  /home/user/.m2/repository/org/apache/curator/curator-recipes/2.12.0/curator-recipes-2.12.0.jar
7fc55e992000-7fc55e9c9000 r--s 00219000 fd:03 289343130                  /home/user/.m2/repository/org/apache/curator/curator-client/2.12.0/curator-client-2.12.0.jar
7fc55e9c9000-7fc55e9ce000 r--s 00040000 fd:03 289277675                  /home/user/.m2/repository/com/jcraft/jsch/0.1.54/jsch-0.1.54.jar
7fc55e9ce000-7fc55e9d4000 r--s 0002c000 fd:03 289343139                  /home/user/.m2/repository/org/apache/curator/curator-framework/2.12.0/curator-framework-2.12.0.jar
7fc55e9d4000-7fc55e9d6000 r--s 0000c000 fd:03 289538914                  /home/user/.m2/repository/org/ow2/asm/asm/5.0.4/asm-5.0.4.jar
7fc55e9d6000-7fc55e9d8000 r--s 00006000 fd:03 289342649                  /home/user/.m2/repository/net/minidev/accessors-smart/1.2/accessors-smart-1.2.jar
7fc55e9d8000-7fc55e9db000 r--s 0001b000 fd:03 289342658                  /home/user/.m2/repository/net/minidev/json-smart/2.3/json-smart-2.3.jar
7fc55e9db000-7fc55e9dd000 r--s 00000000 fd:03 289277229                  /home/user/.m2/repository/com/github/stephenc/jcip/jcip-annotations/1.0-1/jcip-annotations-1.0-1.jar
7fc55e9dd000-7fc55e9e3000 r--s 00044000 fd:03 289277721                  /home/user/.m2/repository/com/nimbusds/nimbus-jose-jwt/4.41.1/nimbus-jose-jwt-4.41.1.jar
7fc55e9e3000-7fc55e9e5000 r--s 00020000 fd:03 289343201                  /home/user/.m2/repository/org/apache/hadoop/hadoop-auth/3.2.0/hadoop-auth-3.2.0.jar
7fc55e9e5000-7fc55e9ea000 r--s 0002a000 fd:03 289277337                  /home/user/.m2/repository/com/google/code/gson/gson/2.2.4/gson-2.2.4.jar
7fc55e9ea000-7fc55e9ec000 r--s 0001e000 fd:03 289277649                  /home/user/.m2/repository/com/google/re2j/re2j/1.1/re2j-1.1.jar
7fc55e9ec000-7fc55e9ee000 r--s 00130000 fd:03 289539729                  /home/user/.m2/repository/org/xerial/snappy/snappy-java/1.0.5/snappy-java-1.0.5.jar
7fc55e9ee000-7fc55e9f0000 r--s 00006000 fd:03 289277917                  /home/user/.m2/repository/com/thoughtworks/paranamer/paranamer/2.3/paranamer-2.3.jar
7fc55e9f0000-7fc55e9f9000 r--s 00062000 fd:03 289342880                  /home/user/.m2/repository/org/apache/avro/avro/1.7.7/avro-1.7.7.jar
7fc55e9f9000-7fc55e9fa000 r--s 00002000 fd:03 289539292                  /home/user/.m2/repository/org/slf4j/slf4j-log4j12/1.7.25/slf4j-log4j12-1.7.25.jar
7fc55e9fa000-7fc55e9fe000 r--s 00029000 fd:03 289343114                  /home/user/.m2/repository/org/apache/commons/commons-text/1.4/commons-text-1.4.jar
7fc55e9fe000-7fc55ea06000 r--s 00072000 fd:03 289342967                  /home/user/.m2/repository/org/apache/commons/commons-lang3/3.7/commons-lang3-3.7.jar
7fc55ea06000-7fc55ea12000 r--s 0008b000 fd:03 289342935                  /home/user/.m2/repository/org/apache/commons/commons-configuration2/2.1.1/commons-configuration2-2.1.1.jar
7fc55ea12000-7fc55ea17000 r--s 00038000 fd:03 289277972                  /home/user/.m2/repository/commons-beanutils/commons-beanutils/1.9.4/commons-beanutils-1.9.4.jar
7fc55ea17000-7fc55ea20000 r--s 0006f000 fd:03 289342446                  /home/user/.m2/repository/log4j/log4j/1.2.17/log4j-1.2.17.jar
7fc55ea20000-7fc55ea22000 r--s 0000e000 fd:03 289341603                  /home/user/.m2/repository/commons-logging/commons-logging/1.1.3/commons-logging-1.1.3.jar
7fc55ea22000-7fc55ea32000 r--s 0009c000 fd:03 289277848                  /home/user/.m2/repository/com/sun/jersey/jersey-server/1.19/jersey-server-1.19.jar
7fc55ea32000-7fc55ea33000 r--s 00006000 fd:03 289473829                  /home/user/.m2/repository/org/codehaus/jackson/jackson-xc/1.9.13/jackson-xc-1.9.13.jar
7fc55ea33000-7fc55ea34000 r--s 00004000 fd:03 289473811                  /home/user/.m2/repository/org/codehaus/jackson/jackson-jaxrs/1.9.13/jackson-jaxrs-1.9.13.jar
7fc55ea34000-7fc55ea42000 r--s 000b1000 fd:03 289473820                  /home/user/.m2/repository/org/codehaus/jackson/jackson-mapper-asl/1.9.13/jackson-mapper-asl-1.9.13.jar
7fc55ea42000-7fc55ea46000 r--s 00035000 fd:03 289473802                  /home/user/.m2/repository/org/codehaus/jackson/jackson-core-asl/1.9.13/jackson-core-asl-1.9.13.jar
7fc55ea46000-7fc55ea49000 r--s 00016000 fd:03 289342306                  /home/user/.m2/repository/javax/xml/bind/jaxb-api/2.2.11/jaxb-api-2.2.11.jar
7fc55ea49000-7fc55ea5c000 r--s 000c7000 fd:03 289277883                  /home/user/.m2/repository/com/sun/xml/bind/jaxb-impl/2.2.3-1/jaxb-impl-2.2.3-1.jar
7fc55ea5c000-7fc55ea5e000 r--s 0000f000 fd:03 289473839                  /home/user/.m2/repository/org/codehaus/jettison/jettison/1.1/jettison-1.1.jar
7fc55ea5e000-7fc55ea62000 r--s 00025000 fd:03 289277833                  /home/user/.m2/repository/com/sun/jersey/jersey-json/1.19/jersey-json-1.19.jar
7fc55ea62000-7fc55ea66000 r--s 0001c000 fd:03 289277857                  /home/user/.m2/repository/com/sun/jersey/jersey-servlet/1.19/jersey-servlet-1.19.jar
7fc55ea66000-7fc55ea68000 r--s 0000a000 fd:03 289342295                  /home/user/.m2/repository/javax/ws/rs/jsr311-api/1.1.1/jsr311-api-1.1.1.jar
7fc55ea68000-7fc55ea72000 r--s 00061000 fd:03 289277824                  /home/user/.m2/repository/com/sun/jersey/jersey-core/1.19/jersey-core-1.19.jar
7fc55ea72000-7fc55ea75000 r--s 00016000 fd:03 289342251                  /home/user/.m2/repository/javax/servlet/jsp/jsp-api/2.1/jsp-api-2.1.jar
7fc55ea75000-7fc55ea76000 r--s 0000c000 fd:03 289538165                  /home/user/.m2/repository/org/eclipse/jetty/jetty-xml/9.3.25.v20180904/jetty-xml-9.3.25.v20180904.jar
7fc55ea76000-7fc55ea79000 r--s 0001a000 fd:03 289538156                  /home/user/.m2/repository/org/eclipse/jetty/jetty-webapp/9.3.25.v20180904/jetty-webapp-9.3.25.v20180904.jar
7fc55ea79000-7fc55ea7c000 r--s 00015000 fd:03 289538111                  /home/user/.m2/repository/org/eclipse/jetty/jetty-security/9.3.25.v20180904/jetty-security-9.3.25.v20180904.jar
7fc55ea7c000-7fc55ea7f000 r--s 0001b000 fd:03 289538129                  /home/user/.m2/repository/org/eclipse/jetty/jetty-servlet/9.3.25.v20180904/jetty-servlet-9.3.25.v20180904.jar
7fc55ea7f000-7fc55ea86000 r--s 00069000 fd:03 289538138                  /home/user/.m2/repository/org/eclipse/jetty/jetty-util/9.3.25.v20180904/jetty-util-9.3.25.v20180904.jar
7fc55ea86000-7fc55ea8a000 r--s 0001b000 fd:03 289538085                  /home/user/.m2/repository/org/eclipse/jetty/jetty-io/9.3.25.v20180904/jetty-io-9.3.25.v20180904.jar
7fc55ea8a000-7fc55ea8d000 r--s 00022000 fd:03 289538076                  /home/user/.m2/repository/org/eclipse/jetty/jetty-http/9.3.25.v20180904/jetty-http-9.3.25.v20180904.jar
7fc55ea8d000-7fc55ea95000 r--s 00078000 fd:03 289538120                  /home/user/.m2/repository/org/eclipse/jetty/jetty-server/9.3.25.v20180904/jetty-server-9.3.25.v20180904.jar
7fc55ea95000-7fc55ea98000 r--s 00015000 fd:03 289342241                  /home/user/.m2/repository/javax/servlet/javax.servlet-api/3.1.0/javax.servlet-api-3.1.0.jar
7fc55ea98000-7fc55eaa5000 r--s 00083000 fd:03 289278100                  /home/user/.m2/repository/commons-collections/commons-collections/3.2.2/commons-collections-3.2.2.jar
7fc55eaa5000-7fc55eaab000 r--s 00046000 fd:03 289341628                  /home/user/.m2/repository/commons-net/commons-net/3.6/commons-net-3.6.jar
7fc55eaab000-7fc55eaaf000 r--s 0002f000 fd:03 289341511                  /home/user/.m2/repository/commons-io/commons-io/2.5/commons-io-2.5.jar
7fc55eaaf000-7fc55eab6000 r--s 0004b000 fd:03 289278030                  /home/user/.m2/repository/commons-codec/commons-codec/1.11/commons-codec-1.11.jar
7fc55eab6000-7fc55eabd000 r--s 00049000 fd:03 289407081                  /home/user/.m2/repository/org/apache/httpcomponents/httpcore/4.4.4/httpcore-4.4.4.jar
7fc55eabd000-7fc55eaca000 r--s 000a7000 fd:03 289407023                  /home/user/.m2/repository/org/apache/httpcomponents/httpclient/4.5.2/httpclient-4.5.2.jar
7fc55eaca000-7fc55eae7000 r--s 0016a000 fd:03 289342976                  /home/user/.m2/repository/org/apache/commons/commons-math3/3.1.1/commons-math3-3.1.1.jar
7fc55eae7000-7fc55eae9000 r--s 00009000 fd:03 289278010                  /home/user/.m2/repository/commons-cli/commons-cli/1.2/commons-cli-1.2.jar
7fc55eae9000-7fc55eb62000 r--s 007c0000 fd:03 288293932                  /usr/lib/jvm/java-1.8-openjdk/lib/tools.jar
7fc55eb62000-7fc55eb63000 r--s 0000e000 fd:03 289343192                  /home/user/.m2/repository/org/apache/hadoop/hadoop-annotations/3.2.0/hadoop-annotations-3.2.0.jar
7fc55eb63000-7fc55eb8e000 r--s 00297000 fd:03 289343219                  /home/user/.m2/repository/org/apache/hadoop/hadoop-common/3.2.0/hadoop-common-3.2.0-tests.jar
7fc55eb8e000-7fc55eb93000 r--s 00c4f000 fd:03 289539197                  /home/user/.m2/repository/org/rocksdb/rocksdbjni/6.0.1/rocksdbjni-6.0.1.jar
7fc55eb93000-7fc55eb95000 r--s 00002000 fd:03 289277365                  /home/user/.m2/repository/com/google/errorprone/error_prone_annotations/2.2.0/error_prone_annotations-2.2.0.jar
7fc55eb95000-7fc55eb97000 r--s 00019000 fd:03 81796422                   /home/user/.m2/repository/org/apache/ratis/ratis-grpc/0.5.0-201fc85-SNAPSHOT/ratis-grpc-0.5.0-201fc85-SNAPSHOT.jar
7fc55eb97000-7fc55eb99000 r--s 00007000 fd:03 117257587                  /home/user/.m2/repository/org/apache/ratis/ratis-netty/0.5.0-201fc85-SNAPSHOT/ratis-netty-0.5.0-201fc85-SNAPSHOT.jar
7fc55eb99000-7fc55eb9b000 r--s 00009000 fd:03 289341706                  /home/user/.m2/repository/info/ganglia/gmetric4j/gmetric4j/1.0.7/gmetric4j-1.0.7.jar
7fc55eb9b000-7fc55eb9c000 r--s 00002000 fd:03 289341737                  /home/user/.m2/repository/io/dropwizard/metrics/metrics-ganglia/3.2.5/metrics-ganglia-3.2.5.jar
7fc55eb9c000-7fc55eb9e000 r--s 00008000 fd:03 289341746                  /home/user/.m2/repository/io/dropwizard/metrics/metrics-jvm/3.2.5/metrics-jvm-3.2.5.jar
7fc55eb9e000-7fc55eb9f000 r--s 00003000 fd:03 289277218                  /home/user/.m2/repository/com/github/joshelser/dropwizard-metrics-hadoop-metrics2-reporter/0.1.2/dropwizard-metrics-hadoop-metrics2-reporter-0.1.2.jar
7fc55eb9f000-7fc55eba0000 r--s 00006000 fd:03 81796421                   /home/user/.m2/repository/org/apache/ratis/ratis-metrics/0.5.0-201fc85-SNAPSHOT/ratis-metrics-0.5.0-201fc85-SNAPSHOT.jar
7fc55eba0000-7fc55ebae000 r--s 0010d000 fd:03 81796407                   /home/user/.m2/repository/org/apache/ratis/ratis-proto/0.5.0-201fc85-SNAPSHOT/ratis-proto-0.5.0-201fc85-SNAPSHOT.jar
7fc55ebae000-7fc55ec88000 r--s 00cc8000 fd:03 289473232                  /home/user/.m2/repository/org/apache/ratis/ratis-thirdparty-misc/0.2.0/ratis-thirdparty-misc-0.2.0.jar
7fc55ec88000-7fc55ec8b000 ---p 00000000 00:00 0 
7fc55ec8b000-7fc55ed89000 rw-p 00000000 00:00 0 
7fc55ed89000-7fc55ef90000 r-xp 00000000 fd:03 288293755                  /usr/lib/jvm/java-1.8-openjdk/jre/lib/amd64/libmanagement.so
7fc55ef90000-7fc55ef91000 r--p 00007000 fd:03 288293755                  /usr/lib/jvm/java-1.8-openjdk/jre/lib/amd64/libmanagement.so
7fc55ef91000-7fc55ef92000 rw-p 00008000 fd:03 288293755                  /usr/lib/jvm/java-1.8-openjdk/jre/lib/amd64/libmanagement.so
7fc55ef92000-7fc55ef95000 ---p 00000000 00:00 0 
7fc55ef95000-7fc55f093000 rw-p 00000000 00:00 0 
7fc55f093000-7fc55f094000 ---p 00000000 00:00 0 
7fc55f094000-7fc55f195000 rw-p 00000000 00:00 0 
7fc55f195000-7fc55f198000 ---p 00000000 00:00 0 
7fc55f198000-7fc55f296000 rw-p 00000000 00:00 0 
7fc55f296000-7fc55f297000 ---p 00000000 00:00 0 
7fc55f297000-7fc55f29a000 ---p 00000000 00:00 0 
7fc55f29a000-7fc55f398000 rw-p 00000000 00:00 0 
7fc55f398000-7fc55f399000 ---p 00000000 00:00 0 
7fc55f399000-7fc55f39c000 ---p 00000000 00:00 0 
7fc55f39c000-7fc55f49a000 rw-p 00000000 00:00 0 
7fc55f49a000-7fc55f49d000 ---p 00000000 00:00 0 
7fc55f49d000-7fc55f59b000 rw-p 00000000 00:00 0 
7fc55f59b000-7fc55f59e000 ---p 00000000 00:00 0 
7fc55f59e000-7fc55f69c000 rw-p 00000000 00:00 0 
7fc55f69c000-7fc55f69f000 ---p 00000000 00:00 0 
7fc55f69f000-7fc55f79d000 rw-p 00000000 00:00 0 
7fc55f79d000-7fc55f79e000 ---p 00000000 00:00 0 
7fc55f79e000-7fc5601a8000 rw-p 00000000 00:00 0 
7fc5601a8000-7fc560378000 r--s 01f56000 fd:03 288293825                  /usr/lib/jvm/java-1.8-openjdk/jre/lib/rt.jar
7fc560378000-7fc564fee000 rw-p 00000000 00:00 0 
7fc564fee000-7fc564fef000 ---p 00000000 00:00 0 
7fc564fef000-7fc5650f0000 rw-p 00000000 00:00 0 
7fc5650f0000-7fc5650f1000 ---p 00000000 00:00 0 
7fc5650f1000-7fc5658ac000 rw-p 00000000 00:00 0 
7fc5658ac000-7fc565c5e000 ---p 00000000 00:00 0 
7fc565c5e000-7fc565fae000 rwxp 00000000 00:00 0 
7fc565fae000-7fc574c5e000 ---p 00000000 00:00 0 
7fc574c5e000-7fc574e65000 r-xp 00000000 fd:03 288293764                  /usr/lib/jvm/java-1.8-openjdk/jre/lib/amd64/libzip.so
7fc574e65000-7fc574e66000 r--p 00007000 fd:03 288293764                  /usr/lib/jvm/java-1.8-openjdk/jre/lib/amd64/libzip.so
7fc574e66000-7fc574e67000 rw-p 00008000 fd:03 288293764                  /usr/lib/jvm/java-1.8-openjdk/jre/lib/amd64/libzip.so
7fc574e67000-7fc575092000 r-xp 00000000 fd:03 288293745                  /usr/lib/jvm/java-1.8-openjdk/jre/lib/amd64/libjava.so
7fc575092000-7fc575093000 r--p 0002b000 fd:03 288293745                  /usr/lib/jvm/java-1.8-openjdk/jre/lib/amd64/libjava.so
7fc575093000-7fc575094000 rw-p 0002c000 fd:03 288293745                  /usr/lib/jvm/java-1.8-openjdk/jre/lib/amd64/libjava.so
7fc575094000-7fc575095000 rw-p 00000000 00:00 0 
7fc575095000-7fc5752a1000 r-xp 00000000 fd:03 288293763                  /usr/lib/jvm/java-1.8-openjdk/jre/lib/amd64/libverify.so
7fc5752a1000-7fc5752a3000 r--p 0000c000 fd:03 288293763                  /usr/lib/jvm/java-1.8-openjdk/jre/lib/amd64/libverify.so
7fc5752a3000-7fc5752a4000 rw-p 0000e000 fd:03 288293763                  /usr/lib/jvm/java-1.8-openjdk/jre/lib/amd64/libverify.so
7fc5752a4000-7fc5754b4000 r-xp 00000000 fd:03 288294014                  /usr/lib/libgcc_s.so.1
7fc5754b4000-7fc5754b5000 r--p 00010000 fd:03 288294014                  /usr/lib/libgcc_s.so.1
7fc5754b5000-7fc5754b6000 rw-p 00011000 fd:03 288294014                  /usr/lib/libgcc_s.so.1
7fc5754b6000-7fc5757f7000 r-xp 00000000 fd:03 288294289                  /usr/lib/libstdc++.so.6.0.22
7fc5757f7000-7fc575805000 r--p 00141000 fd:03 288294289                  /usr/lib/libstdc++.so.6.0.22
7fc575805000-7fc575806000 rw-p 0014f000 fd:03 288294289                  /usr/lib/libstdc++.so.6.0.22
7fc575806000-7fc575809000 rw-p 00000000 00:00 0 
7fc575809000-7fc5761dd000 r-xp 00000000 fd:03 288293768                  /usr/lib/jvm/java-1.8-openjdk/jre/lib/amd64/server/libjvm.so
7fc5761dd000-7fc576273000 r--p 007d4000 fd:03 288293768                  /usr/lib/jvm/java-1.8-openjdk/jre/lib/amd64/server/libjvm.so
7fc576273000-7fc57629b000 rw-p 0086a000 fd:03 288293768                  /usr/lib/jvm/java-1.8-openjdk/jre/lib/amd64/server/libjvm.so
7fc57629b000-7fc5762cc000 rw-p 00000000 00:00 0 
7fc5762cc000-7fc5764e1000 r-xp 00000000 fd:03 132383751                  /lib/libz.so.1.2.11
7fc5764e1000-7fc5764e2000 r--p 00015000 fd:03 132383751                  /lib/libz.so.1.2.11
7fc5764e2000-7fc5764e3000 rw-p 00016000 fd:03 132383751                  /lib/libz.so.1.2.11
7fc5764e3000-7fc5766ef000 r-xp 00000000 fd:03 288293729                  /usr/lib/jvm/java-1.8-openjdk/jre/lib/amd64/jli/libjli.so
7fc5766ef000-7fc5766f0000 r--p 0000c000 fd:03 288293729                  /usr/lib/jvm/java-1.8-openjdk/jre/lib/amd64/jli/libjli.so
7fc5766f0000-7fc5766f1000 rw-p 0000d000 fd:03 288293729                  /usr/lib/jvm/java-1.8-openjdk/jre/lib/amd64/jli/libjli.so
7fc5766f1000-7fc57677e000 r-xp 00000000 fd:03 288227753                  /lib/ld-musl-x86_64.so.1
7fc57677e000-7fc576780000 r--s 00009000 fd:03 289539259                  /home/user/.m2/repository/org/slf4j/slf4j-api/1.7.25/slf4j-api-1.7.25.jar
7fc576780000-7fc576782000 r--s 0000c000 fd:03 81796413                   /home/user/.m2/repository/org/apache/ratis/ratis-client/0.5.0-201fc85-SNAPSHOT/ratis-client-0.5.0-201fc85-SNAPSHOT.jar
7fc576782000-7fc576787000 r--s 0003a000 fd:03 81796411                   /home/user/.m2/repository/org/apache/ratis/ratis-common/0.5.0-201fc85-SNAPSHOT/ratis-common-0.5.0-201fc85-SNAPSHOT.jar
7fc576787000-7fc57678c000 r--s 00053000 fd:03 81796405                   /home/user/.m2/repository/org/apache/ratis/ratis-server/0.5.0-201fc85-SNAPSHOT/ratis-server-0.5.0-201fc85-SNAPSHOT.jar
7fc57678c000-7fc57678f000 r--s 000fd000 fd:03 289538227                  /home/user/.m2/repository/org/fusesource/leveldbjni/leveldbjni-all/1.8/leveldbjni-all-1.8.jar
7fc57678f000-7fc576791000 r--s 00005000 fd:03 289342180                  /home/user/.m2/repository/javax/annotation/javax.annotation-api/1.2/javax.annotation-api-1.2.jar
7fc576791000-7fc576793000 r--s 00002000 fd:03 289472921                  /home/user/.m2/repository/org/apache/maven/surefire/surefire-logger-api/3.0.0-M1/surefire-logger-api-3.0.0-M1.jar
7fc576793000-7fc576798000 r--s 00027000 fd:03 289472903                  /home/user/.m2/repository/org/apache/maven/surefire/surefire-api/3.0.0-M1/surefire-api-3.0.0-M1.jar
7fc576798000-7fc57679e000 r--s 00047000 fd:03 289472912                  /home/user/.m2/repository/org/apache/maven/surefire/surefire-booter/3.0.0-M1/surefire-booter-3.0.0-M1.jar
7fc57679e000-7fc57679f000 r--s 00003000 fd:05 2494136                    /workdir/hadoop-hdds/common/target/surefire/surefirebooter5616791686283879789.jar
7fc57679f000-7fc5767a0000 r--s 00000000 fd:03 132383687                  /etc/localtime
7fc5767a0000-7fc576871000 rw-p 00000000 00:00 0 
7fc576871000-7fc576879000 rw-s 00000000 fd:03 81796366                   /tmp/hsperfdata_jenkins1000/1269
7fc576879000-7fc57687a000 rw-p 00000000 00:00 0 
7fc57687a000-7fc57687b000 r--p 00000000 00:00 0 
7fc57687b000-7fc57687d000 ---p 00000000 00:00 0 
7fc57687d000-7fc576880000 ---p 00000000 00:00 0 
7fc576880000-7fc57697e000 rw-p 00000000 00:00 0 
7fc57697e000-7fc57697f000 r--p 0008d000 fd:03 288227753                  /lib/ld-musl-x86_64.so.1
7fc57697f000-7fc576980000 rw-p 0008e000 fd:03 288227753                  /lib/ld-musl-x86_64.so.1
7fc576980000-7fc576983000 rw-p 00000000 00:00 0 
7fffbe2b3000-7fffbe2d5000 rw-p 00000000 00:00 0                          [stack]
7fffbe39f000-7fffbe3a1000 r-xp 00000000 00:00 0                          [vdso]
ffffffffff600000-ffffffffff601000 r-xp 00000000 00:00 0                  [vsyscall]

VM Arguments:
jvm_args: -Xmx2048m -XX:+HeapDumpOnOutOfMemoryError 
java_command: /workdir/hadoop-hdds/common/target/surefire/surefirebooter5616791686283879789.jar /workdir/hadoop-hdds/common/target/surefire 2019-10-09T06-46-50_054-jvmRun1 surefire1146583849662870014tmp surefire_238460702730506676313tmp
java_class_path (initial): /workdir/hadoop-hdds/common/target/surefire/surefirebooter5616791686283879789.jar
Launcher Type: SUN_STANDARD

Environment Variables:
PATH=/usr/local/sbin:/usr/local/bin:/usr/sbin:/usr/bin:/sbin:/bin:/opt/findbugs/bin:/opt/blockade/bin
LD_LIBRARY_PATH=/usr/lib/jvm/java-1.8-openjdk/jre/lib/amd64/server:/usr/lib/jvm/java-1.8-openjdk/jre/lib/amd64:/usr/lib/jvm/java-1.8-openjdk/jre/../lib/amd64:/workdir/hadoop-hdds/common/target/native/target/usr/local/lib:/workdir/hadoop-hdds/common/../../hadoop-common-project/hadoop-common/target/native/target/usr/local/lib
DYLD_LIBRARY_PATH=${env.DYLD_LIBRARY_PATH}:/workdir/hadoop-hdds/common/target/native/target/usr/local/lib:/workdir/hadoop-hdds/common/../../hadoop-common-project/hadoop-common/target/native/target/usr/local/lib

Signal Handlers:
SIGSEGV: [libjvm.so+0x600fd2], sa_mask[0]=11111111011111111101111111111110, sa_flags=SA_RESTART|SA_SIGINFO
SIGBUS: [libjvm.so+0x600fd2], sa_mask[0]=11111111011111111101111111111110, sa_flags=SA_RESTART|SA_SIGINFO
SIGFPE: [libjvm.so+0x539502], sa_mask[0]=11111111011111111101111111111110, sa_flags=SA_RESTART|SA_SIGINFO
SIGPIPE: [libjvm.so+0x539502], sa_mask[0]=11111111011111111101111111111110, sa_flags=SA_RESTART|SA_SIGINFO
SIGXFSZ: [libjvm.so+0x539502], sa_mask[0]=11111111011111111101111111111110, sa_flags=SA_RESTART|SA_SIGINFO
SIGILL: [libjvm.so+0x539502], sa_mask[0]=11111111011111111101111111111110, sa_flags=SA_RESTART|SA_SIGINFO
SIGUSR1: SIG_DFL, sa_mask[0]=00000000000000000000000000000000, sa_flags=none
SIGUSR2: [libjvm.so+0x5396a1], sa_mask[0]=00100000000000000000000000000000, sa_flags=SA_RESTART|SA_SIGINFO
SIGHUP: [libjvm.so+0x53b719], sa_mask[0]=11111111011111111101111111111110, sa_flags=SA_RESTART|SA_SIGINFO
SIGINT: [libjvm.so+0x53b719], sa_mask[0]=11111111011111111101111111111110, sa_flags=SA_RESTART|SA_SIGINFO
SIGTERM: [libjvm.so+0x53b719], sa_mask[0]=11111111011111111101111111111110, sa_flags=SA_RESTART|SA_SIGINFO
SIGQUIT: [libjvm.so+0x53b719], sa_mask[0]=11111111011111111101111111111110, sa_flags=SA_RESTART|SA_SIGINFO


---------------  S Y S T E M  ---------------

OS:NAME="Alpine Linux"
ID=alpine
VERSION_ID=3.8.2
PRETTY_NAME="Alpine Linux v3.8"
HOME_URL="http://alpinelinux.org"
BUG_REPORT_URL="http://bugs.alpinelinux.org"

uname:Linux 3.10.0-957.12.2.el7.x86_64 #1 SMP Tue May 14 21:24:32 UTC 2019 x86_64
libc:glibc 2.9 NPTL 
rlimit: STACK 8192k, CORE infinity, NPROC 1048576, NOFILE 1048576, AS infinity
load average:9.82 8.77 8.52

/proc/meminfo:
MemTotal:       263864176 kB
MemFree:        119521852 kB
MemAvailable:   241639740 kB
Buffers:        18396192 kB
Cached:         79239468 kB
SwapCached:            0 kB
Active:         69387384 kB
Inactive:       41176000 kB
Active(anon):   15624732 kB
Inactive(anon):  2047616 kB
Active(file):   53762652 kB
Inactive(file): 39128384 kB
Unevictable:       13856 kB
Mlocked:           13856 kB
SwapTotal:             0 kB
SwapFree:              0 kB
Dirty:            690620 kB
Writeback:             4 kB
AnonPages:      12942532 kB
Mapped:           315628 kB
Shmem:           4740468 kB
Slab:           31944692 kB
SReclaimable:   30110944 kB
SUnreclaim:      1833748 kB
KernelStack:       53712 kB
PageTables:        57100 kB
NFS_Unstable:          0 kB
Bounce:                0 kB
WritebackTmp:          0 kB
CommitLimit:    131932088 kB
Committed_AS:   38935680 kB
VmallocTotal:   34359738367 kB
VmallocUsed:      719300 kB
VmallocChunk:   34224624072 kB
HardwareCorrupted:     0 kB
AnonHugePages:   3850240 kB
CmaTotal:              0 kB
CmaFree:               0 kB
HugePages_Total:       0
HugePages_Free:        0
HugePages_Rsvd:        0
HugePages_Surp:        0
Hugepagesize:       2048 kB
DirectMap4k:      324344 kB
DirectMap2M:    10053632 kB
DirectMap1G:    260046848 kB

container (cgroup) information:
container_type: cgroupv1
cpu_cpuset_cpus: 0-31
cpu_memory_nodes: 0-1
active_processor_count: 2
cpu_quota: -1
cpu_period: 100000
cpu_shares: 2048
memory_limit_in_bytes: -1
memory_and_swap_limit_in_bytes: -1
memory_soft_limit_in_bytes: -1
memory_usage_in_bytes: 4972859392
memory_max_usage_in_bytes: 5390237696


CPU:total 32 (initial active 2) (8 cores per cpu, 2 threads per core) family 6 model 63 stepping 2, cmov, cx8, fxsr, mmx, sse, sse2, sse3, ssse3, sse4.1, sse4.2, popcnt, avx, avx2, aes, clmul, erms, lzcnt, ht, tsc, tscinvbit, bmi1, bmi2

/proc/cpuinfo:
processor	: 0
vendor_id	: GenuineIntel
cpu family	: 6
model		: 63
model name	: Intel(R) Xeon(R) CPU E5-2630 v3 @ 2.40GHz
stepping	: 2
microcode	: 0x43
cpu MHz		: 2399.853
cache size	: 20480 KB
physical id	: 0
siblings	: 16
core id		: 0
cpu cores	: 8
apicid		: 0
initial apicid	: 0
fpu		: yes
fpu_exception	: yes
cpuid level	: 15
wp		: yes
flags		: fpu vme de pse tsc msr pae mce cx8 apic sep mtrr pge mca cmov pat pse36 clflush dts acpi mmx fxsr sse sse2 ss ht tm pbe syscall nx pdpe1gb rdtscp lm constant_tsc arch_perfmon pebs bts rep_good nopl xtopology nonstop_tsc aperfmperf eagerfpu pni pclmulqdq dtes64 monitor ds_cpl vmx smx est tm2 ssse3 sdbg fma cx16 xtpr pdcm pcid dca sse4_1 sse4_2 x2apic movbe popcnt tsc_deadline_timer aes xsave avx f16c rdrand lahf_lm abm epb intel_ppin ssbd ibrs ibpb stibp tpr_shadow vnmi flexpriority ept vpid fsgsbase tsc_adjust bmi1 avx2 smep bmi2 erms invpcid cqm xsaveopt cqm_llc cqm_occup_llc dtherm ida arat pln pts md_clear spec_ctrl intel_stibp flush_l1d
bogomips	: 4788.52
clflush size	: 64
cache_alignment	: 64
address sizes	: 46 bits physical, 48 bits virtual
power management:

processor	: 1
vendor_id	: GenuineIntel
cpu family	: 6
model		: 63
model name	: Intel(R) Xeon(R) CPU E5-2630 v3 @ 2.40GHz
stepping	: 2
microcode	: 0x43
cpu MHz		: 1874.267
cache size	: 20480 KB
physical id	: 0
siblings	: 16
core id		: 1
cpu cores	: 8
apicid		: 2
initial apicid	: 2
fpu		: yes
fpu_exception	: yes
cpuid level	: 15
wp		: yes
flags		: fpu vme de pse tsc msr pae mce cx8 apic sep mtrr pge mca cmov pat pse36 clflush dts acpi mmx fxsr sse sse2 ss ht tm pbe syscall nx pdpe1gb rdtscp lm constant_tsc arch_perfmon pebs bts rep_good nopl xtopology nonstop_tsc aperfmperf eagerfpu pni pclmulqdq dtes64 monitor ds_cpl vmx smx est tm2 ssse3 sdbg fma cx16 xtpr pdcm pcid dca sse4_1 sse4_2 x2apic movbe popcnt tsc_deadline_timer aes xsave avx f16c rdrand lahf_lm abm epb intel_ppin ssbd ibrs ibpb stibp tpr_shadow vnmi flexpriority ept vpid fsgsbase tsc_adjust bmi1 avx2 smep bmi2 erms invpcid cqm xsaveopt cqm_llc cqm_occup_llc dtherm ida arat pln pts md_clear spec_ctrl intel_stibp flush_l1d
bogomips	: 4788.52
clflush size	: 64
cache_alignment	: 64
address sizes	: 46 bits physical, 48 bits virtual
power management:

processor	: 2
vendor_id	: GenuineIntel
cpu family	: 6
model		: 63
model name	: Intel(R) Xeon(R) CPU E5-2630 v3 @ 2.40GHz
stepping	: 2
microcode	: 0x43
cpu MHz		: 2399.267
cache size	: 20480 KB
physical id	: 0
siblings	: 16
core id		: 2
cpu cores	: 8
apicid		: 4
initial apicid	: 4
fpu		: yes
fpu_exception	: yes
cpuid level	: 15
wp		: yes
flags		: fpu vme de pse tsc msr pae mce cx8 apic sep mtrr pge mca cmov pat pse36 clflush dts acpi mmx fxsr sse sse2 ss ht tm pbe syscall nx pdpe1gb rdtscp lm constant_tsc arch_perfmon pebs bts rep_good nopl xtopology nonstop_tsc aperfmperf eagerfpu pni pclmulqdq dtes64 monitor ds_cpl vmx smx est tm2 ssse3 sdbg fma cx16 xtpr pdcm pcid dca sse4_1 sse4_2 x2apic movbe popcnt tsc_deadline_timer aes xsave avx f16c rdrand lahf_lm abm epb intel_ppin ssbd ibrs ibpb stibp tpr_shadow vnmi flexpriority ept vpid fsgsbase tsc_adjust bmi1 avx2 smep bmi2 erms invpcid cqm xsaveopt cqm_llc cqm_occup_llc dtherm ida arat pln pts md_clear spec_ctrl intel_stibp flush_l1d
bogomips	: 4788.52
clflush size	: 64
cache_alignment	: 64
address sizes	: 46 bits physical, 48 bits virtual
power management:

processor	: 3
vendor_id	: GenuineIntel
cpu family	: 6
model		: 63
model name	: Intel(R) Xeon(R) CPU E5-2630 v3 @ 2.40GHz
stepping	: 2
microcode	: 0x43
cpu MHz		: 2399.853
cache size	: 20480 KB
physical id	: 0
siblings	: 16
core id		: 3
cpu cores	: 8
apicid		: 6
initial apicid	: 6
fpu		: yes
fpu_exception	: yes
cpuid level	: 15
wp		: yes
flags		: fpu vme de pse tsc msr pae mce cx8 apic sep mtrr pge mca cmov pat pse36 clflush dts acpi mmx fxsr sse sse2 ss ht tm pbe syscall nx pdpe1gb rdtscp lm constant_tsc arch_perfmon pebs bts rep_good nopl xtopology nonstop_tsc aperfmperf eagerfpu pni pclmulqdq dtes64 monitor ds_cpl vmx smx est tm2 ssse3 sdbg fma cx16 xtpr pdcm pcid dca sse4_1 sse4_2 x2apic movbe popcnt tsc_deadline_timer aes xsave avx f16c rdrand lahf_lm abm epb intel_ppin ssbd ibrs ibpb stibp tpr_shadow vnmi flexpriority ept vpid fsgsbase tsc_adjust bmi1 avx2 smep bmi2 erms invpcid cqm xsaveopt cqm_llc cqm_occup_llc dtherm ida arat pln pts md_clear spec_ctrl intel_stibp flush_l1d
bogomips	: 4788.52
clflush size	: 64
cache_alignment	: 64
address sizes	: 46 bits physical, 48 bits virtual
power management:

processor	: 4
vendor_id	: GenuineIntel
cpu family	: 6
model		: 63
model name	: Intel(R) Xeon(R) CPU E5-2630 v3 @ 2.40GHz
stepping	: 2
microcode	: 0x43
cpu MHz		: 1220.361
cache size	: 20480 KB
physical id	: 0
siblings	: 16
core id		: 4
cpu cores	: 8
apicid		: 8
initial apicid	: 8
fpu		: yes
fpu_exception	: yes
cpuid level	: 15
wp		: yes
flags		: fpu vme de pse tsc msr pae mce cx8 apic sep mtrr pge mca cmov pat pse36 clflush dts acpi mmx fxsr sse sse2 ss ht tm pbe syscall nx pdpe1gb rdtscp lm constant_tsc arch_perfmon pebs bts rep_good nopl xtopology nonstop_tsc aperfmperf eagerfpu pni pclmulqdq dtes64 monitor ds_cpl vmx smx est tm2 ssse3 sdbg fma cx16 xtpr pdcm pcid dca sse4_1 sse4_2 x2apic movbe popcnt tsc_deadline_timer aes xsave avx f16c rdrand lahf_lm abm epb intel_ppin ssbd ibrs ibpb stibp tpr_shadow vnmi flexpriority ept vpid fsgsbase tsc_adjust bmi1 avx2 smep bmi2 erms invpcid cqm xsaveopt cqm_llc cqm_occup_llc dtherm ida arat pln pts md_clear spec_ctrl intel_stibp flush_l1d
bogomips	: 4788.52
clflush size	: 64
cache_alignment	: 64
address sizes	: 46 bits physical, 48 bits virtual
power management:

processor	: 5
vendor_id	: GenuineIntel
cpu family	: 6
model		: 63
model name	: Intel(R) Xeon(R) CPU E5-2630 v3 @ 2.40GHz
stepping	: 2
microcode	: 0x43
cpu MHz		: 1341.210
cache size	: 20480 KB
physical id	: 0
siblings	: 16
core id		: 5
cpu cores	: 8
apicid		: 10
initial apicid	: 10
fpu		: yes
fpu_exception	: yes
cpuid level	: 15
wp		: yes
flags		: fpu vme de pse tsc msr pae mce cx8 apic sep mtrr pge mca cmov pat pse36 clflush dts acpi mmx fxsr sse sse2 ss ht tm pbe syscall nx pdpe1gb rdtscp lm constant_tsc arch_perfmon pebs bts rep_good nopl xtopology nonstop_tsc aperfmperf eagerfpu pni pclmulqdq dtes64 monitor ds_cpl vmx smx est tm2 ssse3 sdbg fma cx16 xtpr pdcm pcid dca sse4_1 sse4_2 x2apic movbe popcnt tsc_deadline_timer aes xsave avx f16c rdrand lahf_lm abm epb intel_ppin ssbd ibrs ibpb stibp tpr_shadow vnmi flexpriority ept vpid fsgsbase tsc_adjust bmi1 avx2 smep bmi2 erms invpcid cqm xsaveopt cqm_llc cqm_occup_llc dtherm ida arat pln pts md_clear spec_ctrl intel_stibp flush_l1d
bogomips	: 4788.52
clflush size	: 64
cache_alignment	: 64
address sizes	: 46 bits physical, 48 bits virtual
power management:

processor	: 6
vendor_id	: GenuineIntel
cpu family	: 6
model		: 63
model name	: Intel(R) Xeon(R) CPU E5-2630 v3 @ 2.40GHz
stepping	: 2
microcode	: 0x43
cpu MHz		: 1199.853
cache size	: 20480 KB
physical id	: 0
siblings	: 16
core id		: 6
cpu cores	: 8
apicid		: 12
initial apicid	: 12
fpu		: yes
fpu_exception	: yes
cpuid level	: 15
wp		: yes
flags		: fpu vme de pse tsc msr pae mce cx8 apic sep mtrr pge mca cmov pat pse36 clflush dts acpi mmx fxsr sse sse2 ss ht tm pbe syscall nx pdpe1gb rdtscp lm constant_tsc arch_perfmon pebs bts rep_good nopl xtopology nonstop_tsc aperfmperf eagerfpu pni pclmulqdq dtes64 monitor ds_cpl vmx smx est tm2 ssse3 sdbg fma cx16 xtpr pdcm pcid dca sse4_1 sse4_2 x2apic movbe popcnt tsc_deadline_timer aes xsave avx f16c rdrand lahf_lm abm epb intel_ppin ssbd ibrs ibpb stibp tpr_shadow vnmi flexpriority ept vpid fsgsbase tsc_adjust bmi1 avx2 smep bmi2 erms invpcid cqm xsaveopt cqm_llc cqm_occup_llc dtherm ida arat pln pts md_clear spec_ctrl intel_stibp flush_l1d
bogomips	: 4788.52
clflush size	: 64
cache_alignment	: 64
address sizes	: 46 bits physical, 48 bits virtual
power management:

processor	: 7
vendor_id	: GenuineIntel
cpu family	: 6
model		: 63
model name	: Intel(R) Xeon(R) CPU E5-2630 v3 @ 2.40GHz
stepping	: 2
microcode	: 0x43
cpu MHz		: 1269.873
cache size	: 20480 KB
physical id	: 0
siblings	: 16
core id		: 7
cpu cores	: 8
apicid		: 14
initial apicid	: 14
fpu		: yes
fpu_exception	: yes
cpuid level	: 15
wp		: yes
flags		: fpu vme de pse tsc msr pae mce cx8 apic sep mtrr pge mca cmov pat pse36 clflush dts acpi mmx fxsr sse sse2 ss ht tm pbe syscall nx pdpe1gb rdtscp lm constant_tsc arch_perfmon pebs bts rep_good nopl xtopology nonstop_tsc aperfmperf eagerfpu pni pclmulqdq dtes64 monitor ds_cpl vmx smx est tm2 ssse3 sdbg fma cx16 xtpr pdcm pcid dca sse4_1 sse4_2 x2apic movbe popcnt tsc_deadline_timer aes xsave avx f16c rdrand lahf_lm abm epb intel_ppin ssbd ibrs ibpb stibp tpr_shadow vnmi flexpriority ept vpid fsgsbase tsc_adjust bmi1 avx2 smep bmi2 erms invpcid cqm xsaveopt cqm_llc cqm_occup_llc dtherm ida arat pln pts md_clear spec_ctrl intel_stibp flush_l1d
bogomips	: 4788.52
clflush size	: 64
cache_alignment	: 64
address sizes	: 46 bits physical, 48 bits virtual
power management:

processor	: 8
vendor_id	: GenuineIntel
cpu family	: 6
model		: 63
model name	: Intel(R) Xeon(R) CPU E5-2630 v3 @ 2.40GHz
stepping	: 2
microcode	: 0x43
cpu MHz		: 2401.025
cache size	: 20480 KB
physical id	: 1
siblings	: 16
core id		: 0
cpu cores	: 8
apicid		: 16
initial apicid	: 16
fpu		: yes
fpu_exception	: yes
cpuid level	: 15
wp		: yes
flags		: fpu vme de pse tsc msr pae mce cx8 apic sep mtrr pge mca cmov pat pse36 clflush dts acpi mmx fxsr sse sse2 ss ht tm pbe syscall nx pdpe1gb rdtscp lm constant_tsc arch_perfmon pebs bts rep_good nopl xtopology nonstop_tsc aperfmperf eagerfpu pni pclmulqdq dtes64 monitor ds_cpl vmx smx est tm2 ssse3 sdbg fma cx16 xtpr pdcm pcid dca sse4_1 sse4_2 x2apic movbe popcnt tsc_deadline_timer aes xsave avx f16c rdrand lahf_lm abm epb intel_ppin ssbd ibrs ibpb stibp tpr_shadow vnmi flexpriority ept vpid fsgsbase tsc_adjust bmi1 avx2 smep bmi2 erms invpcid cqm xsaveopt cqm_llc cqm_occup_llc dtherm ida arat pln pts md_clear spec_ctrl intel_stibp flush_l1d
bogomips	: 4794.04
clflush size	: 64
cache_alignment	: 64
address sizes	: 46 bits physical, 48 bits virtual
power management:

processor	: 9
vendor_id	: GenuineIntel
cpu family	: 6
model		: 63
model name	: Intel(R) Xeon(R) CPU E5-2630 v3 @ 2.40GHz
stepping	: 2
microcode	: 0x43
cpu MHz		: 1329.785
cache size	: 20480 KB
physical id	: 1
siblings	: 16
core id		: 1
cpu cores	: 8
apicid		: 18
initial apicid	: 18
fpu		: yes
fpu_exception	: yes
cpuid level	: 15
wp		: yes
flags		: fpu vme de pse tsc msr pae mce cx8 apic sep mtrr pge mca cmov pat pse36 clflush dts acpi mmx fxsr sse sse2 ss ht tm pbe syscall nx pdpe1gb rdtscp lm constant_tsc arch_perfmon pebs bts rep_good nopl xtopology nonstop_tsc aperfmperf eagerfpu pni pclmulqdq dtes64 monitor ds_cpl vmx smx est tm2 ssse3 sdbg fma cx16 xtpr pdcm pcid dca sse4_1 sse4_2 x2apic movbe popcnt tsc_deadline_timer aes xsave avx f16c rdrand lahf_lm abm epb intel_ppin ssbd ibrs ibpb stibp tpr_shadow vnmi flexpriority ept vpid fsgsbase tsc_adjust bmi1 avx2 smep bmi2 erms invpcid cqm xsaveopt cqm_llc cqm_occup_llc dtherm ida arat pln pts md_clear spec_ctrl intel_stibp flush_l1d
bogomips	: 4794.04
clflush size	: 64
cache_alignment	: 64
address sizes	: 46 bits physical, 48 bits virtual
power management:

processor	: 10
vendor_id	: GenuineIntel
cpu family	: 6
model		: 63
model name	: Intel(R) Xeon(R) CPU E5-2630 v3 @ 2.40GHz
stepping	: 2
microcode	: 0x43
cpu MHz		: 1692.773
cache size	: 20480 KB
physical id	: 1
siblings	: 16
core id		: 2
cpu cores	: 8
apicid		: 20
initial apicid	: 20
fpu		: yes
fpu_exception	: yes
cpuid level	: 15
wp		: yes
flags		: fpu vme de pse tsc msr pae mce cx8 apic sep mtrr pge mca cmov pat pse36 clflush dts acpi mmx fxsr sse sse2 ss ht tm pbe syscall nx pdpe1gb rdtscp lm constant_tsc arch_perfmon pebs bts rep_good nopl xtopology nonstop_tsc aperfmperf eagerfpu pni pclmulqdq dtes64 monitor ds_cpl vmx smx est tm2 ssse3 sdbg fma cx16 xtpr pdcm pcid dca sse4_1 sse4_2 x2apic movbe popcnt tsc_deadline_timer aes xsave avx f16c rdrand lahf_lm abm epb intel_ppin ssbd ibrs ibpb stibp tpr_shadow vnmi flexpriority ept vpid fsgsbase tsc_adjust bmi1 avx2 smep bmi2 erms invpcid cqm xsaveopt cqm_llc cqm_occup_llc dtherm ida arat pln pts md_clear spec_ctrl intel_stibp flush_l1d
bogomips	: 4794.04
clflush size	: 64
cache_alignment	: 64
address sizes	: 46 bits physical, 48 bits virtual
power management:

processor	: 11
vendor_id	: GenuineIntel
cpu family	: 6
model		: 63
model name	: Intel(R) Xeon(R) CPU E5-2630 v3 @ 2.40GHz
stepping	: 2
microcode	: 0x43
cpu MHz		: 1200.292
cache size	: 20480 KB
physical id	: 1
siblings	: 16
core id		: 3
cpu cores	: 8
apicid		: 22
initial apicid	: 22
fpu		: yes
fpu_exception	: yes
cpuid level	: 15
wp		: yes
flags		: fpu vme de pse tsc msr pae mce cx8 apic sep mtrr pge mca cmov pat pse36 clflush dts acpi mmx fxsr sse sse2 ss ht tm pbe syscall nx pdpe1gb rdtscp lm constant_tsc arch_perfmon pebs bts rep_good nopl xtopology nonstop_tsc aperfmperf eagerfpu pni pclmulqdq dtes64 monitor ds_cpl vmx smx est tm2 ssse3 sdbg fma cx16 xtpr pdcm pcid dca sse4_1 sse4_2 x2apic movbe popcnt tsc_deadline_timer aes xsave avx f16c rdrand lahf_lm abm epb intel_ppin ssbd ibrs ibpb stibp tpr_shadow vnmi flexpriority ept vpid fsgsbase tsc_adjust bmi1 avx2 smep bmi2 erms invpcid cqm xsaveopt cqm_llc cqm_occup_llc dtherm ida arat pln pts md_clear spec_ctrl intel_stibp flush_l1d
bogomips	: 4794.04
clflush size	: 64
cache_alignment	: 64
address sizes	: 46 bits physical, 48 bits virtual
power management:

processor	: 12
vendor_id	: GenuineIntel
cpu family	: 6
model		: 63
model name	: Intel(R) Xeon(R) CPU E5-2630 v3 @ 2.40GHz
stepping	: 2
microcode	: 0x43
cpu MHz		: 1200.000
cache size	: 20480 KB
physical id	: 1
siblings	: 16
core id		: 4
cpu cores	: 8
apicid		: 24
initial apicid	: 24
fpu		: yes
fpu_exception	: yes
cpuid level	: 15
wp		: yes
flags		: fpu vme de pse tsc msr pae mce cx8 apic sep mtrr pge mca cmov pat pse36 clflush dts acpi mmx fxsr sse sse2 ss ht tm pbe syscall nx pdpe1gb rdtscp lm constant_tsc arch_perfmon pebs bts rep_good nopl xtopology nonstop_tsc aperfmperf eagerfpu pni pclmulqdq dtes64 monitor ds_cpl vmx smx est tm2 ssse3 sdbg fma cx16 xtpr pdcm pcid dca sse4_1 sse4_2 x2apic movbe popcnt tsc_deadline_timer aes xsave avx f16c rdrand lahf_lm abm epb intel_ppin ssbd ibrs ibpb stibp tpr_shadow vnmi flexpriority ept vpid fsgsbase tsc_adjust bmi1 avx2 smep bmi2 erms invpcid cqm xsaveopt cqm_llc cqm_occup_llc dtherm ida arat pln pts md_clear spec_ctrl intel_stibp flush_l1d
bogomips	: 4794.04
clflush size	: 64
cache_alignment	: 64
address sizes	: 46 bits physical, 48 bits virtual
power management:

processor	: 13
vendor_id	: GenuineIntel
cpu family	: 6
model		: 63
model name	: Intel(R) Xeon(R) CPU E5-2630 v3 @ 2.40GHz
stepping	: 2
microcode	: 0x43
cpu MHz		: 1265.771
cache size	: 20480 KB
physical id	: 1
siblings	: 16
core id		: 5
cpu cores	: 8
apicid		: 26
initial apicid	: 26
fpu		: yes
fpu_exception	: yes
cpuid level	: 15
wp		: yes
flags		: fpu vme de pse tsc msr pae mce cx8 apic sep mtrr pge mca cmov pat pse36 clflush dts acpi mmx fxsr sse sse2 ss ht tm pbe syscall nx pdpe1gb rdtscp lm constant_tsc arch_perfmon pebs bts rep_good nopl xtopology nonstop_tsc aperfmperf eagerfpu pni pclmulqdq dtes64 monitor ds_cpl vmx smx est tm2 ssse3 sdbg fma cx16 xtpr pdcm pcid dca sse4_1 sse4_2 x2apic movbe popcnt tsc_deadline_timer aes xsave avx f16c rdrand lahf_lm abm epb intel_ppin ssbd ibrs ibpb stibp tpr_shadow vnmi flexpriority ept vpid fsgsbase tsc_adjust bmi1 avx2 smep bmi2 erms invpcid cqm xsaveopt cqm_llc cqm_occup_llc dtherm ida arat pln pts md_clear spec_ctrl intel_stibp flush_l1d
bogomips	: 4794.04
clflush size	: 64
cache_alignment	: 64
address sizes	: 46 bits physical, 48 bits virtual
power management:

processor	: 14
vendor_id	: GenuineIntel
cpu family	: 6
model		: 63
model name	: Intel(R) Xeon(R) CPU E5-2630 v3 @ 2.40GHz
stepping	: 2
microcode	: 0x43
cpu MHz		: 1200.000
cache size	: 20480 KB
physical id	: 1
siblings	: 16
core id		: 6
cpu cores	: 8
apicid		: 28
initial apicid	: 28
fpu		: yes
fpu_exception	: yes
cpuid level	: 15
wp		: yes
flags		: fpu vme de pse tsc msr pae mce cx8 apic sep mtrr pge mca cmov pat pse36 clflush dts acpi mmx fxsr sse sse2 ss ht tm pbe syscall nx pdpe1gb rdtscp lm constant_tsc arch_perfmon pebs bts rep_good nopl xtopology nonstop_tsc aperfmperf eagerfpu pni pclmulqdq dtes64 monitor ds_cpl vmx smx est tm2 ssse3 sdbg fma cx16 xtpr pdcm pcid dca sse4_1 sse4_2 x2apic movbe popcnt tsc_deadline_timer aes xsave avx f16c rdrand lahf_lm abm epb intel_ppin ssbd ibrs ibpb stibp tpr_shadow vnmi flexpriority ept vpid fsgsbase tsc_adjust bmi1 avx2 smep bmi2 erms invpcid cqm xsaveopt cqm_llc cqm_occup_llc dtherm ida arat pln pts md_clear spec_ctrl intel_stibp flush_l1d
bogomips	: 4794.04
clflush size	: 64
cache_alignment	: 64
address sizes	: 46 bits physical, 48 bits virtual
power management:

processor	: 15
vendor_id	: GenuineIntel
cpu family	: 6
model		: 63
model name	: Intel(R) Xeon(R) CPU E5-2630 v3 @ 2.40GHz
stepping	: 2
microcode	: 0x43
cpu MHz		: 1199.853
cache size	: 20480 KB
physical id	: 1
siblings	: 16
core id		: 7
cpu cores	: 8
apicid		: 30
initial apicid	: 30
fpu		: yes
fpu_exception	: yes
cpuid level	: 15
wp		: yes
flags		: fpu vme de pse tsc msr pae mce cx8 apic sep mtrr pge mca cmov pat pse36 clflush dts acpi mmx fxsr sse sse2 ss ht tm pbe syscall nx pdpe1gb rdtscp lm constant_tsc arch_perfmon pebs bts rep_good nopl xtopology nonstop_tsc aperfmperf eagerfpu pni pclmulqdq dtes64 monitor ds_cpl vmx smx est tm2 ssse3 sdbg fma cx16 xtpr pdcm pcid dca sse4_1 sse4_2 x2apic movbe popcnt tsc_deadline_timer aes xsave avx f16c rdrand lahf_lm abm epb intel_ppin ssbd ibrs ibpb stibp tpr_shadow vnmi flexpriority ept vpid fsgsbase tsc_adjust bmi1 avx2 smep bmi2 erms invpcid cqm xsaveopt cqm_llc cqm_occup_llc dtherm ida arat pln pts md_clear spec_ctrl intel_stibp flush_l1d
bogomips	: 4794.04
clflush size	: 64
cache_alignment	: 64
address sizes	: 46 bits physical, 48 bits virtual
power management:

processor	: 16
vendor_id	: GenuineIntel
cpu family	: 6
model		: 63
model name	: Intel(R) Xeon(R) CPU E5-2630 v3 @ 2.40GHz
stepping	: 2
microcode	: 0x43
cpu MHz		: 1867.529
cache size	: 20480 KB
physical id	: 0
siblings	: 16
core id		: 0
cpu cores	: 8
apicid		: 1
initial apicid	: 1
fpu		: yes
fpu_exception	: yes
cpuid level	: 15
wp		: yes
flags		: fpu vme de pse tsc msr pae mce cx8 apic sep mtrr pge mca cmov pat pse36 clflush dts acpi mmx fxsr sse sse2 ss ht tm pbe syscall nx pdpe1gb rdtscp lm constant_tsc arch_perfmon pebs bts rep_good nopl xtopology nonstop_tsc aperfmperf eagerfpu pni pclmulqdq dtes64 monitor ds_cpl vmx smx est tm2 ssse3 sdbg fma cx16 xtpr pdcm pcid dca sse4_1 sse4_2 x2apic movbe popcnt tsc_deadline_timer aes xsave avx f16c rdrand lahf_lm abm epb intel_ppin ssbd ibrs ibpb stibp tpr_shadow vnmi flexpriority ept vpid fsgsbase tsc_adjust bmi1 avx2 smep bmi2 erms invpcid cqm xsaveopt cqm_llc cqm_occup_llc dtherm ida arat pln pts md_clear spec_ctrl intel_stibp flush_l1d
bogomips	: 4788.52
clflush size	: 64
cache_alignment	: 64
address sizes	: 46 bits physical, 48 bits virtual
power management:

processor	: 17
vendor_id	: GenuineIntel
cpu family	: 6
model		: 63
model name	: Intel(R) Xeon(R) CPU E5-2630 v3 @ 2.40GHz
stepping	: 2
microcode	: 0x43
cpu MHz		: 1927.148
cache size	: 20480 KB
physical id	: 0
siblings	: 16
core id		: 1
cpu cores	: 8
apicid		: 3
initial apicid	: 3
fpu		: yes
fpu_exception	: yes
cpuid level	: 15
wp		: yes
flags		: fpu vme de pse tsc msr pae mce cx8 apic sep mtrr pge mca cmov pat pse36 clflush dts acpi mmx fxsr sse sse2 ss ht tm pbe syscall nx pdpe1gb rdtscp lm constant_tsc arch_perfmon pebs bts rep_good nopl xtopology nonstop_tsc aperfmperf eagerfpu pni pclmulqdq dtes64 monitor ds_cpl vmx smx est tm2 ssse3 sdbg fma cx16 xtpr pdcm pcid dca sse4_1 sse4_2 x2apic movbe popcnt tsc_deadline_timer aes xsave avx f16c rdrand lahf_lm abm epb intel_ppin ssbd ibrs ibpb stibp tpr_shadow vnmi flexpriority ept vpid fsgsbase tsc_adjust bmi1 avx2 smep bmi2 erms invpcid cqm xsaveopt cqm_llc cqm_occup_llc dtherm ida arat pln pts md_clear spec_ctrl intel_stibp flush_l1d
bogomips	: 4788.52
clflush size	: 64
cache_alignment	: 64
address sizes	: 46 bits physical, 48 bits virtual
power management:

processor	: 18
vendor_id	: GenuineIntel
cpu family	: 6
model		: 63
model name	: Intel(R) Xeon(R) CPU E5-2630 v3 @ 2.40GHz
stepping	: 2
microcode	: 0x43
cpu MHz		: 2399.853
cache size	: 20480 KB
physical id	: 0
siblings	: 16
core id		: 2
cpu cores	: 8
apicid		: 5
initial apicid	: 5
fpu		: yes
fpu_exception	: yes
cpuid level	: 15
wp		: yes
flags		: fpu vme de pse tsc msr pae mce cx8 apic sep mtrr pge mca cmov pat pse36 clflush dts acpi mmx fxsr sse sse2 ss ht tm pbe syscall nx pdpe1gb rdtscp lm constant_tsc arch_perfmon pebs bts rep_good nopl xtopology nonstop_tsc aperfmperf eagerfpu pni pclmulqdq dtes64 monitor ds_cpl vmx smx est tm2 ssse3 sdbg fma cx16 xtpr pdcm pcid dca sse4_1 sse4_2 x2apic movbe popcnt tsc_deadline_timer aes xsave avx f16c rdrand lahf_lm abm epb intel_ppin ssbd ibrs ibpb stibp tpr_shadow vnmi flexpriority ept vpid fsgsbase tsc_adjust bmi1 avx2 smep bmi2 erms invpcid cqm xsaveopt cqm_llc cqm_occup_llc dtherm ida arat pln pts md_clear spec_ctrl intel_stibp flush_l1d
bogomips	: 4788.52
clflush size	: 64
cache_alignment	: 64
address sizes	: 46 bits physical, 48 bits virtual
power management:

processor	: 19
vendor_id	: GenuineIntel
cpu family	: 6
model		: 63
model name	: Intel(R) Xeon(R) CPU E5-2630 v3 @ 2.40GHz
stepping	: 2
microcode	: 0x43
cpu MHz		: 2399.853
cache size	: 20480 KB
physical id	: 0
siblings	: 16
core id		: 3
cpu cores	: 8
apicid		: 7
initial apicid	: 7
fpu		: yes
fpu_exception	: yes
cpuid level	: 15
wp		: yes
flags		: fpu vme de pse tsc msr pae mce cx8 apic sep mtrr pge mca cmov pat pse36 clflush dts acpi mmx fxsr sse sse2 ss ht tm pbe syscall nx pdpe1gb rdtscp lm constant_tsc arch_perfmon pebs bts rep_good nopl xtopology nonstop_tsc aperfmperf eagerfpu pni pclmulqdq dtes64 monitor ds_cpl vmx smx est tm2 ssse3 sdbg fma cx16 xtpr pdcm pcid dca sse4_1 sse4_2 x2apic movbe popcnt tsc_deadline_timer aes xsave avx f16c rdrand lahf_lm abm epb intel_ppin ssbd ibrs ibpb stibp tpr_shadow vnmi flexpriority ept vpid fsgsbase tsc_adjust bmi1 avx2 smep bmi2 erms invpcid cqm xsaveopt cqm_llc cqm_occup_llc dtherm ida arat pln pts md_clear spec_ctrl intel_stibp flush_l1d
bogomips	: 4788.52
clflush size	: 64
cache_alignment	: 64
address sizes	: 46 bits physical, 48 bits virtual
power management:

processor	: 20
vendor_id	: GenuineIntel
cpu family	: 6
model		: 63
model name	: Intel(R) Xeon(R) CPU E5-2630 v3 @ 2.40GHz
stepping	: 2
microcode	: 0x43
cpu MHz		: 1317.919
cache size	: 20480 KB
physical id	: 0
siblings	: 16
core id		: 4
cpu cores	: 8
apicid		: 9
initial apicid	: 9
fpu		: yes
fpu_exception	: yes
cpuid level	: 15
wp		: yes
flags		: fpu vme de pse tsc msr pae mce cx8 apic sep mtrr pge mca cmov pat pse36 clflush dts acpi mmx fxsr sse sse2 ss ht tm pbe syscall nx pdpe1gb rdtscp lm constant_tsc arch_perfmon pebs bts rep_good nopl xtopology nonstop_tsc aperfmperf eagerfpu pni pclmulqdq dtes64 monitor ds_cpl vmx smx est tm2 ssse3 sdbg fma cx16 xtpr pdcm pcid dca sse4_1 sse4_2 x2apic movbe popcnt tsc_deadline_timer aes xsave avx f16c rdrand lahf_lm abm epb intel_ppin ssbd ibrs ibpb stibp tpr_shadow vnmi flexpriority ept vpid fsgsbase tsc_adjust bmi1 avx2 smep bmi2 erms invpcid cqm xsaveopt cqm_llc cqm_occup_llc dtherm ida arat pln pts md_clear spec_ctrl intel_stibp flush_l1d
bogomips	: 4788.52
clflush size	: 64
cache_alignment	: 64
address sizes	: 46 bits physical, 48 bits virtual
power management:

processor	: 21
vendor_id	: GenuineIntel
cpu family	: 6
model		: 63
model name	: Intel(R) Xeon(R) CPU E5-2630 v3 @ 2.40GHz
stepping	: 2
microcode	: 0x43
cpu MHz		: 1206.152
cache size	: 20480 KB
physical id	: 0
siblings	: 16
core id		: 5
cpu cores	: 8
apicid		: 11
initial apicid	: 11
fpu		: yes
fpu_exception	: yes
cpuid level	: 15
wp		: yes
flags		: fpu vme de pse tsc msr pae mce cx8 apic sep mtrr pge mca cmov pat pse36 clflush dts acpi mmx fxsr sse sse2 ss ht tm pbe syscall nx pdpe1gb rdtscp lm constant_tsc arch_perfmon pebs bts rep_good nopl xtopology nonstop_tsc aperfmperf eagerfpu pni pclmulqdq dtes64 monitor ds_cpl vmx smx est tm2 ssse3 sdbg fma cx16 xtpr pdcm pcid dca sse4_1 sse4_2 x2apic movbe popcnt tsc_deadline_timer aes xsave avx f16c rdrand lahf_lm abm epb intel_ppin ssbd ibrs ibpb stibp tpr_shadow vnmi flexpriority ept vpid fsgsbase tsc_adjust bmi1 avx2 smep bmi2 erms invpcid cqm xsaveopt cqm_llc cqm_occup_llc dtherm ida arat pln pts md_clear spec_ctrl intel_stibp flush_l1d
bogomips	: 4788.52
clflush size	: 64
cache_alignment	: 64
address sizes	: 46 bits physical, 48 bits virtual
power management:

processor	: 22
vendor_id	: GenuineIntel
cpu family	: 6
model		: 63
model name	: Intel(R) Xeon(R) CPU E5-2630 v3 @ 2.40GHz
stepping	: 2
microcode	: 0x43
cpu MHz		: 1222.119
cache size	: 20480 KB
physical id	: 0
siblings	: 16
core id		: 6
cpu cores	: 8
apicid		: 13
initial apicid	: 13
fpu		: yes
fpu_exception	: yes
cpuid level	: 15
wp		: yes
flags		: fpu vme de pse tsc msr pae mce cx8 apic sep mtrr pge mca cmov pat pse36 clflush dts acpi mmx fxsr sse sse2 ss ht tm pbe syscall nx pdpe1gb rdtscp lm constant_tsc arch_perfmon pebs bts rep_good nopl xtopology nonstop_tsc aperfmperf eagerfpu pni pclmulqdq dtes64 monitor ds_cpl vmx smx est tm2 ssse3 sdbg fma cx16 xtpr pdcm pcid dca sse4_1 sse4_2 x2apic movbe popcnt tsc_deadline_timer aes xsave avx f16c rdrand lahf_lm abm epb intel_ppin ssbd ibrs ibpb stibp tpr_shadow vnmi flexpriority ept vpid fsgsbase tsc_adjust bmi1 avx2 smep bmi2 erms invpcid cqm xsaveopt cqm_llc cqm_occup_llc dtherm ida arat pln pts md_clear spec_ctrl intel_stibp flush_l1d
bogomips	: 4788.52
clflush size	: 64
cache_alignment	: 64
address sizes	: 46 bits physical, 48 bits virtual
power management:

processor	: 23
vendor_id	: GenuineIntel
cpu family	: 6
model		: 63
model name	: Intel(R) Xeon(R) CPU E5-2630 v3 @ 2.40GHz
stepping	: 2
microcode	: 0x43
cpu MHz		: 1314.990
cache size	: 20480 KB
physical id	: 0
siblings	: 16
core id		: 7
cpu cores	: 8
apicid		: 15
initial apicid	: 15
fpu		: yes
fpu_exception	: yes
cpuid level	: 15
wp		: yes
flags		: fpu vme de pse tsc msr pae mce cx8 apic sep mtrr pge mca cmov pat pse36 clflush dts acpi mmx fxsr sse sse2 ss ht tm pbe syscall nx pdpe1gb rdtscp lm constant_tsc arch_perfmon pebs bts rep_good nopl xtopology nonstop_tsc aperfmperf eagerfpu pni pclmulqdq dtes64 monitor ds_cpl vmx smx est tm2 ssse3 sdbg fma cx16 xtpr pdcm pcid dca sse4_1 sse4_2 x2apic movbe popcnt tsc_deadline_timer aes xsave avx f16c rdrand lahf_lm abm epb intel_ppin ssbd ibrs ibpb stibp tpr_shadow vnmi flexpriority ept vpid fsgsbase tsc_adjust bmi1 avx2 smep bmi2 erms invpcid cqm xsaveopt cqm_llc cqm_occup_llc dtherm ida arat pln pts md_clear spec_ctrl intel_stibp flush_l1d
bogomips	: 4788.52
clflush size	: 64
cache_alignment	: 64
address sizes	: 46 bits physical, 48 bits virtual
power management:

processor	: 24
vendor_id	: GenuineIntel
cpu family	: 6
model		: 63
model name	: Intel(R) Xeon(R) CPU E5-2630 v3 @ 2.40GHz
stepping	: 2
microcode	: 0x43
cpu MHz		: 2981.835
cache size	: 20480 KB
physical id	: 1
siblings	: 16
core id		: 0
cpu cores	: 8
apicid		: 17
initial apicid	: 17
fpu		: yes
fpu_exception	: yes
cpuid level	: 15
wp		: yes
flags		: fpu vme de pse tsc msr pae mce cx8 apic sep mtrr pge mca cmov pat pse36 clflush dts acpi mmx fxsr sse sse2 ss ht tm pbe syscall nx pdpe1gb rdtscp lm constant_tsc arch_perfmon pebs bts rep_good nopl xtopology nonstop_tsc aperfmperf eagerfpu pni pclmulqdq dtes64 monitor ds_cpl vmx smx est tm2 ssse3 sdbg fma cx16 xtpr pdcm pcid dca sse4_1 sse4_2 x2apic movbe popcnt tsc_deadline_timer aes xsave avx f16c rdrand lahf_lm abm epb intel_ppin ssbd ibrs ibpb stibp tpr_shadow vnmi flexpriority ept vpid fsgsbase tsc_adjust bmi1 avx2 smep bmi2 erms invpcid cqm xsaveopt cqm_llc cqm_occup_llc dtherm ida arat pln pts md_clear spec_ctrl intel_stibp flush_l1d
bogomips	: 4794.04
clflush size	: 64
cache_alignment	: 64
address sizes	: 46 bits physical, 48 bits virtual
power management:

processor	: 25
vendor_id	: GenuineIntel
cpu family	: 6
model		: 63
model name	: Intel(R) Xeon(R) CPU E5-2630 v3 @ 2.40GHz
stepping	: 2
microcode	: 0x43
cpu MHz		: 1294.775
cache size	: 20480 KB
physical id	: 1
siblings	: 16
core id		: 1
cpu cores	: 8
apicid		: 19
initial apicid	: 19
fpu		: yes
fpu_exception	: yes
cpuid level	: 15
wp		: yes
flags		: fpu vme de pse tsc msr pae mce cx8 apic sep mtrr pge mca cmov pat pse36 clflush dts acpi mmx fxsr sse sse2 ss ht tm pbe syscall nx pdpe1gb rdtscp lm constant_tsc arch_perfmon pebs bts rep_good nopl xtopology nonstop_tsc aperfmperf eagerfpu pni pclmulqdq dtes64 monitor ds_cpl vmx smx est tm2 ssse3 sdbg fma cx16 xtpr pdcm pcid dca sse4_1 sse4_2 x2apic movbe popcnt tsc_deadline_timer aes xsave avx f16c rdrand lahf_lm abm epb intel_ppin ssbd ibrs ibpb stibp tpr_shadow vnmi flexpriority ept vpid fsgsbase tsc_adjust bmi1 avx2 smep bmi2 erms invpcid cqm xsaveopt cqm_llc cqm_occup_llc dtherm ida arat pln pts md_clear spec_ctrl intel_stibp flush_l1d
bogomips	: 4794.04
clflush size	: 64
cache_alignment	: 64
address sizes	: 46 bits physical, 48 bits virtual
power management:

processor	: 26
vendor_id	: GenuineIntel
cpu family	: 6
model		: 63
model name	: Intel(R) Xeon(R) CPU E5-2630 v3 @ 2.40GHz
stepping	: 2
microcode	: 0x43
cpu MHz		: 1795.458
cache size	: 20480 KB
physical id	: 1
siblings	: 16
core id		: 2
cpu cores	: 8
apicid		: 21
initial apicid	: 21
fpu		: yes
fpu_exception	: yes
cpuid level	: 15
wp		: yes
flags		: fpu vme de pse tsc msr pae mce cx8 apic sep mtrr pge mca cmov pat pse36 clflush dts acpi mmx fxsr sse sse2 ss ht tm pbe syscall nx pdpe1gb rdtscp lm constant_tsc arch_perfmon pebs bts rep_good nopl xtopology nonstop_tsc aperfmperf eagerfpu pni pclmulqdq dtes64 monitor ds_cpl vmx smx est tm2 ssse3 sdbg fma cx16 xtpr pdcm pcid dca sse4_1 sse4_2 x2apic movbe popcnt tsc_deadline_timer aes xsave avx f16c rdrand lahf_lm abm epb intel_ppin ssbd ibrs ibpb stibp tpr_shadow vnmi flexpriority ept vpid fsgsbase tsc_adjust bmi1 avx2 smep bmi2 erms invpcid cqm xsaveopt cqm_llc cqm_occup_llc dtherm ida arat pln pts md_clear spec_ctrl intel_stibp flush_l1d
bogomips	: 4794.04
clflush size	: 64
cache_alignment	: 64
address sizes	: 46 bits physical, 48 bits virtual
power management:

processor	: 27
vendor_id	: GenuineIntel
cpu family	: 6
model		: 63
model name	: Intel(R) Xeon(R) CPU E5-2630 v3 @ 2.40GHz
stepping	: 2
microcode	: 0x43
cpu MHz		: 1200.000
cache size	: 20480 KB
physical id	: 1
siblings	: 16
core id		: 3
cpu cores	: 8
apicid		: 23
initial apicid	: 23
fpu		: yes
fpu_exception	: yes
cpuid level	: 15
wp		: yes
flags		: fpu vme de pse tsc msr pae mce cx8 apic sep mtrr pge mca cmov pat pse36 clflush dts acpi mmx fxsr sse sse2 ss ht tm pbe syscall nx pdpe1gb rdtscp lm constant_tsc arch_perfmon pebs bts rep_good nopl xtopology nonstop_tsc aperfmperf eagerfpu pni pclmulqdq dtes64 monitor ds_cpl vmx smx est tm2 ssse3 sdbg fma cx16 xtpr pdcm pcid dca sse4_1 sse4_2 x2apic movbe popcnt tsc_deadline_timer aes xsave avx f16c rdrand lahf_lm abm epb intel_ppin ssbd ibrs ibpb stibp tpr_shadow vnmi flexpriority ept vpid fsgsbase tsc_adjust bmi1 avx2 smep bmi2 erms invpcid cqm xsaveopt cqm_llc cqm_occup_llc dtherm ida arat pln pts md_clear spec_ctrl intel_stibp flush_l1d
bogomips	: 4794.04
clflush size	: 64
cache_alignment	: 64
address sizes	: 46 bits physical, 48 bits virtual
power management:

processor	: 28
vendor_id	: GenuineIntel
cpu family	: 6
model		: 63
model name	: Intel(R) Xeon(R) CPU E5-2630 v3 @ 2.40GHz
stepping	: 2
microcode	: 0x43
cpu MHz		: 1200.000
cache size	: 20480 KB
physical id	: 1
siblings	: 16
core id		: 4
cpu cores	: 8
apicid		: 25
initial apicid	: 25
fpu		: yes
fpu_exception	: yes
cpuid level	: 15
wp		: yes
flags		: fpu vme de pse tsc msr pae mce cx8 apic sep mtrr pge mca cmov pat pse36 clflush dts acpi mmx fxsr sse sse2 ss ht tm pbe syscall nx pdpe1gb rdtscp lm constant_tsc arch_perfmon pebs bts rep_good nopl xtopology nonstop_tsc aperfmperf eagerfpu pni pclmulqdq dtes64 monitor ds_cpl vmx smx est tm2 ssse3 sdbg fma cx16 xtpr pdcm pcid dca sse4_1 sse4_2 x2apic movbe popcnt tsc_deadline_timer aes xsave avx f16c rdrand lahf_lm abm epb intel_ppin ssbd ibrs ibpb stibp tpr_shadow vnmi flexpriority ept vpid fsgsbase tsc_adjust bmi1 avx2 smep bmi2 erms invpcid cqm xsaveopt cqm_llc cqm_occup_llc dtherm ida arat pln pts md_clear spec_ctrl intel_stibp flush_l1d
bogomips	: 4794.04
clflush size	: 64
cache_alignment	: 64
address sizes	: 46 bits physical, 48 bits virtual
power management:

processor	: 29
vendor_id	: GenuineIntel
cpu family	: 6
model		: 63
model name	: Intel(R) Xeon(R) CPU E5-2630 v3 @ 2.40GHz
stepping	: 2
microcode	: 0x43
cpu MHz		: 1391.308
cache size	: 20480 KB
physical id	: 1
siblings	: 16
core id		: 5
cpu cores	: 8
apicid		: 27
initial apicid	: 27
fpu		: yes
fpu_exception	: yes
cpuid level	: 15
wp		: yes
flags		: fpu vme de pse tsc msr pae mce cx8 apic sep mtrr pge mca cmov pat pse36 clflush dts acpi mmx fxsr sse sse2 ss ht tm pbe syscall nx pdpe1gb rdtscp lm constant_tsc arch_perfmon pebs bts rep_good nopl xtopology nonstop_tsc aperfmperf eagerfpu pni pclmulqdq dtes64 monitor ds_cpl vmx smx est tm2 ssse3 sdbg fma cx16 xtpr pdcm pcid dca sse4_1 sse4_2 x2apic movbe popcnt tsc_deadline_timer aes xsave avx f16c rdrand lahf_lm abm epb intel_ppin ssbd ibrs ibpb stibp tpr_shadow vnmi flexpriority ept vpid fsgsbase tsc_adjust bmi1 avx2 smep bmi2 erms invpcid cqm xsaveopt cqm_llc cqm_occup_llc dtherm ida arat pln pts md_clear spec_ctrl intel_stibp flush_l1d
bogomips	: 4794.04
clflush size	: 64
cache_alignment	: 64
address sizes	: 46 bits physical, 48 bits virtual
power management:

processor	: 30
vendor_id	: GenuineIntel
cpu family	: 6
model		: 63
model name	: Intel(R) Xeon(R) CPU E5-2630 v3 @ 2.40GHz
stepping	: 2
microcode	: 0x43
cpu MHz		: 1395.263
cache size	: 20480 KB
physical id	: 1
siblings	: 16
core id		: 6
cpu cores	: 8
apicid		: 29
initial apicid	: 29
fpu		: yes
fpu_exception	: yes
cpuid level	: 15
wp		: yes
flags		: fpu vme de pse tsc msr pae mce cx8 apic sep mtrr pge mca cmov pat pse36 clflush dts acpi mmx fxsr sse sse2 ss ht tm pbe syscall nx pdpe1gb rdtscp lm constant_tsc arch_perfmon pebs bts rep_good nopl xtopology nonstop_tsc aperfmperf eagerfpu pni pclmulqdq dtes64 monitor ds_cpl vmx smx est tm2 ssse3 sdbg fma cx16 xtpr pdcm pcid dca sse4_1 sse4_2 x2apic movbe popcnt tsc_deadline_timer aes xsave avx f16c rdrand lahf_lm abm epb intel_ppin ssbd ibrs ibpb stibp tpr_shadow vnmi flexpriority ept vpid fsgsbase tsc_adjust bmi1 avx2 smep bmi2 erms invpcid cqm xsaveopt cqm_llc cqm_occup_llc dtherm ida arat pln pts md_clear spec_ctrl intel_stibp flush_l1d
bogomips	: 4794.04
clflush size	: 64
cache_alignment	: 64
address sizes	: 46 bits physical, 48 bits virtual
power management:

processor	: 31
vendor_id	: GenuineIntel
cpu family	: 6
model		: 63
model name	: Intel(R) Xeon(R) CPU E5-2630 v3 @ 2.40GHz
stepping	: 2
microcode	: 0x43
cpu MHz		: 1200.439
cache size	: 20480 KB
physical id	: 1
siblings	: 16
core id		: 7
cpu cores	: 8
apicid		: 31
initial apicid	: 31
fpu		: yes
fpu_exception	: yes
cpuid level	: 15
wp		: yes
flags		: fpu vme de pse tsc msr pae mce cx8 apic sep mtrr pge mca cmov pat pse36 clflush dts acpi mmx fxsr sse sse2 ss ht tm pbe syscall nx pdpe1gb rdtscp lm constant_tsc arch_perfmon pebs bts rep_good nopl xtopology nonstop_tsc aperfmperf eagerfpu pni pclmulqdq dtes64 monitor ds_cpl vmx smx est tm2 ssse3 sdbg fma cx16 xtpr pdcm pcid dca sse4_1 sse4_2 x2apic movbe popcnt tsc_deadline_timer aes xsave avx f16c rdrand lahf_lm abm epb intel_ppin ssbd ibrs ibpb stibp tpr_shadow vnmi flexpriority ept vpid fsgsbase tsc_adjust bmi1 avx2 smep bmi2 erms invpcid cqm xsaveopt cqm_llc cqm_occup_llc dtherm ida arat pln pts md_clear spec_ctrl intel_stibp flush_l1d
bogomips	: 4794.04
clflush size	: 64
cache_alignment	: 64
address sizes	: 46 bits physical, 48 bits virtual
power management:



Memory: 4k page, physical 263864176k(119521852k free), swap 0k(0k free)

vm_info: OpenJDK 64-Bit Server VM (25.212-b04) for linux-amd64 JRE (1.8.0_212-b04), built on Aug 12 2019 13:15:31 by "buildozer" with gcc 6.4.0

time: Wed Oct  9 06:50:44 2019
timezone: UTC
elapsed time: 31 seconds (0d 0h 0m 31s)

