#
# A fatal error has been detected by the Java Runtime Environment:
#
#  SIGSEGV (0xb) at pc=0x00007ff050e66810, pid=14549, tid=0x00007ff033777ae0
#
# JRE version: OpenJDK Runtime Environment (8.0_212-b04) (build 1.8.0_212-b04)
# Java VM: OpenJDK 64-Bit Server VM (25.212-b04 mixed mode linux-amd64 compressed oops)
# Derivative: IcedTea 3.12.0
# Distribution: Custom build (Mon Aug 12 12:56:32 UTC 2019)
# Problematic frame:
# C  [ld-musl-x86_64.so.1+0x53810]  pthread_setname_np+0x5e
#
# Core dump written. Default location: /workdir/hadoop-ozone/ozone-manager/core or core.14549
#
# If you would like to submit a bug report, please include
# instructions on how to reproduce the bug and visit:
#   https://icedtea.classpath.org/bugzilla
#

---------------  T H R E A D  ---------------

Current thread is native thread

siginfo: si_signo: 11 (SIGSEGV), si_code: 1 (SEGV_MAPERR), si_addr: 0x0000000000000038

Registers:
RAX=0x00007ff033777ae0, RBX=0x0000000000000022, RCX=0x0000000000000000, RDX=0x0000000000000000
RSP=0x00007ff033777680, RBP=0x0000000000000000, RSI=0x0000000000000000, RDI=0xff73725e6f6c7463
R8 =0x0000000000000000, R9 =0x8080808080808080, R10=0xfefefefefefefeff, R11=0x0000000000000212
R12=0x00005586bd9b4498, R13=0x000000000000000f, R14=0x00007ff033777ae0, R15=0x00007ff05109fae8
RIP=0x00007ff050e66810, EFLAGS=0x0000000000010202, CSGSFS=0x0000000000000033, ERR=0x0000000000000004
  TRAPNO=0x000000000000000e

Top of Stack: (sp=0x00007ff033777680)
0x00007ff033777680:   0000000000000000 0000000000000000
0x00007ff033777690:   0000000000000000 0000000000000000
0x00007ff0337776a0:   0000000000000000 0000000000000000
0x00007ff0337776b0:   0000000000000000 00005586be21bf20
0x00007ff0337776c0:   00007ff033777710 0000000000000000
0x00007ff0337776d0:   00005586be21bf60 00007ff033e7dec9
0x00007ff0337776e0:   0000000000000000 00005586be452ae0
0x00007ff0337776f0:   0000000000000000 00007ff033777760
0x00007ff033777700:   00007ff033777ae0 00007ff05109fae8
0x00007ff033777710:   0000000000000000 00007ff04fc96f41
0x00007ff033777720:   0000000000000000 00007ff033777ae0
0x00007ff033777730:   0000000000000000 00007ff050e656c2
0x00007ff033777740:   0000000000000000 0000000000000000
0x00007ff033777750:   0000000000017000 00007ff050e675b1
0x00007ff033777760:   0000000000000002 00007ff033777ac0
0x00007ff033777770:   00007ff033777790 0000000000000000
0x00007ff033777780:   0000000000000000 0000000000000000
0x00007ff033777790:   0000000000000002 0000000000000000
0x00007ff0337777a0:   0000000000000000 0000000000000000
0x00007ff0337777b0:   0000000000000000 0000000000000000
0x00007ff0337777c0:   0000000000000000 0000000000000000
0x00007ff0337777d0:   0000000000000000 0000000000000000
0x00007ff0337777e0:   0000000000000000 0000000000000000
0x00007ff0337777f0:   0000000000000000 0000000000000000
0x00007ff033777800:   0000000000000000 0000000000000000
0x00007ff033777810:   0000000000000000 0000000000000000
0x00007ff033777820:   0000000000000000 0000000000000000
0x00007ff033777830:   0000000000000000 0000000000000000
0x00007ff033777840:   0000000000000000 0000000000000000
0x00007ff033777850:   0000000000000000 0000000000000000
0x00007ff033777860:   0000000000000000 0000000000000000
0x00007ff033777870:   0000000000000000 0000000000000000 

Instructions: (pc=0x00007ff050e66810)
0x00007ff050e667f0:   31 d2 31 c0 4c 89 e6 bf 0f 00 00 00 e8 65 d8 fc
0x00007ff050e66800:   ff 85 c0 89 c3 74 7e e8 25 a7 fc ff 8b 18 eb 75
0x00007ff050e66810:   8b 4d 38 48 8d 5c 24 0e 48 8d 15 f2 92 03 00 be
0x00007ff050e66820:   22 00 00 00 31 c0 48 89 df e8 35 68 ff ff 48 8d 

Register to memory mapping:

RAX=0x00007ff033777ae0 is an unknown value
RBX=0x0000000000000022 is an unknown value
RCX=0x0000000000000000 is an unknown value
RDX=0x0000000000000000 is an unknown value
RSP=0x00007ff033777680 is an unknown value
RBP=0x0000000000000000 is an unknown value
RSI=0x0000000000000000 is an unknown value
RDI=0xff73725e6f6c7463 is an unknown value
R8 =0x0000000000000000 is an unknown value
R9 =0x8080808080808080 is an unknown value
R10=0xfefefefefefefeff is an unknown value
R11=0x0000000000000212 is an unknown value
R12=0x00005586bd9b4498 is an unknown value
R13=0x000000000000000f is an unknown value
R14=0x00007ff033777ae0 is an unknown value
R15=0x00007ff05109fae8: __utc+0x1fff68 in /lib/ld-musl-x86_64.so.1 at 0x00007ff050e13000


Stack: [0x00007ff033763000,0x00007ff033777760],  sp=0x00007ff033777680,  free space=81k
Native frames: (J=compiled Java code, j=interpreted, Vv=VM code, C=native code)
C  [ld-musl-x86_64.so.1+0x53810]  pthread_setname_np+0x5e

[error occurred during error reporting (printing native stack), id 0xb]


---------------  P R O C E S S  ---------------

VM state:not at safepoint (normal execution)

VM Mutex/Monitor currently owned by a thread: None

heap address: 0x0000000080000000, size: 2048 MB, Compressed Oops mode: 32-bit
Narrow klass base: 0x0000000000000000, Narrow klass shift: 3
Compressed class space size: 1073741824 Address: 0x0000000100000000

Heap:
 PSYoungGen      total 611840K, used 116197K [0x00000000d5580000, 0x0000000100000000, 0x0000000100000000)
  eden space 524800K, 22% used [0x00000000d5580000,0x00000000dc6f94f8,0x00000000f5600000)
  from space 87040K, 0% used [0x00000000f5600000,0x00000000f5600000,0x00000000fab00000)
  to   space 87040K, 0% used [0x00000000fab00000,0x00000000fab00000,0x0000000100000000)
 ParOldGen       total 854528K, used 14456K [0x0000000080000000, 0x00000000b4280000, 0x00000000d5580000)
  object space 854528K, 1% used [0x0000000080000000,0x0000000080e1e270,0x00000000b4280000)
 Metaspace       used 29267K, capacity 29576K, committed 29824K, reserved 1075200K
  class space    used 3546K, capacity 3641K, committed 3712K, reserved 1048576K

Card table byte_map: [0x00007ff03fbbf000,0x00007ff03ffc0000] byte_map_base: 0x00007ff03f7bf000

Marking Bits: (ParMarkBitMap*) 0x00007ff0509d1200
 Begin Bits: [0x00007ff03b710000, 0x00007ff03d710000)
 End Bits:   [0x00007ff03d710000, 0x00007ff03f710000)

Polling page: 0x00007ff050f9c000

CodeCache: size=245760Kb used=4335Kb max_used=7620Kb free=241424Kb
 bounds [0x00007ff040380000, 0x00007ff040b00000, 0x00007ff04f380000]
 total_blobs=2018 nmethods=1517 adapters=415
 compilation: enabled

Compilation events (10 events):
Event: 6.387 Thread 0x00005586bcfa1000 2924       1       java.nio.charset.Charset::name (5 bytes)
Event: 6.388 Thread 0x00005586bcfa1000 nmethod 2924 0x00007ff04048f650 code [0x00007ff04048f7a0, 0x00007ff04048f8b0]
Event: 6.389 Thread 0x00005586bcfa1000 2925  s    3       java.lang.StringBuffer::append (13 bytes)
Event: 6.389 Thread 0x00005586bcfa1000 nmethod 2925 0x00007ff0404bd990 code [0x00007ff0404bdb40, 0x00007ff0404be258]
Event: 6.392 Thread 0x00005586bcfa1000 2926       3       java.util.concurrent.SynchronousQueue$TransferStack::shouldSpin (30 bytes)
Event: 6.392 Thread 0x00005586bcfa1000 nmethod 2926 0x00007ff0404a0b10 code [0x00007ff0404a0c80, 0x00007ff0404a0f70]
Event: 7.392 Thread 0x00005586bcfa1000 2927   !   3       java.nio.charset.Charset::defaultCharset (65 bytes)
Event: 7.393 Thread 0x00005586bcfa1000 nmethod 2927 0x00007ff0404cc2d0 code [0x00007ff0404cc4c0, 0x00007ff0404ccc78]
Event: 8.401 Thread 0x00005586bcfa1000 2928       1       java.lang.String::toString (2 bytes)
Event: 8.401 Thread 0x00005586bcfa1000 nmethod 2928 0x00007ff040633890 code [0x00007ff0406339e0, 0x00007ff040633af0]

GC Heap History (4 events):
Event: 2.416 GC heap before
{Heap before GC invocations=1 (full 0):
 PSYoungGen      total 611840K, used 293889K [0x00000000d5580000, 0x0000000100000000, 0x0000000100000000)
  eden space 524800K, 56% used [0x00000000d5580000,0x00000000e7480778,0x00000000f5600000)
  from space 87040K, 0% used [0x00000000fab00000,0x00000000fab00000,0x0000000100000000)
  to   space 87040K, 0% used [0x00000000f5600000,0x00000000f5600000,0x00000000fab00000)
 ParOldGen       total 1398272K, used 0K [0x0000000080000000, 0x00000000d5580000, 0x00000000d5580000)
  object space 1398272K, 0% used [0x0000000080000000,0x0000000080000000,0x00000000d5580000)
 Metaspace       used 20913K, capacity 21100K, committed 21296K, reserved 1069056K
  class space    used 2595K, capacity 2673K, committed 2688K, reserved 1048576K
Event: 2.459 GC heap after
Heap after GC invocations=1 (full 0):
 PSYoungGen      total 611840K, used 15143K [0x00000000d5580000, 0x0000000100000000, 0x0000000100000000)
  eden space 524800K, 0% used [0x00000000d5580000,0x00000000d5580000,0x00000000f5600000)
  from space 87040K, 17% used [0x00000000f5600000,0x00000000f64c9d08,0x00000000fab00000)
  to   space 87040K, 0% used [0x00000000fab00000,0x00000000fab00000,0x0000000100000000)
 ParOldGen       total 1398272K, used 16K [0x0000000080000000, 0x00000000d5580000, 0x00000000d5580000)
  object space 1398272K, 0% used [0x0000000080000000,0x0000000080004000,0x00000000d5580000)
 Metaspace       used 20913K, capacity 21100K, committed 21296K, reserved 1069056K
  class space    used 2595K, capacity 2673K, committed 2688K, reserved 1048576K
}
Event: 2.459 GC heap before
{Heap before GC invocations=2 (full 1):
 PSYoungGen      total 611840K, used 15143K [0x00000000d5580000, 0x0000000100000000, 0x0000000100000000)
  eden space 524800K, 0% used [0x00000000d5580000,0x00000000d5580000,0x00000000f5600000)
  from space 87040K, 17% used [0x00000000f5600000,0x00000000f64c9d08,0x00000000fab00000)
  to   space 87040K, 0% used [0x00000000fab00000,0x00000000fab00000,0x0000000100000000)
 ParOldGen       total 1398272K, used 16K [0x0000000080000000, 0x00000000d5580000, 0x00000000d5580000)
  object space 1398272K, 0% used [0x0000000080000000,0x0000000080004000,0x00000000d5580000)
 Metaspace       used 20913K, capacity 21100K, committed 21296K, reserved 1069056K
  class space    used 2595K, capacity 2673K, committed 2688K, reserved 1048576K
Event: 2.525 GC heap after
Heap after GC invocations=2 (full 1):
 PSYoungGen      total 611840K, used 0K [0x00000000d5580000, 0x0000000100000000, 0x0000000100000000)
  eden space 524800K, 0% used [0x00000000d5580000,0x00000000d5580000,0x00000000f5600000)
  from space 87040K, 0% used [0x00000000f5600000,0x00000000f5600000,0x00000000fab00000)
  to   space 87040K, 0% used [0x00000000fab00000,0x00000000fab00000,0x0000000100000000)
 ParOldGen       total 854528K, used 14456K [0x0000000080000000, 0x00000000b4280000, 0x00000000d5580000)
  object space 854528K, 1% used [0x0000000080000000,0x0000000080e1e270,0x00000000b4280000)
 Metaspace       used 20910K, capacity 21094K, committed 21296K, reserved 1069056K
  class space    used 2594K, capacity 2672K, committed 2688K, reserved 1048576K
}

Deoptimization events (9 events):
Event: 0.439 Thread 0x00005586bce4d800 Uncommon trap: reason=unstable_if action=reinterpret pc=0x00007ff0404a0194 method=java.lang.String.indexOf([CII[CIII)I @ 3
Event: 0.557 Thread 0x00005586bce4d800 Uncommon trap: reason=unstable_if action=reinterpret pc=0x00007ff0405e7188 method=sun.net.www.ParseUtil.encodePath(Ljava/lang/String;Z)Ljava/lang/String; @ 109
Event: 0.599 Thread 0x00005586bce4d800 Uncommon trap: reason=unstable_if action=reinterpret pc=0x00007ff0405261b4 method=java.lang.AbstractStringBuilder.append(Ljava/lang/String;)Ljava/lang/AbstractStringBuilder; @ 1
Event: 0.998 Thread 0x00005586bce4d800 Uncommon trap: reason=unstable_if action=reinterpret pc=0x00007ff040583c8c method=sun.misc.URLClassPath.getLoader(I)Lsun/misc/URLClassPath$Loader; @ 79
Event: 1.199 Thread 0x00005586bce4d800 Uncommon trap: reason=range_check action=make_not_entrant pc=0x00007ff0406acb00 method=sun.reflect.generics.parser.SignatureParser.current()C @ 34
Event: 1.652 Thread 0x00005586bce4d800 Uncommon trap: reason=null_assert action=make_not_entrant pc=0x00007ff04076bb54 method=net.bytebuddy.description.type.TypeDefinition$Sort.describe(Ljava/lang/reflect/Type;Lnet/bytebuddy/description/type/TypeDescription$Generic$AnnotationReader;)Lnet/byteb
Event: 1.672 Thread 0x00005586bce4d800 Uncommon trap: reason=unstable_if action=reinterpret pc=0x00007ff0407fec88 method=net.bytebuddy.jar.asm.ClassVisitor.visitInnerClass(Ljava/lang/String;Ljava/lang/String;Ljava/lang/String;I)V @ 4
Event: 3.374 Thread 0x00005586bd25d000 Uncommon trap: reason=unstable_if action=reinterpret pc=0x00007ff0409f64dc method=java.lang.ref.SoftReference.get()Ljava/lang/Object; @ 17
Event: 6.157 Thread 0x00005586bce4d800 Uncommon trap: reason=unstable_if action=reinterpret pc=0x00007ff040a22110 method=java.util.concurrent.ConcurrentHashMap.putVal(Ljava/lang/Object;Ljava/lang/Object;Z)Ljava/lang/Object; @ 181

Classes redefined (10 events):
Event: 1.695 Thread 0x00005586bcf50000 redefined class name=org.apache.hadoop.ozone.om.OzoneManager, count=1
Event: 1.699 Thread 0x00005586bcf50000 redefined class name=java.lang.Object, count=1
Event: 1.701 Thread 0x00005586bcf50000 redefined class name=java.io.Closeable, count=2
Event: 1.702 Thread 0x00005586bcf50000 redefined class name=org.apache.hadoop.ozone.om.protocol.OzoneManagerHAProtocol, count=2
Event: 1.702 Thread 0x00005586bcf50000 redefined class name=org.apache.hadoop.hdds.server.ServiceRuntimeInfoImpl, count=2
Event: 1.703 Thread 0x00005586bcf50000 redefined class name=org.apache.hadoop.ozone.om.OMMXBean, count=2
Event: 1.703 Thread 0x00005586bcf50000 redefined class name=org.apache.hadoop.ozone.om.protocol.OzoneManagerProtocol, count=2
Event: 1.704 Thread 0x00005586bcf50000 redefined class name=org.apache.hadoop.ozone.audit.Auditor, count=2
Event: 1.704 Thread 0x00005586bcf50000 redefined class name=org.apache.hadoop.ozone.om.protocol.OzoneManagerServerProtocol, count=2
Event: 5.795 Thread 0x00005586bcf50000 redefined class name=org.apache.hadoop.ozone.audit.AuditLogger, count=2

Internal exceptions (10 events):
Event: 1.199 Thread 0x00005586bce4d800 Exception <a 'java/lang/ArrayIndexOutOfBoundsException': 126> (0x00000000dec86980) thrown at [/home/buildozer/aports/community/openjdk8/src/icedtea-3.12.0/openjdk/hotspot/src/share/vm/interpreter/interpreterRuntime.cpp, line 371]
Event: 1.201 Thread 0x00005586bce4d800 Exception <a 'java/lang/ArrayIndexOutOfBoundsException': 103> (0x00000000deca2ef8) thrown at [/home/buildozer/aports/community/openjdk8/src/icedtea-3.12.0/openjdk/hotspot/src/share/vm/interpreter/interpreterRuntime.cpp, line 371]
Event: 2.157 Thread 0x00005586bce4d800 Exception <a 'java/lang/ArrayIndexOutOfBoundsException'> (0x00000000e47e8110) thrown at [/home/buildozer/aports/community/openjdk8/src/icedtea-3.12.0/openjdk/hotspot/src/share/vm/runtime/sharedRuntime.cpp, line 613]
Event: 2.158 Thread 0x00005586bce4d800 Exception <a 'java/lang/ArrayIndexOutOfBoundsException'> (0x00000000e47eefe0) thrown at [/home/buildozer/aports/community/openjdk8/src/icedtea-3.12.0/openjdk/hotspot/src/share/vm/runtime/sharedRuntime.cpp, line 613]
Event: 2.165 Thread 0x00005586bce4d800 Exception <a 'java/lang/ArrayIndexOutOfBoundsException'> (0x00000000e4821db0) thrown at [/home/buildozer/aports/community/openjdk8/src/icedtea-3.12.0/openjdk/hotspot/src/share/vm/runtime/sharedRuntime.cpp, line 613]
Event: 2.165 Thread 0x00005586bce4d800 Exception <a 'java/lang/ArrayIndexOutOfBoundsException'> (0x00000000e4823320) thrown at [/home/buildozer/aports/community/openjdk8/src/icedtea-3.12.0/openjdk/hotspot/src/share/vm/runtime/sharedRuntime.cpp, line 613]
Event: 2.171 Thread 0x00005586bce4d800 Exception <a 'java/lang/ArrayIndexOutOfBoundsException'> (0x00000000e485bb68) thrown at [/home/buildozer/aports/community/openjdk8/src/icedtea-3.12.0/openjdk/hotspot/src/share/vm/runtime/sharedRuntime.cpp, line 613]
Event: 2.177 Thread 0x00005586bce4d800 Exception <a 'java/lang/ArrayIndexOutOfBoundsException'> (0x00000000e4890bf8) thrown at [/home/buildozer/aports/community/openjdk8/src/icedtea-3.12.0/openjdk/hotspot/src/share/vm/runtime/sharedRuntime.cpp, line 613]
Event: 2.922 Thread 0x00005586bce4d800 Exception <a 'java/lang/ArrayIndexOutOfBoundsException'> (0x00000000d8c1cd38) thrown at [/home/buildozer/aports/community/openjdk8/src/icedtea-3.12.0/openjdk/hotspot/src/share/vm/runtime/sharedRuntime.cpp, line 613]
Event: 2.923 Thread 0x00005586bce4d800 Exception <a 'java/lang/ArrayIndexOutOfBoundsException'> (0x00000000d8c33d68) thrown at [/home/buildozer/aports/community/openjdk8/src/icedtea-3.12.0/openjdk/hotspot/src/share/vm/runtime/sharedRuntime.cpp, line 613]

Events (10 events):
Event: 8.401 Executing VM operation: RevokeBias
Event: 8.401 Executing VM operation: RevokeBias done
Event: 8.401 Executing VM operation: RevokeBias
Event: 8.401 Executing VM operation: RevokeBias done
Event: 8.401 Executing VM operation: RevokeBias
Event: 8.401 Executing VM operation: RevokeBias done
Event: 8.402 Executing VM operation: RevokeBias
Event: 8.402 Executing VM operation: RevokeBias done
Event: 8.402 Executing VM operation: RevokeBias
Event: 8.402 Executing VM operation: RevokeBias done


Dynamic libraries:
80000000-b4280000 rw-p 00000000 00:00 0 
b4280000-d5580000 ---p 00000000 00:00 0 
d5580000-1003a0000 rw-p 00000000 00:00 0 
1003a0000-140000000 ---p 00000000 00:00 0 
5586bb228000-5586bb229000 r-xp 00000000 fd:03 288293715                  /usr/lib/jvm/java-1.8-openjdk/jre/bin/java
5586bb428000-5586bb429000 r--p 00000000 fd:03 288293715                  /usr/lib/jvm/java-1.8-openjdk/jre/bin/java
5586bb429000-5586bb42a000 rw-p 00001000 fd:03 288293715                  /usr/lib/jvm/java-1.8-openjdk/jre/bin/java
5586bce36000-5586bf472000 rw-p 00000000 00:00 0                          [heap]
7ff03330e000-7ff03348e000 rw-p 00000000 00:00 0 
7ff03348e000-7ff03350e000 ---p 00000000 00:00 0 
7ff03350e000-7ff03370e000 rw-p 00000000 00:00 0 
7ff03374a000-7ff03374c000 ---p 00000000 00:00 0 
7ff03374c000-7ff033761000 rw-p 00000000 00:00 0 
7ff033761000-7ff033763000 ---p 00000000 00:00 0 
7ff033763000-7ff033778000 rw-p 00000000 00:00 0 
7ff033778000-7ff03377a000 ---p 00000000 00:00 0 
7ff03377a000-7ff0339fe000 rw-p 00000000 00:00 0 
7ff0339fe000-7ff033c24000 r-xp 00000000 fd:03 288424149                  /usr/glibc-compat/lib/ld-2.28.so
7ff033c24000-7ff033c25000 r--p 00026000 fd:03 288424149                  /usr/glibc-compat/lib/ld-2.28.so
7ff033c25000-7ff033c26000 rw-p 00027000 fd:03 288424149                  /usr/glibc-compat/lib/ld-2.28.so
7ff033c26000-7ff033c27000 rw-p 00000000 00:00 0 
7ff033c27000-7ff0344bf000 r-xp 00000000 fd:03 159258753                  /tmp/librocksdbjni6555310371800650517.so
7ff0344bf000-7ff0344d0000 r--p 00698000 fd:03 159258753                  /tmp/librocksdbjni6555310371800650517.so
7ff0344d0000-7ff0344d9000 rw-p 006a9000 fd:03 159258753                  /tmp/librocksdbjni6555310371800650517.so
7ff0344d9000-7ff0346df000 rw-p 00000000 00:00 0 
7ff0346df000-7ff0348df000 rw-p 00000000 00:00 0 
7ff0348e4000-7ff0348e6000 ---p 00000000 00:00 0 
7ff0348e6000-7ff0348fb000 rw-p 00000000 00:00 0 
7ff0348fb000-7ff0348fd000 ---p 00000000 00:00 0 
7ff0348fd000-7ff034b12000 rw-p 00000000 00:00 0 
7ff034b12000-7ff034d12000 rw-p 00000000 00:00 0 
7ff034d12000-7ff034f12000 rw-p 00000000 00:00 0 
7ff034f12000-7ff035112000 rw-p 00000000 00:00 0 
7ff035113000-7ff035115000 ---p 00000000 00:00 0 
7ff035115000-7ff03512a000 rw-p 00000000 00:00 0 
7ff03512a000-7ff03512c000 ---p 00000000 00:00 0 
7ff03512c000-7ff035141000 rw-p 00000000 00:00 0 
7ff035141000-7ff035143000 ---p 00000000 00:00 0 
7ff035143000-7ff035158000 rw-p 00000000 00:00 0 
7ff035158000-7ff035173000 r--s 001d6000 fd:03 288293790                  /usr/lib/jvm/java-1.8-openjdk/jre/lib/ext/nashorn.jar
7ff035179000-7ff03517b000 ---p 00000000 00:00 0 
7ff03517b000-7ff035190000 rw-p 00000000 00:00 0 
7ff035190000-7ff035192000 ---p 00000000 00:00 0 
7ff035192000-7ff0351a7000 rw-p 00000000 00:00 0 
7ff0351a7000-7ff0351a9000 ---p 00000000 00:00 0 
7ff0351a9000-7ff0351be000 rw-p 00000000 00:00 0 
7ff0351be000-7ff0351c0000 ---p 00000000 00:00 0 
7ff0351c0000-7ff0353d5000 rw-p 00000000 00:00 0 
7ff0353d5000-7ff0353d6000 r--s 00000000 fd:03 159258750                  /tmp/mockitoboot6365858473284581945.jar
7ff0353d7000-7ff0355e0000 r-xp 00000000 fd:03 288293738                  /usr/lib/jvm/java-1.8-openjdk/jre/lib/amd64/libinstrument.so
7ff0355e0000-7ff0355e1000 r--p 00009000 fd:03 288293738                  /usr/lib/jvm/java-1.8-openjdk/jre/lib/amd64/libinstrument.so
7ff0355e1000-7ff0355e2000 rw-p 0000a000 fd:03 288293738                  /usr/lib/jvm/java-1.8-openjdk/jre/lib/amd64/libinstrument.so
7ff0355e2000-7ff0355e5000 ---p 00000000 00:00 0 
7ff0355e5000-7ff0356e3000 rw-p 00000000 00:00 0 
7ff0356e3000-7ff0358e5000 r-xp 00000000 fd:03 288293731                  /usr/lib/jvm/java-1.8-openjdk/jre/lib/amd64/libattach.so
7ff0358e5000-7ff0358e6000 r--p 00002000 fd:03 288293731                  /usr/lib/jvm/java-1.8-openjdk/jre/lib/amd64/libattach.so
7ff0358e6000-7ff0358e7000 rw-p 00003000 fd:03 288293731                  /usr/lib/jvm/java-1.8-openjdk/jre/lib/amd64/libattach.so
7ff0358e7000-7ff0358ea000 r--s 00025000 fd:03 289472870                  /home/user/.m2/repository/org/apache/maven/shared/maven-shared-utils/3.1.0/maven-shared-utils-3.1.0.jar
7ff0358ea000-7ff035afb000 r-xp 00000000 fd:03 288293758                  /usr/lib/jvm/java-1.8-openjdk/jre/lib/amd64/libnio.so
7ff035afb000-7ff035afc000 r--p 00011000 fd:03 288293758                  /usr/lib/jvm/java-1.8-openjdk/jre/lib/amd64/libnio.so
7ff035afc000-7ff035afd000 rw-p 00012000 fd:03 288293758                  /usr/lib/jvm/java-1.8-openjdk/jre/lib/amd64/libnio.so
7ff035afd000-7ff038afe000 rw-p 00000000 00:00 0 
7ff038afe000-7ff038d14000 r-xp 00000000 fd:03 288293757                  /usr/lib/jvm/java-1.8-openjdk/jre/lib/amd64/libnet.so
7ff038d14000-7ff038d15000 r--p 00016000 fd:03 288293757                  /usr/lib/jvm/java-1.8-openjdk/jre/lib/amd64/libnet.so
7ff038d15000-7ff038d16000 rw-p 00017000 fd:03 288293757                  /usr/lib/jvm/java-1.8-openjdk/jre/lib/amd64/libnet.so
7ff038d16000-7ff038d1a000 r--s 00058000 fd:03 288293809                  /usr/lib/jvm/java-1.8-openjdk/jre/lib/jsse.jar
7ff038d1a000-7ff038d1d000 ---p 00000000 00:00 0 
7ff038d1d000-7ff038d54000 rw-p 00000000 00:00 0 
7ff038d54000-7ff038d55000 r--s 00006000 fd:03 302519655                  /home/user/.m2/repository/org/apache/maven/surefire/common-junit4/3.0.0-M1/common-junit4-3.0.0-M1.jar
7ff038d55000-7ff038d56000 r--s 00002000 fd:03 302652184                  /home/user/.m2/repository/org/apache/maven/surefire/common-junit3/3.0.0-M1/common-junit3-3.0.0-M1.jar
7ff038d56000-7ff038d57000 r--s 00007000 fd:03 302785034                  /home/user/.m2/repository/org/apache/maven/surefire/common-java5/3.0.0-M1/common-java5-3.0.0-M1.jar
7ff038d57000-7ff038d59000 r--s 00003000 fd:03 299769825                  /home/user/.m2/repository/org/apache/maven/surefire/surefire-junit4/3.0.0-M1/surefire-junit4-3.0.0-M1.jar
7ff038d59000-7ff038d65000 r--s 000ae000 fd:03 289538624                  /home/user/.m2/repository/org/jmockit/jmockit/1.24/jmockit-1.24.jar
7ff038d65000-7ff038d67000 r--s 00009000 fd:03 289538500                  /home/user/.m2/repository/org/hamcrest/hamcrest-core/1.3/hamcrest-core-1.3.jar
7ff038d67000-7ff038d6d000 r--s 00036000 fd:03 289342394                  /home/user/.m2/repository/junit/junit/4.11/junit-4.11.jar
7ff038d6d000-7ff038d73000 r--s 00045000 fd:03 289538491                  /home/user/.m2/repository/org/hamcrest/hamcrest-all/1.3/hamcrest-all-1.3.jar
7ff038d73000-7ff038d77000 r--s 0001e000 fd:03 289341728                  /home/user/.m2/repository/io/dropwizard/metrics/metrics-core/3.2.4/metrics-core-3.2.4.jar
7ff038d77000-7ff038d7c000 r--s 00047000 fd:03 289341676                  /home/user/.m2/repository/dnsjava/dnsjava/2.1.7/dnsjava-2.1.7.jar
7ff038d7c000-7ff038d82000 r--s 00078000 fd:03 289277132                  /home/user/.m2/repository/com/fasterxml/woodstox/woodstox-core/5.0.3/woodstox-core-5.0.3.jar
7ff038d82000-7ff038d86000 r--s 00024000 fd:03 289474668                  /home/user/.m2/repository/org/codehaus/woodstox/stax2-api/3.1.4/stax2-api-3.1.4.jar
7ff038d86000-7ff038d8a000 r--s 0004c000 fd:03 289276975                  /home/user/.m2/repository/com/fasterxml/jackson/core/jackson-core/2.9.9/jackson-core-2.9.9.jar
7ff038d8a000-7ff038d9d000 r--s 00137000 fd:03 289276992                  /home/user/.m2/repository/com/fasterxml/jackson/core/jackson-databind/2.9.9/jackson-databind-2.9.9.jar
7ff038d9d000-7ff038d9f000 r--s 00006000 fd:03 289407281                  /home/user/.m2/repository/org/apache/kerby/kerby-xdr/1.0.1/kerby-xdr-1.0.1.jar
7ff038d9f000-7ff038da0000 r--s 00004000 fd:03 289407185                  /home/user/.m2/repository/org/apache/kerby/kerb-identity/1.0.1/kerb-identity-1.0.1.jar
7ff038da0000-7ff038da3000 r--s 00012000 fd:03 289407194                  /home/user/.m2/repository/org/apache/kerby/kerb-server/1.0.1/kerb-server-1.0.1.jar
7ff038da3000-7ff038da6000 r--s 00011000 fd:03 289407140                  /home/user/.m2/repository/org/apache/kerby/kerb-admin/1.0.1/kerb-admin-1.0.1.jar
7ff038da6000-7ff038da7000 r--s 00004000 fd:03 289407290                  /home/user/.m2/repository/org/apache/kerby/token-provider/1.0.1/token-provider-1.0.1.jar
7ff038da7000-7ff038da8000 r--s 00008000 fd:03 289407212                  /home/user/.m2/repository/org/apache/kerby/kerb-util/1.0.1/kerb-util-1.0.1.jar
7ff038da8000-7ff038dac000 r--s 00019000 fd:03 289407176                  /home/user/.m2/repository/org/apache/kerby/kerb-crypto/1.0.1/kerb-crypto-1.0.1.jar
7ff038dac000-7ff038dae000 r--s 0000e000 fd:03 289407158                  /home/user/.m2/repository/org/apache/kerby/kerb-common/1.0.1/kerb-common-1.0.1.jar
7ff038dae000-7ff038daf000 r--s 00009000 fd:03 289407272                  /home/user/.m2/repository/org/apache/kerby/kerby-util/1.0.1/kerby-util-1.0.1.jar
7ff038daf000-7ff038db1000 r--s 00017000 fd:03 289407227                  /home/user/.m2/repository/org/apache/kerby/kerby-asn1/1.0.1/kerby-asn1-1.0.1.jar
7ff038db1000-7ff038db8000 r--s 0002b000 fd:03 289407257                  /home/user/.m2/repository/org/apache/kerby/kerby-pkix/1.0.1/kerby-pkix-1.0.1.jar
7ff038db8000-7ff038dbf000 r--s 00031000 fd:03 289407167                  /home/user/.m2/repository/org/apache/kerby/kerb-core/1.0.1/kerb-core-1.0.1.jar
7ff038dbf000-7ff038dc1000 r--s 00006000 fd:03 289407242                  /home/user/.m2/repository/org/apache/kerby/kerby-config/1.0.1/kerby-config-1.0.1.jar
7ff038dc1000-7ff038dc4000 r--s 00019000 fd:03 289407149                  /home/user/.m2/repository/org/apache/kerby/kerb-client/1.0.1/kerb-client-1.0.1.jar
7ff038dc4000-7ff038dc5000 r--s 00004000 fd:03 289407203                  /home/user/.m2/repository/org/apache/kerby/kerb-simplekdc/1.0.1/kerb-simplekdc-1.0.1.jar
7ff038dc5000-7ff038dc6000 r--s 00004000 fd:03 289473565                  /home/user/.m2/repository/org/apache/yetus/audience-annotations/0.5.0/audience-annotations-0.5.0.jar
7ff038dc6000-7ff038dc8000 r--s 00014000 fd:03 289342350                  /home/user/.m2/repository/jline/jline/0.9.94/jline-0.9.94.jar
7ff038dc8000-7ff038dd5000 r--s 000d1000 fd:03 289473581                  /home/user/.m2/repository/org/apache/zookeeper/zookeeper/3.4.13/zookeeper-3.4.13.jar
7ff038dd5000-7ff038def000 r--s 00155000 fd:03 289406985                  /home/user/.m2/repository/org/apache/htrace/htrace-core4/4.1.0-incubating/htrace-core4-4.1.0-incubating.jar
7ff038def000-7ff038df2000 r--s 00006000 fd:03 289277327                  /home/user/.m2/repository/com/google/code/findbugs/jsr305/3.0.0/jsr305-3.0.0.jar
7ff038df2000-7ff038dfa000 r--s 0003e000 fd:03 289343148                  /home/user/.m2/repository/org/apache/curator/curator-recipes/2.12.0/curator-recipes-2.12.0.jar
7ff038dfa000-7ff038e31000 r--s 00219000 fd:03 289343130                  /home/user/.m2/repository/org/apache/curator/curator-client/2.12.0/curator-client-2.12.0.jar
7ff038e31000-7ff038e36000 r--s 00040000 fd:03 289277675                  /home/user/.m2/repository/com/jcraft/jsch/0.1.54/jsch-0.1.54.jar
7ff038e36000-7ff038e3c000 r--s 0002c000 fd:03 289343139                  /home/user/.m2/repository/org/apache/curator/curator-framework/2.12.0/curator-framework-2.12.0.jar
7ff038e3c000-7ff038e3e000 r--s 00006000 fd:03 289342649                  /home/user/.m2/repository/net/minidev/accessors-smart/1.2/accessors-smart-1.2.jar
7ff038e3e000-7ff038e41000 r--s 0001b000 fd:03 289342658                  /home/user/.m2/repository/net/minidev/json-smart/2.3/json-smart-2.3.jar
7ff038e41000-7ff038e43000 r--s 00000000 fd:03 289277229                  /home/user/.m2/repository/com/github/stephenc/jcip/jcip-annotations/1.0-1/jcip-annotations-1.0-1.jar
7ff038e43000-7ff038e49000 r--s 00044000 fd:03 289277721                  /home/user/.m2/repository/com/nimbusds/nimbus-jose-jwt/4.41.1/nimbus-jose-jwt-4.41.1.jar
7ff038e49000-7ff038e4b000 r--s 00020000 fd:03 289343201                  /home/user/.m2/repository/org/apache/hadoop/hadoop-auth/3.2.0/hadoop-auth-3.2.0.jar
7ff038e4b000-7ff038e50000 r--s 0002a000 fd:03 289277337                  /home/user/.m2/repository/com/google/code/gson/gson/2.2.4/gson-2.2.4.jar
7ff038e50000-7ff038e52000 r--s 0001e000 fd:03 289277649                  /home/user/.m2/repository/com/google/re2j/re2j/1.1/re2j-1.1.jar
7ff038e52000-7ff038e54000 r--s 00130000 fd:03 289539729                  /home/user/.m2/repository/org/xerial/snappy/snappy-java/1.0.5/snappy-java-1.0.5.jar
7ff038e54000-7ff038e56000 r--s 00006000 fd:03 289277917                  /home/user/.m2/repository/com/thoughtworks/paranamer/paranamer/2.3/paranamer-2.3.jar
7ff038e56000-7ff038e5f000 r--s 00062000 fd:03 289342880                  /home/user/.m2/repository/org/apache/avro/avro/1.7.7/avro-1.7.7.jar
7ff038e5f000-7ff038e60000 r--s 00002000 fd:03 289539292                  /home/user/.m2/repository/org/slf4j/slf4j-log4j12/1.7.25/slf4j-log4j12-1.7.25.jar
7ff038e60000-7ff038e64000 r--s 00029000 fd:03 289343114                  /home/user/.m2/repository/org/apache/commons/commons-text/1.4/commons-text-1.4.jar
7ff038e64000-7ff038e6c000 r--s 00072000 fd:03 289342967                  /home/user/.m2/repository/org/apache/commons/commons-lang3/3.7/commons-lang3-3.7.jar
7ff038e6c000-7ff038e78000 r--s 0008b000 fd:03 289342935                  /home/user/.m2/repository/org/apache/commons/commons-configuration2/2.1.1/commons-configuration2-2.1.1.jar
7ff038e78000-7ff038e7d000 r--s 00038000 fd:03 289277972                  /home/user/.m2/repository/commons-beanutils/commons-beanutils/1.9.4/commons-beanutils-1.9.4.jar
7ff038e7d000-7ff038e86000 r--s 0006f000 fd:03 289342446                  /home/user/.m2/repository/log4j/log4j/1.2.17/log4j-1.2.17.jar
7ff038e86000-7ff038e88000 r--s 0000e000 fd:03 289341603                  /home/user/.m2/repository/commons-logging/commons-logging/1.1.3/commons-logging-1.1.3.jar
7ff038e88000-7ff038e98000 r--s 0009c000 fd:03 289277848                  /home/user/.m2/repository/com/sun/jersey/jersey-server/1.19/jersey-server-1.19.jar
7ff038e98000-7ff038e99000 r--s 00006000 fd:03 289473829                  /home/user/.m2/repository/org/codehaus/jackson/jackson-xc/1.9.13/jackson-xc-1.9.13.jar
7ff038e99000-7ff038e9a000 r--s 00004000 fd:03 289473811                  /home/user/.m2/repository/org/codehaus/jackson/jackson-jaxrs/1.9.13/jackson-jaxrs-1.9.13.jar
7ff038e9a000-7ff038ea8000 r--s 000b1000 fd:03 289473820                  /home/user/.m2/repository/org/codehaus/jackson/jackson-mapper-asl/1.9.13/jackson-mapper-asl-1.9.13.jar
7ff038ea8000-7ff038eac000 r--s 00035000 fd:03 289473802                  /home/user/.m2/repository/org/codehaus/jackson/jackson-core-asl/1.9.13/jackson-core-asl-1.9.13.jar
7ff038eac000-7ff038ebe000 r--s 000d9000 fd:03 289277891                  /home/user/.m2/repository/com/sun/xml/bind/jaxb-impl/2.3.0.1/jaxb-impl-2.3.0.1.jar
7ff038ebe000-7ff038ec0000 r--s 0000f000 fd:03 289473839                  /home/user/.m2/repository/org/codehaus/jettison/jettison/1.1/jettison-1.1.jar
7ff038ec0000-7ff038ec4000 r--s 00025000 fd:03 289277833                  /home/user/.m2/repository/com/sun/jersey/jersey-json/1.19/jersey-json-1.19.jar
7ff038ec4000-7ff038ec8000 r--s 0001c000 fd:03 289277857                  /home/user/.m2/repository/com/sun/jersey/jersey-servlet/1.19/jersey-servlet-1.19.jar
7ff038ec8000-7ff038eca000 r--s 0000a000 fd:03 289342295                  /home/user/.m2/repository/javax/ws/rs/jsr311-api/1.1.1/jsr311-api-1.1.1.jar
7ff038eca000-7ff038ed4000 r--s 00061000 fd:03 289277824                  /home/user/.m2/repository/com/sun/jersey/jersey-core/1.19/jersey-core-1.19.jar
7ff038ed4000-7ff038ed7000 r--s 00016000 fd:03 289342251                  /home/user/.m2/repository/javax/servlet/jsp/jsp-api/2.1/jsp-api-2.1.jar
7ff038ed7000-7ff038ed8000 r--s 0000c000 fd:03 289538165                  /home/user/.m2/repository/org/eclipse/jetty/jetty-xml/9.3.25.v20180904/jetty-xml-9.3.25.v20180904.jar
7ff038ed8000-7ff038edb000 r--s 0001a000 fd:03 289538156                  /home/user/.m2/repository/org/eclipse/jetty/jetty-webapp/9.3.25.v20180904/jetty-webapp-9.3.25.v20180904.jar
7ff038edb000-7ff038ede000 r--s 00015000 fd:03 289538111                  /home/user/.m2/repository/org/eclipse/jetty/jetty-security/9.3.25.v20180904/jetty-security-9.3.25.v20180904.jar
7ff038ede000-7ff038ee1000 r--s 0001b000 fd:03 289538129                  /home/user/.m2/repository/org/eclipse/jetty/jetty-servlet/9.3.25.v20180904/jetty-servlet-9.3.25.v20180904.jar
7ff038ee1000-7ff038ee8000 r--s 00069000 fd:03 289538138                  /home/user/.m2/repository/org/eclipse/jetty/jetty-util/9.3.25.v20180904/jetty-util-9.3.25.v20180904.jar
7ff038ee8000-7ff038eec000 r--s 0001b000 fd:03 289538085                  /home/user/.m2/repository/org/eclipse/jetty/jetty-io/9.3.25.v20180904/jetty-io-9.3.25.v20180904.jar
7ff038eec000-7ff038eef000 r--s 00022000 fd:03 289538076                  /home/user/.m2/repository/org/eclipse/jetty/jetty-http/9.3.25.v20180904/jetty-http-9.3.25.v20180904.jar
7ff038eef000-7ff038ef7000 r--s 00078000 fd:03 289538120                  /home/user/.m2/repository/org/eclipse/jetty/jetty-server/9.3.25.v20180904/jetty-server-9.3.25.v20180904.jar
7ff038ef7000-7ff038efa000 r--s 00015000 fd:03 289342241                  /home/user/.m2/repository/javax/servlet/javax.servlet-api/3.1.0/javax.servlet-api-3.1.0.jar
7ff038efa000-7ff038f07000 r--s 00083000 fd:03 289278100                  /home/user/.m2/repository/commons-collections/commons-collections/3.2.2/commons-collections-3.2.2.jar
7ff038f07000-7ff038f0d000 r--s 00046000 fd:03 289341628                  /home/user/.m2/repository/commons-net/commons-net/3.6/commons-net-3.6.jar
7ff038f0d000-7ff038f11000 r--s 0002f000 fd:03 289341511                  /home/user/.m2/repository/commons-io/commons-io/2.5/commons-io-2.5.jar
7ff038f11000-7ff038f18000 r--s 0004b000 fd:03 289278030                  /home/user/.m2/repository/commons-codec/commons-codec/1.11/commons-codec-1.11.jar
7ff038f18000-7ff038f1f000 r--s 00049000 fd:03 289407081                  /home/user/.m2/repository/org/apache/httpcomponents/httpcore/4.4.4/httpcore-4.4.4.jar
7ff038f1f000-7ff038f2c000 r--s 000a7000 fd:03 289407023                  /home/user/.m2/repository/org/apache/httpcomponents/httpclient/4.5.2/httpclient-4.5.2.jar
7ff038f2c000-7ff038f49000 r--s 0016a000 fd:03 289342976                  /home/user/.m2/repository/org/apache/commons/commons-math3/3.1.1/commons-math3-3.1.1.jar
7ff038f49000-7ff038f4b000 r--s 00009000 fd:03 289278010                  /home/user/.m2/repository/commons-cli/commons-cli/1.2/commons-cli-1.2.jar
7ff038f4b000-7ff038fc4000 r--s 007c0000 fd:03 288293932                  /usr/lib/jvm/java-1.8-openjdk/lib/tools.jar
7ff038fc4000-7ff038fc5000 r--s 0000e000 fd:03 289343192                  /home/user/.m2/repository/org/apache/hadoop/hadoop-annotations/3.2.0/hadoop-annotations-3.2.0.jar
7ff038fc5000-7ff038ff0000 r--s 00297000 fd:03 289343219                  /home/user/.m2/repository/org/apache/hadoop/hadoop-common/3.2.0/hadoop-common-3.2.0-tests.jar
7ff038ff0000-7ff038ff2000 r--s 00002000 fd:03 95562964                   /home/user/.m2/repository/com/github/spotbugs/spotbugs-annotations/3.1.12/spotbugs-annotations-3.1.12.jar
7ff038ff2000-7ff038ff4000 r--s 00009000 fd:03 289539259                  /home/user/.m2/repository/org/slf4j/slf4j-api/1.7.25/slf4j-api-1.7.25.jar
7ff038ff4000-7ff038ff9000 r--s 00041000 fd:03 289341562                  /home/user/.m2/repository/commons-lang/commons-lang/2.6/commons-lang-2.6.jar
7ff038ff9000-7ff038fff000 r--s 00033000 fd:03 289342330                  /home/user/.m2/repository/jaxen/jaxen/1.1.6/jaxen-1.1.6.jar
7ff038fff000-7ff039004000 r--s 0004b000 fd:03 56761132                   /home/user/.m2/repository/org/dom4j/dom4j/2.1.1/dom4j-2.1.1.jar
7ff039004000-7ff039005000 r--s 00000000 fd:03 289342639                  /home/user/.m2/repository/net/jcip/jcip-annotations/1.0/jcip-annotations-1.0.jar
7ff039005000-7ff039010000 r--s 0009d000 fd:03 19471833                   /home/user/.m2/repository/org/apache/bcel/bcel/6.3/bcel-6.3.jar
7ff039010000-7ff039011000 r--s 00013000 fd:03 18489229                   /home/user/.m2/repository/org/ow2/asm/asm-util/7.0/asm-util-7.0.jar
7ff039011000-7ff039013000 r--s 0000b000 fd:03 18232181                   /home/user/.m2/repository/org/ow2/asm/asm-tree/7.0/asm-tree-7.0.jar
7ff039013000-7ff039015000 r--s 00012000 fd:03 18357831                   /home/user/.m2/repository/org/ow2/asm/asm-commons/7.0/asm-commons-7.0.jar
7ff039015000-7ff039017000 r--s 00007000 fd:03 319231420                  /home/user/.m2/repository/org/ow2/asm/asm-analysis/7.0/asm-analysis-7.0.jar
7ff039017000-7ff039019000 r--s 0000c000 fd:03 289538914                  /home/user/.m2/repository/org/ow2/asm/asm/5.0.4/asm-5.0.4.jar
7ff039019000-7ff039041000 r--s 00316000 fd:03 312742097                  /home/user/.m2/repository/com/github/spotbugs/spotbugs/3.1.12/spotbugs-3.1.12.jar
7ff039041000-7ff039043000 r--s 00005000 fd:03 289538826                  /home/user/.m2/repository/org/objenesis/objenesis/1.0/objenesis-1.0.jar
7ff039043000-7ff039045000 r--s 00009000 fd:03 289342591                  /home/user/.m2/repository/net/bytebuddy/byte-buddy-agent/1.9.10/byte-buddy-agent-1.9.10.jar
7ff039045000-7ff03908c000 r--s 002d9000 fd:03 289342558                  /home/user/.m2/repository/net/bytebuddy/byte-buddy/1.9.10/byte-buddy-1.9.10.jar
7ff03908c000-7ff03909d000 r--s 00080000 fd:03 289538745                  /home/user/.m2/repository/org/mockito/mockito-core/2.28.2/mockito-core-2.28.2.jar
7ff03909d000-7ff0390f5000 r--s 003a7000 fd:03 289473706                  /home/user/.m2/repository/org/bouncycastle/bcprov-jdk15on/1.60/bcprov-jdk15on-1.60.jar
7ff0390f5000-7ff039116000 r--s 00172000 fd:03 289277429                  /home/user/.m2/repository/com/google/guava/guava/11.0.2/guava-11.0.2.jar
7ff039116000-7ff03911e000 r--s 0007b000 fd:03 289277605                  /home/user/.m2/repository/com/google/protobuf/protobuf-java/2.5.0/protobuf-java-2.5.0.jar
7ff03911e000-7ff039123000 r--s 0003c000 fd:03 289341716                  /home/user/.m2/repository/info/picocli/picocli/3.9.6/picocli-3.9.6.jar
7ff039123000-7ff039127000 r--s 006b9000 fd:03 289539738                  /home/user/.m2/repository/org/xerial/sqlite-jdbc/3.25.2/sqlite-jdbc-3.25.2.jar
7ff039127000-7ff03912d000 r--s 0003c000 fd:03 289539776                  /home/user/.m2/repository/org/yaml/snakeyaml/1.16/snakeyaml-1.16.jar
7ff03912d000-7ff03912e000 r--s 00002000 fd:03 289342131                  /home/user/.m2/repository/io/opentracing/opentracing-noop/0.31.0/opentracing-noop-0.31.0.jar
7ff03912e000-7ff039130000 r--s 00002000 fd:03 289342122                  /home/user/.m2/repository/io/opentracing/opentracing-api/0.31.0/opentracing-api-0.31.0.jar
7ff039130000-7ff039131000 r--s 00001000 fd:03 289342140                  /home/user/.m2/repository/io/opentracing/opentracing-util/0.31.0/opentracing-util-0.31.0.jar
7ff039131000-7ff039132000 r--s 00001000 fd:03 289342107                  /home/user/.m2/repository/io/opentracing/contrib/opentracing-tracerresolver/0.1.5/opentracing-tracerresolver-0.1.5.jar
7ff039132000-7ff039133000 r--s 00000000 fd:03 289341920                  /home/user/.m2/repository/io/jaegertracing/jaeger-tracerresolver/0.34.0/jaeger-tracerresolver-0.34.0.jar
7ff039133000-7ff039137000 r--s 0001c000 fd:03 289341902                  /home/user/.m2/repository/io/jaegertracing/jaeger-core/0.34.0/jaeger-core-0.34.0.jar
7ff039137000-7ff039138000 r--s 00013000 fd:03 289277772                  /home/user/.m2/repository/com/squareup/okio/okio/1.13.0/okio-1.13.0.jar
7ff039138000-7ff03913e000 r--s 0005e000 fd:03 289277756                  /home/user/.m2/repository/com/squareup/okhttp3/okhttp/3.9.0/okhttp-3.9.0.jar
7ff03913e000-7ff039144000 r--s 00037000 fd:03 289473296                  /home/user/.m2/repository/org/apache/thrift/libthrift/0.12.0/libthrift-0.12.0.jar
7ff039144000-7ff039152000 r--s 0009e000 fd:03 289341911                  /home/user/.m2/repository/io/jaegertracing/jaeger-thrift/0.34.0/jaeger-thrift-0.34.0.jar
7ff039152000-7ff039153000 r--s 00000000 fd:03 289341893                  /home/user/.m2/repository/io/jaegertracing/jaeger-client/0.34.0/jaeger-client-0.34.0.jar
7ff039153000-7ff039157000 r--s 00020000 fd:03 289341445                  /home/user/.m2/repository/commons-digester/commons-digester/1.8.1/commons-digester-1.8.1.jar
7ff039157000-7ff03915b000 r--s 0002a000 fd:03 289341654                  /home/user/.m2/repository/commons-validator/commons-validator/1.6/commons-validator-1.6.jar
7ff03915b000-7ff03916e000 r--s 000b0000 fd:03 289473697                  /home/user/.m2/repository/org/bouncycastle/bcpkix-jdk15on/1.60/bcpkix-jdk15on-1.60.jar
7ff03916e000-7ff039171000 r--s 0001d000 fd:03 289343105                  /home/user/.m2/repository/org/apache/commons/commons-pool2/2.6.0/commons-pool2-2.6.0.jar
7ff039171000-7ff039174000 r--s 00012000 fd:03 289277701                  /home/user/.m2/repository/com/lmax/disruptor/3.4.2/disruptor-3.4.2.jar
7ff039174000-7ff039194000 r--s 00167000 fd:03 289407316                  /home/user/.m2/repository/org/apache/logging/log4j/log4j-core/2.11.0/log4j-core-2.11.0.jar
7ff039194000-7ff03919a000 r--s 0003b000 fd:03 289407307                  /home/user/.m2/repository/org/apache/logging/log4j/log4j-api/2.11.0/log4j-api-2.11.0.jar
7ff03919a000-7ff03919f000 r--s 00c4f000 fd:03 289539197                  /home/user/.m2/repository/org/rocksdb/rocksdbjni/6.0.1/rocksdbjni-6.0.1.jar
7ff03919f000-7ff0391a1000 r--s 00019000 fd:03 304622147                  /home/user/.m2/repository/org/apache/ratis/ratis-grpc/0.5.0-201fc85-SNAPSHOT/ratis-grpc-0.5.0-201fc85-SNAPSHOT.jar
7ff0391a1000-7ff0391a3000 r--s 00007000 fd:03 303177297                  /home/user/.m2/repository/org/apache/ratis/ratis-netty/0.5.0-201fc85-SNAPSHOT/ratis-netty-0.5.0-201fc85-SNAPSHOT.jar
7ff0391a3000-7ff0391a5000 r--s 00009000 fd:03 289341706                  /home/user/.m2/repository/info/ganglia/gmetric4j/gmetric4j/1.0.7/gmetric4j-1.0.7.jar
7ff0391a5000-7ff0391a6000 r--s 00002000 fd:03 289341737                  /home/user/.m2/repository/io/dropwizard/metrics/metrics-ganglia/3.2.5/metrics-ganglia-3.2.5.jar
7ff0391a6000-7ff0391a8000 r--s 00008000 fd:03 289341746                  /home/user/.m2/repository/io/dropwizard/metrics/metrics-jvm/3.2.5/metrics-jvm-3.2.5.jar
7ff0391a8000-7ff0391a9000 r--s 00003000 fd:03 289277218                  /home/user/.m2/repository/com/github/joshelser/dropwizard-metrics-hadoop-metrics2-reporter/0.1.2/dropwizard-metrics-hadoop-metrics2-reporter-0.1.2.jar
7ff0391a9000-7ff0391ab000 r--s 0000c000 fd:03 297279973                  /home/user/.m2/repository/org/apache/ratis/ratis-client/0.5.0-201fc85-SNAPSHOT/ratis-client-0.5.0-201fc85-SNAPSHOT.jar
7ff0391ab000-7ff0391b0000 r--s 0003a000 fd:03 297148780                  /home/user/.m2/repository/org/apache/ratis/ratis-common/0.5.0-201fc85-SNAPSHOT/ratis-common-0.5.0-201fc85-SNAPSHOT.jar
7ff0391b0000-7ff0391be000 r--s 0010d000 fd:03 296689410                  /home/user/.m2/repository/org/apache/ratis/ratis-proto/0.5.0-201fc85-SNAPSHOT/ratis-proto-0.5.0-201fc85-SNAPSHOT.jar
7ff0391be000-7ff039298000 r--s 00cc8000 fd:03 289473232                  /home/user/.m2/repository/org/apache/ratis/ratis-thirdparty-misc/0.2.0/ratis-thirdparty-misc-0.2.0.jar
7ff039298000-7ff03929d000 r--s 00053000 fd:03 293280694                  /home/user/.m2/repository/org/apache/ratis/ratis-server/0.5.0-201fc85-SNAPSHOT/ratis-server-0.5.0-201fc85-SNAPSHOT.jar
7ff03929d000-7ff03929f000 r--s 00005000 fd:03 289342180                  /home/user/.m2/repository/javax/annotation/javax.annotation-api/1.2/javax.annotation-api-1.2.jar
7ff03929f000-7ff0392e4000 r--s 00486000 fd:03 289343289                  /home/user/.m2/repository/org/apache/hadoop/hadoop-hdfs-client/3.2.0/hadoop-hdfs-client-3.2.0.jar
7ff0392e4000-7ff03930b000 r--s 00205000 fd:03 289341952                  /home/user/.m2/repository/io/netty/netty-all/4.0.52.Final/netty-all-4.0.52.Final.jar
7ff03930b000-7ff039324000 r--s 0012c000 fd:03 289341930                  /home/user/.m2/repository/io/netty/netty/3.10.5.Final/netty-3.10.5.Final.jar
7ff039324000-7ff03936c000 r--s 00557000 fd:03 289343266                  /home/user/.m2/repository/org/apache/hadoop/hadoop-hdfs/3.2.0/hadoop-hdfs-3.2.0.jar
7ff03936c000-7ff0393aa000 r--s 003aa000 fd:03 289343222                  /home/user/.m2/repository/org/apache/hadoop/hadoop-common/3.2.0/hadoop-common-3.2.0.jar
7ff0393aa000-7ff0393ad000 ---p 00000000 00:00 0 
7ff0393ad000-7ff0394ab000 rw-p 00000000 00:00 0 
7ff0394ab000-7ff0396b2000 r-xp 00000000 fd:03 288293755                  /usr/lib/jvm/java-1.8-openjdk/jre/lib/amd64/libmanagement.so
7ff0396b2000-7ff0396b3000 r--p 00007000 fd:03 288293755                  /usr/lib/jvm/java-1.8-openjdk/jre/lib/amd64/libmanagement.so
7ff0396b3000-7ff0396b4000 rw-p 00008000 fd:03 288293755                  /usr/lib/jvm/java-1.8-openjdk/jre/lib/amd64/libmanagement.so
7ff0396b4000-7ff0396b7000 ---p 00000000 00:00 0 
7ff0396b7000-7ff0397b5000 rw-p 00000000 00:00 0 
7ff0397b5000-7ff0397b6000 ---p 00000000 00:00 0 
7ff0397b6000-7ff0398b7000 rw-p 00000000 00:00 0 
7ff0398b7000-7ff0398ba000 ---p 00000000 00:00 0 
7ff0398ba000-7ff0399b8000 rw-p 00000000 00:00 0 
7ff0399b8000-7ff0399b9000 ---p 00000000 00:00 0 
7ff0399b9000-7ff0399bc000 ---p 00000000 00:00 0 
7ff0399bc000-7ff039aba000 rw-p 00000000 00:00 0 
7ff039aba000-7ff039abb000 ---p 00000000 00:00 0 
7ff039abb000-7ff039abe000 ---p 00000000 00:00 0 
7ff039abe000-7ff039bbc000 rw-p 00000000 00:00 0 
7ff039bbc000-7ff039bbf000 ---p 00000000 00:00 0 
7ff039bbf000-7ff039cbd000 rw-p 00000000 00:00 0 
7ff039cbd000-7ff039cc0000 ---p 00000000 00:00 0 
7ff039cc0000-7ff039dbe000 rw-p 00000000 00:00 0 
7ff039dbe000-7ff039dc1000 ---p 00000000 00:00 0 
7ff039dc1000-7ff039ebf000 rw-p 00000000 00:00 0 
7ff039ebf000-7ff039ec0000 ---p 00000000 00:00 0 
7ff039ec0000-7ff03a8ca000 rw-p 00000000 00:00 0 
7ff03a8ca000-7ff03aa9a000 r--s 01f56000 fd:03 288293825                  /usr/lib/jvm/java-1.8-openjdk/jre/lib/rt.jar
7ff03aa9a000-7ff03f710000 rw-p 00000000 00:00 0 
7ff03f710000-7ff03f711000 ---p 00000000 00:00 0 
7ff03f711000-7ff03f812000 rw-p 00000000 00:00 0 
7ff03f812000-7ff03f813000 ---p 00000000 00:00 0 
7ff03f813000-7ff03fab6000 rw-p 00000000 00:00 0 
7ff03fab6000-7ff03fbbf000 ---p 00000000 00:00 0 
7ff03fbbf000-7ff03fd61000 rw-p 00000000 00:00 0 
7ff03fd61000-7ff03fe69000 ---p 00000000 00:00 0 
7ff03fe69000-7ff03ffde000 rw-p 00000000 00:00 0 
7ff03ffde000-7ff040380000 ---p 00000000 00:00 0 
7ff040380000-7ff040b00000 rwxp 00000000 00:00 0 
7ff040b00000-7ff04f380000 ---p 00000000 00:00 0 
7ff04f380000-7ff04f587000 r-xp 00000000 fd:03 288293764                  /usr/lib/jvm/java-1.8-openjdk/jre/lib/amd64/libzip.so
7ff04f587000-7ff04f588000 r--p 00007000 fd:03 288293764                  /usr/lib/jvm/java-1.8-openjdk/jre/lib/amd64/libzip.so
7ff04f588000-7ff04f589000 rw-p 00008000 fd:03 288293764                  /usr/lib/jvm/java-1.8-openjdk/jre/lib/amd64/libzip.so
7ff04f589000-7ff04f7b4000 r-xp 00000000 fd:03 288293745                  /usr/lib/jvm/java-1.8-openjdk/jre/lib/amd64/libjava.so
7ff04f7b4000-7ff04f7b5000 r--p 0002b000 fd:03 288293745                  /usr/lib/jvm/java-1.8-openjdk/jre/lib/amd64/libjava.so
7ff04f7b5000-7ff04f7b6000 rw-p 0002c000 fd:03 288293745                  /usr/lib/jvm/java-1.8-openjdk/jre/lib/amd64/libjava.so
7ff04f7b6000-7ff04f7b7000 rw-p 00000000 00:00 0 
7ff04f7b7000-7ff04f9c3000 r-xp 00000000 fd:03 288293763                  /usr/lib/jvm/java-1.8-openjdk/jre/lib/amd64/libverify.so
7ff04f9c3000-7ff04f9c5000 r--p 0000c000 fd:03 288293763                  /usr/lib/jvm/java-1.8-openjdk/jre/lib/amd64/libverify.so
7ff04f9c5000-7ff04f9c6000 rw-p 0000e000 fd:03 288293763                  /usr/lib/jvm/java-1.8-openjdk/jre/lib/amd64/libverify.so
7ff04f9c6000-7ff04fbd6000 r-xp 00000000 fd:03 288294014                  /usr/lib/libgcc_s.so.1
7ff04fbd6000-7ff04fbd7000 r--p 00010000 fd:03 288294014                  /usr/lib/libgcc_s.so.1
7ff04fbd7000-7ff04fbd8000 rw-p 00011000 fd:03 288294014                  /usr/lib/libgcc_s.so.1
7ff04fbd8000-7ff04ff19000 r-xp 00000000 fd:03 288294289                  /usr/lib/libstdc++.so.6.0.22
7ff04ff19000-7ff04ff27000 r--p 00141000 fd:03 288294289                  /usr/lib/libstdc++.so.6.0.22
7ff04ff27000-7ff04ff28000 rw-p 0014f000 fd:03 288294289                  /usr/lib/libstdc++.so.6.0.22
7ff04ff28000-7ff04ff2b000 rw-p 00000000 00:00 0 
7ff04ff2b000-7ff0508ff000 r-xp 00000000 fd:03 288293768                  /usr/lib/jvm/java-1.8-openjdk/jre/lib/amd64/server/libjvm.so
7ff0508ff000-7ff050995000 r--p 007d4000 fd:03 288293768                  /usr/lib/jvm/java-1.8-openjdk/jre/lib/amd64/server/libjvm.so
7ff050995000-7ff0509bd000 rw-p 0086a000 fd:03 288293768                  /usr/lib/jvm/java-1.8-openjdk/jre/lib/amd64/server/libjvm.so
7ff0509bd000-7ff0509ee000 rw-p 00000000 00:00 0 
7ff0509ee000-7ff050c03000 r-xp 00000000 fd:03 132383751                  /lib/libz.so.1.2.11
7ff050c03000-7ff050c04000 r--p 00015000 fd:03 132383751                  /lib/libz.so.1.2.11
7ff050c04000-7ff050c05000 rw-p 00016000 fd:03 132383751                  /lib/libz.so.1.2.11
7ff050c05000-7ff050e11000 r-xp 00000000 fd:03 288293729                  /usr/lib/jvm/java-1.8-openjdk/jre/lib/amd64/jli/libjli.so
7ff050e11000-7ff050e12000 r--p 0000c000 fd:03 288293729                  /usr/lib/jvm/java-1.8-openjdk/jre/lib/amd64/jli/libjli.so
7ff050e12000-7ff050e13000 rw-p 0000d000 fd:03 288293729                  /usr/lib/jvm/java-1.8-openjdk/jre/lib/amd64/jli/libjli.so
7ff050e13000-7ff050ea0000 r-xp 00000000 fd:03 288227753                  /lib/ld-musl-x86_64.so.1
7ff050ea0000-7ff050ea1000 r--s 00006000 fd:03 302916715                  /home/user/.m2/repository/org/apache/ratis/ratis-metrics/0.5.0-201fc85-SNAPSHOT/ratis-metrics-0.5.0-201fc85-SNAPSHOT.jar
7ff050ea1000-7ff050ea4000 r--s 0000e000 fd:03 289276955                  /home/user/.m2/repository/com/fasterxml/jackson/core/jackson-annotations/2.9.9/jackson-annotations-2.9.9.jar
7ff050ea4000-7ff050ea7000 r--s 000fd000 fd:03 289538227                  /home/user/.m2/repository/org/fusesource/leveldbjni/leveldbjni-all/1.8/leveldbjni-all-1.8.jar
7ff050ea7000-7ff050ea8000 r--s 00005000 fd:03 289278122                  /home/user/.m2/repository/commons-daemon/commons-daemon/1.0.13/commons-daemon-1.0.13.jar
7ff050ea8000-7ff050eaa000 r--s 00008000 fd:03 289538147                  /home/user/.m2/repository/org/eclipse/jetty/jetty-util-ajax/9.3.25.v20180904/jetty-util-ajax-9.3.25.v20180904.jar
7ff050eaa000-7ff050eae000 r--s 00014000 fd:03 289539694                  /home/user/.m2/repository/org/tukaani/xz/1.0/xz-1.0.jar
7ff050eae000-7ff050eb3000 r--s 00036000 fd:03 289342918                  /home/user/.m2/repository/org/apache/commons/commons-compress/1.4.1/commons-compress-1.4.1.jar
7ff050eb3000-7ff050eb5000 r--s 00002000 fd:03 289472921                  /home/user/.m2/repository/org/apache/maven/surefire/surefire-logger-api/3.0.0-M1/surefire-logger-api-3.0.0-M1.jar
7ff050eb5000-7ff050eba000 r--s 00027000 fd:03 289472903                  /home/user/.m2/repository/org/apache/maven/surefire/surefire-api/3.0.0-M1/surefire-api-3.0.0-M1.jar
7ff050eba000-7ff050ec0000 r--s 00047000 fd:03 289472912                  /home/user/.m2/repository/org/apache/maven/surefire/surefire-booter/3.0.0-M1/surefire-booter-3.0.0-M1.jar
7ff050ec0000-7ff050ec1000 r--s 00004000 fd:05 4851104                    /workdir/hadoop-ozone/ozone-manager/target/surefire/surefirebooter7571381678052577364.jar
7ff050ec1000-7ff050ec2000 r--s 00000000 fd:03 132383687                  /etc/localtime
7ff050ec2000-7ff050f93000 rw-p 00000000 00:00 0 
7ff050f93000-7ff050f9b000 rw-s 00000000 fd:03 263588310                  /tmp/hsperfdata_jenkins1000/14549
7ff050f9b000-7ff050f9c000 rw-p 00000000 00:00 0 
7ff050f9c000-7ff050f9d000 r--p 00000000 00:00 0 
7ff050f9d000-7ff050f9f000 ---p 00000000 00:00 0 
7ff050f9f000-7ff050fa2000 ---p 00000000 00:00 0 
7ff050fa2000-7ff0510a0000 rw-p 00000000 00:00 0 
7ff0510a0000-7ff0510a1000 r--p 0008d000 fd:03 288227753                  /lib/ld-musl-x86_64.so.1
7ff0510a1000-7ff0510a2000 rw-p 0008e000 fd:03 288227753                  /lib/ld-musl-x86_64.so.1
7ff0510a2000-7ff0510a5000 rw-p 00000000 00:00 0 
7ffe8c93e000-7ffe8c960000 rw-p 00000000 00:00 0                          [stack]
7ffe8c9d6000-7ffe8c9d8000 r-xp 00000000 00:00 0                          [vdso]
ffffffffff600000-ffffffffff601000 r-xp 00000000 00:00 0                  [vsyscall]

VM Arguments:
jvm_args: -Xmx2048m -XX:+HeapDumpOnOutOfMemoryError 
java_command: /workdir/hadoop-ozone/ozone-manager/target/surefire/surefirebooter7571381678052577364.jar /workdir/hadoop-ozone/ozone-manager/target/surefire 2019-10-09T05-19-50_012-jvmRun1 surefire7868191276040582350tmp surefire_571942937408237999578tmp
java_class_path (initial): /workdir/hadoop-ozone/ozone-manager/target/surefire/surefirebooter7571381678052577364.jar
Launcher Type: SUN_STANDARD

Environment Variables:
PATH=/usr/local/sbin:/usr/local/bin:/usr/sbin:/usr/bin:/sbin:/bin:/opt/findbugs/bin:/opt/blockade/bin
LD_LIBRARY_PATH=/usr/lib/jvm/java-1.8-openjdk/jre/lib/amd64/server:/usr/lib/jvm/java-1.8-openjdk/jre/lib/amd64:/usr/lib/jvm/java-1.8-openjdk/jre/../lib/amd64:/workdir/hadoop-ozone/ozone-manager/target/native/target/usr/local/lib:/workdir/hadoop-ozone/ozone-manager/../../hadoop-common-project/hadoop-common/target/native/target/usr/local/lib
DYLD_LIBRARY_PATH=${env.DYLD_LIBRARY_PATH}:/workdir/hadoop-ozone/ozone-manager/target/native/target/usr/local/lib:/workdir/hadoop-ozone/ozone-manager/../../hadoop-common-project/hadoop-common/target/native/target/usr/local/lib

Signal Handlers:
SIGSEGV: [libjvm.so+0x600fd2], sa_mask[0]=11111111011111111101111111111110, sa_flags=SA_RESTART|SA_SIGINFO
SIGBUS: [libjvm.so+0x600fd2], sa_mask[0]=11111111011111111101111111111110, sa_flags=SA_RESTART|SA_SIGINFO
SIGFPE: [libjvm.so+0x539502], sa_mask[0]=11111111011111111101111111111110, sa_flags=SA_RESTART|SA_SIGINFO
SIGPIPE: [libjvm.so+0x539502], sa_mask[0]=11111111011111111101111111111110, sa_flags=SA_RESTART|SA_SIGINFO
SIGXFSZ: [libjvm.so+0x539502], sa_mask[0]=11111111011111111101111111111110, sa_flags=SA_RESTART|SA_SIGINFO
SIGILL: [libjvm.so+0x539502], sa_mask[0]=11111111011111111101111111111110, sa_flags=SA_RESTART|SA_SIGINFO
SIGUSR1: SIG_DFL, sa_mask[0]=00000000000000000000000000000000, sa_flags=none
SIGUSR2: [libjvm.so+0x5396a1], sa_mask[0]=00100000000000000000000000000000, sa_flags=SA_RESTART|SA_SIGINFO
SIGHUP: [libjvm.so+0x53b719], sa_mask[0]=11111111011111111101111111111110, sa_flags=SA_RESTART|SA_SIGINFO
SIGINT: [libjvm.so+0x53b719], sa_mask[0]=11111111011111111101111111111110, sa_flags=SA_RESTART|SA_SIGINFO
SIGTERM: [libjvm.so+0x53b719], sa_mask[0]=11111111011111111101111111111110, sa_flags=SA_RESTART|SA_SIGINFO
SIGQUIT: [libjvm.so+0x53b719], sa_mask[0]=11111111011111111101111111111110, sa_flags=SA_RESTART|SA_SIGINFO


---------------  S Y S T E M  ---------------

OS:NAME="Alpine Linux"
ID=alpine
VERSION_ID=3.8.2
PRETTY_NAME="Alpine Linux v3.8"
HOME_URL="http://alpinelinux.org"
BUG_REPORT_URL="http://bugs.alpinelinux.org"

uname:Linux 3.10.0-957.12.2.el7.x86_64 #1 SMP Tue May 14 21:24:32 UTC 2019 x86_64
libc:glibc 2.9 NPTL 
rlimit: STACK 8192k, CORE infinity, NPROC 1048576, NOFILE 1048576, AS infinity
load average:24.72 175.36 179.33

/proc/meminfo:
MemTotal:       263864176 kB
MemFree:        15752036 kB
MemAvailable:   138490896 kB
Buffers:        13870332 kB
Cached:         89338760 kB
SwapCached:            0 kB
Active:         177830424 kB
Inactive:       40767620 kB
Active(anon):   118085672 kB
Inactive(anon):  1825484 kB
Active(file):   59744752 kB
Inactive(file): 38942136 kB
Unevictable:       13856 kB
Mlocked:           13856 kB
SwapTotal:             0 kB
SwapFree:              0 kB
Dirty:             90772 kB
Writeback:          3008 kB
AnonPages:      115403620 kB
Mapped:           338968 kB
Shmem:           4518108 kB
Slab:           26913552 kB
SReclaimable:   24936064 kB
SUnreclaim:      1977488 kB
KernelStack:      486592 kB
PageTables:       331500 kB
NFS_Unstable:          0 kB
Bounce:                0 kB
WritebackTmp:          0 kB
CommitLimit:    131932088 kB
Committed_AS:   176865408 kB
VmallocTotal:   34359738367 kB
VmallocUsed:      735716 kB
VmallocChunk:   34224624072 kB
HardwareCorrupted:     0 kB
AnonHugePages:   4151296 kB
CmaTotal:              0 kB
CmaFree:               0 kB
HugePages_Total:       0
HugePages_Free:        0
HugePages_Rsvd:        0
HugePages_Surp:        0
Hugepagesize:       2048 kB
DirectMap4k:      324344 kB
DirectMap2M:    10053632 kB
DirectMap1G:    260046848 kB

container (cgroup) information:
container_type: cgroupv1
cpu_cpuset_cpus: 0-31
cpu_memory_nodes: 0-1
active_processor_count: 2
cpu_quota: -1
cpu_period: 100000
cpu_shares: 2048
memory_limit_in_bytes: -1
memory_and_swap_limit_in_bytes: -1
memory_soft_limit_in_bytes: -1
memory_usage_in_bytes: 5443305472
memory_max_usage_in_bytes: 5443858432


CPU:total 32 (initial active 2) (8 cores per cpu, 2 threads per core) family 6 model 63 stepping 2, cmov, cx8, fxsr, mmx, sse, sse2, sse3, ssse3, sse4.1, sse4.2, popcnt, avx, avx2, aes, clmul, erms, lzcnt, ht, tsc, tscinvbit, bmi1, bmi2

/proc/cpuinfo:
processor	: 0
vendor_id	: GenuineIntel
cpu family	: 6
model		: 63
model name	: Intel(R) Xeon(R) CPU E5-2630 v3 @ 2.40GHz
stepping	: 2
microcode	: 0x43
cpu MHz		: 2599.951
cache size	: 20480 KB
physical id	: 0
siblings	: 16
core id		: 0
cpu cores	: 8
apicid		: 0
initial apicid	: 0
fpu		: yes
fpu_exception	: yes
cpuid level	: 15
wp		: yes
flags		: fpu vme de pse tsc msr pae mce cx8 apic sep mtrr pge mca cmov pat pse36 clflush dts acpi mmx fxsr sse sse2 ss ht tm pbe syscall nx pdpe1gb rdtscp lm constant_tsc arch_perfmon pebs bts rep_good nopl xtopology nonstop_tsc aperfmperf eagerfpu pni pclmulqdq dtes64 monitor ds_cpl vmx smx est tm2 ssse3 sdbg fma cx16 xtpr pdcm pcid dca sse4_1 sse4_2 x2apic movbe popcnt tsc_deadline_timer aes xsave avx f16c rdrand lahf_lm abm epb intel_ppin ssbd ibrs ibpb stibp tpr_shadow vnmi flexpriority ept vpid fsgsbase tsc_adjust bmi1 avx2 smep bmi2 erms invpcid cqm xsaveopt cqm_llc cqm_occup_llc dtherm ida arat pln pts md_clear spec_ctrl intel_stibp flush_l1d
bogomips	: 4788.52
clflush size	: 64
cache_alignment	: 64
address sizes	: 46 bits physical, 48 bits virtual
power management:

processor	: 1
vendor_id	: GenuineIntel
cpu family	: 6
model		: 63
model name	: Intel(R) Xeon(R) CPU E5-2630 v3 @ 2.40GHz
stepping	: 2
microcode	: 0x43
cpu MHz		: 2599.951
cache size	: 20480 KB
physical id	: 0
siblings	: 16
core id		: 1
cpu cores	: 8
apicid		: 2
initial apicid	: 2
fpu		: yes
fpu_exception	: yes
cpuid level	: 15
wp		: yes
flags		: fpu vme de pse tsc msr pae mce cx8 apic sep mtrr pge mca cmov pat pse36 clflush dts acpi mmx fxsr sse sse2 ss ht tm pbe syscall nx pdpe1gb rdtscp lm constant_tsc arch_perfmon pebs bts rep_good nopl xtopology nonstop_tsc aperfmperf eagerfpu pni pclmulqdq dtes64 monitor ds_cpl vmx smx est tm2 ssse3 sdbg fma cx16 xtpr pdcm pcid dca sse4_1 sse4_2 x2apic movbe popcnt tsc_deadline_timer aes xsave avx f16c rdrand lahf_lm abm epb intel_ppin ssbd ibrs ibpb stibp tpr_shadow vnmi flexpriority ept vpid fsgsbase tsc_adjust bmi1 avx2 smep bmi2 erms invpcid cqm xsaveopt cqm_llc cqm_occup_llc dtherm ida arat pln pts md_clear spec_ctrl intel_stibp flush_l1d
bogomips	: 4788.52
clflush size	: 64
cache_alignment	: 64
address sizes	: 46 bits physical, 48 bits virtual
power management:

processor	: 2
vendor_id	: GenuineIntel
cpu family	: 6
model		: 63
model name	: Intel(R) Xeon(R) CPU E5-2630 v3 @ 2.40GHz
stepping	: 2
microcode	: 0x43
cpu MHz		: 2603.173
cache size	: 20480 KB
physical id	: 0
siblings	: 16
core id		: 2
cpu cores	: 8
apicid		: 4
initial apicid	: 4
fpu		: yes
fpu_exception	: yes
cpuid level	: 15
wp		: yes
flags		: fpu vme de pse tsc msr pae mce cx8 apic sep mtrr pge mca cmov pat pse36 clflush dts acpi mmx fxsr sse sse2 ss ht tm pbe syscall nx pdpe1gb rdtscp lm constant_tsc arch_perfmon pebs bts rep_good nopl xtopology nonstop_tsc aperfmperf eagerfpu pni pclmulqdq dtes64 monitor ds_cpl vmx smx est tm2 ssse3 sdbg fma cx16 xtpr pdcm pcid dca sse4_1 sse4_2 x2apic movbe popcnt tsc_deadline_timer aes xsave avx f16c rdrand lahf_lm abm epb intel_ppin ssbd ibrs ibpb stibp tpr_shadow vnmi flexpriority ept vpid fsgsbase tsc_adjust bmi1 avx2 smep bmi2 erms invpcid cqm xsaveopt cqm_llc cqm_occup_llc dtherm ida arat pln pts md_clear spec_ctrl intel_stibp flush_l1d
bogomips	: 4788.52
clflush size	: 64
cache_alignment	: 64
address sizes	: 46 bits physical, 48 bits virtual
power management:

processor	: 3
vendor_id	: GenuineIntel
cpu family	: 6
model		: 63
model name	: Intel(R) Xeon(R) CPU E5-2630 v3 @ 2.40GHz
stepping	: 2
microcode	: 0x43
cpu MHz		: 2599.951
cache size	: 20480 KB
physical id	: 0
siblings	: 16
core id		: 3
cpu cores	: 8
apicid		: 6
initial apicid	: 6
fpu		: yes
fpu_exception	: yes
cpuid level	: 15
wp		: yes
flags		: fpu vme de pse tsc msr pae mce cx8 apic sep mtrr pge mca cmov pat pse36 clflush dts acpi mmx fxsr sse sse2 ss ht tm pbe syscall nx pdpe1gb rdtscp lm constant_tsc arch_perfmon pebs bts rep_good nopl xtopology nonstop_tsc aperfmperf eagerfpu pni pclmulqdq dtes64 monitor ds_cpl vmx smx est tm2 ssse3 sdbg fma cx16 xtpr pdcm pcid dca sse4_1 sse4_2 x2apic movbe popcnt tsc_deadline_timer aes xsave avx f16c rdrand lahf_lm abm epb intel_ppin ssbd ibrs ibpb stibp tpr_shadow vnmi flexpriority ept vpid fsgsbase tsc_adjust bmi1 avx2 smep bmi2 erms invpcid cqm xsaveopt cqm_llc cqm_occup_llc dtherm ida arat pln pts md_clear spec_ctrl intel_stibp flush_l1d
bogomips	: 4788.52
clflush size	: 64
cache_alignment	: 64
address sizes	: 46 bits physical, 48 bits virtual
power management:

processor	: 4
vendor_id	: GenuineIntel
cpu family	: 6
model		: 63
model name	: Intel(R) Xeon(R) CPU E5-2630 v3 @ 2.40GHz
stepping	: 2
microcode	: 0x43
cpu MHz		: 2601.416
cache size	: 20480 KB
physical id	: 0
siblings	: 16
core id		: 4
cpu cores	: 8
apicid		: 8
initial apicid	: 8
fpu		: yes
fpu_exception	: yes
cpuid level	: 15
wp		: yes
flags		: fpu vme de pse tsc msr pae mce cx8 apic sep mtrr pge mca cmov pat pse36 clflush dts acpi mmx fxsr sse sse2 ss ht tm pbe syscall nx pdpe1gb rdtscp lm constant_tsc arch_perfmon pebs bts rep_good nopl xtopology nonstop_tsc aperfmperf eagerfpu pni pclmulqdq dtes64 monitor ds_cpl vmx smx est tm2 ssse3 sdbg fma cx16 xtpr pdcm pcid dca sse4_1 sse4_2 x2apic movbe popcnt tsc_deadline_timer aes xsave avx f16c rdrand lahf_lm abm epb intel_ppin ssbd ibrs ibpb stibp tpr_shadow vnmi flexpriority ept vpid fsgsbase tsc_adjust bmi1 avx2 smep bmi2 erms invpcid cqm xsaveopt cqm_llc cqm_occup_llc dtherm ida arat pln pts md_clear spec_ctrl intel_stibp flush_l1d
bogomips	: 4788.52
clflush size	: 64
cache_alignment	: 64
address sizes	: 46 bits physical, 48 bits virtual
power management:

processor	: 5
vendor_id	: GenuineIntel
cpu family	: 6
model		: 63
model name	: Intel(R) Xeon(R) CPU E5-2630 v3 @ 2.40GHz
stepping	: 2
microcode	: 0x43
cpu MHz		: 2602.880
cache size	: 20480 KB
physical id	: 0
siblings	: 16
core id		: 5
cpu cores	: 8
apicid		: 10
initial apicid	: 10
fpu		: yes
fpu_exception	: yes
cpuid level	: 15
wp		: yes
flags		: fpu vme de pse tsc msr pae mce cx8 apic sep mtrr pge mca cmov pat pse36 clflush dts acpi mmx fxsr sse sse2 ss ht tm pbe syscall nx pdpe1gb rdtscp lm constant_tsc arch_perfmon pebs bts rep_good nopl xtopology nonstop_tsc aperfmperf eagerfpu pni pclmulqdq dtes64 monitor ds_cpl vmx smx est tm2 ssse3 sdbg fma cx16 xtpr pdcm pcid dca sse4_1 sse4_2 x2apic movbe popcnt tsc_deadline_timer aes xsave avx f16c rdrand lahf_lm abm epb intel_ppin ssbd ibrs ibpb stibp tpr_shadow vnmi flexpriority ept vpid fsgsbase tsc_adjust bmi1 avx2 smep bmi2 erms invpcid cqm xsaveopt cqm_llc cqm_occup_llc dtherm ida arat pln pts md_clear spec_ctrl intel_stibp flush_l1d
bogomips	: 4788.52
clflush size	: 64
cache_alignment	: 64
address sizes	: 46 bits physical, 48 bits virtual
power management:

processor	: 6
vendor_id	: GenuineIntel
cpu family	: 6
model		: 63
model name	: Intel(R) Xeon(R) CPU E5-2630 v3 @ 2.40GHz
stepping	: 2
microcode	: 0x43
cpu MHz		: 2599.951
cache size	: 20480 KB
physical id	: 0
siblings	: 16
core id		: 6
cpu cores	: 8
apicid		: 12
initial apicid	: 12
fpu		: yes
fpu_exception	: yes
cpuid level	: 15
wp		: yes
flags		: fpu vme de pse tsc msr pae mce cx8 apic sep mtrr pge mca cmov pat pse36 clflush dts acpi mmx fxsr sse sse2 ss ht tm pbe syscall nx pdpe1gb rdtscp lm constant_tsc arch_perfmon pebs bts rep_good nopl xtopology nonstop_tsc aperfmperf eagerfpu pni pclmulqdq dtes64 monitor ds_cpl vmx smx est tm2 ssse3 sdbg fma cx16 xtpr pdcm pcid dca sse4_1 sse4_2 x2apic movbe popcnt tsc_deadline_timer aes xsave avx f16c rdrand lahf_lm abm epb intel_ppin ssbd ibrs ibpb stibp tpr_shadow vnmi flexpriority ept vpid fsgsbase tsc_adjust bmi1 avx2 smep bmi2 erms invpcid cqm xsaveopt cqm_llc cqm_occup_llc dtherm ida arat pln pts md_clear spec_ctrl intel_stibp flush_l1d
bogomips	: 4788.52
clflush size	: 64
cache_alignment	: 64
address sizes	: 46 bits physical, 48 bits virtual
power management:

processor	: 7
vendor_id	: GenuineIntel
cpu family	: 6
model		: 63
model name	: Intel(R) Xeon(R) CPU E5-2630 v3 @ 2.40GHz
stepping	: 2
microcode	: 0x43
cpu MHz		: 2599.804
cache size	: 20480 KB
physical id	: 0
siblings	: 16
core id		: 7
cpu cores	: 8
apicid		: 14
initial apicid	: 14
fpu		: yes
fpu_exception	: yes
cpuid level	: 15
wp		: yes
flags		: fpu vme de pse tsc msr pae mce cx8 apic sep mtrr pge mca cmov pat pse36 clflush dts acpi mmx fxsr sse sse2 ss ht tm pbe syscall nx pdpe1gb rdtscp lm constant_tsc arch_perfmon pebs bts rep_good nopl xtopology nonstop_tsc aperfmperf eagerfpu pni pclmulqdq dtes64 monitor ds_cpl vmx smx est tm2 ssse3 sdbg fma cx16 xtpr pdcm pcid dca sse4_1 sse4_2 x2apic movbe popcnt tsc_deadline_timer aes xsave avx f16c rdrand lahf_lm abm epb intel_ppin ssbd ibrs ibpb stibp tpr_shadow vnmi flexpriority ept vpid fsgsbase tsc_adjust bmi1 avx2 smep bmi2 erms invpcid cqm xsaveopt cqm_llc cqm_occup_llc dtherm ida arat pln pts md_clear spec_ctrl intel_stibp flush_l1d
bogomips	: 4788.52
clflush size	: 64
cache_alignment	: 64
address sizes	: 46 bits physical, 48 bits virtual
power management:

processor	: 8
vendor_id	: GenuineIntel
cpu family	: 6
model		: 63
model name	: Intel(R) Xeon(R) CPU E5-2630 v3 @ 2.40GHz
stepping	: 2
microcode	: 0x43
cpu MHz		: 2697.802
cache size	: 20480 KB
physical id	: 1
siblings	: 16
core id		: 0
cpu cores	: 8
apicid		: 16
initial apicid	: 16
fpu		: yes
fpu_exception	: yes
cpuid level	: 15
wp		: yes
flags		: fpu vme de pse tsc msr pae mce cx8 apic sep mtrr pge mca cmov pat pse36 clflush dts acpi mmx fxsr sse sse2 ss ht tm pbe syscall nx pdpe1gb rdtscp lm constant_tsc arch_perfmon pebs bts rep_good nopl xtopology nonstop_tsc aperfmperf eagerfpu pni pclmulqdq dtes64 monitor ds_cpl vmx smx est tm2 ssse3 sdbg fma cx16 xtpr pdcm pcid dca sse4_1 sse4_2 x2apic movbe popcnt tsc_deadline_timer aes xsave avx f16c rdrand lahf_lm abm epb intel_ppin ssbd ibrs ibpb stibp tpr_shadow vnmi flexpriority ept vpid fsgsbase tsc_adjust bmi1 avx2 smep bmi2 erms invpcid cqm xsaveopt cqm_llc cqm_occup_llc dtherm ida arat pln pts md_clear spec_ctrl intel_stibp flush_l1d
bogomips	: 4794.04
clflush size	: 64
cache_alignment	: 64
address sizes	: 46 bits physical, 48 bits virtual
power management:

processor	: 9
vendor_id	: GenuineIntel
cpu family	: 6
model		: 63
model name	: Intel(R) Xeon(R) CPU E5-2630 v3 @ 2.40GHz
stepping	: 2
microcode	: 0x43
cpu MHz		: 1979.736
cache size	: 20480 KB
physical id	: 1
siblings	: 16
core id		: 1
cpu cores	: 8
apicid		: 18
initial apicid	: 18
fpu		: yes
fpu_exception	: yes
cpuid level	: 15
wp		: yes
flags		: fpu vme de pse tsc msr pae mce cx8 apic sep mtrr pge mca cmov pat pse36 clflush dts acpi mmx fxsr sse sse2 ss ht tm pbe syscall nx pdpe1gb rdtscp lm constant_tsc arch_perfmon pebs bts rep_good nopl xtopology nonstop_tsc aperfmperf eagerfpu pni pclmulqdq dtes64 monitor ds_cpl vmx smx est tm2 ssse3 sdbg fma cx16 xtpr pdcm pcid dca sse4_1 sse4_2 x2apic movbe popcnt tsc_deadline_timer aes xsave avx f16c rdrand lahf_lm abm epb intel_ppin ssbd ibrs ibpb stibp tpr_shadow vnmi flexpriority ept vpid fsgsbase tsc_adjust bmi1 avx2 smep bmi2 erms invpcid cqm xsaveopt cqm_llc cqm_occup_llc dtherm ida arat pln pts md_clear spec_ctrl intel_stibp flush_l1d
bogomips	: 4794.04
clflush size	: 64
cache_alignment	: 64
address sizes	: 46 bits physical, 48 bits virtual
power management:

processor	: 10
vendor_id	: GenuineIntel
cpu family	: 6
model		: 63
model name	: Intel(R) Xeon(R) CPU E5-2630 v3 @ 2.40GHz
stepping	: 2
microcode	: 0x43
cpu MHz		: 2234.179
cache size	: 20480 KB
physical id	: 1
siblings	: 16
core id		: 2
cpu cores	: 8
apicid		: 20
initial apicid	: 20
fpu		: yes
fpu_exception	: yes
cpuid level	: 15
wp		: yes
flags		: fpu vme de pse tsc msr pae mce cx8 apic sep mtrr pge mca cmov pat pse36 clflush dts acpi mmx fxsr sse sse2 ss ht tm pbe syscall nx pdpe1gb rdtscp lm constant_tsc arch_perfmon pebs bts rep_good nopl xtopology nonstop_tsc aperfmperf eagerfpu pni pclmulqdq dtes64 monitor ds_cpl vmx smx est tm2 ssse3 sdbg fma cx16 xtpr pdcm pcid dca sse4_1 sse4_2 x2apic movbe popcnt tsc_deadline_timer aes xsave avx f16c rdrand lahf_lm abm epb intel_ppin ssbd ibrs ibpb stibp tpr_shadow vnmi flexpriority ept vpid fsgsbase tsc_adjust bmi1 avx2 smep bmi2 erms invpcid cqm xsaveopt cqm_llc cqm_occup_llc dtherm ida arat pln pts md_clear spec_ctrl intel_stibp flush_l1d
bogomips	: 4794.04
clflush size	: 64
cache_alignment	: 64
address sizes	: 46 bits physical, 48 bits virtual
power management:

processor	: 11
vendor_id	: GenuineIntel
cpu family	: 6
model		: 63
model name	: Intel(R) Xeon(R) CPU E5-2630 v3 @ 2.40GHz
stepping	: 2
microcode	: 0x43
cpu MHz		: 2683.593
cache size	: 20480 KB
physical id	: 1
siblings	: 16
core id		: 3
cpu cores	: 8
apicid		: 22
initial apicid	: 22
fpu		: yes
fpu_exception	: yes
cpuid level	: 15
wp		: yes
flags		: fpu vme de pse tsc msr pae mce cx8 apic sep mtrr pge mca cmov pat pse36 clflush dts acpi mmx fxsr sse sse2 ss ht tm pbe syscall nx pdpe1gb rdtscp lm constant_tsc arch_perfmon pebs bts rep_good nopl xtopology nonstop_tsc aperfmperf eagerfpu pni pclmulqdq dtes64 monitor ds_cpl vmx smx est tm2 ssse3 sdbg fma cx16 xtpr pdcm pcid dca sse4_1 sse4_2 x2apic movbe popcnt tsc_deadline_timer aes xsave avx f16c rdrand lahf_lm abm epb intel_ppin ssbd ibrs ibpb stibp tpr_shadow vnmi flexpriority ept vpid fsgsbase tsc_adjust bmi1 avx2 smep bmi2 erms invpcid cqm xsaveopt cqm_llc cqm_occup_llc dtherm ida arat pln pts md_clear spec_ctrl intel_stibp flush_l1d
bogomips	: 4794.04
clflush size	: 64
cache_alignment	: 64
address sizes	: 46 bits physical, 48 bits virtual
power management:

processor	: 12
vendor_id	: GenuineIntel
cpu family	: 6
model		: 63
model name	: Intel(R) Xeon(R) CPU E5-2630 v3 @ 2.40GHz
stepping	: 2
microcode	: 0x43
cpu MHz		: 2144.824
cache size	: 20480 KB
physical id	: 1
siblings	: 16
core id		: 4
cpu cores	: 8
apicid		: 24
initial apicid	: 24
fpu		: yes
fpu_exception	: yes
cpuid level	: 15
wp		: yes
flags		: fpu vme de pse tsc msr pae mce cx8 apic sep mtrr pge mca cmov pat pse36 clflush dts acpi mmx fxsr sse sse2 ss ht tm pbe syscall nx pdpe1gb rdtscp lm constant_tsc arch_perfmon pebs bts rep_good nopl xtopology nonstop_tsc aperfmperf eagerfpu pni pclmulqdq dtes64 monitor ds_cpl vmx smx est tm2 ssse3 sdbg fma cx16 xtpr pdcm pcid dca sse4_1 sse4_2 x2apic movbe popcnt tsc_deadline_timer aes xsave avx f16c rdrand lahf_lm abm epb intel_ppin ssbd ibrs ibpb stibp tpr_shadow vnmi flexpriority ept vpid fsgsbase tsc_adjust bmi1 avx2 smep bmi2 erms invpcid cqm xsaveopt cqm_llc cqm_occup_llc dtherm ida arat pln pts md_clear spec_ctrl intel_stibp flush_l1d
bogomips	: 4794.04
clflush size	: 64
cache_alignment	: 64
address sizes	: 46 bits physical, 48 bits virtual
power management:

processor	: 13
vendor_id	: GenuineIntel
cpu family	: 6
model		: 63
model name	: Intel(R) Xeon(R) CPU E5-2630 v3 @ 2.40GHz
stepping	: 2
microcode	: 0x43
cpu MHz		: 2659.716
cache size	: 20480 KB
physical id	: 1
siblings	: 16
core id		: 5
cpu cores	: 8
apicid		: 26
initial apicid	: 26
fpu		: yes
fpu_exception	: yes
cpuid level	: 15
wp		: yes
flags		: fpu vme de pse tsc msr pae mce cx8 apic sep mtrr pge mca cmov pat pse36 clflush dts acpi mmx fxsr sse sse2 ss ht tm pbe syscall nx pdpe1gb rdtscp lm constant_tsc arch_perfmon pebs bts rep_good nopl xtopology nonstop_tsc aperfmperf eagerfpu pni pclmulqdq dtes64 monitor ds_cpl vmx smx est tm2 ssse3 sdbg fma cx16 xtpr pdcm pcid dca sse4_1 sse4_2 x2apic movbe popcnt tsc_deadline_timer aes xsave avx f16c rdrand lahf_lm abm epb intel_ppin ssbd ibrs ibpb stibp tpr_shadow vnmi flexpriority ept vpid fsgsbase tsc_adjust bmi1 avx2 smep bmi2 erms invpcid cqm xsaveopt cqm_llc cqm_occup_llc dtherm ida arat pln pts md_clear spec_ctrl intel_stibp flush_l1d
bogomips	: 4794.04
clflush size	: 64
cache_alignment	: 64
address sizes	: 46 bits physical, 48 bits virtual
power management:

processor	: 14
vendor_id	: GenuineIntel
cpu family	: 6
model		: 63
model name	: Intel(R) Xeon(R) CPU E5-2630 v3 @ 2.40GHz
stepping	: 2
microcode	: 0x43
cpu MHz		: 2744.238
cache size	: 20480 KB
physical id	: 1
siblings	: 16
core id		: 6
cpu cores	: 8
apicid		: 28
initial apicid	: 28
fpu		: yes
fpu_exception	: yes
cpuid level	: 15
wp		: yes
flags		: fpu vme de pse tsc msr pae mce cx8 apic sep mtrr pge mca cmov pat pse36 clflush dts acpi mmx fxsr sse sse2 ss ht tm pbe syscall nx pdpe1gb rdtscp lm constant_tsc arch_perfmon pebs bts rep_good nopl xtopology nonstop_tsc aperfmperf eagerfpu pni pclmulqdq dtes64 monitor ds_cpl vmx smx est tm2 ssse3 sdbg fma cx16 xtpr pdcm pcid dca sse4_1 sse4_2 x2apic movbe popcnt tsc_deadline_timer aes xsave avx f16c rdrand lahf_lm abm epb intel_ppin ssbd ibrs ibpb stibp tpr_shadow vnmi flexpriority ept vpid fsgsbase tsc_adjust bmi1 avx2 smep bmi2 erms invpcid cqm xsaveopt cqm_llc cqm_occup_llc dtherm ida arat pln pts md_clear spec_ctrl intel_stibp flush_l1d
bogomips	: 4794.04
clflush size	: 64
cache_alignment	: 64
address sizes	: 46 bits physical, 48 bits virtual
power management:

processor	: 15
vendor_id	: GenuineIntel
cpu family	: 6
model		: 63
model name	: Intel(R) Xeon(R) CPU E5-2630 v3 @ 2.40GHz
stepping	: 2
microcode	: 0x43
cpu MHz		: 2706.591
cache size	: 20480 KB
physical id	: 1
siblings	: 16
core id		: 7
cpu cores	: 8
apicid		: 30
initial apicid	: 30
fpu		: yes
fpu_exception	: yes
cpuid level	: 15
wp		: yes
flags		: fpu vme de pse tsc msr pae mce cx8 apic sep mtrr pge mca cmov pat pse36 clflush dts acpi mmx fxsr sse sse2 ss ht tm pbe syscall nx pdpe1gb rdtscp lm constant_tsc arch_perfmon pebs bts rep_good nopl xtopology nonstop_tsc aperfmperf eagerfpu pni pclmulqdq dtes64 monitor ds_cpl vmx smx est tm2 ssse3 sdbg fma cx16 xtpr pdcm pcid dca sse4_1 sse4_2 x2apic movbe popcnt tsc_deadline_timer aes xsave avx f16c rdrand lahf_lm abm epb intel_ppin ssbd ibrs ibpb stibp tpr_shadow vnmi flexpriority ept vpid fsgsbase tsc_adjust bmi1 avx2 smep bmi2 erms invpcid cqm xsaveopt cqm_llc cqm_occup_llc dtherm ida arat pln pts md_clear spec_ctrl intel_stibp flush_l1d
bogomips	: 4794.04
clflush size	: 64
cache_alignment	: 64
address sizes	: 46 bits physical, 48 bits virtual
power management:

processor	: 16
vendor_id	: GenuineIntel
cpu family	: 6
model		: 63
model name	: Intel(R) Xeon(R) CPU E5-2630 v3 @ 2.40GHz
stepping	: 2
microcode	: 0x43
cpu MHz		: 2601.123
cache size	: 20480 KB
physical id	: 0
siblings	: 16
core id		: 0
cpu cores	: 8
apicid		: 1
initial apicid	: 1
fpu		: yes
fpu_exception	: yes
cpuid level	: 15
wp		: yes
flags		: fpu vme de pse tsc msr pae mce cx8 apic sep mtrr pge mca cmov pat pse36 clflush dts acpi mmx fxsr sse sse2 ss ht tm pbe syscall nx pdpe1gb rdtscp lm constant_tsc arch_perfmon pebs bts rep_good nopl xtopology nonstop_tsc aperfmperf eagerfpu pni pclmulqdq dtes64 monitor ds_cpl vmx smx est tm2 ssse3 sdbg fma cx16 xtpr pdcm pcid dca sse4_1 sse4_2 x2apic movbe popcnt tsc_deadline_timer aes xsave avx f16c rdrand lahf_lm abm epb intel_ppin ssbd ibrs ibpb stibp tpr_shadow vnmi flexpriority ept vpid fsgsbase tsc_adjust bmi1 avx2 smep bmi2 erms invpcid cqm xsaveopt cqm_llc cqm_occup_llc dtherm ida arat pln pts md_clear spec_ctrl intel_stibp flush_l1d
bogomips	: 4788.52
clflush size	: 64
cache_alignment	: 64
address sizes	: 46 bits physical, 48 bits virtual
power management:

processor	: 17
vendor_id	: GenuineIntel
cpu family	: 6
model		: 63
model name	: Intel(R) Xeon(R) CPU E5-2630 v3 @ 2.40GHz
stepping	: 2
microcode	: 0x43
cpu MHz		: 2599.951
cache size	: 20480 KB
physical id	: 0
siblings	: 16
core id		: 1
cpu cores	: 8
apicid		: 3
initial apicid	: 3
fpu		: yes
fpu_exception	: yes
cpuid level	: 15
wp		: yes
flags		: fpu vme de pse tsc msr pae mce cx8 apic sep mtrr pge mca cmov pat pse36 clflush dts acpi mmx fxsr sse sse2 ss ht tm pbe syscall nx pdpe1gb rdtscp lm constant_tsc arch_perfmon pebs bts rep_good nopl xtopology nonstop_tsc aperfmperf eagerfpu pni pclmulqdq dtes64 monitor ds_cpl vmx smx est tm2 ssse3 sdbg fma cx16 xtpr pdcm pcid dca sse4_1 sse4_2 x2apic movbe popcnt tsc_deadline_timer aes xsave avx f16c rdrand lahf_lm abm epb intel_ppin ssbd ibrs ibpb stibp tpr_shadow vnmi flexpriority ept vpid fsgsbase tsc_adjust bmi1 avx2 smep bmi2 erms invpcid cqm xsaveopt cqm_llc cqm_occup_llc dtherm ida arat pln pts md_clear spec_ctrl intel_stibp flush_l1d
bogomips	: 4788.52
clflush size	: 64
cache_alignment	: 64
address sizes	: 46 bits physical, 48 bits virtual
power management:

processor	: 18
vendor_id	: GenuineIntel
cpu family	: 6
model		: 63
model name	: Intel(R) Xeon(R) CPU E5-2630 v3 @ 2.40GHz
stepping	: 2
microcode	: 0x43
cpu MHz		: 2599.951
cache size	: 20480 KB
physical id	: 0
siblings	: 16
core id		: 2
cpu cores	: 8
apicid		: 5
initial apicid	: 5
fpu		: yes
fpu_exception	: yes
cpuid level	: 15
wp		: yes
flags		: fpu vme de pse tsc msr pae mce cx8 apic sep mtrr pge mca cmov pat pse36 clflush dts acpi mmx fxsr sse sse2 ss ht tm pbe syscall nx pdpe1gb rdtscp lm constant_tsc arch_perfmon pebs bts rep_good nopl xtopology nonstop_tsc aperfmperf eagerfpu pni pclmulqdq dtes64 monitor ds_cpl vmx smx est tm2 ssse3 sdbg fma cx16 xtpr pdcm pcid dca sse4_1 sse4_2 x2apic movbe popcnt tsc_deadline_timer aes xsave avx f16c rdrand lahf_lm abm epb intel_ppin ssbd ibrs ibpb stibp tpr_shadow vnmi flexpriority ept vpid fsgsbase tsc_adjust bmi1 avx2 smep bmi2 erms invpcid cqm xsaveopt cqm_llc cqm_occup_llc dtherm ida arat pln pts md_clear spec_ctrl intel_stibp flush_l1d
bogomips	: 4788.52
clflush size	: 64
cache_alignment	: 64
address sizes	: 46 bits physical, 48 bits virtual
power management:

processor	: 19
vendor_id	: GenuineIntel
cpu family	: 6
model		: 63
model name	: Intel(R) Xeon(R) CPU E5-2630 v3 @ 2.40GHz
stepping	: 2
microcode	: 0x43
cpu MHz		: 2599.951
cache size	: 20480 KB
physical id	: 0
siblings	: 16
core id		: 3
cpu cores	: 8
apicid		: 7
initial apicid	: 7
fpu		: yes
fpu_exception	: yes
cpuid level	: 15
wp		: yes
flags		: fpu vme de pse tsc msr pae mce cx8 apic sep mtrr pge mca cmov pat pse36 clflush dts acpi mmx fxsr sse sse2 ss ht tm pbe syscall nx pdpe1gb rdtscp lm constant_tsc arch_perfmon pebs bts rep_good nopl xtopology nonstop_tsc aperfmperf eagerfpu pni pclmulqdq dtes64 monitor ds_cpl vmx smx est tm2 ssse3 sdbg fma cx16 xtpr pdcm pcid dca sse4_1 sse4_2 x2apic movbe popcnt tsc_deadline_timer aes xsave avx f16c rdrand lahf_lm abm epb intel_ppin ssbd ibrs ibpb stibp tpr_shadow vnmi flexpriority ept vpid fsgsbase tsc_adjust bmi1 avx2 smep bmi2 erms invpcid cqm xsaveopt cqm_llc cqm_occup_llc dtherm ida arat pln pts md_clear spec_ctrl intel_stibp flush_l1d
bogomips	: 4788.52
clflush size	: 64
cache_alignment	: 64
address sizes	: 46 bits physical, 48 bits virtual
power management:

processor	: 20
vendor_id	: GenuineIntel
cpu family	: 6
model		: 63
model name	: Intel(R) Xeon(R) CPU E5-2630 v3 @ 2.40GHz
stepping	: 2
microcode	: 0x43
cpu MHz		: 2602.587
cache size	: 20480 KB
physical id	: 0
siblings	: 16
core id		: 4
cpu cores	: 8
apicid		: 9
initial apicid	: 9
fpu		: yes
fpu_exception	: yes
cpuid level	: 15
wp		: yes
flags		: fpu vme de pse tsc msr pae mce cx8 apic sep mtrr pge mca cmov pat pse36 clflush dts acpi mmx fxsr sse sse2 ss ht tm pbe syscall nx pdpe1gb rdtscp lm constant_tsc arch_perfmon pebs bts rep_good nopl xtopology nonstop_tsc aperfmperf eagerfpu pni pclmulqdq dtes64 monitor ds_cpl vmx smx est tm2 ssse3 sdbg fma cx16 xtpr pdcm pcid dca sse4_1 sse4_2 x2apic movbe popcnt tsc_deadline_timer aes xsave avx f16c rdrand lahf_lm abm epb intel_ppin ssbd ibrs ibpb stibp tpr_shadow vnmi flexpriority ept vpid fsgsbase tsc_adjust bmi1 avx2 smep bmi2 erms invpcid cqm xsaveopt cqm_llc cqm_occup_llc dtherm ida arat pln pts md_clear spec_ctrl intel_stibp flush_l1d
bogomips	: 4788.52
clflush size	: 64
cache_alignment	: 64
address sizes	: 46 bits physical, 48 bits virtual
power management:

processor	: 21
vendor_id	: GenuineIntel
cpu family	: 6
model		: 63
model name	: Intel(R) Xeon(R) CPU E5-2630 v3 @ 2.40GHz
stepping	: 2
microcode	: 0x43
cpu MHz		: 2608.886
cache size	: 20480 KB
physical id	: 0
siblings	: 16
core id		: 5
cpu cores	: 8
apicid		: 11
initial apicid	: 11
fpu		: yes
fpu_exception	: yes
cpuid level	: 15
wp		: yes
flags		: fpu vme de pse tsc msr pae mce cx8 apic sep mtrr pge mca cmov pat pse36 clflush dts acpi mmx fxsr sse sse2 ss ht tm pbe syscall nx pdpe1gb rdtscp lm constant_tsc arch_perfmon pebs bts rep_good nopl xtopology nonstop_tsc aperfmperf eagerfpu pni pclmulqdq dtes64 monitor ds_cpl vmx smx est tm2 ssse3 sdbg fma cx16 xtpr pdcm pcid dca sse4_1 sse4_2 x2apic movbe popcnt tsc_deadline_timer aes xsave avx f16c rdrand lahf_lm abm epb intel_ppin ssbd ibrs ibpb stibp tpr_shadow vnmi flexpriority ept vpid fsgsbase tsc_adjust bmi1 avx2 smep bmi2 erms invpcid cqm xsaveopt cqm_llc cqm_occup_llc dtherm ida arat pln pts md_clear spec_ctrl intel_stibp flush_l1d
bogomips	: 4788.52
clflush size	: 64
cache_alignment	: 64
address sizes	: 46 bits physical, 48 bits virtual
power management:

processor	: 22
vendor_id	: GenuineIntel
cpu family	: 6
model		: 63
model name	: Intel(R) Xeon(R) CPU E5-2630 v3 @ 2.40GHz
stepping	: 2
microcode	: 0x43
cpu MHz		: 2599.365
cache size	: 20480 KB
physical id	: 0
siblings	: 16
core id		: 6
cpu cores	: 8
apicid		: 13
initial apicid	: 13
fpu		: yes
fpu_exception	: yes
cpuid level	: 15
wp		: yes
flags		: fpu vme de pse tsc msr pae mce cx8 apic sep mtrr pge mca cmov pat pse36 clflush dts acpi mmx fxsr sse sse2 ss ht tm pbe syscall nx pdpe1gb rdtscp lm constant_tsc arch_perfmon pebs bts rep_good nopl xtopology nonstop_tsc aperfmperf eagerfpu pni pclmulqdq dtes64 monitor ds_cpl vmx smx est tm2 ssse3 sdbg fma cx16 xtpr pdcm pcid dca sse4_1 sse4_2 x2apic movbe popcnt tsc_deadline_timer aes xsave avx f16c rdrand lahf_lm abm epb intel_ppin ssbd ibrs ibpb stibp tpr_shadow vnmi flexpriority ept vpid fsgsbase tsc_adjust bmi1 avx2 smep bmi2 erms invpcid cqm xsaveopt cqm_llc cqm_occup_llc dtherm ida arat pln pts md_clear spec_ctrl intel_stibp flush_l1d
bogomips	: 4788.52
clflush size	: 64
cache_alignment	: 64
address sizes	: 46 bits physical, 48 bits virtual
power management:

processor	: 23
vendor_id	: GenuineIntel
cpu family	: 6
model		: 63
model name	: Intel(R) Xeon(R) CPU E5-2630 v3 @ 2.40GHz
stepping	: 2
microcode	: 0x43
cpu MHz		: 2599.951
cache size	: 20480 KB
physical id	: 0
siblings	: 16
core id		: 7
cpu cores	: 8
apicid		: 15
initial apicid	: 15
fpu		: yes
fpu_exception	: yes
cpuid level	: 15
wp		: yes
flags		: fpu vme de pse tsc msr pae mce cx8 apic sep mtrr pge mca cmov pat pse36 clflush dts acpi mmx fxsr sse sse2 ss ht tm pbe syscall nx pdpe1gb rdtscp lm constant_tsc arch_perfmon pebs bts rep_good nopl xtopology nonstop_tsc aperfmperf eagerfpu pni pclmulqdq dtes64 monitor ds_cpl vmx smx est tm2 ssse3 sdbg fma cx16 xtpr pdcm pcid dca sse4_1 sse4_2 x2apic movbe popcnt tsc_deadline_timer aes xsave avx f16c rdrand lahf_lm abm epb intel_ppin ssbd ibrs ibpb stibp tpr_shadow vnmi flexpriority ept vpid fsgsbase tsc_adjust bmi1 avx2 smep bmi2 erms invpcid cqm xsaveopt cqm_llc cqm_occup_llc dtherm ida arat pln pts md_clear spec_ctrl intel_stibp flush_l1d
bogomips	: 4788.52
clflush size	: 64
cache_alignment	: 64
address sizes	: 46 bits physical, 48 bits virtual
power management:

processor	: 24
vendor_id	: GenuineIntel
cpu family	: 6
model		: 63
model name	: Intel(R) Xeon(R) CPU E5-2630 v3 @ 2.40GHz
stepping	: 2
microcode	: 0x43
cpu MHz		: 2664.257
cache size	: 20480 KB
physical id	: 1
siblings	: 16
core id		: 0
cpu cores	: 8
apicid		: 17
initial apicid	: 17
fpu		: yes
fpu_exception	: yes
cpuid level	: 15
wp		: yes
flags		: fpu vme de pse tsc msr pae mce cx8 apic sep mtrr pge mca cmov pat pse36 clflush dts acpi mmx fxsr sse sse2 ss ht tm pbe syscall nx pdpe1gb rdtscp lm constant_tsc arch_perfmon pebs bts rep_good nopl xtopology nonstop_tsc aperfmperf eagerfpu pni pclmulqdq dtes64 monitor ds_cpl vmx smx est tm2 ssse3 sdbg fma cx16 xtpr pdcm pcid dca sse4_1 sse4_2 x2apic movbe popcnt tsc_deadline_timer aes xsave avx f16c rdrand lahf_lm abm epb intel_ppin ssbd ibrs ibpb stibp tpr_shadow vnmi flexpriority ept vpid fsgsbase tsc_adjust bmi1 avx2 smep bmi2 erms invpcid cqm xsaveopt cqm_llc cqm_occup_llc dtherm ida arat pln pts md_clear spec_ctrl intel_stibp flush_l1d
bogomips	: 4794.04
clflush size	: 64
cache_alignment	: 64
address sizes	: 46 bits physical, 48 bits virtual
power management:

processor	: 25
vendor_id	: GenuineIntel
cpu family	: 6
model		: 63
model name	: Intel(R) Xeon(R) CPU E5-2630 v3 @ 2.40GHz
stepping	: 2
microcode	: 0x43
cpu MHz		: 2611.816
cache size	: 20480 KB
physical id	: 1
siblings	: 16
core id		: 1
cpu cores	: 8
apicid		: 19
initial apicid	: 19
fpu		: yes
fpu_exception	: yes
cpuid level	: 15
wp		: yes
flags		: fpu vme de pse tsc msr pae mce cx8 apic sep mtrr pge mca cmov pat pse36 clflush dts acpi mmx fxsr sse sse2 ss ht tm pbe syscall nx pdpe1gb rdtscp lm constant_tsc arch_perfmon pebs bts rep_good nopl xtopology nonstop_tsc aperfmperf eagerfpu pni pclmulqdq dtes64 monitor ds_cpl vmx smx est tm2 ssse3 sdbg fma cx16 xtpr pdcm pcid dca sse4_1 sse4_2 x2apic movbe popcnt tsc_deadline_timer aes xsave avx f16c rdrand lahf_lm abm epb intel_ppin ssbd ibrs ibpb stibp tpr_shadow vnmi flexpriority ept vpid fsgsbase tsc_adjust bmi1 avx2 smep bmi2 erms invpcid cqm xsaveopt cqm_llc cqm_occup_llc dtherm ida arat pln pts md_clear spec_ctrl intel_stibp flush_l1d
bogomips	: 4794.04
clflush size	: 64
cache_alignment	: 64
address sizes	: 46 bits physical, 48 bits virtual
power management:

processor	: 26
vendor_id	: GenuineIntel
cpu family	: 6
model		: 63
model name	: Intel(R) Xeon(R) CPU E5-2630 v3 @ 2.40GHz
stepping	: 2
microcode	: 0x43
cpu MHz		: 2533.447
cache size	: 20480 KB
physical id	: 1
siblings	: 16
core id		: 2
cpu cores	: 8
apicid		: 21
initial apicid	: 21
fpu		: yes
fpu_exception	: yes
cpuid level	: 15
wp		: yes
flags		: fpu vme de pse tsc msr pae mce cx8 apic sep mtrr pge mca cmov pat pse36 clflush dts acpi mmx fxsr sse sse2 ss ht tm pbe syscall nx pdpe1gb rdtscp lm constant_tsc arch_perfmon pebs bts rep_good nopl xtopology nonstop_tsc aperfmperf eagerfpu pni pclmulqdq dtes64 monitor ds_cpl vmx smx est tm2 ssse3 sdbg fma cx16 xtpr pdcm pcid dca sse4_1 sse4_2 x2apic movbe popcnt tsc_deadline_timer aes xsave avx f16c rdrand lahf_lm abm epb intel_ppin ssbd ibrs ibpb stibp tpr_shadow vnmi flexpriority ept vpid fsgsbase tsc_adjust bmi1 avx2 smep bmi2 erms invpcid cqm xsaveopt cqm_llc cqm_occup_llc dtherm ida arat pln pts md_clear spec_ctrl intel_stibp flush_l1d
bogomips	: 4794.04
clflush size	: 64
cache_alignment	: 64
address sizes	: 46 bits physical, 48 bits virtual
power management:

processor	: 27
vendor_id	: GenuineIntel
cpu family	: 6
model		: 63
model name	: Intel(R) Xeon(R) CPU E5-2630 v3 @ 2.40GHz
stepping	: 2
microcode	: 0x43
cpu MHz		: 2689.746
cache size	: 20480 KB
physical id	: 1
siblings	: 16
core id		: 3
cpu cores	: 8
apicid		: 23
initial apicid	: 23
fpu		: yes
fpu_exception	: yes
cpuid level	: 15
wp		: yes
flags		: fpu vme de pse tsc msr pae mce cx8 apic sep mtrr pge mca cmov pat pse36 clflush dts acpi mmx fxsr sse sse2 ss ht tm pbe syscall nx pdpe1gb rdtscp lm constant_tsc arch_perfmon pebs bts rep_good nopl xtopology nonstop_tsc aperfmperf eagerfpu pni pclmulqdq dtes64 monitor ds_cpl vmx smx est tm2 ssse3 sdbg fma cx16 xtpr pdcm pcid dca sse4_1 sse4_2 x2apic movbe popcnt tsc_deadline_timer aes xsave avx f16c rdrand lahf_lm abm epb intel_ppin ssbd ibrs ibpb stibp tpr_shadow vnmi flexpriority ept vpid fsgsbase tsc_adjust bmi1 avx2 smep bmi2 erms invpcid cqm xsaveopt cqm_llc cqm_occup_llc dtherm ida arat pln pts md_clear spec_ctrl intel_stibp flush_l1d
bogomips	: 4794.04
clflush size	: 64
cache_alignment	: 64
address sizes	: 46 bits physical, 48 bits virtual
power management:

processor	: 28
vendor_id	: GenuineIntel
cpu family	: 6
model		: 63
model name	: Intel(R) Xeon(R) CPU E5-2630 v3 @ 2.40GHz
stepping	: 2
microcode	: 0x43
cpu MHz		: 2297.753
cache size	: 20480 KB
physical id	: 1
siblings	: 16
core id		: 4
cpu cores	: 8
apicid		: 25
initial apicid	: 25
fpu		: yes
fpu_exception	: yes
cpuid level	: 15
wp		: yes
flags		: fpu vme de pse tsc msr pae mce cx8 apic sep mtrr pge mca cmov pat pse36 clflush dts acpi mmx fxsr sse sse2 ss ht tm pbe syscall nx pdpe1gb rdtscp lm constant_tsc arch_perfmon pebs bts rep_good nopl xtopology nonstop_tsc aperfmperf eagerfpu pni pclmulqdq dtes64 monitor ds_cpl vmx smx est tm2 ssse3 sdbg fma cx16 xtpr pdcm pcid dca sse4_1 sse4_2 x2apic movbe popcnt tsc_deadline_timer aes xsave avx f16c rdrand lahf_lm abm epb intel_ppin ssbd ibrs ibpb stibp tpr_shadow vnmi flexpriority ept vpid fsgsbase tsc_adjust bmi1 avx2 smep bmi2 erms invpcid cqm xsaveopt cqm_llc cqm_occup_llc dtherm ida arat pln pts md_clear spec_ctrl intel_stibp flush_l1d
bogomips	: 4794.04
clflush size	: 64
cache_alignment	: 64
address sizes	: 46 bits physical, 48 bits virtual
power management:

processor	: 29
vendor_id	: GenuineIntel
cpu family	: 6
model		: 63
model name	: Intel(R) Xeon(R) CPU E5-2630 v3 @ 2.40GHz
stepping	: 2
microcode	: 0x43
cpu MHz		: 2629.101
cache size	: 20480 KB
physical id	: 1
siblings	: 16
core id		: 5
cpu cores	: 8
apicid		: 27
initial apicid	: 27
fpu		: yes
fpu_exception	: yes
cpuid level	: 15
wp		: yes
flags		: fpu vme de pse tsc msr pae mce cx8 apic sep mtrr pge mca cmov pat pse36 clflush dts acpi mmx fxsr sse sse2 ss ht tm pbe syscall nx pdpe1gb rdtscp lm constant_tsc arch_perfmon pebs bts rep_good nopl xtopology nonstop_tsc aperfmperf eagerfpu pni pclmulqdq dtes64 monitor ds_cpl vmx smx est tm2 ssse3 sdbg fma cx16 xtpr pdcm pcid dca sse4_1 sse4_2 x2apic movbe popcnt tsc_deadline_timer aes xsave avx f16c rdrand lahf_lm abm epb intel_ppin ssbd ibrs ibpb stibp tpr_shadow vnmi flexpriority ept vpid fsgsbase tsc_adjust bmi1 avx2 smep bmi2 erms invpcid cqm xsaveopt cqm_llc cqm_occup_llc dtherm ida arat pln pts md_clear spec_ctrl intel_stibp flush_l1d
bogomips	: 4794.04
clflush size	: 64
cache_alignment	: 64
address sizes	: 46 bits physical, 48 bits virtual
power management:

processor	: 30
vendor_id	: GenuineIntel
cpu family	: 6
model		: 63
model name	: Intel(R) Xeon(R) CPU E5-2630 v3 @ 2.40GHz
stepping	: 2
microcode	: 0x43
cpu MHz		: 2433.251
cache size	: 20480 KB
physical id	: 1
siblings	: 16
core id		: 6
cpu cores	: 8
apicid		: 29
initial apicid	: 29
fpu		: yes
fpu_exception	: yes
cpuid level	: 15
wp		: yes
flags		: fpu vme de pse tsc msr pae mce cx8 apic sep mtrr pge mca cmov pat pse36 clflush dts acpi mmx fxsr sse sse2 ss ht tm pbe syscall nx pdpe1gb rdtscp lm constant_tsc arch_perfmon pebs bts rep_good nopl xtopology nonstop_tsc aperfmperf eagerfpu pni pclmulqdq dtes64 monitor ds_cpl vmx smx est tm2 ssse3 sdbg fma cx16 xtpr pdcm pcid dca sse4_1 sse4_2 x2apic movbe popcnt tsc_deadline_timer aes xsave avx f16c rdrand lahf_lm abm epb intel_ppin ssbd ibrs ibpb stibp tpr_shadow vnmi flexpriority ept vpid fsgsbase tsc_adjust bmi1 avx2 smep bmi2 erms invpcid cqm xsaveopt cqm_llc cqm_occup_llc dtherm ida arat pln pts md_clear spec_ctrl intel_stibp flush_l1d
bogomips	: 4794.04
clflush size	: 64
cache_alignment	: 64
address sizes	: 46 bits physical, 48 bits virtual
power management:

processor	: 31
vendor_id	: GenuineIntel
cpu family	: 6
model		: 63
model name	: Intel(R) Xeon(R) CPU E5-2630 v3 @ 2.40GHz
stepping	: 2
microcode	: 0x43
cpu MHz		: 2665.136
cache size	: 20480 KB
physical id	: 1
siblings	: 16
core id		: 7
cpu cores	: 8
apicid		: 31
initial apicid	: 31
fpu		: yes
fpu_exception	: yes
cpuid level	: 15
wp		: yes
flags		: fpu vme de pse tsc msr pae mce cx8 apic sep mtrr pge mca cmov pat pse36 clflush dts acpi mmx fxsr sse sse2 ss ht tm pbe syscall nx pdpe1gb rdtscp lm constant_tsc arch_perfmon pebs bts rep_good nopl xtopology nonstop_tsc aperfmperf eagerfpu pni pclmulqdq dtes64 monitor ds_cpl vmx smx est tm2 ssse3 sdbg fma cx16 xtpr pdcm pcid dca sse4_1 sse4_2 x2apic movbe popcnt tsc_deadline_timer aes xsave avx f16c rdrand lahf_lm abm epb intel_ppin ssbd ibrs ibpb stibp tpr_shadow vnmi flexpriority ept vpid fsgsbase tsc_adjust bmi1 avx2 smep bmi2 erms invpcid cqm xsaveopt cqm_llc cqm_occup_llc dtherm ida arat pln pts md_clear spec_ctrl intel_stibp flush_l1d
bogomips	: 4794.04
clflush size	: 64
cache_alignment	: 64
address sizes	: 46 bits physical, 48 bits virtual
power management:



Memory: 4k page, physical 263864176k(15752036k free), swap 0k(0k free)

vm_info: OpenJDK 64-Bit Server VM (25.212-b04) for linux-amd64 JRE (1.8.0_212-b04), built on Aug 12 2019 13:15:31 by "buildozer" with gcc 6.4.0

time: Wed Oct  9 05:32:26 2019
timezone: UTC
elapsed time: 8 seconds (0d 0h 0m 8s)

